#
# A fatal error has been detected by the Java Runtime Environment:
#
#  EXCEPTION_ACCESS_VIOLATION (0xc0000005) at pc=0x61019498, pid=5252, tid=5428
#
# JRE version: 7.0_05-b05
# Java VM: Java HotSpot(TM) Client VM (23.1-b03 mixed mode, sharing windows-x86 )
# Problematic frame:
# C  [XnVFeatures_1_5_2.dll+0x1f9498]  xnModuleGetOpenNIVersion+0x1bb478
#
# Failed to write core dump. Minidumps are not enabled by default on client versions of Windows
#
# If you would like to submit a bug report, please visit:
#   http://bugreport.sun.com/bugreport/crash.jsp
# The crash happened outside the Java Virtual Machine in native code.
# See problematic frame for where to report the bug.
#

---------------  T H R E A D  ---------------

Current thread (0x0600e800):  JavaThread "Thread-1" [_thread_in_native, id=5428, stack(0x0fe80000,0x0fed0000)]

siginfo: ExceptionCode=0xc0000005, reading address 0x0601e2f6

Registers:
EAX=0x0922bbd0, EBX=0x0922bbc8, ECX=0x000000c4, EDX=0x00000093
ESP=0x0feceae8, EBP=0x00007a80, ESI=0x0601e1d0, EDI=0x0600ecd0
EIP=0x61019498, EFLAGS=0x00010202

Top of Stack: (sp=0x0feceae8)
0x0feceae8:   00000000 610f07f4 7fffffff 7fffffff
0x0feceaf8:   7fffffff 0922bbd8 80000000 00000000
0x0feceb08:   0922bbe8 7fffffff 7fffffff 00000000
0x0feceb18:   00000000 00000000 80000000 610f07f4
0x0feceb28:   0573cd88 00000000 7fffffff 80000000
0x0feceb38:   80000000 80000000 610f07f4 7fffffff
0x0feceb48:   7fffffff 7fffffff 80000000 80000000
0x0feceb58:   80000000 610f07f4 7fffffff 7fffffff 

Instructions: (pc=0x61019498)
0x61019478:   f0 00 00 00 73 cc 8b ac 24 f8 00 00 00 8b 4b 04
0x61019488:   8b 13 8b 75 1c 8b 6d 28 0f af e9 8b 3e 8d 34 6f
0x61019498:   0f b7 3c 56 85 ff 75 32 8b 94 24 14 01 00 00 83
0x610194a8:   c3 08 3b 42 0c 72 9b 8b 94 24 f4 00 00 00 8b 8c 


Register to memory mapping:

EAX=0x0922bbd0 is an unknown value
EBX=0x0922bbc8 is an unknown value
ECX=0x000000c4 is an unknown value
EDX=0x00000093 is an unknown value
ESP=0x0feceae8 is pointing into the stack for thread: 0x0600e800
EBP=0x00007a80 is an unknown value
ESI=0x0601e1d0 is an unknown value
EDI=0x0600ecd0 is an unknown value


Stack: [0x0fe80000,0x0fed0000],  sp=0x0feceae8,  free space=314k
Native frames: (J=compiled Java code, j=interpreted, Vv=VM code, C=native code)
C  [XnVFeatures_1_5_2.dll+0x1f9498]  xnModuleGetOpenNIVersion+0x1bb478

[error occurred during error reporting (printing native stack), id 0xc0000005]

Java frames: (J=compiled Java code, j=interpreted, Vv=VM code)
j  org.OpenNI.NativeMethods.xnWaitAnyUpdateAll(J)I+0
j  org.OpenNI.Context.waitAnyUpdateAll()V+4
j  KinectPackage.KinectManager.run()V+12
j  java.lang.Thread.run()V+11
v  ~StubRoutines::call_stub

---------------  P R O C E S S  ---------------

Java Threads: ( => current thread )
=>0x0600e800 JavaThread "Thread-1" [_thread_in_native, id=5428, stack(0x0fe80000,0x0fed0000)]
  0x01927400 JavaThread "Service Thread" daemon [_thread_blocked, id=4952, stack(0x03b80000,0x03bd0000)]
  0x01910000 JavaThread "C1 CompilerThread0" daemon [_thread_blocked, id=1320, stack(0x03e00000,0x03e50000)]
  0x0190e400 JavaThread "Attach Listener" daemon [_thread_blocked, id=5652, stack(0x03bf0000,0x03c40000)]
  0x0190b000 JavaThread "Signal Dispatcher" daemon [_thread_blocked, id=4708, stack(0x03d80000,0x03dd0000)]
  0x018f4000 JavaThread "Finalizer" daemon [_thread_blocked, id=1220, stack(0x03d10000,0x03d60000)]
  0x018f2800 JavaThread "Reference Handler" daemon [_thread_blocked, id=4604, stack(0x03c50000,0x03ca0000)]
  0x0183b000 JavaThread "main" [_thread_in_native, id=984, stack(0x01120000,0x01170000)]

Other Threads:
  0x018f1400 VMThread [stack: 0x03a90000,0x03ae0000] [id=5176]
  0x01939c00 WatcherThread [stack: 0x03e90000,0x03ee0000] [id=1136]

VM state:not at safepoint (normal execution)

VM Mutex/Monitor currently owned by a thread: None

Heap
 def new generation   total 4928K, used 2406K [0x23980000, 0x23ed0000, 0x28ed0000)
  eden space 4416K,  54% used [0x23980000, 0x23bd9a50, 0x23dd0000)
  from space 512K,   0% used [0x23dd0000, 0x23dd0000, 0x23e50000)
  to   space 512K,   0% used [0x23e50000, 0x23e50000, 0x23ed0000)
 tenured generation   total 10944K, used 0K [0x28ed0000, 0x29980000, 0x33980000)
   the space 10944K,   0% used [0x28ed0000, 0x28ed0000, 0x28ed0200, 0x29980000)
 compacting perm gen  total 12288K, used 932K [0x33980000, 0x34580000, 0x37980000)
   the space 12288K,   7% used [0x33980000, 0x33a69370, 0x33a69400, 0x34580000)
    ro space 10240K,  42% used [0x37980000, 0x37dbe580, 0x37dbe600, 0x38380000)
    rw space 12288K,  54% used [0x38380000, 0x389ff128, 0x389ff200, 0x38f80000)

Code Cache  [0x01a00000, 0x01aa8000, 0x03a00000)
 total_blobs=196 nmethods=47 adapters=84 free_code_cache=32114Kb largest_free_block=32885504

Compilation events (10 events):
Event: 0.517 Thread 0x01910000   42             java.lang.AbstractStringBuilder::append (48 bytes)
Event: 0.517 Thread 0x01910000 nmethod 42 0x01aa2388 code [0x01aa24a0, 0x01aa25c8]
Event: 0.878 Thread 0x01910000   43             org.OpenNI.ObjectWrapper::toNative (5 bytes)
Event: 0.878 Thread 0x01910000 nmethod 43 0x01aa26c8 code [0x01aa27c0, 0x01aa2840]
Event: 0.878 Thread 0x01910000   44             KinectPackage.KinectManager::getUserGenerator (5 bytes)
Event: 0.878 Thread 0x01910000 nmethod 44 0x01aa2888 code [0x01aa2980, 0x01aa2a00]
Event: 0.878 Thread 0x01910000   45             org.OpenNI.UserGenerator::getNumberOfUsers (8 bytes)
Event: 0.878 Thread 0x01910000 nmethod 45 0x01aa2a48 code [0x01aa2b40, 0x01aa2bdc]
Event: 0.884 Thread 0x01910000    1 % !         control.DeviceManager::waitForUserIsCalibrated @ 4 (48 bytes)
Event: 0.884 Thread 0x01910000 nmethod 1% 0x01aa2ec8 code [0x01aa3010, 0x01aa324c]

GC Heap History (0 events):
No events

Deoptimization events (0 events):
No events

Internal exceptions (10 events):
Event: 0.516 Thread 0x0183b000 Threw 0x23bb8cb0 at C:\jdk7u5_32P\jdk7u5\hotspot\src\share\vm\prims\jvm.cpp:1166
Event: 0.517 Thread 0x0183b000 Threw 0x23bbce08 at C:\jdk7u5_32P\jdk7u5\hotspot\src\share\vm\prims\jvm.cpp:1166
Event: 0.517 Thread 0x0183b000 Threw 0x23bbfcc8 at C:\jdk7u5_32P\jdk7u5\hotspot\src\share\vm\prims\jvm.cpp:1166
Event: 0.517 Thread 0x0183b000 Threw 0x23bc2a28 at C:\jdk7u5_32P\jdk7u5\hotspot\src\share\vm\prims\jvm.cpp:1166
Event: 0.517 Thread 0x0183b000 Threw 0x23bc59c8 at C:\jdk7u5_32P\jdk7u5\hotspot\src\share\vm\prims\jvm.cpp:1166
Event: 0.518 Thread 0x0183b000 Threw 0x23bc8a98 at C:\jdk7u5_32P\jdk7u5\hotspot\src\share\vm\prims\jvm.cpp:1166
Event: 0.518 Thread 0x0183b000 Threw 0x23bcb7d8 at C:\jdk7u5_32P\jdk7u5\hotspot\src\share\vm\prims\jvm.cpp:1166
Event: 0.518 Thread 0x0183b000 Threw 0x23bcfc60 at C:\jdk7u5_32P\jdk7u5\hotspot\src\share\vm\prims\jvm.cpp:1166
Event: 0.518 Thread 0x0183b000 Threw 0x23bd19f8 at C:\jdk7u5_32P\jdk7u5\hotspot\src\share\vm\prims\jvm.cpp:1166
Event: 0.520 Thread 0x0183b000 Threw 0x23bd3be8 at C:\jdk7u5_32P\jdk7u5\hotspot\src\share\vm\prims\jvm.cpp:1166

Events (10 events):
Event: 0.518 loading class 0x03f6d300 done
Event: 0.518 loading class 0x03f6d350
Event: 0.518 loading class 0x03f6d350 done
Event: 0.518 loading class 0x03f76ff0
Event: 0.518 loading class 0x03f76ff0 done
Event: 0.518 loading class 0x03f76cf0
Event: 0.518 loading class 0x03f76cf0 done
Event: 0.520 loading class 0x03f77470
Event: 0.520 loading class 0x03f77470 done
Event: 0.877 Thread 0x0600e800 Thread added: 0x0600e800


Dynamic libraries:
0x011a0000 - 0x011cf000 	C:\Windows\system32\java.exe
0x77140000 - 0x7727c000 	C:\Windows\SYSTEM32\ntdll.dll
0x75780000 - 0x75854000 	C:\Windows\system32\kernel32.dll
0x75460000 - 0x754aa000 	C:\Windows\system32\KERNELBASE.dll
0x76990000 - 0x76a30000 	C:\Windows\system32\ADVAPI32.dll
0x765b0000 - 0x7665c000 	C:\Windows\system32\msvcrt.dll
0x772c0000 - 0x772d9000 	C:\Windows\SYSTEM32\sechost.dll
0x76660000 - 0x76701000 	C:\Windows\system32\RPCRT4.dll
0x76710000 - 0x767d9000 	C:\Windows\system32\USER32.dll
0x76be0000 - 0x76c2e000 	C:\Windows\system32\GDI32.dll
0x772e0000 - 0x772ea000 	C:\Windows\system32\LPK.dll
0x75610000 - 0x756ad000 	C:\Windows\system32\USP10.dll
0x74210000 - 0x743ae000 	C:\Windows\WinSxS\x86_microsoft.windows.common-controls_6595b64144ccf1df_6.0.7601.17514_none_41e6975e2bd6f2b2\COMCTL32.dll
0x75900000 - 0x75957000 	C:\Windows\system32\SHLWAPI.dll
0x772a0000 - 0x772bf000 	C:\Windows\system32\IMM32.DLL
0x756b0000 - 0x7577c000 	C:\Windows\system32\MSCTF.dll
0x64300000 - 0x643be000 	C:\Program Files\Java\jre7\bin\msvcr100.dll
0x607d0000 - 0x60b1a000 	C:\Program Files\Java\jre7\bin\client\jvm.dll
0x72240000 - 0x72247000 	C:\Windows\system32\WSOCK32.dll
0x755d0000 - 0x75605000 	C:\Windows\system32\WS2_32.dll
0x77280000 - 0x77286000 	C:\Windows\system32\NSI.dll
0x73760000 - 0x73792000 	C:\Windows\system32\WINMM.dll
0x758f0000 - 0x758f5000 	C:\Windows\system32\PSAPI.DLL
0x734b0000 - 0x734bc000 	C:\Program Files\Java\jre7\bin\verify.dll
0x73470000 - 0x73490000 	C:\Program Files\Java\jre7\bin\java.dll
0x71720000 - 0x71733000 	C:\Program Files\Java\jre7\bin\zip.dll
0x71490000 - 0x714a4000 	C:\Program Files\Java\jre7\bin\net.dll
0x74d40000 - 0x74d7c000 	C:\Windows\system32\mswsock.dll
0x74d30000 - 0x74d36000 	C:\Windows\System32\wship6.dll
0x10000000 - 0x1000c000 	C:\Windows\System32\LibusbJava.dll
0x707c0000 - 0x707d1000 	C:\Windows\system32\libusb0.dll
0x76c30000 - 0x76dcd000 	C:\Windows\system32\SETUPAPI.dll
0x75380000 - 0x753a7000 	C:\Windows\system32\CFGMGR32.dll
0x75860000 - 0x758ef000 	C:\Windows\system32\OLEAUT32.dll
0x76fe0000 - 0x7713c000 	C:\Windows\system32\ole32.dll
0x753b0000 - 0x753c2000 	C:\Windows\system32\DEVOBJ.dll
0x71440000 - 0x7145e000 	C:\Program Files\OpenNI\Bin\OpenNI.jni.dll
0x67e40000 - 0x67e90000 	C:\Program Files\OpenNI\Bin\OpenNI.dll
0x75960000 - 0x765aa000 	C:\Windows\system32\SHELL32.dll
0x6dc80000 - 0x6dc98000 	C:\Program Files\OpenNI\bin\nimRecorder.dll
0x6d060000 - 0x6d07a000 	C:\Program Files\OpenNI\bin\nimMockNodes.dll
0x64ae0000 - 0x64b29000 	C:\Program Files\OpenNI\bin\nimCodecs.dll
0x6d040000 - 0x6d060000 	C:\Program Files\PrimeSense\SensorKinect\Bin\XnDeviceFile.dll
0x734d0000 - 0x734db000 	C:\Program Files\PrimeSense\SensorKinect\Bin\XnCore.dll
0x64550000 - 0x645f3000 	C:\Windows\WinSxS\x86_microsoft.vc90.crt_1fc8b3b9a1e18e3b_9.0.30729.6161_none_50934f2ebcb7eb57\MSVCR90.dll
0x64b30000 - 0x64b68000 	C:\Program Files\PrimeSense\SensorKinect\Bin\XnDDK.dll
0x647c0000 - 0x64804000 	C:\Program Files\PrimeSense\SensorKinect\Bin\XnFormats.dll
0x64770000 - 0x647bf000 	C:\Program Files\PrimeSense\SensorKinect\Bin\XnDeviceSensorV2KM.dll
0x61ba0000 - 0x61e38000 	C:\Program Files\PrimeSense\NITE\Features_1_3_0\Bin\XnVFeatures_1_3_0.dll
0x64840000 - 0x648ce000 	C:\Windows\WinSxS\x86_microsoft.vc90.crt_1fc8b3b9a1e18e3b_9.0.30729.6161_none_50934f2ebcb7eb57\MSVCP90.dll
0x61780000 - 0x619cf000 	C:\Program Files\PrimeSense\NITE\Features_1_3_1\Bin\XnVFeatures_1_3_1.dll
0x61560000 - 0x61779000 	C:\Program Files\PrimeSense\NITE\Features_1_4_1\Bin\XnVFeatures_1_4_1.dll
0x63640000 - 0x63856000 	C:\Program Files\PrimeSense\NITE\Features_1_4_2\Bin\XnVFeatures_1_4_2.dll
0x60e20000 - 0x61127000 	C:\Program Files\PrimeSense\NITE\Features_1_5_2\Bin\XnVFeatures_1_5_2.dll
0x61480000 - 0x61557000 	C:\Program Files\PrimeSense\NITE\Hands_1_3_0\Bin\XnVHandGenerator_1_3_0.dll
0x61360000 - 0x6143c000 	C:\Program Files\PrimeSense\NITE\Hands_1_3_1\Bin\XnVHandGenerator_1_3_1.dll
0x61280000 - 0x6135d000 	C:\Program Files\PrimeSense\NITE\Hands_1_4_1\Bin\XnVHandGenerator_1_4_1.dll
0x611a0000 - 0x6127d000 	C:\Program Files\PrimeSense\NITE\Hands_1_4_2\Bin\XnVHandGenerator_1_4_2.dll
0x60d30000 - 0x60e1c000 	C:\Program Files\PrimeSense\NITE\Hands_1_5_2\Bin\XnVHandGenerator_1_5_2.dll
0x741d0000 - 0x74210000 	C:\Windows\system32\uxtheme.dll
0x6e530000 - 0x6e543000 	C:\Program Files\TeamViewer\Version7\tv_w32.dll
0x6c240000 - 0x6c267000 	C:\Windows\system32\CRTDLL.dll
0x75350000 - 0x7537d000 	C:\Windows\system32\WINTRUST.dll
0x754b0000 - 0x755ce000 	C:\Windows\system32\CRYPT32.dll
0x75340000 - 0x7534c000 	C:\Windows\system32\MSASN1.dll
0x74850000 - 0x74855000 	C:\Windows\System32\wshtcpip.dll
0x6e1b0000 - 0x6e29b000 	C:\Windows\system32\dbghelp.dll

VM Arguments:
jvm_args: -Djava 
java_command: SANDRAExecutable.jar 127.0.0.1 7540 kinectJoints gameControl
Launcher Type: SUN_STANDARD

Environment Variables:
CLASSPATH=C:\Program Files\OpenNI\Bin\org.OpenNI.jar
PATH=C:\Program Files\Intel\iCLS Client\;C:\Program Files\AMD APP\bin\x86;C:\Windows\system32;C:\Windows;C:\Windows\System32\Wbem;C:\Windows\System32\WindowsPowerShell\v1.0\;C:\Program Files\ATI Technologies\ATI.ACE\Core-Static;C:\Users\norut\AppData\Roaming\npm;C:\Program Files\nodejs\;C:\Program Files\Intel\Intel(R) Management Engine Components\DAL;C:\Program Files\Intel\Intel(R) Management Engine Components\IPT;C:\Program Files\OpenNI\Bin;C:\Program Files\PrimeSense\NITE\bin;
USERNAME=norut
OS=Windows_NT
PROCESSOR_IDENTIFIER=x86 Family 6 Model 58 Stepping 9, GenuineIntel



---------------  S Y S T E M  ---------------

OS: Windows 7 Build 7601 Service Pack 1

CPU:total 4 (4 cores per cpu, 1 threads per core) family 6 model 58 stepping 9, cmov, cx8, fxsr, mmx, sse, sse2, sse3, ssse3, sse4.1, sse4.2, popcnt, avx, tsc, tscinvbit, tscinv

Memory: 4k page, physical 3638896k(1453040k free), swap 7276036k(4564160k free)

vm_info: Java HotSpot(TM) Client VM (23.1-b03) for windows-x86 JRE (1.7.0_05-b05), built on May 15 2012 18:11:27 by "java_re" with unknown MS VC++:1600

time: Thu Aug 30 12:57:49 2012
elapsed time: 0 seconds

