#
# A fatal error has been detected by the Java Runtime Environment:
#
#  EXCEPTION_ACCESS_VIOLATION (0xc0000005) at pc=0x019d7000, pid=1488, tid=5292
#
# JRE version: 7.0_05-b05
# Java VM: Java HotSpot(TM) Client VM (23.1-b03 mixed mode, sharing windows-x86 )
# Problematic frame:
# C  0x019d7000
#
# Failed to write core dump. Minidumps are not enabled by default on client versions of Windows
#
# If you would like to submit a bug report, please visit:
#   http://bugreport.sun.com/bugreport/crash.jsp
# The crash happened outside the Java Virtual Machine in native code.
# See problematic frame for where to report the bug.
#

---------------  T H R E A D  ---------------

Current thread (0x01a8c800):  JavaThread "Thread-1" [_thread_in_native, id=5292, stack(0x0fe60000,0x0feb0000)]

siginfo: ExceptionCode=0xc0000005, ExceptionInformation=0x00000008 0x019d7000

Registers:
EAX=0x018ab528, EBX=0x33a4eae8, ECX=0x01a72720, EDX=0x019d7000
ESP=0x0feaeeac, EBP=0x0feaef04, ESI=0x05d3e210, EDI=0x01a8c800
EIP=0x019d7000, EFLAGS=0x00010206

Top of Stack: (sp=0x0feaeeac)
0x0feaeeac:   6d9d6c95 018ab528 01a72720 33a4eae8
0x0feaeebc:   01aca707 01a8c928 0feaef0c 05d15a00
0x0feaeecc:   00000000 05d3e210 00000000 0feaef28
0x0feaeedc:   01a9df84 01a9df84 0feaeee4 00000000
0x0feaeeec:   0feaef20 33a528e0 00000000 33a4eae8
0x0feaeefc:   00000000 0feaef14 0feaef44 01ac32c7
0x0feaef0c:   28ed03d8 01ac8989 05d3e210 00000000
0x0feaef1c:   05d15a00 00000000 0feaef24 33a597f8 

Instructions: (pc=0x019d7000)
0x019d6fe0:   00 00 00 00 00 00 00 00 00 00 00 00 00 00 00 00
0x019d6ff0:   00 00 00 00 00 00 00 00 00 00 00 00 00 00 00 00
0x019d7000:   c0 b5 8a 01 02 00 02 00 70 94 4a 15 48 00 9c 01
0x019d7010:   57 07 00 00 00 00 00 00 00 00 00 00 00 00 00 00 


Register to memory mapping:

EAX=0x018ab528 is an unknown value
EBX=0x33a4eae8 is an oop
{method} 
 - klass: {other class}
ECX=0x01a72720 is a global jni handle
EDX=0x019d7000 is an unknown value
ESP=0x0feaeeac is pointing into the stack for thread: 0x01a8c800
EBP=0x0feaef04 is pointing into the stack for thread: 0x01a8c800
ESI=0x05d3e210 is an unknown value
EDI=0x01a8c800 is a thread


Stack: [0x0fe60000,0x0feb0000],  sp=0x0feaeeac,  free space=315k
Native frames: (J=compiled Java code, j=interpreted, Vv=VM code, C=native code)
C  0x019d7000
j  org.OpenNI.UserGenerator$2.unregisterNative(J)V+8
j  org.OpenNI.Observable.deleteObserver(Lorg/OpenNI/IObserver;)V+24
j  KinectPackage.SkeletonManager.reset()V+27
j  KinectPackage.SkeletonManager.access$8(LKinectPackage/SkeletonManager;)V+1
j  KinectPackage.SkeletonManager$LostUserObserver.update(Lorg/OpenNI/IObservable;Lorg/OpenNI/UserEventArgs;)V+183
j  KinectPackage.SkeletonManager$LostUserObserver.update(Lorg/OpenNI/IObservable;Ljava/lang/Object;)V+9
j  org.OpenNI.Observable.notify(Ljava/lang/Object;)V+30
j  org.OpenNI.UserGenerator$2.callback(I)V+9
v  ~StubRoutines::call_stub
V  [jvm.dll+0x12964a]
V  [jvm.dll+0x1d851e]
V  [jvm.dll+0x1296cd]
V  [jvm.dll+0xae4da]
V  [jvm.dll+0xb1d93]
C  [OpenNI.jni.dll+0x10ea]  JNI_OnUnload+0x6a
C  [XnVFeatures_1_5_2.dll+0x959a8]  xnModuleGetOpenNIVersion+0x57988
C  [XnVFeatures_1_5_2.dll+0x7b5d8]  xnModuleGetOpenNIVersion+0x3d5b8
C  [XnVFeatures_1_5_2.dll+0xb1538]  xnModuleGetOpenNIVersion+0x73518
C  [XnVFeatures_1_5_2.dll+0x95266]  xnModuleGetOpenNIVersion+0x57246
C  [OpenNI.jni.dll+0x2eab]  Java_org_OpenNI_NativeMethods_xnWaitAnyUpdateAll+0xb
J  org.OpenNI.Context.waitAnyUpdateAll()V
j  java.lang.Thread.run()V+11
v  ~StubRoutines::call_stub
V  [jvm.dll+0x12964a]
V  [jvm.dll+0x1d851e]
V  [jvm.dll+0x129833]
V  [jvm.dll+0x129897]
V  [jvm.dll+0xd24af]
V  [jvm.dll+0x149977]
V  [jvm.dll+0x149ae0]
V  [jvm.dll+0x17e049]
C  [msvcr100.dll+0x5c6de]  endthreadex+0x3a
C  [msvcr100.dll+0x5c788]  endthreadex+0xe4
C  [kernel32.dll+0x4ed6c]  BaseThreadInitThunk+0x12
C  [ntdll.dll+0x6377b]  RtlInitializeExceptionChain+0xef
C  [ntdll.dll+0x6374e]  RtlInitializeExceptionChain+0xc2

Java frames: (J=compiled Java code, j=interpreted, Vv=VM code)
j  org.OpenNI.NativeMethods.xnUnregisterUserCallbacks(JJ)V+0
j  org.OpenNI.UserGenerator$2.unregisterNative(J)V+8
j  org.OpenNI.Observable.deleteObserver(Lorg/OpenNI/IObserver;)V+24
j  KinectPackage.SkeletonManager.reset()V+27
j  KinectPackage.SkeletonManager.access$8(LKinectPackage/SkeletonManager;)V+1
j  KinectPackage.SkeletonManager$LostUserObserver.update(Lorg/OpenNI/IObservable;Lorg/OpenNI/UserEventArgs;)V+183
j  KinectPackage.SkeletonManager$LostUserObserver.update(Lorg/OpenNI/IObservable;Ljava/lang/Object;)V+9
j  org.OpenNI.Observable.notify(Ljava/lang/Object;)V+30
j  org.OpenNI.UserGenerator$2.callback(I)V+9
v  ~StubRoutines::call_stub
J  org.OpenNI.NativeMethods.xnWaitAnyUpdateAll(J)I
J  org.OpenNI.Context.waitAnyUpdateAll()V
j  KinectPackage.KinectManager.run()V+12
j  java.lang.Thread.run()V+11
v  ~StubRoutines::call_stub

---------------  P R O C E S S  ---------------

Java Threads: ( => current thread )
  0x01a8f400 JavaThread "DestroyJavaVM" [_thread_blocked, id=2524, stack(0x00460000,0x004b0000)]
  0x01a8f000 JavaThread "Thread-20" [_thread_in_Java, id=4580, stack(0x18ee0000,0x18f30000)]
  0x01a8e800 JavaThread "Thread-6" [_thread_in_Java, id=1804, stack(0x199f0000,0x19a40000)]
  0x01a8e000 JavaThread "Thread-5" [_thread_in_native, id=1408, stack(0x18fc0000,0x19010000)]
  0x01a8dc00 JavaThread "AWT-Windows" daemon [_thread_in_native, id=2968, stack(0x19820000,0x19870000)]
  0x01a8d000 JavaThread "Java2D Disposer" daemon [_thread_blocked, id=4260, stack(0x18f40000,0x18f90000)]
=>0x01a8c800 JavaThread "Thread-1" [_thread_in_native, id=5292, stack(0x0fe60000,0x0feb0000)]
  0x01a8c400 JavaThread "Service Thread" daemon [_thread_blocked, id=5812, stack(0x03e00000,0x03e50000)]
  0x01a97400 JavaThread "C1 CompilerThread0" daemon [_thread_blocked, id=4140, stack(0x03c40000,0x03c90000)]
  0x01a8bc00 JavaThread "Attach Listener" daemon [_thread_blocked, id=1496, stack(0x03ac0000,0x03b10000)]
  0x01a8b400 JavaThread "Signal Dispatcher" daemon [_thread_blocked, id=2568, stack(0x01930000,0x01980000)]
  0x01a74400 JavaThread "Finalizer" daemon [_thread_blocked, id=2356, stack(0x018d0000,0x01920000)]
  0x01a72800 JavaThread "Reference Handler" daemon [_thread_blocked, id=2216, stack(0x03ba0000,0x03bf0000)]

Other Threads:
  0x01a71400 VMThread [stack: 0x03b50000,0x03ba0000] [id=4512]
  0x01aaf000 WatcherThread [stack: 0x03bf0000,0x03c40000] [id=1556]

VM state:not at safepoint (normal execution)

VM Mutex/Monitor currently owned by a thread: None

Heap
 def new generation   total 78656K, used 60951K [0x23980000, 0x28ed0000, 0x28ed0000)
  eden space 69952K,  87% used [0x23980000, 0x27504b28, 0x27dd0000)
  from space 8704K,   0% used [0x27dd0000, 0x27dd1398, 0x28650000)
  to   space 8704K,   0% used [0x28650000, 0x28650000, 0x28ed0000)
 tenured generation   total 174784K, used 41335K [0x28ed0000, 0x33980000, 0x33980000)
   the space 174784K,  23% used [0x28ed0000, 0x2b72dd80, 0x2b72de00, 0x33980000)
 compacting perm gen  total 12288K, used 2916K [0x33980000, 0x34580000, 0x37980000)
   the space 12288K,  23% used [0x33980000, 0x33c59340, 0x33c59400, 0x34580000)
    ro space 10240K,  42% used [0x37980000, 0x37dbe580, 0x37dbe600, 0x38380000)
    rw space 12288K,  54% used [0x38380000, 0x389ff128, 0x389ff200, 0x38f80000)

Code Cache  [0x01ac0000, 0x01c80000, 0x03ac0000)
 total_blobs=1105 nmethods=823 adapters=217 free_code_cache=30980Kb largest_free_block=31723904

Compilation events (10 events):
Event: 57.590 Thread 0x01a97400  813             KinectPackage.KinectDataEvent::setUserId (6 bytes)
Event: 57.590 Thread 0x01a97400 nmethod 813 0x01c7e2c8 code [0x01c7e3c0, 0x01c7e440]
Event: 57.590 Thread 0x01a97400  814             KinectPackage.KinectDataEvent::setKinectData (6 bytes)
Event: 57.590 Thread 0x01a97400 nmethod 814 0x01c7e488 code [0x01c7e580, 0x01c7e610]
Event: 59.190 Thread 0x01a97400  815  s          sun.misc.FloatingDecimal$1::initialValue (5 bytes)
Event: 59.191 Thread 0x01a97400 nmethod 815 0x01c7e648 code [0x01c7e740, 0x01c7e980]
Event: 67.097 Thread 0x01a97400  816             java.lang.ThreadLocal::initialValue (2 bytes)
Event: 67.097 Thread 0x01a97400 nmethod 816 0x01c7ea08 code [0x01c7eb00, 0x01c7eb80]
Event: 67.110 Thread 0x01a97400  817             java.lang.ThreadLocal::createMap (14 bytes)
Event: 67.110 Thread 0x01a97400 nmethod 817 0x01c7ebc8 code [0x01c7ecd0, 0x01c7edcc]

GC Heap History (10 events):
Event: 93.618 GC heap before
{Heap before GC invocations=370 (full 16):
 def new generation   total 78656K, used 69957K [0x23980000, 0x28ed0000, 0x28ed0000)
  eden space 69952K, 100% used [0x23980000, 0x27dd0000, 0x27dd0000)
  from space 8704K,   0% used [0x27dd0000, 0x27dd16d8, 0x28650000)
  to   space 8704K,   0% used [0x28650000, 0x28650000, 0x28ed0000)
 tenured generation   total 174784K, used 41335K [0x28ed0000, 0x33980000, 0x33980000)
   the space 174784K,  23% used [0x28ed0000, 0x2b72dd80, 0x2b72de00, 0x33980000)
 compacting perm gen  total 12288K, used 2914K [0x33980000, 0x34580000, 0x37980000)
   the space 12288K,  23% used [0x33980000, 0x33c58a10, 0x33c58c00, 0x34580000)
    ro space 10240K,  42% used [0x37980000, 0x37dbe580, 0x37dbe600, 0x38380000)
    rw space 12288K,  54% used [0x38380000, 0x389ff128, 0x389ff200, 0x38f80000)
Event: 93.619 GC heap after
Heap after GC invocations=371 (full 16):
 def new generation   total 78656K, used 3K [0x23980000, 0x28ed0000, 0x28ed0000)
  eden space 69952K,   0% used [0x23980000, 0x23980000, 0x27dd0000)
  from space 8704K,   0% used [0x28650000, 0x28650c88, 0x28ed0000)
  to   space 8704K,   0% used [0x27dd0000, 0x27dd0000, 0x28650000)
 tenured generation   total 174784K, used 41335K [0x28ed0000, 0x33980000, 0x33980000)
   the space 174784K,  23% used [0x28ed0000, 0x2b72dd80, 0x2b72de00, 0x33980000)
 compacting perm gen  total 12288K, used 2914K [0x33980000, 0x34580000, 0x37980000)
   the space 12288K,  23% used [0x33980000, 0x33c58a10, 0x33c58c00, 0x34580000)
    ro space 10240K,  42% used [0x37980000, 0x37dbe580, 0x37dbe600, 0x38380000)
    rw space 12288K,  54% used [0x38380000, 0x389ff128, 0x389ff200, 0x38f80000)
}
Event: 93.647 GC heap before
{Heap before GC invocations=371 (full 16):
 def new generation   total 78656K, used 69955K [0x23980000, 0x28ed0000, 0x28ed0000)
  eden space 69952K, 100% used [0x23980000, 0x27dd0000, 0x27dd0000)
  from space 8704K,   0% used [0x28650000, 0x28650c88, 0x28ed0000)
  to   space 8704K,   0% used [0x27dd0000, 0x27dd0000, 0x28650000)
 tenured generation   total 174784K, used 41335K [0x28ed0000, 0x33980000, 0x33980000)
   the space 174784K,  23% used [0x28ed0000, 0x2b72dd80, 0x2b72de00, 0x33980000)
 compacting perm gen  total 12288K, used 2914K [0x33980000, 0x34580000, 0x37980000)
   the space 12288K,  23% used [0x33980000, 0x33c58a10, 0x33c58c00, 0x34580000)
    ro space 10240K,  42% used [0x37980000, 0x37dbe580, 0x37dbe600, 0x38380000)
    rw space 12288K,  54% used [0x38380000, 0x389ff128, 0x389ff200, 0x38f80000)
Event: 93.647 GC heap after
Heap after GC invocations=372 (full 16):
 def new generation   total 78656K, used 1K [0x23980000, 0x28ed0000, 0x28ed0000)
  eden space 69952K,   0% used [0x23980000, 0x23980000, 0x27dd0000)
  from space 8704K,   0% used [0x27dd0000, 0x27dd04b0, 0x28650000)
  to   space 8704K,   0% used [0x28650000, 0x28650000, 0x28ed0000)
 tenured generation   total 174784K, used 41335K [0x28ed0000, 0x33980000, 0x33980000)
   the space 174784K,  23% used [0x28ed0000, 0x2b72dd80, 0x2b72de00, 0x33980000)
 compacting perm gen  total 12288K, used 2914K [0x33980000, 0x34580000, 0x37980000)
   the space 12288K,  23% used [0x33980000, 0x33c58a10, 0x33c58c00, 0x34580000)
    ro space 10240K,  42% used [0x37980000, 0x37dbe580, 0x37dbe600, 0x38380000)
    rw space 12288K,  54% used [0x38380000, 0x389ff128, 0x389ff200, 0x38f80000)
}
Event: 93.676 GC heap before
{Heap before GC invocations=372 (full 16):
 def new generation   total 78656K, used 69953K [0x23980000, 0x28ed0000, 0x28ed0000)
  eden space 69952K, 100% used [0x23980000, 0x27dd0000, 0x27dd0000)
  from space 8704K,   0% used [0x27dd0000, 0x27dd04b0, 0x28650000)
  to   space 8704K,   0% used [0x28650000, 0x28650000, 0x28ed0000)
 tenured generation   total 174784K, used 41335K [0x28ed0000, 0x33980000, 0x33980000)
   the space 174784K,  23% used [0x28ed0000, 0x2b72dd80, 0x2b72de00, 0x33980000)
 compacting perm gen  total 12288K, used 2914K [0x33980000, 0x34580000, 0x37980000)
   the space 12288K,  23% used [0x33980000, 0x33c58a10, 0x33c58c00, 0x34580000)
    ro space 10240K,  42% used [0x37980000, 0x37dbe580, 0x37dbe600, 0x38380000)
    rw space 12288K,  54% used [0x38380000, 0x389ff128, 0x389ff200, 0x38f80000)
Event: 93.676 GC heap after
Heap after GC invocations=373 (full 16):
 def new generation   total 78656K, used 0K [0x23980000, 0x28ed0000, 0x28ed0000)
  eden space 69952K,   0% used [0x23980000, 0x23980000, 0x27dd0000)
  from space 8704K,   0% used [0x28650000, 0x28650318, 0x28ed0000)
  to   space 8704K,   0% used [0x27dd0000, 0x27dd0000, 0x28650000)
 tenured generation   total 174784K, used 41335K [0x28ed0000, 0x33980000, 0x33980000)
   the space 174784K,  23% used [0x28ed0000, 0x2b72dd80, 0x2b72de00, 0x33980000)
 compacting perm gen  total 12288K, used 2914K [0x33980000, 0x34580000, 0x37980000)
   the space 12288K,  23% used [0x33980000, 0x33c58a10, 0x33c58c00, 0x34580000)
    ro space 10240K,  42% used [0x37980000, 0x37dbe580, 0x37dbe600, 0x38380000)
    rw space 12288K,  54% used [0x38380000, 0x389ff128, 0x389ff200, 0x38f80000)
}
Event: 93.703 GC heap before
{Heap before GC invocations=373 (full 16):
 def new generation   total 78656K, used 69952K [0x23980000, 0x28ed0000, 0x28ed0000)
  eden space 69952K, 100% used [0x23980000, 0x27dd0000, 0x27dd0000)
  from space 8704K,   0% used [0x28650000, 0x28650318, 0x28ed0000)
  to   space 8704K,   0% used [0x27dd0000, 0x27dd0000, 0x28650000)
 tenured generation   total 174784K, used 41335K [0x28ed0000, 0x33980000, 0x33980000)
   the space 174784K,  23% used [0x28ed0000, 0x2b72dd80, 0x2b72de00, 0x33980000)
 compacting perm gen  total 12288K, used 2914K [0x33980000, 0x34580000, 0x37980000)
   the space 12288K,  23% used [0x33980000, 0x33c58a10, 0x33c58c00, 0x34580000)
    ro space 10240K,  42% used [0x37980000, 0x37dbe580, 0x37dbe600, 0x38380000)
    rw space 12288K,  54% used [0x38380000, 0x389ff128, 0x389ff200, 0x38f80000)
Event: 93.704 GC heap after
Heap after GC invocations=374 (full 16):
 def new generation   total 78656K, used 1K [0x23980000, 0x28ed0000, 0x28ed0000)
  eden space 69952K,   0% used [0x23980000, 0x23980000, 0x27dd0000)
  from space 8704K,   0% used [0x27dd0000, 0x27dd0408, 0x28650000)
  to   space 8704K,   0% used [0x28650000, 0x28650000, 0x28ed0000)
 tenured generation   total 174784K, used 41335K [0x28ed0000, 0x33980000, 0x33980000)
   the space 174784K,  23% used [0x28ed0000, 0x2b72dd80, 0x2b72de00, 0x33980000)
 compacting perm gen  total 12288K, used 2914K [0x33980000, 0x34580000, 0x37980000)
   the space 12288K,  23% used [0x33980000, 0x33c58a10, 0x33c58c00, 0x34580000)
    ro space 10240K,  42% used [0x37980000, 0x37dbe580, 0x37dbe600, 0x38380000)
    rw space 12288K,  54% used [0x38380000, 0x389ff128, 0x389ff200, 0x38f80000)
}
Event: 93.730 GC heap before
{Heap before GC invocations=374 (full 16):
 def new generation   total 78656K, used 69953K [0x23980000, 0x28ed0000, 0x28ed0000)
  eden space 69952K, 100% used [0x23980000, 0x27dd0000, 0x27dd0000)
  from space 8704K,   0% used [0x27dd0000, 0x27dd0408, 0x28650000)
  to   space 8704K,   0% used [0x28650000, 0x28650000, 0x28ed0000)
 tenured generation   total 174784K, used 41335K [0x28ed0000, 0x33980000, 0x33980000)
   the space 174784K,  23% used [0x28ed0000, 0x2b72dd80, 0x2b72de00, 0x33980000)
 compacting perm gen  total 12288K, used 2914K [0x33980000, 0x34580000, 0x37980000)
   the space 12288K,  23% used [0x33980000, 0x33c58a10, 0x33c58c00, 0x34580000)
    ro space 10240K,  42% used [0x37980000, 0x37dbe580, 0x37dbe600, 0x38380000)
    rw space 12288K,  54% used [0x38380000, 0x389ff128, 0x389ff200, 0x38f80000)
Event: 93.730 GC heap after
Heap after GC invocations=375 (full 16):
 def new generation   total 78656K, used 0K [0x23980000, 0x28ed0000, 0x28ed0000)
  eden space 69952K,   0% used [0x23980000, 0x23980000, 0x27dd0000)
  from space 8704K,   0% used [0x28650000, 0x28650228, 0x28ed0000)
  to   space 8704K,   0% used [0x27dd0000, 0x27dd0000, 0x28650000)
 tenured generation   total 174784K, used 41335K [0x28ed0000, 0x33980000, 0x33980000)
   the space 174784K,  23% used [0x28ed0000, 0x2b72dd80, 0x2b72de00, 0x33980000)
 compacting perm gen  total 12288K, used 2914K [0x33980000, 0x34580000, 0x37980000)
   the space 12288K,  23% used [0x33980000, 0x33c58a10, 0x33c58c00, 0x34580000)
    ro space 10240K,  42% used [0x37980000, 0x37dbe580, 0x37dbe600, 0x38380000)
    rw space 12288K,  54% used [0x38380000, 0x389ff128, 0x389ff200, 0x38f80000)
}

Deoptimization events (0 events):
No events

Internal exceptions (10 events):
Event: 27.075 Thread 0x01a8f000 Threw 0x250ae240 at C:\jdk7u5_32P\jdk7u5\hotspot\src\share\vm\prims\jvm.cpp:1166
Event: 27.075 Thread 0x01a8f000 Threw 0x250afd60 at C:\jdk7u5_32P\jdk7u5\hotspot\src\share\vm\prims\jvm.cpp:1166
Event: 27.075 Thread 0x01a8f000 Threw 0x250b16e0 at C:\jdk7u5_32P\jdk7u5\hotspot\src\share\vm\prims\jvm.cpp:1166
Event: 27.075 Thread 0x01a8f000 Threw 0x250b3230 at C:\jdk7u5_32P\jdk7u5\hotspot\src\share\vm\prims\jvm.cpp:1166
Event: 27.076 Thread 0x01a8f000 Threw 0x250b4ff8 at C:\jdk7u5_32P\jdk7u5\hotspot\src\share\vm\prims\jvm.cpp:1166
Event: 27.076 Thread 0x01a8f000 Threw 0x250b6a98 at C:\jdk7u5_32P\jdk7u5\hotspot\src\share\vm\prims\jvm.cpp:1166
Event: 27.076 Thread 0x01a8f000 Threw 0x250b8578 at C:\jdk7u5_32P\jdk7u5\hotspot\src\share\vm\prims\jvm.cpp:1166
Event: 27.076 Thread 0x01a8f000 Threw 0x250ba120 at C:\jdk7u5_32P\jdk7u5\hotspot\src\share\vm\prims\jvm.cpp:1166
Event: 93.756 Thread 0x01a8c800 Threw 0x26bdc2a0 at C:\jdk7u5_32P\jdk7u5\hotspot\src\share\vm\prims\jvm.cpp:1166
Event: 93.757 Thread 0x01a8c800 Threw 0x276d4520 at C:\jdk7u5_32P\jdk7u5\hotspot\src\share\vm\prims\jvm.cpp:1166

Events (10 events):
Event: 93.758 Thread 0x03e55c00 Thread exited: 0x03e55c00
Event: 93.758 Thread 0x1508dc00 Thread added: 0x1508dc00
Event: 93.758 Thread 0x1508e400 Thread exited: 0x1508e400
Event: 93.758 Thread 0x15051800 Thread exited: 0x15051800
Event: 93.758 Thread 0x03e54800 Thread exited: 0x03e54800
Event: 93.758 Thread 0x05fe8400 Thread exited: 0x05fe8400
Event: 93.758 Thread 0x1535c400 Thread added: 0x1535c400
Event: 93.758 Thread 0x1508dc00 Thread exited: 0x1508dc00
Event: 93.758 Thread 0x15056c00 Thread exited: 0x15056c00
Event: 93.758 Thread 0x1508e800 Thread exited: 0x1508e800


Dynamic libraries:
0x00360000 - 0x0038f000 	C:\Windows\system32\java.exe
0x776e0000 - 0x7781c000 	C:\Windows\SYSTEM32\ntdll.dll
0x77100000 - 0x771d4000 	C:\Windows\system32\kernel32.dll
0x758f0000 - 0x7593a000 	C:\Windows\system32\KERNELBASE.dll
0x77640000 - 0x776e0000 	C:\Windows\system32\ADVAPI32.dll
0x76eb0000 - 0x76f5c000 	C:\Windows\system32\msvcrt.dll
0x76e90000 - 0x76ea9000 	C:\Windows\SYSTEM32\sechost.dll
0x76d80000 - 0x76e21000 	C:\Windows\system32\RPCRT4.dll
0x76cb0000 - 0x76d79000 	C:\Windows\system32\USER32.dll
0x778c0000 - 0x7790e000 	C:\Windows\system32\GDI32.dll
0x778b0000 - 0x778ba000 	C:\Windows\system32\LPK.dll
0x775a0000 - 0x7763d000 	C:\Windows\system32\USP10.dll
0x744e0000 - 0x7467e000 	C:\Windows\WinSxS\x86_microsoft.windows.common-controls_6595b64144ccf1df_6.0.7601.17514_none_41e6975e2bd6f2b2\COMCTL32.dll
0x77850000 - 0x778a7000 	C:\Windows\system32\SHLWAPI.dll
0x77580000 - 0x7759f000 	C:\Windows\system32\IMM32.DLL
0x774b0000 - 0x7757c000 	C:\Windows\system32\MSCTF.dll
0x62b60000 - 0x62c1e000 	C:\Program Files\Java\jre7\bin\msvcr100.dll
0x5d6d0000 - 0x5da1a000 	C:\Program Files\Java\jre7\bin\client\jvm.dll
0x6b1a0000 - 0x6b1a7000 	C:\Windows\system32\WSOCK32.dll
0x75cd0000 - 0x75d05000 	C:\Windows\system32\WS2_32.dll
0x75fc0000 - 0x75fc6000 	C:\Windows\system32\NSI.dll
0x73d00000 - 0x73d32000 	C:\Windows\system32\WINMM.dll
0x75ed0000 - 0x75ed5000 	C:\Windows\system32\PSAPI.DLL
0x70eb0000 - 0x70ebc000 	C:\Program Files\Java\jre7\bin\verify.dll
0x70b00000 - 0x70b20000 	C:\Program Files\Java\jre7\bin\java.dll
0x70ae0000 - 0x70af3000 	C:\Program Files\Java\jre7\bin\zip.dll
0x6ecd0000 - 0x6ece4000 	C:\Program Files\Java\jre7\bin\net.dll
0x752e0000 - 0x7531c000 	C:\Windows\system32\mswsock.dll
0x752d0000 - 0x752d6000 	C:\Windows\System32\wship6.dll
0x10000000 - 0x1000c000 	C:\Windows\System32\LibusbJava.dll
0x6ec00000 - 0x6ec11000 	C:\Windows\system32\libusb0.dll
0x76f60000 - 0x770fd000 	C:\Windows\system32\SETUPAPI.dll
0x75970000 - 0x75997000 	C:\Windows\system32\CFGMGR32.dll
0x76c20000 - 0x76caf000 	C:\Windows\system32\OLEAUT32.dll
0x75b70000 - 0x75ccc000 	C:\Windows\system32\ole32.dll
0x759a0000 - 0x759b2000 	C:\Windows\system32\DEVOBJ.dll
0x6d9d0000 - 0x6d9ee000 	C:\Program Files\OpenNI\Bin\OpenNI.jni.dll
0x624b0000 - 0x62500000 	C:\Program Files\OpenNI\Bin\OpenNI.dll
0x75fd0000 - 0x76c1a000 	C:\Windows\system32\SHELL32.dll
0x6d9b0000 - 0x6d9c8000 	C:\Program Files\OpenNI\bin\nimRecorder.dll
0x67b20000 - 0x67b3a000 	C:\Program Files\OpenNI\bin\nimMockNodes.dll
0x61ff0000 - 0x62039000 	C:\Program Files\OpenNI\bin\nimCodecs.dll
0x62490000 - 0x624b0000 	C:\Program Files\PrimeSense\SensorKinect\Bin\XnDeviceFile.dll
0x740a0000 - 0x740ab000 	C:\Program Files\PrimeSense\SensorKinect\Bin\XnCore.dll
0x5e0b0000 - 0x5e153000 	C:\Windows\WinSxS\x86_microsoft.vc90.crt_1fc8b3b9a1e18e3b_9.0.30729.6161_none_50934f2ebcb7eb57\MSVCR90.dll
0x61fb0000 - 0x61fe8000 	C:\Program Files\PrimeSense\SensorKinect\Bin\XnDDK.dll
0x5e060000 - 0x5e0a4000 	C:\Program Files\PrimeSense\SensorKinect\Bin\XnFormats.dll
0x5e010000 - 0x5e05f000 	C:\Program Files\PrimeSense\SensorKinect\Bin\XnDeviceSensorV2KM.dll
0x5dd70000 - 0x5e008000 	C:\Program Files\PrimeSense\NITE\Features_1_3_0\Bin\XnVFeatures_1_3_0.dll
0x5dce0000 - 0x5dd6e000 	C:\Windows\WinSxS\x86_microsoft.vc90.crt_1fc8b3b9a1e18e3b_9.0.30729.6161_none_50934f2ebcb7eb57\MSVCP90.dll
0x5c4a0000 - 0x5c6ef000 	C:\Program Files\PrimeSense\NITE\Features_1_3_1\Bin\XnVFeatures_1_3_1.dll
0x5c280000 - 0x5c499000 	C:\Program Files\PrimeSense\NITE\Features_1_4_1\Bin\XnVFeatures_1_4_1.dll
0x5c060000 - 0x5c276000 	C:\Program Files\PrimeSense\NITE\Features_1_4_2\Bin\XnVFeatures_1_4_2.dll
0x5bd50000 - 0x5c057000 	C:\Program Files\PrimeSense\NITE\Features_1_5_2\Bin\XnVFeatures_1_5_2.dll
0x5d5f0000 - 0x5d6c7000 	C:\Program Files\PrimeSense\NITE\Hands_1_3_0\Bin\XnVHandGenerator_1_3_0.dll
0x5bc70000 - 0x5bd4c000 	C:\Program Files\PrimeSense\NITE\Hands_1_3_1\Bin\XnVHandGenerator_1_3_1.dll
0x5bb90000 - 0x5bc6d000 	C:\Program Files\PrimeSense\NITE\Hands_1_4_1\Bin\XnVHandGenerator_1_4_1.dll
0x5bab0000 - 0x5bb8d000 	C:\Program Files\PrimeSense\NITE\Hands_1_4_2\Bin\XnVHandGenerator_1_4_2.dll
0x5b9c0000 - 0x5baac000 	C:\Program Files\PrimeSense\NITE\Hands_1_5_2\Bin\XnVHandGenerator_1_5_2.dll
0x74af0000 - 0x74b30000 	C:\Windows\system32\uxtheme.dll
0x75940000 - 0x7596d000 	C:\Windows\system32\WINTRUST.dll
0x75a50000 - 0x75b6e000 	C:\Windows\system32\CRYPT32.dll
0x758e0000 - 0x758ec000 	C:\Windows\system32\MSASN1.dll
0x757a0000 - 0x757ec000 	C:\Windows\system32\apphelp.dll
0x74df0000 - 0x74df5000 	C:\Windows\System32\wshtcpip.dll
0x03cf0000 - 0x03cfe000 	C:\Windows\System32\j3dcore-ogl-chk.dll
0x5b8f0000 - 0x5b9b8000 	C:\Windows\system32\OPENGL32.dll
0x621b0000 - 0x621d2000 	C:\Windows\system32\GLU32.dll
0x6db50000 - 0x6dc37000 	C:\Windows\system32\DDRAW.dll
0x719f0000 - 0x719f6000 	C:\Windows\system32\DCIMAN32.dll
0x74a80000 - 0x74a93000 	C:\Windows\system32\dwmapi.dll
0x6d530000 - 0x6d537000 	C:\Windows\system32\atiglpxx.dll
0x69030000 - 0x6a380000 	C:\Windows\system32\atioglxx.dll
0x74d20000 - 0x74d29000 	C:\Windows\system32\VERSION.dll
0x6f1a0000 - 0x6f284000 	C:\Windows\system32\aticfx32.dll
0x73620000 - 0x73681000 	C:\Windows\system32\atiadlxx.dll
0x74ec0000 - 0x74ed7000 	C:\Windows\system32\USERENV.dll
0x75870000 - 0x7587b000 	C:\Windows\system32\profapi.dll
0x74d60000 - 0x74d6d000 	C:\Windows\system32\WTSAPI32.dll
0x62cf0000 - 0x62cfb000 	C:\Windows\system32\atigktxx.dll
0x5b7a0000 - 0x5b8e2000 	C:\Program Files\Java\jre7\bin\awt.dll
0x757f0000 - 0x757fc000 	C:\Windows\system32\CRYPTBASE.dll
0x62d50000 - 0x62d56000 	C:\Program Files\Java\jre7\bin\jawt.dll
0x03d90000 - 0x03db9000 	C:\Windows\System32\j3dcore-ogl.dll
0x6f420000 - 0x6f50b000 	C:\Windows\system32\dbghelp.dll

VM Arguments:
jvm_args: -Djava 
java_command: SANDRAExecutable.jar 193.156.105.142 7540 kinectJoints gameControl
Launcher Type: SUN_STANDARD

Environment Variables:
CLASSPATH=C:\Program Files\OpenNI\Bin\org.OpenNI.jar
PATH=C:\Program Files\Intel\iCLS Client\;C:\Program Files\AMD APP\bin\x86;C:\Windows\system32;C:\Windows;C:\Windows\System32\Wbem;C:\Windows\System32\WindowsPowerShell\v1.0\;C:\Program Files\ATI Technologies\ATI.ACE\Core-Static;C:\Users\norut\AppData\Roaming\npm;C:\Program Files\nodejs\;C:\Program Files\Intel\Intel(R) Management Engine Components\DAL;C:\Program Files\Intel\Intel(R) Management Engine Components\IPT;C:\Program Files\OpenNI\Bin;C:\Program Files\PrimeSense\NITE\bin;C:\Program Files\AMD APP\bin\x86;C:\Windows\system32;C:\Windows;C:\Windows\System32\Wbem;C:\Windows\System32\WindowsPowerShell\v1.0\;C:\Program Files\ATI Technologies\ATI.ACE\Core-Static;C:\Program Files\nodejs
USERNAME=norut
OS=Windows_NT
PROCESSOR_IDENTIFIER=x86 Family 6 Model 58 Stepping 9, GenuineIntel



---------------  S Y S T E M  ---------------

OS: Windows 7 Build 7601 Service Pack 1

CPU:total 4 (4 cores per cpu, 1 threads per core) family 6 model 58 stepping 9, cmov, cx8, fxsr, mmx, sse, sse2, sse3, ssse3, sse4.1, sse4.2, popcnt, avx, tsc, tscinvbit, tscinv

Memory: 4k page, physical 3638896k(1417316k free), swap 7276036k(4558344k free)

vm_info: Java HotSpot(TM) Client VM (23.1-b03) for windows-x86 JRE (1.7.0_05-b05), built on May 15 2012 18:11:27 by "java_re" with unknown MS VC++:1600

time: Fri Jul 27 13:45:15 2012
elapsed time: 93 seconds

