#
# A fatal error has been detected by the Java Runtime Environment:
#
#  EXCEPTION_ACCESS_VIOLATION (0xc0000005) at pc=0x647a6c89, pid=14640, tid=13476
#
# JRE version: 7.0_05-b05
# Java VM: Java HotSpot(TM) Client VM (23.1-b03 mixed mode, sharing windows-x86 )
# Problematic frame:
# C  [OpenNI.jni.dll+0x6c89]  Java_org_OpenNI_NativeMethods_xnUnregisterUserCallbacks+0x19
#
# Failed to write core dump. Minidumps are not enabled by default on client versions of Windows
#
# If you would like to submit a bug report, please visit:
#   http://bugreport.sun.com/bugreport/crash.jsp
# The crash happened outside the Java Virtual Machine in native code.
# See problematic frame for where to report the bug.
#

---------------  T H R E A D  ---------------

Current thread (0x05e61400):  JavaThread "Thread-1" [_thread_in_native, id=13476, stack(0x0fe20000,0x0fe70000)]

siginfo: ExceptionCode=0xc0000005, reading address 0x00000000

Registers:
EAX=0x00000000, EBX=0x33a4eae8, ECX=0x05c66e94, EDX=0x05c6743c
ESP=0x0fe6ed20, EBP=0x0fe6ed74, ESI=0x05c66e88, EDI=0x05e61400
EIP=0x647a6c89, EFLAGS=0x00010206

Top of Stack: (sp=0x0fe6ed20)
0x0fe6ed20:   0403e528 05c66ec8 33a4eae8 018ca707
0x0fe6ed30:   05e61528 0fe6ed7c 0403e528 00000000
0x0fe6ed40:   05c66e88 00000000 0fe6ed98 019d2050
0x0fe6ed50:   379ea284 0fe6ed54 00000000 0fe6ed90
0x0fe6ed60:   33a528e0 00000000 33a4eae8 00000000
0x0fe6ed70:   0fe6ed84 0fe6edb4 018c32c7 28f6ee68
0x0fe6ed80:   018c8989 05c66e88 00000000 0403e528
0x0fe6ed90:   00000000 0fe6ed94 33a59268 0fe6edc4 

Instructions: (pc=0x647a6c89)
0x647a6c69:   cc cc cc cc cc cc cc 8b 4c 24 0c 56 8b 74 24 18
0x647a6c79:   8b 46 10 50 51 ff 15 64 b4 7a 64 8b 06 8b 4e 08
0x647a6c89:   8b 10 8b 52 58 83 c4 08 51 50 ff d2 56 ff 15 84
0x647a6c99:   b0 7a 64 83 c4 04 5e c2 18 00 cc cc cc cc cc cc 


Register to memory mapping:

EAX=0x00000000 is an unknown value
EBX=0x33a4eae8 is an oop
{method} 
 - klass: {other class}
ECX=0x05c66e94 is an unknown value
EDX=0x05c6743c is an unknown value
ESP=0x0fe6ed20 is pointing into the stack for thread: 0x05e61400
EBP=0x0fe6ed74 is pointing into the stack for thread: 0x05e61400
ESI=0x05c66e88 is an unknown value
EDI=0x05e61400 is a thread


Stack: [0x0fe20000,0x0fe70000],  sp=0x0fe6ed20,  free space=315k
Native frames: (J=compiled Java code, j=interpreted, Vv=VM code, C=native code)
C  [OpenNI.jni.dll+0x6c89]  Java_org_OpenNI_NativeMethods_xnUnregisterUserCallbacks+0x19
j  org.OpenNI.UserGenerator$1.unregisterNative(J)V+8
j  org.OpenNI.Observable.deleteObserver(Lorg/OpenNI/IObserver;)V+24
j  KinectPackage.SkeletonManager.reset()V+11
j  KinectPackage.SkeletonManager.access$8(LKinectPackage/SkeletonManager;)V+1
j  KinectPackage.SkeletonManager$LostUserObserver.update(Lorg/OpenNI/IObservable;Lorg/OpenNI/UserEventArgs;)V+183
j  KinectPackage.SkeletonManager$LostUserObserver.update(Lorg/OpenNI/IObservable;Ljava/lang/Object;)V+9
j  org.OpenNI.Observable.notify(Ljava/lang/Object;)V+30
j  org.OpenNI.UserGenerator$2.callback(I)V+9
v  ~StubRoutines::call_stub
V  [jvm.dll+0x12964a]
V  [jvm.dll+0x1d851e]
V  [jvm.dll+0x1296cd]
V  [jvm.dll+0xae4da]
V  [jvm.dll+0xb1d93]
C  [OpenNI.jni.dll+0x10ea]  JNI_OnUnload+0x6a
C  [XnVFeatures_1_5_2.dll+0x959a8]  xnModuleGetOpenNIVersion+0x57988
C  [XnVFeatures_1_5_2.dll+0x7b5d8]  xnModuleGetOpenNIVersion+0x3d5b8
C  [XnVFeatures_1_5_2.dll+0xb1538]  xnModuleGetOpenNIVersion+0x73518
C  [XnVFeatures_1_5_2.dll+0x95266]  xnModuleGetOpenNIVersion+0x57246
C  [OpenNI.jni.dll+0x2eab]  Java_org_OpenNI_NativeMethods_xnWaitAnyUpdateAll+0xb
J  org.OpenNI.Context.waitAnyUpdateAll()V
j  java.lang.Thread.run()V+11
v  ~StubRoutines::call_stub
V  [jvm.dll+0x12964a]
V  [jvm.dll+0x1d851e]
V  [jvm.dll+0x129833]
V  [jvm.dll+0x129897]
V  [jvm.dll+0xd24af]
V  [jvm.dll+0x149977]
V  [jvm.dll+0x149ae0]
V  [jvm.dll+0x17e049]
C  [msvcr100.dll+0x5c6de]  endthreadex+0x3a
C  [msvcr100.dll+0x5c788]  endthreadex+0xe4
C  [kernel32.dll+0x4ed6c]  BaseThreadInitThunk+0x12
C  [ntdll.dll+0x6377b]  RtlInitializeExceptionChain+0xef
C  [ntdll.dll+0x6374e]  RtlInitializeExceptionChain+0xc2

Java frames: (J=compiled Java code, j=interpreted, Vv=VM code)
j  org.OpenNI.NativeMethods.xnUnregisterUserCallbacks(JJ)V+0
j  org.OpenNI.UserGenerator$1.unregisterNative(J)V+8
j  org.OpenNI.Observable.deleteObserver(Lorg/OpenNI/IObserver;)V+24
j  KinectPackage.SkeletonManager.reset()V+11
j  KinectPackage.SkeletonManager.access$8(LKinectPackage/SkeletonManager;)V+1
j  KinectPackage.SkeletonManager$LostUserObserver.update(Lorg/OpenNI/IObservable;Lorg/OpenNI/UserEventArgs;)V+183
j  KinectPackage.SkeletonManager$LostUserObserver.update(Lorg/OpenNI/IObservable;Ljava/lang/Object;)V+9
j  org.OpenNI.Observable.notify(Ljava/lang/Object;)V+30
j  org.OpenNI.UserGenerator$2.callback(I)V+9
v  ~StubRoutines::call_stub
J  org.OpenNI.NativeMethods.xnWaitAnyUpdateAll(J)I
J  org.OpenNI.Context.waitAnyUpdateAll()V
j  KinectPackage.KinectManager.run()V+12
j  java.lang.Thread.run()V+11
v  ~StubRoutines::call_stub

---------------  P R O C E S S  ---------------

Java Threads: ( => current thread )
  0x001ab400 JavaThread "DestroyJavaVM" [_thread_blocked, id=14288, stack(0x01770000,0x017c0000)]
  0x165fc400 JavaThread "Thread-20" [_thread_in_Java, id=14532, stack(0x06dd0000,0x06e20000)]
  0x163de400 JavaThread "Thread-6" [_thread_in_Java, id=14332, stack(0x199a0000,0x199f0000)]
  0x163e7c00 JavaThread "Thread-5" [_thread_in_native, id=13724, stack(0x0fdd0000,0x0fe20000)]
  0x163ddc00 JavaThread "AWT-Windows" daemon [_thread_in_native, id=14960, stack(0x19880000,0x198d0000)]
  0x163dd000 JavaThread "Java2D Disposer" daemon [_thread_blocked, id=13452, stack(0x18e80000,0x18ed0000)]
=>0x05e61400 JavaThread "Thread-1" [_thread_in_native, id=13476, stack(0x0fe20000,0x0fe70000)]
  0x01898400 JavaThread "Service Thread" daemon [_thread_blocked, id=7476, stack(0x03c10000,0x03c60000)]
  0x01893800 JavaThread "C1 CompilerThread0" daemon [_thread_blocked, id=15000, stack(0x03cc0000,0x03d10000)]
  0x01892400 JavaThread "Attach Listener" daemon [_thread_blocked, id=14312, stack(0x03b80000,0x03bd0000)]
  0x0188f400 JavaThread "Signal Dispatcher" daemon [_thread_blocked, id=14424, stack(0x03a60000,0x03ab0000)]
  0x01874000 JavaThread "Finalizer" daemon [_thread_blocked, id=14352, stack(0x03ab0000,0x03b00000)]
  0x01872800 JavaThread "Reference Handler" daemon [_thread_blocked, id=14472, stack(0x03970000,0x039c0000)]

Other Threads:
  0x01871400 VMThread [stack: 0x03a00000,0x03a50000] [id=12296]
  0x018b3400 WatcherThread [stack: 0x03df0000,0x03e40000] [id=14632]

VM state:not at safepoint (normal execution)

VM Mutex/Monitor currently owned by a thread: None

Heap
 def new generation   total 37888K, used 19250K [0x23980000, 0x26290000, 0x28ed0000)
  eden space 33728K,  57% used [0x23980000, 0x24c4c4a8, 0x25a70000)
  from space 4160K,   0% used [0x25e80000, 0x25e80360, 0x26290000)
  to   space 4160K,   0% used [0x25a70000, 0x25a70000, 0x25e80000)
 tenured generation   total 84048K, used 80662K [0x28ed0000, 0x2e0e4000, 0x33980000)
   the space 84048K,  95% used [0x28ed0000, 0x2dd959b8, 0x2dd95a00, 0x2e0e4000)
 compacting perm gen  total 12288K, used 2916K [0x33980000, 0x34580000, 0x37980000)
   the space 12288K,  23% used [0x33980000, 0x33c59200, 0x33c59200, 0x34580000)
    ro space 10240K,  42% used [0x37980000, 0x37dbe580, 0x37dbe600, 0x38380000)
    rw space 12288K,  54% used [0x38380000, 0x389ff128, 0x389ff200, 0x38f80000)

Code Cache  [0x018c0000, 0x01a80000, 0x038c0000)
 total_blobs=1081 nmethods=799 adapters=217 free_code_cache=30999Kb largest_free_block=31743680

Compilation events (10 events):
Event: 40.697 Thread 0x01893800  790             KinectPackage.KinectDataEvent::<init> (15 bytes)
Event: 40.697 Thread 0x01893800 nmethod 790 0x01a79088 code [0x01a79180, 0x01a79210]
Event: 40.697 Thread 0x01893800  791             KinectPackage.KinectDataEvent::setUserId (6 bytes)
Event: 40.697 Thread 0x01893800 nmethod 791 0x01a79248 code [0x01a79340, 0x01a793c0]
Event: 40.697 Thread 0x01893800  792             KinectPackage.KinectDataEvent::setKinectData (6 bytes)
Event: 40.697 Thread 0x01893800 nmethod 792 0x01a79408 code [0x01a79500, 0x01a79590]
Event: 41.017 Thread 0x01893800  793             control.SharedSocket::getSharedSocket (113 bytes)
Event: 41.017 Thread 0x01893800 nmethod 793 0x01a795c8 code [0x01a79780, 0x01a79c3c]
Event: 41.065 Thread 0x01893800  794             handlers.KinectSkeletonJointsHandler::kinectUpdate (8 bytes)
Event: 41.066 Thread 0x01893800 nmethod 794 0x01a79ec8 code [0x01a79fd0, 0x01a7a088]

GC Heap History (10 events):
Event: 48.367 GC heap before
{Heap before GC invocations=986 (full 8):
 def new generation   total 37888K, used 33729K [0x23980000, 0x26290000, 0x28ed0000)
  eden space 33728K, 100% used [0x23980000, 0x25a70000, 0x25a70000)
  from space 4160K,   0% used [0x25a70000, 0x25a704b0, 0x25e80000)
  to   space 4160K,   0% used [0x25e80000, 0x25e80000, 0x26290000)
 tenured generation   total 84048K, used 80662K [0x28ed0000, 0x2e0e4000, 0x33980000)
   the space 84048K,  95% used [0x28ed0000, 0x2dd959b8, 0x2dd95a00, 0x2e0e4000)
 compacting perm gen  total 12288K, used 2916K [0x33980000, 0x34580000, 0x37980000)
   the space 12288K,  23% used [0x33980000, 0x33c59200, 0x33c59200, 0x34580000)
    ro space 10240K,  42% used [0x37980000, 0x37dbe580, 0x37dbe600, 0x38380000)
    rw space 12288K,  54% used [0x38380000, 0x389ff128, 0x389ff200, 0x38f80000)
Event: 48.367 GC heap after
Heap after GC invocations=987 (full 8):
 def new generation   total 37888K, used 4K [0x23980000, 0x26290000, 0x28ed0000)
  eden space 33728K,   0% used [0x23980000, 0x23980000, 0x25a70000)
  from space 4160K,   0% used [0x25e80000, 0x25e811a0, 0x26290000)
  to   space 4160K,   0% used [0x25a70000, 0x25a70000, 0x25e80000)
 tenured generation   total 84048K, used 80662K [0x28ed0000, 0x2e0e4000, 0x33980000)
   the space 84048K,  95% used [0x28ed0000, 0x2dd959b8, 0x2dd95a00, 0x2e0e4000)
 compacting perm gen  total 12288K, used 2916K [0x33980000, 0x34580000, 0x37980000)
   the space 12288K,  23% used [0x33980000, 0x33c59200, 0x33c59200, 0x34580000)
    ro space 10240K,  42% used [0x37980000, 0x37dbe580, 0x37dbe600, 0x38380000)
    rw space 12288K,  54% used [0x38380000, 0x389ff128, 0x389ff200, 0x38f80000)
}
Event: 48.381 GC heap before
{Heap before GC invocations=987 (full 8):
 def new generation   total 37888K, used 33732K [0x23980000, 0x26290000, 0x28ed0000)
  eden space 33728K, 100% used [0x23980000, 0x25a70000, 0x25a70000)
  from space 4160K,   0% used [0x25e80000, 0x25e811a0, 0x26290000)
  to   space 4160K,   0% used [0x25a70000, 0x25a70000, 0x25e80000)
 tenured generation   total 84048K, used 80662K [0x28ed0000, 0x2e0e4000, 0x33980000)
   the space 84048K,  95% used [0x28ed0000, 0x2dd959b8, 0x2dd95a00, 0x2e0e4000)
 compacting perm gen  total 12288K, used 2916K [0x33980000, 0x34580000, 0x37980000)
   the space 12288K,  23% used [0x33980000, 0x33c59200, 0x33c59200, 0x34580000)
    ro space 10240K,  42% used [0x37980000, 0x37dbe580, 0x37dbe600, 0x38380000)
    rw space 12288K,  54% used [0x38380000, 0x389ff128, 0x389ff200, 0x38f80000)
Event: 48.382 GC heap after
Heap after GC invocations=988 (full 8):
 def new generation   total 37888K, used 1K [0x23980000, 0x26290000, 0x28ed0000)
  eden space 33728K,   0% used [0x23980000, 0x23980000, 0x25a70000)
  from space 4160K,   0% used [0x25a70000, 0x25a704b0, 0x25e80000)
  to   space 4160K,   0% used [0x25e80000, 0x25e80000, 0x26290000)
 tenured generation   total 84048K, used 80662K [0x28ed0000, 0x2e0e4000, 0x33980000)
   the space 84048K,  95% used [0x28ed0000, 0x2dd959b8, 0x2dd95a00, 0x2e0e4000)
 compacting perm gen  total 12288K, used 2916K [0x33980000, 0x34580000, 0x37980000)
   the space 12288K,  23% used [0x33980000, 0x33c59200, 0x33c59200, 0x34580000)
    ro space 10240K,  42% used [0x37980000, 0x37dbe580, 0x37dbe600, 0x38380000)
    rw space 12288K,  54% used [0x38380000, 0x389ff128, 0x389ff200, 0x38f80000)
}
Event: 48.396 GC heap before
{Heap before GC invocations=988 (full 8):
 def new generation   total 37888K, used 33729K [0x23980000, 0x26290000, 0x28ed0000)
  eden space 33728K, 100% used [0x23980000, 0x25a70000, 0x25a70000)
  from space 4160K,   0% used [0x25a70000, 0x25a704b0, 0x25e80000)
  to   space 4160K,   0% used [0x25e80000, 0x25e80000, 0x26290000)
 tenured generation   total 84048K, used 80662K [0x28ed0000, 0x2e0e4000, 0x33980000)
   the space 84048K,  95% used [0x28ed0000, 0x2dd959b8, 0x2dd95a00, 0x2e0e4000)
 compacting perm gen  total 12288K, used 2916K [0x33980000, 0x34580000, 0x37980000)
   the space 12288K,  23% used [0x33980000, 0x33c59200, 0x33c59200, 0x34580000)
    ro space 10240K,  42% used [0x37980000, 0x37dbe580, 0x37dbe600, 0x38380000)
    rw space 12288K,  54% used [0x38380000, 0x389ff128, 0x389ff200, 0x38f80000)
Event: 48.397 GC heap after
Heap after GC invocations=989 (full 8):
 def new generation   total 37888K, used 0K [0x23980000, 0x26290000, 0x28ed0000)
  eden space 33728K,   0% used [0x23980000, 0x23980000, 0x25a70000)
  from space 4160K,   0% used [0x25e80000, 0x25e803a0, 0x26290000)
  to   space 4160K,   0% used [0x25a70000, 0x25a70000, 0x25e80000)
 tenured generation   total 84048K, used 80662K [0x28ed0000, 0x2e0e4000, 0x33980000)
   the space 84048K,  95% used [0x28ed0000, 0x2dd959b8, 0x2dd95a00, 0x2e0e4000)
 compacting perm gen  total 12288K, used 2916K [0x33980000, 0x34580000, 0x37980000)
   the space 12288K,  23% used [0x33980000, 0x33c59200, 0x33c59200, 0x34580000)
    ro space 10240K,  42% used [0x37980000, 0x37dbe580, 0x37dbe600, 0x38380000)
    rw space 12288K,  54% used [0x38380000, 0x389ff128, 0x389ff200, 0x38f80000)
}
Event: 48.410 GC heap before
{Heap before GC invocations=989 (full 8):
 def new generation   total 37888K, used 33728K [0x23980000, 0x26290000, 0x28ed0000)
  eden space 33728K, 100% used [0x23980000, 0x25a70000, 0x25a70000)
  from space 4160K,   0% used [0x25e80000, 0x25e803a0, 0x26290000)
  to   space 4160K,   0% used [0x25a70000, 0x25a70000, 0x25e80000)
 tenured generation   total 84048K, used 80662K [0x28ed0000, 0x2e0e4000, 0x33980000)
   the space 84048K,  95% used [0x28ed0000, 0x2dd959b8, 0x2dd95a00, 0x2e0e4000)
 compacting perm gen  total 12288K, used 2916K [0x33980000, 0x34580000, 0x37980000)
   the space 12288K,  23% used [0x33980000, 0x33c59200, 0x33c59200, 0x34580000)
    ro space 10240K,  42% used [0x37980000, 0x37dbe580, 0x37dbe600, 0x38380000)
    rw space 12288K,  54% used [0x38380000, 0x389ff128, 0x389ff200, 0x38f80000)
Event: 48.410 GC heap after
Heap after GC invocations=990 (full 8):
 def new generation   total 37888K, used 10K [0x23980000, 0x26290000, 0x28ed0000)
  eden space 33728K,   0% used [0x23980000, 0x23980000, 0x25a70000)
  from space 4160K,   0% used [0x25a70000, 0x25a728a8, 0x25e80000)
  to   space 4160K,   0% used [0x25e80000, 0x25e80000, 0x26290000)
 tenured generation   total 84048K, used 80662K [0x28ed0000, 0x2e0e4000, 0x33980000)
   the space 84048K,  95% used [0x28ed0000, 0x2dd959b8, 0x2dd95a00, 0x2e0e4000)
 compacting perm gen  total 12288K, used 2916K [0x33980000, 0x34580000, 0x37980000)
   the space 12288K,  23% used [0x33980000, 0x33c59200, 0x33c59200, 0x34580000)
    ro space 10240K,  42% used [0x37980000, 0x37dbe580, 0x37dbe600, 0x38380000)
    rw space 12288K,  54% used [0x38380000, 0x389ff128, 0x389ff200, 0x38f80000)
}
Event: 48.424 GC heap before
{Heap before GC invocations=990 (full 8):
 def new generation   total 37888K, used 33738K [0x23980000, 0x26290000, 0x28ed0000)
  eden space 33728K, 100% used [0x23980000, 0x25a70000, 0x25a70000)
  from space 4160K,   0% used [0x25a70000, 0x25a728a8, 0x25e80000)
  to   space 4160K,   0% used [0x25e80000, 0x25e80000, 0x26290000)
 tenured generation   total 84048K, used 80662K [0x28ed0000, 0x2e0e4000, 0x33980000)
   the space 84048K,  95% used [0x28ed0000, 0x2dd959b8, 0x2dd95a00, 0x2e0e4000)
 compacting perm gen  total 12288K, used 2916K [0x33980000, 0x34580000, 0x37980000)
   the space 12288K,  23% used [0x33980000, 0x33c59200, 0x33c59200, 0x34580000)
    ro space 10240K,  42% used [0x37980000, 0x37dbe580, 0x37dbe600, 0x38380000)
    rw space 12288K,  54% used [0x38380000, 0x389ff128, 0x389ff200, 0x38f80000)
Event: 48.424 GC heap after
Heap after GC invocations=991 (full 8):
 def new generation   total 37888K, used 1K [0x23980000, 0x26290000, 0x28ed0000)
  eden space 33728K,   0% used [0x23980000, 0x23980000, 0x25a70000)
  from space 4160K,   0% used [0x25e80000, 0x25e80420, 0x26290000)
  to   space 4160K,   0% used [0x25a70000, 0x25a70000, 0x25e80000)
 tenured generation   total 84048K, used 80662K [0x28ed0000, 0x2e0e4000, 0x33980000)
   the space 84048K,  95% used [0x28ed0000, 0x2dd959b8, 0x2dd95a00, 0x2e0e4000)
 compacting perm gen  total 12288K, used 2916K [0x33980000, 0x34580000, 0x37980000)
   the space 12288K,  23% used [0x33980000, 0x33c59200, 0x33c59200, 0x34580000)
    ro space 10240K,  42% used [0x37980000, 0x37dbe580, 0x37dbe600, 0x38380000)
    rw space 12288K,  54% used [0x38380000, 0x389ff128, 0x389ff200, 0x38f80000)
}

Deoptimization events (0 events):
No events

Internal exceptions (10 events):
Event: 22.188 Thread 0x165fc400 Threw 0x23c57d70 at C:\jdk7u5_32P\jdk7u5\hotspot\src\share\vm\prims\jvm.cpp:1166
Event: 22.188 Thread 0x165fc400 Threw 0x23c599f0 at C:\jdk7u5_32P\jdk7u5\hotspot\src\share\vm\prims\jvm.cpp:1166
Event: 22.188 Thread 0x165fc400 Threw 0x23c5b510 at C:\jdk7u5_32P\jdk7u5\hotspot\src\share\vm\prims\jvm.cpp:1166
Event: 22.188 Thread 0x165fc400 Threw 0x23c5ce90 at C:\jdk7u5_32P\jdk7u5\hotspot\src\share\vm\prims\jvm.cpp:1166
Event: 22.189 Thread 0x165fc400 Threw 0x23c5e9e0 at C:\jdk7u5_32P\jdk7u5\hotspot\src\share\vm\prims\jvm.cpp:1166
Event: 22.189 Thread 0x165fc400 Threw 0x23c607a8 at C:\jdk7u5_32P\jdk7u5\hotspot\src\share\vm\prims\jvm.cpp:1166
Event: 22.189 Thread 0x165fc400 Threw 0x23c62248 at C:\jdk7u5_32P\jdk7u5\hotspot\src\share\vm\prims\jvm.cpp:1166
Event: 22.189 Thread 0x165fc400 Threw 0x23c63d28 at C:\jdk7u5_32P\jdk7u5\hotspot\src\share\vm\prims\jvm.cpp:1166
Event: 22.189 Thread 0x165fc400 Threw 0x23c658d0 at C:\jdk7u5_32P\jdk7u5\hotspot\src\share\vm\prims\jvm.cpp:1166
Event: 23.090 Thread 0x163de400 Threw 0x25178e70 at C:\jdk7u5_32P\jdk7u5\hotspot\src\share\vm\prims\jvm.cpp:1166

Events (10 events):
Event: 48.424 Thread 0x166ec400 Thread exited: 0x166ec400
Event: 48.424 Thread 0x16566800 Thread exited: 0x16566800
Event: 48.424 Thread 0x16680400 Thread exited: 0x16680400
Event: 48.424 Thread 0x166d6c00 Thread exited: 0x166d6c00
Event: 48.424 Thread 0x166d5c00 Thread exited: 0x166d5c00
Event: 48.424 Thread 0x1657f800 Thread exited: 0x1657f800
Event: 48.424 Thread 0x16567800 Thread exited: 0x16567800
Event: 48.424 Thread 0x1657ec00 Thread exited: 0x1657ec00
Event: 48.424 Executing VM operation: GenCollectForAllocation
Event: 48.424 Executing VM operation: GenCollectForAllocation done


Dynamic libraries:
0x00030000 - 0x0005f000 	C:\Windows\system32\java.exe
0x76fb0000 - 0x770ec000 	C:\Windows\SYSTEM32\ntdll.dll
0x76ce0000 - 0x76db4000 	C:\Windows\system32\kernel32.dll
0x753f0000 - 0x7543a000 	C:\Windows\system32\KERNELBASE.dll
0x76bb0000 - 0x76c50000 	C:\Windows\system32\ADVAPI32.dll
0x77130000 - 0x771dc000 	C:\Windows\system32\msvcrt.dll
0x755f0000 - 0x75609000 	C:\Windows\SYSTEM32\sechost.dll
0x76890000 - 0x76931000 	C:\Windows\system32\RPCRT4.dll
0x75990000 - 0x75a59000 	C:\Windows\system32\USER32.dll
0x75610000 - 0x7565e000 	C:\Windows\system32\GDI32.dll
0x77100000 - 0x7710a000 	C:\Windows\system32\LPK.dll
0x75810000 - 0x758ad000 	C:\Windows\system32\USP10.dll
0x74080000 - 0x7421e000 	C:\Windows\WinSxS\x86_microsoft.windows.common-controls_6595b64144ccf1df_6.0.7601.17514_none_41e6975e2bd6f2b2\COMCTL32.dll
0x758b0000 - 0x75907000 	C:\Windows\system32\SHLWAPI.dll
0x75c20000 - 0x75c3f000 	C:\Windows\system32\IMM32.DLL
0x76940000 - 0x76a0c000 	C:\Windows\system32\MSCTF.dll
0x5e390000 - 0x5e44e000 	C:\Program Files\Java\jre7\bin\msvcr100.dll
0x5d5d0000 - 0x5d91a000 	C:\Program Files\Java\jre7\bin\client\jvm.dll
0x6c830000 - 0x6c837000 	C:\Windows\system32\WSOCK32.dll
0x76e10000 - 0x76e45000 	C:\Windows\system32\WS2_32.dll
0x77110000 - 0x77116000 	C:\Windows\system32\NSI.dll
0x735d0000 - 0x73602000 	C:\Windows\system32\WINMM.dll
0x770f0000 - 0x770f5000 	C:\Windows\system32\PSAPI.DLL
0x71570000 - 0x7157c000 	C:\Program Files\Java\jre7\bin\verify.dll
0x712d0000 - 0x712f0000 	C:\Program Files\Java\jre7\bin\java.dll
0x70300000 - 0x70313000 	C:\Program Files\Java\jre7\bin\zip.dll
0x64b90000 - 0x64ba4000 	C:\Program Files\Java\jre7\bin\net.dll
0x74bb0000 - 0x74bec000 	C:\Windows\system32\mswsock.dll
0x74ba0000 - 0x74ba6000 	C:\Windows\System32\wship6.dll
0x10000000 - 0x1000c000 	C:\Windows\System32\LibusbJava.dll
0x64b70000 - 0x64b81000 	C:\Windows\system32\libusb0.dll
0x76a10000 - 0x76bad000 	C:\Windows\system32\SETUPAPI.dll
0x751c0000 - 0x751e7000 	C:\Windows\system32\CFGMGR32.dll
0x75780000 - 0x7580f000 	C:\Windows\system32\OLEAUT32.dll
0x76e50000 - 0x76fac000 	C:\Windows\system32\ole32.dll
0x753d0000 - 0x753e2000 	C:\Windows\system32\DEVOBJ.dll
0x647a0000 - 0x647be000 	C:\Program Files\OpenNI\Bin\OpenNI.jni.dll
0x64370000 - 0x643c0000 	C:\Program Files\OpenNI\Bin\OpenNI.dll
0x75c40000 - 0x7688a000 	C:\Windows\system32\SHELL32.dll
0x64780000 - 0x64798000 	C:\Program Files\OpenNI\bin\nimRecorder.dll
0x646d0000 - 0x646ea000 	C:\Program Files\OpenNI\bin\nimMockNodes.dll
0x5f480000 - 0x5f4c9000 	C:\Program Files\OpenNI\bin\nimCodecs.dll
0x64760000 - 0x64780000 	C:\Program Files\PrimeSense\SensorKinect\Bin\XnDeviceFile.dll
0x715d0000 - 0x715db000 	C:\Program Files\PrimeSense\SensorKinect\Bin\XnCore.dll
0x5f690000 - 0x5f733000 	C:\Windows\WinSxS\x86_microsoft.vc90.crt_1fc8b3b9a1e18e3b_9.0.30729.6161_none_50934f2ebcb7eb57\MSVCR90.dll
0x5f770000 - 0x5f7a8000 	C:\Program Files\PrimeSense\SensorKinect\Bin\XnDDK.dll
0x5f640000 - 0x5f684000 	C:\Program Files\PrimeSense\SensorKinect\Bin\XnFormats.dll
0x5e450000 - 0x5e49f000 	C:\Program Files\PrimeSense\SensorKinect\Bin\XnDeviceSensorV2KM.dll
0x5d330000 - 0x5d5c8000 	C:\Program Files\PrimeSense\NITE\Features_1_3_0\Bin\XnVFeatures_1_3_0.dll
0x5d2a0000 - 0x5d32e000 	C:\Windows\WinSxS\x86_microsoft.vc90.crt_1fc8b3b9a1e18e3b_9.0.30729.6161_none_50934f2ebcb7eb57\MSVCP90.dll
0x5d050000 - 0x5d29f000 	C:\Program Files\PrimeSense\NITE\Features_1_3_1\Bin\XnVFeatures_1_3_1.dll
0x5ce30000 - 0x5d049000 	C:\Program Files\PrimeSense\NITE\Features_1_4_1\Bin\XnVFeatures_1_4_1.dll
0x5cc10000 - 0x5ce26000 	C:\Program Files\PrimeSense\NITE\Features_1_4_2\Bin\XnVFeatures_1_4_2.dll
0x5c900000 - 0x5cc07000 	C:\Program Files\PrimeSense\NITE\Features_1_5_2\Bin\XnVFeatures_1_5_2.dll
0x5c820000 - 0x5c8f7000 	C:\Program Files\PrimeSense\NITE\Hands_1_3_0\Bin\XnVHandGenerator_1_3_0.dll
0x5c740000 - 0x5c81c000 	C:\Program Files\PrimeSense\NITE\Hands_1_3_1\Bin\XnVHandGenerator_1_3_1.dll
0x5c660000 - 0x5c73d000 	C:\Program Files\PrimeSense\NITE\Hands_1_4_1\Bin\XnVHandGenerator_1_4_1.dll
0x5c580000 - 0x5c65d000 	C:\Program Files\PrimeSense\NITE\Hands_1_4_2\Bin\XnVHandGenerator_1_4_2.dll
0x5c490000 - 0x5c57c000 	C:\Program Files\PrimeSense\NITE\Hands_1_5_2\Bin\XnVHandGenerator_1_5_2.dll
0x73d70000 - 0x73db0000 	C:\Windows\system32\uxtheme.dll
0x753a0000 - 0x753cd000 	C:\Windows\system32\WINTRUST.dll
0x75280000 - 0x7539e000 	C:\Windows\system32\CRYPT32.dll
0x751b0000 - 0x751bc000 	C:\Windows\system32\MSASN1.dll
0x746c0000 - 0x746c5000 	C:\Windows\System32\wshtcpip.dll
0x75070000 - 0x750bc000 	C:\Windows\system32\apphelp.dll
0x03cb0000 - 0x03cbe000 	C:\Windows\System32\j3dcore-ogl-chk.dll
0x5c110000 - 0x5c1d8000 	C:\Windows\system32\OPENGL32.dll
0x62710000 - 0x62732000 	C:\Windows\system32\GLU32.dll
0x64820000 - 0x64907000 	C:\Windows\system32\DDRAW.dll
0x70750000 - 0x70756000 	C:\Windows\system32\DCIMAN32.dll
0x73df0000 - 0x73e03000 	C:\Windows\system32\dwmapi.dll
0x715b0000 - 0x715b7000 	C:\Windows\system32\atiglpxx.dll
0x69030000 - 0x6a380000 	C:\Windows\system32\atioglxx.dll
0x745f0000 - 0x745f9000 	C:\Windows\system32\VERSION.dll
0x70ed0000 - 0x70fb4000 	C:\Windows\system32\aticfx32.dll
0x72910000 - 0x72971000 	C:\Windows\system32\atiadlxx.dll
0x74790000 - 0x747a7000 	C:\Windows\system32\USERENV.dll
0x75140000 - 0x7514b000 	C:\Windows\system32\profapi.dll
0x74630000 - 0x7463d000 	C:\Windows\system32\WTSAPI32.dll
0x71300000 - 0x7130b000 	C:\Windows\system32\atigktxx.dll
0x5be60000 - 0x5bfa2000 	C:\Program Files\Java\jre7\bin\awt.dll
0x750c0000 - 0x750cc000 	C:\Windows\system32\CRYPTBASE.dll
0x71550000 - 0x71556000 	C:\Program Files\Java\jre7\bin\jawt.dll
0x045c0000 - 0x045e9000 	C:\Windows\System32\j3dcore-ogl.dll
0x6f2e0000 - 0x6f3cb000 	C:\Windows\system32\dbghelp.dll

VM Arguments:
jvm_args: -Djava 
java_command: SANDRAExecutable.jar 193.156.105.142 7540 kinectJoints gameControl
Launcher Type: SUN_STANDARD

Environment Variables:
CLASSPATH=C:\Program Files\OpenNI\Bin\org.OpenNI.jar
PATH=C:\Program Files\Intel\iCLS Client\;C:\Program Files\AMD APP\bin\x86;C:\Windows\system32;C:\Windows;C:\Windows\System32\Wbem;C:\Windows\System32\WindowsPowerShell\v1.0\;C:\Program Files\ATI Technologies\ATI.ACE\Core-Static;C:\Users\norut\AppData\Roaming\npm;C:\Program Files\nodejs\;C:\Program Files\Intel\Intel(R) Management Engine Components\DAL;C:\Program Files\Intel\Intel(R) Management Engine Components\IPT;C:\Program Files\OpenNI\Bin;C:\Program Files\PrimeSense\NITE\bin;C:\Program Files\AMD APP\bin\x86;C:\Windows\system32;C:\Windows;C:\Windows\System32\Wbem;C:\Windows\System32\WindowsPowerShell\v1.0\;C:\Program Files\ATI Technologies\ATI.ACE\Core-Static;C:\Program Files\nodejs
USERNAME=norut
OS=Windows_NT
PROCESSOR_IDENTIFIER=x86 Family 6 Model 58 Stepping 9, GenuineIntel



---------------  S Y S T E M  ---------------

OS: Windows 7 Build 7601 Service Pack 1

CPU:total 4 (4 cores per cpu, 1 threads per core) family 6 model 58 stepping 9, cmov, cx8, fxsr, mmx, sse, sse2, sse3, ssse3, sse4.1, sse4.2, popcnt, avx, tsc, tscinvbit, tscinv

Memory: 4k page, physical 3638896k(1492880k free), swap 7276036k(4796188k free)

vm_info: Java HotSpot(TM) Client VM (23.1-b03) for windows-x86 JRE (1.7.0_05-b05), built on May 15 2012 18:11:27 by "java_re" with unknown MS VC++:1600

time: Tue Jul 17 14:31:01 2012
elapsed time: 48 seconds

