#
# A fatal error has been detected by the Java Runtime Environment:
#
#  EXCEPTION_ACCESS_VIOLATION (0xc0000005) at pc=0x70d36c89, pid=6368, tid=6472
#
# JRE version: 7.0_05-b05
# Java VM: Java HotSpot(TM) Client VM (23.1-b03 mixed mode, sharing windows-x86 )
# Problematic frame:
# C  [OpenNI.jni.dll+0x6c89]  Java_org_OpenNI_NativeMethods_xnUnregisterUserCallbacks+0x19
#
# Failed to write core dump. Minidumps are not enabled by default on client versions of Windows
#
# If you would like to submit a bug report, please visit:
#   http://bugreport.sun.com/bugreport/crash.jsp
# The crash happened outside the Java Virtual Machine in native code.
# See problematic frame for where to report the bug.
#

---------------  T H R E A D  ---------------

Current thread (0x05b3ec00):  JavaThread "Thread-1" [_thread_in_native, id=6472, stack(0x14980000,0x149d0000)]

siginfo: ExceptionCode=0xc0000005, reading address 0x00000000

Registers:
EAX=0x00000000, EBX=0x33a4eae8, ECX=0x05939674, EDX=0x000003e2
ESP=0x149cf210, EBP=0x149cf264, ESI=0x05939668, EDI=0x05b3ec00
EIP=0x70d36c89, EFLAGS=0x00010202

Top of Stack: (sp=0x149cf210)
0x149cf210:   05916ef0 059396a8 33a4eae8 0155a707
0x149cf220:   05b3ed28 149cf26c 05916ef0 00000000
0x149cf230:   05939668 00000000 00000001 149cf23c
0x149cf240:   379ea3a5 149cf244 00000000 149cf280
0x149cf250:   33a528e0 00000000 33a4eae8 00000000
0x149cf260:   149cf274 149cf2a4 015532c7 28f93ac8
0x149cf270:   01558989 05939668 00000000 05916ef0
0x149cf280:   00000000 149cf284 33a59268 149cf2b4 

Instructions: (pc=0x70d36c89)
0x70d36c69:   cc cc cc cc cc cc cc 8b 4c 24 0c 56 8b 74 24 18
0x70d36c79:   8b 46 10 50 51 ff 15 64 b4 d3 70 8b 06 8b 4e 08
0x70d36c89:   8b 10 8b 52 58 83 c4 08 51 50 ff d2 56 ff 15 84
0x70d36c99:   b0 d3 70 83 c4 04 5e c2 18 00 cc cc cc cc cc cc 


Register to memory mapping:

EAX=0x00000000 is an unknown value
EBX=0x33a4eae8 is an oop
{method} 
 - klass: {other class}
ECX=0x05939674 is an unknown value
EDX=0x000003e2 is an unknown value
ESP=0x149cf210 is pointing into the stack for thread: 0x05b3ec00
EBP=0x149cf264 is pointing into the stack for thread: 0x05b3ec00
ESI=0x05939668 is an unknown value
EDI=0x05b3ec00 is a thread


Stack: [0x14980000,0x149d0000],  sp=0x149cf210,  free space=316k
Native frames: (J=compiled Java code, j=interpreted, Vv=VM code, C=native code)
C  [OpenNI.jni.dll+0x6c89]  Java_org_OpenNI_NativeMethods_xnUnregisterUserCallbacks+0x19
j  org.OpenNI.UserGenerator$1.unregisterNative(J)V+8
j  org.OpenNI.Observable.deleteObserver(Lorg/OpenNI/IObserver;)V+24
j  KinectPackage.SkeletonManager.reset()V+11
j  KinectPackage.SkeletonManager.access$8(LKinectPackage/SkeletonManager;)V+1
j  KinectPackage.SkeletonManager$LostUserObserver.update(Lorg/OpenNI/IObservable;Lorg/OpenNI/UserEventArgs;)V+183
j  KinectPackage.SkeletonManager$LostUserObserver.update(Lorg/OpenNI/IObservable;Ljava/lang/Object;)V+9
j  org.OpenNI.Observable.notify(Ljava/lang/Object;)V+30
j  org.OpenNI.UserGenerator$2.callback(I)V+9
v  ~StubRoutines::call_stub
V  [jvm.dll+0x12964a]
V  [jvm.dll+0x1d851e]
V  [jvm.dll+0x1296cd]
V  [jvm.dll+0xae4da]
V  [jvm.dll+0xb1d93]
C  [OpenNI.jni.dll+0x10ea]  JNI_OnUnload+0x6a
C  [XnVFeatures_1_5_2.dll+0x959a8]  xnModuleGetOpenNIVersion+0x57988
C  [XnVFeatures_1_5_2.dll+0x7b5d8]  xnModuleGetOpenNIVersion+0x3d5b8
C  [XnVFeatures_1_5_2.dll+0xb1538]  xnModuleGetOpenNIVersion+0x73518
C  [XnVFeatures_1_5_2.dll+0x95266]  xnModuleGetOpenNIVersion+0x57246
C  [OpenNI.jni.dll+0x2eab]  Java_org_OpenNI_NativeMethods_xnWaitAnyUpdateAll+0xb
j  org.OpenNI.Context.waitAnyUpdateAll()V+4
j  KinectPackage.KinectManager.run()V+12
j  java.lang.Thread.run()V+11
v  ~StubRoutines::call_stub
V  [jvm.dll+0x12964a]
V  [jvm.dll+0x1d851e]
V  [jvm.dll+0x129833]
V  [jvm.dll+0x129897]
V  [jvm.dll+0xd24af]
V  [jvm.dll+0x149977]
V  [jvm.dll+0x149ae0]
V  [jvm.dll+0x17e049]
C  [msvcr100.dll+0x5c6de]  endthreadex+0x3a
C  [msvcr100.dll+0x5c788]  endthreadex+0xe4
C  [kernel32.dll+0x4ed6c]  BaseThreadInitThunk+0x12
C  [ntdll.dll+0x6377b]  RtlInitializeExceptionChain+0xef
C  [ntdll.dll+0x6374e]  RtlInitializeExceptionChain+0xc2

Java frames: (J=compiled Java code, j=interpreted, Vv=VM code)
j  org.OpenNI.NativeMethods.xnUnregisterUserCallbacks(JJ)V+0
j  org.OpenNI.UserGenerator$1.unregisterNative(J)V+8
j  org.OpenNI.Observable.deleteObserver(Lorg/OpenNI/IObserver;)V+24
j  KinectPackage.SkeletonManager.reset()V+11
j  KinectPackage.SkeletonManager.access$8(LKinectPackage/SkeletonManager;)V+1
j  KinectPackage.SkeletonManager$LostUserObserver.update(Lorg/OpenNI/IObservable;Lorg/OpenNI/UserEventArgs;)V+183
j  KinectPackage.SkeletonManager$LostUserObserver.update(Lorg/OpenNI/IObservable;Ljava/lang/Object;)V+9
j  org.OpenNI.Observable.notify(Ljava/lang/Object;)V+30
j  org.OpenNI.UserGenerator$2.callback(I)V+9
v  ~StubRoutines::call_stub
j  org.OpenNI.NativeMethods.xnWaitAnyUpdateAll(J)I+0
j  org.OpenNI.Context.waitAnyUpdateAll()V+4
j  KinectPackage.KinectManager.run()V+12
j  java.lang.Thread.run()V+11
v  ~StubRoutines::call_stub

---------------  P R O C E S S  ---------------

Java Threads: ( => current thread )
  0x001db400 JavaThread "DestroyJavaVM" [_thread_blocked, id=6376, stack(0x006b0000,0x00700000)]
  0x1610fc00 JavaThread "Thread-6" [_thread_in_Java, id=6540, stack(0x17900000,0x17950000)]
  0x00848800 JavaThread "Thread-5" [_thread_in_Java, id=6536, stack(0x179a0000,0x179f0000)]
  0x1619cc00 JavaThread "AWT-Windows" daemon [_thread_in_native, id=6532, stack(0x17650000,0x176a0000)]
  0x1616a000 JavaThread "Java2D Disposer" daemon [_thread_blocked, id=6524, stack(0x176b0000,0x17700000)]
=>0x05b3ec00 JavaThread "Thread-1" [_thread_in_native, id=6472, stack(0x14980000,0x149d0000)]
  0x0082a800 JavaThread "Service Thread" daemon [_thread_blocked, id=6404, stack(0x03980000,0x039d0000)]
  0x00826000 JavaThread "C1 CompilerThread0" daemon [_thread_blocked, id=6400, stack(0x038f0000,0x03940000)]
  0x00825000 JavaThread "Attach Listener" daemon [_thread_blocked, id=6396, stack(0x038a0000,0x038f0000)]
  0x0081a400 JavaThread "Signal Dispatcher" daemon [_thread_blocked, id=6392, stack(0x03690000,0x036e0000)]
  0x00804400 JavaThread "Finalizer" daemon [_thread_blocked, id=6388, stack(0x00860000,0x008b0000)]
  0x00802800 JavaThread "Reference Handler" daemon [_thread_blocked, id=6384, stack(0x03800000,0x03850000)]

Other Threads:
  0x00801400 VMThread [stack: 0x03750000,0x037a0000] [id=6380]
  0x0083cc00 WatcherThread [stack: 0x03b10000,0x03b60000] [id=6408]

VM state:not at safepoint (normal execution)

VM Mutex/Monitor currently owned by a thread: None

Heap
 def new generation   total 78656K, used 61990K [0x23980000, 0x28ed0000, 0x28ed0000)
  eden space 69952K,  88% used [0x23980000, 0x275e9698, 0x27dd0000)
  from space 8704K,   1% used [0x28650000, 0x28670550, 0x28ed0000)
  to   space 8704K,   0% used [0x27dd0000, 0x27dd0000, 0x28650000)
 tenured generation   total 174784K, used 103379K [0x28ed0000, 0x33980000, 0x33980000)
   the space 174784K,  59% used [0x28ed0000, 0x2f3c4e58, 0x2f3c5000, 0x33980000)
 compacting perm gen  total 12288K, used 3089K [0x33980000, 0x34580000, 0x37980000)
   the space 12288K,  25% used [0x33980000, 0x33c84690, 0x33c84800, 0x34580000)
    ro space 10240K,  42% used [0x37980000, 0x37dbe580, 0x37dbe600, 0x38380000)
    rw space 12288K,  54% used [0x38380000, 0x389ff128, 0x389ff200, 0x38f80000)

Code Cache  [0x01550000, 0x016f8000, 0x03550000)
 total_blobs=997 nmethods=707 adapters=225 free_code_cache=31102Kb largest_free_block=31848832

Compilation events (10 events):
Event: 28.607 Thread 0x00826000  700             java.util.concurrent.locks.AbstractQueuedSynchronizer::setHeadAndPropagate (49 bytes)
Event: 28.608 Thread 0x00826000 nmethod 700 0x016efbc8 code [0x016efcd0, 0x016efdfc]
Event: 28.678 Thread 0x00826000  701             java.util.concurrent.CopyOnWriteArrayList::getArray (5 bytes)
Event: 28.678 Thread 0x00826000 nmethod 701 0x016eff08 code [0x016f0000, 0x016f0080]
Event: 28.848 Thread 0x00826000  702             java.util.concurrent.CopyOnWriteArrayList::iterator (14 bytes)
Event: 28.849 Thread 0x00826000 nmethod 702 0x016f00c8 code [0x016f01c0, 0x016f0290]
Event: 28.849 Thread 0x00826000  703             java.util.concurrent.CopyOnWriteArrayList$COWIterator::<init> (7 bytes)
Event: 28.849 Thread 0x00826000 nmethod 703 0x016f0308 code [0x016f0400, 0x016f0490]
Event: 28.849 Thread 0x00826000  704             java.util.concurrent.CopyOnWriteArrayList$COWIterator::<init> (15 bytes)
Event: 28.849 Thread 0x00826000 nmethod 704 0x016f04c8 code [0x016f05c0, 0x016f0650]

GC Heap History (10 events):
Event: 27.292 GC heap before
{Heap before GC invocations=49 (full 18):
 def new generation   total 78656K, used 70101K [0x23980000, 0x28ed0000, 0x28ed0000)
  eden space 69952K, 100% used [0x23980000, 0x27dd0000, 0x27dd0000)
  from space 8704K,   1% used [0x27dd0000, 0x27df5768, 0x28650000)
  to   space 8704K,   0% used [0x28650000, 0x28650000, 0x28ed0000)
 tenured generation   total 174784K, used 103361K [0x28ed0000, 0x33980000, 0x33980000)
   the space 174784K,  59% used [0x28ed0000, 0x2f3c06f8, 0x2f3c0800, 0x33980000)
 compacting perm gen  total 12288K, used 3089K [0x33980000, 0x34580000, 0x37980000)
   the space 12288K,  25% used [0x33980000, 0x33c84690, 0x33c84800, 0x34580000)
    ro space 10240K,  42% used [0x37980000, 0x37dbe580, 0x37dbe600, 0x38380000)
    rw space 12288K,  54% used [0x38380000, 0x389ff128, 0x389ff200, 0x38f80000)
Event: 27.294 GC heap after
Heap after GC invocations=50 (full 18):
 def new generation   total 78656K, used 146K [0x23980000, 0x28ed0000, 0x28ed0000)
  eden space 69952K,   0% used [0x23980000, 0x23980000, 0x27dd0000)
  from space 8704K,   1% used [0x28650000, 0x28674818, 0x28ed0000)
  to   space 8704K,   0% used [0x27dd0000, 0x27dd0000, 0x28650000)
 tenured generation   total 174784K, used 103361K [0x28ed0000, 0x33980000, 0x33980000)
   the space 174784K,  59% used [0x28ed0000, 0x2f3c06f8, 0x2f3c0800, 0x33980000)
 compacting perm gen  total 12288K, used 3089K [0x33980000, 0x34580000, 0x37980000)
   the space 12288K,  25% used [0x33980000, 0x33c84690, 0x33c84800, 0x34580000)
    ro space 10240K,  42% used [0x37980000, 0x37dbe580, 0x37dbe600, 0x38380000)
    rw space 12288K,  54% used [0x38380000, 0x389ff128, 0x389ff200, 0x38f80000)
}
Event: 27.692 GC heap before
{Heap before GC invocations=50 (full 18):
 def new generation   total 78656K, used 70098K [0x23980000, 0x28ed0000, 0x28ed0000)
  eden space 69952K, 100% used [0x23980000, 0x27dd0000, 0x27dd0000)
  from space 8704K,   1% used [0x28650000, 0x28674818, 0x28ed0000)
  to   space 8704K,   0% used [0x27dd0000, 0x27dd0000, 0x28650000)
 tenured generation   total 174784K, used 103361K [0x28ed0000, 0x33980000, 0x33980000)
   the space 174784K,  59% used [0x28ed0000, 0x2f3c06f8, 0x2f3c0800, 0x33980000)
 compacting perm gen  total 12288K, used 3089K [0x33980000, 0x34580000, 0x37980000)
   the space 12288K,  25% used [0x33980000, 0x33c84690, 0x33c84800, 0x34580000)
    ro space 10240K,  42% used [0x37980000, 0x37dbe580, 0x37dbe600, 0x38380000)
    rw space 12288K,  54% used [0x38380000, 0x389ff128, 0x389ff200, 0x38f80000)
Event: 27.693 GC heap after
Heap after GC invocations=51 (full 18):
 def new generation   total 78656K, used 126K [0x23980000, 0x28ed0000, 0x28ed0000)
  eden space 69952K,   0% used [0x23980000, 0x23980000, 0x27dd0000)
  from space 8704K,   1% used [0x27dd0000, 0x27def9a8, 0x28650000)
  to   space 8704K,   0% used [0x28650000, 0x28650000, 0x28ed0000)
 tenured generation   total 174784K, used 103370K [0x28ed0000, 0x33980000, 0x33980000)
   the space 174784K,  59% used [0x28ed0000, 0x2f3c2a00, 0x2f3c2a00, 0x33980000)
 compacting perm gen  total 12288K, used 3089K [0x33980000, 0x34580000, 0x37980000)
   the space 12288K,  25% used [0x33980000, 0x33c84690, 0x33c84800, 0x34580000)
    ro space 10240K,  42% used [0x37980000, 0x37dbe580, 0x37dbe600, 0x38380000)
    rw space 12288K,  54% used [0x38380000, 0x389ff128, 0x389ff200, 0x38f80000)
}
Event: 28.110 GC heap before
{Heap before GC invocations=51 (full 18):
 def new generation   total 78656K, used 70078K [0x23980000, 0x28ed0000, 0x28ed0000)
  eden space 69952K, 100% used [0x23980000, 0x27dd0000, 0x27dd0000)
  from space 8704K,   1% used [0x27dd0000, 0x27def9a8, 0x28650000)
  to   space 8704K,   0% used [0x28650000, 0x28650000, 0x28ed0000)
 tenured generation   total 174784K, used 103370K [0x28ed0000, 0x33980000, 0x33980000)
   the space 174784K,  59% used [0x28ed0000, 0x2f3c2a00, 0x2f3c2a00, 0x33980000)
 compacting perm gen  total 12288K, used 3089K [0x33980000, 0x34580000, 0x37980000)
   the space 12288K,  25% used [0x33980000, 0x33c84690, 0x33c84800, 0x34580000)
    ro space 10240K,  42% used [0x37980000, 0x37dbe580, 0x37dbe600, 0x38380000)
    rw space 12288K,  54% used [0x38380000, 0x389ff128, 0x389ff200, 0x38f80000)
Event: 28.111 GC heap after
Heap after GC invocations=52 (full 18):
 def new generation   total 78656K, used 136K [0x23980000, 0x28ed0000, 0x28ed0000)
  eden space 69952K,   0% used [0x23980000, 0x23980000, 0x27dd0000)
  from space 8704K,   1% used [0x28650000, 0x28672160, 0x28ed0000)
  to   space 8704K,   0% used [0x27dd0000, 0x27dd0000, 0x28650000)
 tenured generation   total 174784K, used 103370K [0x28ed0000, 0x33980000, 0x33980000)
   the space 174784K,  59% used [0x28ed0000, 0x2f3c2a00, 0x2f3c2a00, 0x33980000)
 compacting perm gen  total 12288K, used 3089K [0x33980000, 0x34580000, 0x37980000)
   the space 12288K,  25% used [0x33980000, 0x33c84690, 0x33c84800, 0x34580000)
    ro space 10240K,  42% used [0x37980000, 0x37dbe580, 0x37dbe600, 0x38380000)
    rw space 12288K,  54% used [0x38380000, 0x389ff128, 0x389ff200, 0x38f80000)
}
Event: 28.510 GC heap before
{Heap before GC invocations=52 (full 18):
 def new generation   total 78656K, used 70088K [0x23980000, 0x28ed0000, 0x28ed0000)
  eden space 69952K, 100% used [0x23980000, 0x27dd0000, 0x27dd0000)
  from space 8704K,   1% used [0x28650000, 0x28672160, 0x28ed0000)
  to   space 8704K,   0% used [0x27dd0000, 0x27dd0000, 0x28650000)
 tenured generation   total 174784K, used 103370K [0x28ed0000, 0x33980000, 0x33980000)
   the space 174784K,  59% used [0x28ed0000, 0x2f3c2a00, 0x2f3c2a00, 0x33980000)
 compacting perm gen  total 12288K, used 3089K [0x33980000, 0x34580000, 0x37980000)
   the space 12288K,  25% used [0x33980000, 0x33c84690, 0x33c84800, 0x34580000)
    ro space 10240K,  42% used [0x37980000, 0x37dbe580, 0x37dbe600, 0x38380000)
    rw space 12288K,  54% used [0x38380000, 0x389ff128, 0x389ff200, 0x38f80000)
Event: 28.511 GC heap after
Heap after GC invocations=53 (full 18):
 def new generation   total 78656K, used 122K [0x23980000, 0x28ed0000, 0x28ed0000)
  eden space 69952K,   0% used [0x23980000, 0x23980000, 0x27dd0000)
  from space 8704K,   1% used [0x27dd0000, 0x27deeb00, 0x28650000)
  to   space 8704K,   0% used [0x28650000, 0x28650000, 0x28ed0000)
 tenured generation   total 174784K, used 103379K [0x28ed0000, 0x33980000, 0x33980000)
   the space 174784K,  59% used [0x28ed0000, 0x2f3c4d48, 0x2f3c4e00, 0x33980000)
 compacting perm gen  total 12288K, used 3089K [0x33980000, 0x34580000, 0x37980000)
   the space 12288K,  25% used [0x33980000, 0x33c84690, 0x33c84800, 0x34580000)
    ro space 10240K,  42% used [0x37980000, 0x37dbe580, 0x37dbe600, 0x38380000)
    rw space 12288K,  54% used [0x38380000, 0x389ff128, 0x389ff200, 0x38f80000)
}
Event: 28.939 GC heap before
{Heap before GC invocations=53 (full 18):
 def new generation   total 78656K, used 70074K [0x23980000, 0x28ed0000, 0x28ed0000)
  eden space 69952K, 100% used [0x23980000, 0x27dd0000, 0x27dd0000)
  from space 8704K,   1% used [0x27dd0000, 0x27deeb00, 0x28650000)
  to   space 8704K,   0% used [0x28650000, 0x28650000, 0x28ed0000)
 tenured generation   total 174784K, used 103379K [0x28ed0000, 0x33980000, 0x33980000)
   the space 174784K,  59% used [0x28ed0000, 0x2f3c4d48, 0x2f3c4e00, 0x33980000)
 compacting perm gen  total 12288K, used 3089K [0x33980000, 0x34580000, 0x37980000)
   the space 12288K,  25% used [0x33980000, 0x33c84690, 0x33c84800, 0x34580000)
    ro space 10240K,  42% used [0x37980000, 0x37dbe580, 0x37dbe600, 0x38380000)
    rw space 12288K,  54% used [0x38380000, 0x389ff128, 0x389ff200, 0x38f80000)
Event: 28.941 GC heap after
Heap after GC invocations=54 (full 18):
 def new generation   total 78656K, used 129K [0x23980000, 0x28ed0000, 0x28ed0000)
  eden space 69952K,   0% used [0x23980000, 0x23980000, 0x27dd0000)
  from space 8704K,   1% used [0x28650000, 0x28670550, 0x28ed0000)
  to   space 8704K,   0% used [0x27dd0000, 0x27dd0000, 0x28650000)
 tenured generation   total 174784K, used 103379K [0x28ed0000, 0x33980000, 0x33980000)
   the space 174784K,  59% used [0x28ed0000, 0x2f3c4e58, 0x2f3c5000, 0x33980000)
 compacting perm gen  total 12288K, used 3089K [0x33980000, 0x34580000, 0x37980000)
   the space 12288K,  25% used [0x33980000, 0x33c84690, 0x33c84800, 0x34580000)
    ro space 10240K,  42% used [0x37980000, 0x37dbe580, 0x37dbe600, 0x38380000)
    rw space 12288K,  54% used [0x38380000, 0x389ff128, 0x389ff200, 0x38f80000)
}

Deoptimization events (0 events):
No events

Internal exceptions (10 events):
Event: 21.151 Thread 0x160c6000 Threw 0x27850778 at C:\jdk7u5_32P\jdk7u5\hotspot\src\share\vm\interpreter\interpreterRuntime.cpp:347
Event: 21.151 Thread 0x160c6000 Threw 0x27851a08 at C:\jdk7u5_32P\jdk7u5\hotspot\src\share\vm\interpreter\interpreterRuntime.cpp:347
Event: 21.151 Thread 0x162b5400 Threw 0x276afc68 at C:\jdk7u5_32P\jdk7u5\hotspot\src\share\vm\interpreter\interpreterRuntime.cpp:347
Event: 21.151 Thread 0x160c6000 Threw 0x278528b8 at C:\jdk7u5_32P\jdk7u5\hotspot\src\share\vm\prims\jvm.cpp:1166
Event: 21.151 Thread 0x160c6000 Threw 0x27856298 at C:\jdk7u5_32P\jdk7u5\hotspot\src\share\vm\prims\jvm.cpp:1166
Event: 21.152 Thread 0x00848800 Threw 0x273eb548 at C:\jdk7u5_32P\jdk7u5\hotspot\src\share\vm\prims\jvm.cpp:1166
Event: 21.152 Thread 0x00848800 Threw 0x2796aec8 at C:\jdk7u5_32P\jdk7u5\hotspot\src\share\vm\prims\jvm.cpp:1166
Event: 21.153 Thread 0x162b5c00 Threw 0x275d3920 at C:\jdk7u5_32P\jdk7u5\hotspot\src\share\vm\prims\jvm.cpp:1166
Event: 21.153 Thread 0x162b5c00 Threw 0x275d5de0 at C:\jdk7u5_32P\jdk7u5\hotspot\src\share\vm\prims\jvm.cpp:1166
Event: 22.118 Thread 0x1610fc00 Threw 0x26776e50 at C:\jdk7u5_32P\jdk7u5\hotspot\src\share\vm\prims\jvm.cpp:1166

Events (10 events):
Event: 29.178 Thread 0x16383000 Thread exited: 0x16383000
Event: 29.180 Thread 0x16381c00 Thread exited: 0x16381c00
Event: 29.208 Thread 0x16381c00 Thread added: 0x16381c00
Event: 29.208 Thread 0x16383000 Thread added: 0x16383000
Event: 29.208 Thread 0x16383000 Thread exited: 0x16383000
Event: 29.210 Thread 0x16381c00 Thread exited: 0x16381c00
Event: 29.237 Thread 0x16381c00 Thread added: 0x16381c00
Event: 29.238 Thread 0x16383000 Thread added: 0x16383000
Event: 29.238 Thread 0x16383000 Thread exited: 0x16383000
Event: 29.240 Thread 0x16381c00 Thread exited: 0x16381c00


Dynamic libraries:
0x00920000 - 0x0094f000 	C:\Windows\system32\java.exe
0x77b30000 - 0x77c6c000 	C:\Windows\SYSTEM32\ntdll.dll
0x774a0000 - 0x77574000 	C:\Windows\system32\kernel32.dll
0x75ef0000 - 0x75f3a000 	C:\Windows\system32\KERNELBASE.dll
0x77360000 - 0x77400000 	C:\Windows\system32\ADVAPI32.dll
0x77580000 - 0x7762c000 	C:\Windows\system32\msvcrt.dll
0x77340000 - 0x77359000 	C:\Windows\SYSTEM32\sechost.dll
0x77630000 - 0x776d1000 	C:\Windows\system32\RPCRT4.dll
0x77a60000 - 0x77b29000 	C:\Windows\system32\USER32.dll
0x77400000 - 0x7744e000 	C:\Windows\system32\GDI32.dll
0x76310000 - 0x7631a000 	C:\Windows\system32\LPK.dll
0x779c0000 - 0x77a5d000 	C:\Windows\system32\USP10.dll
0x749f0000 - 0x74b8e000 	C:\Windows\WinSxS\x86_microsoft.windows.common-controls_6595b64144ccf1df_6.0.7601.17514_none_41e6975e2bd6f2b2\COMCTL32.dll
0x77c90000 - 0x77ce7000 	C:\Windows\system32\SHLWAPI.dll
0x77450000 - 0x7746f000 	C:\Windows\system32\IMM32.DLL
0x77270000 - 0x7733c000 	C:\Windows\system32\MSCTF.dll
0x67980000 - 0x67a3e000 	C:\Program Files\Java\jre7\bin\msvcr100.dll
0x656a0000 - 0x659ea000 	C:\Program Files\Java\jre7\bin\client\jvm.dll
0x69320000 - 0x69327000 	C:\Windows\system32\WSOCK32.dll
0x765e0000 - 0x76615000 	C:\Windows\system32\WS2_32.dll
0x77c80000 - 0x77c86000 	C:\Windows\system32\NSI.dll
0x74150000 - 0x74182000 	C:\Windows\system32\WINMM.dll
0x77cf0000 - 0x77cf5000 	C:\Windows\system32\PSAPI.DLL
0x73ea0000 - 0x73eac000 	C:\Program Files\Java\jre7\bin\verify.dll
0x71a40000 - 0x71a60000 	C:\Program Files\Java\jre7\bin\java.dll
0x718a0000 - 0x718b3000 	C:\Program Files\Java\jre7\bin\zip.dll
0x71690000 - 0x716a4000 	C:\Program Files\Java\jre7\bin\net.dll
0x75730000 - 0x7576c000 	C:\Windows\system32\mswsock.dll
0x75720000 - 0x75726000 	C:\Windows\System32\wship6.dll
0x10000000 - 0x1000c000 	C:\Windows\System32\LibusbJava.dll
0x70d50000 - 0x70d61000 	C:\Windows\system32\libusb0.dll
0x76440000 - 0x765dd000 	C:\Windows\system32\SETUPAPI.dll
0x75f40000 - 0x75f67000 	C:\Windows\system32\CFGMGR32.dll
0x76010000 - 0x7609f000 	C:\Windows\system32\OLEAUT32.dll
0x761b0000 - 0x7630c000 	C:\Windows\system32\ole32.dll
0x75f70000 - 0x75f82000 	C:\Windows\system32\DEVOBJ.dll
0x70d30000 - 0x70d4e000 	C:\Program Files\OpenNI\Bin\OpenNI.jni.dll
0x70ce0000 - 0x70d30000 	C:\Program Files\OpenNI\Bin\OpenNI.dll
0x76620000 - 0x7726a000 	C:\Windows\system32\SHELL32.dll
0x6fc90000 - 0x6fca8000 	C:\Program Files\OpenNI\bin\nimRecorder.dll
0x6ec90000 - 0x6ecaa000 	C:\Program Files\OpenNI\bin\nimMockNodes.dll
0x67910000 - 0x67959000 	C:\Program Files\OpenNI\bin\nimCodecs.dll
0x6eba0000 - 0x6ebc0000 	C:\Program Files\PrimeSense\SensorKinect\Bin\XnDeviceFile.dll
0x73e90000 - 0x73e9b000 	C:\Program Files\PrimeSense\SensorKinect\Bin\XnCore.dll
0x67860000 - 0x67903000 	C:\Windows\WinSxS\x86_microsoft.vc90.crt_1fc8b3b9a1e18e3b_9.0.30729.6161_none_50934f2ebcb7eb57\MSVCR90.dll
0x67d80000 - 0x67db8000 	C:\Program Files\PrimeSense\SensorKinect\Bin\XnDDK.dll
0x676b0000 - 0x676f4000 	C:\Program Files\PrimeSense\SensorKinect\Bin\XnFormats.dll
0x67660000 - 0x676af000 	C:\Program Files\PrimeSense\SensorKinect\Bin\XnDeviceSensorV2KM.dll
0x62280000 - 0x62518000 	C:\Program Files\PrimeSense\NITE\Features_1_3_0\Bin\XnVFeatures_1_3_0.dll
0x675d0000 - 0x6765e000 	C:\Windows\WinSxS\x86_microsoft.vc90.crt_1fc8b3b9a1e18e3b_9.0.30729.6161_none_50934f2ebcb7eb57\MSVCP90.dll
0x65ed0000 - 0x6611f000 	C:\Program Files\PrimeSense\NITE\Features_1_3_1\Bin\XnVFeatures_1_3_1.dll
0x61790000 - 0x619a9000 	C:\Program Files\PrimeSense\NITE\Features_1_4_1\Bin\XnVFeatures_1_4_1.dll
0x61570000 - 0x61786000 	C:\Program Files\PrimeSense\NITE\Features_1_4_2\Bin\XnVFeatures_1_4_2.dll
0x61260000 - 0x61567000 	C:\Program Files\PrimeSense\NITE\Features_1_5_2\Bin\XnVFeatures_1_5_2.dll
0x674f0000 - 0x675c7000 	C:\Program Files\PrimeSense\NITE\Hands_1_3_0\Bin\XnVHandGenerator_1_3_0.dll
0x65cd0000 - 0x65dac000 	C:\Program Files\PrimeSense\NITE\Hands_1_3_1\Bin\XnVHandGenerator_1_3_1.dll
0x66c20000 - 0x66cfd000 	C:\Program Files\PrimeSense\NITE\Hands_1_4_1\Bin\XnVHandGenerator_1_4_1.dll
0x655c0000 - 0x6569d000 	C:\Program Files\PrimeSense\NITE\Hands_1_4_2\Bin\XnVHandGenerator_1_4_2.dll
0x62190000 - 0x6227c000 	C:\Program Files\PrimeSense\NITE\Hands_1_5_2\Bin\XnVHandGenerator_1_5_2.dll
0x749b0000 - 0x749f0000 	C:\Windows\system32\uxtheme.dll
0x75f90000 - 0x75fbd000 	C:\Windows\system32\WINTRUST.dll
0x75d40000 - 0x75e5e000 	C:\Windows\system32\CRYPT32.dll
0x75d30000 - 0x75d3c000 	C:\Windows\system32\MSASN1.dll
0x75bf0000 - 0x75c3c000 	C:\Windows\system32\apphelp.dll
0x75240000 - 0x75245000 	C:\Windows\System32\wshtcpip.dll
0x73ae0000 - 0x73aef000 	C:\Program Files\Java\jre7\bin\nio.dll
0x5fa70000 - 0x5fbb2000 	C:\Program Files\Java\jre7\bin\awt.dll
0x746d0000 - 0x746e3000 	C:\Windows\system32\dwmapi.dll
0x75c40000 - 0x75c4c000 	C:\Windows\system32\CRYPTBASE.dll
0x71b70000 - 0x71b76000 	C:\Program Files\Java\jre7\bin\jawt.dll
0x17700000 - 0x177d3000 	C:\Windows\System32\j3dcore-d3d.dll
0x723d0000 - 0x72593000 	C:\Windows\system32\d3d9.dll
0x75170000 - 0x75179000 	C:\Windows\system32\VERSION.dll
0x72340000 - 0x72346000 	C:\Windows\system32\d3d8thk.dll
0x74310000 - 0x7434c000 	C:\Windows\system32\OLEACC.dll
0x6f590000 - 0x6f5e1000 	C:\Windows\system32\WINSPOOL.DRV
0x73f70000 - 0x7405b000 	C:\Windows\system32\dbghelp.dll

VM Arguments:
jvm_args: -Djava 
java_command: SANDRAExecutable.jar 193.156.105.142 7540 kinectJoints
Launcher Type: SUN_STANDARD

Environment Variables:
CLASSPATH=C:\Program Files\OpenNI\Bin\org.OpenNI.jar
PATH=C:\Program Files\Intel\iCLS Client\;C:\Program Files\AMD APP\bin\x86;C:\Windows\system32;C:\Windows;C:\Windows\System32\Wbem;C:\Windows\System32\WindowsPowerShell\v1.0\;C:\Program Files\ATI Technologies\ATI.ACE\Core-Static;C:\Users\norut\AppData\Roaming\npm;C:\Program Files\nodejs\;C:\Program Files\Intel\Intel(R) Management Engine Components\DAL;C:\Program Files\Intel\Intel(R) Management Engine Components\IPT;C:\Program Files\OpenNI\Bin;C:\Program Files\PrimeSense\NITE\bin;C:\Program Files\AMD APP\bin\x86;C:\Windows\system32;C:\Windows;C:\Windows\System32\Wbem;C:\Windows\System32\WindowsPowerShell\v1.0\;C:\Program Files\ATI Technologies\ATI.ACE\Core-Static;C:\Program Files\nodejs
USERNAME=norut
OS=Windows_NT
PROCESSOR_IDENTIFIER=x86 Family 6 Model 58 Stepping 9, GenuineIntel



---------------  S Y S T E M  ---------------

OS: Windows 7 Build 7601 Service Pack 1

CPU:total 4 (4 cores per cpu, 1 threads per core) family 6 model 58 stepping 9, cmov, cx8, fxsr, mmx, sse, sse2, sse3, ssse3, sse4.1, sse4.2, popcnt, avx, tsc, tscinvbit, tscinv

Memory: 4k page, physical 3638896k(1814244k free), swap 7276036k(4827008k free)

vm_info: Java HotSpot(TM) Client VM (23.1-b03) for windows-x86 JRE (1.7.0_05-b05), built on May 15 2012 18:11:27 by "java_re" with unknown MS VC++:1600

time: Thu Jul 12 11:40:24 2012
elapsed time: 29 seconds

