#
# A fatal error has been detected by the Java Runtime Environment:
#
#  EXCEPTION_ACCESS_VIOLATION (0xc0000005) at pc=0x6ecd6c89, pid=5076, tid=5228
#
# JRE version: 7.0_05-b05
# Java VM: Java HotSpot(TM) Client VM (23.1-b03 mixed mode, sharing windows-x86 )
# Problematic frame:
# C  [OpenNI.jni.dll+0x6c89]  Java_org_OpenNI_NativeMethods_xnUnregisterUserCallbacks+0x19
#
# Failed to write core dump. Minidumps are not enabled by default on client versions of Windows
#
# If you would like to submit a bug report, please visit:
#   http://bugreport.sun.com/bugreport/crash.jsp
# The crash happened outside the Java Virtual Machine in native code.
# See problematic frame for where to report the bug.
#

---------------  T H R E A D  ---------------

Current thread (0x01abc800):  JavaThread "Thread-1" [_thread_in_native, id=5228, stack(0x0fdf0000,0x0fe40000)]

siginfo: ExceptionCode=0xc0000005, reading address 0x00000000

Registers:
EAX=0x00000000, EBX=0x33a4eae8, ECX=0x05c48ba4, EDX=0x00000407
ESP=0x0fe3eb70, EBP=0x0fe3ebc4, ESI=0x05c48b98, EDI=0x01abc800
EIP=0x6ecd6c89, EFLAGS=0x00010202

Top of Stack: (sp=0x0fe3eb70)
0x0fe3eb70:   05c26200 05c48bd8 33a4eae8 01afa707
0x0fe3eb80:   01abc928 0fe3ebcc 05c26200 00000000
0x0fe3eb90:   05c48b98 00000000 0fe3ebe8 01c08750
0x0fe3eba0:   379ea284 0fe3eba4 00000000 0fe3ebe0
0x0fe3ebb0:   33a528e0 00000000 33a4eae8 00000000
0x0fe3ebc0:   0fe3ebd4 0fe3ec04 01af32c7 28fa6ce8
0x0fe3ebd0:   01af8989 05c48b98 00000000 05c26200
0x0fe3ebe0:   00000000 0fe3ebe4 33a59268 0fe3ec14 

Instructions: (pc=0x6ecd6c89)
0x6ecd6c69:   cc cc cc cc cc cc cc 8b 4c 24 0c 56 8b 74 24 18
0x6ecd6c79:   8b 46 10 50 51 ff 15 64 b4 cd 6e 8b 06 8b 4e 08
0x6ecd6c89:   8b 10 8b 52 58 83 c4 08 51 50 ff d2 56 ff 15 84
0x6ecd6c99:   b0 cd 6e 83 c4 04 5e c2 18 00 cc cc cc cc cc cc 


Register to memory mapping:

EAX=0x00000000 is an unknown value
EBX=0x33a4eae8 is an oop
{method} 
 - klass: {other class}
ECX=0x05c48ba4 is an unknown value
EDX=0x00000407 is an unknown value
ESP=0x0fe3eb70 is pointing into the stack for thread: 0x01abc800
EBP=0x0fe3ebc4 is pointing into the stack for thread: 0x01abc800
ESI=0x05c48b98 is an unknown value
EDI=0x01abc800 is a thread


Stack: [0x0fdf0000,0x0fe40000],  sp=0x0fe3eb70,  free space=314k
Native frames: (J=compiled Java code, j=interpreted, Vv=VM code, C=native code)
C  [OpenNI.jni.dll+0x6c89]  Java_org_OpenNI_NativeMethods_xnUnregisterUserCallbacks+0x19
j  org.OpenNI.UserGenerator$1.unregisterNative(J)V+8
j  org.OpenNI.Observable.deleteObserver(Lorg/OpenNI/IObserver;)V+24
j  KinectPackage.SkeletonManager.reset()V+11
j  KinectPackage.SkeletonManager.access$8(LKinectPackage/SkeletonManager;)V+1
j  KinectPackage.SkeletonManager$LostUserObserver.update(Lorg/OpenNI/IObservable;Lorg/OpenNI/UserEventArgs;)V+183
j  KinectPackage.SkeletonManager$LostUserObserver.update(Lorg/OpenNI/IObservable;Ljava/lang/Object;)V+9
j  org.OpenNI.Observable.notify(Ljava/lang/Object;)V+30
j  org.OpenNI.UserGenerator$2.callback(I)V+9
v  ~StubRoutines::call_stub
V  [jvm.dll+0x12964a]
V  [jvm.dll+0x1d851e]
V  [jvm.dll+0x1296cd]
V  [jvm.dll+0xae4da]
V  [jvm.dll+0xb1d93]
C  [OpenNI.jni.dll+0x10ea]  JNI_OnUnload+0x6a
C  [XnVFeatures_1_5_2.dll+0x959a8]  xnModuleGetOpenNIVersion+0x57988
C  [XnVFeatures_1_5_2.dll+0x7b5d8]  xnModuleGetOpenNIVersion+0x3d5b8
C  [XnVFeatures_1_5_2.dll+0xb1538]  xnModuleGetOpenNIVersion+0x73518
C  [XnVFeatures_1_5_2.dll+0x95266]  xnModuleGetOpenNIVersion+0x57246
C  [OpenNI.jni.dll+0x2eab]  Java_org_OpenNI_NativeMethods_xnWaitAnyUpdateAll+0xb
j  org.OpenNI.Context.waitAnyUpdateAll()V+4
j  KinectPackage.KinectManager.run()V+12
j  java.lang.Thread.run()V+11
v  ~StubRoutines::call_stub
V  [jvm.dll+0x12964a]
V  [jvm.dll+0x1d851e]
V  [jvm.dll+0x129833]
V  [jvm.dll+0x129897]
V  [jvm.dll+0xd24af]
V  [jvm.dll+0x149977]
V  [jvm.dll+0x149ae0]
V  [jvm.dll+0x17e049]
C  [msvcr100.dll+0x5c6de]  endthreadex+0x3a
C  [msvcr100.dll+0x5c788]  endthreadex+0xe4
C  [kernel32.dll+0x4ed6c]  BaseThreadInitThunk+0x12
C  [ntdll.dll+0x6377b]  RtlInitializeExceptionChain+0xef
C  [ntdll.dll+0x6374e]  RtlInitializeExceptionChain+0xc2

Java frames: (J=compiled Java code, j=interpreted, Vv=VM code)
j  org.OpenNI.NativeMethods.xnUnregisterUserCallbacks(JJ)V+0
j  org.OpenNI.UserGenerator$1.unregisterNative(J)V+8
j  org.OpenNI.Observable.deleteObserver(Lorg/OpenNI/IObserver;)V+24
j  KinectPackage.SkeletonManager.reset()V+11
j  KinectPackage.SkeletonManager.access$8(LKinectPackage/SkeletonManager;)V+1
j  KinectPackage.SkeletonManager$LostUserObserver.update(Lorg/OpenNI/IObservable;Lorg/OpenNI/UserEventArgs;)V+183
j  KinectPackage.SkeletonManager$LostUserObserver.update(Lorg/OpenNI/IObservable;Ljava/lang/Object;)V+9
j  org.OpenNI.Observable.notify(Ljava/lang/Object;)V+30
j  org.OpenNI.UserGenerator$2.callback(I)V+9
v  ~StubRoutines::call_stub
J  org.OpenNI.NativeMethods.xnWaitAnyUpdateAll(J)I
j  org.OpenNI.Context.waitAnyUpdateAll()V+4
j  KinectPackage.KinectManager.run()V+12
j  java.lang.Thread.run()V+11
v  ~StubRoutines::call_stub

---------------  P R O C E S S  ---------------

Java Threads: ( => current thread )
  0x01abf400 JavaThread "DestroyJavaVM" [_thread_blocked, id=2672, stack(0x00200000,0x00250000)]
  0x01abf000 JavaThread "Thread-20" [_thread_in_Java, id=3412, stack(0x1a2b0000,0x1a300000)]
  0x01abe800 JavaThread "Thread-6" [_thread_in_native, id=2124, stack(0x17a20000,0x17a70000)]
  0x01abe000 JavaThread "Thread-5" [_thread_in_native, id=5440, stack(0x1a1c0000,0x1a210000)]
  0x01abdc00 JavaThread "AWT-Windows" daemon [_thread_in_native, id=5056, stack(0x17aa0000,0x17af0000)]
  0x01abd000 JavaThread "Java2D Disposer" daemon [_thread_blocked, id=5380, stack(0x1a0a0000,0x1a0f0000)]
=>0x01abc800 JavaThread "Thread-1" [_thread_in_native, id=5228, stack(0x0fdf0000,0x0fe40000)]
  0x01abc400 JavaThread "Service Thread" daemon [_thread_blocked, id=4452, stack(0x03eb0000,0x03f00000)]
  0x01ac7400 JavaThread "C1 CompilerThread0" daemon [_thread_blocked, id=348, stack(0x03cc0000,0x03d10000)]
  0x01abbc00 JavaThread "Attach Listener" daemon [_thread_blocked, id=4592, stack(0x03b10000,0x03b60000)]
  0x01abb400 JavaThread "Signal Dispatcher" daemon [_thread_blocked, id=4176, stack(0x03d10000,0x03d60000)]
  0x01aa4400 JavaThread "Finalizer" daemon [_thread_blocked, id=5008, stack(0x03c30000,0x03c80000)]
  0x01aa2800 JavaThread "Reference Handler" daemon [_thread_blocked, id=4400, stack(0x03bd0000,0x03c20000)]

Other Threads:
  0x01aa1400 VMThread [stack: 0x018e0000,0x01930000] [id=5804]
  0x01adec00 WatcherThread [stack: 0x03f00000,0x03f50000] [id=5700]

VM state:not at safepoint (normal execution)

VM Mutex/Monitor currently owned by a thread: None

Heap
 def new generation   total 78656K, used 65000K [0x23980000, 0x28ed0000, 0x28ed0000)
  eden space 69952K,  92% used [0x23980000, 0x278f1018, 0x27dd0000)
  from space 8704K,   0% used [0x27dd0000, 0x27dd9280, 0x28650000)
  to   space 8704K,   0% used [0x28650000, 0x28650000, 0x28ed0000)
 tenured generation   total 174784K, used 66063K [0x28ed0000, 0x33980000, 0x33980000)
   the space 174784K,  37% used [0x28ed0000, 0x2cf53e60, 0x2cf54000, 0x33980000)
 compacting perm gen  total 12288K, used 2915K [0x33980000, 0x34580000, 0x37980000)
   the space 12288K,  23% used [0x33980000, 0x33c58d70, 0x33c58e00, 0x34580000)
    ro space 10240K,  42% used [0x37980000, 0x37dbe580, 0x37dbe600, 0x38380000)
    rw space 12288K,  54% used [0x38380000, 0x389ff128, 0x389ff200, 0x38f80000)

Code Cache  [0x01af0000, 0x01ca8000, 0x03af0000)
 total_blobs=1056 nmethods=774 adapters=217 free_code_cache=31019Kb largest_free_block=31764352

Compilation events (10 events):
Event: 34.335 Thread 0x01ac7400  767   !         com.google.gson.Gson::assertFullConsumption (48 bytes)
Event: 34.335 Thread 0x01ac7400 nmethod 767 0x01ca4348 code [0x01ca4480, 0x01ca46e0]
Event: 36.999 Thread 0x01ac7400  768             java.lang.ref.WeakReference::<init> (6 bytes)
Event: 36.999 Thread 0x01ac7400 nmethod 768 0x01ca4908 code [0x01ca4a00, 0x01ca4aa0]
Event: 38.040 Thread 0x01ac7400  769             KinectPackage.KinectData::<init> (15 bytes)
Event: 38.040 Thread 0x01ac7400 nmethod 769 0x01ca4b08 code [0x01ca4c00, 0x01ca4ca0]
Event: 38.040 Thread 0x01ac7400  770             KinectPackage.KinectData::setMotorCommunicator (6 bytes)
Event: 38.040 Thread 0x01ac7400 nmethod 770 0x01ca4d08 code [0x01ca4e00, 0x01ca4e90]
Event: 38.040 Thread 0x01ac7400  771             KinectPackage.KinectData::setSkeletonManager (6 bytes)
Event: 38.040 Thread 0x01ac7400 nmethod 771 0x01ca4ec8 code [0x01ca4fc0, 0x01ca5050]

GC Heap History (10 events):
Event: 38.835 GC heap before
{Heap before GC invocations=210 (full 31):
 def new generation   total 78656K, used 70000K [0x23980000, 0x28ed0000, 0x28ed0000)
  eden space 69952K, 100% used [0x23980000, 0x27dd0000, 0x27dd0000)
  from space 8704K,   0% used [0x28650000, 0x2865c018, 0x28ed0000)
  to   space 8704K,   0% used [0x27dd0000, 0x27dd0000, 0x28650000)
 tenured generation   total 174784K, used 66063K [0x28ed0000, 0x33980000, 0x33980000)
   the space 174784K,  37% used [0x28ed0000, 0x2cf53dc8, 0x2cf53e00, 0x33980000)
 compacting perm gen  total 12288K, used 2915K [0x33980000, 0x34580000, 0x37980000)
   the space 12288K,  23% used [0x33980000, 0x33c58d70, 0x33c58e00, 0x34580000)
    ro space 10240K,  42% used [0x37980000, 0x37dbe580, 0x37dbe600, 0x38380000)
    rw space 12288K,  54% used [0x38380000, 0x389ff128, 0x389ff200, 0x38f80000)
Event: 38.835 GC heap after
Heap after GC invocations=211 (full 31):
 def new generation   total 78656K, used 31K [0x23980000, 0x28ed0000, 0x28ed0000)
  eden space 69952K,   0% used [0x23980000, 0x23980000, 0x27dd0000)
  from space 8704K,   0% used [0x27dd0000, 0x27dd7cc8, 0x28650000)
  to   space 8704K,   0% used [0x28650000, 0x28650000, 0x28ed0000)
 tenured generation   total 174784K, used 66063K [0x28ed0000, 0x33980000, 0x33980000)
   the space 174784K,  37% used [0x28ed0000, 0x2cf53dc8, 0x2cf53e00, 0x33980000)
 compacting perm gen  total 12288K, used 2915K [0x33980000, 0x34580000, 0x37980000)
   the space 12288K,  23% used [0x33980000, 0x33c58d70, 0x33c58e00, 0x34580000)
    ro space 10240K,  42% used [0x37980000, 0x37dbe580, 0x37dbe600, 0x38380000)
    rw space 12288K,  54% used [0x38380000, 0x389ff128, 0x389ff200, 0x38f80000)
}
Event: 38.915 GC heap before
{Heap before GC invocations=211 (full 31):
 def new generation   total 78656K, used 69983K [0x23980000, 0x28ed0000, 0x28ed0000)
  eden space 69952K, 100% used [0x23980000, 0x27dd0000, 0x27dd0000)
  from space 8704K,   0% used [0x27dd0000, 0x27dd7cc8, 0x28650000)
  to   space 8704K,   0% used [0x28650000, 0x28650000, 0x28ed0000)
 tenured generation   total 174784K, used 66063K [0x28ed0000, 0x33980000, 0x33980000)
   the space 174784K,  37% used [0x28ed0000, 0x2cf53dc8, 0x2cf53e00, 0x33980000)
 compacting perm gen  total 12288K, used 2915K [0x33980000, 0x34580000, 0x37980000)
   the space 12288K,  23% used [0x33980000, 0x33c58d70, 0x33c58e00, 0x34580000)
    ro space 10240K,  42% used [0x37980000, 0x37dbe580, 0x37dbe600, 0x38380000)
    rw space 12288K,  54% used [0x38380000, 0x389ff128, 0x389ff200, 0x38f80000)
Event: 38.916 GC heap after
Heap after GC invocations=212 (full 31):
 def new generation   total 78656K, used 50K [0x23980000, 0x28ed0000, 0x28ed0000)
  eden space 69952K,   0% used [0x23980000, 0x23980000, 0x27dd0000)
  from space 8704K,   0% used [0x28650000, 0x2865cbd8, 0x28ed0000)
  to   space 8704K,   0% used [0x27dd0000, 0x27dd0000, 0x28650000)
 tenured generation   total 174784K, used 66063K [0x28ed0000, 0x33980000, 0x33980000)
   the space 174784K,  37% used [0x28ed0000, 0x2cf53dc8, 0x2cf53e00, 0x33980000)
 compacting perm gen  total 12288K, used 2915K [0x33980000, 0x34580000, 0x37980000)
   the space 12288K,  23% used [0x33980000, 0x33c58d70, 0x33c58e00, 0x34580000)
    ro space 10240K,  42% used [0x37980000, 0x37dbe580, 0x37dbe600, 0x38380000)
    rw space 12288K,  54% used [0x38380000, 0x389ff128, 0x389ff200, 0x38f80000)
}
Event: 38.994 GC heap before
{Heap before GC invocations=212 (full 31):
 def new generation   total 78656K, used 70002K [0x23980000, 0x28ed0000, 0x28ed0000)
  eden space 69952K, 100% used [0x23980000, 0x27dd0000, 0x27dd0000)
  from space 8704K,   0% used [0x28650000, 0x2865cbd8, 0x28ed0000)
  to   space 8704K,   0% used [0x27dd0000, 0x27dd0000, 0x28650000)
 tenured generation   total 174784K, used 66063K [0x28ed0000, 0x33980000, 0x33980000)
   the space 174784K,  37% used [0x28ed0000, 0x2cf53dc8, 0x2cf53e00, 0x33980000)
 compacting perm gen  total 12288K, used 2915K [0x33980000, 0x34580000, 0x37980000)
   the space 12288K,  23% used [0x33980000, 0x33c58d70, 0x33c58e00, 0x34580000)
    ro space 10240K,  42% used [0x37980000, 0x37dbe580, 0x37dbe600, 0x38380000)
    rw space 12288K,  54% used [0x38380000, 0x389ff128, 0x389ff200, 0x38f80000)
Event: 38.995 GC heap after
Heap after GC invocations=213 (full 31):
 def new generation   total 78656K, used 45K [0x23980000, 0x28ed0000, 0x28ed0000)
  eden space 69952K,   0% used [0x23980000, 0x23980000, 0x27dd0000)
  from space 8704K,   0% used [0x27dd0000, 0x27ddb540, 0x28650000)
  to   space 8704K,   0% used [0x28650000, 0x28650000, 0x28ed0000)
 tenured generation   total 174784K, used 66063K [0x28ed0000, 0x33980000, 0x33980000)
   the space 174784K,  37% used [0x28ed0000, 0x2cf53dc8, 0x2cf53e00, 0x33980000)
 compacting perm gen  total 12288K, used 2915K [0x33980000, 0x34580000, 0x37980000)
   the space 12288K,  23% used [0x33980000, 0x33c58d70, 0x33c58e00, 0x34580000)
    ro space 10240K,  42% used [0x37980000, 0x37dbe580, 0x37dbe600, 0x38380000)
    rw space 12288K,  54% used [0x38380000, 0x389ff128, 0x389ff200, 0x38f80000)
}
Event: 39.037 GC heap before
{Heap before GC invocations=213 (full 31):
 def new generation   total 78656K, used 69997K [0x23980000, 0x28ed0000, 0x28ed0000)
  eden space 69952K, 100% used [0x23980000, 0x27dd0000, 0x27dd0000)
  from space 8704K,   0% used [0x27dd0000, 0x27ddb540, 0x28650000)
  to   space 8704K,   0% used [0x28650000, 0x28650000, 0x28ed0000)
 tenured generation   total 174784K, used 66063K [0x28ed0000, 0x33980000, 0x33980000)
   the space 174784K,  37% used [0x28ed0000, 0x2cf53dc8, 0x2cf53e00, 0x33980000)
 compacting perm gen  total 12288K, used 2915K [0x33980000, 0x34580000, 0x37980000)
   the space 12288K,  23% used [0x33980000, 0x33c58d70, 0x33c58e00, 0x34580000)
    ro space 10240K,  42% used [0x37980000, 0x37dbe580, 0x37dbe600, 0x38380000)
    rw space 12288K,  54% used [0x38380000, 0x389ff128, 0x389ff200, 0x38f80000)
Event: 39.038 GC heap after
Heap after GC invocations=214 (full 31):
 def new generation   total 78656K, used 25K [0x23980000, 0x28ed0000, 0x28ed0000)
  eden space 69952K,   0% used [0x23980000, 0x23980000, 0x27dd0000)
  from space 8704K,   0% used [0x28650000, 0x28656598, 0x28ed0000)
  to   space 8704K,   0% used [0x27dd0000, 0x27dd0000, 0x28650000)
 tenured generation   total 174784K, used 66063K [0x28ed0000, 0x33980000, 0x33980000)
   the space 174784K,  37% used [0x28ed0000, 0x2cf53dc8, 0x2cf53e00, 0x33980000)
 compacting perm gen  total 12288K, used 2915K [0x33980000, 0x34580000, 0x37980000)
   the space 12288K,  23% used [0x33980000, 0x33c58d70, 0x33c58e00, 0x34580000)
    ro space 10240K,  42% used [0x37980000, 0x37dbe580, 0x37dbe600, 0x38380000)
    rw space 12288K,  54% used [0x38380000, 0x389ff128, 0x389ff200, 0x38f80000)
}
Event: 39.074 GC heap before
{Heap before GC invocations=214 (full 31):
 def new generation   total 78656K, used 69977K [0x23980000, 0x28ed0000, 0x28ed0000)
  eden space 69952K, 100% used [0x23980000, 0x27dd0000, 0x27dd0000)
  from space 8704K,   0% used [0x28650000, 0x28656598, 0x28ed0000)
  to   space 8704K,   0% used [0x27dd0000, 0x27dd0000, 0x28650000)
 tenured generation   total 174784K, used 66063K [0x28ed0000, 0x33980000, 0x33980000)
   the space 174784K,  37% used [0x28ed0000, 0x2cf53dc8, 0x2cf53e00, 0x33980000)
 compacting perm gen  total 12288K, used 2915K [0x33980000, 0x34580000, 0x37980000)
   the space 12288K,  23% used [0x33980000, 0x33c58d70, 0x33c58e00, 0x34580000)
    ro space 10240K,  42% used [0x37980000, 0x37dbe580, 0x37dbe600, 0x38380000)
    rw space 12288K,  54% used [0x38380000, 0x389ff128, 0x389ff200, 0x38f80000)
Event: 39.075 GC heap after
Heap after GC invocations=215 (full 31):
 def new generation   total 78656K, used 36K [0x23980000, 0x28ed0000, 0x28ed0000)
  eden space 69952K,   0% used [0x23980000, 0x23980000, 0x27dd0000)
  from space 8704K,   0% used [0x27dd0000, 0x27dd9280, 0x28650000)
  to   space 8704K,   0% used [0x28650000, 0x28650000, 0x28ed0000)
 tenured generation   total 174784K, used 66063K [0x28ed0000, 0x33980000, 0x33980000)
   the space 174784K,  37% used [0x28ed0000, 0x2cf53e60, 0x2cf54000, 0x33980000)
 compacting perm gen  total 12288K, used 2915K [0x33980000, 0x34580000, 0x37980000)
   the space 12288K,  23% used [0x33980000, 0x33c58d70, 0x33c58e00, 0x34580000)
    ro space 10240K,  42% used [0x37980000, 0x37dbe580, 0x37dbe600, 0x38380000)
    rw space 12288K,  54% used [0x38380000, 0x389ff128, 0x389ff200, 0x38f80000)
}

Deoptimization events (0 events):
No events

Internal exceptions (10 events):
Event: 38.589 Thread 0x01abf000 Threw 0x246424a8 at C:\jdk7u5_32P\jdk7u5\hotspot\src\share\vm\prims\jvm.cpp:1166
Event: 38.589 Thread 0x01abf000 Threw 0x24643d70 at C:\jdk7u5_32P\jdk7u5\hotspot\src\share\vm\prims\jvm.cpp:1166
Event: 38.589 Thread 0x01abf000 Threw 0x246459f0 at C:\jdk7u5_32P\jdk7u5\hotspot\src\share\vm\prims\jvm.cpp:1166
Event: 38.589 Thread 0x01abf000 Threw 0x24647510 at C:\jdk7u5_32P\jdk7u5\hotspot\src\share\vm\prims\jvm.cpp:1166
Event: 38.589 Thread 0x01abf000 Threw 0x24648e90 at C:\jdk7u5_32P\jdk7u5\hotspot\src\share\vm\prims\jvm.cpp:1166
Event: 38.590 Thread 0x01abf000 Threw 0x2464a9e0 at C:\jdk7u5_32P\jdk7u5\hotspot\src\share\vm\prims\jvm.cpp:1166
Event: 38.590 Thread 0x01abf000 Threw 0x2464c7a8 at C:\jdk7u5_32P\jdk7u5\hotspot\src\share\vm\prims\jvm.cpp:1166
Event: 38.590 Thread 0x01abf000 Threw 0x2464e248 at C:\jdk7u5_32P\jdk7u5\hotspot\src\share\vm\prims\jvm.cpp:1166
Event: 38.590 Thread 0x01abf000 Threw 0x2464fd28 at C:\jdk7u5_32P\jdk7u5\hotspot\src\share\vm\prims\jvm.cpp:1166
Event: 38.590 Thread 0x01abf000 Threw 0x246518d0 at C:\jdk7u5_32P\jdk7u5\hotspot\src\share\vm\prims\jvm.cpp:1166

Events (10 events):
Event: 39.100 Thread 0x03f94800 Thread exited: 0x03f94800
Event: 39.100 Thread 0x152f6c00 Thread exited: 0x152f6c00
Event: 39.100 Thread 0x151ffc00 Thread exited: 0x151ffc00
Event: 39.100 Thread 0x15200c00 Thread exited: 0x15200c00
Event: 39.100 Thread 0x152f6400 Thread exited: 0x152f6400
Event: 39.100 Thread 0x153a3c00 Thread exited: 0x153a3c00
Event: 39.100 Thread 0x15186000 Thread exited: 0x15186000
Event: 39.101 Thread 0x152af400 Thread exited: 0x152af400
Event: 39.101 Thread 0x15200000 Thread exited: 0x15200000
Event: 39.101 Thread 0x152f6400 Thread added: 0x152f6400


Dynamic libraries:
0x00c90000 - 0x00cbf000 	C:\Windows\system32\java.exe
0x776e0000 - 0x7781c000 	C:\Windows\SYSTEM32\ntdll.dll
0x77100000 - 0x771d4000 	C:\Windows\system32\kernel32.dll
0x758f0000 - 0x7593a000 	C:\Windows\system32\KERNELBASE.dll
0x77640000 - 0x776e0000 	C:\Windows\system32\ADVAPI32.dll
0x76eb0000 - 0x76f5c000 	C:\Windows\system32\msvcrt.dll
0x76e90000 - 0x76ea9000 	C:\Windows\SYSTEM32\sechost.dll
0x76d80000 - 0x76e21000 	C:\Windows\system32\RPCRT4.dll
0x76cb0000 - 0x76d79000 	C:\Windows\system32\USER32.dll
0x778c0000 - 0x7790e000 	C:\Windows\system32\GDI32.dll
0x778b0000 - 0x778ba000 	C:\Windows\system32\LPK.dll
0x775a0000 - 0x7763d000 	C:\Windows\system32\USP10.dll
0x744e0000 - 0x7467e000 	C:\Windows\WinSxS\x86_microsoft.windows.common-controls_6595b64144ccf1df_6.0.7601.17514_none_41e6975e2bd6f2b2\COMCTL32.dll
0x77850000 - 0x778a7000 	C:\Windows\system32\SHLWAPI.dll
0x77580000 - 0x7759f000 	C:\Windows\system32\IMM32.DLL
0x774b0000 - 0x7757c000 	C:\Windows\system32\MSCTF.dll
0x5e0a0000 - 0x5e15e000 	C:\Program Files\Java\jre7\bin\msvcr100.dll
0x5dd50000 - 0x5e09a000 	C:\Program Files\Java\jre7\bin\client\jvm.dll
0x6b1a0000 - 0x6b1a7000 	C:\Windows\system32\WSOCK32.dll
0x75cd0000 - 0x75d05000 	C:\Windows\system32\WS2_32.dll
0x75fc0000 - 0x75fc6000 	C:\Windows\system32\NSI.dll
0x73d00000 - 0x73d32000 	C:\Windows\system32\WINMM.dll
0x75ed0000 - 0x75ed5000 	C:\Windows\system32\PSAPI.DLL
0x718e0000 - 0x718ec000 	C:\Program Files\Java\jre7\bin\verify.dll
0x70f20000 - 0x70f40000 	C:\Program Files\Java\jre7\bin\java.dll
0x70f00000 - 0x70f13000 	C:\Program Files\Java\jre7\bin\zip.dll
0x70ab0000 - 0x70ac4000 	C:\Program Files\Java\jre7\bin\net.dll
0x752e0000 - 0x7531c000 	C:\Windows\system32\mswsock.dll
0x752d0000 - 0x752d6000 	C:\Windows\System32\wship6.dll
0x10000000 - 0x1000c000 	C:\Windows\System32\LibusbJava.dll
0x6ecf0000 - 0x6ed01000 	C:\Windows\system32\libusb0.dll
0x76f60000 - 0x770fd000 	C:\Windows\system32\SETUPAPI.dll
0x75970000 - 0x75997000 	C:\Windows\system32\CFGMGR32.dll
0x76c20000 - 0x76caf000 	C:\Windows\system32\OLEAUT32.dll
0x75b70000 - 0x75ccc000 	C:\Windows\system32\ole32.dll
0x759a0000 - 0x759b2000 	C:\Windows\system32\DEVOBJ.dll
0x6ecd0000 - 0x6ecee000 	C:\Program Files\OpenNI\Bin\OpenNI.jni.dll
0x6d590000 - 0x6d5e0000 	C:\Program Files\OpenNI\Bin\OpenNI.dll
0x75fd0000 - 0x76c1a000 	C:\Windows\system32\SHELL32.dll
0x6ec00000 - 0x6ec18000 	C:\Program Files\OpenNI\bin\nimRecorder.dll
0x6db30000 - 0x6db4a000 	C:\Program Files\OpenNI\bin\nimMockNodes.dll
0x6d540000 - 0x6d589000 	C:\Program Files\OpenNI\bin\nimCodecs.dll
0x6d9d0000 - 0x6d9f0000 	C:\Program Files\PrimeSense\SensorKinect\Bin\XnDeviceFile.dll
0x740a0000 - 0x740ab000 	C:\Program Files\PrimeSense\SensorKinect\Bin\XnCore.dll
0x5dca0000 - 0x5dd43000 	C:\Windows\WinSxS\x86_microsoft.vc90.crt_1fc8b3b9a1e18e3b_9.0.30729.6161_none_50934f2ebcb7eb57\MSVCR90.dll
0x624c0000 - 0x624f8000 	C:\Program Files\PrimeSense\SensorKinect\Bin\XnDDK.dll
0x5dc50000 - 0x5dc94000 	C:\Program Files\PrimeSense\SensorKinect\Bin\XnFormats.dll
0x61fb0000 - 0x61fff000 	C:\Program Files\PrimeSense\SensorKinect\Bin\XnDeviceSensorV2KM.dll
0x5c670000 - 0x5c908000 	C:\Program Files\PrimeSense\NITE\Features_1_3_0\Bin\XnVFeatures_1_3_0.dll
0x5dbc0000 - 0x5dc4e000 	C:\Windows\WinSxS\x86_microsoft.vc90.crt_1fc8b3b9a1e18e3b_9.0.30729.6161_none_50934f2ebcb7eb57\MSVCP90.dll
0x5c420000 - 0x5c66f000 	C:\Program Files\PrimeSense\NITE\Features_1_3_1\Bin\XnVFeatures_1_3_1.dll
0x5c200000 - 0x5c419000 	C:\Program Files\PrimeSense\NITE\Features_1_4_1\Bin\XnVFeatures_1_4_1.dll
0x5bfe0000 - 0x5c1f6000 	C:\Program Files\PrimeSense\NITE\Features_1_4_2\Bin\XnVFeatures_1_4_2.dll
0x5bcd0000 - 0x5bfd7000 	C:\Program Files\PrimeSense\NITE\Features_1_5_2\Bin\XnVFeatures_1_5_2.dll
0x5dae0000 - 0x5dbb7000 	C:\Program Files\PrimeSense\NITE\Hands_1_3_0\Bin\XnVHandGenerator_1_3_0.dll
0x5bbf0000 - 0x5bccc000 	C:\Program Files\PrimeSense\NITE\Hands_1_3_1\Bin\XnVHandGenerator_1_3_1.dll
0x5bb10000 - 0x5bbed000 	C:\Program Files\PrimeSense\NITE\Hands_1_4_1\Bin\XnVHandGenerator_1_4_1.dll
0x5ba30000 - 0x5bb0d000 	C:\Program Files\PrimeSense\NITE\Hands_1_4_2\Bin\XnVHandGenerator_1_4_2.dll
0x5b940000 - 0x5ba2c000 	C:\Program Files\PrimeSense\NITE\Hands_1_5_2\Bin\XnVHandGenerator_1_5_2.dll
0x74af0000 - 0x74b30000 	C:\Windows\system32\uxtheme.dll
0x75940000 - 0x7596d000 	C:\Windows\system32\WINTRUST.dll
0x75a50000 - 0x75b6e000 	C:\Windows\system32\CRYPT32.dll
0x758e0000 - 0x758ec000 	C:\Windows\system32\MSASN1.dll
0x757a0000 - 0x757ec000 	C:\Windows\system32\apphelp.dll
0x74df0000 - 0x74df5000 	C:\Windows\System32\wshtcpip.dll
0x03ba0000 - 0x03bae000 	C:\Windows\System32\j3dcore-ogl-chk.dll
0x5b870000 - 0x5b938000 	C:\Windows\system32\OPENGL32.dll
0x62b60000 - 0x62b82000 	C:\Windows\system32\GLU32.dll
0x6db50000 - 0x6dc37000 	C:\Windows\system32\DDRAW.dll
0x719f0000 - 0x719f6000 	C:\Windows\system32\DCIMAN32.dll
0x74a80000 - 0x74a93000 	C:\Windows\system32\dwmapi.dll
0x70eb0000 - 0x70eb7000 	C:\Windows\system32\atiglpxx.dll
0x69030000 - 0x6a380000 	C:\Windows\system32\atioglxx.dll
0x74d20000 - 0x74d29000 	C:\Windows\system32\VERSION.dll
0x6f1a0000 - 0x6f284000 	C:\Windows\system32\aticfx32.dll
0x73620000 - 0x73681000 	C:\Windows\system32\atiadlxx.dll
0x74ec0000 - 0x74ed7000 	C:\Windows\system32\USERENV.dll
0x75870000 - 0x7587b000 	C:\Windows\system32\profapi.dll
0x74d60000 - 0x74d6d000 	C:\Windows\system32\WTSAPI32.dll
0x6fd30000 - 0x6fd3b000 	C:\Windows\system32\atigktxx.dll
0x5b720000 - 0x5b862000 	C:\Program Files\Java\jre7\bin\awt.dll
0x757f0000 - 0x757fc000 	C:\Windows\system32\CRYPTBASE.dll
0x6db20000 - 0x6db26000 	C:\Program Files\Java\jre7\bin\jawt.dll
0x03c80000 - 0x03ca9000 	C:\Windows\System32\j3dcore-ogl.dll
0x6f420000 - 0x6f50b000 	C:\Windows\system32\dbghelp.dll

VM Arguments:
jvm_args: -Djava 
java_command: SANDRAExecutable.jar 193.156.105.142 7540 kinectJoints gameControl
Launcher Type: SUN_STANDARD

Environment Variables:
CLASSPATH=C:\Program Files\OpenNI\Bin\org.OpenNI.jar
PATH=C:\Program Files\Intel\iCLS Client\;C:\Program Files\AMD APP\bin\x86;C:\Windows\system32;C:\Windows;C:\Windows\System32\Wbem;C:\Windows\System32\WindowsPowerShell\v1.0\;C:\Program Files\ATI Technologies\ATI.ACE\Core-Static;C:\Users\norut\AppData\Roaming\npm;C:\Program Files\nodejs\;C:\Program Files\Intel\Intel(R) Management Engine Components\DAL;C:\Program Files\Intel\Intel(R) Management Engine Components\IPT;C:\Program Files\OpenNI\Bin;C:\Program Files\PrimeSense\NITE\bin;C:\Program Files\AMD APP\bin\x86;C:\Windows\system32;C:\Windows;C:\Windows\System32\Wbem;C:\Windows\System32\WindowsPowerShell\v1.0\;C:\Program Files\ATI Technologies\ATI.ACE\Core-Static;C:\Program Files\nodejs
USERNAME=norut
OS=Windows_NT
PROCESSOR_IDENTIFIER=x86 Family 6 Model 58 Stepping 9, GenuineIntel



---------------  S Y S T E M  ---------------

OS: Windows 7 Build 7601 Service Pack 1

CPU:total 4 (4 cores per cpu, 1 threads per core) family 6 model 58 stepping 9, cmov, cx8, fxsr, mmx, sse, sse2, sse3, ssse3, sse4.1, sse4.2, popcnt, avx, tsc, tscinvbit, tscinv

Memory: 4k page, physical 3638896k(1670936k free), swap 7276036k(4937152k free)

vm_info: Java HotSpot(TM) Client VM (23.1-b03) for windows-x86 JRE (1.7.0_05-b05), built on May 15 2012 18:11:27 by "java_re" with unknown MS VC++:1600

time: Fri Jul 27 15:36:22 2012
elapsed time: 39 seconds

