#
# A fatal error has been detected by the Java Runtime Environment:
#
#  EXCEPTION_ACCESS_VIOLATION (0xc0000005) at pc=0x60739498, pid=2548, tid=4168
#
# JRE version: 7.0_05-b05
# Java VM: Java HotSpot(TM) Client VM (23.1-b03 mixed mode, sharing windows-x86 )
# Problematic frame:
# C  [XnVFeatures_1_5_2.dll+0x1f9498]  xnModuleGetOpenNIVersion+0x1bb478
#
# Failed to write core dump. Minidumps are not enabled by default on client versions of Windows
#
# If you would like to submit a bug report, please visit:
#   http://bugreport.sun.com/bugreport/crash.jsp
# The crash happened outside the Java Virtual Machine in native code.
# See problematic frame for where to report the bug.
#

---------------  T H R E A D  ---------------

Current thread (0x05e88400):  JavaThread "Thread-1" [_thread_in_native, id=4168, stack(0x0fea0000,0x0fef0000)]

siginfo: ExceptionCode=0xc0000005, reading address 0x05e93b7c

Registers:
EAX=0x04310610, EBX=0x04310600, ECX=0x0000008e, EDX=0x00000076
ESP=0x0feef168, EBP=0x000058c0, ESI=0x05e93a90, EDI=0x05e88910
EIP=0x60739498, EFLAGS=0x00010206

Top of Stack: (sp=0x0feef168)
0x0feef168:   00000000 608107f4 7fffffff 7fffffff
0x0feef178:   7fffffff 090abbc8 80000000 00000000
0x0feef188:   090abbd8 7fffffff 7fffffff 00000000
0x0feef198:   00000000 00000000 80000000 608107f4
0x0feef1a8:   055bcd88 117eed94 7fffffff 80000000
0x0feef1b8:   80000000 80000000 608107f4 7fffffff
0x0feef1c8:   7fffffff 7fffffff 80000000 80000000
0x0feef1d8:   80000000 608107f4 7fffffff 7fffffff 

Instructions: (pc=0x60739498)
0x60739478:   f0 00 00 00 73 cc 8b ac 24 f8 00 00 00 8b 4b 04
0x60739488:   8b 13 8b 75 1c 8b 6d 28 0f af e9 8b 3e 8d 34 6f
0x60739498:   0f b7 3c 56 85 ff 75 32 8b 94 24 14 01 00 00 83
0x607394a8:   c3 08 3b 42 0c 72 9b 8b 94 24 f4 00 00 00 8b 8c 


Register to memory mapping:

EAX=0x04310610 is an unknown value
EBX=0x04310600 is an unknown value
ECX=0x0000008e is an unknown value
EDX=0x00000076 is an unknown value
ESP=0x0feef168 is pointing into the stack for thread: 0x05e88400
EBP=0x000058c0 is an unknown value
ESI=0x05e93a90 is an unknown value
EDI=0x05e88910 is an unknown value


Stack: [0x0fea0000,0x0fef0000],  sp=0x0feef168,  free space=316k
Native frames: (J=compiled Java code, j=interpreted, Vv=VM code, C=native code)
C  [XnVFeatures_1_5_2.dll+0x1f9498]  xnModuleGetOpenNIVersion+0x1bb478

[error occurred during error reporting (printing native stack), id 0xc0000005]

Java frames: (J=compiled Java code, j=interpreted, Vv=VM code)
j  org.OpenNI.NativeMethods.xnWaitAnyUpdateAll(J)I+0
j  org.OpenNI.Context.waitAnyUpdateAll()V+4
j  KinectPackage.KinectManager.run()V+12
j  java.lang.Thread.run()V+11
v  ~StubRoutines::call_stub

---------------  P R O C E S S  ---------------

Java Threads: ( => current thread )
=>0x05e88400 JavaThread "Thread-1" [_thread_in_native, id=4168, stack(0x0fea0000,0x0fef0000)]
  0x018de800 JavaThread "Service Thread" daemon [_thread_blocked, id=8072, stack(0x01790000,0x017e0000)]
  0x018da000 JavaThread "C1 CompilerThread0" daemon [_thread_blocked, id=9500, stack(0x03d20000,0x03d70000)]
  0x018d9400 JavaThread "Attach Listener" daemon [_thread_blocked, id=10028, stack(0x03b20000,0x03b70000)]
  0x018d6c00 JavaThread "Signal Dispatcher" daemon [_thread_blocked, id=6480, stack(0x03a40000,0x03a90000)]
  0x018b4000 JavaThread "Finalizer" daemon [_thread_blocked, id=9084, stack(0x03c40000,0x03c90000)]
  0x018b2800 JavaThread "Reference Handler" daemon [_thread_blocked, id=5460, stack(0x03b70000,0x03bc0000)]
  0x017fb400 JavaThread "main" [_thread_in_native, id=5112, stack(0x01740000,0x01790000)]

Other Threads:
  0x018b1400 VMThread [stack: 0x03aa0000,0x03af0000] [id=7568]
  0x018f0800 WatcherThread [stack: 0x03db0000,0x03e00000] [id=7188]

VM state:not at safepoint (normal execution)

VM Mutex/Monitor currently owned by a thread: None

Heap
 def new generation   total 4928K, used 2420K [0x23980000, 0x23ed0000, 0x28ed0000)
  eden space 4416K,  54% used [0x23980000, 0x23bdd138, 0x23dd0000)
  from space 512K,   0% used [0x23dd0000, 0x23dd0000, 0x23e50000)
  to   space 512K,   0% used [0x23e50000, 0x23e50000, 0x23ed0000)
 tenured generation   total 10944K, used 0K [0x28ed0000, 0x29980000, 0x33980000)
   the space 10944K,   0% used [0x28ed0000, 0x28ed0000, 0x28ed0200, 0x29980000)
 compacting perm gen  total 12288K, used 934K [0x33980000, 0x34580000, 0x37980000)
   the space 12288K,   7% used [0x33980000, 0x33a698d8, 0x33a69a00, 0x34580000)
    ro space 10240K,  42% used [0x37980000, 0x37dbe580, 0x37dbe600, 0x38380000)
    rw space 12288K,  54% used [0x38380000, 0x389ff128, 0x389ff200, 0x38f80000)

Code Cache  [0x01980000, 0x01a28000, 0x03980000)
 total_blobs=196 nmethods=47 adapters=84 free_code_cache=32114Kb largest_free_block=32885504

Compilation events (10 events):
Event: 0.078 Thread 0x018da000   41             java.lang.String::<init> (20 bytes)
Event: 0.078 Thread 0x018da000 nmethod 41 0x01a22188 code [0x01a22280, 0x01a22320]
Event: 0.489 Thread 0x018da000   42             java.lang.AbstractStringBuilder::append (48 bytes)
Event: 0.489 Thread 0x018da000 nmethod 42 0x01a22388 code [0x01a224a0, 0x01a225c8]
Event: 0.834 Thread 0x018da000   43             org.OpenNI.ObjectWrapper::toNative (5 bytes)
Event: 0.834 Thread 0x018da000 nmethod 43 0x01a226c8 code [0x01a227c0, 0x01a22840]
Event: 0.834 Thread 0x018da000   44             KinectPackage.KinectManager::getUserGenerator (5 bytes)
Event: 0.834 Thread 0x018da000 nmethod 44 0x01a22888 code [0x01a22980, 0x01a22a00]
Event: 0.834 Thread 0x018da000   45             org.OpenNI.UserGenerator::getNumberOfUsers (8 bytes)
Event: 0.834 Thread 0x018da000 nmethod 45 0x01a22a48 code [0x01a22b40, 0x01a22bdc]

GC Heap History (0 events):
No events

Deoptimization events (0 events):
No events

Internal exceptions (10 events):
Event: 0.488 Thread 0x017fb400 Threw 0x23bac698 at C:\jdk7u5_32P\jdk7u5\hotspot\src\share\vm\prims\jvm.cpp:1166
Event: 0.489 Thread 0x017fb400 Threw 0x23baee08 at C:\jdk7u5_32P\jdk7u5\hotspot\src\share\vm\prims\jvm.cpp:1166
Event: 0.489 Thread 0x017fb400 Threw 0x23bb4740 at C:\jdk7u5_32P\jdk7u5\hotspot\src\share\vm\prims\jvm.cpp:1166
Event: 0.489 Thread 0x017fb400 Threw 0x23bb7398 at C:\jdk7u5_32P\jdk7u5\hotspot\src\share\vm\prims\jvm.cpp:1166
Event: 0.489 Thread 0x017fb400 Threw 0x23bba080 at C:\jdk7u5_32P\jdk7u5\hotspot\src\share\vm\prims\jvm.cpp:1166
Event: 0.489 Thread 0x017fb400 Threw 0x23bbcf90 at C:\jdk7u5_32P\jdk7u5\hotspot\src\share\vm\prims\jvm.cpp:1166
Event: 0.490 Thread 0x017fb400 Threw 0x23bbfb10 at C:\jdk7u5_32P\jdk7u5\hotspot\src\share\vm\prims\jvm.cpp:1166
Event: 0.490 Thread 0x017fb400 Threw 0x23bc3de8 at C:\jdk7u5_32P\jdk7u5\hotspot\src\share\vm\prims\jvm.cpp:1166
Event: 0.490 Thread 0x017fb400 Threw 0x23bc59e0 at C:\jdk7u5_32P\jdk7u5\hotspot\src\share\vm\prims\jvm.cpp:1166
Event: 0.493 Thread 0x017fb400 Threw 0x23bc7d88 at C:\jdk7u5_32P\jdk7u5\hotspot\src\share\vm\prims\jvm.cpp:1166

Events (10 events):
Event: 0.489 loading class 0x03e84330 done
Event: 0.490 loading class 0x03e84380
Event: 0.490 loading class 0x03e84380 done
Event: 0.490 loading class 0x03e8a638
Event: 0.490 loading class 0x03e8a638 done
Event: 0.490 loading class 0x03e8a338
Event: 0.490 loading class 0x03e8a338 done
Event: 0.493 loading class 0x03e8aab8
Event: 0.493 loading class 0x03e8aab8 done
Event: 0.832 Thread 0x05e88400 Thread added: 0x05e88400


Dynamic libraries:
0x012a0000 - 0x012cf000 	C:\Windows\system32\java.exe
0x77d50000 - 0x77e8c000 	C:\Windows\SYSTEM32\ntdll.dll
0x77820000 - 0x778f4000 	C:\Windows\system32\kernel32.dll
0x75f60000 - 0x75faa000 	C:\Windows\system32\KERNELBASE.dll
0x767d0000 - 0x76870000 	C:\Windows\system32\ADVAPI32.dll
0x77590000 - 0x7763c000 	C:\Windows\system32\msvcrt.dll
0x77ea0000 - 0x77eb9000 	C:\Windows\SYSTEM32\sechost.dll
0x77ae0000 - 0x77b81000 	C:\Windows\system32\RPCRT4.dll
0x774c0000 - 0x77589000 	C:\Windows\system32\USER32.dll
0x76300000 - 0x7634e000 	C:\Windows\system32\GDI32.dll
0x761e0000 - 0x761ea000 	C:\Windows\system32\LPK.dll
0x76610000 - 0x766ad000 	C:\Windows\system32\USP10.dll
0x74e20000 - 0x74fbe000 	C:\Windows\WinSxS\x86_microsoft.windows.common-controls_6595b64144ccf1df_6.0.7601.17514_none_41e6975e2bd6f2b2\COMCTL32.dll
0x76290000 - 0x762e7000 	C:\Windows\system32\SHLWAPI.dll
0x77ac0000 - 0x77adf000 	C:\Windows\system32\IMM32.DLL
0x77bf0000 - 0x77cbc000 	C:\Windows\system32\MSCTF.dll
0x61c90000 - 0x61d4e000 	C:\Program Files\Java\jre7\bin\msvcr100.dll
0x5fbe0000 - 0x5ff2a000 	C:\Program Files\Java\jre7\bin\client\jvm.dll
0x6d680000 - 0x6d687000 	C:\Windows\system32\WSOCK32.dll
0x76240000 - 0x76275000 	C:\Windows\system32\WS2_32.dll
0x76280000 - 0x76286000 	C:\Windows\system32\NSI.dll
0x74370000 - 0x743a2000 	C:\Windows\system32\WINMM.dll
0x77e90000 - 0x77e95000 	C:\Windows\system32\PSAPI.DLL
0x722f0000 - 0x722fc000 	C:\Program Files\Java\jre7\bin\verify.dll
0x6a5a0000 - 0x6a5c0000 	C:\Program Files\Java\jre7\bin\java.dll
0x6ee40000 - 0x6ee53000 	C:\Program Files\Java\jre7\bin\zip.dll
0x665f0000 - 0x66604000 	C:\Program Files\Java\jre7\bin\net.dll
0x75940000 - 0x7597c000 	C:\Windows\system32\mswsock.dll
0x75b10000 - 0x75b16000 	C:\Windows\System32\wship6.dll
0x10000000 - 0x1000c000 	C:\Windows\System32\LibusbJava.dll
0x66610000 - 0x66621000 	C:\Windows\system32\libusb0.dll
0x76470000 - 0x7660d000 	C:\Windows\system32\SETUPAPI.dll
0x76070000 - 0x76097000 	C:\Windows\system32\CFGMGR32.dll
0x77ef0000 - 0x77f7f000 	C:\Windows\system32\OLEAUT32.dll
0x776c0000 - 0x7781c000 	C:\Windows\system32\ole32.dll
0x760a0000 - 0x760b2000 	C:\Windows\system32\DEVOBJ.dll
0x63ed0000 - 0x63eee000 	C:\Program Files\OpenNI\Bin\OpenNI.jni.dll
0x65320000 - 0x65370000 	C:\Program Files\OpenNI\Bin\OpenNI.dll
0x76870000 - 0x774ba000 	C:\Windows\system32\SHELL32.dll
0x65140000 - 0x65158000 	C:\Program Files\OpenNI\bin\nimRecorder.dll
0x65120000 - 0x6513a000 	C:\Program Files\OpenNI\bin\nimMockNodes.dll
0x63c40000 - 0x63c89000 	C:\Program Files\OpenNI\bin\nimCodecs.dll
0x63ef0000 - 0x63f10000 	C:\Program Files\PrimeSense\SensorKinect\Bin\XnDeviceFile.dll
0x74b40000 - 0x74b4b000 	C:\Program Files\PrimeSense\SensorKinect\Bin\XnCore.dll
0x62360000 - 0x62403000 	C:\Windows\WinSxS\x86_microsoft.vc90.crt_1fc8b3b9a1e18e3b_9.0.30729.6161_none_50934f2ebcb7eb57\MSVCR90.dll
0x63d70000 - 0x63da8000 	C:\Program Files\PrimeSense\SensorKinect\Bin\XnDDK.dll
0x624d0000 - 0x62514000 	C:\Program Files\PrimeSense\SensorKinect\Bin\XnFormats.dll
0x62310000 - 0x6235f000 	C:\Program Files\PrimeSense\SensorKinect\Bin\XnDeviceSensorV2KM.dll
0x61760000 - 0x619f8000 	C:\Program Files\PrimeSense\NITE\Features_1_3_0\Bin\XnVFeatures_1_3_0.dll
0x62040000 - 0x620ce000 	C:\Windows\WinSxS\x86_microsoft.vc90.crt_1fc8b3b9a1e18e3b_9.0.30729.6161_none_50934f2ebcb7eb57\MSVCP90.dll
0x61510000 - 0x6175f000 	C:\Program Files\PrimeSense\NITE\Features_1_3_1\Bin\XnVFeatures_1_3_1.dll
0x60a70000 - 0x60c89000 	C:\Program Files\PrimeSense\NITE\Features_1_4_1\Bin\XnVFeatures_1_4_1.dll
0x60850000 - 0x60a66000 	C:\Program Files\PrimeSense\NITE\Features_1_4_2\Bin\XnVFeatures_1_4_2.dll
0x60540000 - 0x60847000 	C:\Program Files\PrimeSense\NITE\Features_1_5_2\Bin\XnVFeatures_1_5_2.dll
0x61f60000 - 0x62037000 	C:\Program Files\PrimeSense\NITE\Hands_1_3_0\Bin\XnVHandGenerator_1_3_0.dll
0x61e80000 - 0x61f5c000 	C:\Program Files\PrimeSense\NITE\Hands_1_3_1\Bin\XnVHandGenerator_1_3_1.dll
0x61430000 - 0x6150d000 	C:\Program Files\PrimeSense\NITE\Hands_1_4_1\Bin\XnVHandGenerator_1_4_1.dll
0x60460000 - 0x6053d000 	C:\Program Files\PrimeSense\NITE\Hands_1_4_2\Bin\XnVHandGenerator_1_4_2.dll
0x5ff30000 - 0x6001c000 	C:\Program Files\PrimeSense\NITE\Hands_1_5_2\Bin\XnVHandGenerator_1_5_2.dll
0x74de0000 - 0x74e20000 	C:\Windows\system32\uxtheme.dll
0x76040000 - 0x7606d000 	C:\Windows\system32\WINTRUST.dll
0x760c0000 - 0x761de000 	C:\Windows\system32\CRYPT32.dll
0x75f50000 - 0x75f5c000 	C:\Windows\system32\MSASN1.dll
0x75460000 - 0x75465000 	C:\Windows\System32\wshtcpip.dll
0x6f8d0000 - 0x6f9bb000 	C:\Windows\system32\dbghelp.dll

VM Arguments:
jvm_args: -Djava 
java_command: SANDRAExecutable.jar 193.156.105.142 7540 kinectJoints gameControl
Launcher Type: SUN_STANDARD

Environment Variables:
CLASSPATH=C:\Program Files\OpenNI\Bin\org.OpenNI.jar
PATH=C:\Program Files\Intel\iCLS Client\;C:\Program Files\AMD APP\bin\x86;C:\Windows\system32;C:\Windows;C:\Windows\System32\Wbem;C:\Windows\System32\WindowsPowerShell\v1.0\;C:\Program Files\ATI Technologies\ATI.ACE\Core-Static;C:\Users\norut\AppData\Roaming\npm;C:\Program Files\nodejs\;C:\Program Files\Intel\Intel(R) Management Engine Components\DAL;C:\Program Files\Intel\Intel(R) Management Engine Components\IPT;C:\Program Files\OpenNI\Bin;C:\Program Files\PrimeSense\NITE\bin;C:\Program Files\AMD APP\bin\x86;C:\Windows\system32;C:\Windows;C:\Windows\System32\Wbem;C:\Windows\System32\WindowsPowerShell\v1.0\;C:\Program Files\ATI Technologies\ATI.ACE\Core-Static;C:\Program Files\nodejs
USERNAME=norut
OS=Windows_NT
PROCESSOR_IDENTIFIER=x86 Family 6 Model 58 Stepping 9, GenuineIntel



---------------  S Y S T E M  ---------------

OS: Windows 7 Build 7601 Service Pack 1

CPU:total 4 (4 cores per cpu, 1 threads per core) family 6 model 58 stepping 9, cmov, cx8, fxsr, mmx, sse, sse2, sse3, ssse3, sse4.1, sse4.2, popcnt, avx, tsc, tscinvbit, tscinv

Memory: 4k page, physical 3638896k(2096140k free), swap 7276036k(5504312k free)

vm_info: Java HotSpot(TM) Client VM (23.1-b03) for windows-x86 JRE (1.7.0_05-b05), built on May 15 2012 18:11:27 by "java_re" with unknown MS VC++:1600

time: Mon Jul 16 16:18:33 2012
elapsed time: 0 seconds

