#
# A fatal error has been detected by the Java Runtime Environment:
#
#  EXCEPTION_ACCESS_VIOLATION (0xc0000005) at pc=0x61876c89, pid=6504, tid=8024
#
# JRE version: 7.0_05-b05
# Java VM: Java HotSpot(TM) Client VM (23.1-b03 mixed mode, sharing windows-x86 )
# Problematic frame:
# C  [OpenNI.jni.dll+0x6c89]  Java_org_OpenNI_NativeMethods_xnUnregisterUserCallbacks+0x19
#
# Failed to write core dump. Minidumps are not enabled by default on client versions of Windows
#
# If you would like to submit a bug report, please visit:
#   http://bugreport.sun.com/bugreport/crash.jsp
# The crash happened outside the Java Virtual Machine in native code.
# See problematic frame for where to report the bug.
#

---------------  T H R E A D  ---------------

Current thread (0x05e62400):  JavaThread "Thread-1" [_thread_in_native, id=8024, stack(0x0fd80000,0x0fdd0000)]

siginfo: ExceptionCode=0xc0000005, reading address 0x00000000

Registers:
EAX=0x00000000, EBX=0x33a4eae8, ECX=0x0401d5b4, EDX=0x0401db3c
ESP=0x0fdcedd0, EBP=0x0fdcee24, ESI=0x0401d5a8, EDI=0x05e62400
EIP=0x61876c89, EFLAGS=0x00010202

Top of Stack: (sp=0x0fdcedd0)
0x0fdcedd0:   040157b0 0401d5e8 33a4eae8 018fa707
0x0fdcede0:   05e62528 0fdcee2c 040157b0 00000000
0x0fdcedf0:   0401d5a8 00000000 0fdcee48 01a06050
0x0fdcee00:   379ea284 0fdcee04 00000000 0fdcee40
0x0fdcee10:   33a528e0 00000000 33a4eae8 00000000
0x0fdcee20:   0fdcee34 0fdcee64 018f32c7 28ed03b8
0x0fdcee30:   018f8989 0401d5a8 00000000 040157b0
0x0fdcee40:   00000000 0fdcee44 33a59268 0fdcee74 

Instructions: (pc=0x61876c89)
0x61876c69:   cc cc cc cc cc cc cc 8b 4c 24 0c 56 8b 74 24 18
0x61876c79:   8b 46 10 50 51 ff 15 64 b4 87 61 8b 06 8b 4e 08
0x61876c89:   8b 10 8b 52 58 83 c4 08 51 50 ff d2 56 ff 15 84
0x61876c99:   b0 87 61 83 c4 04 5e c2 18 00 cc cc cc cc cc cc 


Register to memory mapping:

EAX=0x00000000 is an unknown value
EBX=0x33a4eae8 is an oop
{method} 
 - klass: {other class}
ECX=0x0401d5b4 is an unknown value
EDX=0x0401db3c is an unknown value
ESP=0x0fdcedd0 is pointing into the stack for thread: 0x05e62400
EBP=0x0fdcee24 is pointing into the stack for thread: 0x05e62400
ESI=0x0401d5a8 is an unknown value
EDI=0x05e62400 is a thread


Stack: [0x0fd80000,0x0fdd0000],  sp=0x0fdcedd0,  free space=315k
Native frames: (J=compiled Java code, j=interpreted, Vv=VM code, C=native code)
C  [OpenNI.jni.dll+0x6c89]  Java_org_OpenNI_NativeMethods_xnUnregisterUserCallbacks+0x19
j  org.OpenNI.UserGenerator$1.unregisterNative(J)V+8
j  org.OpenNI.Observable.deleteObserver(Lorg/OpenNI/IObserver;)V+24
j  KinectPackage.SkeletonManager.reset()V+11
j  KinectPackage.SkeletonManager.access$8(LKinectPackage/SkeletonManager;)V+1
j  KinectPackage.SkeletonManager$LostUserObserver.update(Lorg/OpenNI/IObservable;Lorg/OpenNI/UserEventArgs;)V+183
j  KinectPackage.SkeletonManager$LostUserObserver.update(Lorg/OpenNI/IObservable;Ljava/lang/Object;)V+9
j  org.OpenNI.Observable.notify(Ljava/lang/Object;)V+30
j  org.OpenNI.UserGenerator$2.callback(I)V+9
v  ~StubRoutines::call_stub
V  [jvm.dll+0x12964a]
V  [jvm.dll+0x1d851e]
V  [jvm.dll+0x1296cd]
V  [jvm.dll+0xae4da]
V  [jvm.dll+0xb1d93]
C  [OpenNI.jni.dll+0x10ea]  JNI_OnUnload+0x6a
C  [XnVFeatures_1_5_2.dll+0x959a8]  xnModuleGetOpenNIVersion+0x57988
C  [XnVFeatures_1_5_2.dll+0x7b5d8]  xnModuleGetOpenNIVersion+0x3d5b8
C  [XnVFeatures_1_5_2.dll+0xb1538]  xnModuleGetOpenNIVersion+0x73518
C  [XnVFeatures_1_5_2.dll+0x95266]  xnModuleGetOpenNIVersion+0x57246
C  [OpenNI.jni.dll+0x2eab]  Java_org_OpenNI_NativeMethods_xnWaitAnyUpdateAll+0xb
J  KinectPackage.KinectManager.run()V
v  ~StubRoutines::call_stub
V  [jvm.dll+0x12964a]
V  [jvm.dll+0x1d851e]
V  [jvm.dll+0x129833]
V  [jvm.dll+0x129897]
V  [jvm.dll+0xd24af]
V  [jvm.dll+0x149977]
V  [jvm.dll+0x149ae0]
V  [jvm.dll+0x17e049]
C  [msvcr100.dll+0x5c6de]  endthreadex+0x3a
C  [msvcr100.dll+0x5c788]  endthreadex+0xe4
C  [kernel32.dll+0x4ed6c]  BaseThreadInitThunk+0x12
C  [ntdll.dll+0x6377b]  RtlInitializeExceptionChain+0xef
C  [ntdll.dll+0x6374e]  RtlInitializeExceptionChain+0xc2

Java frames: (J=compiled Java code, j=interpreted, Vv=VM code)
j  org.OpenNI.NativeMethods.xnUnregisterUserCallbacks(JJ)V+0
j  org.OpenNI.UserGenerator$1.unregisterNative(J)V+8
j  org.OpenNI.Observable.deleteObserver(Lorg/OpenNI/IObserver;)V+24
j  KinectPackage.SkeletonManager.reset()V+11
j  KinectPackage.SkeletonManager.access$8(LKinectPackage/SkeletonManager;)V+1
j  KinectPackage.SkeletonManager$LostUserObserver.update(Lorg/OpenNI/IObservable;Lorg/OpenNI/UserEventArgs;)V+183
j  KinectPackage.SkeletonManager$LostUserObserver.update(Lorg/OpenNI/IObservable;Ljava/lang/Object;)V+9
j  org.OpenNI.Observable.notify(Ljava/lang/Object;)V+30
j  org.OpenNI.UserGenerator$2.callback(I)V+9
v  ~StubRoutines::call_stub
J  org.OpenNI.NativeMethods.xnWaitAnyUpdateAll(J)I
J  KinectPackage.KinectManager.run()V
j  java.lang.Thread.run()V+11
v  ~StubRoutines::call_stub

---------------  P R O C E S S  ---------------

Java Threads: ( => current thread )
  0x001cb400 JavaThread "DestroyJavaVM" [_thread_blocked, id=9348, stack(0x017a0000,0x017f0000)]
  0x16273400 JavaThread "Thread-20" [_thread_in_Java, id=7588, stack(0x19a70000,0x19ac0000)]
  0x1622e000 JavaThread "Thread-6" [_thread_in_Java, id=6976, stack(0x19850000,0x198a0000)]
  0x1635d000 JavaThread "Thread-5" [_thread_in_native, id=10484, stack(0x19920000,0x19970000)]
  0x161fd800 JavaThread "AWT-Windows" daemon [_thread_in_native, id=8896, stack(0x04540000,0x04590000)]
  0x161b1c00 JavaThread "Java2D Disposer" daemon [_thread_blocked, id=8164, stack(0x172a0000,0x172f0000)]
=>0x05e62400 JavaThread "Thread-1" [_thread_in_native, id=8024, stack(0x0fd80000,0x0fdd0000)]
  0x018c4800 JavaThread "Service Thread" daemon [_thread_blocked, id=6344, stack(0x03cf0000,0x03d40000)]
  0x018bf800 JavaThread "C1 CompilerThread0" daemon [_thread_blocked, id=15932, stack(0x03dd0000,0x03e20000)]
  0x018be000 JavaThread "Attach Listener" daemon [_thread_blocked, id=9584, stack(0x039c0000,0x03a10000)]
  0x018bd000 JavaThread "Signal Dispatcher" daemon [_thread_blocked, id=7884, stack(0x03ba0000,0x03bf0000)]
  0x018a4400 JavaThread "Finalizer" daemon [_thread_blocked, id=10528, stack(0x03ad0000,0x03b20000)]
  0x018a2800 JavaThread "Reference Handler" daemon [_thread_blocked, id=11612, stack(0x03c20000,0x03c70000)]

Other Threads:
  0x018a1400 VMThread [stack: 0x03b50000,0x03ba0000] [id=5540]
  0x018df800 WatcherThread [stack: 0x03a50000,0x03aa0000] [id=7604]

VM state:not at safepoint (normal execution)

VM Mutex/Monitor currently owned by a thread: None

Heap
 def new generation   total 19648K, used 3283K [0x23980000, 0x24ed0000, 0x28ed0000)
  eden space 17472K,  18% used [0x23980000, 0x23cb4a38, 0x24a90000)
  from space 2176K,   0% used [0x24cb0000, 0x24cb0568, 0x24ed0000)
  to   space 2176K,   0% used [0x24a90000, 0x24a90000, 0x24cb0000)
 tenured generation   total 43540K, used 15925K [0x28ed0000, 0x2b955000, 0x33980000)
   the space 43540K,  36% used [0x28ed0000, 0x29e5d410, 0x29e5d600, 0x2b955000)
 compacting perm gen  total 12288K, used 2916K [0x33980000, 0x34580000, 0x37980000)
   the space 12288K,  23% used [0x33980000, 0x33c59270, 0x33c59400, 0x34580000)
    ro space 10240K,  42% used [0x37980000, 0x37dbe580, 0x37dbe600, 0x38380000)
    rw space 12288K,  54% used [0x38380000, 0x389ff128, 0x389ff200, 0x38f80000)

Code Cache  [0x018f0000, 0x01ab0000, 0x038f0000)
 total_blobs=1103 nmethods=821 adapters=217 free_code_cache=30991Kb largest_free_block=31734976

Compilation events (10 events):
Event: 71.382 Thread 0x018bf800  811             java.lang.ThreadLocal::createMap (14 bytes)
Event: 71.382 Thread 0x018bf800 nmethod 811 0x01aaa248 code [0x01aaa350, 0x01aaa44c]
Event: 71.383 Thread 0x018bf800  812             java.lang.ThreadLocal::initialValue (2 bytes)
Event: 71.384 Thread 0x018bf800 nmethod 812 0x01aaa508 code [0x01aaa600, 0x01aaa680]
Event: 141.648 Thread 0x018bf800    7 % !         KinectPackage.KinectManager::run @ 73 (146 bytes)
Event: 141.649 Thread 0x018bf800 nmethod 7% 0x01aaa6c8 code [0x01aaa8e0, 0x01aab050]
Event: 255.680 Thread 0x018bf800  813             java.util.concurrent.ConcurrentHashMap$Segment::scanAndLockForPut (140 bytes)
Event: 255.680 Thread 0x018bf800 nmethod 813 0x01aaba08 code [0x01aabb50, 0x01aabe3c]
Event: 617.600 Thread 0x018bf800  814             java.util.concurrent.ConcurrentHashMap::entryForHash (43 bytes)
Event: 617.601 Thread 0x018bf800 nmethod 814 0x01aac088 code [0x01aac180, 0x01aac270]

GC Heap History (10 events):
Event: 631.776 GC heap before
{Heap before GC invocations=52383 (full 17):
 def new generation   total 19648K, used 17478K [0x23980000, 0x24ed0000, 0x28ed0000)
  eden space 17472K, 100% used [0x23980000, 0x24a90000, 0x24a90000)
  from space 2176K,   0% used [0x24cb0000, 0x24cb1a40, 0x24ed0000)
  to   space 2176K,   0% used [0x24a90000, 0x24a90000, 0x24cb0000)
 tenured generation   total 43540K, used 15925K [0x28ed0000, 0x2b955000, 0x33980000)
   the space 43540K,  36% used [0x28ed0000, 0x29e5d410, 0x29e5d600, 0x2b955000)
 compacting perm gen  total 12288K, used 2916K [0x33980000, 0x34580000, 0x37980000)
   the space 12288K,  23% used [0x33980000, 0x33c59270, 0x33c59400, 0x34580000)
    ro space 10240K,  42% used [0x37980000, 0x37dbe580, 0x37dbe600, 0x38380000)
    rw space 12288K,  54% used [0x38380000, 0x389ff128, 0x389ff200, 0x38f80000)
Event: 631.777 GC heap after
Heap after GC invocations=52384 (full 17):
 def new generation   total 19648K, used 0K [0x23980000, 0x24ed0000, 0x28ed0000)
  eden space 17472K,   0% used [0x23980000, 0x23980000, 0x24a90000)
  from space 2176K,   0% used [0x24a90000, 0x24a90288, 0x24cb0000)
  to   space 2176K,   0% used [0x24cb0000, 0x24cb0000, 0x24ed0000)
 tenured generation   total 43540K, used 15925K [0x28ed0000, 0x2b955000, 0x33980000)
   the space 43540K,  36% used [0x28ed0000, 0x29e5d410, 0x29e5d600, 0x2b955000)
 compacting perm gen  total 12288K, used 2916K [0x33980000, 0x34580000, 0x37980000)
   the space 12288K,  23% used [0x33980000, 0x33c59270, 0x33c59400, 0x34580000)
    ro space 10240K,  42% used [0x37980000, 0x37dbe580, 0x37dbe600, 0x38380000)
    rw space 12288K,  54% used [0x38380000, 0x389ff128, 0x389ff200, 0x38f80000)
}
Event: 631.785 GC heap before
{Heap before GC invocations=52384 (full 17):
 def new generation   total 19648K, used 17472K [0x23980000, 0x24ed0000, 0x28ed0000)
  eden space 17472K, 100% used [0x23980000, 0x24a90000, 0x24a90000)
  from space 2176K,   0% used [0x24a90000, 0x24a90288, 0x24cb0000)
  to   space 2176K,   0% used [0x24cb0000, 0x24cb0000, 0x24ed0000)
 tenured generation   total 43540K, used 15925K [0x28ed0000, 0x2b955000, 0x33980000)
   the space 43540K,  36% used [0x28ed0000, 0x29e5d410, 0x29e5d600, 0x2b955000)
 compacting perm gen  total 12288K, used 2916K [0x33980000, 0x34580000, 0x37980000)
   the space 12288K,  23% used [0x33980000, 0x33c59270, 0x33c59400, 0x34580000)
    ro space 10240K,  42% used [0x37980000, 0x37dbe580, 0x37dbe600, 0x38380000)
    rw space 12288K,  54% used [0x38380000, 0x389ff128, 0x389ff200, 0x38f80000)
Event: 631.786 GC heap after
Heap after GC invocations=52385 (full 17):
 def new generation   total 19648K, used 4K [0x23980000, 0x24ed0000, 0x28ed0000)
  eden space 17472K,   0% used [0x23980000, 0x23980000, 0x24a90000)
  from space 2176K,   0% used [0x24cb0000, 0x24cb1348, 0x24ed0000)
  to   space 2176K,   0% used [0x24a90000, 0x24a90000, 0x24cb0000)
 tenured generation   total 43540K, used 15925K [0x28ed0000, 0x2b955000, 0x33980000)
   the space 43540K,  36% used [0x28ed0000, 0x29e5d410, 0x29e5d600, 0x2b955000)
 compacting perm gen  total 12288K, used 2916K [0x33980000, 0x34580000, 0x37980000)
   the space 12288K,  23% used [0x33980000, 0x33c59270, 0x33c59400, 0x34580000)
    ro space 10240K,  42% used [0x37980000, 0x37dbe580, 0x37dbe600, 0x38380000)
    rw space 12288K,  54% used [0x38380000, 0x389ff128, 0x389ff200, 0x38f80000)
}
Event: 631.793 GC heap before
{Heap before GC invocations=52385 (full 17):
 def new generation   total 19648K, used 17476K [0x23980000, 0x24ed0000, 0x28ed0000)
  eden space 17472K, 100% used [0x23980000, 0x24a90000, 0x24a90000)
  from space 2176K,   0% used [0x24cb0000, 0x24cb1348, 0x24ed0000)
  to   space 2176K,   0% used [0x24a90000, 0x24a90000, 0x24cb0000)
 tenured generation   total 43540K, used 15925K [0x28ed0000, 0x2b955000, 0x33980000)
   the space 43540K,  36% used [0x28ed0000, 0x29e5d410, 0x29e5d600, 0x2b955000)
 compacting perm gen  total 12288K, used 2916K [0x33980000, 0x34580000, 0x37980000)
   the space 12288K,  23% used [0x33980000, 0x33c59270, 0x33c59400, 0x34580000)
    ro space 10240K,  42% used [0x37980000, 0x37dbe580, 0x37dbe600, 0x38380000)
    rw space 12288K,  54% used [0x38380000, 0x389ff128, 0x389ff200, 0x38f80000)
Event: 631.793 GC heap after
Heap after GC invocations=52386 (full 17):
 def new generation   total 19648K, used 1K [0x23980000, 0x24ed0000, 0x28ed0000)
  eden space 17472K,   0% used [0x23980000, 0x23980000, 0x24a90000)
  from space 2176K,   0% used [0x24a90000, 0x24a904f0, 0x24cb0000)
  to   space 2176K,   0% used [0x24cb0000, 0x24cb0000, 0x24ed0000)
 tenured generation   total 43540K, used 15925K [0x28ed0000, 0x2b955000, 0x33980000)
   the space 43540K,  36% used [0x28ed0000, 0x29e5d410, 0x29e5d600, 0x2b955000)
 compacting perm gen  total 12288K, used 2916K [0x33980000, 0x34580000, 0x37980000)
   the space 12288K,  23% used [0x33980000, 0x33c59270, 0x33c59400, 0x34580000)
    ro space 10240K,  42% used [0x37980000, 0x37dbe580, 0x37dbe600, 0x38380000)
    rw space 12288K,  54% used [0x38380000, 0x389ff128, 0x389ff200, 0x38f80000)
}
Event: 631.801 GC heap before
{Heap before GC invocations=52386 (full 17):
 def new generation   total 19648K, used 17473K [0x23980000, 0x24ed0000, 0x28ed0000)
  eden space 17472K, 100% used [0x23980000, 0x24a90000, 0x24a90000)
  from space 2176K,   0% used [0x24a90000, 0x24a904f0, 0x24cb0000)
  to   space 2176K,   0% used [0x24cb0000, 0x24cb0000, 0x24ed0000)
 tenured generation   total 43540K, used 15925K [0x28ed0000, 0x2b955000, 0x33980000)
   the space 43540K,  36% used [0x28ed0000, 0x29e5d410, 0x29e5d600, 0x2b955000)
 compacting perm gen  total 12288K, used 2916K [0x33980000, 0x34580000, 0x37980000)
   the space 12288K,  23% used [0x33980000, 0x33c59270, 0x33c59400, 0x34580000)
    ro space 10240K,  42% used [0x37980000, 0x37dbe580, 0x37dbe600, 0x38380000)
    rw space 12288K,  54% used [0x38380000, 0x389ff128, 0x389ff200, 0x38f80000)
Event: 631.801 GC heap after
Heap after GC invocations=52387 (full 17):
 def new generation   total 19648K, used 0K [0x23980000, 0x24ed0000, 0x28ed0000)
  eden space 17472K,   0% used [0x23980000, 0x23980000, 0x24a90000)
  from space 2176K,   0% used [0x24cb0000, 0x24cb0250, 0x24ed0000)
  to   space 2176K,   0% used [0x24a90000, 0x24a90000, 0x24cb0000)
 tenured generation   total 43540K, used 15925K [0x28ed0000, 0x2b955000, 0x33980000)
   the space 43540K,  36% used [0x28ed0000, 0x29e5d410, 0x29e5d600, 0x2b955000)
 compacting perm gen  total 12288K, used 2916K [0x33980000, 0x34580000, 0x37980000)
   the space 12288K,  23% used [0x33980000, 0x33c59270, 0x33c59400, 0x34580000)
    ro space 10240K,  42% used [0x37980000, 0x37dbe580, 0x37dbe600, 0x38380000)
    rw space 12288K,  54% used [0x38380000, 0x389ff128, 0x389ff200, 0x38f80000)
}
Event: 631.808 GC heap before
{Heap before GC invocations=52387 (full 17):
 def new generation   total 19648K, used 17472K [0x23980000, 0x24ed0000, 0x28ed0000)
  eden space 17472K, 100% used [0x23980000, 0x24a90000, 0x24a90000)
  from space 2176K,   0% used [0x24cb0000, 0x24cb0250, 0x24ed0000)
  to   space 2176K,   0% used [0x24a90000, 0x24a90000, 0x24cb0000)
 tenured generation   total 43540K, used 15925K [0x28ed0000, 0x2b955000, 0x33980000)
   the space 43540K,  36% used [0x28ed0000, 0x29e5d410, 0x29e5d600, 0x2b955000)
 compacting perm gen  total 12288K, used 2916K [0x33980000, 0x34580000, 0x37980000)
   the space 12288K,  23% used [0x33980000, 0x33c59270, 0x33c59400, 0x34580000)
    ro space 10240K,  42% used [0x37980000, 0x37dbe580, 0x37dbe600, 0x38380000)
    rw space 12288K,  54% used [0x38380000, 0x389ff128, 0x389ff200, 0x38f80000)
Event: 631.809 GC heap after
Heap after GC invocations=52388 (full 17):
 def new generation   total 19648K, used 0K [0x23980000, 0x24ed0000, 0x28ed0000)
  eden space 17472K,   0% used [0x23980000, 0x23980000, 0x24a90000)
  from space 2176K,   0% used [0x24a90000, 0x24a903a0, 0x24cb0000)
  to   space 2176K,   0% used [0x24cb0000, 0x24cb0000, 0x24ed0000)
 tenured generation   total 43540K, used 15925K [0x28ed0000, 0x2b955000, 0x33980000)
   the space 43540K,  36% used [0x28ed0000, 0x29e5d410, 0x29e5d600, 0x2b955000)
 compacting perm gen  total 12288K, used 2916K [0x33980000, 0x34580000, 0x37980000)
   the space 12288K,  23% used [0x33980000, 0x33c59270, 0x33c59400, 0x34580000)
    ro space 10240K,  42% used [0x37980000, 0x37dbe580, 0x37dbe600, 0x38380000)
    rw space 12288K,  54% used [0x38380000, 0x389ff128, 0x389ff200, 0x38f80000)
}

Deoptimization events (0 events):
No events

Internal exceptions (10 events):
Event: 8.424 Thread 0x16373800 Threw 0x23c866c8 at C:\jdk7u5_32P\jdk7u5\hotspot\src\share\vm\runtime\sharedRuntime.cpp:613
Event: 8.424 Thread 0x16445000 Threw 0x239897c0 at C:\jdk7u5_32P\jdk7u5\hotspot\src\share\vm\prims\jvm.cpp:1166
Event: 8.425 Thread 0x16373800 Threw 0x23c88200 at C:\jdk7u5_32P\jdk7u5\hotspot\src\share\vm\prims\jvm.cpp:1166
Event: 8.425 Thread 0x16445000 Threw 0x2398cf18 at C:\jdk7u5_32P\jdk7u5\hotspot\src\share\vm\prims\jvm.cpp:1166
Event: 8.425 Thread 0x1635d000 Threw 0x23b937e0 at C:\jdk7u5_32P\jdk7u5\hotspot\src\share\vm\prims\jvm.cpp:1166
Event: 8.426 Thread 0x1635d000 Threw 0x23b95880 at C:\jdk7u5_32P\jdk7u5\hotspot\src\share\vm\prims\jvm.cpp:1166
Event: 8.426 Thread 0x1644a400 Threw 0x23a7ac58 at C:\jdk7u5_32P\jdk7u5\hotspot\src\share\vm\prims\jvm.cpp:1166
Event: 9.473 Thread 0x1622e000 Threw 0x242b9088 at C:\jdk7u5_32P\jdk7u5\hotspot\src\share\vm\prims\jvm.cpp:1166
Event: 88.690 Thread 0x164c4000 Implicit null exception at 0x019c27b5 to 0x019c28c9
Event: 88.690 Thread 0x164c4000 Threw 0x2431f888 at C:\jdk7u5_32P\jdk7u5\hotspot\src\share\vm\runtime\sharedRuntime.cpp:613

Events (10 events):
Event: 631.786 Thread 0x16372800 Thread exited: 0x16372800
Event: 631.786 Thread 0x164c3000 Thread exited: 0x164c3000
Event: 631.786 Thread 0x16371800 Thread exited: 0x16371800
Event: 631.787 Thread 0x16659000 Thread exited: 0x16659000
Event: 631.793 Executing VM operation: GenCollectForAllocation
Event: 631.793 Executing VM operation: GenCollectForAllocation done
Event: 631.801 Executing VM operation: GenCollectForAllocation
Event: 631.801 Executing VM operation: GenCollectForAllocation done
Event: 631.808 Executing VM operation: GenCollectForAllocation
Event: 631.809 Executing VM operation: GenCollectForAllocation done


Dynamic libraries:
0x01230000 - 0x0125f000 	C:\Windows\system32\java.exe
0x76fb0000 - 0x770ec000 	C:\Windows\SYSTEM32\ntdll.dll
0x76ce0000 - 0x76db4000 	C:\Windows\system32\kernel32.dll
0x753f0000 - 0x7543a000 	C:\Windows\system32\KERNELBASE.dll
0x76bb0000 - 0x76c50000 	C:\Windows\system32\ADVAPI32.dll
0x77130000 - 0x771dc000 	C:\Windows\system32\msvcrt.dll
0x755f0000 - 0x75609000 	C:\Windows\SYSTEM32\sechost.dll
0x76890000 - 0x76931000 	C:\Windows\system32\RPCRT4.dll
0x75990000 - 0x75a59000 	C:\Windows\system32\USER32.dll
0x75610000 - 0x7565e000 	C:\Windows\system32\GDI32.dll
0x77100000 - 0x7710a000 	C:\Windows\system32\LPK.dll
0x75810000 - 0x758ad000 	C:\Windows\system32\USP10.dll
0x74080000 - 0x7421e000 	C:\Windows\WinSxS\x86_microsoft.windows.common-controls_6595b64144ccf1df_6.0.7601.17514_none_41e6975e2bd6f2b2\COMCTL32.dll
0x758b0000 - 0x75907000 	C:\Windows\system32\SHLWAPI.dll
0x75c20000 - 0x75c3f000 	C:\Windows\system32\IMM32.DLL
0x76940000 - 0x76a0c000 	C:\Windows\system32\MSCTF.dll
0x61950000 - 0x61a0e000 	C:\Program Files\Java\jre7\bin\msvcr100.dll
0x59b50000 - 0x59e9a000 	C:\Program Files\Java\jre7\bin\client\jvm.dll
0x6c830000 - 0x6c837000 	C:\Windows\system32\WSOCK32.dll
0x76e10000 - 0x76e45000 	C:\Windows\system32\WS2_32.dll
0x77110000 - 0x77116000 	C:\Windows\system32\NSI.dll
0x735d0000 - 0x73602000 	C:\Windows\system32\WINMM.dll
0x770f0000 - 0x770f5000 	C:\Windows\system32\PSAPI.DLL
0x61bc0000 - 0x61bcc000 	C:\Program Files\Java\jre7\bin\verify.dll
0x61ba0000 - 0x61bc0000 	C:\Program Files\Java\jre7\bin\java.dll
0x61b80000 - 0x61b93000 	C:\Program Files\Java\jre7\bin\zip.dll
0x61b60000 - 0x61b74000 	C:\Program Files\Java\jre7\bin\net.dll
0x74bb0000 - 0x74bec000 	C:\Windows\system32\mswsock.dll
0x74ba0000 - 0x74ba6000 	C:\Windows\System32\wship6.dll
0x10000000 - 0x1000c000 	C:\Windows\System32\LibusbJava.dll
0x61890000 - 0x618a1000 	C:\Windows\system32\libusb0.dll
0x76a10000 - 0x76bad000 	C:\Windows\system32\SETUPAPI.dll
0x751c0000 - 0x751e7000 	C:\Windows\system32\CFGMGR32.dll
0x75780000 - 0x7580f000 	C:\Windows\system32\OLEAUT32.dll
0x76e50000 - 0x76fac000 	C:\Windows\system32\ole32.dll
0x753d0000 - 0x753e2000 	C:\Windows\system32\DEVOBJ.dll
0x61870000 - 0x6188e000 	C:\Program Files\OpenNI\Bin\OpenNI.jni.dll
0x61820000 - 0x61870000 	C:\Program Files\OpenNI\Bin\OpenNI.dll
0x75c40000 - 0x7688a000 	C:\Windows\system32\SHELL32.dll
0x617e0000 - 0x617f8000 	C:\Program Files\OpenNI\bin\nimRecorder.dll
0x61800000 - 0x6181a000 	C:\Program Files\OpenNI\bin\nimMockNodes.dll
0x5d880000 - 0x5d8c9000 	C:\Program Files\OpenNI\bin\nimCodecs.dll
0x617c0000 - 0x617e0000 	C:\Program Files\PrimeSense\SensorKinect\Bin\XnDeviceFile.dll
0x61b50000 - 0x61b5b000 	C:\Program Files\PrimeSense\SensorKinect\Bin\XnCore.dll
0x5f360000 - 0x5f403000 	C:\Windows\WinSxS\x86_microsoft.vc90.crt_1fc8b3b9a1e18e3b_9.0.30729.6161_none_50934f2ebcb7eb57\MSVCR90.dll
0x5f770000 - 0x5f7a8000 	C:\Program Files\PrimeSense\SensorKinect\Bin\XnDDK.dll
0x5e4d0000 - 0x5e514000 	C:\Program Files\PrimeSense\SensorKinect\Bin\XnFormats.dll
0x5d8d0000 - 0x5d91f000 	C:\Program Files\PrimeSense\SensorKinect\Bin\XnDeviceSensorV2KM.dll
0x59610000 - 0x598a8000 	C:\Program Files\PrimeSense\NITE\Features_1_3_0\Bin\XnVFeatures_1_3_0.dll
0x5d360000 - 0x5d3ee000 	C:\Windows\WinSxS\x86_microsoft.vc90.crt_1fc8b3b9a1e18e3b_9.0.30729.6161_none_50934f2ebcb7eb57\MSVCP90.dll
0x59900000 - 0x59b4f000 	C:\Program Files\PrimeSense\NITE\Features_1_3_1\Bin\XnVFeatures_1_3_1.dll
0x593f0000 - 0x59609000 	C:\Program Files\PrimeSense\NITE\Features_1_4_1\Bin\XnVFeatures_1_4_1.dll
0x58890000 - 0x58aa6000 	C:\Program Files\PrimeSense\NITE\Features_1_4_2\Bin\XnVFeatures_1_4_2.dll
0x58580000 - 0x58887000 	C:\Program Files\PrimeSense\NITE\Features_1_5_2\Bin\XnVFeatures_1_5_2.dll
0x5d280000 - 0x5d357000 	C:\Program Files\PrimeSense\NITE\Hands_1_3_0\Bin\XnVHandGenerator_1_3_0.dll
0x5b2f0000 - 0x5b3cc000 	C:\Program Files\PrimeSense\NITE\Hands_1_3_1\Bin\XnVHandGenerator_1_3_1.dll
0x5b210000 - 0x5b2ed000 	C:\Program Files\PrimeSense\NITE\Hands_1_4_1\Bin\XnVHandGenerator_1_4_1.dll
0x58bf0000 - 0x58ccd000 	C:\Program Files\PrimeSense\NITE\Hands_1_4_2\Bin\XnVHandGenerator_1_4_2.dll
0x58b00000 - 0x58bec000 	C:\Program Files\PrimeSense\NITE\Hands_1_5_2\Bin\XnVHandGenerator_1_5_2.dll
0x73d70000 - 0x73db0000 	C:\Windows\system32\uxtheme.dll
0x753a0000 - 0x753cd000 	C:\Windows\system32\WINTRUST.dll
0x75280000 - 0x7539e000 	C:\Windows\system32\CRYPT32.dll
0x751b0000 - 0x751bc000 	C:\Windows\system32\MSASN1.dll
0x746c0000 - 0x746c5000 	C:\Windows\System32\wshtcpip.dll
0x75070000 - 0x750bc000 	C:\Windows\system32\apphelp.dll
0x03cb0000 - 0x03cbe000 	C:\Windows\System32\j3dcore-ogl-chk.dll
0x584b0000 - 0x58578000 	C:\Windows\system32\OPENGL32.dll
0x61790000 - 0x617b2000 	C:\Windows\system32\GLU32.dll
0x64820000 - 0x64907000 	C:\Windows\system32\DDRAW.dll
0x70750000 - 0x70756000 	C:\Windows\system32\DCIMAN32.dll
0x73df0000 - 0x73e03000 	C:\Windows\system32\dwmapi.dll
0x5f860000 - 0x5f867000 	C:\Windows\system32\atiglpxx.dll
0x69030000 - 0x6a380000 	C:\Windows\system32\atioglxx.dll
0x745f0000 - 0x745f9000 	C:\Windows\system32\VERSION.dll
0x70ed0000 - 0x70fb4000 	C:\Windows\system32\aticfx32.dll
0x72910000 - 0x72971000 	C:\Windows\system32\atiadlxx.dll
0x74790000 - 0x747a7000 	C:\Windows\system32\USERENV.dll
0x75140000 - 0x7514b000 	C:\Windows\system32\profapi.dll
0x74630000 - 0x7463d000 	C:\Windows\system32\WTSAPI32.dll
0x5f840000 - 0x5f84b000 	C:\Windows\system32\atigktxx.dll
0x58360000 - 0x584a2000 	C:\Program Files\Java\jre7\bin\awt.dll
0x750c0000 - 0x750cc000 	C:\Windows\system32\CRYPTBASE.dll
0x5f850000 - 0x5f856000 	C:\Program Files\Java\jre7\bin\jawt.dll
0x03d40000 - 0x03d69000 	C:\Windows\System32\j3dcore-ogl.dll
0x6f2e0000 - 0x6f3cb000 	C:\Windows\system32\dbghelp.dll

VM Arguments:
jvm_args: -Djava 
java_command: SANDRAExecutable.jar 193.156.105.142 7540 kinectJoints gameControl
Launcher Type: SUN_STANDARD

Environment Variables:
CLASSPATH=C:\Program Files\OpenNI\Bin\org.OpenNI.jar
PATH=C:\Program Files\Intel\iCLS Client\;C:\Program Files\AMD APP\bin\x86;C:\Windows\system32;C:\Windows;C:\Windows\System32\Wbem;C:\Windows\System32\WindowsPowerShell\v1.0\;C:\Program Files\ATI Technologies\ATI.ACE\Core-Static;C:\Users\norut\AppData\Roaming\npm;C:\Program Files\nodejs\;C:\Program Files\Intel\Intel(R) Management Engine Components\DAL;C:\Program Files\Intel\Intel(R) Management Engine Components\IPT;C:\Program Files\OpenNI\Bin;C:\Program Files\PrimeSense\NITE\bin;C:\Program Files\AMD APP\bin\x86;C:\Windows\system32;C:\Windows;C:\Windows\System32\Wbem;C:\Windows\System32\WindowsPowerShell\v1.0\;C:\Program Files\ATI Technologies\ATI.ACE\Core-Static;C:\Program Files\nodejs
USERNAME=norut
OS=Windows_NT
PROCESSOR_IDENTIFIER=x86 Family 6 Model 58 Stepping 9, GenuineIntel



---------------  S Y S T E M  ---------------

OS: Windows 7 Build 7601 Service Pack 1

CPU:total 4 (4 cores per cpu, 1 threads per core) family 6 model 58 stepping 9, cmov, cx8, fxsr, mmx, sse, sse2, sse3, ssse3, sse4.1, sse4.2, popcnt, avx, tsc, tscinvbit, tscinv

Memory: 4k page, physical 3638896k(1709216k free), swap 7276036k(5014780k free)

vm_info: Java HotSpot(TM) Client VM (23.1-b03) for windows-x86 JRE (1.7.0_05-b05), built on May 15 2012 18:11:27 by "java_re" with unknown MS VC++:1600

time: Tue Jul 17 15:17:04 2012
elapsed time: 631 seconds

