#
# A fatal error has been detected by the Java Runtime Environment:
#
#  EXCEPTION_ACCESS_VIOLATION (0xc0000005) at pc=0x58999498, pid=4540, tid=13680
#
# JRE version: 7.0_05-b05
# Java VM: Java HotSpot(TM) Client VM (23.1-b03 mixed mode, sharing windows-x86 )
# Problematic frame:
# C  [XnVFeatures_1_5_2.dll+0x1f9498]  xnModuleGetOpenNIVersion+0x1bb478
#
# Failed to write core dump. Minidumps are not enabled by default on client versions of Windows
#
# If you would like to submit a bug report, please visit:
#   http://bugreport.sun.com/bugreport/crash.jsp
# The crash happened outside the Java Virtual Machine in native code.
# See problematic frame for where to report the bug.
#

---------------  T H R E A D  ---------------

Current thread (0x05efc400):  JavaThread "Thread-1" [_thread_in_native, id=13680, stack(0x0fe00000,0x0fe50000)]

siginfo: ExceptionCode=0xc0000005, reading address 0x05f0aa38

Registers:
EAX=0x090cbbd0, EBX=0x090cbbc8, ECX=0x000000b2, EDX=0x000000a4
ESP=0x0fe4eea8, EBP=0x00006f40, ESI=0x05f0a8f0, EDI=0x05efca70
EIP=0x58999498, EFLAGS=0x00010202

Top of Stack: (sp=0x0fe4eea8)
0x0fe4eea8:   00000000 58a707f4 7fffffff 7fffffff
0x0fe4eeb8:   7fffffff 090cbbd8 80000000 00000000
0x0fe4eec8:   090cbbe8 7fffffff 7fffffff 00000000
0x0fe4eed8:   00000000 00000000 80000000 58a707f4
0x0fe4eee8:   0562cd88 00000000 7fffffff 80000000
0x0fe4eef8:   80000000 80000000 58a707f4 7fffffff
0x0fe4ef08:   7fffffff 7fffffff 80000000 80000000
0x0fe4ef18:   80000000 58a707f4 7fffffff 7fffffff 

Instructions: (pc=0x58999498)
0x58999478:   f0 00 00 00 73 cc 8b ac 24 f8 00 00 00 8b 4b 04
0x58999488:   8b 13 8b 75 1c 8b 6d 28 0f af e9 8b 3e 8d 34 6f
0x58999498:   0f b7 3c 56 85 ff 75 32 8b 94 24 14 01 00 00 83
0x589994a8:   c3 08 3b 42 0c 72 9b 8b 94 24 f4 00 00 00 8b 8c 


Register to memory mapping:

EAX=0x090cbbd0 is an unknown value
EBX=0x090cbbc8 is an unknown value
ECX=0x000000b2 is an unknown value
EDX=0x000000a4 is an unknown value
ESP=0x0fe4eea8 is pointing into the stack for thread: 0x05efc400
EBP=0x00006f40 is an unknown value
ESI=0x05f0a8f0 is an unknown value
EDI=0x05efca70 is an unknown value


Stack: [0x0fe00000,0x0fe50000],  sp=0x0fe4eea8,  free space=315k
Native frames: (J=compiled Java code, j=interpreted, Vv=VM code, C=native code)
C  [XnVFeatures_1_5_2.dll+0x1f9498]  xnModuleGetOpenNIVersion+0x1bb478

[error occurred during error reporting (printing native stack), id 0xc0000005]

Java frames: (J=compiled Java code, j=interpreted, Vv=VM code)
j  org.OpenNI.NativeMethods.xnWaitAnyUpdateAll(J)I+0
j  org.OpenNI.Context.waitAnyUpdateAll()V+4
j  KinectPackage.KinectManager.run()V+12
j  java.lang.Thread.run()V+11
v  ~StubRoutines::call_stub

---------------  P R O C E S S  ---------------

Java Threads: ( => current thread )
=>0x05efc400 JavaThread "Thread-1" [_thread_in_native, id=13680, stack(0x0fe00000,0x0fe50000)]
  0x00d04c00 JavaThread "Service Thread" daemon [_thread_blocked, id=6148, stack(0x03e40000,0x03e90000)]
  0x00cffc00 JavaThread "C1 CompilerThread0" daemon [_thread_blocked, id=11808, stack(0x03ca0000,0x03cf0000)]
  0x00cfe400 JavaThread "Attach Listener" daemon [_thread_blocked, id=11940, stack(0x03d70000,0x03dc0000)]
  0x00cfd400 JavaThread "Signal Dispatcher" daemon [_thread_blocked, id=5404, stack(0x00bd0000,0x00c20000)]
  0x00ce4400 JavaThread "Finalizer" daemon [_thread_blocked, id=9020, stack(0x03af0000,0x03b40000)]
  0x00ce2800 JavaThread "Reference Handler" daemon [_thread_blocked, id=10668, stack(0x03be0000,0x03c30000)]
  0x00c2b400 JavaThread "main" [_thread_in_native, id=1076, stack(0x00b80000,0x00bd0000)]

Other Threads:
  0x00ce1400 VMThread [stack: 0x03b60000,0x03bb0000] [id=14776]
  0x00d1fc00 WatcherThread [stack: 0x03cf0000,0x03d40000] [id=7728]

VM state:not at safepoint (normal execution)

VM Mutex/Monitor currently owned by a thread: None

Heap
 def new generation   total 4928K, used 2415K [0x23980000, 0x23ed0000, 0x28ed0000)
  eden space 4416K,  54% used [0x23980000, 0x23bdbf70, 0x23dd0000)
  from space 512K,   0% used [0x23dd0000, 0x23dd0000, 0x23e50000)
  to   space 512K,   0% used [0x23e50000, 0x23e50000, 0x23ed0000)
 tenured generation   total 10944K, used 0K [0x28ed0000, 0x29980000, 0x33980000)
   the space 10944K,   0% used [0x28ed0000, 0x28ed0000, 0x28ed0200, 0x29980000)
 compacting perm gen  total 12288K, used 934K [0x33980000, 0x34580000, 0x37980000)
   the space 12288K,   7% used [0x33980000, 0x33a698d8, 0x33a69a00, 0x34580000)
    ro space 10240K,  42% used [0x37980000, 0x37dbe580, 0x37dbe600, 0x38380000)
    rw space 12288K,  54% used [0x38380000, 0x389ff128, 0x389ff200, 0x38f80000)

Code Cache  [0x01a00000, 0x01aa8000, 0x03a00000)
 total_blobs=196 nmethods=47 adapters=84 free_code_cache=32114Kb largest_free_block=32885504

Compilation events (10 events):
Event: 0.092 Thread 0x00cffc00   41             java.lang.String::<init> (20 bytes)
Event: 0.092 Thread 0x00cffc00 nmethod 41 0x01aa2188 code [0x01aa2280, 0x01aa2320]
Event: 0.512 Thread 0x00cffc00   42             java.lang.AbstractStringBuilder::append (48 bytes)
Event: 0.513 Thread 0x00cffc00 nmethod 42 0x01aa2388 code [0x01aa24a0, 0x01aa25c8]
Event: 0.861 Thread 0x00cffc00   43             org.OpenNI.ObjectWrapper::toNative (5 bytes)
Event: 0.861 Thread 0x00cffc00 nmethod 43 0x01aa26c8 code [0x01aa27c0, 0x01aa2840]
Event: 0.861 Thread 0x00cffc00   44             KinectPackage.KinectManager::getUserGenerator (5 bytes)
Event: 0.861 Thread 0x00cffc00 nmethod 44 0x01aa2888 code [0x01aa2980, 0x01aa2a00]
Event: 0.861 Thread 0x00cffc00   45             org.OpenNI.UserGenerator::getNumberOfUsers (8 bytes)
Event: 0.861 Thread 0x00cffc00 nmethod 45 0x01aa2cc8 code [0x01aa2dc0, 0x01aa2e5c]

GC Heap History (0 events):
No events

Deoptimization events (0 events):
No events

Internal exceptions (10 events):
Event: 0.511 Thread 0x00c2b400 Threw 0x23bacdf8 at C:\jdk7u5_32P\jdk7u5\hotspot\src\share\vm\prims\jvm.cpp:1166
Event: 0.511 Thread 0x00c2b400 Threw 0x23bb0ed0 at C:\jdk7u5_32P\jdk7u5\hotspot\src\share\vm\prims\jvm.cpp:1166
Event: 0.512 Thread 0x00c2b400 Threw 0x23bb4f90 at C:\jdk7u5_32P\jdk7u5\hotspot\src\share\vm\prims\jvm.cpp:1166
Event: 0.512 Thread 0x00c2b400 Threw 0x23bb7be8 at C:\jdk7u5_32P\jdk7u5\hotspot\src\share\vm\prims\jvm.cpp:1166
Event: 0.512 Thread 0x00c2b400 Threw 0x23bba8d0 at C:\jdk7u5_32P\jdk7u5\hotspot\src\share\vm\prims\jvm.cpp:1166
Event: 0.512 Thread 0x00c2b400 Threw 0x23bbd7e0 at C:\jdk7u5_32P\jdk7u5\hotspot\src\share\vm\prims\jvm.cpp:1166
Event: 0.513 Thread 0x00c2b400 Threw 0x23bc0360 at C:\jdk7u5_32P\jdk7u5\hotspot\src\share\vm\prims\jvm.cpp:1166
Event: 0.513 Thread 0x00c2b400 Threw 0x23bc4638 at C:\jdk7u5_32P\jdk7u5\hotspot\src\share\vm\prims\jvm.cpp:1166
Event: 0.513 Thread 0x00c2b400 Threw 0x23bc6248 at C:\jdk7u5_32P\jdk7u5\hotspot\src\share\vm\prims\jvm.cpp:1166
Event: 0.519 Thread 0x00c2b400 Threw 0x23bc8298 at C:\jdk7u5_32P\jdk7u5\hotspot\src\share\vm\prims\jvm.cpp:1166

Events (10 events):
Event: 0.512 loading class 0x03f15640 done
Event: 0.513 loading class 0x03f15690
Event: 0.513 loading class 0x03f15690 done
Event: 0.513 loading class 0x03f1b788
Event: 0.513 loading class 0x03f1b788 done
Event: 0.513 loading class 0x03f1b488
Event: 0.513 loading class 0x03f1b488 done
Event: 0.519 loading class 0x03f1bc08
Event: 0.519 loading class 0x03f1bc08 done
Event: 0.858 Thread 0x05efc400 Thread added: 0x05efc400


Dynamic libraries:
0x00dd0000 - 0x00dff000 	C:\Windows\system32\java.exe
0x76fb0000 - 0x770ec000 	C:\Windows\SYSTEM32\ntdll.dll
0x76ce0000 - 0x76db4000 	C:\Windows\system32\kernel32.dll
0x753f0000 - 0x7543a000 	C:\Windows\system32\KERNELBASE.dll
0x76bb0000 - 0x76c50000 	C:\Windows\system32\ADVAPI32.dll
0x77130000 - 0x771dc000 	C:\Windows\system32\msvcrt.dll
0x755f0000 - 0x75609000 	C:\Windows\SYSTEM32\sechost.dll
0x76890000 - 0x76931000 	C:\Windows\system32\RPCRT4.dll
0x75990000 - 0x75a59000 	C:\Windows\system32\USER32.dll
0x75610000 - 0x7565e000 	C:\Windows\system32\GDI32.dll
0x77100000 - 0x7710a000 	C:\Windows\system32\LPK.dll
0x75810000 - 0x758ad000 	C:\Windows\system32\USP10.dll
0x74080000 - 0x7421e000 	C:\Windows\WinSxS\x86_microsoft.windows.common-controls_6595b64144ccf1df_6.0.7601.17514_none_41e6975e2bd6f2b2\COMCTL32.dll
0x758b0000 - 0x75907000 	C:\Windows\system32\SHLWAPI.dll
0x75c20000 - 0x75c3f000 	C:\Windows\system32\IMM32.DLL
0x76940000 - 0x76a0c000 	C:\Windows\system32\MSCTF.dll
0x59de0000 - 0x59e9e000 	C:\Program Files\Java\jre7\bin\msvcr100.dll
0x58360000 - 0x586aa000 	C:\Program Files\Java\jre7\bin\client\jvm.dll
0x6c830000 - 0x6c837000 	C:\Windows\system32\WSOCK32.dll
0x76e10000 - 0x76e45000 	C:\Windows\system32\WS2_32.dll
0x77110000 - 0x77116000 	C:\Windows\system32\NSI.dll
0x735d0000 - 0x73602000 	C:\Windows\system32\WINMM.dll
0x770f0000 - 0x770f5000 	C:\Windows\system32\PSAPI.DLL
0x61bb0000 - 0x61bbc000 	C:\Program Files\Java\jre7\bin\verify.dll
0x61b90000 - 0x61bb0000 	C:\Program Files\Java\jre7\bin\java.dll
0x61b70000 - 0x61b83000 	C:\Program Files\Java\jre7\bin\zip.dll
0x619f0000 - 0x61a04000 	C:\Program Files\Java\jre7\bin\net.dll
0x74bb0000 - 0x74bec000 	C:\Windows\system32\mswsock.dll
0x74ba0000 - 0x74ba6000 	C:\Windows\System32\wship6.dll
0x10000000 - 0x1000c000 	C:\Windows\System32\LibusbJava.dll
0x619d0000 - 0x619e1000 	C:\Windows\system32\libusb0.dll
0x76a10000 - 0x76bad000 	C:\Windows\system32\SETUPAPI.dll
0x751c0000 - 0x751e7000 	C:\Windows\system32\CFGMGR32.dll
0x75780000 - 0x7580f000 	C:\Windows\system32\OLEAUT32.dll
0x76e50000 - 0x76fac000 	C:\Windows\system32\ole32.dll
0x753d0000 - 0x753e2000 	C:\Windows\system32\DEVOBJ.dll
0x619b0000 - 0x619ce000 	C:\Program Files\OpenNI\Bin\OpenNI.jni.dll
0x61820000 - 0x61870000 	C:\Program Files\OpenNI\Bin\OpenNI.dll
0x75c40000 - 0x7688a000 	C:\Windows\system32\SHELL32.dll
0x61800000 - 0x61818000 	C:\Program Files\OpenNI\bin\nimRecorder.dll
0x617e0000 - 0x617fa000 	C:\Program Files\OpenNI\bin\nimMockNodes.dll
0x61790000 - 0x617d9000 	C:\Program Files\OpenNI\bin\nimCodecs.dll
0x5f850000 - 0x5f870000 	C:\Program Files\PrimeSense\SensorKinect\Bin\XnDeviceFile.dll
0x61b50000 - 0x61b5b000 	C:\Program Files\PrimeSense\SensorKinect\Bin\XnCore.dll
0x5f360000 - 0x5f403000 	C:\Windows\WinSxS\x86_microsoft.vc90.crt_1fc8b3b9a1e18e3b_9.0.30729.6161_none_50934f2ebcb7eb57\MSVCR90.dll
0x5f770000 - 0x5f7a8000 	C:\Program Files\PrimeSense\SensorKinect\Bin\XnDDK.dll
0x5e4d0000 - 0x5e514000 	C:\Program Files\PrimeSense\SensorKinect\Bin\XnFormats.dll
0x5d8d0000 - 0x5d91f000 	C:\Program Files\PrimeSense\SensorKinect\Bin\XnDeviceSensorV2KM.dll
0x598b0000 - 0x59b48000 	C:\Program Files\PrimeSense\NITE\Features_1_3_0\Bin\XnVFeatures_1_3_0.dll
0x5d840000 - 0x5d8ce000 	C:\Windows\WinSxS\x86_microsoft.vc90.crt_1fc8b3b9a1e18e3b_9.0.30729.6161_none_50934f2ebcb7eb57\MSVCP90.dll
0x59660000 - 0x598af000 	C:\Program Files\PrimeSense\NITE\Features_1_3_1\Bin\XnVFeatures_1_3_1.dll
0x59440000 - 0x59659000 	C:\Program Files\PrimeSense\NITE\Features_1_4_1\Bin\XnVFeatures_1_4_1.dll
0x58ab0000 - 0x58cc6000 	C:\Program Files\PrimeSense\NITE\Features_1_4_2\Bin\XnVFeatures_1_4_2.dll
0x587a0000 - 0x58aa7000 	C:\Program Files\PrimeSense\NITE\Features_1_5_2\Bin\XnVFeatures_1_5_2.dll
0x5d310000 - 0x5d3e7000 	C:\Program Files\PrimeSense\NITE\Hands_1_3_0\Bin\XnVHandGenerator_1_3_0.dll
0x5d230000 - 0x5d30c000 	C:\Program Files\PrimeSense\NITE\Hands_1_3_1\Bin\XnVHandGenerator_1_3_1.dll
0x5b2f0000 - 0x5b3cd000 	C:\Program Files\PrimeSense\NITE\Hands_1_4_1\Bin\XnVHandGenerator_1_4_1.dll
0x5b210000 - 0x5b2ed000 	C:\Program Files\PrimeSense\NITE\Hands_1_4_2\Bin\XnVHandGenerator_1_4_2.dll
0x586b0000 - 0x5879c000 	C:\Program Files\PrimeSense\NITE\Hands_1_5_2\Bin\XnVHandGenerator_1_5_2.dll
0x73d70000 - 0x73db0000 	C:\Windows\system32\uxtheme.dll
0x753a0000 - 0x753cd000 	C:\Windows\system32\WINTRUST.dll
0x75280000 - 0x7539e000 	C:\Windows\system32\CRYPT32.dll
0x751b0000 - 0x751bc000 	C:\Windows\system32\MSASN1.dll
0x746c0000 - 0x746c5000 	C:\Windows\System32\wshtcpip.dll
0x6f2e0000 - 0x6f3cb000 	C:\Windows\system32\dbghelp.dll

VM Arguments:
jvm_args: -Djava 
java_command: SANDRAExecutable.jar 193.156.105.142 7540 kinectJoints gameControl
Launcher Type: SUN_STANDARD

Environment Variables:
CLASSPATH=C:\Program Files\OpenNI\Bin\org.OpenNI.jar
PATH=C:\Program Files\Intel\iCLS Client\;C:\Program Files\AMD APP\bin\x86;C:\Windows\system32;C:\Windows;C:\Windows\System32\Wbem;C:\Windows\System32\WindowsPowerShell\v1.0\;C:\Program Files\ATI Technologies\ATI.ACE\Core-Static;C:\Users\norut\AppData\Roaming\npm;C:\Program Files\nodejs\;C:\Program Files\Intel\Intel(R) Management Engine Components\DAL;C:\Program Files\Intel\Intel(R) Management Engine Components\IPT;C:\Program Files\OpenNI\Bin;C:\Program Files\PrimeSense\NITE\bin;C:\Program Files\AMD APP\bin\x86;C:\Windows\system32;C:\Windows;C:\Windows\System32\Wbem;C:\Windows\System32\WindowsPowerShell\v1.0\;C:\Program Files\ATI Technologies\ATI.ACE\Core-Static;C:\Program Files\nodejs
USERNAME=norut
OS=Windows_NT
PROCESSOR_IDENTIFIER=x86 Family 6 Model 58 Stepping 9, GenuineIntel



---------------  S Y S T E M  ---------------

OS: Windows 7 Build 7601 Service Pack 1

CPU:total 4 (4 cores per cpu, 1 threads per core) family 6 model 58 stepping 9, cmov, cx8, fxsr, mmx, sse, sse2, sse3, ssse3, sse4.1, sse4.2, popcnt, avx, tsc, tscinvbit, tscinv

Memory: 4k page, physical 3638896k(1944448k free), swap 7276036k(5271260k free)

vm_info: Java HotSpot(TM) Client VM (23.1-b03) for windows-x86 JRE (1.7.0_05-b05), built on May 15 2012 18:11:27 by "java_re" with unknown MS VC++:1600

time: Tue Jul 17 15:06:28 2012
elapsed time: 0 seconds

