#
# A fatal error has been detected by the Java Runtime Environment:
#
#  EXCEPTION_ACCESS_VIOLATION (0xc0000005) at pc=0x151d9660, pid=5156, tid=2360
#
# JRE version: 7.0_05-b05
# Java VM: Java HotSpot(TM) Client VM (23.1-b03 mixed mode, sharing windows-x86 )
# Problematic frame:
# C  0x151d9660
#
# Failed to write core dump. Minidumps are not enabled by default on client versions of Windows
#
# If you would like to submit a bug report, please visit:
#   http://bugreport.sun.com/bugreport/crash.jsp
# The crash happened outside the Java Virtual Machine in native code.
# See problematic frame for where to report the bug.
#

---------------  T H R E A D  ---------------

Current thread (0x05f2c400):  JavaThread "Thread-1" [_thread_in_native, id=2360, stack(0x03ca0000,0x03cf0000)]

siginfo: ExceptionCode=0xc0000005, ExceptionInformation=0x00000008 0x151d9660

Registers:
EAX=0x0178b528, EBX=0x33a4eae8, ECX=0x01842720, EDX=0x151d9660
ESP=0x03cef07c, EBP=0x03cef0d4, ESI=0x05d1b5b0, EDI=0x05f2c400
EIP=0x151d9660, EFLAGS=0x00010206

Top of Stack: (sp=0x03cef07c)
0x03cef07c:   6d246c95 0178b528 01842720 33a4eae8
0x03cef08c:   0198a707 05f2c528 03cef0dc 05cf87f8
0x03cef09c:   00000000 05d1b5b0 00000000 03cef0f8
0x03cef0ac:   01866f9c 01866f9c 03cef0b4 00000000
0x03cef0bc:   03cef0f0 33a528e0 00000000 33a4eae8
0x03cef0cc:   00000000 03cef0e4 03cef114 019832c7
0x03cef0dc:   28ed03b8 01988989 05d1b5b0 00000000
0x03cef0ec:   05cf87f8 00000000 03cef0f4 33a597f8 

Instructions: (pc=0x151d9660)
0x151d9640:   48 96 1d 15 00 00 00 00 c1 00 c1 15 fe 00 00 00
0x151d9650:   01 00 00 00 02 00 00 00 60 96 1d 15 00 00 00 00
0x151d9660:   c1 15 04 59 b7 00 05 bf b1 00 00 00 02 00 0b 00
0x151d9670:   0f 3a bb 38 ed 61 3d 08 05 00 00 00 ff ff ff ff 


Register to memory mapping:

EAX=0x0178b528 is an unknown value
EBX=0x33a4eae8 is an oop
{method} 
 - klass: {other class}
ECX=0x01842720 is a global jni handle
EDX=0x151d9660 is an unknown value
ESP=0x03cef07c is pointing into the stack for thread: 0x05f2c400
EBP=0x03cef0d4 is pointing into the stack for thread: 0x05f2c400
ESI=0x05d1b5b0 is an unknown value
EDI=0x05f2c400 is a thread


Stack: [0x03ca0000,0x03cf0000],  sp=0x03cef07c,  free space=316k
Native frames: (J=compiled Java code, j=interpreted, Vv=VM code, C=native code)
C  0x151d9660
j  org.OpenNI.UserGenerator$2.unregisterNative(J)V+8
j  org.OpenNI.Observable.deleteObserver(Lorg/OpenNI/IObserver;)V+24
j  KinectPackage.SkeletonManager.reset()V+27
j  KinectPackage.SkeletonManager.access$8(LKinectPackage/SkeletonManager;)V+1
j  KinectPackage.SkeletonManager$LostUserObserver.update(Lorg/OpenNI/IObservable;Lorg/OpenNI/UserEventArgs;)V+183
j  KinectPackage.SkeletonManager$LostUserObserver.update(Lorg/OpenNI/IObservable;Ljava/lang/Object;)V+9
j  org.OpenNI.Observable.notify(Ljava/lang/Object;)V+30
j  org.OpenNI.UserGenerator$2.callback(I)V+9
v  ~StubRoutines::call_stub
V  [jvm.dll+0x12964a]
V  [jvm.dll+0x1d851e]
V  [jvm.dll+0x1296cd]
V  [jvm.dll+0xae4da]
V  [jvm.dll+0xb1d93]
C  [OpenNI.jni.dll+0x10ea]  JNI_OnUnload+0x6a
C  [XnVFeatures_1_5_2.dll+0x959a8]  xnModuleGetOpenNIVersion+0x57988
C  [XnVFeatures_1_5_2.dll+0x7b5d8]  xnModuleGetOpenNIVersion+0x3d5b8
C  [XnVFeatures_1_5_2.dll+0xb1538]  xnModuleGetOpenNIVersion+0x73518
C  [XnVFeatures_1_5_2.dll+0x95266]  xnModuleGetOpenNIVersion+0x57246
C  [OpenNI.jni.dll+0x2eab]  Java_org_OpenNI_NativeMethods_xnWaitAnyUpdateAll+0xb
J  org.OpenNI.Context.waitAnyUpdateAll()V
j  java.lang.Thread.run()V+11
v  ~StubRoutines::call_stub
V  [jvm.dll+0x12964a]
V  [jvm.dll+0x1d851e]
V  [jvm.dll+0x129833]
V  [jvm.dll+0x129897]
V  [jvm.dll+0xd24af]
V  [jvm.dll+0x149977]
V  [jvm.dll+0x149ae0]
V  [jvm.dll+0x17e049]
C  [msvcr100.dll+0x5c6de]  endthreadex+0x3a
C  [msvcr100.dll+0x5c788]  endthreadex+0xe4
C  [kernel32.dll+0x4ed6c]  BaseThreadInitThunk+0x12
C  [ntdll.dll+0x6377b]  RtlInitializeExceptionChain+0xef
C  [ntdll.dll+0x6374e]  RtlInitializeExceptionChain+0xc2

Java frames: (J=compiled Java code, j=interpreted, Vv=VM code)
j  org.OpenNI.NativeMethods.xnUnregisterUserCallbacks(JJ)V+0
j  org.OpenNI.UserGenerator$2.unregisterNative(J)V+8
j  org.OpenNI.Observable.deleteObserver(Lorg/OpenNI/IObserver;)V+24
j  KinectPackage.SkeletonManager.reset()V+27
j  KinectPackage.SkeletonManager.access$8(LKinectPackage/SkeletonManager;)V+1
j  KinectPackage.SkeletonManager$LostUserObserver.update(Lorg/OpenNI/IObservable;Lorg/OpenNI/UserEventArgs;)V+183
j  KinectPackage.SkeletonManager$LostUserObserver.update(Lorg/OpenNI/IObservable;Ljava/lang/Object;)V+9
j  org.OpenNI.Observable.notify(Ljava/lang/Object;)V+30
j  org.OpenNI.UserGenerator$2.callback(I)V+9
v  ~StubRoutines::call_stub
J  org.OpenNI.NativeMethods.xnWaitAnyUpdateAll(J)I
J  org.OpenNI.Context.waitAnyUpdateAll()V
j  KinectPackage.KinectManager.run()V+12
j  java.lang.Thread.run()V+11
v  ~StubRoutines::call_stub

---------------  P R O C E S S  ---------------

Java Threads: ( => current thread )
  0x05f2f000 JavaThread "DestroyJavaVM" [_thread_blocked, id=5336, stack(0x01730000,0x01780000)]
  0x05f2ec00 JavaThread "Thread-20" [_thread_in_Java, id=1588, stack(0x199e0000,0x19a30000)]
  0x05f2e400 JavaThread "Thread-6" [_thread_in_Java, id=1236, stack(0x18e00000,0x18e50000)]
  0x05f2e000 JavaThread "Thread-5" [_thread_in_native, id=1240, stack(0x198b0000,0x19900000)]
  0x05f2d800 JavaThread "AWT-Windows" daemon [_thread_in_native, id=4872, stack(0x19830000,0x19880000)]
  0x05f2cc00 JavaThread "Java2D Disposer" daemon [_thread_blocked, id=2344, stack(0x17080000,0x170d0000)]
=>0x05f2c400 JavaThread "Thread-1" [_thread_in_native, id=2360, stack(0x03ca0000,0x03cf0000)]
  0x01865400 JavaThread "Service Thread" daemon [_thread_blocked, id=932, stack(0x03b70000,0x03bc0000)]
  0x01860000 JavaThread "C1 CompilerThread0" daemon [_thread_blocked, id=4440, stack(0x03db0000,0x03e00000)]
  0x0185e800 JavaThread "Attach Listener" daemon [_thread_blocked, id=5472, stack(0x03ad0000,0x03b20000)]
  0x0185b400 JavaThread "Signal Dispatcher" daemon [_thread_blocked, id=4508, stack(0x03c50000,0x03ca0000)]
  0x01844000 JavaThread "Finalizer" daemon [_thread_blocked, id=4796, stack(0x03d00000,0x03d50000)]
  0x01842800 JavaThread "Reference Handler" daemon [_thread_blocked, id=4764, stack(0x03b20000,0x03b70000)]

Other Threads:
  0x01841400 VMThread [stack: 0x03c00000,0x03c50000] [id=2164]
  0x0187fc00 WatcherThread [stack: 0x03a70000,0x03ac0000] [id=4200]

VM state:not at safepoint (normal execution)

VM Mutex/Monitor currently owned by a thread: None

Heap
 def new generation   total 78656K, used 23556K [0x23980000, 0x28ed0000, 0x28ed0000)
  eden space 69952K,  33% used [0x23980000, 0x250808f0, 0x27dd0000)
  from space 8704K,   0% used [0x28650000, 0x28650850, 0x28ed0000)
  to   space 8704K,   0% used [0x27dd0000, 0x27dd0000, 0x28650000)
 tenured generation   total 174784K, used 1140K [0x28ed0000, 0x33980000, 0x33980000)
   the space 174784K,   0% used [0x28ed0000, 0x28fed170, 0x28fed200, 0x33980000)
 compacting perm gen  total 12288K, used 2917K [0x33980000, 0x34580000, 0x37980000)
   the space 12288K,  23% used [0x33980000, 0x33c597c0, 0x33c59800, 0x34580000)
    ro space 10240K,  42% used [0x37980000, 0x37dbe580, 0x37dbe600, 0x38380000)
    rw space 12288K,  54% used [0x38380000, 0x389ff128, 0x389ff200, 0x38f80000)

Code Cache  [0x01980000, 0x01b48000, 0x03980000)
 total_blobs=1105 nmethods=823 adapters=217 free_code_cache=30975Kb largest_free_block=31718528

Compilation events (10 events):
Event: 71.513 Thread 0x01860000  813             control.SharedSocket::getSharedSocket (113 bytes)
Event: 71.513 Thread 0x01860000 nmethod 813 0x01b3dc48 code [0x01b3de00, 0x01b3e2bc]
Event: 76.877 Thread 0x01860000  814             java.lang.ThreadLocal::initialValue (2 bytes)
Event: 76.877 Thread 0x01860000 nmethod 814 0x01b3e548 code [0x01b3e640, 0x01b3e6c0]
Event: 76.885 Thread 0x01860000  815             java.lang.ThreadLocal::createMap (14 bytes)
Event: 76.885 Thread 0x01860000 nmethod 815 0x01b3e708 code [0x01b3e810, 0x01b3e90c]
Event: 131.843 Thread 0x01860000    7 % !         KinectPackage.KinectManager::run @ 8 (146 bytes)
Event: 131.844 Thread 0x01860000 nmethod 7% 0x01b3e9c8 code [0x01b3ebe0, 0x01b3f340]
Event: 156.079 Thread 0x01860000  816             java.util.concurrent.ConcurrentHashMap$Segment::scanAndLockForPut (140 bytes)
Event: 156.080 Thread 0x01860000 nmethod 816 0x01b3fd08 code [0x01b3fe50, 0x01b4013c]

GC Heap History (10 events):
Event: 206.849 GC heap before
{Heap before GC invocations=3166 (full 20):
 def new generation   total 78656K, used 69956K [0x23980000, 0x28ed0000, 0x28ed0000)
  eden space 69952K, 100% used [0x23980000, 0x27dd0000, 0x27dd0000)
  from space 8704K,   0% used [0x28650000, 0x28651278, 0x28ed0000)
  to   space 8704K,   0% used [0x27dd0000, 0x27dd0000, 0x28650000)
 tenured generation   total 174784K, used 1140K [0x28ed0000, 0x33980000, 0x33980000)
   the space 174784K,   0% used [0x28ed0000, 0x28fed170, 0x28fed200, 0x33980000)
 compacting perm gen  total 12288K, used 2915K [0x33980000, 0x34580000, 0x37980000)
   the space 12288K,  23% used [0x33980000, 0x33c58e90, 0x33c59000, 0x34580000)
    ro space 10240K,  42% used [0x37980000, 0x37dbe580, 0x37dbe600, 0x38380000)
    rw space 12288K,  54% used [0x38380000, 0x389ff128, 0x389ff200, 0x38f80000)
Event: 206.850 GC heap after
Heap after GC invocations=3167 (full 20):
 def new generation   total 78656K, used 1K [0x23980000, 0x28ed0000, 0x28ed0000)
  eden space 69952K,   0% used [0x23980000, 0x23980000, 0x27dd0000)
  from space 8704K,   0% used [0x27dd0000, 0x27dd0448, 0x28650000)
  to   space 8704K,   0% used [0x28650000, 0x28650000, 0x28ed0000)
 tenured generation   total 174784K, used 1140K [0x28ed0000, 0x33980000, 0x33980000)
   the space 174784K,   0% used [0x28ed0000, 0x28fed170, 0x28fed200, 0x33980000)
 compacting perm gen  total 12288K, used 2915K [0x33980000, 0x34580000, 0x37980000)
   the space 12288K,  23% used [0x33980000, 0x33c58e90, 0x33c59000, 0x34580000)
    ro space 10240K,  42% used [0x37980000, 0x37dbe580, 0x37dbe600, 0x38380000)
    rw space 12288K,  54% used [0x38380000, 0x389ff128, 0x389ff200, 0x38f80000)
}
Event: 206.878 GC heap before
{Heap before GC invocations=3167 (full 20):
 def new generation   total 78656K, used 69953K [0x23980000, 0x28ed0000, 0x28ed0000)
  eden space 69952K, 100% used [0x23980000, 0x27dd0000, 0x27dd0000)
  from space 8704K,   0% used [0x27dd0000, 0x27dd0448, 0x28650000)
  to   space 8704K,   0% used [0x28650000, 0x28650000, 0x28ed0000)
 tenured generation   total 174784K, used 1140K [0x28ed0000, 0x33980000, 0x33980000)
   the space 174784K,   0% used [0x28ed0000, 0x28fed170, 0x28fed200, 0x33980000)
 compacting perm gen  total 12288K, used 2915K [0x33980000, 0x34580000, 0x37980000)
   the space 12288K,  23% used [0x33980000, 0x33c58e90, 0x33c59000, 0x34580000)
    ro space 10240K,  42% used [0x37980000, 0x37dbe580, 0x37dbe600, 0x38380000)
    rw space 12288K,  54% used [0x38380000, 0x389ff128, 0x389ff200, 0x38f80000)
Event: 206.878 GC heap after
Heap after GC invocations=3168 (full 20):
 def new generation   total 78656K, used 1K [0x23980000, 0x28ed0000, 0x28ed0000)
  eden space 69952K,   0% used [0x23980000, 0x23980000, 0x27dd0000)
  from space 8704K,   0% used [0x28650000, 0x286504b0, 0x28ed0000)
  to   space 8704K,   0% used [0x27dd0000, 0x27dd0000, 0x28650000)
 tenured generation   total 174784K, used 1140K [0x28ed0000, 0x33980000, 0x33980000)
   the space 174784K,   0% used [0x28ed0000, 0x28fed170, 0x28fed200, 0x33980000)
 compacting perm gen  total 12288K, used 2915K [0x33980000, 0x34580000, 0x37980000)
   the space 12288K,  23% used [0x33980000, 0x33c58e90, 0x33c59000, 0x34580000)
    ro space 10240K,  42% used [0x37980000, 0x37dbe580, 0x37dbe600, 0x38380000)
    rw space 12288K,  54% used [0x38380000, 0x389ff128, 0x389ff200, 0x38f80000)
}
Event: 206.904 GC heap before
{Heap before GC invocations=3168 (full 20):
 def new generation   total 78656K, used 69953K [0x23980000, 0x28ed0000, 0x28ed0000)
  eden space 69952K, 100% used [0x23980000, 0x27dd0000, 0x27dd0000)
  from space 8704K,   0% used [0x28650000, 0x286504b0, 0x28ed0000)
  to   space 8704K,   0% used [0x27dd0000, 0x27dd0000, 0x28650000)
 tenured generation   total 174784K, used 1140K [0x28ed0000, 0x33980000, 0x33980000)
   the space 174784K,   0% used [0x28ed0000, 0x28fed170, 0x28fed200, 0x33980000)
 compacting perm gen  total 12288K, used 2915K [0x33980000, 0x34580000, 0x37980000)
   the space 12288K,  23% used [0x33980000, 0x33c58e90, 0x33c59000, 0x34580000)
    ro space 10240K,  42% used [0x37980000, 0x37dbe580, 0x37dbe600, 0x38380000)
    rw space 12288K,  54% used [0x38380000, 0x389ff128, 0x389ff200, 0x38f80000)
Event: 206.904 GC heap after
Heap after GC invocations=3169 (full 20):
 def new generation   total 78656K, used 1K [0x23980000, 0x28ed0000, 0x28ed0000)
  eden space 69952K,   0% used [0x23980000, 0x23980000, 0x27dd0000)
  from space 8704K,   0% used [0x27dd0000, 0x27dd04b0, 0x28650000)
  to   space 8704K,   0% used [0x28650000, 0x28650000, 0x28ed0000)
 tenured generation   total 174784K, used 1140K [0x28ed0000, 0x33980000, 0x33980000)
   the space 174784K,   0% used [0x28ed0000, 0x28fed170, 0x28fed200, 0x33980000)
 compacting perm gen  total 12288K, used 2915K [0x33980000, 0x34580000, 0x37980000)
   the space 12288K,  23% used [0x33980000, 0x33c58e90, 0x33c59000, 0x34580000)
    ro space 10240K,  42% used [0x37980000, 0x37dbe580, 0x37dbe600, 0x38380000)
    rw space 12288K,  54% used [0x38380000, 0x389ff128, 0x389ff200, 0x38f80000)
}
Event: 206.935 GC heap before
{Heap before GC invocations=3169 (full 20):
 def new generation   total 78656K, used 69953K [0x23980000, 0x28ed0000, 0x28ed0000)
  eden space 69952K, 100% used [0x23980000, 0x27dd0000, 0x27dd0000)
  from space 8704K,   0% used [0x27dd0000, 0x27dd04b0, 0x28650000)
  to   space 8704K,   0% used [0x28650000, 0x28650000, 0x28ed0000)
 tenured generation   total 174784K, used 1140K [0x28ed0000, 0x33980000, 0x33980000)
   the space 174784K,   0% used [0x28ed0000, 0x28fed170, 0x28fed200, 0x33980000)
 compacting perm gen  total 12288K, used 2915K [0x33980000, 0x34580000, 0x37980000)
   the space 12288K,  23% used [0x33980000, 0x33c58e90, 0x33c59000, 0x34580000)
    ro space 10240K,  42% used [0x37980000, 0x37dbe580, 0x37dbe600, 0x38380000)
    rw space 12288K,  54% used [0x38380000, 0x389ff128, 0x389ff200, 0x38f80000)
Event: 206.935 GC heap after
Heap after GC invocations=3170 (full 20):
 def new generation   total 78656K, used 1K [0x23980000, 0x28ed0000, 0x28ed0000)
  eden space 69952K,   0% used [0x23980000, 0x23980000, 0x27dd0000)
  from space 8704K,   0% used [0x28650000, 0x28650448, 0x28ed0000)
  to   space 8704K,   0% used [0x27dd0000, 0x27dd0000, 0x28650000)
 tenured generation   total 174784K, used 1140K [0x28ed0000, 0x33980000, 0x33980000)
   the space 174784K,   0% used [0x28ed0000, 0x28fed170, 0x28fed200, 0x33980000)
 compacting perm gen  total 12288K, used 2915K [0x33980000, 0x34580000, 0x37980000)
   the space 12288K,  23% used [0x33980000, 0x33c58e90, 0x33c59000, 0x34580000)
    ro space 10240K,  42% used [0x37980000, 0x37dbe580, 0x37dbe600, 0x38380000)
    rw space 12288K,  54% used [0x38380000, 0x389ff128, 0x389ff200, 0x38f80000)
}
Event: 206.962 GC heap before
{Heap before GC invocations=3170 (full 20):
 def new generation   total 78656K, used 69953K [0x23980000, 0x28ed0000, 0x28ed0000)
  eden space 69952K, 100% used [0x23980000, 0x27dd0000, 0x27dd0000)
  from space 8704K,   0% used [0x28650000, 0x28650448, 0x28ed0000)
  to   space 8704K,   0% used [0x27dd0000, 0x27dd0000, 0x28650000)
 tenured generation   total 174784K, used 1140K [0x28ed0000, 0x33980000, 0x33980000)
   the space 174784K,   0% used [0x28ed0000, 0x28fed170, 0x28fed200, 0x33980000)
 compacting perm gen  total 12288K, used 2917K [0x33980000, 0x34580000, 0x37980000)
   the space 12288K,  23% used [0x33980000, 0x33c597c0, 0x33c59800, 0x34580000)
    ro space 10240K,  42% used [0x37980000, 0x37dbe580, 0x37dbe600, 0x38380000)
    rw space 12288K,  54% used [0x38380000, 0x389ff128, 0x389ff200, 0x38f80000)
Event: 206.963 GC heap after
Heap after GC invocations=3171 (full 20):
 def new generation   total 78656K, used 6K [0x23980000, 0x28ed0000, 0x28ed0000)
  eden space 69952K,   0% used [0x23980000, 0x23980000, 0x27dd0000)
  from space 8704K,   0% used [0x27dd0000, 0x27dd1a70, 0x28650000)
  to   space 8704K,   0% used [0x28650000, 0x28650000, 0x28ed0000)
 tenured generation   total 174784K, used 1140K [0x28ed0000, 0x33980000, 0x33980000)
   the space 174784K,   0% used [0x28ed0000, 0x28fed170, 0x28fed200, 0x33980000)
 compacting perm gen  total 12288K, used 2917K [0x33980000, 0x34580000, 0x37980000)
   the space 12288K,  23% used [0x33980000, 0x33c597c0, 0x33c59800, 0x34580000)
    ro space 10240K,  42% used [0x37980000, 0x37dbe580, 0x37dbe600, 0x38380000)
    rw space 12288K,  54% used [0x38380000, 0x389ff128, 0x389ff200, 0x38f80000)
}

Deoptimization events (0 events):
No events

Internal exceptions (10 events):
Event: 36.478 Thread 0x05f2e400 Threw 0x24d66230 at C:\jdk7u5_32P\jdk7u5\hotspot\src\share\vm\prims\jvm.cpp:1166
Event: 36.478 Thread 0x05f2e400 Threw 0x24d67d80 at C:\jdk7u5_32P\jdk7u5\hotspot\src\share\vm\prims\jvm.cpp:1166
Event: 36.478 Thread 0x05f2e400 Threw 0x24d69b48 at C:\jdk7u5_32P\jdk7u5\hotspot\src\share\vm\prims\jvm.cpp:1166
Event: 36.479 Thread 0x05f2e400 Threw 0x24d6b5e8 at C:\jdk7u5_32P\jdk7u5\hotspot\src\share\vm\prims\jvm.cpp:1166
Event: 36.479 Thread 0x05f2e400 Threw 0x24d6d0c8 at C:\jdk7u5_32P\jdk7u5\hotspot\src\share\vm\prims\jvm.cpp:1166
Event: 36.479 Thread 0x05f2e400 Threw 0x24d6ec70 at C:\jdk7u5_32P\jdk7u5\hotspot\src\share\vm\prims\jvm.cpp:1166
Event: 37.399 Thread 0x05f2e400 Threw 0x24bb07f8 at C:\jdk7u5_32P\jdk7u5\hotspot\src\share\vm\prims\jvm.cpp:1166
Event: 47.601 Thread 0x152d3800 Threw 0x279f6a48 at C:\jdk7u5_32P\jdk7u5\hotspot\src\share\vm\prims\jvm.cpp:1166
Event: 206.961 Thread 0x05f2c400 Threw 0x27088e48 at C:\jdk7u5_32P\jdk7u5\hotspot\src\share\vm\prims\jvm.cpp:1166
Event: 206.962 Thread 0x05f2c400 Threw 0x27dc1038 at C:\jdk7u5_32P\jdk7u5\hotspot\src\share\vm\prims\jvm.cpp:1166

Events (10 events):
Event: 206.962 loading class 0x03ea5188 done
Event: 206.962 Executing VM operation: GenCollectForAllocation
Event: 206.962 Thread 0x152bf800 Thread added: 0x152bf800
Event: 206.963 Executing VM operation: GenCollectForAllocation done
Event: 206.963 Thread 0x05fd9800 Thread exited: 0x05fd9800
Event: 206.963 Thread 0x152d2c00 Thread exited: 0x152d2c00
Event: 206.963 Thread 0x152bc400 Thread added: 0x152bc400
Event: 206.963 Thread 0x152bf800 Thread exited: 0x152bf800
Event: 206.963 Thread 0x152bf800 Thread added: 0x152bf800
Event: 206.963 Thread 0x152be800 Thread added: 0x152be800


Dynamic libraries:
0x01300000 - 0x0132f000 	C:\Windows\system32\java.exe
0x77790000 - 0x778cc000 	C:\Windows\SYSTEM32\ntdll.dll
0x774f0000 - 0x775c4000 	C:\Windows\system32\kernel32.dll
0x75a30000 - 0x75a7a000 	C:\Windows\system32\KERNELBASE.dll
0x76dc0000 - 0x76e60000 	C:\Windows\system32\ADVAPI32.dll
0x77910000 - 0x779bc000 	C:\Windows\system32\msvcrt.dll
0x76f00000 - 0x76f19000 	C:\Windows\SYSTEM32\sechost.dll
0x775d0000 - 0x77671000 	C:\Windows\system32\RPCRT4.dll
0x77260000 - 0x77329000 	C:\Windows\system32\USER32.dll
0x75c20000 - 0x75c6e000 	C:\Windows\system32\GDI32.dll
0x76d20000 - 0x76d2a000 	C:\Windows\system32\LPK.dll
0x76b60000 - 0x76bfd000 	C:\Windows\system32\USP10.dll
0x74860000 - 0x749fe000 	C:\Windows\WinSxS\x86_microsoft.windows.common-controls_6595b64144ccf1df_6.0.7601.17514_none_41e6975e2bd6f2b2\COMCTL32.dll
0x771e0000 - 0x77237000 	C:\Windows\system32\SHLWAPI.dll
0x77240000 - 0x7725f000 	C:\Windows\system32\IMM32.DLL
0x76a80000 - 0x76b4c000 	C:\Windows\system32\MSCTF.dll
0x6c760000 - 0x6c81e000 	C:\Program Files\Java\jre7\bin\msvcr100.dll
0x5d5b0000 - 0x5d8fa000 	C:\Program Files\Java\jre7\bin\client\jvm.dll
0x6d080000 - 0x6d087000 	C:\Windows\system32\WSOCK32.dll
0x77680000 - 0x776b5000 	C:\Windows\system32\WS2_32.dll
0x76b50000 - 0x76b56000 	C:\Windows\system32\NSI.dll
0x73db0000 - 0x73de2000 	C:\Windows\system32\WINMM.dll
0x778d0000 - 0x778d5000 	C:\Windows\system32\PSAPI.DLL
0x71d10000 - 0x71d1c000 	C:\Program Files\Java\jre7\bin\verify.dll
0x71b40000 - 0x71b60000 	C:\Program Files\Java\jre7\bin\java.dll
0x6d4d0000 - 0x6d4e3000 	C:\Program Files\Java\jre7\bin\zip.dll
0x6d4b0000 - 0x6d4c4000 	C:\Program Files\Java\jre7\bin\net.dll
0x75380000 - 0x753bc000 	C:\Windows\system32\mswsock.dll
0x75550000 - 0x75556000 	C:\Windows\System32\wship6.dll
0x10000000 - 0x1000c000 	C:\Windows\System32\LibusbJava.dll
0x6d260000 - 0x6d271000 	C:\Windows\system32\libusb0.dll
0x76f20000 - 0x770bd000 	C:\Windows\system32\SETUPAPI.dll
0x75bd0000 - 0x75bf7000 	C:\Windows\system32\CFGMGR32.dll
0x76d30000 - 0x76dbf000 	C:\Windows\system32\OLEAUT32.dll
0x77390000 - 0x774ec000 	C:\Windows\system32\ole32.dll
0x75c00000 - 0x75c12000 	C:\Windows\system32\DEVOBJ.dll
0x6d240000 - 0x6d25e000 	C:\Program Files\OpenNI\Bin\OpenNI.jni.dll
0x6c710000 - 0x6c760000 	C:\Program Files\OpenNI\Bin\OpenNI.dll
0x75e30000 - 0x76a7a000 	C:\Windows\system32\SHELL32.dll
0x648d0000 - 0x648e8000 	C:\Program Files\OpenNI\bin\nimRecorder.dll
0x648b0000 - 0x648ca000 	C:\Program Files\OpenNI\bin\nimMockNodes.dll
0x64370000 - 0x643b9000 	C:\Program Files\OpenNI\bin\nimCodecs.dll
0x64890000 - 0x648b0000 	C:\Program Files\PrimeSense\SensorKinect\Bin\XnDeviceFile.dll
0x71d00000 - 0x71d0b000 	C:\Program Files\PrimeSense\SensorKinect\Bin\XnCore.dll
0x64050000 - 0x640f3000 	C:\Windows\WinSxS\x86_microsoft.vc90.crt_1fc8b3b9a1e18e3b_9.0.30729.6161_none_50934f2ebcb7eb57\MSVCR90.dll
0x63fa0000 - 0x63fd8000 	C:\Program Files\PrimeSense\SensorKinect\Bin\XnDDK.dll
0x63f00000 - 0x63f44000 	C:\Program Files\PrimeSense\SensorKinect\Bin\XnFormats.dll
0x63eb0000 - 0x63eff000 	C:\Program Files\PrimeSense\SensorKinect\Bin\XnDeviceSensorV2KM.dll
0x5cc90000 - 0x5cf28000 	C:\Program Files\PrimeSense\NITE\Features_1_3_0\Bin\XnVFeatures_1_3_0.dll
0x63e20000 - 0x63eae000 	C:\Windows\WinSxS\x86_microsoft.vc90.crt_1fc8b3b9a1e18e3b_9.0.30729.6161_none_50934f2ebcb7eb57\MSVCP90.dll
0x5ca40000 - 0x5cc8f000 	C:\Program Files\PrimeSense\NITE\Features_1_3_1\Bin\XnVFeatures_1_3_1.dll
0x5c820000 - 0x5ca39000 	C:\Program Files\PrimeSense\NITE\Features_1_4_1\Bin\XnVFeatures_1_4_1.dll
0x5c600000 - 0x5c816000 	C:\Program Files\PrimeSense\NITE\Features_1_4_2\Bin\XnVFeatures_1_4_2.dll
0x5c2f0000 - 0x5c5f7000 	C:\Program Files\PrimeSense\NITE\Features_1_5_2\Bin\XnVFeatures_1_5_2.dll
0x62990000 - 0x62a67000 	C:\Program Files\PrimeSense\NITE\Hands_1_3_0\Bin\XnVHandGenerator_1_3_0.dll
0x627f0000 - 0x628cc000 	C:\Program Files\PrimeSense\NITE\Hands_1_3_1\Bin\XnVHandGenerator_1_3_1.dll
0x625b0000 - 0x6268d000 	C:\Program Files\PrimeSense\NITE\Hands_1_4_1\Bin\XnVHandGenerator_1_4_1.dll
0x61e50000 - 0x61f2d000 	C:\Program Files\PrimeSense\NITE\Hands_1_4_2\Bin\XnVHandGenerator_1_4_2.dll
0x5d4c0000 - 0x5d5ac000 	C:\Program Files\PrimeSense\NITE\Hands_1_5_2\Bin\XnVHandGenerator_1_5_2.dll
0x74820000 - 0x74860000 	C:\Windows\system32\uxtheme.dll
0x75ba0000 - 0x75bcd000 	C:\Windows\system32\WINTRUST.dll
0x75a80000 - 0x75b9e000 	C:\Windows\system32\CRYPT32.dll
0x75990000 - 0x7599c000 	C:\Windows\system32\MSASN1.dll
0x75850000 - 0x7589c000 	C:\Windows\system32\apphelp.dll
0x74ea0000 - 0x74ea5000 	C:\Windows\System32\wshtcpip.dll
0x03cf0000 - 0x03cfe000 	C:\Windows\System32\j3dcore-ogl-chk.dll
0x5d3f0000 - 0x5d4b8000 	C:\Windows\system32\OPENGL32.dll
0x64020000 - 0x64042000 	C:\Windows\system32\GLU32.dll
0x6c880000 - 0x6c967000 	C:\Windows\system32\DDRAW.dll
0x73ac0000 - 0x73ac6000 	C:\Windows\system32\DCIMAN32.dll
0x74520000 - 0x74533000 	C:\Windows\system32\dwmapi.dll
0x71a10000 - 0x71a17000 	C:\Windows\system32\atiglpxx.dll
0x69030000 - 0x6a380000 	C:\Windows\system32\atioglxx.dll
0x74e00000 - 0x74e09000 	C:\Windows\system32\VERSION.dll
0x6ef00000 - 0x6efe4000 	C:\Windows\system32\aticfx32.dll
0x730f0000 - 0x73151000 	C:\Windows\system32\atiadlxx.dll
0x74f70000 - 0x74f87000 	C:\Windows\system32\USERENV.dll
0x75920000 - 0x7592b000 	C:\Windows\system32\profapi.dll
0x74e10000 - 0x74e1d000 	C:\Windows\system32\WTSAPI32.dll
0x71620000 - 0x7162b000 	C:\Windows\system32\atigktxx.dll
0x5c1a0000 - 0x5c2e2000 	C:\Program Files\Java\jre7\bin\awt.dll
0x758a0000 - 0x758ac000 	C:\Windows\system32\CRYPTBASE.dll
0x71970000 - 0x71976000 	C:\Program Files\Java\jre7\bin\jawt.dll
0x04360000 - 0x04389000 	C:\Windows\System32\j3dcore-ogl.dll
0x6f180000 - 0x6f26b000 	C:\Windows\system32\dbghelp.dll

VM Arguments:
jvm_args: -Djava 
java_command: SANDRAExecutable.jar 193.156.105.142 7540 kinectJoints gameControl
Launcher Type: SUN_STANDARD

Environment Variables:
CLASSPATH=C:\Program Files\OpenNI\Bin\org.OpenNI.jar
PATH=C:\Program Files\Intel\iCLS Client\;C:\Program Files\AMD APP\bin\x86;C:\Windows\system32;C:\Windows;C:\Windows\System32\Wbem;C:\Windows\System32\WindowsPowerShell\v1.0\;C:\Program Files\ATI Technologies\ATI.ACE\Core-Static;C:\Users\norut\AppData\Roaming\npm;C:\Program Files\nodejs\;C:\Program Files\Intel\Intel(R) Management Engine Components\DAL;C:\Program Files\Intel\Intel(R) Management Engine Components\IPT;C:\Program Files\OpenNI\Bin;C:\Program Files\PrimeSense\NITE\bin;C:\Program Files\AMD APP\bin\x86;C:\Windows\system32;C:\Windows;C:\Windows\System32\Wbem;C:\Windows\System32\WindowsPowerShell\v1.0\;C:\Program Files\ATI Technologies\ATI.ACE\Core-Static;C:\Program Files\nodejs
USERNAME=norut
OS=Windows_NT
PROCESSOR_IDENTIFIER=x86 Family 6 Model 58 Stepping 9, GenuineIntel



---------------  S Y S T E M  ---------------

OS: Windows 7 Build 7601 Service Pack 1

CPU:total 4 (4 cores per cpu, 1 threads per core) family 6 model 58 stepping 9, cmov, cx8, fxsr, mmx, sse, sse2, sse3, ssse3, sse4.1, sse4.2, popcnt, avx, tsc, tscinvbit, tscinv

Memory: 4k page, physical 3638896k(1511356k free), swap 7276036k(4812940k free)

vm_info: Java HotSpot(TM) Client VM (23.1-b03) for windows-x86 JRE (1.7.0_05-b05), built on May 15 2012 18:11:27 by "java_re" with unknown MS VC++:1600

time: Wed Jul 25 12:15:34 2012
elapsed time: 207 seconds

