#
# A fatal error has been detected by the Java Runtime Environment:
#
#  EXCEPTION_ACCESS_VIOLATION (0xc0000005) at pc=0x71316c8b, pid=15680, tid=6160
#
# JRE version: 7.0_05-b05
# Java VM: Java HotSpot(TM) Client VM (23.1-b03 mixed mode, sharing windows-x86 )
# Problematic frame:
# C  [OpenNI.jni.dll+0x6c8b]  Java_org_OpenNI_NativeMethods_xnUnregisterUserCallbacks+0x1b
#
# Failed to write core dump. Minidumps are not enabled by default on client versions of Windows
#
# If you would like to submit a bug report, please visit:
#   http://bugreport.sun.com/bugreport/crash.jsp
# The crash happened outside the Java Virtual Machine in native code.
# See problematic frame for where to report the bug.
#

---------------  T H R E A D  ---------------

Current thread (0x01a5c800):  JavaThread "Thread-1" [_thread_in_native, id=6160, stack(0x0ff20000,0x0ff70000)]

siginfo: ExceptionCode=0xc0000005, reading address 0x53000059

Registers:
EAX=0x0198b528, EBX=0x33a4eae8, ECX=0x01a42720, EDX=0x53000001
ESP=0x0ff6ed60, EBP=0x0ff6edb4, ESI=0x05d4d628, EDI=0x01a5c800
EIP=0x71316c8b, EFLAGS=0x00010202

Top of Stack: (sp=0x0ff6ed60)
0x0ff6ed60:   05d25a00 05d4d668 33a4eae8 01a9a707
0x0ff6ed70:   01a5c928 0ff6edbc 05d25a00 00000000
0x0ff6ed80:   05d4d628 00000000 0ff6edd8 01a6e184
0x0ff6ed90:   01a6e184 0ff6ed94 00000000 0ff6edd0
0x0ff6eda0:   33a528e0 00000000 33a4eae8 00000000
0x0ff6edb0:   0ff6edc4 0ff6edf4 01a932c7 28f9ccc0
0x0ff6edc0:   01a98989 05d4d628 00000000 05d25a00
0x0ff6edd0:   00000000 0ff6edd4 33a597f8 0ff6ee04 

Instructions: (pc=0x71316c8b)
0x71316c6b:   cc cc cc cc cc 8b 4c 24 0c 56 8b 74 24 18 8b 46
0x71316c7b:   10 50 51 ff 15 64 b4 31 71 8b 06 8b 4e 08 8b 10
0x71316c8b:   8b 52 58 83 c4 08 51 50 ff d2 56 ff 15 84 b0 31
0x71316c9b:   71 83 c4 04 5e c2 18 00 cc cc cc cc cc cc cc cc 


Register to memory mapping:

EAX=0x0198b528 is an unknown value
EBX=0x33a4eae8 is an oop
{method} 
 - klass: {other class}
ECX=0x01a42720 is a global jni handle
EDX=0x53000001 is an unknown value
ESP=0x0ff6ed60 is pointing into the stack for thread: 0x01a5c800
EBP=0x0ff6edb4 is pointing into the stack for thread: 0x01a5c800
ESI=0x05d4d628 is an unknown value
EDI=0x01a5c800 is a thread


Stack: [0x0ff20000,0x0ff70000],  sp=0x0ff6ed60,  free space=315k
Native frames: (J=compiled Java code, j=interpreted, Vv=VM code, C=native code)
C  [OpenNI.jni.dll+0x6c8b]  Java_org_OpenNI_NativeMethods_xnUnregisterUserCallbacks+0x1b
j  org.OpenNI.UserGenerator$2.unregisterNative(J)V+8
j  org.OpenNI.Observable.deleteObserver(Lorg/OpenNI/IObserver;)V+24
j  KinectPackage.SkeletonManager.reset()V+27
j  KinectPackage.SkeletonManager.access$8(LKinectPackage/SkeletonManager;)V+1
j  KinectPackage.SkeletonManager$LostUserObserver.update(Lorg/OpenNI/IObservable;Lorg/OpenNI/UserEventArgs;)V+183
j  KinectPackage.SkeletonManager$LostUserObserver.update(Lorg/OpenNI/IObservable;Ljava/lang/Object;)V+9
j  org.OpenNI.Observable.notify(Ljava/lang/Object;)V+30
j  org.OpenNI.UserGenerator$2.callback(I)V+9
v  ~StubRoutines::call_stub
V  [jvm.dll+0x12964a]
V  [jvm.dll+0x1d851e]
V  [jvm.dll+0x1296cd]
V  [jvm.dll+0xae4da]
V  [jvm.dll+0xb1d93]
C  [OpenNI.jni.dll+0x10ea]  JNI_OnUnload+0x6a
C  [XnVFeatures_1_5_2.dll+0x959a8]  xnModuleGetOpenNIVersion+0x57988
C  [XnVFeatures_1_5_2.dll+0x7b5d8]  xnModuleGetOpenNIVersion+0x3d5b8
C  [XnVFeatures_1_5_2.dll+0xb1538]  xnModuleGetOpenNIVersion+0x73518
C  [XnVFeatures_1_5_2.dll+0x95266]  xnModuleGetOpenNIVersion+0x57246
C  [OpenNI.jni.dll+0x2eab]  Java_org_OpenNI_NativeMethods_xnWaitAnyUpdateAll+0xb
J  org.OpenNI.Context.waitAnyUpdateAll()V
j  java.lang.Thread.run()V+11
v  ~StubRoutines::call_stub
V  [jvm.dll+0x12964a]
V  [jvm.dll+0x1d851e]
V  [jvm.dll+0x129833]
V  [jvm.dll+0x129897]
V  [jvm.dll+0xd24af]
V  [jvm.dll+0x149977]
V  [jvm.dll+0x149ae0]
V  [jvm.dll+0x17e049]
C  [msvcr100.dll+0x5c6de]  endthreadex+0x3a
C  [msvcr100.dll+0x5c788]  endthreadex+0xe4
C  [kernel32.dll+0x4ed6c]  BaseThreadInitThunk+0x12
C  [ntdll.dll+0x6377b]  RtlInitializeExceptionChain+0xef
C  [ntdll.dll+0x6374e]  RtlInitializeExceptionChain+0xc2

Java frames: (J=compiled Java code, j=interpreted, Vv=VM code)
j  org.OpenNI.NativeMethods.xnUnregisterUserCallbacks(JJ)V+0
j  org.OpenNI.UserGenerator$2.unregisterNative(J)V+8
j  org.OpenNI.Observable.deleteObserver(Lorg/OpenNI/IObserver;)V+24
j  KinectPackage.SkeletonManager.reset()V+27
j  KinectPackage.SkeletonManager.access$8(LKinectPackage/SkeletonManager;)V+1
j  KinectPackage.SkeletonManager$LostUserObserver.update(Lorg/OpenNI/IObservable;Lorg/OpenNI/UserEventArgs;)V+183
j  KinectPackage.SkeletonManager$LostUserObserver.update(Lorg/OpenNI/IObservable;Ljava/lang/Object;)V+9
j  org.OpenNI.Observable.notify(Ljava/lang/Object;)V+30
j  org.OpenNI.UserGenerator$2.callback(I)V+9
v  ~StubRoutines::call_stub
J  org.OpenNI.NativeMethods.xnWaitAnyUpdateAll(J)I
J  org.OpenNI.Context.waitAnyUpdateAll()V
j  KinectPackage.KinectManager.run()V+12
j  java.lang.Thread.run()V+11
v  ~StubRoutines::call_stub

---------------  P R O C E S S  ---------------

Java Threads: ( => current thread )
  0x01a5f400 JavaThread "DestroyJavaVM" [_thread_blocked, id=14648, stack(0x01840000,0x01890000)]
  0x01a5f000 JavaThread "Thread-20" [_thread_in_Java, id=10580, stack(0x19a70000,0x19ac0000)]
  0x01a5e800 JavaThread "Thread-6" [_thread_in_Java, id=13400, stack(0x19050000,0x190a0000)]
  0x01a5e000 JavaThread "Thread-5" [_thread_in_native, id=13900, stack(0x0ffa0000,0x0fff0000)]
  0x01a5dc00 JavaThread "AWT-Windows" daemon [_thread_in_native, id=13976, stack(0x190a0000,0x190f0000)]
  0x01a5d000 JavaThread "Java2D Disposer" daemon [_thread_blocked, id=13844, stack(0x18ff0000,0x19040000)]
=>0x01a5c800 JavaThread "Thread-1" [_thread_in_native, id=6160, stack(0x0ff20000,0x0ff70000)]
  0x01a5c400 JavaThread "Service Thread" daemon [_thread_blocked, id=12864, stack(0x017f0000,0x01840000)]
  0x01a67400 JavaThread "C1 CompilerThread0" daemon [_thread_blocked, id=14588, stack(0x03ea0000,0x03ef0000)]
  0x01a5bc00 JavaThread "Attach Listener" daemon [_thread_blocked, id=6512, stack(0x03cb0000,0x03d00000)]
  0x01a5b400 JavaThread "Signal Dispatcher" daemon [_thread_blocked, id=14292, stack(0x03de0000,0x03e30000)]
  0x01a44400 JavaThread "Finalizer" daemon [_thread_blocked, id=13764, stack(0x03af0000,0x03b40000)]
  0x01a42800 JavaThread "Reference Handler" daemon [_thread_blocked, id=6880, stack(0x03bb0000,0x03c00000)]

Other Threads:
  0x01a41400 VMThread [stack: 0x03c30000,0x03c80000] [id=7896]
  0x01a86c00 WatcherThread [stack: 0x03f40000,0x03f90000] [id=13068]

VM state:not at safepoint (normal execution)

VM Mutex/Monitor currently owned by a thread: None

Heap
 def new generation   total 78656K, used 34267K [0x23980000, 0x28ed0000, 0x28ed0000)
  eden space 69952K,  50% used [0x23980000, 0x25c3f208, 0x27dd0000)
  from space 8704K,   0% used [0x27dd0000, 0x27dd1458, 0x28650000)
  to   space 8704K,   0% used [0x28650000, 0x28650000, 0x28ed0000)
 tenured generation   total 174784K, used 102559K [0x28ed0000, 0x33980000, 0x33980000)
   the space 174784K,  58% used [0x28ed0000, 0x2f2f7e40, 0x2f2f8000, 0x33980000)
 compacting perm gen  total 12288K, used 2925K [0x33980000, 0x34580000, 0x37980000)
   the space 12288K,  23% used [0x33980000, 0x33c5b750, 0x33c5b800, 0x34580000)
    ro space 10240K,  42% used [0x37980000, 0x37dbe580, 0x37dbe600, 0x38380000)
    rw space 12288K,  54% used [0x38380000, 0x389ff128, 0x389ff200, 0x38f80000)

Code Cache  [0x01a90000, 0x01c50000, 0x03a90000)
 total_blobs=1109 nmethods=827 adapters=217 free_code_cache=30978Kb largest_free_block=31721472

Compilation events (10 events):
Event: 41.399 Thread 0x01a67400  817  s          sun.misc.FloatingDecimal$1::initialValue (5 bytes)
Event: 41.399 Thread 0x01a67400 nmethod 817 0x01c4e088 code [0x01c4e180, 0x01c4e3c0]
Event: 43.329 Thread 0x01a67400  818             handlers.KinectSkeletonJointsHandler::kinectUpdate (8 bytes)
Event: 43.329 Thread 0x01a67400 nmethod 818 0x01c4e448 code [0x01c4e550, 0x01c4e608]
Event: 46.638 Thread 0x01a67400  819             sun.misc.FDBigInt::quoRemIteration (316 bytes)
Event: 46.638 Thread 0x01a67400 nmethod 819 0x01c4e6c8 code [0x01c4e810, 0x01c4ed3c]
Event: 49.586 Thread 0x01a67400  820             java.lang.ThreadLocal::initialValue (2 bytes)
Event: 49.586 Thread 0x01a67400 nmethod 820 0x01c4f388 code [0x01c4f480, 0x01c4f500]
Event: 49.608 Thread 0x01a67400  821             java.lang.ThreadLocal::createMap (14 bytes)
Event: 49.608 Thread 0x01a67400 nmethod 821 0x01c4f548 code [0x01c4f650, 0x01c4f74c]

GC Heap History (10 events):
Event: 65.595 GC heap before
{Heap before GC invocations=526 (full 11):
 def new generation   total 78656K, used 69953K [0x23980000, 0x28ed0000, 0x28ed0000)
  eden space 69952K, 100% used [0x23980000, 0x27dd0000, 0x27dd0000)
  from space 8704K,   0% used [0x27dd0000, 0x27dd04b0, 0x28650000)
  to   space 8704K,   0% used [0x28650000, 0x28650000, 0x28ed0000)
 tenured generation   total 174784K, used 102559K [0x28ed0000, 0x33980000, 0x33980000)
   the space 174784K,  58% used [0x28ed0000, 0x2f2f7e40, 0x2f2f8000, 0x33980000)
 compacting perm gen  total 12288K, used 2923K [0x33980000, 0x34580000, 0x37980000)
   the space 12288K,  23% used [0x33980000, 0x33c5ae20, 0x33c5b000, 0x34580000)
    ro space 10240K,  42% used [0x37980000, 0x37dbe580, 0x37dbe600, 0x38380000)
    rw space 12288K,  54% used [0x38380000, 0x389ff128, 0x389ff200, 0x38f80000)
Event: 65.595 GC heap after
Heap after GC invocations=527 (full 11):
 def new generation   total 78656K, used 0K [0x23980000, 0x28ed0000, 0x28ed0000)
  eden space 69952K,   0% used [0x23980000, 0x23980000, 0x27dd0000)
  from space 8704K,   0% used [0x28650000, 0x28650288, 0x28ed0000)
  to   space 8704K,   0% used [0x27dd0000, 0x27dd0000, 0x28650000)
 tenured generation   total 174784K, used 102559K [0x28ed0000, 0x33980000, 0x33980000)
   the space 174784K,  58% used [0x28ed0000, 0x2f2f7e40, 0x2f2f8000, 0x33980000)
 compacting perm gen  total 12288K, used 2923K [0x33980000, 0x34580000, 0x37980000)
   the space 12288K,  23% used [0x33980000, 0x33c5ae20, 0x33c5b000, 0x34580000)
    ro space 10240K,  42% used [0x37980000, 0x37dbe580, 0x37dbe600, 0x38380000)
    rw space 12288K,  54% used [0x38380000, 0x389ff128, 0x389ff200, 0x38f80000)
}
Event: 65.620 GC heap before
{Heap before GC invocations=527 (full 11):
 def new generation   total 78656K, used 69952K [0x23980000, 0x28ed0000, 0x28ed0000)
  eden space 69952K, 100% used [0x23980000, 0x27dd0000, 0x27dd0000)
  from space 8704K,   0% used [0x28650000, 0x28650288, 0x28ed0000)
  to   space 8704K,   0% used [0x27dd0000, 0x27dd0000, 0x28650000)
 tenured generation   total 174784K, used 102559K [0x28ed0000, 0x33980000, 0x33980000)
   the space 174784K,  58% used [0x28ed0000, 0x2f2f7e40, 0x2f2f8000, 0x33980000)
 compacting perm gen  total 12288K, used 2923K [0x33980000, 0x34580000, 0x37980000)
   the space 12288K,  23% used [0x33980000, 0x33c5ae20, 0x33c5b000, 0x34580000)
    ro space 10240K,  42% used [0x37980000, 0x37dbe580, 0x37dbe600, 0x38380000)
    rw space 12288K,  54% used [0x38380000, 0x389ff128, 0x389ff200, 0x38f80000)
Event: 65.621 GC heap after
Heap after GC invocations=528 (full 11):
 def new generation   total 78656K, used 8K [0x23980000, 0x28ed0000, 0x28ed0000)
  eden space 69952K,   0% used [0x23980000, 0x23980000, 0x27dd0000)
  from space 8704K,   0% used [0x27dd0000, 0x27dd20a0, 0x28650000)
  to   space 8704K,   0% used [0x28650000, 0x28650000, 0x28ed0000)
 tenured generation   total 174784K, used 102559K [0x28ed0000, 0x33980000, 0x33980000)
   the space 174784K,  58% used [0x28ed0000, 0x2f2f7e40, 0x2f2f8000, 0x33980000)
 compacting perm gen  total 12288K, used 2923K [0x33980000, 0x34580000, 0x37980000)
   the space 12288K,  23% used [0x33980000, 0x33c5ae20, 0x33c5b000, 0x34580000)
    ro space 10240K,  42% used [0x37980000, 0x37dbe580, 0x37dbe600, 0x38380000)
    rw space 12288K,  54% used [0x38380000, 0x389ff128, 0x389ff200, 0x38f80000)
}
Event: 65.649 GC heap before
{Heap before GC invocations=528 (full 11):
 def new generation   total 78656K, used 69960K [0x23980000, 0x28ed0000, 0x28ed0000)
  eden space 69952K, 100% used [0x23980000, 0x27dd0000, 0x27dd0000)
  from space 8704K,   0% used [0x27dd0000, 0x27dd20a0, 0x28650000)
  to   space 8704K,   0% used [0x28650000, 0x28650000, 0x28ed0000)
 tenured generation   total 174784K, used 102559K [0x28ed0000, 0x33980000, 0x33980000)
   the space 174784K,  58% used [0x28ed0000, 0x2f2f7e40, 0x2f2f8000, 0x33980000)
 compacting perm gen  total 12288K, used 2923K [0x33980000, 0x34580000, 0x37980000)
   the space 12288K,  23% used [0x33980000, 0x33c5ae20, 0x33c5b000, 0x34580000)
    ro space 10240K,  42% used [0x37980000, 0x37dbe580, 0x37dbe600, 0x38380000)
    rw space 12288K,  54% used [0x38380000, 0x389ff128, 0x389ff200, 0x38f80000)
Event: 65.650 GC heap after
Heap after GC invocations=529 (full 11):
 def new generation   total 78656K, used 1K [0x23980000, 0x28ed0000, 0x28ed0000)
  eden space 69952K,   0% used [0x23980000, 0x23980000, 0x27dd0000)
  from space 8704K,   0% used [0x28650000, 0x28650468, 0x28ed0000)
  to   space 8704K,   0% used [0x27dd0000, 0x27dd0000, 0x28650000)
 tenured generation   total 174784K, used 102559K [0x28ed0000, 0x33980000, 0x33980000)
   the space 174784K,  58% used [0x28ed0000, 0x2f2f7e40, 0x2f2f8000, 0x33980000)
 compacting perm gen  total 12288K, used 2923K [0x33980000, 0x34580000, 0x37980000)
   the space 12288K,  23% used [0x33980000, 0x33c5ae20, 0x33c5b000, 0x34580000)
    ro space 10240K,  42% used [0x37980000, 0x37dbe580, 0x37dbe600, 0x38380000)
    rw space 12288K,  54% used [0x38380000, 0x389ff128, 0x389ff200, 0x38f80000)
}
Event: 65.676 GC heap before
{Heap before GC invocations=529 (full 11):
 def new generation   total 78656K, used 69953K [0x23980000, 0x28ed0000, 0x28ed0000)
  eden space 69952K, 100% used [0x23980000, 0x27dd0000, 0x27dd0000)
  from space 8704K,   0% used [0x28650000, 0x28650468, 0x28ed0000)
  to   space 8704K,   0% used [0x27dd0000, 0x27dd0000, 0x28650000)
 tenured generation   total 174784K, used 102559K [0x28ed0000, 0x33980000, 0x33980000)
   the space 174784K,  58% used [0x28ed0000, 0x2f2f7e40, 0x2f2f8000, 0x33980000)
 compacting perm gen  total 12288K, used 2923K [0x33980000, 0x34580000, 0x37980000)
   the space 12288K,  23% used [0x33980000, 0x33c5ae20, 0x33c5b000, 0x34580000)
    ro space 10240K,  42% used [0x37980000, 0x37dbe580, 0x37dbe600, 0x38380000)
    rw space 12288K,  54% used [0x38380000, 0x389ff128, 0x389ff200, 0x38f80000)
Event: 65.677 GC heap after
Heap after GC invocations=530 (full 11):
 def new generation   total 78656K, used 1K [0x23980000, 0x28ed0000, 0x28ed0000)
  eden space 69952K,   0% used [0x23980000, 0x23980000, 0x27dd0000)
  from space 8704K,   0% used [0x27dd0000, 0x27dd0468, 0x28650000)
  to   space 8704K,   0% used [0x28650000, 0x28650000, 0x28ed0000)
 tenured generation   total 174784K, used 102559K [0x28ed0000, 0x33980000, 0x33980000)
   the space 174784K,  58% used [0x28ed0000, 0x2f2f7e40, 0x2f2f8000, 0x33980000)
 compacting perm gen  total 12288K, used 2923K [0x33980000, 0x34580000, 0x37980000)
   the space 12288K,  23% used [0x33980000, 0x33c5ae20, 0x33c5b000, 0x34580000)
    ro space 10240K,  42% used [0x37980000, 0x37dbe580, 0x37dbe600, 0x38380000)
    rw space 12288K,  54% used [0x38380000, 0x389ff128, 0x389ff200, 0x38f80000)
}
Event: 65.703 GC heap before
{Heap before GC invocations=530 (full 11):
 def new generation   total 78656K, used 69953K [0x23980000, 0x28ed0000, 0x28ed0000)
  eden space 69952K, 100% used [0x23980000, 0x27dd0000, 0x27dd0000)
  from space 8704K,   0% used [0x27dd0000, 0x27dd0468, 0x28650000)
  to   space 8704K,   0% used [0x28650000, 0x28650000, 0x28ed0000)
 tenured generation   total 174784K, used 102559K [0x28ed0000, 0x33980000, 0x33980000)
   the space 174784K,  58% used [0x28ed0000, 0x2f2f7e40, 0x2f2f8000, 0x33980000)
 compacting perm gen  total 12288K, used 2923K [0x33980000, 0x34580000, 0x37980000)
   the space 12288K,  23% used [0x33980000, 0x33c5ae20, 0x33c5b000, 0x34580000)
    ro space 10240K,  42% used [0x37980000, 0x37dbe580, 0x37dbe600, 0x38380000)
    rw space 12288K,  54% used [0x38380000, 0x389ff128, 0x389ff200, 0x38f80000)
Event: 65.704 GC heap after
Heap after GC invocations=531 (full 11):
 def new generation   total 78656K, used 0K [0x23980000, 0x28ed0000, 0x28ed0000)
  eden space 69952K,   0% used [0x23980000, 0x23980000, 0x27dd0000)
  from space 8704K,   0% used [0x28650000, 0x286503e0, 0x28ed0000)
  to   space 8704K,   0% used [0x27dd0000, 0x27dd0000, 0x28650000)
 tenured generation   total 174784K, used 102559K [0x28ed0000, 0x33980000, 0x33980000)
   the space 174784K,  58% used [0x28ed0000, 0x2f2f7e40, 0x2f2f8000, 0x33980000)
 compacting perm gen  total 12288K, used 2923K [0x33980000, 0x34580000, 0x37980000)
   the space 12288K,  23% used [0x33980000, 0x33c5ae20, 0x33c5b000, 0x34580000)
    ro space 10240K,  42% used [0x37980000, 0x37dbe580, 0x37dbe600, 0x38380000)
    rw space 12288K,  54% used [0x38380000, 0x389ff128, 0x389ff200, 0x38f80000)
}

Deoptimization events (0 events):
No events

Internal exceptions (10 events):
Event: 9.319 Thread 0x01a5f000 Threw 0x24037578 at C:\jdk7u5_32P\jdk7u5\hotspot\src\share\vm\prims\jvm.cpp:1166
Event: 9.319 Thread 0x01a5f000 Threw 0x24039098 at C:\jdk7u5_32P\jdk7u5\hotspot\src\share\vm\prims\jvm.cpp:1166
Event: 9.319 Thread 0x01a5f000 Threw 0x2403aa18 at C:\jdk7u5_32P\jdk7u5\hotspot\src\share\vm\prims\jvm.cpp:1166
Event: 9.319 Thread 0x01a5f000 Threw 0x2403c568 at C:\jdk7u5_32P\jdk7u5\hotspot\src\share\vm\prims\jvm.cpp:1166
Event: 9.320 Thread 0x01a5f000 Threw 0x2403e330 at C:\jdk7u5_32P\jdk7u5\hotspot\src\share\vm\prims\jvm.cpp:1166
Event: 9.320 Thread 0x01a5f000 Threw 0x2403fdd0 at C:\jdk7u5_32P\jdk7u5\hotspot\src\share\vm\prims\jvm.cpp:1166
Event: 9.320 Thread 0x01a5f000 Threw 0x240418b0 at C:\jdk7u5_32P\jdk7u5\hotspot\src\share\vm\prims\jvm.cpp:1166
Event: 9.320 Thread 0x01a5f000 Threw 0x24043458 at C:\jdk7u5_32P\jdk7u5\hotspot\src\share\vm\prims\jvm.cpp:1166
Event: 65.720 Thread 0x01a5c800 Threw 0x256e3cb8 at C:\jdk7u5_32P\jdk7u5\hotspot\src\share\vm\prims\jvm.cpp:1166
Event: 65.720 Thread 0x01a5c800 Threw 0x265a3428 at C:\jdk7u5_32P\jdk7u5\hotspot\src\share\vm\prims\jvm.cpp:1166

Events (10 events):
Event: 65.718 Thread 0x15340000 Thread exited: 0x15340000
Event: 65.718 Thread 0x154c0800 Thread exited: 0x154c0800
Event: 65.718 Thread 0x154ab400 Thread exited: 0x154ab400
Event: 65.719 Thread 0x154bf800 Thread exited: 0x154bf800
Event: 65.720 loading class 0x04005270
Event: 65.720 loading class 0x04005270 done
Event: 65.720 loading class 0x0403c100
Event: 65.720 loading class 0x0403c100 done
Event: 65.720 Thread 0x154bf800 Thread added: 0x154bf800
Event: 65.720 Thread 0x154bf800 Thread exited: 0x154bf800


Dynamic libraries:
0x003d0000 - 0x003ff000 	C:\Windows\system32\java.exe
0x76fb0000 - 0x770ec000 	C:\Windows\SYSTEM32\ntdll.dll
0x76ce0000 - 0x76db4000 	C:\Windows\system32\kernel32.dll
0x753f0000 - 0x7543a000 	C:\Windows\system32\KERNELBASE.dll
0x76bb0000 - 0x76c50000 	C:\Windows\system32\ADVAPI32.dll
0x77130000 - 0x771dc000 	C:\Windows\system32\msvcrt.dll
0x755f0000 - 0x75609000 	C:\Windows\SYSTEM32\sechost.dll
0x76890000 - 0x76931000 	C:\Windows\system32\RPCRT4.dll
0x75990000 - 0x75a59000 	C:\Windows\system32\USER32.dll
0x75610000 - 0x7565e000 	C:\Windows\system32\GDI32.dll
0x77100000 - 0x7710a000 	C:\Windows\system32\LPK.dll
0x75810000 - 0x758ad000 	C:\Windows\system32\USP10.dll
0x74080000 - 0x7421e000 	C:\Windows\WinSxS\x86_microsoft.windows.common-controls_6595b64144ccf1df_6.0.7601.17514_none_41e6975e2bd6f2b2\COMCTL32.dll
0x758b0000 - 0x75907000 	C:\Windows\system32\SHLWAPI.dll
0x75c20000 - 0x75c3f000 	C:\Windows\system32\IMM32.DLL
0x76940000 - 0x76a0c000 	C:\Windows\system32\MSCTF.dll
0x5f680000 - 0x5f73e000 	C:\Program Files\Java\jre7\bin\msvcr100.dll
0x5d5d0000 - 0x5d91a000 	C:\Program Files\Java\jre7\bin\client\jvm.dll
0x6c830000 - 0x6c837000 	C:\Windows\system32\WSOCK32.dll
0x76e10000 - 0x76e45000 	C:\Windows\system32\WS2_32.dll
0x77110000 - 0x77116000 	C:\Windows\system32\NSI.dll
0x735d0000 - 0x73602000 	C:\Windows\system32\WINMM.dll
0x770f0000 - 0x770f5000 	C:\Windows\system32\PSAPI.DLL
0x739b0000 - 0x739bc000 	C:\Program Files\Java\jre7\bin\verify.dll
0x71390000 - 0x713b0000 	C:\Program Files\Java\jre7\bin\java.dll
0x71370000 - 0x71383000 	C:\Program Files\Java\jre7\bin\zip.dll
0x71350000 - 0x71364000 	C:\Program Files\Java\jre7\bin\net.dll
0x74bb0000 - 0x74bec000 	C:\Windows\system32\mswsock.dll
0x74ba0000 - 0x74ba6000 	C:\Windows\System32\wship6.dll
0x10000000 - 0x1000c000 	C:\Windows\System32\LibusbJava.dll
0x71330000 - 0x71341000 	C:\Windows\system32\libusb0.dll
0x76a10000 - 0x76bad000 	C:\Windows\system32\SETUPAPI.dll
0x751c0000 - 0x751e7000 	C:\Windows\system32\CFGMGR32.dll
0x75780000 - 0x7580f000 	C:\Windows\system32\OLEAUT32.dll
0x76e50000 - 0x76fac000 	C:\Windows\system32\ole32.dll
0x753d0000 - 0x753e2000 	C:\Windows\system32\DEVOBJ.dll
0x71310000 - 0x7132e000 	C:\Program Files\OpenNI\Bin\OpenNI.jni.dll
0x64770000 - 0x647c0000 	C:\Program Files\OpenNI\Bin\OpenNI.dll
0x75c40000 - 0x7688a000 	C:\Windows\system32\SHELL32.dll
0x712d0000 - 0x712e8000 	C:\Program Files\OpenNI\bin\nimRecorder.dll
0x70300000 - 0x7031a000 	C:\Program Files\OpenNI\bin\nimMockNodes.dll
0x626f0000 - 0x62739000 	C:\Program Files\OpenNI\bin\nimCodecs.dll
0x64b90000 - 0x64bb0000 	C:\Program Files\PrimeSense\SensorKinect\Bin\XnDeviceFile.dll
0x715d0000 - 0x715db000 	C:\Program Files\PrimeSense\SensorKinect\Bin\XnCore.dll
0x5e3f0000 - 0x5e493000 	C:\Windows\WinSxS\x86_microsoft.vc90.crt_1fc8b3b9a1e18e3b_9.0.30729.6161_none_50934f2ebcb7eb57\MSVCR90.dll
0x64380000 - 0x643b8000 	C:\Program Files\PrimeSense\SensorKinect\Bin\XnDDK.dll
0x5f630000 - 0x5f674000 	C:\Program Files\PrimeSense\SensorKinect\Bin\XnFormats.dll
0x5f760000 - 0x5f7af000 	C:\Program Files\PrimeSense\SensorKinect\Bin\XnDeviceSensorV2KM.dll
0x5d330000 - 0x5d5c8000 	C:\Program Files\PrimeSense\NITE\Features_1_3_0\Bin\XnVFeatures_1_3_0.dll
0x5f440000 - 0x5f4ce000 	C:\Windows\WinSxS\x86_microsoft.vc90.crt_1fc8b3b9a1e18e3b_9.0.30729.6161_none_50934f2ebcb7eb57\MSVCP90.dll
0x5d0e0000 - 0x5d32f000 	C:\Program Files\PrimeSense\NITE\Features_1_3_1\Bin\XnVFeatures_1_3_1.dll
0x5cec0000 - 0x5d0d9000 	C:\Program Files\PrimeSense\NITE\Features_1_4_1\Bin\XnVFeatures_1_4_1.dll
0x5cca0000 - 0x5ceb6000 	C:\Program Files\PrimeSense\NITE\Features_1_4_2\Bin\XnVFeatures_1_4_2.dll
0x5c990000 - 0x5cc97000 	C:\Program Files\PrimeSense\NITE\Features_1_5_2\Bin\XnVFeatures_1_5_2.dll
0x5c8b0000 - 0x5c987000 	C:\Program Files\PrimeSense\NITE\Hands_1_3_0\Bin\XnVHandGenerator_1_3_0.dll
0x5c7d0000 - 0x5c8ac000 	C:\Program Files\PrimeSense\NITE\Hands_1_3_1\Bin\XnVHandGenerator_1_3_1.dll
0x5c6f0000 - 0x5c7cd000 	C:\Program Files\PrimeSense\NITE\Hands_1_4_1\Bin\XnVHandGenerator_1_4_1.dll
0x5c610000 - 0x5c6ed000 	C:\Program Files\PrimeSense\NITE\Hands_1_4_2\Bin\XnVHandGenerator_1_4_2.dll
0x5c520000 - 0x5c60c000 	C:\Program Files\PrimeSense\NITE\Hands_1_5_2\Bin\XnVHandGenerator_1_5_2.dll
0x73d70000 - 0x73db0000 	C:\Windows\system32\uxtheme.dll
0x753a0000 - 0x753cd000 	C:\Windows\system32\WINTRUST.dll
0x75280000 - 0x7539e000 	C:\Windows\system32\CRYPT32.dll
0x751b0000 - 0x751bc000 	C:\Windows\system32\MSASN1.dll
0x75070000 - 0x750bc000 	C:\Windows\system32\apphelp.dll
0x746c0000 - 0x746c5000 	C:\Windows\System32\wshtcpip.dll
0x03ba0000 - 0x03bae000 	C:\Windows\System32\j3dcore-ogl-chk.dll
0x5c450000 - 0x5c518000 	C:\Windows\system32\OPENGL32.dll
0x64350000 - 0x64372000 	C:\Windows\system32\GLU32.dll
0x64820000 - 0x64907000 	C:\Windows\system32\DDRAW.dll
0x70750000 - 0x70756000 	C:\Windows\system32\DCIMAN32.dll
0x73df0000 - 0x73e03000 	C:\Windows\system32\dwmapi.dll
0x715b0000 - 0x715b7000 	C:\Windows\system32\atiglpxx.dll
0x69030000 - 0x6a380000 	C:\Windows\system32\atioglxx.dll
0x745f0000 - 0x745f9000 	C:\Windows\system32\VERSION.dll
0x70ed0000 - 0x70fb4000 	C:\Windows\system32\aticfx32.dll
0x72910000 - 0x72971000 	C:\Windows\system32\atiadlxx.dll
0x74790000 - 0x747a7000 	C:\Windows\system32\USERENV.dll
0x75140000 - 0x7514b000 	C:\Windows\system32\profapi.dll
0x74630000 - 0x7463d000 	C:\Windows\system32\WTSAPI32.dll
0x71550000 - 0x7155b000 	C:\Windows\system32\atigktxx.dll
0x5be60000 - 0x5bfa2000 	C:\Program Files\Java\jre7\bin\awt.dll
0x750c0000 - 0x750cc000 	C:\Windows\system32\CRYPTBASE.dll
0x71570000 - 0x71576000 	C:\Program Files\Java\jre7\bin\jawt.dll
0x03c80000 - 0x03ca9000 	C:\Windows\System32\j3dcore-ogl.dll
0x6f2e0000 - 0x6f3cb000 	C:\Windows\system32\dbghelp.dll

VM Arguments:
jvm_args: -Djava 
java_command: SANDRAExecutable.jar 193.156.105.142 7540 kinectJoints gameControl
Launcher Type: SUN_STANDARD

Environment Variables:
CLASSPATH=C:\Program Files\OpenNI\Bin\org.OpenNI.jar
PATH=C:\Program Files\Intel\iCLS Client\;C:\Program Files\AMD APP\bin\x86;C:\Windows\system32;C:\Windows;C:\Windows\System32\Wbem;C:\Windows\System32\WindowsPowerShell\v1.0\;C:\Program Files\ATI Technologies\ATI.ACE\Core-Static;C:\Users\norut\AppData\Roaming\npm;C:\Program Files\nodejs\;C:\Program Files\Intel\Intel(R) Management Engine Components\DAL;C:\Program Files\Intel\Intel(R) Management Engine Components\IPT;C:\Program Files\OpenNI\Bin;C:\Program Files\PrimeSense\NITE\bin;C:\Program Files\AMD APP\bin\x86;C:\Windows\system32;C:\Windows;C:\Windows\System32\Wbem;C:\Windows\System32\WindowsPowerShell\v1.0\;C:\Program Files\ATI Technologies\ATI.ACE\Core-Static;C:\Program Files\nodejs
USERNAME=norut
OS=Windows_NT
PROCESSOR_IDENTIFIER=x86 Family 6 Model 58 Stepping 9, GenuineIntel



---------------  S Y S T E M  ---------------

OS: Windows 7 Build 7601 Service Pack 1

CPU:total 4 (4 cores per cpu, 1 threads per core) family 6 model 58 stepping 9, cmov, cx8, fxsr, mmx, sse, sse2, sse3, ssse3, sse4.1, sse4.2, popcnt, avx, tsc, tscinvbit, tscinv

Memory: 4k page, physical 3638896k(1342752k free), swap 7276036k(4606628k free)

vm_info: Java HotSpot(TM) Client VM (23.1-b03) for windows-x86 JRE (1.7.0_05-b05), built on May 15 2012 18:11:27 by "java_re" with unknown MS VC++:1600

time: Tue Jul 17 14:51:34 2012
elapsed time: 65 seconds

