#
# A fatal error has been detected by the Java Runtime Environment:
#
#  EXCEPTION_ACCESS_VIOLATION (0xc0000005) at pc=0x6ec96c89, pid=2104, tid=2244
#
# JRE version: 7.0_05-b05
# Java VM: Java HotSpot(TM) Client VM (23.1-b03 mixed mode, sharing windows-x86 )
# Problematic frame:
# C  [OpenNI.jni.dll+0x6c89]  Java_org_OpenNI_NativeMethods_xnUnregisterUserCallbacks+0x19
#
# Failed to write core dump. Minidumps are not enabled by default on client versions of Windows
#
# If you would like to submit a bug report, please visit:
#   http://bugreport.sun.com/bugreport/crash.jsp
# The crash happened outside the Java Virtual Machine in native code.
# See problematic frame for where to report the bug.
#

---------------  T H R E A D  ---------------

Current thread (0x05b0d400):  JavaThread "Thread-1" [_thread_in_native, id=2244, stack(0x06a00000,0x06a50000)]

siginfo: ExceptionCode=0xc0000005, reading address 0x00000000

Registers:
EAX=0x00000000, EBX=0x33a4eae8, ECX=0x05912ab4, EDX=0x03b558dc
ESP=0x06a4f020, EBP=0x06a4f074, ESI=0x05912aa8, EDI=0x05b0d400
EIP=0x6ec96c89, EFLAGS=0x00010206

Top of Stack: (sp=0x06a4f020)
0x06a4f020:   058e50c0 05912a68 33a4eae8 0163a707
0x06a4f030:   05b0d528 06a4f07c 058e50c0 00000000
0x06a4f040:   05912aa8 00000000 06a4f098 01712f10
0x06a4f050:   379ea284 06a4f054 00000000 06a4f090
0x06a4f060:   33a528e0 00000000 33a4eae8 00000000
0x06a4f070:   06a4f084 06a4f0b4 016332c7 28ed0330
0x06a4f080:   01638989 05912aa8 00000000 058e50c0
0x06a4f090:   00000000 06a4f094 33a59268 06a4f0c4 

Instructions: (pc=0x6ec96c89)
0x6ec96c69:   cc cc cc cc cc cc cc 8b 4c 24 0c 56 8b 74 24 18
0x6ec96c79:   8b 46 10 50 51 ff 15 64 b4 c9 6e 8b 06 8b 4e 08
0x6ec96c89:   8b 10 8b 52 58 83 c4 08 51 50 ff d2 56 ff 15 84
0x6ec96c99:   b0 c9 6e 83 c4 04 5e c2 18 00 cc cc cc cc cc cc 


Register to memory mapping:

EAX=0x00000000 is an unknown value
EBX=0x33a4eae8 is an oop
{method} 
 - klass: {other class}
ECX=0x05912ab4 is an unknown value
EDX=0x03b558dc is an unknown value
ESP=0x06a4f020 is pointing into the stack for thread: 0x05b0d400
EBP=0x06a4f074 is pointing into the stack for thread: 0x05b0d400
ESI=0x05912aa8 is an unknown value
EDI=0x05b0d400 is a thread


Stack: [0x06a00000,0x06a50000],  sp=0x06a4f020,  free space=316k
Native frames: (J=compiled Java code, j=interpreted, Vv=VM code, C=native code)
C  [OpenNI.jni.dll+0x6c89]  Java_org_OpenNI_NativeMethods_xnUnregisterUserCallbacks+0x19
j  org.OpenNI.UserGenerator$1.unregisterNative(J)V+8
j  org.OpenNI.Observable.deleteObserver(Lorg/OpenNI/IObserver;)V+24
j  KinectPackage.SkeletonManager.reset()V+11
j  KinectPackage.SkeletonManager.access$8(LKinectPackage/SkeletonManager;)V+1
j  KinectPackage.SkeletonManager$LostUserObserver.update(Lorg/OpenNI/IObservable;Lorg/OpenNI/UserEventArgs;)V+183
j  KinectPackage.SkeletonManager$LostUserObserver.update(Lorg/OpenNI/IObservable;Ljava/lang/Object;)V+9
j  org.OpenNI.Observable.notify(Ljava/lang/Object;)V+30
j  org.OpenNI.UserGenerator$2.callback(I)V+9
v  ~StubRoutines::call_stub
V  [jvm.dll+0x12964a]
V  [jvm.dll+0x1d851e]
V  [jvm.dll+0x1296cd]
V  [jvm.dll+0xae4da]
V  [jvm.dll+0xb1d93]
C  [OpenNI.jni.dll+0x10ea]  JNI_OnUnload+0x6a
C  [XnVFeatures_1_5_2.dll+0x959a8]  xnModuleGetOpenNIVersion+0x57988
C  [XnVFeatures_1_5_2.dll+0x7b5d8]  xnModuleGetOpenNIVersion+0x3d5b8
C  [XnVFeatures_1_5_2.dll+0xb1538]  xnModuleGetOpenNIVersion+0x73518
C  [XnVFeatures_1_5_2.dll+0x95266]  xnModuleGetOpenNIVersion+0x57246
C  [OpenNI.jni.dll+0x2eab]  Java_org_OpenNI_NativeMethods_xnWaitAnyUpdateAll+0xb
J  org.OpenNI.Context.waitAnyUpdateAll()V
j  java.lang.Thread.run()V+11
v  ~StubRoutines::call_stub
V  [jvm.dll+0x12964a]
V  [jvm.dll+0x1d851e]
V  [jvm.dll+0x129833]
V  [jvm.dll+0x129897]
V  [jvm.dll+0xd24af]
V  [jvm.dll+0x149977]
V  [jvm.dll+0x149ae0]
V  [jvm.dll+0x17e049]
C  [msvcr100.dll+0x5c6de]  endthreadex+0x3a
C  [msvcr100.dll+0x5c788]  endthreadex+0xe4
C  [kernel32.dll+0x4ed6c]  BaseThreadInitThunk+0x12
C  [ntdll.dll+0x6377b]  RtlInitializeExceptionChain+0xef
C  [ntdll.dll+0x6374e]  RtlInitializeExceptionChain+0xc2

Java frames: (J=compiled Java code, j=interpreted, Vv=VM code)
j  org.OpenNI.NativeMethods.xnUnregisterUserCallbacks(JJ)V+0
j  org.OpenNI.UserGenerator$1.unregisterNative(J)V+8
j  org.OpenNI.Observable.deleteObserver(Lorg/OpenNI/IObserver;)V+24
j  KinectPackage.SkeletonManager.reset()V+11
j  KinectPackage.SkeletonManager.access$8(LKinectPackage/SkeletonManager;)V+1
j  KinectPackage.SkeletonManager$LostUserObserver.update(Lorg/OpenNI/IObservable;Lorg/OpenNI/UserEventArgs;)V+183
j  KinectPackage.SkeletonManager$LostUserObserver.update(Lorg/OpenNI/IObservable;Ljava/lang/Object;)V+9
j  org.OpenNI.Observable.notify(Ljava/lang/Object;)V+30
j  org.OpenNI.UserGenerator$2.callback(I)V+9
v  ~StubRoutines::call_stub
J  org.OpenNI.NativeMethods.xnWaitAnyUpdateAll(J)I
J  org.OpenNI.Context.waitAnyUpdateAll()V
j  KinectPackage.KinectManager.run()V+12
j  java.lang.Thread.run()V+11
v  ~StubRoutines::call_stub

---------------  P R O C E S S  ---------------

Java Threads: ( => current thread )
  0x0162b400 JavaThread "DestroyJavaVM" [_thread_blocked, id=5524, stack(0x01270000,0x012c0000)]
  0x15ebd400 JavaThread "Thread-7" [_thread_in_Java, id=4012, stack(0x038d0000,0x03920000)]
  0x15f20400 JavaThread "Thread-6" [_thread_in_native, id=1900, stack(0x16e90000,0x16ee0000)]
  0x03ae2400 JavaThread "AWT-Windows" daemon [_thread_in_native, id=1936, stack(0x16e10000,0x16e60000)]
  0x013d2400 JavaThread "Java2D Disposer" daemon [_thread_blocked, id=3920, stack(0x16c60000,0x16cb0000)]
=>0x05b0d400 JavaThread "Thread-1" [_thread_in_native, id=2244, stack(0x06a00000,0x06a50000)]
  0x013ea800 JavaThread "Service Thread" daemon [_thread_blocked, id=5056, stack(0x03a70000,0x03ac0000)]
  0x013e6000 JavaThread "C1 CompilerThread0" daemon [_thread_blocked, id=3060, stack(0x03710000,0x03760000)]
  0x013e5000 JavaThread "Attach Listener" daemon [_thread_blocked, id=3932, stack(0x03870000,0x038c0000)]
  0x013da400 JavaThread "Signal Dispatcher" daemon [_thread_blocked, id=1528, stack(0x03930000,0x03980000)]
  0x013c4400 JavaThread "Finalizer" daemon [_thread_blocked, id=5672, stack(0x037d0000,0x03820000)]
  0x013c2800 JavaThread "Reference Handler" daemon [_thread_blocked, id=2488, stack(0x03770000,0x037c0000)]

Other Threads:
  0x013c1400 VMThread [stack: 0x036a0000,0x036f0000] [id=3504]
  0x013fd000 WatcherThread [stack: 0x03a20000,0x03a70000] [id=3220]

VM state:not at safepoint (normal execution)

VM Mutex/Monitor currently owned by a thread: None

Heap
 def new generation   total 46080K, used 16975K [0x23980000, 0x26b80000, 0x28ed0000)
  eden space 40960K,  41% used [0x23980000, 0x24a138f8, 0x26180000)
  from space 5120K,   0% used [0x26680000, 0x266803e8, 0x26b80000)
  to   space 5120K,   0% used [0x26180000, 0x26180000, 0x26680000)
 tenured generation   total 102356K, used 83101K [0x28ed0000, 0x2f2c5000, 0x33980000)
   the space 102356K,  81% used [0x28ed0000, 0x2dff7708, 0x2dff7800, 0x2f2c5000)
 compacting perm gen  total 12288K, used 3093K [0x33980000, 0x34580000, 0x37980000)
   the space 12288K,  25% used [0x33980000, 0x33c854a0, 0x33c85600, 0x34580000)
    ro space 10240K,  42% used [0x37980000, 0x37dbe580, 0x37dbe600, 0x38380000)
    rw space 12288K,  54% used [0x38380000, 0x389ff128, 0x389ff200, 0x38f80000)

Code Cache  [0x01630000, 0x017e0000, 0x03630000)
 total_blobs=1051 nmethods=761 adapters=225 free_code_cache=31046Kb largest_free_block=31792064

Compilation events (10 events):
Event: 55.763 Thread 0x013e6000  753             KinectPackage.KinectManager$EventLauncher::run (14 bytes)
Event: 55.764 Thread 0x013e6000 nmethod 753 0x017dc348 code [0x017dc450, 0x017dc4ec]
Event: 57.063 Thread 0x013e6000  754             java.lang.AbstractStringBuilder::append (62 bytes)
Event: 57.064 Thread 0x013e6000 nmethod 754 0x017dc548 code [0x017dc680, 0x017dc834]
Event: 57.333 Thread 0x013e6000  755             control.SharedSocket::getSharedSocket (113 bytes)
Event: 57.333 Thread 0x013e6000 nmethod 755 0x017dcac8 code [0x017dcc80, 0x017dd13c]
Event: 59.133 Thread 0x013e6000  756             handlers.KinectSkeletonJointsHandler::kinectUpdate (8 bytes)
Event: 59.133 Thread 0x013e6000 nmethod 756 0x017dd3c8 code [0x017dd4d0, 0x017dd588]
Event: 59.293 Thread 0x013e6000  757             java.security.AccessControlContext::optimize (319 bytes)
Event: 59.294 Thread 0x013e6000 nmethod 757 0x017dd648 code [0x017dd7c0, 0x017ddde0]

GC Heap History (10 events):
Event: 63.149 GC heap before
{Heap before GC invocations=986 (full 173):
 def new generation   total 46080K, used 40961K [0x23980000, 0x26b80000, 0x28ed0000)
  eden space 40960K, 100% used [0x23980000, 0x26180000, 0x26180000)
  from space 5120K,   0% used [0x26180000, 0x26180478, 0x26680000)
  to   space 5120K,   0% used [0x26680000, 0x26680000, 0x26b80000)
 tenured generation   total 102356K, used 83101K [0x28ed0000, 0x2f2c5000, 0x33980000)
   the space 102356K,  81% used [0x28ed0000, 0x2dff7708, 0x2dff7800, 0x2f2c5000)
 compacting perm gen  total 12288K, used 3093K [0x33980000, 0x34580000, 0x37980000)
   the space 12288K,  25% used [0x33980000, 0x33c854a0, 0x33c85600, 0x34580000)
    ro space 10240K,  42% used [0x37980000, 0x37dbe580, 0x37dbe600, 0x38380000)
    rw space 12288K,  54% used [0x38380000, 0x389ff128, 0x389ff200, 0x38f80000)
Event: 63.150 GC heap after
Heap after GC invocations=987 (full 173):
 def new generation   total 46080K, used 0K [0x23980000, 0x26b80000, 0x28ed0000)
  eden space 40960K,   0% used [0x23980000, 0x23980000, 0x26180000)
  from space 5120K,   0% used [0x26680000, 0x266803e0, 0x26b80000)
  to   space 5120K,   0% used [0x26180000, 0x26180000, 0x26680000)
 tenured generation   total 102356K, used 83101K [0x28ed0000, 0x2f2c5000, 0x33980000)
   the space 102356K,  81% used [0x28ed0000, 0x2dff7708, 0x2dff7800, 0x2f2c5000)
 compacting perm gen  total 12288K, used 3093K [0x33980000, 0x34580000, 0x37980000)
   the space 12288K,  25% used [0x33980000, 0x33c854a0, 0x33c85600, 0x34580000)
    ro space 10240K,  42% used [0x37980000, 0x37dbe580, 0x37dbe600, 0x38380000)
    rw space 12288K,  54% used [0x38380000, 0x389ff128, 0x389ff200, 0x38f80000)
}
Event: 63.166 GC heap before
{Heap before GC invocations=987 (full 173):
 def new generation   total 46080K, used 40960K [0x23980000, 0x26b80000, 0x28ed0000)
  eden space 40960K, 100% used [0x23980000, 0x26180000, 0x26180000)
  from space 5120K,   0% used [0x26680000, 0x266803e0, 0x26b80000)
  to   space 5120K,   0% used [0x26180000, 0x26180000, 0x26680000)
 tenured generation   total 102356K, used 83101K [0x28ed0000, 0x2f2c5000, 0x33980000)
   the space 102356K,  81% used [0x28ed0000, 0x2dff7708, 0x2dff7800, 0x2f2c5000)
 compacting perm gen  total 12288K, used 3093K [0x33980000, 0x34580000, 0x37980000)
   the space 12288K,  25% used [0x33980000, 0x33c854a0, 0x33c85600, 0x34580000)
    ro space 10240K,  42% used [0x37980000, 0x37dbe580, 0x37dbe600, 0x38380000)
    rw space 12288K,  54% used [0x38380000, 0x389ff128, 0x389ff200, 0x38f80000)
Event: 63.167 GC heap after
Heap after GC invocations=988 (full 173):
 def new generation   total 46080K, used 1K [0x23980000, 0x26b80000, 0x28ed0000)
  eden space 40960K,   0% used [0x23980000, 0x23980000, 0x26180000)
  from space 5120K,   0% used [0x26180000, 0x26180408, 0x26680000)
  to   space 5120K,   0% used [0x26680000, 0x26680000, 0x26b80000)
 tenured generation   total 102356K, used 83101K [0x28ed0000, 0x2f2c5000, 0x33980000)
   the space 102356K,  81% used [0x28ed0000, 0x2dff7708, 0x2dff7800, 0x2f2c5000)
 compacting perm gen  total 12288K, used 3093K [0x33980000, 0x34580000, 0x37980000)
   the space 12288K,  25% used [0x33980000, 0x33c854a0, 0x33c85600, 0x34580000)
    ro space 10240K,  42% used [0x37980000, 0x37dbe580, 0x37dbe600, 0x38380000)
    rw space 12288K,  54% used [0x38380000, 0x389ff128, 0x389ff200, 0x38f80000)
}
Event: 63.183 GC heap before
{Heap before GC invocations=988 (full 173):
 def new generation   total 46080K, used 40961K [0x23980000, 0x26b80000, 0x28ed0000)
  eden space 40960K, 100% used [0x23980000, 0x26180000, 0x26180000)
  from space 5120K,   0% used [0x26180000, 0x26180408, 0x26680000)
  to   space 5120K,   0% used [0x26680000, 0x26680000, 0x26b80000)
 tenured generation   total 102356K, used 83101K [0x28ed0000, 0x2f2c5000, 0x33980000)
   the space 102356K,  81% used [0x28ed0000, 0x2dff7708, 0x2dff7800, 0x2f2c5000)
 compacting perm gen  total 12288K, used 3093K [0x33980000, 0x34580000, 0x37980000)
   the space 12288K,  25% used [0x33980000, 0x33c854a0, 0x33c85600, 0x34580000)
    ro space 10240K,  42% used [0x37980000, 0x37dbe580, 0x37dbe600, 0x38380000)
    rw space 12288K,  54% used [0x38380000, 0x389ff128, 0x389ff200, 0x38f80000)
Event: 63.184 GC heap after
Heap after GC invocations=989 (full 173):
 def new generation   total 46080K, used 1K [0x23980000, 0x26b80000, 0x28ed0000)
  eden space 40960K,   0% used [0x23980000, 0x23980000, 0x26180000)
  from space 5120K,   0% used [0x26680000, 0x26680448, 0x26b80000)
  to   space 5120K,   0% used [0x26180000, 0x26180000, 0x26680000)
 tenured generation   total 102356K, used 83101K [0x28ed0000, 0x2f2c5000, 0x33980000)
   the space 102356K,  81% used [0x28ed0000, 0x2dff7708, 0x2dff7800, 0x2f2c5000)
 compacting perm gen  total 12288K, used 3093K [0x33980000, 0x34580000, 0x37980000)
   the space 12288K,  25% used [0x33980000, 0x33c854a0, 0x33c85600, 0x34580000)
    ro space 10240K,  42% used [0x37980000, 0x37dbe580, 0x37dbe600, 0x38380000)
    rw space 12288K,  54% used [0x38380000, 0x389ff128, 0x389ff200, 0x38f80000)
}
Event: 63.201 GC heap before
{Heap before GC invocations=989 (full 173):
 def new generation   total 46080K, used 40961K [0x23980000, 0x26b80000, 0x28ed0000)
  eden space 40960K, 100% used [0x23980000, 0x26180000, 0x26180000)
  from space 5120K,   0% used [0x26680000, 0x26680448, 0x26b80000)
  to   space 5120K,   0% used [0x26180000, 0x26180000, 0x26680000)
 tenured generation   total 102356K, used 83101K [0x28ed0000, 0x2f2c5000, 0x33980000)
   the space 102356K,  81% used [0x28ed0000, 0x2dff7708, 0x2dff7800, 0x2f2c5000)
 compacting perm gen  total 12288K, used 3093K [0x33980000, 0x34580000, 0x37980000)
   the space 12288K,  25% used [0x33980000, 0x33c854a0, 0x33c85600, 0x34580000)
    ro space 10240K,  42% used [0x37980000, 0x37dbe580, 0x37dbe600, 0x38380000)
    rw space 12288K,  54% used [0x38380000, 0x389ff128, 0x389ff200, 0x38f80000)
Event: 63.202 GC heap after
Heap after GC invocations=990 (full 173):
 def new generation   total 46080K, used 1K [0x23980000, 0x26b80000, 0x28ed0000)
  eden space 40960K,   0% used [0x23980000, 0x23980000, 0x26180000)
  from space 5120K,   0% used [0x26180000, 0x26180478, 0x26680000)
  to   space 5120K,   0% used [0x26680000, 0x26680000, 0x26b80000)
 tenured generation   total 102356K, used 83101K [0x28ed0000, 0x2f2c5000, 0x33980000)
   the space 102356K,  81% used [0x28ed0000, 0x2dff7708, 0x2dff7800, 0x2f2c5000)
 compacting perm gen  total 12288K, used 3093K [0x33980000, 0x34580000, 0x37980000)
   the space 12288K,  25% used [0x33980000, 0x33c854a0, 0x33c85600, 0x34580000)
    ro space 10240K,  42% used [0x37980000, 0x37dbe580, 0x37dbe600, 0x38380000)
    rw space 12288K,  54% used [0x38380000, 0x389ff128, 0x389ff200, 0x38f80000)
}
Event: 63.218 GC heap before
{Heap before GC invocations=990 (full 173):
 def new generation   total 46080K, used 40961K [0x23980000, 0x26b80000, 0x28ed0000)
  eden space 40960K, 100% used [0x23980000, 0x26180000, 0x26180000)
  from space 5120K,   0% used [0x26180000, 0x26180478, 0x26680000)
  to   space 5120K,   0% used [0x26680000, 0x26680000, 0x26b80000)
 tenured generation   total 102356K, used 83101K [0x28ed0000, 0x2f2c5000, 0x33980000)
   the space 102356K,  81% used [0x28ed0000, 0x2dff7708, 0x2dff7800, 0x2f2c5000)
 compacting perm gen  total 12288K, used 3093K [0x33980000, 0x34580000, 0x37980000)
   the space 12288K,  25% used [0x33980000, 0x33c854a0, 0x33c85600, 0x34580000)
    ro space 10240K,  42% used [0x37980000, 0x37dbe580, 0x37dbe600, 0x38380000)
    rw space 12288K,  54% used [0x38380000, 0x389ff128, 0x389ff200, 0x38f80000)
Event: 63.219 GC heap after
Heap after GC invocations=991 (full 173):
 def new generation   total 46080K, used 1K [0x23980000, 0x26b80000, 0x28ed0000)
  eden space 40960K,   0% used [0x23980000, 0x23980000, 0x26180000)
  from space 5120K,   0% used [0x26680000, 0x26680478, 0x26b80000)
  to   space 5120K,   0% used [0x26180000, 0x26180000, 0x26680000)
 tenured generation   total 102356K, used 83101K [0x28ed0000, 0x2f2c5000, 0x33980000)
   the space 102356K,  81% used [0x28ed0000, 0x2dff7708, 0x2dff7800, 0x2f2c5000)
 compacting perm gen  total 12288K, used 3093K [0x33980000, 0x34580000, 0x37980000)
   the space 12288K,  25% used [0x33980000, 0x33c854a0, 0x33c85600, 0x34580000)
    ro space 10240K,  42% used [0x37980000, 0x37dbe580, 0x37dbe600, 0x38380000)
    rw space 12288K,  54% used [0x38380000, 0x389ff128, 0x389ff200, 0x38f80000)
}

Deoptimization events (0 events):
No events

Internal exceptions (10 events):
Event: 30.072 Thread 0x15de7000 Threw 0x2560a498 at C:\jdk7u5_32P\jdk7u5\hotspot\src\share\vm\interpreter\interpreterRuntime.cpp:347
Event: 30.073 Thread 0x15de7000 Threw 0x2560be50 at C:\jdk7u5_32P\jdk7u5\hotspot\src\share\vm\interpreter\interpreterRuntime.cpp:347
Event: 30.073 Thread 0x15de7000 Threw 0x2560d0e0 at C:\jdk7u5_32P\jdk7u5\hotspot\src\share\vm\interpreter\interpreterRuntime.cpp:347
Event: 30.073 Thread 0x15de7000 Threw 0x2560df90 at C:\jdk7u5_32P\jdk7u5\hotspot\src\share\vm\prims\jvm.cpp:1166
Event: 30.074 Thread 0x15de7000 Threw 0x256de718 at C:\jdk7u5_32P\jdk7u5\hotspot\src\share\vm\prims\jvm.cpp:1166
Event: 30.075 Thread 0x15de7000 Threw 0x256e19a8 at C:\jdk7u5_32P\jdk7u5\hotspot\src\share\vm\prims\jvm.cpp:1166
Event: 30.075 Thread 0x15de7000 Threw 0x256e44e0 at C:\jdk7u5_32P\jdk7u5\hotspot\src\share\vm\prims\jvm.cpp:1166
Event: 30.077 Thread 0x15de7000 Threw 0x256e6688 at C:\jdk7u5_32P\jdk7u5\hotspot\src\share\vm\prims\jvm.cpp:1166
Event: 30.077 Thread 0x15f20400 Threw 0x2534c490 at C:\jdk7u5_32P\jdk7u5\hotspot\src\share\vm\prims\jvm.cpp:1166
Event: 31.059 Thread 0x15ebd400 Threw 0x25c7f6f0 at C:\jdk7u5_32P\jdk7u5\hotspot\src\share\vm\prims\jvm.cpp:1166

Events (10 events):
Event: 63.194 Thread 0x15fd9000 Thread exited: 0x15fd9000
Event: 63.194 Thread 0x15fd8c00 Thread exited: 0x15fd8c00
Event: 63.201 Executing VM operation: GenCollectForAllocation
Event: 63.202 Executing VM operation: GenCollectForAllocation done
Event: 63.202 Thread 0x15fd8c00 Thread added: 0x15fd8c00
Event: 63.202 Thread 0x15fd9000 Thread added: 0x15fd9000
Event: 63.202 Thread 0x15fd8c00 Thread exited: 0x15fd8c00
Event: 63.202 Thread 0x15fd9000 Thread exited: 0x15fd9000
Event: 63.218 Executing VM operation: GenCollectForAllocation
Event: 63.219 Executing VM operation: GenCollectForAllocation done


Dynamic libraries:
0x012e0000 - 0x0130f000 	C:\Windows\system32\java.exe
0x77b30000 - 0x77c6c000 	C:\Windows\SYSTEM32\ntdll.dll
0x774a0000 - 0x77574000 	C:\Windows\system32\kernel32.dll
0x75ef0000 - 0x75f3a000 	C:\Windows\system32\KERNELBASE.dll
0x77360000 - 0x77400000 	C:\Windows\system32\ADVAPI32.dll
0x77580000 - 0x7762c000 	C:\Windows\system32\msvcrt.dll
0x77340000 - 0x77359000 	C:\Windows\SYSTEM32\sechost.dll
0x77630000 - 0x776d1000 	C:\Windows\system32\RPCRT4.dll
0x77a60000 - 0x77b29000 	C:\Windows\system32\USER32.dll
0x77400000 - 0x7744e000 	C:\Windows\system32\GDI32.dll
0x76310000 - 0x7631a000 	C:\Windows\system32\LPK.dll
0x779c0000 - 0x77a5d000 	C:\Windows\system32\USP10.dll
0x749f0000 - 0x74b8e000 	C:\Windows\WinSxS\x86_microsoft.windows.common-controls_6595b64144ccf1df_6.0.7601.17514_none_41e6975e2bd6f2b2\COMCTL32.dll
0x77c90000 - 0x77ce7000 	C:\Windows\system32\SHLWAPI.dll
0x77450000 - 0x7746f000 	C:\Windows\system32\IMM32.DLL
0x77270000 - 0x7733c000 	C:\Windows\system32\MSCTF.dll
0x67980000 - 0x67a3e000 	C:\Program Files\Java\jre7\bin\msvcr100.dll
0x67610000 - 0x6795a000 	C:\Program Files\Java\jre7\bin\client\jvm.dll
0x69320000 - 0x69327000 	C:\Windows\system32\WSOCK32.dll
0x765e0000 - 0x76615000 	C:\Windows\system32\WS2_32.dll
0x77c80000 - 0x77c86000 	C:\Windows\system32\NSI.dll
0x74150000 - 0x74182000 	C:\Windows\system32\WINMM.dll
0x77cf0000 - 0x77cf5000 	C:\Windows\system32\PSAPI.DLL
0x73f50000 - 0x73f5c000 	C:\Program Files\Java\jre7\bin\verify.dll
0x73c20000 - 0x73c40000 	C:\Program Files\Java\jre7\bin\java.dll
0x71aa0000 - 0x71ab3000 	C:\Program Files\Java\jre7\bin\zip.dll
0x71a80000 - 0x71a94000 	C:\Program Files\Java\jre7\bin\net.dll
0x75730000 - 0x7576c000 	C:\Windows\system32\mswsock.dll
0x75720000 - 0x75726000 	C:\Windows\System32\wship6.dll
0x10000000 - 0x1000c000 	C:\Windows\System32\LibusbJava.dll
0x6fc90000 - 0x6fca1000 	C:\Windows\system32\libusb0.dll
0x76440000 - 0x765dd000 	C:\Windows\system32\SETUPAPI.dll
0x75f40000 - 0x75f67000 	C:\Windows\system32\CFGMGR32.dll
0x76010000 - 0x7609f000 	C:\Windows\system32\OLEAUT32.dll
0x761b0000 - 0x7630c000 	C:\Windows\system32\ole32.dll
0x75f70000 - 0x75f82000 	C:\Windows\system32\DEVOBJ.dll
0x6ec90000 - 0x6ecae000 	C:\Program Files\OpenNI\Bin\OpenNI.jni.dll
0x675c0000 - 0x67610000 	C:\Program Files\OpenNI\Bin\OpenNI.dll
0x76620000 - 0x7726a000 	C:\Windows\system32\SHELL32.dll
0x6eba0000 - 0x6ebb8000 	C:\Program Files\OpenNI\bin\nimRecorder.dll
0x6d970000 - 0x6d98a000 	C:\Program Files\OpenNI\bin\nimMockNodes.dll
0x67db0000 - 0x67df9000 	C:\Program Files\OpenNI\bin\nimCodecs.dll
0x6cc40000 - 0x6cc60000 	C:\Program Files\PrimeSense\SensorKinect\Bin\XnDeviceFile.dll
0x6fc80000 - 0x6fc8b000 	C:\Program Files\PrimeSense\SensorKinect\Bin\XnCore.dll
0x66c50000 - 0x66cf3000 	C:\Windows\WinSxS\x86_microsoft.vc90.crt_1fc8b3b9a1e18e3b_9.0.30729.6161_none_50934f2ebcb7eb57\MSVCR90.dll
0x67580000 - 0x675b8000 	C:\Program Files\PrimeSense\SensorKinect\Bin\XnDDK.dll
0x67530000 - 0x67574000 	C:\Program Files\PrimeSense\SensorKinect\Bin\XnFormats.dll
0x66c00000 - 0x66c4f000 	C:\Program Files\PrimeSense\SensorKinect\Bin\XnDeviceSensorV2KM.dll
0x65e80000 - 0x66118000 	C:\Program Files\PrimeSense\NITE\Features_1_3_0\Bin\XnVFeatures_1_3_0.dll
0x65d20000 - 0x65dae000 	C:\Windows\WinSxS\x86_microsoft.vc90.crt_1fc8b3b9a1e18e3b_9.0.30729.6161_none_50934f2ebcb7eb57\MSVCP90.dll
0x657a0000 - 0x659ef000 	C:\Program Files\PrimeSense\NITE\Features_1_3_1\Bin\XnVFeatures_1_3_1.dll
0x65580000 - 0x65799000 	C:\Program Files\PrimeSense\NITE\Features_1_4_1\Bin\XnVFeatures_1_4_1.dll
0x62300000 - 0x62516000 	C:\Program Files\PrimeSense\NITE\Features_1_4_2\Bin\XnVFeatures_1_4_2.dll
0x616a0000 - 0x619a7000 	C:\Program Files\PrimeSense\NITE\Features_1_5_2\Bin\XnVFeatures_1_5_2.dll
0x62220000 - 0x622f7000 	C:\Program Files\PrimeSense\NITE\Hands_1_3_0\Bin\XnVHandGenerator_1_3_0.dll
0x62140000 - 0x6221c000 	C:\Program Files\PrimeSense\NITE\Hands_1_3_1\Bin\XnVHandGenerator_1_3_1.dll
0x615c0000 - 0x6169d000 	C:\Program Files\PrimeSense\NITE\Hands_1_4_1\Bin\XnVHandGenerator_1_4_1.dll
0x614e0000 - 0x615bd000 	C:\Program Files\PrimeSense\NITE\Hands_1_4_2\Bin\XnVHandGenerator_1_4_2.dll
0x613f0000 - 0x614dc000 	C:\Program Files\PrimeSense\NITE\Hands_1_5_2\Bin\XnVHandGenerator_1_5_2.dll
0x749b0000 - 0x749f0000 	C:\Windows\system32\uxtheme.dll
0x75f90000 - 0x75fbd000 	C:\Windows\system32\WINTRUST.dll
0x75d40000 - 0x75e5e000 	C:\Windows\system32\CRYPT32.dll
0x75d30000 - 0x75d3c000 	C:\Windows\system32\MSASN1.dll
0x75bf0000 - 0x75c3c000 	C:\Windows\system32\apphelp.dll
0x75240000 - 0x75245000 	C:\Windows\System32\wshtcpip.dll
0x6eee0000 - 0x6eeef000 	C:\Program Files\Java\jre7\bin\nio.dll
0x612a0000 - 0x613e2000 	C:\Program Files\Java\jre7\bin\awt.dll
0x746d0000 - 0x746e3000 	C:\Windows\system32\dwmapi.dll
0x75c40000 - 0x75c4c000 	C:\Windows\system32\CRYPTBASE.dll
0x6cc30000 - 0x6cc36000 	C:\Program Files\Java\jre7\bin\jawt.dll
0x16cb0000 - 0x16d83000 	C:\Windows\System32\j3dcore-d3d.dll
0x723d0000 - 0x72593000 	C:\Windows\system32\d3d9.dll
0x75170000 - 0x75179000 	C:\Windows\system32\VERSION.dll
0x72340000 - 0x72346000 	C:\Windows\system32\d3d8thk.dll
0x74310000 - 0x7434c000 	C:\Windows\system32\OLEACC.dll
0x6f590000 - 0x6f5e1000 	C:\Windows\system32\WINSPOOL.DRV
0x73f70000 - 0x7405b000 	C:\Windows\system32\dbghelp.dll

VM Arguments:
jvm_args: -Djava 
java_command: SANDRAExecutable.jar 193.156.105.142 7540 kinectJoints
Launcher Type: SUN_STANDARD

Environment Variables:
CLASSPATH=C:\Program Files\OpenNI\Bin\org.OpenNI.jar
PATH=C:\Program Files\Intel\iCLS Client\;C:\Program Files\AMD APP\bin\x86;C:\Windows\system32;C:\Windows;C:\Windows\System32\Wbem;C:\Windows\System32\WindowsPowerShell\v1.0\;C:\Program Files\ATI Technologies\ATI.ACE\Core-Static;C:\Users\norut\AppData\Roaming\npm;C:\Program Files\nodejs\;C:\Program Files\Intel\Intel(R) Management Engine Components\DAL;C:\Program Files\Intel\Intel(R) Management Engine Components\IPT;C:\Program Files\OpenNI\Bin;C:\Program Files\PrimeSense\NITE\bin;C:\Program Files\AMD APP\bin\x86;C:\Windows\system32;C:\Windows;C:\Windows\System32\Wbem;C:\Windows\System32\WindowsPowerShell\v1.0\;C:\Program Files\ATI Technologies\ATI.ACE\Core-Static;C:\Program Files\nodejs
USERNAME=norut
OS=Windows_NT
PROCESSOR_IDENTIFIER=x86 Family 6 Model 58 Stepping 9, GenuineIntel



---------------  S Y S T E M  ---------------

OS: Windows 7 Build 7601 Service Pack 1

CPU:total 4 (4 cores per cpu, 1 threads per core) family 6 model 58 stepping 9, cmov, cx8, fxsr, mmx, sse, sse2, sse3, ssse3, sse4.1, sse4.2, popcnt, avx, tsc, tscinvbit, tscinv

Memory: 4k page, physical 3638896k(1966836k free), swap 7276036k(4992192k free)

vm_info: Java HotSpot(TM) Client VM (23.1-b03) for windows-x86 JRE (1.7.0_05-b05), built on May 15 2012 18:11:27 by "java_re" with unknown MS VC++:1600

time: Thu Jul 12 10:49:51 2012
elapsed time: 63 seconds

