#
# A fatal error has been detected by the Java Runtime Environment:
#
#  EXCEPTION_ACCESS_VIOLATION (0xc0000005) at pc=0x60943d97, pid=5808, tid=6312
#
# JRE version: 7.0_05-b05
# Java VM: Java HotSpot(TM) Client VM (23.1-b03 mixed mode, sharing windows-x86 )
# Problematic frame:
# V  [jvm.dll+0x3d97]
#
# Failed to write core dump. Minidumps are not enabled by default on client versions of Windows
#
# If you would like to submit a bug report, please visit:
#   http://bugreport.sun.com/bugreport/crash.jsp
# The crash happened outside the Java Virtual Machine in native code.
# See problematic frame for where to report the bug.
#

---------------  T H R E A D  ---------------

Current thread (0x03e58800):  JavaThread "Thread-1" [_thread_in_native, id=6312, stack(0x0fd90000,0x0fde0000)]

siginfo: ExceptionCode=0xc0000005, writing address 0x00000164

Registers:
EAX=0x017c2a70, EBX=0x33a4eae8, ECX=0x0016b400, EDX=0x017c2a70
ESP=0x0fddf2f8, EBP=0x0fddf2fc, ESI=0x00000000, EDI=0x00000000
EIP=0x60943d97, EFLAGS=0x00010246

Top of Stack: (sp=0x0fddf2f8)
0x0fddf2f8:   05c93bf8 0fddf318 609e405a 00000000
0x0fddf308:   00000006 05c93bf8 33a4eae8 03e58800
0x0fddf318:   0fddf374 65336c95 0016b528 01872720
0x0fddf328:   33a4eae8 0197a707 03e58928 0fddf37c
0x0fddf338:   05c71040 00000000 05c93bf8 00000000
0x0fddf348:   0fddf398 018a636c 018a636c 0fddf354
0x0fddf358:   00000000 0fddf390 33a528e0 00000000
0x0fddf368:   33a4eae8 00000000 0fddf384 0fddf3b4 

Instructions: (pc=0x60943d97)
0x60943d77:   c4 04 89 96 64 01 00 00 5e 5d c3 8b 45 10 89 86
0x60943d87:   64 01 00 00 5e 5d c3 cc cc 55 8b ec 56 8b 75 08
0x60943d97:   c7 86 64 01 00 00 05 00 00 00 83 3d 50 c6 c4 60
0x60943da7:   01 7e 19 80 3d e9 bf c4 60 00 74 07 f0 83 04 24 


Register to memory mapping:

EAX=0x017c2a70 is an unknown value
EBX=0x33a4eae8 is an oop
{method} 
 - klass: {other class}
ECX=0x0016b400 is an unknown value
EDX=0x017c2a70 is an unknown value
ESP=0x0fddf2f8 is pointing into the stack for thread: 0x03e58800
EBP=0x0fddf2fc is pointing into the stack for thread: 0x03e58800
ESI=0x00000000 is an unknown value
EDI=0x00000000 is an unknown value


Stack: [0x0fd90000,0x0fde0000],  sp=0x0fddf2f8,  free space=316k
Native frames: (J=compiled Java code, j=interpreted, Vv=VM code, C=native code)
V  [jvm.dll+0x3d97]
V  [jvm.dll+0xa405a]
C  [OpenNI.jni.dll+0x6c95]  Java_org_OpenNI_NativeMethods_xnUnregisterUserCallbacks+0x25
j  org.OpenNI.UserGenerator$2.unregisterNative(J)V+8
j  org.OpenNI.Observable.deleteObserver(Lorg/OpenNI/IObserver;)V+24
j  KinectPackage.SkeletonManager.reset()V+27
j  KinectPackage.SkeletonManager.access$8(LKinectPackage/SkeletonManager;)V+1
j  KinectPackage.SkeletonManager$LostUserObserver.update(Lorg/OpenNI/IObservable;Lorg/OpenNI/UserEventArgs;)V+183
j  KinectPackage.SkeletonManager$LostUserObserver.update(Lorg/OpenNI/IObservable;Ljava/lang/Object;)V+9
j  org.OpenNI.Observable.notify(Ljava/lang/Object;)V+30
j  org.OpenNI.UserGenerator$2.callback(I)V+9
v  ~StubRoutines::call_stub
V  [jvm.dll+0x12964a]
V  [jvm.dll+0x1d851e]
V  [jvm.dll+0x1296cd]
V  [jvm.dll+0xae4da]
V  [jvm.dll+0xb1d93]
C  [OpenNI.jni.dll+0x10ea]  JNI_OnUnload+0x6a
C  [XnVFeatures_1_5_2.dll+0x959a8]  xnModuleGetOpenNIVersion+0x57988
C  [XnVFeatures_1_5_2.dll+0x7b5d8]  xnModuleGetOpenNIVersion+0x3d5b8
C  [XnVFeatures_1_5_2.dll+0xb1538]  xnModuleGetOpenNIVersion+0x73518
C  [XnVFeatures_1_5_2.dll+0x95266]  xnModuleGetOpenNIVersion+0x57246
C  [OpenNI.jni.dll+0x2eab]  Java_org_OpenNI_NativeMethods_xnWaitAnyUpdateAll+0xb
J  org.OpenNI.Context.waitAnyUpdateAll()V
j  java.lang.Thread.run()V+11
v  ~StubRoutines::call_stub
V  [jvm.dll+0x12964a]
V  [jvm.dll+0x1d851e]
V  [jvm.dll+0x129833]
V  [jvm.dll+0x129897]
V  [jvm.dll+0xd24af]
V  [jvm.dll+0x149977]
V  [jvm.dll+0x149ae0]
V  [jvm.dll+0x17e049]
C  [msvcr100.dll+0x5c6de]  endthreadex+0x3a
C  [msvcr100.dll+0x5c788]  endthreadex+0xe4
C  [kernel32.dll+0x4ed6c]  BaseThreadInitThunk+0x12
C  [ntdll.dll+0x6377b]  RtlInitializeExceptionChain+0xef
C  [ntdll.dll+0x6374e]  RtlInitializeExceptionChain+0xc2

Java frames: (J=compiled Java code, j=interpreted, Vv=VM code)
j  org.OpenNI.NativeMethods.xnUnregisterUserCallbacks(JJ)V+0
j  org.OpenNI.UserGenerator$2.unregisterNative(J)V+8
j  org.OpenNI.Observable.deleteObserver(Lorg/OpenNI/IObserver;)V+24
j  KinectPackage.SkeletonManager.reset()V+27
j  KinectPackage.SkeletonManager.access$8(LKinectPackage/SkeletonManager;)V+1
j  KinectPackage.SkeletonManager$LostUserObserver.update(Lorg/OpenNI/IObservable;Lorg/OpenNI/UserEventArgs;)V+183
j  KinectPackage.SkeletonManager$LostUserObserver.update(Lorg/OpenNI/IObservable;Ljava/lang/Object;)V+9
j  org.OpenNI.Observable.notify(Ljava/lang/Object;)V+30
j  org.OpenNI.UserGenerator$2.callback(I)V+9
v  ~StubRoutines::call_stub
J  org.OpenNI.NativeMethods.xnWaitAnyUpdateAll(J)I
J  org.OpenNI.Context.waitAnyUpdateAll()V
j  KinectPackage.KinectManager.run()V+12
j  java.lang.Thread.run()V+11
v  ~StubRoutines::call_stub

---------------  P R O C E S S  ---------------

Java Threads: ( => current thread )
  0x16f38000 JavaThread "DestroyJavaVM" [_thread_blocked, id=7724, stack(0x01300000,0x01350000)]
  0x16f3c000 JavaThread "Thread-21" [_thread_in_Java, id=9012, stack(0x19190000,0x191e0000)]
  0x03e5a800 JavaThread "Thread-6" [_thread_in_Java, id=4372, stack(0x184f0000,0x18540000)]
  0x03e5a000 JavaThread "Thread-5" [_thread_in_native, id=4528, stack(0x182e0000,0x18330000)]
  0x03e59c00 JavaThread "AWT-Windows" daemon [_thread_in_native, id=9908, stack(0x18160000,0x181b0000)]
  0x03e59000 JavaThread "Java2D Disposer" daemon [_thread_blocked, id=5252, stack(0x18080000,0x180d0000)]
=>0x03e58800 JavaThread "Thread-1" [_thread_in_native, id=6312, stack(0x0fd90000,0x0fde0000)]
  0x01893400 JavaThread "Service Thread" daemon [_thread_blocked, id=10116, stack(0x03e00000,0x03e50000)]
  0x01890000 JavaThread "C1 CompilerThread0" daemon [_thread_blocked, id=9048, stack(0x03c20000,0x03c70000)]
  0x0188e800 JavaThread "Attach Listener" daemon [_thread_blocked, id=1004, stack(0x03af0000,0x03b40000)]
  0x0188b400 JavaThread "Signal Dispatcher" daemon [_thread_blocked, id=3972, stack(0x03aa0000,0x03af0000)]
  0x01874000 JavaThread "Finalizer" daemon [_thread_blocked, id=2808, stack(0x03b70000,0x03bc0000)]
  0x01872800 JavaThread "Reference Handler" daemon [_thread_blocked, id=4624, stack(0x03bc0000,0x03c10000)]

Other Threads:
  0x01871400 VMThread [stack: 0x01350000,0x013a0000] [id=4612]
  0x018b9c00 WatcherThread [stack: 0x03ce0000,0x03d30000] [id=4296]

VM state:not at safepoint (normal execution)

VM Mutex/Monitor currently owned by a thread: None

Heap
 def new generation   total 78656K, used 54967K [0x23980000, 0x28ed0000, 0x28ed0000)
  eden space 69952K,  78% used [0x23980000, 0x26f2c8d0, 0x27dd0000)
  from space 8704K,   0% used [0x27dd0000, 0x27dd1410, 0x28650000)
  to   space 8704K,   0% used [0x28650000, 0x28650000, 0x28ed0000)
 tenured generation   total 174784K, used 15210K [0x28ed0000, 0x33980000, 0x33980000)
   the space 174784K,   8% used [0x28ed0000, 0x29daa978, 0x29daaa00, 0x33980000)
 compacting perm gen  total 12288K, used 3125K [0x33980000, 0x34580000, 0x37980000)
   the space 12288K,  25% used [0x33980000, 0x33c8d518, 0x33c8d600, 0x34580000)
    ro space 10240K,  42% used [0x37980000, 0x37dbe580, 0x37dbe600, 0x38380000)
    rw space 12288K,  54% used [0x38380000, 0x389ff128, 0x389ff200, 0x38f80000)

Code Cache  [0x01970000, 0x01b30000, 0x03970000)
 total_blobs=1107 nmethods=817 adapters=225 free_code_cache=30992Kb largest_free_block=31735872

Compilation events (10 events):
Event: 46.557 Thread 0x01890000  807             control.SharedSocket::getSharedSocket (113 bytes)
Event: 46.558 Thread 0x01890000 nmethod 807 0x01b2ab08 code [0x01b2acc0, 0x01b2b17c]
Event: 47.164 Thread 0x01890000  808  s          sun.misc.FloatingDecimal$1::initialValue (5 bytes)
Event: 47.164 Thread 0x01890000 nmethod 808 0x01b2b408 code [0x01b2b500, 0x01b2b740]
Event: 51.668 Thread 0x01890000  809             java.nio.charset.Charset::atBugLevel (44 bytes)
Event: 51.668 Thread 0x01890000 nmethod 809 0x01b2b7c8 code [0x01b2b8e0, 0x01b2ba58]
Event: 57.800 Thread 0x01890000  810             java.lang.ThreadLocal::initialValue (2 bytes)
Event: 57.800 Thread 0x01890000 nmethod 810 0x01b2bb48 code [0x01b2bc40, 0x01b2bcc0]
Event: 57.804 Thread 0x01890000  811             java.lang.ThreadLocal::createMap (14 bytes)
Event: 57.804 Thread 0x01890000 nmethod 811 0x01b2bd08 code [0x01b2be10, 0x01b2bf0c]

GC Heap History (10 events):
Event: 124.902 GC heap before
{Heap before GC invocations=914 (full 20):
 def new generation   total 78656K, used 69952K [0x23980000, 0x28ed0000, 0x28ed0000)
  eden space 69952K, 100% used [0x23980000, 0x27dd0000, 0x27dd0000)
  from space 8704K,   0% used [0x27dd0000, 0x27dd02f8, 0x28650000)
  to   space 8704K,   0% used [0x28650000, 0x28650000, 0x28ed0000)
 tenured generation   total 174784K, used 15210K [0x28ed0000, 0x33980000, 0x33980000)
   the space 174784K,   8% used [0x28ed0000, 0x29daa978, 0x29daaa00, 0x33980000)
 compacting perm gen  total 12288K, used 3122K [0x33980000, 0x34580000, 0x37980000)
   the space 12288K,  25% used [0x33980000, 0x33c8cbe8, 0x33c8cc00, 0x34580000)
    ro space 10240K,  42% used [0x37980000, 0x37dbe580, 0x37dbe600, 0x38380000)
    rw space 12288K,  54% used [0x38380000, 0x389ff128, 0x389ff200, 0x38f80000)
Event: 124.902 GC heap after
Heap after GC invocations=915 (full 20):
 def new generation   total 78656K, used 0K [0x23980000, 0x28ed0000, 0x28ed0000)
  eden space 69952K,   0% used [0x23980000, 0x23980000, 0x27dd0000)
  from space 8704K,   0% used [0x28650000, 0x286502a8, 0x28ed0000)
  to   space 8704K,   0% used [0x27dd0000, 0x27dd0000, 0x28650000)
 tenured generation   total 174784K, used 15210K [0x28ed0000, 0x33980000, 0x33980000)
   the space 174784K,   8% used [0x28ed0000, 0x29daa978, 0x29daaa00, 0x33980000)
 compacting perm gen  total 12288K, used 3122K [0x33980000, 0x34580000, 0x37980000)
   the space 12288K,  25% used [0x33980000, 0x33c8cbe8, 0x33c8cc00, 0x34580000)
    ro space 10240K,  42% used [0x37980000, 0x37dbe580, 0x37dbe600, 0x38380000)
    rw space 12288K,  54% used [0x38380000, 0x389ff128, 0x389ff200, 0x38f80000)
}
Event: 124.932 GC heap before
{Heap before GC invocations=915 (full 20):
 def new generation   total 78656K, used 69952K [0x23980000, 0x28ed0000, 0x28ed0000)
  eden space 69952K, 100% used [0x23980000, 0x27dd0000, 0x27dd0000)
  from space 8704K,   0% used [0x28650000, 0x286502a8, 0x28ed0000)
  to   space 8704K,   0% used [0x27dd0000, 0x27dd0000, 0x28650000)
 tenured generation   total 174784K, used 15210K [0x28ed0000, 0x33980000, 0x33980000)
   the space 174784K,   8% used [0x28ed0000, 0x29daa978, 0x29daaa00, 0x33980000)
 compacting perm gen  total 12288K, used 3122K [0x33980000, 0x34580000, 0x37980000)
   the space 12288K,  25% used [0x33980000, 0x33c8cbe8, 0x33c8cc00, 0x34580000)
    ro space 10240K,  42% used [0x37980000, 0x37dbe580, 0x37dbe600, 0x38380000)
    rw space 12288K,  54% used [0x38380000, 0x389ff128, 0x389ff200, 0x38f80000)
Event: 124.933 GC heap after
Heap after GC invocations=916 (full 20):
 def new generation   total 78656K, used 0K [0x23980000, 0x28ed0000, 0x28ed0000)
  eden space 69952K,   0% used [0x23980000, 0x23980000, 0x27dd0000)
  from space 8704K,   0% used [0x27dd0000, 0x27dd02a8, 0x28650000)
  to   space 8704K,   0% used [0x28650000, 0x28650000, 0x28ed0000)
 tenured generation   total 174784K, used 15210K [0x28ed0000, 0x33980000, 0x33980000)
   the space 174784K,   8% used [0x28ed0000, 0x29daa978, 0x29daaa00, 0x33980000)
 compacting perm gen  total 12288K, used 3122K [0x33980000, 0x34580000, 0x37980000)
   the space 12288K,  25% used [0x33980000, 0x33c8cbe8, 0x33c8cc00, 0x34580000)
    ro space 10240K,  42% used [0x37980000, 0x37dbe580, 0x37dbe600, 0x38380000)
    rw space 12288K,  54% used [0x38380000, 0x389ff128, 0x389ff200, 0x38f80000)
}
Event: 124.959 GC heap before
{Heap before GC invocations=916 (full 20):
 def new generation   total 78656K, used 69952K [0x23980000, 0x28ed0000, 0x28ed0000)
  eden space 69952K, 100% used [0x23980000, 0x27dd0000, 0x27dd0000)
  from space 8704K,   0% used [0x27dd0000, 0x27dd02a8, 0x28650000)
  to   space 8704K,   0% used [0x28650000, 0x28650000, 0x28ed0000)
 tenured generation   total 174784K, used 15210K [0x28ed0000, 0x33980000, 0x33980000)
   the space 174784K,   8% used [0x28ed0000, 0x29daa978, 0x29daaa00, 0x33980000)
 compacting perm gen  total 12288K, used 3122K [0x33980000, 0x34580000, 0x37980000)
   the space 12288K,  25% used [0x33980000, 0x33c8cbe8, 0x33c8cc00, 0x34580000)
    ro space 10240K,  42% used [0x37980000, 0x37dbe580, 0x37dbe600, 0x38380000)
    rw space 12288K,  54% used [0x38380000, 0x389ff128, 0x389ff200, 0x38f80000)
Event: 124.960 GC heap after
Heap after GC invocations=917 (full 20):
 def new generation   total 78656K, used 1K [0x23980000, 0x28ed0000, 0x28ed0000)
  eden space 69952K,   0% used [0x23980000, 0x23980000, 0x27dd0000)
  from space 8704K,   0% used [0x28650000, 0x286504d0, 0x28ed0000)
  to   space 8704K,   0% used [0x27dd0000, 0x27dd0000, 0x28650000)
 tenured generation   total 174784K, used 15210K [0x28ed0000, 0x33980000, 0x33980000)
   the space 174784K,   8% used [0x28ed0000, 0x29daa978, 0x29daaa00, 0x33980000)
 compacting perm gen  total 12288K, used 3122K [0x33980000, 0x34580000, 0x37980000)
   the space 12288K,  25% used [0x33980000, 0x33c8cbe8, 0x33c8cc00, 0x34580000)
    ro space 10240K,  42% used [0x37980000, 0x37dbe580, 0x37dbe600, 0x38380000)
    rw space 12288K,  54% used [0x38380000, 0x389ff128, 0x389ff200, 0x38f80000)
}
Event: 124.988 GC heap before
{Heap before GC invocations=917 (full 20):
 def new generation   total 78656K, used 69953K [0x23980000, 0x28ed0000, 0x28ed0000)
  eden space 69952K, 100% used [0x23980000, 0x27dd0000, 0x27dd0000)
  from space 8704K,   0% used [0x28650000, 0x286504d0, 0x28ed0000)
  to   space 8704K,   0% used [0x27dd0000, 0x27dd0000, 0x28650000)
 tenured generation   total 174784K, used 15210K [0x28ed0000, 0x33980000, 0x33980000)
   the space 174784K,   8% used [0x28ed0000, 0x29daa978, 0x29daaa00, 0x33980000)
 compacting perm gen  total 12288K, used 3122K [0x33980000, 0x34580000, 0x37980000)
   the space 12288K,  25% used [0x33980000, 0x33c8cbe8, 0x33c8cc00, 0x34580000)
    ro space 10240K,  42% used [0x37980000, 0x37dbe580, 0x37dbe600, 0x38380000)
    rw space 12288K,  54% used [0x38380000, 0x389ff128, 0x389ff200, 0x38f80000)
Event: 124.988 GC heap after
Heap after GC invocations=918 (full 20):
 def new generation   total 78656K, used 1K [0x23980000, 0x28ed0000, 0x28ed0000)
  eden space 69952K,   0% used [0x23980000, 0x23980000, 0x27dd0000)
  from space 8704K,   0% used [0x27dd0000, 0x27dd04d0, 0x28650000)
  to   space 8704K,   0% used [0x28650000, 0x28650000, 0x28ed0000)
 tenured generation   total 174784K, used 15210K [0x28ed0000, 0x33980000, 0x33980000)
   the space 174784K,   8% used [0x28ed0000, 0x29daa978, 0x29daaa00, 0x33980000)
 compacting perm gen  total 12288K, used 3122K [0x33980000, 0x34580000, 0x37980000)
   the space 12288K,  25% used [0x33980000, 0x33c8cbe8, 0x33c8cc00, 0x34580000)
    ro space 10240K,  42% used [0x37980000, 0x37dbe580, 0x37dbe600, 0x38380000)
    rw space 12288K,  54% used [0x38380000, 0x389ff128, 0x389ff200, 0x38f80000)
}
Event: 125.016 GC heap before
{Heap before GC invocations=918 (full 20):
 def new generation   total 78656K, used 69953K [0x23980000, 0x28ed0000, 0x28ed0000)
  eden space 69952K, 100% used [0x23980000, 0x27dd0000, 0x27dd0000)
  from space 8704K,   0% used [0x27dd0000, 0x27dd04d0, 0x28650000)
  to   space 8704K,   0% used [0x28650000, 0x28650000, 0x28ed0000)
 tenured generation   total 174784K, used 15210K [0x28ed0000, 0x33980000, 0x33980000)
   the space 174784K,   8% used [0x28ed0000, 0x29daa978, 0x29daaa00, 0x33980000)
 compacting perm gen  total 12288K, used 3122K [0x33980000, 0x34580000, 0x37980000)
   the space 12288K,  25% used [0x33980000, 0x33c8cbe8, 0x33c8cc00, 0x34580000)
    ro space 10240K,  42% used [0x37980000, 0x37dbe580, 0x37dbe600, 0x38380000)
    rw space 12288K,  54% used [0x38380000, 0x389ff128, 0x389ff200, 0x38f80000)
Event: 125.016 GC heap after
Heap after GC invocations=919 (full 20):
 def new generation   total 78656K, used 8K [0x23980000, 0x28ed0000, 0x28ed0000)
  eden space 69952K,   0% used [0x23980000, 0x23980000, 0x27dd0000)
  from space 8704K,   0% used [0x28650000, 0x28652130, 0x28ed0000)
  to   space 8704K,   0% used [0x27dd0000, 0x27dd0000, 0x28650000)
 tenured generation   total 174784K, used 15210K [0x28ed0000, 0x33980000, 0x33980000)
   the space 174784K,   8% used [0x28ed0000, 0x29daa978, 0x29daaa00, 0x33980000)
 compacting perm gen  total 12288K, used 3122K [0x33980000, 0x34580000, 0x37980000)
   the space 12288K,  25% used [0x33980000, 0x33c8cbe8, 0x33c8cc00, 0x34580000)
    ro space 10240K,  42% used [0x37980000, 0x37dbe580, 0x37dbe600, 0x38380000)
    rw space 12288K,  54% used [0x38380000, 0x389ff128, 0x389ff200, 0x38f80000)
}

Deoptimization events (0 events):
No events

Internal exceptions (10 events):
Event: 9.211 Thread 0x16f3c000 Threw 0x27216938 at C:\jdk7u5_32P\jdk7u5\hotspot\src\share\vm\interpreter\interpreterRuntime.cpp:347
Event: 9.211 Thread 0x16f3c000 Threw 0x272177e8 at C:\jdk7u5_32P\jdk7u5\hotspot\src\share\vm\prims\jvm.cpp:1166
Event: 9.212 Thread 0x16f36400 Threw 0x2702e528 at C:\jdk7u5_32P\jdk7u5\hotspot\src\share\vm\prims\jvm.cpp:1166
Event: 9.213 Thread 0x16f36400 Threw 0x270317b8 at C:\jdk7u5_32P\jdk7u5\hotspot\src\share\vm\prims\jvm.cpp:1166
Event: 9.213 Thread 0x16f36400 Threw 0x27034560 at C:\jdk7u5_32P\jdk7u5\hotspot\src\share\vm\prims\jvm.cpp:1166
Event: 9.214 Thread 0x16f36400 Threw 0x27036708 at C:\jdk7u5_32P\jdk7u5\hotspot\src\share\vm\prims\jvm.cpp:1166
Event: 9.214 Thread 0x03e5a000 Threw 0x269934a0 at C:\jdk7u5_32P\jdk7u5\hotspot\src\share\vm\prims\jvm.cpp:1166
Event: 10.891 Thread 0x03e5a800 Threw 0x26b4c568 at C:\jdk7u5_32P\jdk7u5\hotspot\src\share\vm\prims\jvm.cpp:1166
Event: 125.038 Thread 0x03e58800 Threw 0x26c0a300 at C:\jdk7u5_32P\jdk7u5\hotspot\src\share\vm\prims\jvm.cpp:1166
Event: 125.038 Thread 0x03e58800 Threw 0x26ea1050 at C:\jdk7u5_32P\jdk7u5\hotspot\src\share\vm\prims\jvm.cpp:1166

Events (10 events):
Event: 125.033 Thread 0x151ee800 Thread exited: 0x151ee800
Event: 125.033 Thread 0x1514d000 Thread exited: 0x1514d000
Event: 125.033 Thread 0x150b4c00 Thread exited: 0x150b4c00
Event: 125.033 Thread 0x1743c000 Thread exited: 0x1743c000
Event: 125.038 loading class 0x03eda058
Event: 125.038 loading class 0x03eda058 done
Event: 125.038 loading class 0x03f0eba8
Event: 125.038 loading class 0x03f0eba8 done
Event: 125.038 Thread 0x1743c000 Thread added: 0x1743c000
Event: 125.038 Thread 0x1743c000 Thread exited: 0x1743c000


Dynamic libraries:
0x013b0000 - 0x013df000 	C:\Windows\system32\java.exe
0x77d50000 - 0x77e8c000 	C:\Windows\SYSTEM32\ntdll.dll
0x77820000 - 0x778f4000 	C:\Windows\system32\kernel32.dll
0x75f60000 - 0x75faa000 	C:\Windows\system32\KERNELBASE.dll
0x767d0000 - 0x76870000 	C:\Windows\system32\ADVAPI32.dll
0x77590000 - 0x7763c000 	C:\Windows\system32\msvcrt.dll
0x77ea0000 - 0x77eb9000 	C:\Windows\SYSTEM32\sechost.dll
0x77ae0000 - 0x77b81000 	C:\Windows\system32\RPCRT4.dll
0x774c0000 - 0x77589000 	C:\Windows\system32\USER32.dll
0x76300000 - 0x7634e000 	C:\Windows\system32\GDI32.dll
0x761e0000 - 0x761ea000 	C:\Windows\system32\LPK.dll
0x76610000 - 0x766ad000 	C:\Windows\system32\USP10.dll
0x74e20000 - 0x74fbe000 	C:\Windows\WinSxS\x86_microsoft.windows.common-controls_6595b64144ccf1df_6.0.7601.17514_none_41e6975e2bd6f2b2\COMCTL32.dll
0x76290000 - 0x762e7000 	C:\Windows\system32\SHLWAPI.dll
0x77ac0000 - 0x77adf000 	C:\Windows\system32\IMM32.DLL
0x77bf0000 - 0x77cbc000 	C:\Windows\system32\MSCTF.dll
0x61520000 - 0x615de000 	C:\Program Files\Java\jre7\bin\msvcr100.dll
0x60940000 - 0x60c8a000 	C:\Program Files\Java\jre7\bin\client\jvm.dll
0x6d680000 - 0x6d687000 	C:\Windows\system32\WSOCK32.dll
0x76240000 - 0x76275000 	C:\Windows\system32\WS2_32.dll
0x76280000 - 0x76286000 	C:\Windows\system32\NSI.dll
0x74370000 - 0x743a2000 	C:\Windows\system32\WINMM.dll
0x77e90000 - 0x77e95000 	C:\Windows\system32\PSAPI.DLL
0x72360000 - 0x7236c000 	C:\Program Files\Java\jre7\bin\verify.dll
0x6a5d0000 - 0x6a5f0000 	C:\Program Files\Java\jre7\bin\java.dll
0x6a5f0000 - 0x6a603000 	C:\Program Files\Java\jre7\bin\zip.dll
0x6a590000 - 0x6a5a4000 	C:\Program Files\Java\jre7\bin\net.dll
0x75940000 - 0x7597c000 	C:\Windows\system32\mswsock.dll
0x75b10000 - 0x75b16000 	C:\Windows\System32\wship6.dll
0x10000000 - 0x1000c000 	C:\Windows\System32\LibusbJava.dll
0x6a5b0000 - 0x6a5c1000 	C:\Windows\system32\libusb0.dll
0x76470000 - 0x7660d000 	C:\Windows\system32\SETUPAPI.dll
0x76070000 - 0x76097000 	C:\Windows\system32\CFGMGR32.dll
0x77ef0000 - 0x77f7f000 	C:\Windows\system32\OLEAUT32.dll
0x776c0000 - 0x7781c000 	C:\Windows\system32\ole32.dll
0x760a0000 - 0x760b2000 	C:\Windows\system32\DEVOBJ.dll
0x65330000 - 0x6534e000 	C:\Program Files\OpenNI\Bin\OpenNI.jni.dll
0x621b0000 - 0x62200000 	C:\Program Files\OpenNI\Bin\OpenNI.dll
0x76870000 - 0x774ba000 	C:\Windows\system32\SHELL32.dll
0x65350000 - 0x65368000 	C:\Program Files\OpenNI\bin\nimRecorder.dll
0x65120000 - 0x6513a000 	C:\Program Files\OpenNI\bin\nimMockNodes.dll
0x61750000 - 0x61799000 	C:\Program Files\OpenNI\bin\nimCodecs.dll
0x65140000 - 0x65160000 	C:\Program Files\PrimeSense\SensorKinect\Bin\XnDeviceFile.dll
0x74b40000 - 0x74b4b000 	C:\Program Files\PrimeSense\SensorKinect\Bin\XnCore.dll
0x61630000 - 0x616d3000 	C:\Windows\WinSxS\x86_microsoft.vc90.crt_1fc8b3b9a1e18e3b_9.0.30729.6161_none_50934f2ebcb7eb57\MSVCR90.dll
0x63ed0000 - 0x63f08000 	C:\Program Files\PrimeSense\SensorKinect\Bin\XnDDK.dll
0x61e80000 - 0x61ec4000 	C:\Program Files\PrimeSense\SensorKinect\Bin\XnFormats.dll
0x615e0000 - 0x6162f000 	C:\Program Files\PrimeSense\SensorKinect\Bin\XnDeviceSensorV2KM.dll
0x606a0000 - 0x60938000 	C:\Program Files\PrimeSense\NITE\Features_1_3_0\Bin\XnVFeatures_1_3_0.dll
0x61490000 - 0x6151e000 	C:\Windows\WinSxS\x86_microsoft.vc90.crt_1fc8b3b9a1e18e3b_9.0.30729.6161_none_50934f2ebcb7eb57\MSVCP90.dll
0x60450000 - 0x6069f000 	C:\Program Files\PrimeSense\NITE\Features_1_3_1\Bin\XnVFeatures_1_3_1.dll
0x5fe00000 - 0x60019000 	C:\Program Files\PrimeSense\NITE\Features_1_4_1\Bin\XnVFeatures_1_4_1.dll
0x5fbe0000 - 0x5fdf6000 	C:\Program Files\PrimeSense\NITE\Features_1_4_2\Bin\XnVFeatures_1_4_2.dll
0x5f8d0000 - 0x5fbd7000 	C:\Program Files\PrimeSense\NITE\Features_1_5_2\Bin\XnVFeatures_1_5_2.dll
0x5f7f0000 - 0x5f8c7000 	C:\Program Files\PrimeSense\NITE\Hands_1_3_0\Bin\XnVHandGenerator_1_3_0.dll
0x5f710000 - 0x5f7ec000 	C:\Program Files\PrimeSense\NITE\Hands_1_3_1\Bin\XnVHandGenerator_1_3_1.dll
0x5eba0000 - 0x5ec7d000 	C:\Program Files\PrimeSense\NITE\Hands_1_4_1\Bin\XnVHandGenerator_1_4_1.dll
0x5eac0000 - 0x5eb9d000 	C:\Program Files\PrimeSense\NITE\Hands_1_4_2\Bin\XnVHandGenerator_1_4_2.dll
0x5e9d0000 - 0x5eabc000 	C:\Program Files\PrimeSense\NITE\Hands_1_5_2\Bin\XnVHandGenerator_1_5_2.dll
0x74de0000 - 0x74e20000 	C:\Windows\system32\uxtheme.dll
0x76040000 - 0x7606d000 	C:\Windows\system32\WINTRUST.dll
0x760c0000 - 0x761de000 	C:\Windows\system32\CRYPT32.dll
0x75f50000 - 0x75f5c000 	C:\Windows\system32\MSASN1.dll
0x75460000 - 0x75465000 	C:\Windows\System32\wshtcpip.dll
0x75e10000 - 0x75e5c000 	C:\Windows\system32\apphelp.dll
0x74b50000 - 0x74b5f000 	C:\Program Files\Java\jre7\bin\nio.dll
0x5e880000 - 0x5e9c2000 	C:\Program Files\Java\jre7\bin\awt.dll
0x74d30000 - 0x74d43000 	C:\Windows\system32\dwmapi.dll
0x75e60000 - 0x75e6c000 	C:\Windows\system32\CRYPTBASE.dll
0x722f0000 - 0x722f6000 	C:\Program Files\Java\jre7\bin\jawt.dll
0x181b0000 - 0x18283000 	C:\Windows\System32\j3dcore-d3d.dll
0x72aa0000 - 0x72c63000 	C:\Windows\system32\d3d9.dll
0x753c0000 - 0x753c9000 	C:\Windows\system32\VERSION.dll
0x729a0000 - 0x729a6000 	C:\Windows\system32\d3d8thk.dll
0x74530000 - 0x7456c000 	C:\Windows\system32\OLEACC.dll
0x6fda0000 - 0x6fdf1000 	C:\Windows\system32\WINSPOOL.DRV
0x6f8d0000 - 0x6f9bb000 	C:\Windows\system32\dbghelp.dll

VM Arguments:
jvm_args: -Djava 
java_command: SANDRAExecutable.jar 193.156.105.142 7540 kinectJoints gameControl
Launcher Type: SUN_STANDARD

Environment Variables:
CLASSPATH=C:\Program Files\OpenNI\Bin\org.OpenNI.jar
PATH=C:\Program Files\Intel\iCLS Client\;C:\Program Files\AMD APP\bin\x86;C:\Windows\system32;C:\Windows;C:\Windows\System32\Wbem;C:\Windows\System32\WindowsPowerShell\v1.0\;C:\Program Files\ATI Technologies\ATI.ACE\Core-Static;C:\Users\norut\AppData\Roaming\npm;C:\Program Files\nodejs\;C:\Program Files\Intel\Intel(R) Management Engine Components\DAL;C:\Program Files\Intel\Intel(R) Management Engine Components\IPT;C:\Program Files\OpenNI\Bin;C:\Program Files\PrimeSense\NITE\bin;C:\Program Files\AMD APP\bin\x86;C:\Windows\system32;C:\Windows;C:\Windows\System32\Wbem;C:\Windows\System32\WindowsPowerShell\v1.0\;C:\Program Files\ATI Technologies\ATI.ACE\Core-Static;C:\Program Files\nodejs
USERNAME=norut
OS=Windows_NT
PROCESSOR_IDENTIFIER=x86 Family 6 Model 58 Stepping 9, GenuineIntel



---------------  S Y S T E M  ---------------

OS: Windows 7 Build 7601 Service Pack 1

CPU:total 4 (4 cores per cpu, 1 threads per core) family 6 model 58 stepping 9, cmov, cx8, fxsr, mmx, sse, sse2, sse3, ssse3, sse4.1, sse4.2, popcnt, avx, tsc, tscinvbit, tscinv

Memory: 4k page, physical 3638896k(1623816k free), swap 7276036k(5007600k free)

vm_info: Java HotSpot(TM) Client VM (23.1-b03) for windows-x86 JRE (1.7.0_05-b05), built on May 15 2012 18:11:27 by "java_re" with unknown MS VC++:1600

time: Mon Jul 16 15:43:02 2012
elapsed time: 125 seconds

