#
# A fatal error has been detected by the Java Runtime Environment:
#
#  EXCEPTION_ACCESS_VIOLATION (0xc0000005) at pc=0x65126c8b, pid=7432, tid=7728
#
# JRE version: 7.0_05-b05
# Java VM: Java HotSpot(TM) Client VM (23.1-b03 mixed mode, sharing windows-x86 )
# Problematic frame:
# C  [OpenNI.jni.dll+0x6c8b]  Java_org_OpenNI_NativeMethods_xnUnregisterUserCallbacks+0x1b
#
# Failed to write core dump. Minidumps are not enabled by default on client versions of Windows
#
# If you would like to submit a bug report, please visit:
#   http://bugreport.sun.com/bugreport/crash.jsp
# The crash happened outside the Java Virtual Machine in native code.
# See problematic frame for where to report the bug.
#

---------------  T H R E A D  ---------------

Current thread (0x05ed2400):  JavaThread "Thread-1" [_thread_in_native, id=7728, stack(0x0feb0000,0x0ff00000)]

siginfo: ExceptionCode=0xc0000005, reading address 0x19c11939

Registers:
EAX=0x00b6b528, EBX=0x33a4eae8, ECX=0x00cd2720, EDX=0x19c118e1
ESP=0x0feff180, EBP=0x0feff1d4, ESI=0x05cd7a20, EDI=0x05ed2400
EIP=0x65126c8b, EFLAGS=0x00010206

Top of Stack: (sp=0x0feff180)
0x0feff180:   0414ed50 05cd7a60 33a4eae8 01c6a707
0x0feff190:   05ed2528 0feff1dc 0414ed50 00000000
0x0feff1a0:   05cd7a20 00000000 0feff1f8 00cf8fb4
0x0feff1b0:   00cf8fb4 0feff1b4 00000000 0feff1f0
0x0feff1c0:   33a528e0 00000000 33a4eae8 00000000
0x0feff1d0:   0feff1e4 0feff214 01c632c7 28ed03d8
0x0feff1e0:   01c68989 05cd7a20 00000000 0414ed50
0x0feff1f0:   00000000 0feff1f4 33a597f8 0feff224 

Instructions: (pc=0x65126c8b)
0x65126c6b:   cc cc cc cc cc 8b 4c 24 0c 56 8b 74 24 18 8b 46
0x65126c7b:   10 50 51 ff 15 64 b4 12 65 8b 06 8b 4e 08 8b 10
0x65126c8b:   8b 52 58 83 c4 08 51 50 ff d2 56 ff 15 84 b0 12
0x65126c9b:   65 83 c4 04 5e c2 18 00 cc cc cc cc cc cc cc cc 


Register to memory mapping:

EAX=0x00b6b528 is an unknown value
EBX=0x33a4eae8 is an oop
{method} 
 - klass: {other class}
ECX=0x00cd2720 is a global jni handle
EDX=0x19c118e1 is an unknown value
ESP=0x0feff180 is pointing into the stack for thread: 0x05ed2400
EBP=0x0feff1d4 is pointing into the stack for thread: 0x05ed2400
ESI=0x05cd7a20 is an unknown value
EDI=0x05ed2400 is a thread


Stack: [0x0feb0000,0x0ff00000],  sp=0x0feff180,  free space=316k
Native frames: (J=compiled Java code, j=interpreted, Vv=VM code, C=native code)
C  [OpenNI.jni.dll+0x6c8b]  Java_org_OpenNI_NativeMethods_xnUnregisterUserCallbacks+0x1b
j  org.OpenNI.UserGenerator$2.unregisterNative(J)V+8
j  org.OpenNI.Observable.deleteObserver(Lorg/OpenNI/IObserver;)V+24
j  KinectPackage.SkeletonManager.reset()V+27
j  KinectPackage.SkeletonManager.access$8(LKinectPackage/SkeletonManager;)V+1
j  KinectPackage.SkeletonManager$LostUserObserver.update(Lorg/OpenNI/IObservable;Lorg/OpenNI/UserEventArgs;)V+183
j  KinectPackage.SkeletonManager$LostUserObserver.update(Lorg/OpenNI/IObservable;Ljava/lang/Object;)V+9
j  org.OpenNI.Observable.notify(Ljava/lang/Object;)V+30
j  org.OpenNI.UserGenerator$2.callback(I)V+9
v  ~StubRoutines::call_stub
V  [jvm.dll+0x12964a]
V  [jvm.dll+0x1d851e]
V  [jvm.dll+0x1296cd]
V  [jvm.dll+0xae4da]
V  [jvm.dll+0xb1d93]
C  [OpenNI.jni.dll+0x10ea]  JNI_OnUnload+0x6a
C  [XnVFeatures_1_5_2.dll+0x959a8]  xnModuleGetOpenNIVersion+0x57988
C  [XnVFeatures_1_5_2.dll+0x7b5d8]  xnModuleGetOpenNIVersion+0x3d5b8
C  [XnVFeatures_1_5_2.dll+0xb1538]  xnModuleGetOpenNIVersion+0x73518
C  [XnVFeatures_1_5_2.dll+0x95266]  xnModuleGetOpenNIVersion+0x57246
C  [OpenNI.jni.dll+0x2eab]  Java_org_OpenNI_NativeMethods_xnWaitAnyUpdateAll+0xb
J  org.OpenNI.Context.waitAnyUpdateAll()V
j  java.lang.Thread.run()V+11
v  ~StubRoutines::call_stub
V  [jvm.dll+0x12964a]
V  [jvm.dll+0x1d851e]
V  [jvm.dll+0x129833]
V  [jvm.dll+0x129897]
V  [jvm.dll+0xd24af]
V  [jvm.dll+0x149977]
V  [jvm.dll+0x149ae0]
V  [jvm.dll+0x17e049]
C  [msvcr100.dll+0x5c6de]  endthreadex+0x3a
C  [msvcr100.dll+0x5c788]  endthreadex+0xe4
C  [kernel32.dll+0x4ed6c]  BaseThreadInitThunk+0x12
C  [ntdll.dll+0x6377b]  RtlInitializeExceptionChain+0xef
C  [ntdll.dll+0x6374e]  RtlInitializeExceptionChain+0xc2

Java frames: (J=compiled Java code, j=interpreted, Vv=VM code)
j  org.OpenNI.NativeMethods.xnUnregisterUserCallbacks(JJ)V+0
j  org.OpenNI.UserGenerator$2.unregisterNative(J)V+8
j  org.OpenNI.Observable.deleteObserver(Lorg/OpenNI/IObserver;)V+24
j  KinectPackage.SkeletonManager.reset()V+27
j  KinectPackage.SkeletonManager.access$8(LKinectPackage/SkeletonManager;)V+1
j  KinectPackage.SkeletonManager$LostUserObserver.update(Lorg/OpenNI/IObservable;Lorg/OpenNI/UserEventArgs;)V+183
j  KinectPackage.SkeletonManager$LostUserObserver.update(Lorg/OpenNI/IObservable;Ljava/lang/Object;)V+9
j  org.OpenNI.Observable.notify(Ljava/lang/Object;)V+30
j  org.OpenNI.UserGenerator$2.callback(I)V+9
v  ~StubRoutines::call_stub
J  org.OpenNI.NativeMethods.xnWaitAnyUpdateAll(J)I
J  org.OpenNI.Context.waitAnyUpdateAll()V
j  KinectPackage.KinectManager.run()V+12
j  java.lang.Thread.run()V+11
v  ~StubRoutines::call_stub

---------------  P R O C E S S  ---------------

Java Threads: ( => current thread )
  0x162ed800 JavaThread "DestroyJavaVM" [_thread_blocked, id=8816, stack(0x00bd0000,0x00c20000)]
  0x162ed400 JavaThread "Thread-20" [_thread_in_Java, id=1364, stack(0x03ea0000,0x03ef0000)]
  0x162ecc00 JavaThread "Thread-6" [_thread_in_Java, id=10192, stack(0x171b0000,0x17200000)]
  0x162ec400 JavaThread "Thread-5" [_thread_in_native, id=5348, stack(0x172f0000,0x17340000)]
  0x162ec000 JavaThread "AWT-Windows" daemon [_thread_in_native, id=9072, stack(0x0ffa0000,0x0fff0000)]
  0x1633c400 JavaThread "Java2D Disposer" daemon [_thread_blocked, id=8872, stack(0x04420000,0x04470000)]
=>0x05ed2400 JavaThread "Thread-1" [_thread_in_native, id=7728, stack(0x0feb0000,0x0ff00000)]
  0x00cf6c00 JavaThread "Service Thread" daemon [_thread_blocked, id=7260, stack(0x03df0000,0x03e40000)]
  0x00cf1c00 JavaThread "C1 CompilerThread0" daemon [_thread_blocked, id=6348, stack(0x03e50000,0x03ea0000)]
  0x00cf0800 JavaThread "Attach Listener" daemon [_thread_blocked, id=916, stack(0x03cb0000,0x03d00000)]
  0x00ceb400 JavaThread "Signal Dispatcher" daemon [_thread_blocked, id=2364, stack(0x00f00000,0x00f50000)]
  0x00cd4000 JavaThread "Finalizer" daemon [_thread_blocked, id=3208, stack(0x00e60000,0x00eb0000)]
  0x00cd2800 JavaThread "Reference Handler" daemon [_thread_blocked, id=10160, stack(0x00fd0000,0x01020000)]

Other Threads:
  0x00cd1400 VMThread [stack: 0x00e10000,0x00e60000] [id=8720]
  0x00d11c00 WatcherThread [stack: 0x03f00000,0x03f50000] [id=7588]

VM state:not at safepoint (normal execution)

VM Mutex/Monitor currently owned by a thread: None

Heap
 def new generation   total 78656K, used 57927K [0x23980000, 0x28ed0000, 0x28ed0000)
  eden space 69952K,  82% used [0x23980000, 0x27210890, 0x27dd0000)
  from space 8704K,   0% used [0x27dd0000, 0x27dd1458, 0x28650000)
  to   space 8704K,   0% used [0x28650000, 0x28650000, 0x28ed0000)
 tenured generation   total 174784K, used 9780K [0x28ed0000, 0x33980000, 0x33980000)
   the space 174784K,   5% used [0x28ed0000, 0x2985d1e8, 0x2985d200, 0x33980000)
 compacting perm gen  total 12288K, used 3124K [0x33980000, 0x34580000, 0x37980000)
   the space 12288K,  25% used [0x33980000, 0x33c8d058, 0x33c8d200, 0x34580000)
    ro space 10240K,  42% used [0x37980000, 0x37dbe580, 0x37dbe600, 0x38380000)
    rw space 12288K,  54% used [0x38380000, 0x389ff128, 0x389ff200, 0x38f80000)

Code Cache  [0x01c60000, 0x01e20000, 0x03c60000)
 total_blobs=1104 nmethods=814 adapters=225 free_code_cache=30983Kb largest_free_block=31726592

Compilation events (10 events):
Event: 37.320 Thread 0x00cf1c00  804             java.lang.ThreadLocal::createMap (14 bytes)
Event: 37.320 Thread 0x00cf1c00 nmethod 804 0x01e1d808 code [0x01e1d910, 0x01e1da0c]
Event: 38.479 Thread 0x00cf1c00  805             KinectPackage.KinectData::<init> (15 bytes)
Event: 38.479 Thread 0x00cf1c00 nmethod 805 0x01e1dac8 code [0x01e1dbc0, 0x01e1dc60]
Event: 38.479 Thread 0x00cf1c00  806             KinectPackage.KinectData::setMotorCommunicator (6 bytes)
Event: 38.479 Thread 0x00cf1c00 nmethod 806 0x01e1dcc8 code [0x01e1ddc0, 0x01e1de50]
Event: 38.479 Thread 0x00cf1c00  807             KinectPackage.KinectData::setSkeletonManager (6 bytes)
Event: 38.479 Thread 0x00cf1c00 nmethod 807 0x01e1de88 code [0x01e1df80, 0x01e1e010]
Event: 39.479 Thread 0x00cf1c00  808  s          sun.misc.FloatingDecimal$1::initialValue (5 bytes)
Event: 39.479 Thread 0x00cf1c00 nmethod 808 0x01e1e048 code [0x01e1e140, 0x01e1e380]

GC Heap History (10 events):
Event: 59.643 GC heap before
{Heap before GC invocations=710 (full 12):
 def new generation   total 78656K, used 69959K [0x23980000, 0x28ed0000, 0x28ed0000)
  eden space 69952K, 100% used [0x23980000, 0x27dd0000, 0x27dd0000)
  from space 8704K,   0% used [0x27dd0000, 0x27dd1e08, 0x28650000)
  to   space 8704K,   0% used [0x28650000, 0x28650000, 0x28ed0000)
 tenured generation   total 174784K, used 9780K [0x28ed0000, 0x33980000, 0x33980000)
   the space 174784K,   5% used [0x28ed0000, 0x2985d1e8, 0x2985d200, 0x33980000)
 compacting perm gen  total 12288K, used 3121K [0x33980000, 0x34580000, 0x37980000)
   the space 12288K,  25% used [0x33980000, 0x33c8c728, 0x33c8c800, 0x34580000)
    ro space 10240K,  42% used [0x37980000, 0x37dbe580, 0x37dbe600, 0x38380000)
    rw space 12288K,  54% used [0x38380000, 0x389ff128, 0x389ff200, 0x38f80000)
Event: 59.644 GC heap after
Heap after GC invocations=711 (full 12):
 def new generation   total 78656K, used 6K [0x23980000, 0x28ed0000, 0x28ed0000)
  eden space 69952K,   0% used [0x23980000, 0x23980000, 0x27dd0000)
  from space 8704K,   0% used [0x28650000, 0x28651b88, 0x28ed0000)
  to   space 8704K,   0% used [0x27dd0000, 0x27dd0000, 0x28650000)
 tenured generation   total 174784K, used 9780K [0x28ed0000, 0x33980000, 0x33980000)
   the space 174784K,   5% used [0x28ed0000, 0x2985d1e8, 0x2985d200, 0x33980000)
 compacting perm gen  total 12288K, used 3121K [0x33980000, 0x34580000, 0x37980000)
   the space 12288K,  25% used [0x33980000, 0x33c8c728, 0x33c8c800, 0x34580000)
    ro space 10240K,  42% used [0x37980000, 0x37dbe580, 0x37dbe600, 0x38380000)
    rw space 12288K,  54% used [0x38380000, 0x389ff128, 0x389ff200, 0x38f80000)
}
Event: 59.672 GC heap before
{Heap before GC invocations=711 (full 12):
 def new generation   total 78656K, used 69958K [0x23980000, 0x28ed0000, 0x28ed0000)
  eden space 69952K, 100% used [0x23980000, 0x27dd0000, 0x27dd0000)
  from space 8704K,   0% used [0x28650000, 0x28651b88, 0x28ed0000)
  to   space 8704K,   0% used [0x27dd0000, 0x27dd0000, 0x28650000)
 tenured generation   total 174784K, used 9780K [0x28ed0000, 0x33980000, 0x33980000)
   the space 174784K,   5% used [0x28ed0000, 0x2985d1e8, 0x2985d200, 0x33980000)
 compacting perm gen  total 12288K, used 3121K [0x33980000, 0x34580000, 0x37980000)
   the space 12288K,  25% used [0x33980000, 0x33c8c728, 0x33c8c800, 0x34580000)
    ro space 10240K,  42% used [0x37980000, 0x37dbe580, 0x37dbe600, 0x38380000)
    rw space 12288K,  54% used [0x38380000, 0x389ff128, 0x389ff200, 0x38f80000)
Event: 59.673 GC heap after
Heap after GC invocations=712 (full 12):
 def new generation   total 78656K, used 0K [0x23980000, 0x28ed0000, 0x28ed0000)
  eden space 69952K,   0% used [0x23980000, 0x23980000, 0x27dd0000)
  from space 8704K,   0% used [0x27dd0000, 0x27dd03f0, 0x28650000)
  to   space 8704K,   0% used [0x28650000, 0x28650000, 0x28ed0000)
 tenured generation   total 174784K, used 9780K [0x28ed0000, 0x33980000, 0x33980000)
   the space 174784K,   5% used [0x28ed0000, 0x2985d1e8, 0x2985d200, 0x33980000)
 compacting perm gen  total 12288K, used 3121K [0x33980000, 0x34580000, 0x37980000)
   the space 12288K,  25% used [0x33980000, 0x33c8c728, 0x33c8c800, 0x34580000)
    ro space 10240K,  42% used [0x37980000, 0x37dbe580, 0x37dbe600, 0x38380000)
    rw space 12288K,  54% used [0x38380000, 0x389ff128, 0x389ff200, 0x38f80000)
}
Event: 59.700 GC heap before
{Heap before GC invocations=712 (full 12):
 def new generation   total 78656K, used 69952K [0x23980000, 0x28ed0000, 0x28ed0000)
  eden space 69952K, 100% used [0x23980000, 0x27dd0000, 0x27dd0000)
  from space 8704K,   0% used [0x27dd0000, 0x27dd03f0, 0x28650000)
  to   space 8704K,   0% used [0x28650000, 0x28650000, 0x28ed0000)
 tenured generation   total 174784K, used 9780K [0x28ed0000, 0x33980000, 0x33980000)
   the space 174784K,   5% used [0x28ed0000, 0x2985d1e8, 0x2985d200, 0x33980000)
 compacting perm gen  total 12288K, used 3121K [0x33980000, 0x34580000, 0x37980000)
   the space 12288K,  25% used [0x33980000, 0x33c8c728, 0x33c8c800, 0x34580000)
    ro space 10240K,  42% used [0x37980000, 0x37dbe580, 0x37dbe600, 0x38380000)
    rw space 12288K,  54% used [0x38380000, 0x389ff128, 0x389ff200, 0x38f80000)
Event: 59.701 GC heap after
Heap after GC invocations=713 (full 12):
 def new generation   total 78656K, used 1K [0x23980000, 0x28ed0000, 0x28ed0000)
  eden space 69952K,   0% used [0x23980000, 0x23980000, 0x27dd0000)
  from space 8704K,   0% used [0x28650000, 0x286504b0, 0x28ed0000)
  to   space 8704K,   0% used [0x27dd0000, 0x27dd0000, 0x28650000)
 tenured generation   total 174784K, used 9780K [0x28ed0000, 0x33980000, 0x33980000)
   the space 174784K,   5% used [0x28ed0000, 0x2985d1e8, 0x2985d200, 0x33980000)
 compacting perm gen  total 12288K, used 3121K [0x33980000, 0x34580000, 0x37980000)
   the space 12288K,  25% used [0x33980000, 0x33c8c728, 0x33c8c800, 0x34580000)
    ro space 10240K,  42% used [0x37980000, 0x37dbe580, 0x37dbe600, 0x38380000)
    rw space 12288K,  54% used [0x38380000, 0x389ff128, 0x389ff200, 0x38f80000)
}
Event: 59.728 GC heap before
{Heap before GC invocations=713 (full 12):
 def new generation   total 78656K, used 69953K [0x23980000, 0x28ed0000, 0x28ed0000)
  eden space 69952K, 100% used [0x23980000, 0x27dd0000, 0x27dd0000)
  from space 8704K,   0% used [0x28650000, 0x286504b0, 0x28ed0000)
  to   space 8704K,   0% used [0x27dd0000, 0x27dd0000, 0x28650000)
 tenured generation   total 174784K, used 9780K [0x28ed0000, 0x33980000, 0x33980000)
   the space 174784K,   5% used [0x28ed0000, 0x2985d1e8, 0x2985d200, 0x33980000)
 compacting perm gen  total 12288K, used 3121K [0x33980000, 0x34580000, 0x37980000)
   the space 12288K,  25% used [0x33980000, 0x33c8c728, 0x33c8c800, 0x34580000)
    ro space 10240K,  42% used [0x37980000, 0x37dbe580, 0x37dbe600, 0x38380000)
    rw space 12288K,  54% used [0x38380000, 0x389ff128, 0x389ff200, 0x38f80000)
Event: 59.729 GC heap after
Heap after GC invocations=714 (full 12):
 def new generation   total 78656K, used 1K [0x23980000, 0x28ed0000, 0x28ed0000)
  eden space 69952K,   0% used [0x23980000, 0x23980000, 0x27dd0000)
  from space 8704K,   0% used [0x27dd0000, 0x27dd0478, 0x28650000)
  to   space 8704K,   0% used [0x28650000, 0x28650000, 0x28ed0000)
 tenured generation   total 174784K, used 9780K [0x28ed0000, 0x33980000, 0x33980000)
   the space 174784K,   5% used [0x28ed0000, 0x2985d1e8, 0x2985d200, 0x33980000)
 compacting perm gen  total 12288K, used 3121K [0x33980000, 0x34580000, 0x37980000)
   the space 12288K,  25% used [0x33980000, 0x33c8c728, 0x33c8c800, 0x34580000)
    ro space 10240K,  42% used [0x37980000, 0x37dbe580, 0x37dbe600, 0x38380000)
    rw space 12288K,  54% used [0x38380000, 0x389ff128, 0x389ff200, 0x38f80000)
}
Event: 59.757 GC heap before
{Heap before GC invocations=714 (full 12):
 def new generation   total 78656K, used 69953K [0x23980000, 0x28ed0000, 0x28ed0000)
  eden space 69952K, 100% used [0x23980000, 0x27dd0000, 0x27dd0000)
  from space 8704K,   0% used [0x27dd0000, 0x27dd0478, 0x28650000)
  to   space 8704K,   0% used [0x28650000, 0x28650000, 0x28ed0000)
 tenured generation   total 174784K, used 9780K [0x28ed0000, 0x33980000, 0x33980000)
   the space 174784K,   5% used [0x28ed0000, 0x2985d1e8, 0x2985d200, 0x33980000)
 compacting perm gen  total 12288K, used 3121K [0x33980000, 0x34580000, 0x37980000)
   the space 12288K,  25% used [0x33980000, 0x33c8c728, 0x33c8c800, 0x34580000)
    ro space 10240K,  42% used [0x37980000, 0x37dbe580, 0x37dbe600, 0x38380000)
    rw space 12288K,  54% used [0x38380000, 0x389ff128, 0x389ff200, 0x38f80000)
Event: 59.757 GC heap after
Heap after GC invocations=715 (full 12):
 def new generation   total 78656K, used 0K [0x23980000, 0x28ed0000, 0x28ed0000)
  eden space 69952K,   0% used [0x23980000, 0x23980000, 0x27dd0000)
  from space 8704K,   0% used [0x28650000, 0x28650368, 0x28ed0000)
  to   space 8704K,   0% used [0x27dd0000, 0x27dd0000, 0x28650000)
 tenured generation   total 174784K, used 9780K [0x28ed0000, 0x33980000, 0x33980000)
   the space 174784K,   5% used [0x28ed0000, 0x2985d1e8, 0x2985d200, 0x33980000)
 compacting perm gen  total 12288K, used 3121K [0x33980000, 0x34580000, 0x37980000)
   the space 12288K,  25% used [0x33980000, 0x33c8c728, 0x33c8c800, 0x34580000)
    ro space 10240K,  42% used [0x37980000, 0x37dbe580, 0x37dbe600, 0x38380000)
    rw space 12288K,  54% used [0x38380000, 0x389ff128, 0x389ff200, 0x38f80000)
}

Deoptimization events (0 events):
No events

Internal exceptions (10 events):
Event: 5.002 Thread 0x162ecc00 Threw 0x2556f6c8 at C:\jdk7u5_32P\jdk7u5\hotspot\src\share\vm\prims\jvm.cpp:1166
Event: 5.002 Thread 0x162ecc00 Threw 0x25571218 at C:\jdk7u5_32P\jdk7u5\hotspot\src\share\vm\prims\jvm.cpp:1166
Event: 5.003 Thread 0x162ecc00 Threw 0x25572fe0 at C:\jdk7u5_32P\jdk7u5\hotspot\src\share\vm\prims\jvm.cpp:1166
Event: 5.003 Thread 0x162ecc00 Threw 0x25574a80 at C:\jdk7u5_32P\jdk7u5\hotspot\src\share\vm\prims\jvm.cpp:1166
Event: 5.003 Thread 0x162ecc00 Threw 0x25576560 at C:\jdk7u5_32P\jdk7u5\hotspot\src\share\vm\prims\jvm.cpp:1166
Event: 5.003 Thread 0x162ecc00 Threw 0x25578108 at C:\jdk7u5_32P\jdk7u5\hotspot\src\share\vm\prims\jvm.cpp:1166
Event: 5.008 Thread 0x16394400 Threw 0x25cd4af8 at C:\jdk7u5_32P\jdk7u5\hotspot\src\share\vm\prims\jvm.cpp:1166
Event: 7.526 Thread 0x162ec400 Threw 0x24f57560 at C:\jdk7u5_32P\jdk7u5\hotspot\src\share\vm\prims\jvm.cpp:1166
Event: 59.785 Thread 0x05ed2400 Threw 0x27862c50 at C:\jdk7u5_32P\jdk7u5\hotspot\src\share\vm\prims\jvm.cpp:1166
Event: 59.785 Thread 0x05ed2400 Threw 0x27c52bc0 at C:\jdk7u5_32P\jdk7u5\hotspot\src\share\vm\prims\jvm.cpp:1166

Events (10 events):
Event: 59.755 Thread 0x16349000 Thread exited: 0x16349000
Event: 59.755 Thread 0x16343800 Thread exited: 0x16343800
Event: 59.757 Executing VM operation: GenCollectForAllocation
Event: 59.757 Executing VM operation: GenCollectForAllocation done
Event: 59.785 loading class 0x03fbfb10
Event: 59.785 loading class 0x03fbfb10 done
Event: 59.785 loading class 0x03ff6bb0
Event: 59.785 loading class 0x03ff6bb0 done
Event: 59.786 Thread 0x03fc9400 Thread added: 0x03fc9400
Event: 59.786 Thread 0x03fc9400 Thread exited: 0x03fc9400


Dynamic libraries:
0x01030000 - 0x0105f000 	C:\Windows\system32\java.exe
0x77d50000 - 0x77e8c000 	C:\Windows\SYSTEM32\ntdll.dll
0x77820000 - 0x778f4000 	C:\Windows\system32\kernel32.dll
0x75f60000 - 0x75faa000 	C:\Windows\system32\KERNELBASE.dll
0x767d0000 - 0x76870000 	C:\Windows\system32\ADVAPI32.dll
0x77590000 - 0x7763c000 	C:\Windows\system32\msvcrt.dll
0x77ea0000 - 0x77eb9000 	C:\Windows\SYSTEM32\sechost.dll
0x77ae0000 - 0x77b81000 	C:\Windows\system32\RPCRT4.dll
0x774c0000 - 0x77589000 	C:\Windows\system32\USER32.dll
0x76300000 - 0x7634e000 	C:\Windows\system32\GDI32.dll
0x761e0000 - 0x761ea000 	C:\Windows\system32\LPK.dll
0x76610000 - 0x766ad000 	C:\Windows\system32\USP10.dll
0x74e20000 - 0x74fbe000 	C:\Windows\WinSxS\x86_microsoft.windows.common-controls_6595b64144ccf1df_6.0.7601.17514_none_41e6975e2bd6f2b2\COMCTL32.dll
0x76290000 - 0x762e7000 	C:\Windows\system32\SHLWAPI.dll
0x77ac0000 - 0x77adf000 	C:\Windows\system32\IMM32.DLL
0x77bf0000 - 0x77cbc000 	C:\Windows\system32\MSCTF.dll
0x62010000 - 0x620ce000 	C:\Program Files\Java\jre7\bin\msvcr100.dll
0x61710000 - 0x61a5a000 	C:\Program Files\Java\jre7\bin\client\jvm.dll
0x6d680000 - 0x6d687000 	C:\Windows\system32\WSOCK32.dll
0x76240000 - 0x76275000 	C:\Windows\system32\WS2_32.dll
0x76280000 - 0x76286000 	C:\Windows\system32\NSI.dll
0x74370000 - 0x743a2000 	C:\Windows\system32\WINMM.dll
0x77e90000 - 0x77e95000 	C:\Windows\system32\PSAPI.DLL
0x722f0000 - 0x722fc000 	C:\Program Files\Java\jre7\bin\verify.dll
0x6a5a0000 - 0x6a5c0000 	C:\Program Files\Java\jre7\bin\java.dll
0x6ee40000 - 0x6ee53000 	C:\Program Files\Java\jre7\bin\zip.dll
0x665f0000 - 0x66604000 	C:\Program Files\Java\jre7\bin\net.dll
0x75940000 - 0x7597c000 	C:\Windows\system32\mswsock.dll
0x75b10000 - 0x75b16000 	C:\Windows\System32\wship6.dll
0x10000000 - 0x1000c000 	C:\Windows\System32\LibusbJava.dll
0x66610000 - 0x66621000 	C:\Windows\system32\libusb0.dll
0x76470000 - 0x7660d000 	C:\Windows\system32\SETUPAPI.dll
0x76070000 - 0x76097000 	C:\Windows\system32\CFGMGR32.dll
0x77ef0000 - 0x77f7f000 	C:\Windows\system32\OLEAUT32.dll
0x776c0000 - 0x7781c000 	C:\Windows\system32\ole32.dll
0x760a0000 - 0x760b2000 	C:\Windows\system32\DEVOBJ.dll
0x65120000 - 0x6513e000 	C:\Program Files\OpenNI\Bin\OpenNI.jni.dll
0x61fc0000 - 0x62010000 	C:\Program Files\OpenNI\Bin\OpenNI.dll
0x76870000 - 0x774ba000 	C:\Windows\system32\SHELL32.dll
0x65350000 - 0x65368000 	C:\Program Files\OpenNI\bin\nimRecorder.dll
0x65330000 - 0x6534a000 	C:\Program Files\OpenNI\bin\nimMockNodes.dll
0x63d60000 - 0x63da9000 	C:\Program Files\OpenNI\bin\nimCodecs.dll
0x65140000 - 0x65160000 	C:\Program Files\PrimeSense\SensorKinect\Bin\XnDeviceFile.dll
0x74b50000 - 0x74b5b000 	C:\Program Files\PrimeSense\SensorKinect\Bin\XnCore.dll
0x61f10000 - 0x61fb3000 	C:\Windows\WinSxS\x86_microsoft.vc90.crt_1fc8b3b9a1e18e3b_9.0.30729.6161_none_50934f2ebcb7eb57\MSVCR90.dll
0x63ed0000 - 0x63f08000 	C:\Program Files\PrimeSense\SensorKinect\Bin\XnDDK.dll
0x61ec0000 - 0x61f04000 	C:\Program Files\PrimeSense\SensorKinect\Bin\XnFormats.dll
0x61d00000 - 0x61d4f000 	C:\Program Files\PrimeSense\SensorKinect\Bin\XnDeviceSensorV2KM.dll
0x61a60000 - 0x61cf8000 	C:\Program Files\PrimeSense\NITE\Features_1_3_0\Bin\XnVFeatures_1_3_0.dll
0x62550000 - 0x625de000 	C:\Windows\WinSxS\x86_microsoft.vc90.crt_1fc8b3b9a1e18e3b_9.0.30729.6161_none_50934f2ebcb7eb57\MSVCP90.dll
0x61410000 - 0x6165f000 	C:\Program Files\PrimeSense\NITE\Features_1_3_1\Bin\XnVFeatures_1_3_1.dll
0x60850000 - 0x60a69000 	C:\Program Files\PrimeSense\NITE\Features_1_4_1\Bin\XnVFeatures_1_4_1.dll
0x60a70000 - 0x60c86000 	C:\Program Files\PrimeSense\NITE\Features_1_4_2\Bin\XnVFeatures_1_4_2.dll
0x5fd10000 - 0x60017000 	C:\Program Files\PrimeSense\NITE\Features_1_5_2\Bin\XnVFeatures_1_5_2.dll
0x60770000 - 0x60847000 	C:\Program Files\PrimeSense\NITE\Hands_1_3_0\Bin\XnVHandGenerator_1_3_0.dll
0x60690000 - 0x6076c000 	C:\Program Files\PrimeSense\NITE\Hands_1_3_1\Bin\XnVHandGenerator_1_3_1.dll
0x605b0000 - 0x6068d000 	C:\Program Files\PrimeSense\NITE\Hands_1_4_1\Bin\XnVHandGenerator_1_4_1.dll
0x604d0000 - 0x605ad000 	C:\Program Files\PrimeSense\NITE\Hands_1_4_2\Bin\XnVHandGenerator_1_4_2.dll
0x603e0000 - 0x604cc000 	C:\Program Files\PrimeSense\NITE\Hands_1_5_2\Bin\XnVHandGenerator_1_5_2.dll
0x74de0000 - 0x74e20000 	C:\Windows\system32\uxtheme.dll
0x76040000 - 0x7606d000 	C:\Windows\system32\WINTRUST.dll
0x760c0000 - 0x761de000 	C:\Windows\system32\CRYPT32.dll
0x75f50000 - 0x75f5c000 	C:\Windows\system32\MSASN1.dll
0x75460000 - 0x75465000 	C:\Windows\System32\wshtcpip.dll
0x75e10000 - 0x75e5c000 	C:\Windows\system32\apphelp.dll
0x74b40000 - 0x74b4f000 	C:\Program Files\Java\jre7\bin\nio.dll
0x5fa70000 - 0x5fbb2000 	C:\Program Files\Java\jre7\bin\awt.dll
0x74d30000 - 0x74d43000 	C:\Windows\system32\dwmapi.dll
0x75e60000 - 0x75e6c000 	C:\Windows\system32\CRYPTBASE.dll
0x71f00000 - 0x71f06000 	C:\Program Files\Java\jre7\bin\jawt.dll
0x16ff0000 - 0x170c3000 	C:\Windows\System32\j3dcore-d3d.dll
0x72aa0000 - 0x72c63000 	C:\Windows\system32\d3d9.dll
0x753c0000 - 0x753c9000 	C:\Windows\system32\VERSION.dll
0x729a0000 - 0x729a6000 	C:\Windows\system32\d3d8thk.dll
0x74530000 - 0x7456c000 	C:\Windows\system32\OLEACC.dll
0x6fda0000 - 0x6fdf1000 	C:\Windows\system32\WINSPOOL.DRV
0x6f8d0000 - 0x6f9bb000 	C:\Windows\system32\dbghelp.dll

VM Arguments:
jvm_args: -Djava 
java_command: SANDRAExecutable.jar 193.156.105.142 7540 kinectJoints gameControl
Launcher Type: SUN_STANDARD

Environment Variables:
CLASSPATH=C:\Program Files\OpenNI\Bin\org.OpenNI.jar
PATH=C:\Program Files\Intel\iCLS Client\;C:\Program Files\AMD APP\bin\x86;C:\Windows\system32;C:\Windows;C:\Windows\System32\Wbem;C:\Windows\System32\WindowsPowerShell\v1.0\;C:\Program Files\ATI Technologies\ATI.ACE\Core-Static;C:\Users\norut\AppData\Roaming\npm;C:\Program Files\nodejs\;C:\Program Files\Intel\Intel(R) Management Engine Components\DAL;C:\Program Files\Intel\Intel(R) Management Engine Components\IPT;C:\Program Files\OpenNI\Bin;C:\Program Files\PrimeSense\NITE\bin;C:\Program Files\AMD APP\bin\x86;C:\Windows\system32;C:\Windows;C:\Windows\System32\Wbem;C:\Windows\System32\WindowsPowerShell\v1.0\;C:\Program Files\ATI Technologies\ATI.ACE\Core-Static;C:\Program Files\nodejs
USERNAME=norut
OS=Windows_NT
PROCESSOR_IDENTIFIER=x86 Family 6 Model 58 Stepping 9, GenuineIntel



---------------  S Y S T E M  ---------------

OS: Windows 7 Build 7601 Service Pack 1

CPU:total 4 (4 cores per cpu, 1 threads per core) family 6 model 58 stepping 9, cmov, cx8, fxsr, mmx, sse, sse2, sse3, ssse3, sse4.1, sse4.2, popcnt, avx, tsc, tscinvbit, tscinv

Memory: 4k page, physical 3638896k(1730652k free), swap 7276036k(5105200k free)

vm_info: Java HotSpot(TM) Client VM (23.1-b03) for windows-x86 JRE (1.7.0_05-b05), built on May 15 2012 18:11:27 by "java_re" with unknown MS VC++:1600

time: Mon Jul 16 16:17:46 2012
elapsed time: 59 seconds

