#
# A fatal error has been detected by the Java Runtime Environment:
#
#  EXCEPTION_ACCESS_VIOLATION (0xc0000005) at pc=0x5bf49498, pid=1780, tid=5876
#
# JRE version: 7.0_05-b05
# Java VM: Java HotSpot(TM) Client VM (23.1-b03 mixed mode, sharing windows-x86 )
# Problematic frame:
# C  [XnVFeatures_1_5_2.dll+0x1f9498]  xnModuleGetOpenNIVersion+0x1bb478
#
# Failed to write core dump. Minidumps are not enabled by default on client versions of Windows
#
# If you would like to submit a bug report, please visit:
#   http://bugreport.sun.com/bugreport/crash.jsp
# The crash happened outside the Java Virtual Machine in native code.
# See problematic frame for where to report the bug.
#

---------------  T H R E A D  ---------------

Current thread (0x05ebe800):  JavaThread "Thread-1" [_thread_in_native, id=5876, stack(0x0fe90000,0x0fee0000)]

siginfo: ExceptionCode=0xc0000005, reading address 0x05ecc902

Registers:
EAX=0x0913bbd0, EBX=0x0913bbc8, ECX=0x000000ae, EDX=0x00000109
ESP=0x0fedeb28, EBP=0x00006cc0, ESI=0x05ecc6f0, EDI=0x05ebed70
EIP=0x5bf49498, EFLAGS=0x00010206

Top of Stack: (sp=0x0fedeb28)
0x0fedeb28:   00000000 5c0207f4 7fffffff 7fffffff
0x0fedeb38:   7fffffff 0913bbd8 80000000 00000000
0x0fedeb48:   0913bbf8 7fffffff 7fffffff 00000000
0x0fedeb58:   00000000 00000000 80000000 5c0207f4
0x0fedeb68:   055ecd88 00000000 7fffffff 80000000
0x0fedeb78:   80000000 80000000 5c0207f4 7fffffff
0x0fedeb88:   7fffffff 7fffffff 80000000 80000000
0x0fedeb98:   80000000 5c0207f4 7fffffff 7fffffff 

Instructions: (pc=0x5bf49498)
0x5bf49478:   f0 00 00 00 73 cc 8b ac 24 f8 00 00 00 8b 4b 04
0x5bf49488:   8b 13 8b 75 1c 8b 6d 28 0f af e9 8b 3e 8d 34 6f
0x5bf49498:   0f b7 3c 56 85 ff 75 32 8b 94 24 14 01 00 00 83
0x5bf494a8:   c3 08 3b 42 0c 72 9b 8b 94 24 f4 00 00 00 8b 8c 


Register to memory mapping:

EAX=0x0913bbd0 is an unknown value
EBX=0x0913bbc8 is an unknown value
ECX=0x000000ae is an unknown value
EDX=0x00000109 is an unknown value
ESP=0x0fedeb28 is pointing into the stack for thread: 0x05ebe800
EBP=0x00006cc0 is an unknown value
ESI=0x05ecc6f0 is an unknown value
EDI=0x05ebed70 is an unknown value


Stack: [0x0fe90000,0x0fee0000],  sp=0x0fedeb28,  free space=314k
Native frames: (J=compiled Java code, j=interpreted, Vv=VM code, C=native code)
C  [XnVFeatures_1_5_2.dll+0x1f9498]  xnModuleGetOpenNIVersion+0x1bb478

[error occurred during error reporting (printing native stack), id 0xc0000005]

Java frames: (J=compiled Java code, j=interpreted, Vv=VM code)
j  org.OpenNI.NativeMethods.xnWaitAnyUpdateAll(J)I+0
j  org.OpenNI.Context.waitAnyUpdateAll()V+4
j  KinectPackage.KinectManager.run()V+12
j  java.lang.Thread.run()V+11
v  ~StubRoutines::call_stub

---------------  P R O C E S S  ---------------

Java Threads: ( => current thread )
=>0x05ebe800 JavaThread "Thread-1" [_thread_in_native, id=5876, stack(0x0fe90000,0x0fee0000)]
  0x01965000 JavaThread "Service Thread" daemon [_thread_blocked, id=1244, stack(0x017e0000,0x01830000)]
  0x01960000 JavaThread "C1 CompilerThread0" daemon [_thread_blocked, id=2520, stack(0x03c60000,0x03cb0000)]
  0x0195e800 JavaThread "Attach Listener" daemon [_thread_blocked, id=4216, stack(0x03cd0000,0x03d20000)]
  0x0195b400 JavaThread "Signal Dispatcher" daemon [_thread_blocked, id=5520, stack(0x03b20000,0x03b70000)]
  0x01947800 JavaThread "Finalizer" daemon [_thread_blocked, id=1116, stack(0x03b90000,0x03be0000)]
  0x01942800 JavaThread "Reference Handler" daemon [_thread_blocked, id=3500, stack(0x01830000,0x01880000)]
  0x0188b400 JavaThread "main" [_thread_in_native, id=5252, stack(0x016d0000,0x01720000)]

Other Threads:
  0x01941400 VMThread [stack: 0x03a70000,0x03ac0000] [id=6036]
  0x01970800 WatcherThread [stack: 0x03dd0000,0x03e20000] [id=5772]

VM state:not at safepoint (normal execution)

VM Mutex/Monitor currently owned by a thread: None

Heap
 def new generation   total 4928K, used 2415K [0x23980000, 0x23ed0000, 0x28ed0000)
  eden space 4416K,  54% used [0x23980000, 0x23bdbf10, 0x23dd0000)
  from space 512K,   0% used [0x23dd0000, 0x23dd0000, 0x23e50000)
  to   space 512K,   0% used [0x23e50000, 0x23e50000, 0x23ed0000)
 tenured generation   total 10944K, used 0K [0x28ed0000, 0x29980000, 0x33980000)
   the space 10944K,   0% used [0x28ed0000, 0x28ed0000, 0x28ed0200, 0x29980000)
 compacting perm gen  total 12288K, used 934K [0x33980000, 0x34580000, 0x37980000)
   the space 12288K,   7% used [0x33980000, 0x33a698d8, 0x33a69a00, 0x34580000)
    ro space 10240K,  42% used [0x37980000, 0x37dbe580, 0x37dbe600, 0x38380000)
    rw space 12288K,  54% used [0x38380000, 0x389ff128, 0x389ff200, 0x38f80000)

Code Cache  [0x01990000, 0x01a38000, 0x03990000)
 total_blobs=196 nmethods=47 adapters=84 free_code_cache=32114Kb largest_free_block=32885504

Compilation events (10 events):
Event: 0.075 Thread 0x01960000   41             java.lang.String::<init> (20 bytes)
Event: 0.076 Thread 0x01960000 nmethod 41 0x01a32188 code [0x01a32280, 0x01a32320]
Event: 0.496 Thread 0x01960000   42             java.lang.AbstractStringBuilder::append (48 bytes)
Event: 0.496 Thread 0x01960000 nmethod 42 0x01a32388 code [0x01a324a0, 0x01a325c8]
Event: 0.842 Thread 0x01960000   43             org.OpenNI.ObjectWrapper::toNative (5 bytes)
Event: 0.842 Thread 0x01960000 nmethod 43 0x01a326c8 code [0x01a327c0, 0x01a32840]
Event: 0.842 Thread 0x01960000   44             KinectPackage.KinectManager::getUserGenerator (5 bytes)
Event: 0.842 Thread 0x01960000 nmethod 44 0x01a32888 code [0x01a32980, 0x01a32a00]
Event: 0.842 Thread 0x01960000   45             org.OpenNI.UserGenerator::getNumberOfUsers (8 bytes)
Event: 0.842 Thread 0x01960000 nmethod 45 0x01a32a48 code [0x01a32b40, 0x01a32bdc]

GC Heap History (0 events):
No events

Deoptimization events (0 events):
No events

Internal exceptions (10 events):
Event: 0.495 Thread 0x0188b400 Threw 0x23bacd98 at C:\jdk7u5_32P\jdk7u5\hotspot\src\share\vm\prims\jvm.cpp:1166
Event: 0.495 Thread 0x0188b400 Threw 0x23bb0e70 at C:\jdk7u5_32P\jdk7u5\hotspot\src\share\vm\prims\jvm.cpp:1166
Event: 0.496 Thread 0x0188b400 Threw 0x23bb4f30 at C:\jdk7u5_32P\jdk7u5\hotspot\src\share\vm\prims\jvm.cpp:1166
Event: 0.496 Thread 0x0188b400 Threw 0x23bb7b88 at C:\jdk7u5_32P\jdk7u5\hotspot\src\share\vm\prims\jvm.cpp:1166
Event: 0.496 Thread 0x0188b400 Threw 0x23bba870 at C:\jdk7u5_32P\jdk7u5\hotspot\src\share\vm\prims\jvm.cpp:1166
Event: 0.496 Thread 0x0188b400 Threw 0x23bbd780 at C:\jdk7u5_32P\jdk7u5\hotspot\src\share\vm\prims\jvm.cpp:1166
Event: 0.497 Thread 0x0188b400 Threw 0x23bc0300 at C:\jdk7u5_32P\jdk7u5\hotspot\src\share\vm\prims\jvm.cpp:1166
Event: 0.497 Thread 0x0188b400 Threw 0x23bc45d8 at C:\jdk7u5_32P\jdk7u5\hotspot\src\share\vm\prims\jvm.cpp:1166
Event: 0.497 Thread 0x0188b400 Threw 0x23bc61e8 at C:\jdk7u5_32P\jdk7u5\hotspot\src\share\vm\prims\jvm.cpp:1166
Event: 0.500 Thread 0x0188b400 Threw 0x23bc8238 at C:\jdk7u5_32P\jdk7u5\hotspot\src\share\vm\prims\jvm.cpp:1166

Events (10 events):
Event: 0.496 loading class 0x03ea3b90 done
Event: 0.497 loading class 0x03ea3be0
Event: 0.497 loading class 0x03ea3be0 done
Event: 0.497 loading class 0x03ea9e98
Event: 0.497 loading class 0x03ea9e98 done
Event: 0.497 loading class 0x03ea9b98
Event: 0.497 loading class 0x03ea9b98 done
Event: 0.500 loading class 0x03eaa318
Event: 0.500 loading class 0x03eaa318 done
Event: 0.841 Thread 0x05ebe800 Thread added: 0x05ebe800


Dynamic libraries:
0x003c0000 - 0x003ef000 	C:\Windows\system32\java.exe
0x776e0000 - 0x7781c000 	C:\Windows\SYSTEM32\ntdll.dll
0x77100000 - 0x771d4000 	C:\Windows\system32\kernel32.dll
0x758f0000 - 0x7593a000 	C:\Windows\system32\KERNELBASE.dll
0x77640000 - 0x776e0000 	C:\Windows\system32\ADVAPI32.dll
0x76eb0000 - 0x76f5c000 	C:\Windows\system32\msvcrt.dll
0x76e90000 - 0x76ea9000 	C:\Windows\SYSTEM32\sechost.dll
0x76d80000 - 0x76e21000 	C:\Windows\system32\RPCRT4.dll
0x76cb0000 - 0x76d79000 	C:\Windows\system32\USER32.dll
0x778c0000 - 0x7790e000 	C:\Windows\system32\GDI32.dll
0x778b0000 - 0x778ba000 	C:\Windows\system32\LPK.dll
0x775a0000 - 0x7763d000 	C:\Windows\system32\USP10.dll
0x744e0000 - 0x7467e000 	C:\Windows\WinSxS\x86_microsoft.windows.common-controls_6595b64144ccf1df_6.0.7601.17514_none_41e6975e2bd6f2b2\COMCTL32.dll
0x77850000 - 0x778a7000 	C:\Windows\system32\SHLWAPI.dll
0x77580000 - 0x7759f000 	C:\Windows\system32\IMM32.DLL
0x774b0000 - 0x7757c000 	C:\Windows\system32\MSCTF.dll
0x5d960000 - 0x5da1e000 	C:\Program Files\Java\jre7\bin\msvcr100.dll
0x5b670000 - 0x5b9ba000 	C:\Program Files\Java\jre7\bin\client\jvm.dll
0x6b1a0000 - 0x6b1a7000 	C:\Windows\system32\WSOCK32.dll
0x75cd0000 - 0x75d05000 	C:\Windows\system32\WS2_32.dll
0x75fc0000 - 0x75fc6000 	C:\Windows\system32\NSI.dll
0x73d00000 - 0x73d32000 	C:\Windows\system32\WINMM.dll
0x75ed0000 - 0x75ed5000 	C:\Windows\system32\PSAPI.DLL
0x70b10000 - 0x70b1c000 	C:\Program Files\Java\jre7\bin\verify.dll
0x70af0000 - 0x70b10000 	C:\Program Files\Java\jre7\bin\java.dll
0x6ecd0000 - 0x6ece3000 	C:\Program Files\Java\jre7\bin\zip.dll
0x6ec00000 - 0x6ec14000 	C:\Program Files\Java\jre7\bin\net.dll
0x752e0000 - 0x7531c000 	C:\Windows\system32\mswsock.dll
0x752d0000 - 0x752d6000 	C:\Windows\System32\wship6.dll
0x10000000 - 0x1000c000 	C:\Windows\System32\LibusbJava.dll
0x6d9d0000 - 0x6d9e1000 	C:\Windows\system32\libusb0.dll
0x76f60000 - 0x770fd000 	C:\Windows\system32\SETUPAPI.dll
0x75970000 - 0x75997000 	C:\Windows\system32\CFGMGR32.dll
0x76c20000 - 0x76caf000 	C:\Windows\system32\OLEAUT32.dll
0x75b70000 - 0x75ccc000 	C:\Windows\system32\ole32.dll
0x759a0000 - 0x759b2000 	C:\Windows\system32\DEVOBJ.dll
0x62c00000 - 0x62c1e000 	C:\Program Files\OpenNI\Bin\OpenNI.jni.dll
0x624b0000 - 0x62500000 	C:\Program Files\OpenNI\Bin\OpenNI.dll
0x75fd0000 - 0x76c1a000 	C:\Windows\system32\SHELL32.dll
0x6d9b0000 - 0x6d9c8000 	C:\Program Files\OpenNI\bin\nimRecorder.dll
0x67b20000 - 0x67b3a000 	C:\Program Files\OpenNI\bin\nimMockNodes.dll
0x61ff0000 - 0x62039000 	C:\Program Files\OpenNI\bin\nimCodecs.dll
0x62490000 - 0x624b0000 	C:\Program Files\PrimeSense\SensorKinect\Bin\XnDeviceFile.dll
0x740a0000 - 0x740ab000 	C:\Program Files\PrimeSense\SensorKinect\Bin\XnCore.dll
0x5e0b0000 - 0x5e153000 	C:\Windows\WinSxS\x86_microsoft.vc90.crt_1fc8b3b9a1e18e3b_9.0.30729.6161_none_50934f2ebcb7eb57\MSVCR90.dll
0x61fb0000 - 0x61fe8000 	C:\Program Files\PrimeSense\SensorKinect\Bin\XnDDK.dll
0x5e060000 - 0x5e0a4000 	C:\Program Files\PrimeSense\SensorKinect\Bin\XnFormats.dll
0x5e010000 - 0x5e05f000 	C:\Program Files\PrimeSense\SensorKinect\Bin\XnDeviceSensorV2KM.dll
0x5dd70000 - 0x5e008000 	C:\Program Files\PrimeSense\NITE\Features_1_3_0\Bin\XnVFeatures_1_3_0.dll
0x5dce0000 - 0x5dd6e000 	C:\Windows\WinSxS\x86_microsoft.vc90.crt_1fc8b3b9a1e18e3b_9.0.30729.6161_none_50934f2ebcb7eb57\MSVCP90.dll
0x5c4a0000 - 0x5c6ef000 	C:\Program Files\PrimeSense\NITE\Features_1_3_1\Bin\XnVFeatures_1_3_1.dll
0x5c280000 - 0x5c499000 	C:\Program Files\PrimeSense\NITE\Features_1_4_1\Bin\XnVFeatures_1_4_1.dll
0x5c060000 - 0x5c276000 	C:\Program Files\PrimeSense\NITE\Features_1_4_2\Bin\XnVFeatures_1_4_2.dll
0x5bd50000 - 0x5c057000 	C:\Program Files\PrimeSense\NITE\Features_1_5_2\Bin\XnVFeatures_1_5_2.dll
0x5d5f0000 - 0x5d6c7000 	C:\Program Files\PrimeSense\NITE\Hands_1_3_0\Bin\XnVHandGenerator_1_3_0.dll
0x5bc70000 - 0x5bd4c000 	C:\Program Files\PrimeSense\NITE\Hands_1_3_1\Bin\XnVHandGenerator_1_3_1.dll
0x5bb90000 - 0x5bc6d000 	C:\Program Files\PrimeSense\NITE\Hands_1_4_1\Bin\XnVHandGenerator_1_4_1.dll
0x5bab0000 - 0x5bb8d000 	C:\Program Files\PrimeSense\NITE\Hands_1_4_2\Bin\XnVHandGenerator_1_4_2.dll
0x5b9c0000 - 0x5baac000 	C:\Program Files\PrimeSense\NITE\Hands_1_5_2\Bin\XnVHandGenerator_1_5_2.dll
0x74af0000 - 0x74b30000 	C:\Windows\system32\uxtheme.dll
0x75940000 - 0x7596d000 	C:\Windows\system32\WINTRUST.dll
0x75a50000 - 0x75b6e000 	C:\Windows\system32\CRYPT32.dll
0x758e0000 - 0x758ec000 	C:\Windows\system32\MSASN1.dll
0x74df0000 - 0x74df5000 	C:\Windows\System32\wshtcpip.dll
0x6f420000 - 0x6f50b000 	C:\Windows\system32\dbghelp.dll

VM Arguments:
jvm_args: -Djava 
java_command: SANDRAExecutable.jar 193.156.105.142 7540 kinectJoints gameControl
Launcher Type: SUN_STANDARD

Environment Variables:
CLASSPATH=C:\Program Files\OpenNI\Bin\org.OpenNI.jar
PATH=C:\Program Files\Intel\iCLS Client\;C:\Program Files\AMD APP\bin\x86;C:\Windows\system32;C:\Windows;C:\Windows\System32\Wbem;C:\Windows\System32\WindowsPowerShell\v1.0\;C:\Program Files\ATI Technologies\ATI.ACE\Core-Static;C:\Users\norut\AppData\Roaming\npm;C:\Program Files\nodejs\;C:\Program Files\Intel\Intel(R) Management Engine Components\DAL;C:\Program Files\Intel\Intel(R) Management Engine Components\IPT;C:\Program Files\OpenNI\Bin;C:\Program Files\PrimeSense\NITE\bin;C:\Program Files\AMD APP\bin\x86;C:\Windows\system32;C:\Windows;C:\Windows\System32\Wbem;C:\Windows\System32\WindowsPowerShell\v1.0\;C:\Program Files\ATI Technologies\ATI.ACE\Core-Static;C:\Program Files\nodejs
USERNAME=norut
OS=Windows_NT
PROCESSOR_IDENTIFIER=x86 Family 6 Model 58 Stepping 9, GenuineIntel



---------------  S Y S T E M  ---------------

OS: Windows 7 Build 7601 Service Pack 1

CPU:total 4 (4 cores per cpu, 1 threads per core) family 6 model 58 stepping 9, cmov, cx8, fxsr, mmx, sse, sse2, sse3, ssse3, sse4.1, sse4.2, popcnt, avx, tsc, tscinvbit, tscinv

Memory: 4k page, physical 3638896k(1892556k free), swap 7276036k(5091688k free)

vm_info: Java HotSpot(TM) Client VM (23.1-b03) for windows-x86 JRE (1.7.0_05-b05), built on May 15 2012 18:11:27 by "java_re" with unknown MS VC++:1600

time: Fri Jul 27 13:50:08 2012
elapsed time: 0 seconds

