#
# A fatal error has been detected by the Java Runtime Environment:
#
#  EXCEPTION_ACCESS_VIOLATION (0xc0000005) at pc=0x62c46c89, pid=5788, tid=1068
#
# JRE version: 7.0_05-b05
# Java VM: Java HotSpot(TM) Client VM (23.1-b03 mixed mode, sharing windows-x86 )
# Problematic frame:
# C  [OpenNI.jni.dll+0x6c89]  Java_org_OpenNI_NativeMethods_xnUnregisterUserCallbacks+0x19
#
# Failed to write core dump. Minidumps are not enabled by default on client versions of Windows
#
# If you would like to submit a bug report, please visit:
#   http://bugreport.sun.com/bugreport/crash.jsp
# The crash happened outside the Java Virtual Machine in native code.
# See problematic frame for where to report the bug.
#

---------------  T H R E A D  ---------------

Current thread (0x05fa1400):  JavaThread "Thread-1" [_thread_in_native, id=1068, stack(0x06f30000,0x06f80000)]

siginfo: ExceptionCode=0xc0000005, reading address 0x00000000

Registers:
EAX=0x00000000, EBX=0x33a4eae8, ECX=0x05da6e94, EDX=0x05da743c
ESP=0x06f7ec60, EBP=0x06f7ecb4, ESI=0x05da6e88, EDI=0x05fa1400
EIP=0x62c46c89, EFLAGS=0x00010202

Top of Stack: (sp=0x06f7ec60)
0x06f7ec60:   0405e4e0 05da6ec8 33a4eae8 01bda707
0x06f7ec70:   05fa1528 06f7ecbc 0405e4e0 00000000
0x06f7ec80:   05da6e88 00000000 06f7ecd8 01cc9f90
0x06f7ec90:   379ea284 06f7ec94 00000000 06f7ecd0
0x06f7eca0:   33a528e0 00000000 33a4eae8 00000000
0x06f7ecb0:   06f7ecc4 06f7ecf4 01bd32c7 28feb380
0x06f7ecc0:   01bd8989 05da6e88 00000000 0405e4e0
0x06f7ecd0:   00000000 06f7ecd4 33a59268 06f7ed04 

Instructions: (pc=0x62c46c89)
0x62c46c69:   cc cc cc cc cc cc cc 8b 4c 24 0c 56 8b 74 24 18
0x62c46c79:   8b 46 10 50 51 ff 15 64 b4 c4 62 8b 06 8b 4e 08
0x62c46c89:   8b 10 8b 52 58 83 c4 08 51 50 ff d2 56 ff 15 84
0x62c46c99:   b0 c4 62 83 c4 04 5e c2 18 00 cc cc cc cc cc cc 


Register to memory mapping:

EAX=0x00000000 is an unknown value
EBX=0x33a4eae8 is an oop
{method} 
 - klass: {other class}
ECX=0x05da6e94 is an unknown value
EDX=0x05da743c is an unknown value
ESP=0x06f7ec60 is pointing into the stack for thread: 0x05fa1400
EBP=0x06f7ecb4 is pointing into the stack for thread: 0x05fa1400
ESI=0x05da6e88 is an unknown value
EDI=0x05fa1400 is a thread


Stack: [0x06f30000,0x06f80000],  sp=0x06f7ec60,  free space=315k
Native frames: (J=compiled Java code, j=interpreted, Vv=VM code, C=native code)
C  [OpenNI.jni.dll+0x6c89]  Java_org_OpenNI_NativeMethods_xnUnregisterUserCallbacks+0x19
j  org.OpenNI.UserGenerator$1.unregisterNative(J)V+8
j  org.OpenNI.Observable.deleteObserver(Lorg/OpenNI/IObserver;)V+24
j  KinectPackage.SkeletonManager.reset()V+11
j  KinectPackage.SkeletonManager.access$8(LKinectPackage/SkeletonManager;)V+1
j  KinectPackage.SkeletonManager$LostUserObserver.update(Lorg/OpenNI/IObservable;Lorg/OpenNI/UserEventArgs;)V+183
j  KinectPackage.SkeletonManager$LostUserObserver.update(Lorg/OpenNI/IObservable;Ljava/lang/Object;)V+9
j  org.OpenNI.Observable.notify(Ljava/lang/Object;)V+30
j  org.OpenNI.UserGenerator$2.callback(I)V+9
v  ~StubRoutines::call_stub
V  [jvm.dll+0x12964a]
V  [jvm.dll+0x1d851e]
V  [jvm.dll+0x1296cd]
V  [jvm.dll+0xae4da]
V  [jvm.dll+0xb1d93]
C  [OpenNI.jni.dll+0x10ea]  JNI_OnUnload+0x6a
C  [XnVFeatures_1_5_2.dll+0x959a8]  xnModuleGetOpenNIVersion+0x57988
C  [XnVFeatures_1_5_2.dll+0x7b5d8]  xnModuleGetOpenNIVersion+0x3d5b8
C  [XnVFeatures_1_5_2.dll+0xb1538]  xnModuleGetOpenNIVersion+0x73518
C  [XnVFeatures_1_5_2.dll+0x95266]  xnModuleGetOpenNIVersion+0x57246
C  [OpenNI.jni.dll+0x2eab]  Java_org_OpenNI_NativeMethods_xnWaitAnyUpdateAll+0xb
J  org.OpenNI.Context.waitAnyUpdateAll()V
j  java.lang.Thread.run()V+11
v  ~StubRoutines::call_stub
V  [jvm.dll+0x12964a]
V  [jvm.dll+0x1d851e]
V  [jvm.dll+0x129833]
V  [jvm.dll+0x129897]
V  [jvm.dll+0xd24af]
V  [jvm.dll+0x149977]
V  [jvm.dll+0x149ae0]
V  [jvm.dll+0x17e049]
C  [msvcr100.dll+0x5c6de]  endthreadex+0x3a
C  [msvcr100.dll+0x5c788]  endthreadex+0xe4
C  [kernel32.dll+0x4ed6c]  BaseThreadInitThunk+0x12
C  [ntdll.dll+0x6377b]  RtlInitializeExceptionChain+0xef
C  [ntdll.dll+0x6374e]  RtlInitializeExceptionChain+0xc2

Java frames: (J=compiled Java code, j=interpreted, Vv=VM code)
j  org.OpenNI.NativeMethods.xnUnregisterUserCallbacks(JJ)V+0
j  org.OpenNI.UserGenerator$1.unregisterNative(J)V+8
j  org.OpenNI.Observable.deleteObserver(Lorg/OpenNI/IObserver;)V+24
j  KinectPackage.SkeletonManager.reset()V+11
j  KinectPackage.SkeletonManager.access$8(LKinectPackage/SkeletonManager;)V+1
j  KinectPackage.SkeletonManager$LostUserObserver.update(Lorg/OpenNI/IObservable;Lorg/OpenNI/UserEventArgs;)V+183
j  KinectPackage.SkeletonManager$LostUserObserver.update(Lorg/OpenNI/IObservable;Ljava/lang/Object;)V+9
j  org.OpenNI.Observable.notify(Ljava/lang/Object;)V+30
j  org.OpenNI.UserGenerator$2.callback(I)V+9
v  ~StubRoutines::call_stub
J  org.OpenNI.NativeMethods.xnWaitAnyUpdateAll(J)I
J  org.OpenNI.Context.waitAnyUpdateAll()V
j  KinectPackage.KinectManager.run()V+12
j  java.lang.Thread.run()V+11
v  ~StubRoutines::call_stub

---------------  P R O C E S S  ---------------

Java Threads: ( => current thread )
  0x00ccb400 JavaThread "DestroyJavaVM" [_thread_blocked, id=4332, stack(0x00590000,0x005e0000)]
  0x1641cc00 JavaThread "Thread-20" [_thread_in_Java, id=5452, stack(0x19ab0000,0x19b00000)]
  0x0607d800 JavaThread "Thread-6" [_thread_in_Java, id=5320, stack(0x19900000,0x19950000)]
  0x1631f000 JavaThread "Thread-5" [_thread_in_native, id=5596, stack(0x198a0000,0x198f0000)]
  0x0607d000 JavaThread "AWT-Windows" daemon [_thread_in_native, id=4300, stack(0x19970000,0x199c0000)]
  0x16312400 JavaThread "Java2D Disposer" daemon [_thread_blocked, id=5500, stack(0x171a0000,0x171f0000)]
=>0x05fa1400 JavaThread "Thread-1" [_thread_in_native, id=1068, stack(0x06f30000,0x06f80000)]
  0x00be5000 JavaThread "Service Thread" daemon [_thread_blocked, id=4572, stack(0x03c70000,0x03cc0000)]
  0x00be3800 JavaThread "C1 CompilerThread0" daemon [_thread_blocked, id=1444, stack(0x00ed0000,0x00f20000)]
  0x00be2400 JavaThread "Attach Listener" daemon [_thread_blocked, id=5896, stack(0x03d50000,0x03da0000)]
  0x00bdf400 JavaThread "Signal Dispatcher" daemon [_thread_blocked, id=4964, stack(0x00df0000,0x00e40000)]
  0x00bc4000 JavaThread "Finalizer" daemon [_thread_blocked, id=4532, stack(0x00e40000,0x00e90000)]
  0x00bc2800 JavaThread "Reference Handler" daemon [_thread_blocked, id=4656, stack(0x03c10000,0x03c60000)]

Other Threads:
  0x00bc1400 VMThread [stack: 0x00f20000,0x00f70000] [id=5552]
  0x00bf2c00 WatcherThread [stack: 0x03e10000,0x03e60000] [id=3500]

VM state:not at safepoint (normal execution)

VM Mutex/Monitor currently owned by a thread: None

Heap
 def new generation   total 78656K, used 12476K [0x23980000, 0x28ed0000, 0x28ed0000)
  eden space 69952K,  17% used [0x23980000, 0x245a9360, 0x27dd0000)
  from space 8704K,   0% used [0x28650000, 0x28655ec0, 0x28ed0000)
  to   space 8704K,   0% used [0x27dd0000, 0x27dd0000, 0x28650000)
 tenured generation   total 174784K, used 52538K [0x28ed0000, 0x33980000, 0x33980000)
   the space 174784K,  30% used [0x28ed0000, 0x2c21ea50, 0x2c21ec00, 0x33980000)
 compacting perm gen  total 12288K, used 2923K [0x33980000, 0x34580000, 0x37980000)
   the space 12288K,  23% used [0x33980000, 0x33c5ad80, 0x33c5ae00, 0x34580000)
    ro space 10240K,  42% used [0x37980000, 0x37dbe580, 0x37dbe600, 0x38380000)
    rw space 12288K,  54% used [0x38380000, 0x389ff128, 0x389ff200, 0x38f80000)

Code Cache  [0x01bd0000, 0x01d90000, 0x03bd0000)
 total_blobs=1115 nmethods=833 adapters=217 free_code_cache=30978Kb largest_free_block=31721920

Compilation events (10 events):
Event: 86.314 Thread 0x00be3800  823             java.lang.ThreadLocal::initialValue (2 bytes)
Event: 86.314 Thread 0x00be3800 nmethod 823 0x01d8cb48 code [0x01d8cc40, 0x01d8ccc0]
Event: 86.322 Thread 0x00be3800  824             java.lang.ThreadLocal::createMap (14 bytes)
Event: 86.322 Thread 0x00be3800 nmethod 824 0x01d8cd08 code [0x01d8ce10, 0x01d8cf0c]
Event: 104.089 Thread 0x00be3800  825             sun.misc.FDBigInt::quoRemIteration (316 bytes)
Event: 104.090 Thread 0x00be3800 nmethod 825 0x01d8cfc8 code [0x01d8d110, 0x01d8d63c]
Event: 140.303 Thread 0x00be3800    7 % !         KinectPackage.KinectManager::run @ 73 (146 bytes)
Event: 140.304 Thread 0x00be3800 nmethod 7% 0x01d8dc88 code [0x01d8dea0, 0x01d8e610]
Event: 156.021 Thread 0x00be3800  826             java.util.concurrent.ConcurrentHashMap$Segment::scanAndLockForPut (140 bytes)
Event: 156.021 Thread 0x00be3800 nmethod 826 0x01d8efc8 code [0x01d8f110, 0x01d8f3fc]

GC Heap History (10 events):
Event: 164.333 GC heap before
{Heap before GC invocations=1042 (full 23):
 def new generation   total 78656K, used 69976K [0x23980000, 0x28ed0000, 0x28ed0000)
  eden space 69952K, 100% used [0x23980000, 0x27dd0000, 0x27dd0000)
  from space 8704K,   0% used [0x28650000, 0x286560b8, 0x28ed0000)
  to   space 8704K,   0% used [0x27dd0000, 0x27dd0000, 0x28650000)
 tenured generation   total 174784K, used 52536K [0x28ed0000, 0x33980000, 0x33980000)
   the space 174784K,  30% used [0x28ed0000, 0x2c21e298, 0x2c21e400, 0x33980000)
 compacting perm gen  total 12288K, used 2923K [0x33980000, 0x34580000, 0x37980000)
   the space 12288K,  23% used [0x33980000, 0x33c5ad80, 0x33c5ae00, 0x34580000)
    ro space 10240K,  42% used [0x37980000, 0x37dbe580, 0x37dbe600, 0x38380000)
    rw space 12288K,  54% used [0x38380000, 0x389ff128, 0x389ff200, 0x38f80000)
Event: 164.334 GC heap after
Heap after GC invocations=1043 (full 23):
 def new generation   total 78656K, used 37K [0x23980000, 0x28ed0000, 0x28ed0000)
  eden space 69952K,   0% used [0x23980000, 0x23980000, 0x27dd0000)
  from space 8704K,   0% used [0x27dd0000, 0x27dd94b0, 0x28650000)
  to   space 8704K,   0% used [0x28650000, 0x28650000, 0x28ed0000)
 tenured generation   total 174784K, used 52536K [0x28ed0000, 0x33980000, 0x33980000)
   the space 174784K,  30% used [0x28ed0000, 0x2c21e330, 0x2c21e400, 0x33980000)
 compacting perm gen  total 12288K, used 2923K [0x33980000, 0x34580000, 0x37980000)
   the space 12288K,  23% used [0x33980000, 0x33c5ad80, 0x33c5ae00, 0x34580000)
    ro space 10240K,  42% used [0x37980000, 0x37dbe580, 0x37dbe600, 0x38380000)
    rw space 12288K,  54% used [0x38380000, 0x389ff128, 0x389ff200, 0x38f80000)
}
Event: 164.364 GC heap before
{Heap before GC invocations=1043 (full 23):
 def new generation   total 78656K, used 69989K [0x23980000, 0x28ed0000, 0x28ed0000)
  eden space 69952K, 100% used [0x23980000, 0x27dd0000, 0x27dd0000)
  from space 8704K,   0% used [0x27dd0000, 0x27dd94b0, 0x28650000)
  to   space 8704K,   0% used [0x28650000, 0x28650000, 0x28ed0000)
 tenured generation   total 174784K, used 52536K [0x28ed0000, 0x33980000, 0x33980000)
   the space 174784K,  30% used [0x28ed0000, 0x2c21e330, 0x2c21e400, 0x33980000)
 compacting perm gen  total 12288K, used 2923K [0x33980000, 0x34580000, 0x37980000)
   the space 12288K,  23% used [0x33980000, 0x33c5ad80, 0x33c5ae00, 0x34580000)
    ro space 10240K,  42% used [0x37980000, 0x37dbe580, 0x37dbe600, 0x38380000)
    rw space 12288K,  54% used [0x38380000, 0x389ff128, 0x389ff200, 0x38f80000)
Event: 164.365 GC heap after
Heap after GC invocations=1044 (full 23):
 def new generation   total 78656K, used 37K [0x23980000, 0x28ed0000, 0x28ed0000)
  eden space 69952K,   0% used [0x23980000, 0x23980000, 0x27dd0000)
  from space 8704K,   0% used [0x28650000, 0x28659558, 0x28ed0000)
  to   space 8704K,   0% used [0x27dd0000, 0x27dd0000, 0x28650000)
 tenured generation   total 174784K, used 52536K [0x28ed0000, 0x33980000, 0x33980000)
   the space 174784K,  30% used [0x28ed0000, 0x2c21e330, 0x2c21e400, 0x33980000)
 compacting perm gen  total 12288K, used 2923K [0x33980000, 0x34580000, 0x37980000)
   the space 12288K,  23% used [0x33980000, 0x33c5ad80, 0x33c5ae00, 0x34580000)
    ro space 10240K,  42% used [0x37980000, 0x37dbe580, 0x37dbe600, 0x38380000)
    rw space 12288K,  54% used [0x38380000, 0x389ff128, 0x389ff200, 0x38f80000)
}
Event: 164.402 GC heap before
{Heap before GC invocations=1044 (full 23):
 def new generation   total 78656K, used 69989K [0x23980000, 0x28ed0000, 0x28ed0000)
  eden space 69952K, 100% used [0x23980000, 0x27dd0000, 0x27dd0000)
  from space 8704K,   0% used [0x28650000, 0x28659558, 0x28ed0000)
  to   space 8704K,   0% used [0x27dd0000, 0x27dd0000, 0x28650000)
 tenured generation   total 174784K, used 52536K [0x28ed0000, 0x33980000, 0x33980000)
   the space 174784K,  30% used [0x28ed0000, 0x2c21e330, 0x2c21e400, 0x33980000)
 compacting perm gen  total 12288K, used 2923K [0x33980000, 0x34580000, 0x37980000)
   the space 12288K,  23% used [0x33980000, 0x33c5ad80, 0x33c5ae00, 0x34580000)
    ro space 10240K,  42% used [0x37980000, 0x37dbe580, 0x37dbe600, 0x38380000)
    rw space 12288K,  54% used [0x38380000, 0x389ff128, 0x389ff200, 0x38f80000)
Event: 164.403 GC heap after
Heap after GC invocations=1045 (full 23):
 def new generation   total 78656K, used 36K [0x23980000, 0x28ed0000, 0x28ed0000)
  eden space 69952K,   0% used [0x23980000, 0x23980000, 0x27dd0000)
  from space 8704K,   0% used [0x27dd0000, 0x27dd92e0, 0x28650000)
  to   space 8704K,   0% used [0x28650000, 0x28650000, 0x28ed0000)
 tenured generation   total 174784K, used 52536K [0x28ed0000, 0x33980000, 0x33980000)
   the space 174784K,  30% used [0x28ed0000, 0x2c21e3c8, 0x2c21e400, 0x33980000)
 compacting perm gen  total 12288K, used 2923K [0x33980000, 0x34580000, 0x37980000)
   the space 12288K,  23% used [0x33980000, 0x33c5ad80, 0x33c5ae00, 0x34580000)
    ro space 10240K,  42% used [0x37980000, 0x37dbe580, 0x37dbe600, 0x38380000)
    rw space 12288K,  54% used [0x38380000, 0x389ff128, 0x389ff200, 0x38f80000)
}
Event: 164.450 GC heap before
{Heap before GC invocations=1045 (full 23):
 def new generation   total 78656K, used 69988K [0x23980000, 0x28ed0000, 0x28ed0000)
  eden space 69952K, 100% used [0x23980000, 0x27dd0000, 0x27dd0000)
  from space 8704K,   0% used [0x27dd0000, 0x27dd92e0, 0x28650000)
  to   space 8704K,   0% used [0x28650000, 0x28650000, 0x28ed0000)
 tenured generation   total 174784K, used 52536K [0x28ed0000, 0x33980000, 0x33980000)
   the space 174784K,  30% used [0x28ed0000, 0x2c21e3c8, 0x2c21e400, 0x33980000)
 compacting perm gen  total 12288K, used 2923K [0x33980000, 0x34580000, 0x37980000)
   the space 12288K,  23% used [0x33980000, 0x33c5ad80, 0x33c5ae00, 0x34580000)
    ro space 10240K,  42% used [0x37980000, 0x37dbe580, 0x37dbe600, 0x38380000)
    rw space 12288K,  54% used [0x38380000, 0x389ff128, 0x389ff200, 0x38f80000)
Event: 164.450 GC heap after
Heap after GC invocations=1046 (full 23):
 def new generation   total 78656K, used 22K [0x23980000, 0x28ed0000, 0x28ed0000)
  eden space 69952K,   0% used [0x23980000, 0x23980000, 0x27dd0000)
  from space 8704K,   0% used [0x28650000, 0x28655b68, 0x28ed0000)
  to   space 8704K,   0% used [0x27dd0000, 0x27dd0000, 0x28650000)
 tenured generation   total 174784K, used 52536K [0x28ed0000, 0x33980000, 0x33980000)
   the space 174784K,  30% used [0x28ed0000, 0x2c21e3c8, 0x2c21e400, 0x33980000)
 compacting perm gen  total 12288K, used 2923K [0x33980000, 0x34580000, 0x37980000)
   the space 12288K,  23% used [0x33980000, 0x33c5ad80, 0x33c5ae00, 0x34580000)
    ro space 10240K,  42% used [0x37980000, 0x37dbe580, 0x37dbe600, 0x38380000)
    rw space 12288K,  54% used [0x38380000, 0x389ff128, 0x389ff200, 0x38f80000)
}
Event: 164.489 GC heap before
{Heap before GC invocations=1046 (full 23):
 def new generation   total 78656K, used 69974K [0x23980000, 0x28ed0000, 0x28ed0000)
  eden space 69952K, 100% used [0x23980000, 0x27dd0000, 0x27dd0000)
  from space 8704K,   0% used [0x28650000, 0x28655b68, 0x28ed0000)
  to   space 8704K,   0% used [0x27dd0000, 0x27dd0000, 0x28650000)
 tenured generation   total 174784K, used 52536K [0x28ed0000, 0x33980000, 0x33980000)
   the space 174784K,  30% used [0x28ed0000, 0x2c21e3c8, 0x2c21e400, 0x33980000)
 compacting perm gen  total 12288K, used 2923K [0x33980000, 0x34580000, 0x37980000)
   the space 12288K,  23% used [0x33980000, 0x33c5ad80, 0x33c5ae00, 0x34580000)
    ro space 10240K,  42% used [0x37980000, 0x37dbe580, 0x37dbe600, 0x38380000)
    rw space 12288K,  54% used [0x38380000, 0x389ff128, 0x389ff200, 0x38f80000)
Event: 164.490 GC heap after
Heap after GC invocations=1047 (full 23):
 def new generation   total 78656K, used 23K [0x23980000, 0x28ed0000, 0x28ed0000)
  eden space 69952K,   0% used [0x23980000, 0x23980000, 0x27dd0000)
  from space 8704K,   0% used [0x27dd0000, 0x27dd5e58, 0x28650000)
  to   space 8704K,   0% used [0x28650000, 0x28650000, 0x28ed0000)
 tenured generation   total 174784K, used 52538K [0x28ed0000, 0x33980000, 0x33980000)
   the space 174784K,  30% used [0x28ed0000, 0x2c21e9b8, 0x2c21ea00, 0x33980000)
 compacting perm gen  total 12288K, used 2923K [0x33980000, 0x34580000, 0x37980000)
   the space 12288K,  23% used [0x33980000, 0x33c5ad80, 0x33c5ae00, 0x34580000)
    ro space 10240K,  42% used [0x37980000, 0x37dbe580, 0x37dbe600, 0x38380000)
    rw space 12288K,  54% used [0x38380000, 0x389ff128, 0x389ff200, 0x38f80000)
}

Deoptimization events (0 events):
No events

Internal exceptions (10 events):
Event: 45.885 Thread 0x1641cc00 Threw 0x24f6c5d0 at C:\jdk7u5_32P\jdk7u5\hotspot\src\share\vm\prims\jvm.cpp:1166
Event: 45.886 Thread 0x1641cc00 Threw 0x24f6de98 at C:\jdk7u5_32P\jdk7u5\hotspot\src\share\vm\prims\jvm.cpp:1166
Event: 45.886 Thread 0x1641cc00 Threw 0x24f6fb18 at C:\jdk7u5_32P\jdk7u5\hotspot\src\share\vm\prims\jvm.cpp:1166
Event: 45.886 Thread 0x1641cc00 Threw 0x24f71638 at C:\jdk7u5_32P\jdk7u5\hotspot\src\share\vm\prims\jvm.cpp:1166
Event: 45.886 Thread 0x1641cc00 Threw 0x24f72fb8 at C:\jdk7u5_32P\jdk7u5\hotspot\src\share\vm\prims\jvm.cpp:1166
Event: 45.886 Thread 0x1641cc00 Threw 0x24f74b08 at C:\jdk7u5_32P\jdk7u5\hotspot\src\share\vm\prims\jvm.cpp:1166
Event: 45.886 Thread 0x1641cc00 Threw 0x24f768d0 at C:\jdk7u5_32P\jdk7u5\hotspot\src\share\vm\prims\jvm.cpp:1166
Event: 45.886 Thread 0x1641cc00 Threw 0x24f78370 at C:\jdk7u5_32P\jdk7u5\hotspot\src\share\vm\prims\jvm.cpp:1166
Event: 45.887 Thread 0x1641cc00 Threw 0x24f79e50 at C:\jdk7u5_32P\jdk7u5\hotspot\src\share\vm\prims\jvm.cpp:1166
Event: 45.887 Thread 0x1641cc00 Threw 0x24f7b9f8 at C:\jdk7u5_32P\jdk7u5\hotspot\src\share\vm\prims\jvm.cpp:1166

Events (10 events):
Event: 164.481 Thread 0x16253c00 Thread exited: 0x16253c00
Event: 164.482 Thread 0x03eb7c00 Thread exited: 0x03eb7c00
Event: 164.482 Thread 0x16385400 Thread exited: 0x16385400
Event: 164.482 Thread 0x16386000 Thread exited: 0x16386000
Event: 164.482 Thread 0x16384c00 Thread exited: 0x16384c00
Event: 164.482 Thread 0x16385800 Thread exited: 0x16385800
Event: 164.482 Thread 0x03eb7400 Thread exited: 0x03eb7400
Event: 164.482 Thread 0x16386400 Thread exited: 0x16386400
Event: 164.489 Executing VM operation: GenCollectForAllocation
Event: 164.490 Executing VM operation: GenCollectForAllocation done


Dynamic libraries:
0x00fa0000 - 0x00fcf000 	C:\Windows\system32\java.exe
0x776e0000 - 0x7781c000 	C:\Windows\SYSTEM32\ntdll.dll
0x77100000 - 0x771d4000 	C:\Windows\system32\kernel32.dll
0x758f0000 - 0x7593a000 	C:\Windows\system32\KERNELBASE.dll
0x77640000 - 0x776e0000 	C:\Windows\system32\ADVAPI32.dll
0x76eb0000 - 0x76f5c000 	C:\Windows\system32\msvcrt.dll
0x76e90000 - 0x76ea9000 	C:\Windows\SYSTEM32\sechost.dll
0x76d80000 - 0x76e21000 	C:\Windows\system32\RPCRT4.dll
0x76cb0000 - 0x76d79000 	C:\Windows\system32\USER32.dll
0x778c0000 - 0x7790e000 	C:\Windows\system32\GDI32.dll
0x778b0000 - 0x778ba000 	C:\Windows\system32\LPK.dll
0x775a0000 - 0x7763d000 	C:\Windows\system32\USP10.dll
0x744e0000 - 0x7467e000 	C:\Windows\WinSxS\x86_microsoft.windows.common-controls_6595b64144ccf1df_6.0.7601.17514_none_41e6975e2bd6f2b2\COMCTL32.dll
0x77850000 - 0x778a7000 	C:\Windows\system32\SHLWAPI.dll
0x77580000 - 0x7759f000 	C:\Windows\system32\IMM32.DLL
0x774b0000 - 0x7757c000 	C:\Windows\system32\MSCTF.dll
0x5dfc0000 - 0x5e07e000 	C:\Program Files\Java\jre7\bin\msvcr100.dll
0x5c850000 - 0x5cb9a000 	C:\Program Files\Java\jre7\bin\client\jvm.dll
0x6b1a0000 - 0x6b1a7000 	C:\Windows\system32\WSOCK32.dll
0x75cd0000 - 0x75d05000 	C:\Windows\system32\WS2_32.dll
0x75fc0000 - 0x75fc6000 	C:\Windows\system32\NSI.dll
0x73d00000 - 0x73d32000 	C:\Windows\system32\WINMM.dll
0x75ed0000 - 0x75ed5000 	C:\Windows\system32\PSAPI.DLL
0x70ee0000 - 0x70eec000 	C:\Program Files\Java\jre7\bin\verify.dll
0x6da60000 - 0x6da80000 	C:\Program Files\Java\jre7\bin\java.dll
0x67b20000 - 0x67b33000 	C:\Program Files\Java\jre7\bin\zip.dll
0x62c80000 - 0x62c94000 	C:\Program Files\Java\jre7\bin\net.dll
0x752e0000 - 0x7531c000 	C:\Windows\system32\mswsock.dll
0x752d0000 - 0x752d6000 	C:\Windows\System32\wship6.dll
0x10000000 - 0x1000c000 	C:\Windows\System32\LibusbJava.dll
0x62c60000 - 0x62c71000 	C:\Windows\system32\libusb0.dll
0x76f60000 - 0x770fd000 	C:\Windows\system32\SETUPAPI.dll
0x75970000 - 0x75997000 	C:\Windows\system32\CFGMGR32.dll
0x76c20000 - 0x76caf000 	C:\Windows\system32\OLEAUT32.dll
0x75b70000 - 0x75ccc000 	C:\Windows\system32\ole32.dll
0x759a0000 - 0x759b2000 	C:\Windows\system32\DEVOBJ.dll
0x62c40000 - 0x62c5e000 	C:\Program Files\OpenNI\Bin\OpenNI.jni.dll
0x620d0000 - 0x62120000 	C:\Program Files\OpenNI\Bin\OpenNI.dll
0x75fd0000 - 0x76c1a000 	C:\Windows\system32\SHELL32.dll
0x62c20000 - 0x62c38000 	C:\Program Files\OpenNI\bin\nimRecorder.dll
0x620b0000 - 0x620ca000 	C:\Program Files\OpenNI\bin\nimMockNodes.dll
0x61f90000 - 0x61fd9000 	C:\Program Files\OpenNI\bin\nimCodecs.dll
0x62090000 - 0x620b0000 	C:\Program Files\PrimeSense\SensorKinect\Bin\XnDeviceFile.dll
0x70ed0000 - 0x70edb000 	C:\Program Files\PrimeSense\SensorKinect\Bin\XnCore.dll
0x5dd90000 - 0x5de33000 	C:\Windows\WinSxS\x86_microsoft.vc90.crt_1fc8b3b9a1e18e3b_9.0.30729.6161_none_50934f2ebcb7eb57\MSVCR90.dll
0x5df80000 - 0x5dfb8000 	C:\Program Files\PrimeSense\SensorKinect\Bin\XnDDK.dll
0x5dd40000 - 0x5dd84000 	C:\Program Files\PrimeSense\SensorKinect\Bin\XnFormats.dll
0x5dcf0000 - 0x5dd3f000 	C:\Program Files\PrimeSense\SensorKinect\Bin\XnDeviceSensorV2KM.dll
0x5c5b0000 - 0x5c848000 	C:\Program Files\PrimeSense\NITE\Features_1_3_0\Bin\XnVFeatures_1_3_0.dll
0x5c520000 - 0x5c5ae000 	C:\Windows\WinSxS\x86_microsoft.vc90.crt_1fc8b3b9a1e18e3b_9.0.30729.6161_none_50934f2ebcb7eb57\MSVCP90.dll
0x5c2d0000 - 0x5c51f000 	C:\Program Files\PrimeSense\NITE\Features_1_3_1\Bin\XnVFeatures_1_3_1.dll
0x5c0b0000 - 0x5c2c9000 	C:\Program Files\PrimeSense\NITE\Features_1_4_1\Bin\XnVFeatures_1_4_1.dll
0x5be90000 - 0x5c0a6000 	C:\Program Files\PrimeSense\NITE\Features_1_4_2\Bin\XnVFeatures_1_4_2.dll
0x5bb80000 - 0x5be87000 	C:\Program Files\PrimeSense\NITE\Features_1_5_2\Bin\XnVFeatures_1_5_2.dll
0x5baa0000 - 0x5bb77000 	C:\Program Files\PrimeSense\NITE\Hands_1_3_0\Bin\XnVHandGenerator_1_3_0.dll
0x5b9c0000 - 0x5ba9c000 	C:\Program Files\PrimeSense\NITE\Hands_1_3_1\Bin\XnVHandGenerator_1_3_1.dll
0x5b8e0000 - 0x5b9bd000 	C:\Program Files\PrimeSense\NITE\Hands_1_4_1\Bin\XnVHandGenerator_1_4_1.dll
0x5b800000 - 0x5b8dd000 	C:\Program Files\PrimeSense\NITE\Hands_1_4_2\Bin\XnVHandGenerator_1_4_2.dll
0x5b710000 - 0x5b7fc000 	C:\Program Files\PrimeSense\NITE\Hands_1_5_2\Bin\XnVHandGenerator_1_5_2.dll
0x74af0000 - 0x74b30000 	C:\Windows\system32\uxtheme.dll
0x75940000 - 0x7596d000 	C:\Windows\system32\WINTRUST.dll
0x75a50000 - 0x75b6e000 	C:\Windows\system32\CRYPT32.dll
0x758e0000 - 0x758ec000 	C:\Windows\system32\MSASN1.dll
0x757a0000 - 0x757ec000 	C:\Windows\system32\apphelp.dll
0x74df0000 - 0x74df5000 	C:\Windows\System32\wshtcpip.dll
0x03c00000 - 0x03c0e000 	C:\Windows\System32\j3dcore-ogl-chk.dll
0x5b640000 - 0x5b708000 	C:\Windows\system32\OPENGL32.dll
0x5dcc0000 - 0x5dce2000 	C:\Windows\system32\GLU32.dll
0x6db50000 - 0x6dc37000 	C:\Windows\system32\DDRAW.dll
0x719f0000 - 0x719f6000 	C:\Windows\system32\DCIMAN32.dll
0x74a80000 - 0x74a93000 	C:\Windows\system32\dwmapi.dll
0x6da50000 - 0x6da57000 	C:\Windows\system32\atiglpxx.dll
0x69030000 - 0x6a380000 	C:\Windows\system32\atioglxx.dll
0x74d20000 - 0x74d29000 	C:\Windows\system32\VERSION.dll
0x6f1a0000 - 0x6f284000 	C:\Windows\system32\aticfx32.dll
0x73620000 - 0x73681000 	C:\Windows\system32\atiadlxx.dll
0x74ec0000 - 0x74ed7000 	C:\Windows\system32\USERENV.dll
0x75870000 - 0x7587b000 	C:\Windows\system32\profapi.dll
0x74d60000 - 0x74d6d000 	C:\Windows\system32\WTSAPI32.dll
0x62cf0000 - 0x62cfb000 	C:\Windows\system32\atigktxx.dll
0x5b4f0000 - 0x5b632000 	C:\Program Files\Java\jre7\bin\awt.dll
0x757f0000 - 0x757fc000 	C:\Windows\system32\CRYPTBASE.dll
0x62d50000 - 0x62d56000 	C:\Program Files\Java\jre7\bin\jawt.dll
0x03dd0000 - 0x03df9000 	C:\Windows\System32\j3dcore-ogl.dll
0x6f420000 - 0x6f50b000 	C:\Windows\system32\dbghelp.dll

VM Arguments:
jvm_args: -Djava 
java_command: SANDRAExecutable.jar 193.156.105.142 7540 kinectJoints gameControl
Launcher Type: SUN_STANDARD

Environment Variables:
CLASSPATH=C:\Program Files\OpenNI\Bin\org.OpenNI.jar
PATH=C:\Program Files\Intel\iCLS Client\;C:\Program Files\AMD APP\bin\x86;C:\Windows\system32;C:\Windows;C:\Windows\System32\Wbem;C:\Windows\System32\WindowsPowerShell\v1.0\;C:\Program Files\ATI Technologies\ATI.ACE\Core-Static;C:\Users\norut\AppData\Roaming\npm;C:\Program Files\nodejs\;C:\Program Files\Intel\Intel(R) Management Engine Components\DAL;C:\Program Files\Intel\Intel(R) Management Engine Components\IPT;C:\Program Files\OpenNI\Bin;C:\Program Files\PrimeSense\NITE\bin;C:\Program Files\AMD APP\bin\x86;C:\Windows\system32;C:\Windows;C:\Windows\System32\Wbem;C:\Windows\System32\WindowsPowerShell\v1.0\;C:\Program Files\ATI Technologies\ATI.ACE\Core-Static;C:\Program Files\nodejs
USERNAME=norut
OS=Windows_NT
PROCESSOR_IDENTIFIER=x86 Family 6 Model 58 Stepping 9, GenuineIntel



---------------  S Y S T E M  ---------------

OS: Windows 7 Build 7601 Service Pack 1

CPU:total 4 (4 cores per cpu, 1 threads per core) family 6 model 58 stepping 9, cmov, cx8, fxsr, mmx, sse, sse2, sse3, ssse3, sse4.1, sse4.2, popcnt, avx, tsc, tscinvbit, tscinv

Memory: 4k page, physical 3638896k(1596908k free), swap 7276036k(4883984k free)

vm_info: Java HotSpot(TM) Client VM (23.1-b03) for windows-x86 JRE (1.7.0_05-b05), built on May 15 2012 18:11:27 by "java_re" with unknown MS VC++:1600

time: Fri Jul 27 11:38:22 2012
elapsed time: 164 seconds

