#
# A fatal error has been detected by the Java Runtime Environment:
#
#  EXCEPTION_ACCESS_VIOLATION (0xc0000005) at pc=0x62c26c89, pid=2704, tid=4168
#
# JRE version: 7.0_05-b05
# Java VM: Java HotSpot(TM) Client VM (23.1-b03 mixed mode, sharing windows-x86 )
# Problematic frame:
# C  [OpenNI.jni.dll+0x6c89]  Java_org_OpenNI_NativeMethods_xnUnregisterUserCallbacks+0x19
#
# Failed to write core dump. Minidumps are not enabled by default on client versions of Windows
#
# If you would like to submit a bug report, please visit:
#   http://bugreport.sun.com/bugreport/crash.jsp
# The crash happened outside the Java Virtual Machine in native code.
# See problematic frame for where to report the bug.
#

---------------  T H R E A D  ---------------

Current thread (0x03ee2000):  JavaThread "Thread-1" [_thread_in_native, id=4168, stack(0x14aa0000,0x14af0000)]

siginfo: ExceptionCode=0xc0000005, reading address 0x00000000

Registers:
EAX=0x00000000, EBX=0x33a4eae8, ECX=0x05cbae9c, EDX=0x03ebd93c
ESP=0x14aef0e0, EBP=0x14aef134, ESI=0x05cbae90, EDI=0x03ee2000
EIP=0x62c26c89, EFLAGS=0x00010206

Top of Stack: (sp=0x14aef0e0)
0x14aef0e0:   05c98138 05cbaed0 33a4eae8 0187a707
0x14aef0f0:   03ee2128 14aef13c 05c98138 00000000
0x14aef100:   05cbae90 00000000 00000001 14aef10c
0x14aef110:   379ea3a5 14aef114 00000000 14aef150
0x14aef120:   33a528e0 00000000 33a4eae8 00000000
0x14aef130:   14aef144 14aef174 018732c7 28f778f8
0x14aef140:   01878989 05cbae90 00000000 05c98138
0x14aef150:   00000000 14aef154 33a59268 14aef184 

Instructions: (pc=0x62c26c89)
0x62c26c69:   cc cc cc cc cc cc cc 8b 4c 24 0c 56 8b 74 24 18
0x62c26c79:   8b 46 10 50 51 ff 15 64 b4 c2 62 8b 06 8b 4e 08
0x62c26c89:   8b 10 8b 52 58 83 c4 08 51 50 ff d2 56 ff 15 84
0x62c26c99:   b0 c2 62 83 c4 04 5e c2 18 00 cc cc cc cc cc cc 


Register to memory mapping:

EAX=0x00000000 is an unknown value
EBX=0x33a4eae8 is an oop
{method} 
 - klass: {other class}
ECX=0x05cbae9c is an unknown value
EDX=0x03ebd93c is an unknown value
ESP=0x14aef0e0 is pointing into the stack for thread: 0x03ee2000
EBP=0x14aef134 is pointing into the stack for thread: 0x03ee2000
ESI=0x05cbae90 is an unknown value
EDI=0x03ee2000 is a thread


Stack: [0x14aa0000,0x14af0000],  sp=0x14aef0e0,  free space=316k
Native frames: (J=compiled Java code, j=interpreted, Vv=VM code, C=native code)
C  [OpenNI.jni.dll+0x6c89]  Java_org_OpenNI_NativeMethods_xnUnregisterUserCallbacks+0x19
j  org.OpenNI.UserGenerator$1.unregisterNative(J)V+8
j  org.OpenNI.Observable.deleteObserver(Lorg/OpenNI/IObserver;)V+24
j  KinectPackage.SkeletonManager.reset()V+11
j  KinectPackage.SkeletonManager.access$8(LKinectPackage/SkeletonManager;)V+1
j  KinectPackage.SkeletonManager$LostUserObserver.update(Lorg/OpenNI/IObservable;Lorg/OpenNI/UserEventArgs;)V+183
j  KinectPackage.SkeletonManager$LostUserObserver.update(Lorg/OpenNI/IObservable;Ljava/lang/Object;)V+9
j  org.OpenNI.Observable.notify(Ljava/lang/Object;)V+30
j  org.OpenNI.UserGenerator$2.callback(I)V+9
v  ~StubRoutines::call_stub
V  [jvm.dll+0x12964a]
V  [jvm.dll+0x1d851e]
V  [jvm.dll+0x1296cd]
V  [jvm.dll+0xae4da]
V  [jvm.dll+0xb1d93]
C  [OpenNI.jni.dll+0x10ea]  JNI_OnUnload+0x6a
C  [XnVFeatures_1_5_2.dll+0x959a8]  xnModuleGetOpenNIVersion+0x57988
C  [XnVFeatures_1_5_2.dll+0x7b5d8]  xnModuleGetOpenNIVersion+0x3d5b8
C  [XnVFeatures_1_5_2.dll+0xb1538]  xnModuleGetOpenNIVersion+0x73518
C  [XnVFeatures_1_5_2.dll+0x95266]  xnModuleGetOpenNIVersion+0x57246
C  [OpenNI.jni.dll+0x2eab]  Java_org_OpenNI_NativeMethods_xnWaitAnyUpdateAll+0xb
J  org.OpenNI.Context.waitAnyUpdateAll()V
j  java.lang.Thread.run()V+11
v  ~StubRoutines::call_stub
V  [jvm.dll+0x12964a]
V  [jvm.dll+0x1d851e]
V  [jvm.dll+0x129833]
V  [jvm.dll+0x129897]
V  [jvm.dll+0xd24af]
V  [jvm.dll+0x149977]
V  [jvm.dll+0x149ae0]
V  [jvm.dll+0x17e049]
C  [msvcr100.dll+0x5c6de]  endthreadex+0x3a
C  [msvcr100.dll+0x5c788]  endthreadex+0xe4
C  [kernel32.dll+0x4ed6c]  BaseThreadInitThunk+0x12
C  [ntdll.dll+0x6377b]  RtlInitializeExceptionChain+0xef
C  [ntdll.dll+0x6374e]  RtlInitializeExceptionChain+0xc2

Java frames: (J=compiled Java code, j=interpreted, Vv=VM code)
j  org.OpenNI.NativeMethods.xnUnregisterUserCallbacks(JJ)V+0
j  org.OpenNI.UserGenerator$1.unregisterNative(J)V+8
j  org.OpenNI.Observable.deleteObserver(Lorg/OpenNI/IObserver;)V+24
j  KinectPackage.SkeletonManager.reset()V+11
j  KinectPackage.SkeletonManager.access$8(LKinectPackage/SkeletonManager;)V+1
j  KinectPackage.SkeletonManager$LostUserObserver.update(Lorg/OpenNI/IObservable;Lorg/OpenNI/UserEventArgs;)V+183
j  KinectPackage.SkeletonManager$LostUserObserver.update(Lorg/OpenNI/IObservable;Ljava/lang/Object;)V+9
j  org.OpenNI.Observable.notify(Ljava/lang/Object;)V+30
j  org.OpenNI.UserGenerator$2.callback(I)V+9
v  ~StubRoutines::call_stub
J  org.OpenNI.NativeMethods.xnWaitAnyUpdateAll(J)I
J  org.OpenNI.Context.waitAnyUpdateAll()V
j  KinectPackage.KinectManager.run()V+12
j  java.lang.Thread.run()V+11
v  ~StubRoutines::call_stub

---------------  P R O C E S S  ---------------

Java Threads: ( => current thread )
  0x0035b400 JavaThread "DestroyJavaVM" [_thread_blocked, id=4444, stack(0x01820000,0x01870000)]
  0x16431800 JavaThread "Thread-20" [_thread_in_Java, id=4624, stack(0x1a1d0000,0x1a220000)]
  0x16331000 JavaThread "Thread-6" [_thread_blocked, id=2852, stack(0x19f40000,0x19f90000)]
  0x1633f400 JavaThread "Thread-5" [_thread_in_native, id=4284, stack(0x1a100000,0x1a150000)]
  0x16149000 JavaThread "AWT-Windows" daemon [_thread_in_native, id=4784, stack(0x1a060000,0x1a0b0000)]
  0x16188c00 JavaThread "Java2D Disposer" daemon [_thread_blocked, id=4780, stack(0x195d0000,0x19620000)]
=>0x03ee2000 JavaThread "Thread-1" [_thread_in_native, id=4168, stack(0x14aa0000,0x14af0000)]
  0x01774c00 JavaThread "Service Thread" daemon [_thread_blocked, id=4536, stack(0x03dd0000,0x03e20000)]
  0x0176fc00 JavaThread "C1 CompilerThread0" daemon [_thread_blocked, id=4060, stack(0x039b0000,0x03a00000)]
  0x0176e400 JavaThread "Attach Listener" daemon [_thread_blocked, id=1672, stack(0x03b70000,0x03bc0000)]
  0x0176b000 JavaThread "Signal Dispatcher" daemon [_thread_blocked, id=5296, stack(0x03c10000,0x03c60000)]
  0x01754400 JavaThread "Finalizer" daemon [_thread_blocked, id=2320, stack(0x03ae0000,0x03b30000)]
  0x01752800 JavaThread "Reference Handler" daemon [_thread_blocked, id=6096, stack(0x03a30000,0x03a80000)]

Other Threads:
  0x01751400 VMThread [stack: 0x03a90000,0x03ae0000] [id=5684]
  0x0178fc00 WatcherThread [stack: 0x03cc0000,0x03d10000] [id=5812]

VM state:not at safepoint (normal execution)

VM Mutex/Monitor currently owned by a thread: None

Heap
 def new generation   total 78656K, used 24879K [0x23980000, 0x28ed0000, 0x28ed0000)
  eden space 69952K,  35% used [0x23980000, 0x251c88e8, 0x27dd0000)
  from space 8704K,   0% used [0x27dd0000, 0x27dd36b0, 0x28650000)
  to   space 8704K,   0% used [0x28650000, 0x28650000, 0x28ed0000)
 tenured generation   total 174784K, used 1676K [0x28ed0000, 0x33980000, 0x33980000)
   the space 174784K,   0% used [0x28ed0000, 0x29073390, 0x29073400, 0x33980000)
 compacting perm gen  total 12288K, used 2896K [0x33980000, 0x34580000, 0x37980000)
   the space 12288K,  23% used [0x33980000, 0x33c543c8, 0x33c54400, 0x34580000)
    ro space 10240K,  42% used [0x37980000, 0x37dbe580, 0x37dbe600, 0x38380000)
    rw space 12288K,  54% used [0x38380000, 0x389ff128, 0x389ff200, 0x38f80000)

Code Cache  [0x01870000, 0x01a28000, 0x03870000)
 total_blobs=1044 nmethods=762 adapters=217 free_code_cache=31031Kb largest_free_block=31776000

Compilation events (10 events):
Event: 118.376 Thread 0x0176fc00  751   !         com.google.gson.Gson::fromJson (110 bytes)
Event: 118.377 Thread 0x0176fc00 nmethod 751 0x01a1fc48 code [0x01a1fdd0, 0x01a201b4]
Event: 118.377 Thread 0x0176fc00  752   !         com.google.gson.Gson::assertFullConsumption (48 bytes)
Event: 118.377 Thread 0x0176fc00 nmethod 752 0x01a20808 code [0x01a20940, 0x01a20ba0]
Event: 118.400 Thread 0x0176fc00  753   !         com.google.gson.Gson::toJson (34 bytes)
Event: 118.400 Thread 0x0176fc00 nmethod 753 0x01a20dc8 code [0x01a20f00, 0x01a21140]
Event: 118.400 Thread 0x0176fc00  754             com.google.gson.Gson::newJsonWriter (45 bytes)
Event: 118.400 Thread 0x0176fc00 nmethod 754 0x01a213c8 code [0x01a214f0, 0x01a21698]
Event: 118.400 Thread 0x0176fc00  755   !         com.google.gson.Gson::toJson (113 bytes)
Event: 118.401 Thread 0x0176fc00 nmethod 755 0x01a21788 code [0x01a218c0, 0x01a21b20]

GC Heap History (10 events):
Event: 121.243 GC heap before
{Heap before GC invocations=408 (full 218):
 def new generation   total 78656K, used 69980K [0x23980000, 0x28ed0000, 0x28ed0000)
  eden space 69952K, 100% used [0x23980000, 0x27dd0000, 0x27dd0000)
  from space 8704K,   0% used [0x28650000, 0x28657208, 0x28ed0000)
  to   space 8704K,   0% used [0x27dd0000, 0x27dd0000, 0x28650000)
 tenured generation   total 174784K, used 1676K [0x28ed0000, 0x33980000, 0x33980000)
   the space 174784K,   0% used [0x28ed0000, 0x29073130, 0x29073200, 0x33980000)
 compacting perm gen  total 12288K, used 2896K [0x33980000, 0x34580000, 0x37980000)
   the space 12288K,  23% used [0x33980000, 0x33c543c8, 0x33c54400, 0x34580000)
    ro space 10240K,  42% used [0x37980000, 0x37dbe580, 0x37dbe600, 0x38380000)
    rw space 12288K,  54% used [0x38380000, 0x389ff128, 0x389ff200, 0x38f80000)
Event: 121.244 GC heap after
Heap after GC invocations=409 (full 218):
 def new generation   total 78656K, used 15K [0x23980000, 0x28ed0000, 0x28ed0000)
  eden space 69952K,   0% used [0x23980000, 0x23980000, 0x27dd0000)
  from space 8704K,   0% used [0x27dd0000, 0x27dd3d30, 0x28650000)
  to   space 8704K,   0% used [0x28650000, 0x28650000, 0x28ed0000)
 tenured generation   total 174784K, used 1676K [0x28ed0000, 0x33980000, 0x33980000)
   the space 174784K,   0% used [0x28ed0000, 0x29073130, 0x29073200, 0x33980000)
 compacting perm gen  total 12288K, used 2896K [0x33980000, 0x34580000, 0x37980000)
   the space 12288K,  23% used [0x33980000, 0x33c543c8, 0x33c54400, 0x34580000)
    ro space 10240K,  42% used [0x37980000, 0x37dbe580, 0x37dbe600, 0x38380000)
    rw space 12288K,  54% used [0x38380000, 0x389ff128, 0x389ff200, 0x38f80000)
}
Event: 121.274 GC heap before
{Heap before GC invocations=409 (full 218):
 def new generation   total 78656K, used 69967K [0x23980000, 0x28ed0000, 0x28ed0000)
  eden space 69952K, 100% used [0x23980000, 0x27dd0000, 0x27dd0000)
  from space 8704K,   0% used [0x27dd0000, 0x27dd3d30, 0x28650000)
  to   space 8704K,   0% used [0x28650000, 0x28650000, 0x28ed0000)
 tenured generation   total 174784K, used 1676K [0x28ed0000, 0x33980000, 0x33980000)
   the space 174784K,   0% used [0x28ed0000, 0x29073130, 0x29073200, 0x33980000)
 compacting perm gen  total 12288K, used 2896K [0x33980000, 0x34580000, 0x37980000)
   the space 12288K,  23% used [0x33980000, 0x33c543c8, 0x33c54400, 0x34580000)
    ro space 10240K,  42% used [0x37980000, 0x37dbe580, 0x37dbe600, 0x38380000)
    rw space 12288K,  54% used [0x38380000, 0x389ff128, 0x389ff200, 0x38f80000)
Event: 121.274 GC heap after
Heap after GC invocations=410 (full 218):
 def new generation   total 78656K, used 22K [0x23980000, 0x28ed0000, 0x28ed0000)
  eden space 69952K,   0% used [0x23980000, 0x23980000, 0x27dd0000)
  from space 8704K,   0% used [0x28650000, 0x28655af8, 0x28ed0000)
  to   space 8704K,   0% used [0x27dd0000, 0x27dd0000, 0x28650000)
 tenured generation   total 174784K, used 1676K [0x28ed0000, 0x33980000, 0x33980000)
   the space 174784K,   0% used [0x28ed0000, 0x29073260, 0x29073400, 0x33980000)
 compacting perm gen  total 12288K, used 2896K [0x33980000, 0x34580000, 0x37980000)
   the space 12288K,  23% used [0x33980000, 0x33c543c8, 0x33c54400, 0x34580000)
    ro space 10240K,  42% used [0x37980000, 0x37dbe580, 0x37dbe600, 0x38380000)
    rw space 12288K,  54% used [0x38380000, 0x389ff128, 0x389ff200, 0x38f80000)
}
Event: 121.303 GC heap before
{Heap before GC invocations=410 (full 218):
 def new generation   total 78656K, used 69974K [0x23980000, 0x28ed0000, 0x28ed0000)
  eden space 69952K, 100% used [0x23980000, 0x27dd0000, 0x27dd0000)
  from space 8704K,   0% used [0x28650000, 0x28655af8, 0x28ed0000)
  to   space 8704K,   0% used [0x27dd0000, 0x27dd0000, 0x28650000)
 tenured generation   total 174784K, used 1676K [0x28ed0000, 0x33980000, 0x33980000)
   the space 174784K,   0% used [0x28ed0000, 0x29073260, 0x29073400, 0x33980000)
 compacting perm gen  total 12288K, used 2896K [0x33980000, 0x34580000, 0x37980000)
   the space 12288K,  23% used [0x33980000, 0x33c543c8, 0x33c54400, 0x34580000)
    ro space 10240K,  42% used [0x37980000, 0x37dbe580, 0x37dbe600, 0x38380000)
    rw space 12288K,  54% used [0x38380000, 0x389ff128, 0x389ff200, 0x38f80000)
Event: 121.304 GC heap after
Heap after GC invocations=411 (full 218):
 def new generation   total 78656K, used 25K [0x23980000, 0x28ed0000, 0x28ed0000)
  eden space 69952K,   0% used [0x23980000, 0x23980000, 0x27dd0000)
  from space 8704K,   0% used [0x27dd0000, 0x27dd67a8, 0x28650000)
  to   space 8704K,   0% used [0x28650000, 0x28650000, 0x28ed0000)
 tenured generation   total 174784K, used 1676K [0x28ed0000, 0x33980000, 0x33980000)
   the space 174784K,   0% used [0x28ed0000, 0x29073260, 0x29073400, 0x33980000)
 compacting perm gen  total 12288K, used 2896K [0x33980000, 0x34580000, 0x37980000)
   the space 12288K,  23% used [0x33980000, 0x33c543c8, 0x33c54400, 0x34580000)
    ro space 10240K,  42% used [0x37980000, 0x37dbe580, 0x37dbe600, 0x38380000)
    rw space 12288K,  54% used [0x38380000, 0x389ff128, 0x389ff200, 0x38f80000)
}
Event: 121.338 GC heap before
{Heap before GC invocations=411 (full 218):
 def new generation   total 78656K, used 69977K [0x23980000, 0x28ed0000, 0x28ed0000)
  eden space 69952K, 100% used [0x23980000, 0x27dd0000, 0x27dd0000)
  from space 8704K,   0% used [0x27dd0000, 0x27dd67a8, 0x28650000)
  to   space 8704K,   0% used [0x28650000, 0x28650000, 0x28ed0000)
 tenured generation   total 174784K, used 1676K [0x28ed0000, 0x33980000, 0x33980000)
   the space 174784K,   0% used [0x28ed0000, 0x29073260, 0x29073400, 0x33980000)
 compacting perm gen  total 12288K, used 2896K [0x33980000, 0x34580000, 0x37980000)
   the space 12288K,  23% used [0x33980000, 0x33c543c8, 0x33c54400, 0x34580000)
    ro space 10240K,  42% used [0x37980000, 0x37dbe580, 0x37dbe600, 0x38380000)
    rw space 12288K,  54% used [0x38380000, 0x389ff128, 0x389ff200, 0x38f80000)
Event: 121.338 GC heap after
Heap after GC invocations=412 (full 218):
 def new generation   total 78656K, used 19K [0x23980000, 0x28ed0000, 0x28ed0000)
  eden space 69952K,   0% used [0x23980000, 0x23980000, 0x27dd0000)
  from space 8704K,   0% used [0x28650000, 0x28654e50, 0x28ed0000)
  to   space 8704K,   0% used [0x27dd0000, 0x27dd0000, 0x28650000)
 tenured generation   total 174784K, used 1676K [0x28ed0000, 0x33980000, 0x33980000)
   the space 174784K,   0% used [0x28ed0000, 0x290732f8, 0x29073400, 0x33980000)
 compacting perm gen  total 12288K, used 2896K [0x33980000, 0x34580000, 0x37980000)
   the space 12288K,  23% used [0x33980000, 0x33c543c8, 0x33c54400, 0x34580000)
    ro space 10240K,  42% used [0x37980000, 0x37dbe580, 0x37dbe600, 0x38380000)
    rw space 12288K,  54% used [0x38380000, 0x389ff128, 0x389ff200, 0x38f80000)
}
Event: 121.370 GC heap before
{Heap before GC invocations=412 (full 218):
 def new generation   total 78656K, used 69971K [0x23980000, 0x28ed0000, 0x28ed0000)
  eden space 69952K, 100% used [0x23980000, 0x27dd0000, 0x27dd0000)
  from space 8704K,   0% used [0x28650000, 0x28654e50, 0x28ed0000)
  to   space 8704K,   0% used [0x27dd0000, 0x27dd0000, 0x28650000)
 tenured generation   total 174784K, used 1676K [0x28ed0000, 0x33980000, 0x33980000)
   the space 174784K,   0% used [0x28ed0000, 0x290732f8, 0x29073400, 0x33980000)
 compacting perm gen  total 12288K, used 2896K [0x33980000, 0x34580000, 0x37980000)
   the space 12288K,  23% used [0x33980000, 0x33c543c8, 0x33c54400, 0x34580000)
    ro space 10240K,  42% used [0x37980000, 0x37dbe580, 0x37dbe600, 0x38380000)
    rw space 12288K,  54% used [0x38380000, 0x389ff128, 0x389ff200, 0x38f80000)
Event: 121.370 GC heap after
Heap after GC invocations=413 (full 218):
 def new generation   total 78656K, used 13K [0x23980000, 0x28ed0000, 0x28ed0000)
  eden space 69952K,   0% used [0x23980000, 0x23980000, 0x27dd0000)
  from space 8704K,   0% used [0x27dd0000, 0x27dd36b0, 0x28650000)
  to   space 8704K,   0% used [0x28650000, 0x28650000, 0x28ed0000)
 tenured generation   total 174784K, used 1676K [0x28ed0000, 0x33980000, 0x33980000)
   the space 174784K,   0% used [0x28ed0000, 0x29073390, 0x29073400, 0x33980000)
 compacting perm gen  total 12288K, used 2896K [0x33980000, 0x34580000, 0x37980000)
   the space 12288K,  23% used [0x33980000, 0x33c543c8, 0x33c54400, 0x34580000)
    ro space 10240K,  42% used [0x37980000, 0x37dbe580, 0x37dbe600, 0x38380000)
    rw space 12288K,  54% used [0x38380000, 0x389ff128, 0x389ff200, 0x38f80000)
}

Deoptimization events (0 events):
No events

Internal exceptions (10 events):
Event: 112.414 Thread 0x164f9400 Threw 0x2442e9c0 at C:\jdk7u5_32P\jdk7u5\hotspot\src\share\vm\prims\jvm.cpp:1166
Event: 112.414 Thread 0x164f9400 Threw 0x244314f8 at C:\jdk7u5_32P\jdk7u5\hotspot\src\share\vm\prims\jvm.cpp:1166
Event: 112.414 Thread 0x164f9400 Threw 0x245785c0 at C:\jdk7u5_32P\jdk7u5\hotspot\src\share\vm\prims\jvm.cpp:1166
Event: 112.421 Thread 0x1633f400 Threw 0x2404f0b0 at C:\jdk7u5_32P\jdk7u5\hotspot\src\share\vm\prims\jvm.cpp:1166
Event: 112.421 Thread 0x1633f400 Threw 0x24050c60 at C:\jdk7u5_32P\jdk7u5\hotspot\src\share\vm\prims\jvm.cpp:1166
Event: 112.422 Thread 0x1633f400 Threw 0x24053608 at C:\jdk7u5_32P\jdk7u5\hotspot\src\share\vm\prims\jvm.cpp:1166
Event: 112.423 Thread 0x1633f400 Threw 0x24056490 at C:\jdk7u5_32P\jdk7u5\hotspot\src\share\vm\prims\jvm.cpp:1166
Event: 112.423 Thread 0x1633f400 Threw 0x240587c8 at C:\jdk7u5_32P\jdk7u5\hotspot\src\share\vm\prims\jvm.cpp:1166
Event: 112.423 Thread 0x1633f400 Threw 0x2405bdc8 at C:\jdk7u5_32P\jdk7u5\hotspot\src\share\vm\prims\jvm.cpp:1166
Event: 113.921 Thread 0x16331000 Threw 0x26403b40 at C:\jdk7u5_32P\jdk7u5\hotspot\src\share\vm\prims\jvm.cpp:1166

Events (10 events):
Event: 121.390 Thread 0x165dc400 Thread exited: 0x165dc400
Event: 121.390 Thread 0x165dac00 Thread exited: 0x165dac00
Event: 121.390 Thread 0x16606000 Thread exited: 0x16606000
Event: 121.390 Thread 0x165db800 Thread exited: 0x165db800
Event: 121.390 Thread 0x16635800 Thread exited: 0x16635800
Event: 121.390 Thread 0x16606c00 Thread exited: 0x16606c00
Event: 121.390 Thread 0x16636000 Thread exited: 0x16636000
Event: 121.390 Thread 0x16636800 Thread exited: 0x16636800
Event: 121.390 Thread 0x16606400 Thread exited: 0x16606400
Event: 121.390 Thread 0x16607400 Thread exited: 0x16607400


Dynamic libraries:
0x00360000 - 0x0038f000 	C:\Windows\system32\java.exe
0x776e0000 - 0x7781c000 	C:\Windows\SYSTEM32\ntdll.dll
0x77100000 - 0x771d4000 	C:\Windows\system32\kernel32.dll
0x758f0000 - 0x7593a000 	C:\Windows\system32\KERNELBASE.dll
0x77640000 - 0x776e0000 	C:\Windows\system32\ADVAPI32.dll
0x76eb0000 - 0x76f5c000 	C:\Windows\system32\msvcrt.dll
0x76e90000 - 0x76ea9000 	C:\Windows\SYSTEM32\sechost.dll
0x76d80000 - 0x76e21000 	C:\Windows\system32\RPCRT4.dll
0x76cb0000 - 0x76d79000 	C:\Windows\system32\USER32.dll
0x778c0000 - 0x7790e000 	C:\Windows\system32\GDI32.dll
0x778b0000 - 0x778ba000 	C:\Windows\system32\LPK.dll
0x775a0000 - 0x7763d000 	C:\Windows\system32\USP10.dll
0x744e0000 - 0x7467e000 	C:\Windows\WinSxS\x86_microsoft.windows.common-controls_6595b64144ccf1df_6.0.7601.17514_none_41e6975e2bd6f2b2\COMCTL32.dll
0x77850000 - 0x778a7000 	C:\Windows\system32\SHLWAPI.dll
0x77580000 - 0x7759f000 	C:\Windows\system32\IMM32.DLL
0x774b0000 - 0x7757c000 	C:\Windows\system32\MSCTF.dll
0x5e0a0000 - 0x5e15e000 	C:\Program Files\Java\jre7\bin\msvcr100.dll
0x5c500000 - 0x5c84a000 	C:\Program Files\Java\jre7\bin\client\jvm.dll
0x6b1a0000 - 0x6b1a7000 	C:\Windows\system32\WSOCK32.dll
0x75cd0000 - 0x75d05000 	C:\Windows\system32\WS2_32.dll
0x75fc0000 - 0x75fc6000 	C:\Windows\system32\NSI.dll
0x73d00000 - 0x73d32000 	C:\Windows\system32\WINMM.dll
0x75ed0000 - 0x75ed5000 	C:\Windows\system32\PSAPI.DLL
0x70ed0000 - 0x70edc000 	C:\Program Files\Java\jre7\bin\verify.dll
0x67b20000 - 0x67b40000 	C:\Program Files\Java\jre7\bin\java.dll
0x6da60000 - 0x6da73000 	C:\Program Files\Java\jre7\bin\zip.dll
0x62c60000 - 0x62c74000 	C:\Program Files\Java\jre7\bin\net.dll
0x752e0000 - 0x7531c000 	C:\Windows\system32\mswsock.dll
0x752d0000 - 0x752d6000 	C:\Windows\System32\wship6.dll
0x10000000 - 0x1000c000 	C:\Windows\System32\LibusbJava.dll
0x62c80000 - 0x62c91000 	C:\Windows\system32\libusb0.dll
0x76f60000 - 0x770fd000 	C:\Windows\system32\SETUPAPI.dll
0x75970000 - 0x75997000 	C:\Windows\system32\CFGMGR32.dll
0x76c20000 - 0x76caf000 	C:\Windows\system32\OLEAUT32.dll
0x75b70000 - 0x75ccc000 	C:\Windows\system32\ole32.dll
0x759a0000 - 0x759b2000 	C:\Windows\system32\DEVOBJ.dll
0x62c20000 - 0x62c3e000 	C:\Program Files\OpenNI\Bin\OpenNI.jni.dll
0x62080000 - 0x620d0000 	C:\Program Files\OpenNI\Bin\OpenNI.dll
0x75fd0000 - 0x76c1a000 	C:\Windows\system32\SHELL32.dll
0x62c40000 - 0x62c58000 	C:\Program Files\OpenNI\bin\nimRecorder.dll
0x62100000 - 0x6211a000 	C:\Program Files\OpenNI\bin\nimMockNodes.dll
0x5e050000 - 0x5e099000 	C:\Program Files\OpenNI\bin\nimCodecs.dll
0x620e0000 - 0x62100000 	C:\Program Files\PrimeSense\SensorKinect\Bin\XnDeviceFile.dll
0x70ee0000 - 0x70eeb000 	C:\Program Files\PrimeSense\SensorKinect\Bin\XnCore.dll
0x5dfa0000 - 0x5e043000 	C:\Windows\WinSxS\x86_microsoft.vc90.crt_1fc8b3b9a1e18e3b_9.0.30729.6161_none_50934f2ebcb7eb57\MSVCR90.dll
0x61fa0000 - 0x61fd8000 	C:\Program Files\PrimeSense\SensorKinect\Bin\XnDDK.dll
0x5ddf0000 - 0x5de34000 	C:\Program Files\PrimeSense\SensorKinect\Bin\XnFormats.dll
0x5dda0000 - 0x5ddef000 	C:\Program Files\PrimeSense\SensorKinect\Bin\XnDeviceSensorV2KM.dll
0x5c900000 - 0x5cb98000 	C:\Program Files\PrimeSense\NITE\Features_1_3_0\Bin\XnVFeatures_1_3_0.dll
0x5dd10000 - 0x5dd9e000 	C:\Windows\WinSxS\x86_microsoft.vc90.crt_1fc8b3b9a1e18e3b_9.0.30729.6161_none_50934f2ebcb7eb57\MSVCP90.dll
0x5c2b0000 - 0x5c4ff000 	C:\Program Files\PrimeSense\NITE\Features_1_3_1\Bin\XnVFeatures_1_3_1.dll
0x5c090000 - 0x5c2a9000 	C:\Program Files\PrimeSense\NITE\Features_1_4_1\Bin\XnVFeatures_1_4_1.dll
0x5be70000 - 0x5c086000 	C:\Program Files\PrimeSense\NITE\Features_1_4_2\Bin\XnVFeatures_1_4_2.dll
0x5bb60000 - 0x5be67000 	C:\Program Files\PrimeSense\NITE\Features_1_5_2\Bin\XnVFeatures_1_5_2.dll
0x5ba80000 - 0x5bb57000 	C:\Program Files\PrimeSense\NITE\Hands_1_3_0\Bin\XnVHandGenerator_1_3_0.dll
0x5b9a0000 - 0x5ba7c000 	C:\Program Files\PrimeSense\NITE\Hands_1_3_1\Bin\XnVHandGenerator_1_3_1.dll
0x5b8c0000 - 0x5b99d000 	C:\Program Files\PrimeSense\NITE\Hands_1_4_1\Bin\XnVHandGenerator_1_4_1.dll
0x5b7e0000 - 0x5b8bd000 	C:\Program Files\PrimeSense\NITE\Hands_1_4_2\Bin\XnVHandGenerator_1_4_2.dll
0x5b6f0000 - 0x5b7dc000 	C:\Program Files\PrimeSense\NITE\Hands_1_5_2\Bin\XnVHandGenerator_1_5_2.dll
0x74af0000 - 0x74b30000 	C:\Windows\system32\uxtheme.dll
0x75940000 - 0x7596d000 	C:\Windows\system32\WINTRUST.dll
0x75a50000 - 0x75b6e000 	C:\Windows\system32\CRYPT32.dll
0x758e0000 - 0x758ec000 	C:\Windows\system32\MSASN1.dll
0x757a0000 - 0x757ec000 	C:\Windows\system32\apphelp.dll
0x74df0000 - 0x74df5000 	C:\Windows\System32\wshtcpip.dll
0x03ca0000 - 0x03cae000 	C:\Windows\System32\j3dcore-ogl-chk.dll
0x5b620000 - 0x5b6e8000 	C:\Windows\system32\OPENGL32.dll
0x61f70000 - 0x61f92000 	C:\Windows\system32\GLU32.dll
0x6db50000 - 0x6dc37000 	C:\Windows\system32\DDRAW.dll
0x719f0000 - 0x719f6000 	C:\Windows\system32\DCIMAN32.dll
0x74a80000 - 0x74a93000 	C:\Windows\system32\dwmapi.dll
0x62d50000 - 0x62d57000 	C:\Windows\system32\atiglpxx.dll
0x69030000 - 0x6a380000 	C:\Windows\system32\atioglxx.dll
0x74d20000 - 0x74d29000 	C:\Windows\system32\VERSION.dll
0x6f1a0000 - 0x6f284000 	C:\Windows\system32\aticfx32.dll
0x73620000 - 0x73681000 	C:\Windows\system32\atiadlxx.dll
0x74ec0000 - 0x74ed7000 	C:\Windows\system32\USERENV.dll
0x75870000 - 0x7587b000 	C:\Windows\system32\profapi.dll
0x74d60000 - 0x74d6d000 	C:\Windows\system32\WTSAPI32.dll
0x62cf0000 - 0x62cfb000 	C:\Windows\system32\atigktxx.dll
0x5b4d0000 - 0x5b612000 	C:\Program Files\Java\jre7\bin\awt.dll
0x757f0000 - 0x757fc000 	C:\Windows\system32\CRYPTBASE.dll
0x6da50000 - 0x6da56000 	C:\Program Files\Java\jre7\bin\jawt.dll
0x04690000 - 0x046b9000 	C:\Windows\System32\j3dcore-ogl.dll
0x6f420000 - 0x6f50b000 	C:\Windows\system32\dbghelp.dll

VM Arguments:
jvm_args: -Djava 
java_command: SANDRAExecutable.jar 193.156.105.142 7540 kinectJoints gameControl
Launcher Type: SUN_STANDARD

Environment Variables:
CLASSPATH=C:\Program Files\OpenNI\Bin\org.OpenNI.jar
PATH=C:\Program Files\Intel\iCLS Client\;C:\Program Files\AMD APP\bin\x86;C:\Windows\system32;C:\Windows;C:\Windows\System32\Wbem;C:\Windows\System32\WindowsPowerShell\v1.0\;C:\Program Files\ATI Technologies\ATI.ACE\Core-Static;C:\Users\norut\AppData\Roaming\npm;C:\Program Files\nodejs\;C:\Program Files\Intel\Intel(R) Management Engine Components\DAL;C:\Program Files\Intel\Intel(R) Management Engine Components\IPT;C:\Program Files\OpenNI\Bin;C:\Program Files\PrimeSense\NITE\bin;C:\Program Files\AMD APP\bin\x86;C:\Windows\system32;C:\Windows;C:\Windows\System32\Wbem;C:\Windows\System32\WindowsPowerShell\v1.0\;C:\Program Files\ATI Technologies\ATI.ACE\Core-Static;C:\Program Files\nodejs
USERNAME=norut
OS=Windows_NT
PROCESSOR_IDENTIFIER=x86 Family 6 Model 58 Stepping 9, GenuineIntel



---------------  S Y S T E M  ---------------

OS: Windows 7 Build 7601 Service Pack 1

CPU:total 4 (4 cores per cpu, 1 threads per core) family 6 model 58 stepping 9, cmov, cx8, fxsr, mmx, sse, sse2, sse3, ssse3, sse4.1, sse4.2, popcnt, avx, tsc, tscinvbit, tscinv

Memory: 4k page, physical 3638896k(1583740k free), swap 7276036k(4834896k free)

vm_info: Java HotSpot(TM) Client VM (23.1-b03) for windows-x86 JRE (1.7.0_05-b05), built on May 15 2012 18:11:27 by "java_re" with unknown MS VC++:1600

time: Fri Jul 27 11:43:00 2012
elapsed time: 121 seconds

