#
# A fatal error has been detected by the Java Runtime Environment:
#
#  EXCEPTION_ACCESS_VIOLATION (0xc0000005) at pc=0x70306c8b, pid=10948, tid=11188
#
# JRE version: 7.0_05-b05
# Java VM: Java HotSpot(TM) Client VM (23.1-b03 mixed mode, sharing windows-x86 )
# Problematic frame:
# C  [OpenNI.jni.dll+0x6c8b]  Java_org_OpenNI_NativeMethods_xnUnregisterUserCallbacks+0x1b
#
# Failed to write core dump. Minidumps are not enabled by default on client versions of Windows
#
# If you would like to submit a bug report, please visit:
#   http://bugreport.sun.com/bugreport/crash.jsp
# The crash happened outside the Java Virtual Machine in native code.
# See problematic frame for where to report the bug.
#

---------------  T H R E A D  ---------------

Current thread (0x0401c800):  JavaThread "Thread-1" [_thread_in_native, id=11188, stack(0x0fed0000,0x0ff20000)]

siginfo: ExceptionCode=0xc0000005, reading address 0x746361be

Registers:
EAX=0x002bb528, EBX=0x33a4eae8, ECX=0x01882720, EDX=0x74636166
ESP=0x0ff1ef40, EBP=0x0ff1ef94, ESI=0x05d88e78, EDI=0x0401c800
EIP=0x70306c8b, EFLAGS=0x00010202

Top of Stack: (sp=0x0ff1ef40)
0x0ff1ef40:   05d666a0 05d88eb8 33a4eae8 019aa707
0x0ff1ef50:   0401c928 0ff1ef9c 05d666a0 00000000
0x0ff1ef60:   05d88e78 00000000 0ff1efb8 01887f74
0x0ff1ef70:   01887f74 0ff1ef74 00000000 0ff1efb0
0x0ff1ef80:   33a528e0 00000000 33a4eae8 00000000
0x0ff1ef90:   0ff1efa4 0ff1efd4 019a32c7 28f38bb0
0x0ff1efa0:   019a8989 05d88e78 00000000 05d666a0
0x0ff1efb0:   00000000 0ff1efb4 33a597f8 0ff1efe4 

Instructions: (pc=0x70306c8b)
0x70306c6b:   cc cc cc cc cc 8b 4c 24 0c 56 8b 74 24 18 8b 46
0x70306c7b:   10 50 51 ff 15 64 b4 30 70 8b 06 8b 4e 08 8b 10
0x70306c8b:   8b 52 58 83 c4 08 51 50 ff d2 56 ff 15 84 b0 30
0x70306c9b:   70 83 c4 04 5e c2 18 00 cc cc cc cc cc cc cc cc 


Register to memory mapping:

EAX=0x002bb528 is an unknown value
EBX=0x33a4eae8 is an oop
{method} 
 - klass: {other class}
ECX=0x01882720 is a global jni handle
EDX=0x74636166 is an unknown value
ESP=0x0ff1ef40 is pointing into the stack for thread: 0x0401c800
EBP=0x0ff1ef94 is pointing into the stack for thread: 0x0401c800
ESI=0x05d88e78 is an unknown value
EDI=0x0401c800 is a thread


Stack: [0x0fed0000,0x0ff20000],  sp=0x0ff1ef40,  free space=315k
Native frames: (J=compiled Java code, j=interpreted, Vv=VM code, C=native code)
C  [OpenNI.jni.dll+0x6c8b]  Java_org_OpenNI_NativeMethods_xnUnregisterUserCallbacks+0x1b
j  org.OpenNI.UserGenerator$2.unregisterNative(J)V+8
j  org.OpenNI.Observable.deleteObserver(Lorg/OpenNI/IObserver;)V+24
j  KinectPackage.SkeletonManager.reset()V+27
j  KinectPackage.SkeletonManager.access$8(LKinectPackage/SkeletonManager;)V+1
j  KinectPackage.SkeletonManager$LostUserObserver.update(Lorg/OpenNI/IObservable;Lorg/OpenNI/UserEventArgs;)V+183
j  KinectPackage.SkeletonManager$LostUserObserver.update(Lorg/OpenNI/IObservable;Ljava/lang/Object;)V+9
j  org.OpenNI.Observable.notify(Ljava/lang/Object;)V+30
j  org.OpenNI.UserGenerator$2.callback(I)V+9
v  ~StubRoutines::call_stub
V  [jvm.dll+0x12964a]
V  [jvm.dll+0x1d851e]
V  [jvm.dll+0x1296cd]
V  [jvm.dll+0xae4da]
V  [jvm.dll+0xb1d93]
C  [OpenNI.jni.dll+0x10ea]  JNI_OnUnload+0x6a
C  [XnVFeatures_1_5_2.dll+0x959a8]  xnModuleGetOpenNIVersion+0x57988
C  [XnVFeatures_1_5_2.dll+0x7b5d8]  xnModuleGetOpenNIVersion+0x3d5b8
C  [XnVFeatures_1_5_2.dll+0xb1538]  xnModuleGetOpenNIVersion+0x73518
C  [XnVFeatures_1_5_2.dll+0x95266]  xnModuleGetOpenNIVersion+0x57246
C  [OpenNI.jni.dll+0x2eab]  Java_org_OpenNI_NativeMethods_xnWaitAnyUpdateAll+0xb
J  org.OpenNI.Context.waitAnyUpdateAll()V
j  java.lang.Thread.run()V+11
v  ~StubRoutines::call_stub
V  [jvm.dll+0x12964a]
V  [jvm.dll+0x1d851e]
V  [jvm.dll+0x129833]
V  [jvm.dll+0x129897]
V  [jvm.dll+0xd24af]
V  [jvm.dll+0x149977]
V  [jvm.dll+0x149ae0]
V  [jvm.dll+0x17e049]
C  [msvcr100.dll+0x5c6de]  endthreadex+0x3a
C  [msvcr100.dll+0x5c788]  endthreadex+0xe4
C  [kernel32.dll+0x4ed6c]  BaseThreadInitThunk+0x12
C  [ntdll.dll+0x6377b]  RtlInitializeExceptionChain+0xef
C  [ntdll.dll+0x6374e]  RtlInitializeExceptionChain+0xc2

Java frames: (J=compiled Java code, j=interpreted, Vv=VM code)
j  org.OpenNI.NativeMethods.xnUnregisterUserCallbacks(JJ)V+0
j  org.OpenNI.UserGenerator$2.unregisterNative(J)V+8
j  org.OpenNI.Observable.deleteObserver(Lorg/OpenNI/IObserver;)V+24
j  KinectPackage.SkeletonManager.reset()V+27
j  KinectPackage.SkeletonManager.access$8(LKinectPackage/SkeletonManager;)V+1
j  KinectPackage.SkeletonManager$LostUserObserver.update(Lorg/OpenNI/IObservable;Lorg/OpenNI/UserEventArgs;)V+183
j  KinectPackage.SkeletonManager$LostUserObserver.update(Lorg/OpenNI/IObservable;Ljava/lang/Object;)V+9
j  org.OpenNI.Observable.notify(Ljava/lang/Object;)V+30
j  org.OpenNI.UserGenerator$2.callback(I)V+9
v  ~StubRoutines::call_stub
J  org.OpenNI.NativeMethods.xnWaitAnyUpdateAll(J)I
J  org.OpenNI.Context.waitAnyUpdateAll()V
j  KinectPackage.KinectManager.run()V+12
j  java.lang.Thread.run()V+11
v  ~StubRoutines::call_stub

---------------  P R O C E S S  ---------------

Java Threads: ( => current thread )
  0x16504c00 JavaThread "DestroyJavaVM" [_thread_blocked, id=11932, stack(0x011d0000,0x01220000)]
  0x164c8400 JavaThread "Thread-20" [_thread_in_Java, id=11980, stack(0x174e0000,0x17530000)]
  0x1635b000 JavaThread "Thread-6" [_thread_in_Java, id=1996, stack(0x173b0000,0x17400000)]
  0x162fc800 JavaThread "Thread-5" [_thread_in_native, id=9208, stack(0x17330000,0x17380000)]
  0x1635a800 JavaThread "AWT-Windows" daemon [_thread_in_native, id=7568, stack(0x170f0000,0x17140000)]
  0x16359c00 JavaThread "Java2D Disposer" daemon [_thread_blocked, id=6952, stack(0x17090000,0x170e0000)]
=>0x0401c800 JavaThread "Thread-1" [_thread_in_native, id=11188, stack(0x0fed0000,0x0ff20000)]
  0x018ae000 JavaThread "Service Thread" daemon [_thread_blocked, id=1796, stack(0x03c50000,0x03ca0000)]
  0x018a9800 JavaThread "C1 CompilerThread0" daemon [_thread_blocked, id=8816, stack(0x03ad0000,0x03b20000)]
  0x018a8c00 JavaThread "Attach Listener" daemon [_thread_blocked, id=6364, stack(0x03d80000,0x03dd0000)]
  0x018a8800 JavaThread "Signal Dispatcher" daemon [_thread_blocked, id=4396, stack(0x03c00000,0x03c50000)]
  0x01884000 JavaThread "Finalizer" daemon [_thread_blocked, id=9808, stack(0x03cb0000,0x03d00000)]
  0x01882800 JavaThread "Reference Handler" daemon [_thread_blocked, id=10728, stack(0x03b40000,0x03b90000)]

Other Threads:
  0x01881400 VMThread [stack: 0x01910000,0x01960000] [id=9220]
  0x018c0000 WatcherThread [stack: 0x03f10000,0x03f60000] [id=4336]

VM state:not at safepoint (normal execution)

VM Mutex/Monitor currently owned by a thread: None

Heap
 def new generation   total 23168K, used 2556K [0x23980000, 0x252a0000, 0x28ed0000)
  eden space 20608K,  12% used [0x23980000, 0x23bfe9e0, 0x24da0000)
  from space 2560K,   0% used [0x25020000, 0x250206a8, 0x252a0000)
  to   space 2560K,   0% used [0x24da0000, 0x24da0000, 0x25020000)
 tenured generation   total 51380K, used 34242K [0x28ed0000, 0x2c0fd000, 0x33980000)
   the space 51380K,  66% used [0x28ed0000, 0x2b0409b0, 0x2b040a00, 0x2c0fd000)
 compacting perm gen  total 12288K, used 3126K [0x33980000, 0x34580000, 0x37980000)
   the space 12288K,  25% used [0x33980000, 0x33c8d848, 0x33c8da00, 0x34580000)
    ro space 10240K,  42% used [0x37980000, 0x37dbe580, 0x37dbe600, 0x38380000)
    rw space 12288K,  54% used [0x38380000, 0x389ff128, 0x389ff200, 0x38f80000)

Code Cache  [0x019a0000, 0x01b58000, 0x039a0000)
 total_blobs=1088 nmethods=798 adapters=225 free_code_cache=31011Kb largest_free_block=31755456

Compilation events (10 events):
Event: 44.091 Thread 0x018a9800  789             KinectPackage.MotorCommunicator::getLED (5 bytes)
Event: 44.091 Thread 0x018a9800 nmethod 789 0x01b569c8 code [0x01b56ac0, 0x01b56b40]
Event: 44.329 Thread 0x018a9800  790             KinectPackage.KinectDataEvent::<init> (15 bytes)
Event: 44.329 Thread 0x018a9800 nmethod 790 0x01b56b88 code [0x01b56c80, 0x01b56d10]
Event: 44.329 Thread 0x018a9800  791             KinectPackage.KinectDataEvent::setUserId (6 bytes)
Event: 44.329 Thread 0x018a9800 nmethod 791 0x01b56d48 code [0x01b56e40, 0x01b56ec0]
Event: 44.329 Thread 0x018a9800  792             KinectPackage.KinectDataEvent::setKinectData (6 bytes)
Event: 44.329 Thread 0x018a9800 nmethod 792 0x01b56f08 code [0x01b57000, 0x01b57090]
Event: 46.061 Thread 0x018a9800  793             handlers.KinectSkeletonJointsHandler::kinectUpdate (8 bytes)
Event: 46.061 Thread 0x018a9800 nmethod 793 0x01b570c8 code [0x01b571d0, 0x01b57288]

GC Heap History (10 events):
Event: 74.383 GC heap before
{Heap before GC invocations=6053 (full 6):
 def new generation   total 23168K, used 20609K [0x23980000, 0x252a0000, 0x28ed0000)
  eden space 20608K, 100% used [0x23980000, 0x24da0000, 0x24da0000)
  from space 2560K,   0% used [0x25020000, 0x250204b0, 0x252a0000)
  to   space 2560K,   0% used [0x24da0000, 0x24da0000, 0x25020000)
 tenured generation   total 51380K, used 34242K [0x28ed0000, 0x2c0fd000, 0x33980000)
   the space 51380K,  66% used [0x28ed0000, 0x2b0409b0, 0x2b040a00, 0x2c0fd000)
 compacting perm gen  total 12288K, used 3123K [0x33980000, 0x34580000, 0x37980000)
   the space 12288K,  25% used [0x33980000, 0x33c8cf18, 0x33c8d000, 0x34580000)
    ro space 10240K,  42% used [0x37980000, 0x37dbe580, 0x37dbe600, 0x38380000)
    rw space 12288K,  54% used [0x38380000, 0x389ff128, 0x389ff200, 0x38f80000)
Event: 74.384 GC heap after
Heap after GC invocations=6054 (full 6):
 def new generation   total 23168K, used 0K [0x23980000, 0x252a0000, 0x28ed0000)
  eden space 20608K,   0% used [0x23980000, 0x23980000, 0x24da0000)
  from space 2560K,   0% used [0x24da0000, 0x24da0288, 0x25020000)
  to   space 2560K,   0% used [0x25020000, 0x25020000, 0x252a0000)
 tenured generation   total 51380K, used 34242K [0x28ed0000, 0x2c0fd000, 0x33980000)
   the space 51380K,  66% used [0x28ed0000, 0x2b0409b0, 0x2b040a00, 0x2c0fd000)
 compacting perm gen  total 12288K, used 3123K [0x33980000, 0x34580000, 0x37980000)
   the space 12288K,  25% used [0x33980000, 0x33c8cf18, 0x33c8d000, 0x34580000)
    ro space 10240K,  42% used [0x37980000, 0x37dbe580, 0x37dbe600, 0x38380000)
    rw space 12288K,  54% used [0x38380000, 0x389ff128, 0x389ff200, 0x38f80000)
}
Event: 74.392 GC heap before
{Heap before GC invocations=6054 (full 6):
 def new generation   total 23168K, used 20608K [0x23980000, 0x252a0000, 0x28ed0000)
  eden space 20608K, 100% used [0x23980000, 0x24da0000, 0x24da0000)
  from space 2560K,   0% used [0x24da0000, 0x24da0288, 0x25020000)
  to   space 2560K,   0% used [0x25020000, 0x25020000, 0x252a0000)
 tenured generation   total 51380K, used 34242K [0x28ed0000, 0x2c0fd000, 0x33980000)
   the space 51380K,  66% used [0x28ed0000, 0x2b0409b0, 0x2b040a00, 0x2c0fd000)
 compacting perm gen  total 12288K, used 3123K [0x33980000, 0x34580000, 0x37980000)
   the space 12288K,  25% used [0x33980000, 0x33c8cf18, 0x33c8d000, 0x34580000)
    ro space 10240K,  42% used [0x37980000, 0x37dbe580, 0x37dbe600, 0x38380000)
    rw space 12288K,  54% used [0x38380000, 0x389ff128, 0x389ff200, 0x38f80000)
Event: 74.393 GC heap after
Heap after GC invocations=6055 (full 6):
 def new generation   total 23168K, used 0K [0x23980000, 0x252a0000, 0x28ed0000)
  eden space 20608K,   0% used [0x23980000, 0x23980000, 0x24da0000)
  from space 2560K,   0% used [0x25020000, 0x25020288, 0x252a0000)
  to   space 2560K,   0% used [0x24da0000, 0x24da0000, 0x25020000)
 tenured generation   total 51380K, used 34242K [0x28ed0000, 0x2c0fd000, 0x33980000)
   the space 51380K,  66% used [0x28ed0000, 0x2b0409b0, 0x2b040a00, 0x2c0fd000)
 compacting perm gen  total 12288K, used 3123K [0x33980000, 0x34580000, 0x37980000)
   the space 12288K,  25% used [0x33980000, 0x33c8cf18, 0x33c8d000, 0x34580000)
    ro space 10240K,  42% used [0x37980000, 0x37dbe580, 0x37dbe600, 0x38380000)
    rw space 12288K,  54% used [0x38380000, 0x389ff128, 0x389ff200, 0x38f80000)
}
Event: 74.401 GC heap before
{Heap before GC invocations=6055 (full 6):
 def new generation   total 23168K, used 20608K [0x23980000, 0x252a0000, 0x28ed0000)
  eden space 20608K, 100% used [0x23980000, 0x24da0000, 0x24da0000)
  from space 2560K,   0% used [0x25020000, 0x25020288, 0x252a0000)
  to   space 2560K,   0% used [0x24da0000, 0x24da0000, 0x25020000)
 tenured generation   total 51380K, used 34242K [0x28ed0000, 0x2c0fd000, 0x33980000)
   the space 51380K,  66% used [0x28ed0000, 0x2b0409b0, 0x2b040a00, 0x2c0fd000)
 compacting perm gen  total 12288K, used 3123K [0x33980000, 0x34580000, 0x37980000)
   the space 12288K,  25% used [0x33980000, 0x33c8cf18, 0x33c8d000, 0x34580000)
    ro space 10240K,  42% used [0x37980000, 0x37dbe580, 0x37dbe600, 0x38380000)
    rw space 12288K,  54% used [0x38380000, 0x389ff128, 0x389ff200, 0x38f80000)
Event: 74.402 GC heap after
Heap after GC invocations=6056 (full 6):
 def new generation   total 23168K, used 1K [0x23980000, 0x252a0000, 0x28ed0000)
  eden space 20608K,   0% used [0x23980000, 0x23980000, 0x24da0000)
  from space 2560K,   0% used [0x24da0000, 0x24da0448, 0x25020000)
  to   space 2560K,   0% used [0x25020000, 0x25020000, 0x252a0000)
 tenured generation   total 51380K, used 34242K [0x28ed0000, 0x2c0fd000, 0x33980000)
   the space 51380K,  66% used [0x28ed0000, 0x2b0409b0, 0x2b040a00, 0x2c0fd000)
 compacting perm gen  total 12288K, used 3123K [0x33980000, 0x34580000, 0x37980000)
   the space 12288K,  25% used [0x33980000, 0x33c8cf18, 0x33c8d000, 0x34580000)
    ro space 10240K,  42% used [0x37980000, 0x37dbe580, 0x37dbe600, 0x38380000)
    rw space 12288K,  54% used [0x38380000, 0x389ff128, 0x389ff200, 0x38f80000)
}
Event: 74.410 GC heap before
{Heap before GC invocations=6056 (full 6):
 def new generation   total 23168K, used 20609K [0x23980000, 0x252a0000, 0x28ed0000)
  eden space 20608K, 100% used [0x23980000, 0x24da0000, 0x24da0000)
  from space 2560K,   0% used [0x24da0000, 0x24da0448, 0x25020000)
  to   space 2560K,   0% used [0x25020000, 0x25020000, 0x252a0000)
 tenured generation   total 51380K, used 34242K [0x28ed0000, 0x2c0fd000, 0x33980000)
   the space 51380K,  66% used [0x28ed0000, 0x2b0409b0, 0x2b040a00, 0x2c0fd000)
 compacting perm gen  total 12288K, used 3123K [0x33980000, 0x34580000, 0x37980000)
   the space 12288K,  25% used [0x33980000, 0x33c8cf18, 0x33c8d000, 0x34580000)
    ro space 10240K,  42% used [0x37980000, 0x37dbe580, 0x37dbe600, 0x38380000)
    rw space 12288K,  54% used [0x38380000, 0x389ff128, 0x389ff200, 0x38f80000)
Event: 74.411 GC heap after
Heap after GC invocations=6057 (full 6):
 def new generation   total 23168K, used 6K [0x23980000, 0x252a0000, 0x28ed0000)
  eden space 20608K,   0% used [0x23980000, 0x23980000, 0x24da0000)
  from space 2560K,   0% used [0x25020000, 0x25021940, 0x252a0000)
  to   space 2560K,   0% used [0x24da0000, 0x24da0000, 0x25020000)
 tenured generation   total 51380K, used 34242K [0x28ed0000, 0x2c0fd000, 0x33980000)
   the space 51380K,  66% used [0x28ed0000, 0x2b0409b0, 0x2b040a00, 0x2c0fd000)
 compacting perm gen  total 12288K, used 3123K [0x33980000, 0x34580000, 0x37980000)
   the space 12288K,  25% used [0x33980000, 0x33c8cf18, 0x33c8d000, 0x34580000)
    ro space 10240K,  42% used [0x37980000, 0x37dbe580, 0x37dbe600, 0x38380000)
    rw space 12288K,  54% used [0x38380000, 0x389ff128, 0x389ff200, 0x38f80000)
}
Event: 74.419 GC heap before
{Heap before GC invocations=6057 (full 6):
 def new generation   total 23168K, used 20614K [0x23980000, 0x252a0000, 0x28ed0000)
  eden space 20608K, 100% used [0x23980000, 0x24da0000, 0x24da0000)
  from space 2560K,   0% used [0x25020000, 0x25021940, 0x252a0000)
  to   space 2560K,   0% used [0x24da0000, 0x24da0000, 0x25020000)
 tenured generation   total 51380K, used 34242K [0x28ed0000, 0x2c0fd000, 0x33980000)
   the space 51380K,  66% used [0x28ed0000, 0x2b0409b0, 0x2b040a00, 0x2c0fd000)
 compacting perm gen  total 12288K, used 3123K [0x33980000, 0x34580000, 0x37980000)
   the space 12288K,  25% used [0x33980000, 0x33c8cf18, 0x33c8d000, 0x34580000)
    ro space 10240K,  42% used [0x37980000, 0x37dbe580, 0x37dbe600, 0x38380000)
    rw space 12288K,  54% used [0x38380000, 0x389ff128, 0x389ff200, 0x38f80000)
Event: 74.420 GC heap after
Heap after GC invocations=6058 (full 6):
 def new generation   total 23168K, used 0K [0x23980000, 0x252a0000, 0x28ed0000)
  eden space 20608K,   0% used [0x23980000, 0x23980000, 0x24da0000)
  from space 2560K,   0% used [0x24da0000, 0x24da03a0, 0x25020000)
  to   space 2560K,   0% used [0x25020000, 0x25020000, 0x252a0000)
 tenured generation   total 51380K, used 34242K [0x28ed0000, 0x2c0fd000, 0x33980000)
   the space 51380K,  66% used [0x28ed0000, 0x2b0409b0, 0x2b040a00, 0x2c0fd000)
 compacting perm gen  total 12288K, used 3123K [0x33980000, 0x34580000, 0x37980000)
   the space 12288K,  25% used [0x33980000, 0x33c8cf18, 0x33c8d000, 0x34580000)
    ro space 10240K,  42% used [0x37980000, 0x37dbe580, 0x37dbe600, 0x38380000)
    rw space 12288K,  54% used [0x38380000, 0x389ff128, 0x389ff200, 0x38f80000)
}

Deoptimization events (0 events):
No events

Internal exceptions (10 events):
Event: 4.180 Thread 0x16507000 Threw 0x2424efe0 at C:\jdk7u5_32P\jdk7u5\hotspot\src\share\vm\interpreter\interpreterRuntime.cpp:347
Event: 4.180 Thread 0x164c8400 Threw 0x23faa020 at C:\jdk7u5_32P\jdk7u5\hotspot\src\share\vm\prims\jvm.cpp:1166
Event: 4.181 Thread 0x164c8400 Threw 0x23fada00 at C:\jdk7u5_32P\jdk7u5\hotspot\src\share\vm\prims\jvm.cpp:1166
Event: 4.181 Thread 0x16507000 Threw 0x24250208 at C:\jdk7u5_32P\jdk7u5\hotspot\src\share\vm\prims\jvm.cpp:1166
Event: 4.181 Thread 0x162fc800 Threw 0x244382f8 at C:\jdk7u5_32P\jdk7u5\hotspot\src\share\vm\prims\jvm.cpp:1166
Event: 4.182 Thread 0x162fc800 Threw 0x2443a398 at C:\jdk7u5_32P\jdk7u5\hotspot\src\share\vm\prims\jvm.cpp:1166
Event: 4.182 Thread 0x16507000 Threw 0x24252fb0 at C:\jdk7u5_32P\jdk7u5\hotspot\src\share\vm\prims\jvm.cpp:1166
Event: 5.543 Thread 0x162fc800 Threw 0x24c308b0 at C:\jdk7u5_32P\jdk7u5\hotspot\src\share\vm\prims\jvm.cpp:1166
Event: 74.420 Thread 0x0401c800 Threw 0x239e72f0 at C:\jdk7u5_32P\jdk7u5\hotspot\src\share\vm\prims\jvm.cpp:1166
Event: 74.421 Thread 0x0401c800 Threw 0x23b1d640 at C:\jdk7u5_32P\jdk7u5\hotspot\src\share\vm\prims\jvm.cpp:1166

Events (10 events):
Event: 74.412 Thread 0x16611400 Thread exited: 0x16611400
Event: 74.412 Thread 0x16614000 Thread exited: 0x16614000
Event: 74.419 Executing VM operation: GenCollectForAllocation
Event: 74.420 Executing VM operation: GenCollectForAllocation done
Event: 74.420 loading class 0x03fd0038
Event: 74.420 loading class 0x03fd0038 done
Event: 74.421 loading class 0x04007500
Event: 74.421 loading class 0x04007500 done
Event: 74.421 Thread 0x16618800 Thread added: 0x16618800
Event: 74.421 Thread 0x16618800 Thread exited: 0x16618800


Dynamic libraries:
0x012c0000 - 0x012ef000 	C:\Windows\system32\java.exe
0x76fb0000 - 0x770ec000 	C:\Windows\SYSTEM32\ntdll.dll
0x76ce0000 - 0x76db4000 	C:\Windows\system32\kernel32.dll
0x753f0000 - 0x7543a000 	C:\Windows\system32\KERNELBASE.dll
0x76bb0000 - 0x76c50000 	C:\Windows\system32\ADVAPI32.dll
0x77130000 - 0x771dc000 	C:\Windows\system32\msvcrt.dll
0x755f0000 - 0x75609000 	C:\Windows\SYSTEM32\sechost.dll
0x76890000 - 0x76931000 	C:\Windows\system32\RPCRT4.dll
0x75990000 - 0x75a59000 	C:\Windows\system32\USER32.dll
0x75610000 - 0x7565e000 	C:\Windows\system32\GDI32.dll
0x77100000 - 0x7710a000 	C:\Windows\system32\LPK.dll
0x75810000 - 0x758ad000 	C:\Windows\system32\USP10.dll
0x74080000 - 0x7421e000 	C:\Windows\WinSxS\x86_microsoft.windows.common-controls_6595b64144ccf1df_6.0.7601.17514_none_41e6975e2bd6f2b2\COMCTL32.dll
0x758b0000 - 0x75907000 	C:\Windows\system32\SHLWAPI.dll
0x75c20000 - 0x75c3f000 	C:\Windows\system32\IMM32.DLL
0x76940000 - 0x76a0c000 	C:\Windows\system32\MSCTF.dll
0x5f5c0000 - 0x5f67e000 	C:\Program Files\Java\jre7\bin\msvcr100.dll
0x5d860000 - 0x5dbaa000 	C:\Program Files\Java\jre7\bin\client\jvm.dll
0x6c830000 - 0x6c837000 	C:\Windows\system32\WSOCK32.dll
0x76e10000 - 0x76e45000 	C:\Windows\system32\WS2_32.dll
0x77110000 - 0x77116000 	C:\Windows\system32\NSI.dll
0x735d0000 - 0x73602000 	C:\Windows\system32\WINMM.dll
0x770f0000 - 0x770f5000 	C:\Windows\system32\PSAPI.DLL
0x715b0000 - 0x715bc000 	C:\Program Files\Java\jre7\bin\verify.dll
0x71340000 - 0x71360000 	C:\Program Files\Java\jre7\bin\java.dll
0x71320000 - 0x71333000 	C:\Program Files\Java\jre7\bin\zip.dll
0x71300000 - 0x71314000 	C:\Program Files\Java\jre7\bin\net.dll
0x74bb0000 - 0x74bec000 	C:\Windows\system32\mswsock.dll
0x74ba0000 - 0x74ba6000 	C:\Windows\System32\wship6.dll
0x10000000 - 0x1000c000 	C:\Windows\System32\LibusbJava.dll
0x712d0000 - 0x712e1000 	C:\Windows\system32\libusb0.dll
0x76a10000 - 0x76bad000 	C:\Windows\system32\SETUPAPI.dll
0x751c0000 - 0x751e7000 	C:\Windows\system32\CFGMGR32.dll
0x75780000 - 0x7580f000 	C:\Windows\system32\OLEAUT32.dll
0x76e50000 - 0x76fac000 	C:\Windows\system32\ole32.dll
0x753d0000 - 0x753e2000 	C:\Windows\system32\DEVOBJ.dll
0x70300000 - 0x7031e000 	C:\Program Files\OpenNI\Bin\OpenNI.jni.dll
0x64b60000 - 0x64bb0000 	C:\Program Files\OpenNI\Bin\OpenNI.dll
0x75c40000 - 0x7688a000 	C:\Windows\system32\SHELL32.dll
0x70fc0000 - 0x70fd8000 	C:\Program Files\OpenNI\bin\nimRecorder.dll
0x647a0000 - 0x647ba000 	C:\Program Files\OpenNI\bin\nimMockNodes.dll
0x64370000 - 0x643b9000 	C:\Program Files\OpenNI\bin\nimCodecs.dll
0x64780000 - 0x647a0000 	C:\Program Files\PrimeSense\SensorKinect\Bin\XnDeviceFile.dll
0x739b0000 - 0x739bb000 	C:\Program Files\PrimeSense\SensorKinect\Bin\XnCore.dll
0x5f690000 - 0x5f733000 	C:\Windows\WinSxS\x86_microsoft.vc90.crt_1fc8b3b9a1e18e3b_9.0.30729.6161_none_50934f2ebcb7eb57\MSVCR90.dll
0x642a0000 - 0x642d8000 	C:\Program Files\PrimeSense\SensorKinect\Bin\XnDDK.dll
0x626f0000 - 0x62734000 	C:\Program Files\PrimeSense\SensorKinect\Bin\XnFormats.dll
0x62680000 - 0x626cf000 	C:\Program Files\PrimeSense\SensorKinect\Bin\XnDeviceSensorV2KM.dll
0x5f0c0000 - 0x5f358000 	C:\Program Files\PrimeSense\NITE\Features_1_3_0\Bin\XnVFeatures_1_3_0.dll
0x5f530000 - 0x5f5be000 	C:\Windows\WinSxS\x86_microsoft.vc90.crt_1fc8b3b9a1e18e3b_9.0.30729.6161_none_50934f2ebcb7eb57\MSVCP90.dll
0x5ee70000 - 0x5f0bf000 	C:\Program Files\PrimeSense\NITE\Features_1_3_1\Bin\XnVFeatures_1_3_1.dll
0x5e280000 - 0x5e499000 	C:\Program Files\PrimeSense\NITE\Features_1_4_1\Bin\XnVFeatures_1_4_1.dll
0x5d640000 - 0x5d856000 	C:\Program Files\PrimeSense\NITE\Features_1_4_2\Bin\XnVFeatures_1_4_2.dll
0x5d330000 - 0x5d637000 	C:\Program Files\PrimeSense\NITE\Features_1_5_2\Bin\XnVFeatures_1_5_2.dll
0x5f450000 - 0x5f527000 	C:\Program Files\PrimeSense\NITE\Hands_1_3_0\Bin\XnVHandGenerator_1_3_0.dll
0x5d250000 - 0x5d32c000 	C:\Program Files\PrimeSense\NITE\Hands_1_3_1\Bin\XnVHandGenerator_1_3_1.dll
0x5d170000 - 0x5d24d000 	C:\Program Files\PrimeSense\NITE\Hands_1_4_1\Bin\XnVHandGenerator_1_4_1.dll
0x5d090000 - 0x5d16d000 	C:\Program Files\PrimeSense\NITE\Hands_1_4_2\Bin\XnVHandGenerator_1_4_2.dll
0x5cfa0000 - 0x5d08c000 	C:\Program Files\PrimeSense\NITE\Hands_1_5_2\Bin\XnVHandGenerator_1_5_2.dll
0x73d70000 - 0x73db0000 	C:\Windows\system32\uxtheme.dll
0x753a0000 - 0x753cd000 	C:\Windows\system32\WINTRUST.dll
0x75280000 - 0x7539e000 	C:\Windows\system32\CRYPT32.dll
0x751b0000 - 0x751bc000 	C:\Windows\system32\MSASN1.dll
0x75070000 - 0x750bc000 	C:\Windows\system32\apphelp.dll
0x746c0000 - 0x746c5000 	C:\Windows\System32\wshtcpip.dll
0x71570000 - 0x7157f000 	C:\Program Files\Java\jre7\bin\nio.dll
0x5ce50000 - 0x5cf92000 	C:\Program Files\Java\jre7\bin\awt.dll
0x73df0000 - 0x73e03000 	C:\Windows\system32\dwmapi.dll
0x750c0000 - 0x750cc000 	C:\Windows\system32\CRYPTBASE.dll
0x71550000 - 0x71556000 	C:\Program Files\Java\jre7\bin\jawt.dll
0x17140000 - 0x17213000 	C:\Windows\System32\j3dcore-d3d.dll
0x71d10000 - 0x71ed3000 	C:\Windows\system32\d3d9.dll
0x745f0000 - 0x745f9000 	C:\Windows\system32\VERSION.dll
0x71cf0000 - 0x71cf6000 	C:\Windows\system32\d3d8thk.dll
0x73790000 - 0x737cc000 	C:\Windows\system32\OLEACC.dll
0x6fa50000 - 0x6faa1000 	C:\Windows\system32\WINSPOOL.DRV
0x6f2e0000 - 0x6f3cb000 	C:\Windows\system32\dbghelp.dll

VM Arguments:
jvm_args: -Djava 
java_command: SANDRAExecutable.jar 193.156.105.142 7540 kinectJoints gameControl
Launcher Type: SUN_STANDARD

Environment Variables:
CLASSPATH=C:\Program Files\OpenNI\Bin\org.OpenNI.jar
PATH=C:\Program Files\Intel\iCLS Client\;C:\Program Files\AMD APP\bin\x86;C:\Windows\system32;C:\Windows;C:\Windows\System32\Wbem;C:\Windows\System32\WindowsPowerShell\v1.0\;C:\Program Files\ATI Technologies\ATI.ACE\Core-Static;C:\Users\norut\AppData\Roaming\npm;C:\Program Files\nodejs\;C:\Program Files\Intel\Intel(R) Management Engine Components\DAL;C:\Program Files\Intel\Intel(R) Management Engine Components\IPT;C:\Program Files\OpenNI\Bin;C:\Program Files\PrimeSense\NITE\bin;C:\Program Files\AMD APP\bin\x86;C:\Windows\system32;C:\Windows;C:\Windows\System32\Wbem;C:\Windows\System32\WindowsPowerShell\v1.0\;C:\Program Files\ATI Technologies\ATI.ACE\Core-Static;C:\Program Files\nodejs
USERNAME=norut
OS=Windows_NT
PROCESSOR_IDENTIFIER=x86 Family 6 Model 58 Stepping 9, GenuineIntel



---------------  S Y S T E M  ---------------

OS: Windows 7 Build 7601 Service Pack 1

CPU:total 4 (4 cores per cpu, 1 threads per core) family 6 model 58 stepping 9, cmov, cx8, fxsr, mmx, sse, sse2, sse3, ssse3, sse4.1, sse4.2, popcnt, avx, tsc, tscinvbit, tscinv

Memory: 4k page, physical 3638896k(1607204k free), swap 7276036k(5012908k free)

vm_info: Java HotSpot(TM) Client VM (23.1-b03) for windows-x86 JRE (1.7.0_05-b05), built on May 15 2012 18:11:27 by "java_re" with unknown MS VC++:1600

time: Tue Jul 17 13:25:41 2012
elapsed time: 74 seconds

