#
# A fatal error has been detected by the Java Runtime Environment:
#
#  EXCEPTION_ACCESS_VIOLATION (0xc0000005) at pc=0x700b6c89, pid=9816, tid=9272
#
# JRE version: 7.0_05-b05
# Java VM: Java HotSpot(TM) Client VM (23.1-b03 mixed mode, sharing windows-x86 )
# Problematic frame:
# C  [OpenNI.jni.dll+0x6c89]  Java_org_OpenNI_NativeMethods_xnUnregisterUserCallbacks+0x19
#
# Failed to write core dump. Minidumps are not enabled by default on client versions of Windows
#
# If you would like to submit a bug report, please visit:
#   http://bugreport.sun.com/bugreport/crash.jsp
# The crash happened outside the Java Virtual Machine in native code.
# See problematic frame for where to report the bug.
#

---------------  T H R E A D  ---------------

Current thread (0x05e52c00):  JavaThread "Thread-1" [_thread_in_native, id=9272, stack(0x14ba0000,0x14bf0000)]

siginfo: ExceptionCode=0xc0000005, reading address 0x00000000

Registers:
EAX=0x00000000, EBX=0x33a4eae8, ECX=0x05c58804, EDX=0x03e72e0c
ESP=0x14beec60, EBP=0x14beecb4, ESI=0x05c587f8, EDI=0x05e52c00
EIP=0x700b6c89, EFLAGS=0x00010202

Top of Stack: (sp=0x14beec60)
0x14beec60:   05c2b1f0 05c58838 33a4eae8 01bba707
0x14beec70:   05e52d28 14beecbc 05c2b1f0 00000000
0x14beec80:   05c587f8 00000000 14beecd8 01ccc110
0x14beec90:   379ea284 14beec94 00000000 14beecd0
0x14beeca0:   33a528e0 00000000 33a4eae8 00000000
0x14beecb0:   14beecc4 14beecf4 01bb32c7 28fd2c28
0x14beecc0:   01bb8989 05c587f8 00000000 05c2b1f0
0x14beecd0:   00000000 14beecd4 33a59268 14beed04 

Instructions: (pc=0x700b6c89)
0x700b6c69:   cc cc cc cc cc cc cc 8b 4c 24 0c 56 8b 74 24 18
0x700b6c79:   8b 46 10 50 51 ff 15 64 b4 0b 70 8b 06 8b 4e 08
0x700b6c89:   8b 10 8b 52 58 83 c4 08 51 50 ff d2 56 ff 15 84
0x700b6c99:   b0 0b 70 83 c4 04 5e c2 18 00 cc cc cc cc cc cc 


Register to memory mapping:

EAX=0x00000000 is an unknown value
EBX=0x33a4eae8 is an oop
{method} 
 - klass: {other class}
ECX=0x05c58804 is an unknown value
EDX=0x03e72e0c is an unknown value
ESP=0x14beec60 is pointing into the stack for thread: 0x05e52c00
EBP=0x14beecb4 is pointing into the stack for thread: 0x05e52c00
ESI=0x05c587f8 is an unknown value
EDI=0x05e52c00 is a thread


Stack: [0x14ba0000,0x14bf0000],  sp=0x14beec60,  free space=315k
Native frames: (J=compiled Java code, j=interpreted, Vv=VM code, C=native code)
C  [OpenNI.jni.dll+0x6c89]  Java_org_OpenNI_NativeMethods_xnUnregisterUserCallbacks+0x19
j  org.OpenNI.UserGenerator$1.unregisterNative(J)V+8
j  org.OpenNI.Observable.deleteObserver(Lorg/OpenNI/IObserver;)V+24
j  KinectPackage.SkeletonManager.reset()V+11
j  KinectPackage.SkeletonManager.access$8(LKinectPackage/SkeletonManager;)V+1
j  KinectPackage.SkeletonManager$LostUserObserver.update(Lorg/OpenNI/IObservable;Lorg/OpenNI/UserEventArgs;)V+183
j  KinectPackage.SkeletonManager$LostUserObserver.update(Lorg/OpenNI/IObservable;Ljava/lang/Object;)V+9
j  org.OpenNI.Observable.notify(Ljava/lang/Object;)V+30
j  org.OpenNI.UserGenerator$2.callback(I)V+9
v  ~StubRoutines::call_stub
V  [jvm.dll+0x12964a]
V  [jvm.dll+0x1d851e]
V  [jvm.dll+0x1296cd]
V  [jvm.dll+0xae4da]
V  [jvm.dll+0xb1d93]
C  [OpenNI.jni.dll+0x10ea]  JNI_OnUnload+0x6a
C  [XnVFeatures_1_5_2.dll+0x959a8]  xnModuleGetOpenNIVersion+0x57988
C  [XnVFeatures_1_5_2.dll+0x7b5d8]  xnModuleGetOpenNIVersion+0x3d5b8
C  [XnVFeatures_1_5_2.dll+0xb1538]  xnModuleGetOpenNIVersion+0x73518
C  [XnVFeatures_1_5_2.dll+0x95266]  xnModuleGetOpenNIVersion+0x57246
C  [OpenNI.jni.dll+0x2eab]  Java_org_OpenNI_NativeMethods_xnWaitAnyUpdateAll+0xb
J  org.OpenNI.Context.waitAnyUpdateAll()V
j  java.lang.Thread.run()V+11
v  ~StubRoutines::call_stub
V  [jvm.dll+0x12964a]
V  [jvm.dll+0x1d851e]
V  [jvm.dll+0x129833]
V  [jvm.dll+0x129897]
V  [jvm.dll+0xd24af]
V  [jvm.dll+0x149977]
V  [jvm.dll+0x149ae0]
V  [jvm.dll+0x17e049]
C  [msvcr100.dll+0x5c6de]  endthreadex+0x3a
C  [msvcr100.dll+0x5c788]  endthreadex+0xe4
C  [kernel32.dll+0x4ed6c]  BaseThreadInitThunk+0x12
C  [ntdll.dll+0x6377b]  RtlInitializeExceptionChain+0xef
C  [ntdll.dll+0x6374e]  RtlInitializeExceptionChain+0xc2

Java frames: (J=compiled Java code, j=interpreted, Vv=VM code)
j  org.OpenNI.NativeMethods.xnUnregisterUserCallbacks(JJ)V+0
j  org.OpenNI.UserGenerator$1.unregisterNative(J)V+8
j  org.OpenNI.Observable.deleteObserver(Lorg/OpenNI/IObserver;)V+24
j  KinectPackage.SkeletonManager.reset()V+11
j  KinectPackage.SkeletonManager.access$8(LKinectPackage/SkeletonManager;)V+1
j  KinectPackage.SkeletonManager$LostUserObserver.update(Lorg/OpenNI/IObservable;Lorg/OpenNI/UserEventArgs;)V+183
j  KinectPackage.SkeletonManager$LostUserObserver.update(Lorg/OpenNI/IObservable;Ljava/lang/Object;)V+9
j  org.OpenNI.Observable.notify(Ljava/lang/Object;)V+30
j  org.OpenNI.UserGenerator$2.callback(I)V+9
v  ~StubRoutines::call_stub
J  org.OpenNI.NativeMethods.xnWaitAnyUpdateAll(J)I
J  org.OpenNI.Context.waitAnyUpdateAll()V
j  KinectPackage.KinectManager.run()V+12
j  java.lang.Thread.run()V+11
v  ~StubRoutines::call_stub

---------------  P R O C E S S  ---------------

Java Threads: ( => current thread )
  0x1618b800 JavaThread "DestroyJavaVM" [_thread_blocked, id=3844, stack(0x002e0000,0x00330000)]
  0x165c7800 JavaThread "Thread-20" [_thread_in_Java, id=8340, stack(0x1aa50000,0x1aaa0000)]
  0x16211c00 JavaThread "Thread-6" [_thread_in_Java, id=8144, stack(0x1a980000,0x1a9d0000)]
  0x16166400 JavaThread "Thread-5" [_thread_in_native, id=16260, stack(0x1a8e0000,0x1a930000)]
  0x16165c00 JavaThread "AWT-Windows" daemon [_thread_in_native, id=7552, stack(0x1a6f0000,0x1a740000)]
  0x16311400 JavaThread "Java2D Disposer" daemon [_thread_blocked, id=13164, stack(0x18120000,0x18170000)]
=>0x05e52c00 JavaThread "Thread-1" [_thread_in_native, id=9272, stack(0x14ba0000,0x14bf0000)]
  0x0130cc00 JavaThread "Service Thread" daemon [_thread_blocked, id=3264, stack(0x019b0000,0x01a00000)]
  0x01308800 JavaThread "C1 CompilerThread0" daemon [_thread_blocked, id=5016, stack(0x03d80000,0x03dd0000)]
  0x01307c00 JavaThread "Attach Listener" daemon [_thread_blocked, id=2324, stack(0x01920000,0x01970000)]
  0x01307800 JavaThread "Signal Dispatcher" daemon [_thread_blocked, id=12352, stack(0x03cd0000,0x03d20000)]
  0x012e4000 JavaThread "Finalizer" daemon [_thread_blocked, id=7100, stack(0x03c30000,0x03c80000)]
  0x012e2800 JavaThread "Reference Handler" daemon [_thread_blocked, id=6688, stack(0x01b10000,0x01b60000)]

Other Threads:
  0x012e1400 VMThread [stack: 0x01ab0000,0x01b00000] [id=6528]
  0x01317000 WatcherThread [stack: 0x03bc0000,0x03c10000] [id=7296]

VM state:not at safepoint (normal execution)

VM Mutex/Monitor currently owned by a thread: None

Heap
 def new generation   total 78656K, used 59853K [0x23980000, 0x28ed0000, 0x28ed0000)
  eden space 69952K,  87% used [0x23980000, 0x275363c8, 0x27dd0000)
  from space 8704K,   0% used [0x28650000, 0x28654a78, 0x28ed0000)
  to   space 8704K,   0% used [0x27dd0000, 0x27dd0000, 0x28650000)
 tenured generation   total 174784K, used 49488K [0x28ed0000, 0x33980000, 0x33980000)
   the space 174784K,  28% used [0x28ed0000, 0x2bf24258, 0x2bf24400, 0x33980000)
 compacting perm gen  total 12288K, used 2922K [0x33980000, 0x34580000, 0x37980000)
   the space 12288K,  23% used [0x33980000, 0x33c5ab80, 0x33c5ac00, 0x34580000)
    ro space 10240K,  42% used [0x37980000, 0x37dbe580, 0x37dbe600, 0x38380000)
    rw space 12288K,  54% used [0x38380000, 0x389ff128, 0x389ff200, 0x38f80000)

Code Cache  [0x01bb0000, 0x01d78000, 0x03bb0000)
 total_blobs=1097 nmethods=815 adapters=217 free_code_cache=30970Kb largest_free_block=31713728

Compilation events (10 events):
Event: 44.951 Thread 0x01308800  806             KinectPackage.KinectDataEvent::setKinectData (6 bytes)
Event: 44.951 Thread 0x01308800 nmethod 806 0x01d6fc88 code [0x01d6fd80, 0x01d6fe10]
Event: 72.031 Thread 0x01308800    6 %           control.SharedSocket::run @ 0 (7 bytes)
Event: 72.031 Thread 0x01308800 nmethod 6% 0x01d6fe48 code [0x01d6ff50, 0x01d7000c]
Event: 88.811 Thread 0x01308800  807             sun.misc.FDBigInt::quoRemIteration (316 bytes)
Event: 88.811 Thread 0x01308800 nmethod 807 0x01d700c8 code [0x01d70210, 0x01d7073c]
Event: 104.536 Thread 0x01308800  808             java.util.concurrent.locks.ReentrantLock::tryLock (9 bytes)
Event: 104.536 Thread 0x01308800 nmethod 808 0x01d70d88 code [0x01d70e90, 0x01d70f2c]
Event: 105.610 Thread 0x01308800  809             java.util.concurrent.ConcurrentHashMap$Segment::scanAndLockForPut (140 bytes)
Event: 105.610 Thread 0x01308800 nmethod 809 0x01d70fc8 code [0x01d71110, 0x01d713fc]

GC Heap History (10 events):
Event: 108.614 GC heap before
{Heap before GC invocations=609 (full 26):
 def new generation   total 78656K, used 69952K [0x23980000, 0x28ed0000, 0x28ed0000)
  eden space 69952K, 100% used [0x23980000, 0x27dd0000, 0x27dd0000)
  from space 8704K,   0% used [0x27dd0000, 0x27dd0318, 0x28650000)
  to   space 8704K,   0% used [0x28650000, 0x28650000, 0x28ed0000)
 tenured generation   total 174784K, used 49488K [0x28ed0000, 0x33980000, 0x33980000)
   the space 174784K,  28% used [0x28ed0000, 0x2bf24258, 0x2bf24400, 0x33980000)
 compacting perm gen  total 12288K, used 2922K [0x33980000, 0x34580000, 0x37980000)
   the space 12288K,  23% used [0x33980000, 0x33c5ab80, 0x33c5ac00, 0x34580000)
    ro space 10240K,  42% used [0x37980000, 0x37dbe580, 0x37dbe600, 0x38380000)
    rw space 12288K,  54% used [0x38380000, 0x389ff128, 0x389ff200, 0x38f80000)
Event: 108.615 GC heap after
Heap after GC invocations=610 (full 26):
 def new generation   total 78656K, used 6K [0x23980000, 0x28ed0000, 0x28ed0000)
  eden space 69952K,   0% used [0x23980000, 0x23980000, 0x27dd0000)
  from space 8704K,   0% used [0x28650000, 0x28651b80, 0x28ed0000)
  to   space 8704K,   0% used [0x27dd0000, 0x27dd0000, 0x28650000)
 tenured generation   total 174784K, used 49488K [0x28ed0000, 0x33980000, 0x33980000)
   the space 174784K,  28% used [0x28ed0000, 0x2bf24258, 0x2bf24400, 0x33980000)
 compacting perm gen  total 12288K, used 2922K [0x33980000, 0x34580000, 0x37980000)
   the space 12288K,  23% used [0x33980000, 0x33c5ab80, 0x33c5ac00, 0x34580000)
    ro space 10240K,  42% used [0x37980000, 0x37dbe580, 0x37dbe600, 0x38380000)
    rw space 12288K,  54% used [0x38380000, 0x389ff128, 0x389ff200, 0x38f80000)
}
Event: 108.647 GC heap before
{Heap before GC invocations=610 (full 26):
 def new generation   total 78656K, used 69958K [0x23980000, 0x28ed0000, 0x28ed0000)
  eden space 69952K, 100% used [0x23980000, 0x27dd0000, 0x27dd0000)
  from space 8704K,   0% used [0x28650000, 0x28651b80, 0x28ed0000)
  to   space 8704K,   0% used [0x27dd0000, 0x27dd0000, 0x28650000)
 tenured generation   total 174784K, used 49488K [0x28ed0000, 0x33980000, 0x33980000)
   the space 174784K,  28% used [0x28ed0000, 0x2bf24258, 0x2bf24400, 0x33980000)
 compacting perm gen  total 12288K, used 2922K [0x33980000, 0x34580000, 0x37980000)
   the space 12288K,  23% used [0x33980000, 0x33c5ab80, 0x33c5ac00, 0x34580000)
    ro space 10240K,  42% used [0x37980000, 0x37dbe580, 0x37dbe600, 0x38380000)
    rw space 12288K,  54% used [0x38380000, 0x389ff128, 0x389ff200, 0x38f80000)
Event: 108.647 GC heap after
Heap after GC invocations=611 (full 26):
 def new generation   total 78656K, used 7K [0x23980000, 0x28ed0000, 0x28ed0000)
  eden space 69952K,   0% used [0x23980000, 0x23980000, 0x27dd0000)
  from space 8704K,   0% used [0x27dd0000, 0x27dd1df8, 0x28650000)
  to   space 8704K,   0% used [0x28650000, 0x28650000, 0x28ed0000)
 tenured generation   total 174784K, used 49488K [0x28ed0000, 0x33980000, 0x33980000)
   the space 174784K,  28% used [0x28ed0000, 0x2bf24258, 0x2bf24400, 0x33980000)
 compacting perm gen  total 12288K, used 2922K [0x33980000, 0x34580000, 0x37980000)
   the space 12288K,  23% used [0x33980000, 0x33c5ab80, 0x33c5ac00, 0x34580000)
    ro space 10240K,  42% used [0x37980000, 0x37dbe580, 0x37dbe600, 0x38380000)
    rw space 12288K,  54% used [0x38380000, 0x389ff128, 0x389ff200, 0x38f80000)
}
Event: 108.675 GC heap before
{Heap before GC invocations=611 (full 26):
 def new generation   total 78656K, used 69959K [0x23980000, 0x28ed0000, 0x28ed0000)
  eden space 69952K, 100% used [0x23980000, 0x27dd0000, 0x27dd0000)
  from space 8704K,   0% used [0x27dd0000, 0x27dd1df8, 0x28650000)
  to   space 8704K,   0% used [0x28650000, 0x28650000, 0x28ed0000)
 tenured generation   total 174784K, used 49488K [0x28ed0000, 0x33980000, 0x33980000)
   the space 174784K,  28% used [0x28ed0000, 0x2bf24258, 0x2bf24400, 0x33980000)
 compacting perm gen  total 12288K, used 2922K [0x33980000, 0x34580000, 0x37980000)
   the space 12288K,  23% used [0x33980000, 0x33c5ab80, 0x33c5ac00, 0x34580000)
    ro space 10240K,  42% used [0x37980000, 0x37dbe580, 0x37dbe600, 0x38380000)
    rw space 12288K,  54% used [0x38380000, 0x389ff128, 0x389ff200, 0x38f80000)
Event: 108.676 GC heap after
Heap after GC invocations=612 (full 26):
 def new generation   total 78656K, used 23K [0x23980000, 0x28ed0000, 0x28ed0000)
  eden space 69952K,   0% used [0x23980000, 0x23980000, 0x27dd0000)
  from space 8704K,   0% used [0x28650000, 0x28655f10, 0x28ed0000)
  to   space 8704K,   0% used [0x27dd0000, 0x27dd0000, 0x28650000)
 tenured generation   total 174784K, used 49488K [0x28ed0000, 0x33980000, 0x33980000)
   the space 174784K,  28% used [0x28ed0000, 0x2bf24258, 0x2bf24400, 0x33980000)
 compacting perm gen  total 12288K, used 2922K [0x33980000, 0x34580000, 0x37980000)
   the space 12288K,  23% used [0x33980000, 0x33c5ab80, 0x33c5ac00, 0x34580000)
    ro space 10240K,  42% used [0x37980000, 0x37dbe580, 0x37dbe600, 0x38380000)
    rw space 12288K,  54% used [0x38380000, 0x389ff128, 0x389ff200, 0x38f80000)
}
Event: 108.704 GC heap before
{Heap before GC invocations=612 (full 26):
 def new generation   total 78656K, used 69975K [0x23980000, 0x28ed0000, 0x28ed0000)
  eden space 69952K, 100% used [0x23980000, 0x27dd0000, 0x27dd0000)
  from space 8704K,   0% used [0x28650000, 0x28655f10, 0x28ed0000)
  to   space 8704K,   0% used [0x27dd0000, 0x27dd0000, 0x28650000)
 tenured generation   total 174784K, used 49488K [0x28ed0000, 0x33980000, 0x33980000)
   the space 174784K,  28% used [0x28ed0000, 0x2bf24258, 0x2bf24400, 0x33980000)
 compacting perm gen  total 12288K, used 2922K [0x33980000, 0x34580000, 0x37980000)
   the space 12288K,  23% used [0x33980000, 0x33c5ab80, 0x33c5ac00, 0x34580000)
    ro space 10240K,  42% used [0x37980000, 0x37dbe580, 0x37dbe600, 0x38380000)
    rw space 12288K,  54% used [0x38380000, 0x389ff128, 0x389ff200, 0x38f80000)
Event: 108.705 GC heap after
Heap after GC invocations=613 (full 26):
 def new generation   total 78656K, used 1K [0x23980000, 0x28ed0000, 0x28ed0000)
  eden space 69952K,   0% used [0x23980000, 0x23980000, 0x27dd0000)
  from space 8704K,   0% used [0x27dd0000, 0x27dd0468, 0x28650000)
  to   space 8704K,   0% used [0x28650000, 0x28650000, 0x28ed0000)
 tenured generation   total 174784K, used 49488K [0x28ed0000, 0x33980000, 0x33980000)
   the space 174784K,  28% used [0x28ed0000, 0x2bf24258, 0x2bf24400, 0x33980000)
 compacting perm gen  total 12288K, used 2922K [0x33980000, 0x34580000, 0x37980000)
   the space 12288K,  23% used [0x33980000, 0x33c5ab80, 0x33c5ac00, 0x34580000)
    ro space 10240K,  42% used [0x37980000, 0x37dbe580, 0x37dbe600, 0x38380000)
    rw space 12288K,  54% used [0x38380000, 0x389ff128, 0x389ff200, 0x38f80000)
}
Event: 108.737 GC heap before
{Heap before GC invocations=613 (full 26):
 def new generation   total 78656K, used 69953K [0x23980000, 0x28ed0000, 0x28ed0000)
  eden space 69952K, 100% used [0x23980000, 0x27dd0000, 0x27dd0000)
  from space 8704K,   0% used [0x27dd0000, 0x27dd0468, 0x28650000)
  to   space 8704K,   0% used [0x28650000, 0x28650000, 0x28ed0000)
 tenured generation   total 174784K, used 49488K [0x28ed0000, 0x33980000, 0x33980000)
   the space 174784K,  28% used [0x28ed0000, 0x2bf24258, 0x2bf24400, 0x33980000)
 compacting perm gen  total 12288K, used 2922K [0x33980000, 0x34580000, 0x37980000)
   the space 12288K,  23% used [0x33980000, 0x33c5ab80, 0x33c5ac00, 0x34580000)
    ro space 10240K,  42% used [0x37980000, 0x37dbe580, 0x37dbe600, 0x38380000)
    rw space 12288K,  54% used [0x38380000, 0x389ff128, 0x389ff200, 0x38f80000)
Event: 108.737 GC heap after
Heap after GC invocations=614 (full 26):
 def new generation   total 78656K, used 18K [0x23980000, 0x28ed0000, 0x28ed0000)
  eden space 69952K,   0% used [0x23980000, 0x23980000, 0x27dd0000)
  from space 8704K,   0% used [0x28650000, 0x28654a78, 0x28ed0000)
  to   space 8704K,   0% used [0x27dd0000, 0x27dd0000, 0x28650000)
 tenured generation   total 174784K, used 49488K [0x28ed0000, 0x33980000, 0x33980000)
   the space 174784K,  28% used [0x28ed0000, 0x2bf24258, 0x2bf24400, 0x33980000)
 compacting perm gen  total 12288K, used 2922K [0x33980000, 0x34580000, 0x37980000)
   the space 12288K,  23% used [0x33980000, 0x33c5ab80, 0x33c5ac00, 0x34580000)
    ro space 10240K,  42% used [0x37980000, 0x37dbe580, 0x37dbe600, 0x38380000)
    rw space 12288K,  54% used [0x38380000, 0x389ff128, 0x389ff200, 0x38f80000)
}

Deoptimization events (0 events):
No events

Internal exceptions (10 events):
Event: 12.008 Thread 0x16211c00 Threw 0x28d02d88 at C:\jdk7u5_32P\jdk7u5\hotspot\src\share\vm\prims\jvm.cpp:1166
Event: 12.008 Thread 0x16211c00 Threw 0x28d05178 at C:\jdk7u5_32P\jdk7u5\hotspot\src\share\vm\prims\jvm.cpp:1166
Event: 12.009 Thread 0x16211c00 Threw 0x28d07b28 at C:\jdk7u5_32P\jdk7u5\hotspot\src\share\vm\prims\jvm.cpp:1166
Event: 12.009 Thread 0x16211c00 Threw 0x28d0a828 at C:\jdk7u5_32P\jdk7u5\hotspot\src\share\vm\prims\jvm.cpp:1166
Event: 12.009 Thread 0x16211c00 Threw 0x28d0d898 at C:\jdk7u5_32P\jdk7u5\hotspot\src\share\vm\prims\jvm.cpp:1166
Event: 12.009 Thread 0x16211c00 Threw 0x28d0ff80 at C:\jdk7u5_32P\jdk7u5\hotspot\src\share\vm\prims\jvm.cpp:1166
Event: 12.009 Thread 0x16211c00 Threw 0x28d11fe0 at C:\jdk7u5_32P\jdk7u5\hotspot\src\share\vm\prims\jvm.cpp:1166
Event: 12.009 Thread 0x16211c00 Threw 0x28d14108 at C:\jdk7u5_32P\jdk7u5\hotspot\src\share\vm\prims\jvm.cpp:1166
Event: 15.120 Thread 0x16211c00 Threw 0x23f42f68 at C:\jdk7u5_32P\jdk7u5\hotspot\src\share\vm\prims\jvm.cpp:1166
Event: 19.685 Thread 0x174f8400 Threw 0x25c40a58 at C:\jdk7u5_32P\jdk7u5\hotspot\src\share\vm\prims\jvm.cpp:1166

Events (10 events):
Event: 108.739 Thread 0x1778a400 Thread exited: 0x1778a400
Event: 108.739 Thread 0x1778b000 Thread added: 0x1778b000
Event: 108.739 Thread 0x174f7400 Thread added: 0x174f7400
Event: 108.739 Thread 0x17789c00 Thread exited: 0x17789c00
Event: 108.739 Thread 0x1712e800 Thread exited: 0x1712e800
Event: 108.739 Thread 0x17130000 Thread exited: 0x17130000
Event: 108.739 Thread 0x163c2c00 Thread exited: 0x163c2c00
Event: 108.739 Thread 0x16306000 Thread exited: 0x16306000
Event: 108.739 Thread 0x163c1800 Thread exited: 0x163c1800
Event: 108.739 Thread 0x1778a800 Thread exited: 0x1778a800


Dynamic libraries:
0x013c0000 - 0x013ef000 	C:\Windows\system32\java.exe
0x77b50000 - 0x77c8c000 	C:\Windows\SYSTEM32\ntdll.dll
0x77810000 - 0x778e4000 	C:\Windows\system32\kernel32.dll
0x75d90000 - 0x75dda000 	C:\Windows\system32\KERNELBASE.dll
0x778f0000 - 0x77990000 	C:\Windows\system32\ADVAPI32.dll
0x769f0000 - 0x76a9c000 	C:\Windows\system32\msvcrt.dll
0x75fe0000 - 0x75ff9000 	C:\Windows\SYSTEM32\sechost.dll
0x76140000 - 0x761e1000 	C:\Windows\system32\RPCRT4.dll
0x76290000 - 0x76359000 	C:\Windows\system32\USER32.dll
0x76070000 - 0x760be000 	C:\Windows\system32\GDI32.dll
0x76360000 - 0x7636a000 	C:\Windows\system32\LPK.dll
0x761f0000 - 0x7628d000 	C:\Windows\system32\USP10.dll
0x74c20000 - 0x74dbe000 	C:\Windows\WinSxS\x86_microsoft.windows.common-controls_6595b64144ccf1df_6.0.7601.17514_none_41e6975e2bd6f2b2\COMCTL32.dll
0x76000000 - 0x76057000 	C:\Windows\system32\SHLWAPI.dll
0x77c90000 - 0x77caf000 	C:\Windows\system32\IMM32.DLL
0x76580000 - 0x7664c000 	C:\Windows\system32\MSCTF.dll
0x64a80000 - 0x64b3e000 	C:\Program Files\Java\jre7\bin\msvcr100.dll
0x63a00000 - 0x63d4a000 	C:\Program Files\Java\jre7\bin\client\jvm.dll
0x6bdc0000 - 0x6bdc7000 	C:\Windows\system32\WSOCK32.dll
0x769b0000 - 0x769e5000 	C:\Windows\system32\WS2_32.dll
0x76570000 - 0x76576000 	C:\Windows\system32\NSI.dll
0x74170000 - 0x741a2000 	C:\Windows\system32\WINMM.dll
0x77cb0000 - 0x77cb5000 	C:\Windows\system32\PSAPI.DLL
0x72170000 - 0x7217c000 	C:\Program Files\Java\jre7\bin\verify.dll
0x71a50000 - 0x71a70000 	C:\Program Files\Java\jre7\bin\java.dll
0x71a10000 - 0x71a23000 	C:\Program Files\Java\jre7\bin\zip.dll
0x70f20000 - 0x70f34000 	C:\Program Files\Java\jre7\bin\net.dll
0x757f0000 - 0x7582c000 	C:\Windows\system32\mswsock.dll
0x75910000 - 0x75916000 	C:\Windows\System32\wship6.dll
0x10000000 - 0x1000c000 	C:\Windows\System32\LibusbJava.dll
0x6db00000 - 0x6db11000 	C:\Windows\system32\libusb0.dll
0x763d0000 - 0x7656d000 	C:\Windows\system32\SETUPAPI.dll
0x75f90000 - 0x75fb7000 	C:\Windows\system32\CFGMGR32.dll
0x767b0000 - 0x7683f000 	C:\Windows\system32\OLEAUT32.dll
0x76650000 - 0x767ac000 	C:\Windows\system32\ole32.dll
0x75fc0000 - 0x75fd2000 	C:\Windows\system32\DEVOBJ.dll
0x700b0000 - 0x700ce000 	C:\Program Files\OpenNI\Bin\OpenNI.jni.dll
0x6d9e0000 - 0x6da30000 	C:\Program Files\OpenNI\Bin\OpenNI.dll
0x76bc0000 - 0x7780a000 	C:\Windows\system32\SHELL32.dll
0x6d6f0000 - 0x6d708000 	C:\Program Files\OpenNI\bin\nimRecorder.dll
0x6dac0000 - 0x6dada000 	C:\Program Files\OpenNI\bin\nimMockNodes.dll
0x6d6a0000 - 0x6d6e9000 	C:\Program Files\OpenNI\bin\nimCodecs.dll
0x6be00000 - 0x6be20000 	C:\Program Files\PrimeSense\SensorKinect\Bin\XnDeviceFile.dll
0x71a00000 - 0x71a0b000 	C:\Program Files\PrimeSense\SensorKinect\Bin\XnCore.dll
0x64340000 - 0x643e3000 	C:\Windows\WinSxS\x86_microsoft.vc90.crt_1fc8b3b9a1e18e3b_9.0.30729.6161_none_50934f2ebcb7eb57\MSVCR90.dll
0x64b90000 - 0x64bc8000 	C:\Program Files\PrimeSense\SensorKinect\Bin\XnDDK.dll
0x64930000 - 0x64974000 	C:\Program Files\PrimeSense\SensorKinect\Bin\XnFormats.dll
0x648e0000 - 0x6492f000 	C:\Program Files\PrimeSense\SensorKinect\Bin\XnDeviceSensorV2KM.dll
0x62690000 - 0x62928000 	C:\Program Files\PrimeSense\NITE\Features_1_3_0\Bin\XnVFeatures_1_3_0.dll
0x63970000 - 0x639fe000 	C:\Windows\WinSxS\x86_microsoft.vc90.crt_1fc8b3b9a1e18e3b_9.0.30729.6161_none_50934f2ebcb7eb57\MSVCP90.dll
0x61050000 - 0x6129f000 	C:\Program Files\PrimeSense\NITE\Features_1_3_1\Bin\XnVFeatures_1_3_1.dll
0x60e30000 - 0x61049000 	C:\Program Files\PrimeSense\NITE\Features_1_4_1\Bin\XnVFeatures_1_4_1.dll
0x60240000 - 0x60456000 	C:\Program Files\PrimeSense\NITE\Features_1_4_2\Bin\XnVFeatures_1_4_2.dll
0x5f410000 - 0x5f717000 	C:\Program Files\PrimeSense\NITE\Features_1_5_2\Bin\XnVFeatures_1_5_2.dll
0x63070000 - 0x63147000 	C:\Program Files\PrimeSense\NITE\Hands_1_3_0\Bin\XnVHandGenerator_1_3_0.dll
0x62f90000 - 0x6306c000 	C:\Program Files\PrimeSense\NITE\Hands_1_3_1\Bin\XnVHandGenerator_1_3_1.dll
0x62df0000 - 0x62ecd000 	C:\Program Files\PrimeSense\NITE\Hands_1_4_1\Bin\XnVHandGenerator_1_4_1.dll
0x62d10000 - 0x62ded000 	C:\Program Files\PrimeSense\NITE\Hands_1_4_2\Bin\XnVHandGenerator_1_4_2.dll
0x625a0000 - 0x6268c000 	C:\Program Files\PrimeSense\NITE\Hands_1_5_2\Bin\XnVHandGenerator_1_5_2.dll
0x74ac0000 - 0x74b00000 	C:\Windows\system32\uxtheme.dll
0x75d60000 - 0x75d8d000 	C:\Windows\system32\WINTRUST.dll
0x75de0000 - 0x75efe000 	C:\Windows\system32\CRYPT32.dll
0x75d50000 - 0x75d5c000 	C:\Windows\system32\MSASN1.dll
0x75c10000 - 0x75c5c000 	C:\Windows\system32\apphelp.dll
0x752d0000 - 0x752d5000 	C:\Windows\System32\wshtcpip.dll
0x03ca0000 - 0x03cae000 	C:\Windows\System32\j3dcore-ogl-chk.dll
0x624d0000 - 0x62598000 	C:\Windows\system32\OPENGL32.dll
0x64d80000 - 0x64da2000 	C:\Windows\system32\GLU32.dll
0x6be40000 - 0x6bf27000 	C:\Windows\system32\DDRAW.dll
0x708e0000 - 0x708e6000 	C:\Windows\system32\DCIMAN32.dll
0x74a50000 - 0x74a63000 	C:\Windows\system32\dwmapi.dll
0x71cd0000 - 0x71cd7000 	C:\Windows\system32\atiglpxx.dll
0x69030000 - 0x6a380000 	C:\Windows\system32\atioglxx.dll
0x751c0000 - 0x751c9000 	C:\Windows\system32\VERSION.dll
0x6f2f0000 - 0x6f3d4000 	C:\Windows\system32\aticfx32.dll
0x73f40000 - 0x73fa1000 	C:\Windows\system32\atiadlxx.dll
0x75340000 - 0x75357000 	C:\Windows\system32\USERENV.dll
0x75ce0000 - 0x75ceb000 	C:\Windows\system32\profapi.dll
0x752c0000 - 0x752cd000 	C:\Windows\system32\WTSAPI32.dll
0x700a0000 - 0x700ab000 	C:\Windows\system32\atigktxx.dll
0x5f2c0000 - 0x5f402000 	C:\Program Files\Java\jre7\bin\awt.dll
0x75c60000 - 0x75c6c000 	C:\Windows\system32\CRYPTBASE.dll
0x708a0000 - 0x708a6000 	C:\Program Files\Java\jre7\bin\jawt.dll
0x042f0000 - 0x04319000 	C:\Windows\System32\j3dcore-ogl.dll
0x6f570000 - 0x6f65b000 	C:\Windows\system32\dbghelp.dll

VM Arguments:
jvm_args: -Djava 
java_command: SANDRAExecutable.jar 193.156.105.142 7540 kinectJoints gameControl
Launcher Type: SUN_STANDARD

Environment Variables:
CLASSPATH=C:\Program Files\OpenNI\Bin\org.OpenNI.jar
PATH=C:\Program Files\Intel\iCLS Client\;C:\Program Files\AMD APP\bin\x86;C:\Windows\system32;C:\Windows;C:\Windows\System32\Wbem;C:\Windows\System32\WindowsPowerShell\v1.0\;C:\Program Files\ATI Technologies\ATI.ACE\Core-Static;C:\Users\norut\AppData\Roaming\npm;C:\Program Files\nodejs\;C:\Program Files\Intel\Intel(R) Management Engine Components\DAL;C:\Program Files\Intel\Intel(R) Management Engine Components\IPT;C:\Program Files\OpenNI\Bin;C:\Program Files\PrimeSense\NITE\bin;C:\Program Files\AMD APP\bin\x86;C:\Windows\system32;C:\Windows;C:\Windows\System32\Wbem;C:\Windows\System32\WindowsPowerShell\v1.0\;C:\Program Files\ATI Technologies\ATI.ACE\Core-Static;C:\Program Files\nodejs
USERNAME=norut
OS=Windows_NT
PROCESSOR_IDENTIFIER=x86 Family 6 Model 58 Stepping 9, GenuineIntel



---------------  S Y S T E M  ---------------

OS: Windows 7 Build 7601 Service Pack 1

CPU:total 4 (4 cores per cpu, 1 threads per core) family 6 model 58 stepping 9, cmov, cx8, fxsr, mmx, sse, sse2, sse3, ssse3, sse4.1, sse4.2, popcnt, avx, tsc, tscinvbit, tscinv

Memory: 4k page, physical 3638896k(1529260k free), swap 6774372k(4326560k free)

vm_info: Java HotSpot(TM) Client VM (23.1-b03) for windows-x86 JRE (1.7.0_05-b05), built on May 15 2012 18:11:27 by "java_re" with unknown MS VC++:1600

time: Tue Jul 24 19:43:28 2012
elapsed time: 108 seconds

