#
# A fatal error has been detected by the Java Runtime Environment:
#
#  EXCEPTION_ACCESS_VIOLATION (0xc0000005) at pc=0x63d7179c, pid=9300, tid=7680
#
# JRE version: 7.0_05-b05
# Java VM: Java HotSpot(TM) Client VM (23.1-b03 mixed mode, sharing windows-x86 )
# Problematic frame:
# C  [OpenNI.dll+0x1179c]  xnUnregisterUserCallbacks+0x2c
#
# Failed to write core dump. Minidumps are not enabled by default on client versions of Windows
#
# If you would like to submit a bug report, please visit:
#   http://bugreport.sun.com/bugreport/crash.jsp
# The crash happened outside the Java Virtual Machine in native code.
# See problematic frame for where to report the bug.
#

---------------  T H R E A D  ---------------

Current thread (0x06070000):  JavaThread "Thread-1" [_thread_in_native, id=7680, stack(0x0ff70000,0x0ffc0000)]

siginfo: ExceptionCode=0xc0000005, reading address 0x00000010

Registers:
EAX=0x067558cc, EBX=0x33a4eae8, ECX=0x03f62f7c, EDX=0x03f648f8
ESP=0x0ffbef68, EBP=0x0ffbefc4, ESI=0x00000000, EDI=0x06070000
EIP=0x63d7179c, EFLAGS=0x00010202

Top of Stack: (sp=0x0ffbef68)
0x0ffbef68:   16a91508 65356c84 05e48538 00000000
0x0ffbef78:   33a4eae8 019ba707 06070128 0ffbefcc
0x0ffbef88:   05e48538 00000000 16a91508 00000000
0x0ffbef98:   0ffbefe8 01aca250 379ea284 0ffbefa4
0x0ffbefa8:   00000000 0ffbefe0 33a528e0 00000000
0x0ffbefb8:   33a4eae8 00000000 0ffbefd4 0ffbf004
0x0ffbefc8:   019b32c7 28ed0330 019b8989 16a91508
0x0ffbefd8:   00000000 05e48538 00000000 0ffbefe4 

Instructions: (pc=0x63d7179c)
0x63d7177c:   8b 40 04 8b 10 c1 ea 19 83 e2 01 74 2b 8b 41 04
0x63d7178c:   8b 08 8b 91 c0 00 00 00 8b 40 04 56 8b 74 24 0c
0x63d7179c:   8b 4e 10 51 8b 8a 20 01 00 00 50 ff d1 56 ff 15
0x63d717ac:   e0 51 d9 63 83 c4 04 5e c3 cc cc cc cc cc cc cc 


Register to memory mapping:

EAX=0x067558cc is an unknown value
EBX=0x33a4eae8 is an oop
{method} 
 - klass: {other class}
ECX=0x03f62f7c is an unknown value
EDX=0x03f648f8 is an unknown value
ESP=0x0ffbef68 is pointing into the stack for thread: 0x06070000
EBP=0x0ffbefc4 is pointing into the stack for thread: 0x06070000
ESI=0x00000000 is an unknown value
EDI=0x06070000 is a thread


Stack: [0x0ff70000,0x0ffc0000],  sp=0x0ffbef68,  free space=315k
Native frames: (J=compiled Java code, j=interpreted, Vv=VM code, C=native code)
C  [OpenNI.dll+0x1179c]  xnUnregisterUserCallbacks+0x2c
j  org.OpenNI.UserGenerator$1.unregisterNative(J)V+8
j  org.OpenNI.Observable.deleteObserver(Lorg/OpenNI/IObserver;)V+24
j  KinectPackage.SkeletonManager.reset()V+11
j  KinectPackage.SkeletonManager.access$8(LKinectPackage/SkeletonManager;)V+1
j  KinectPackage.SkeletonManager$LostUserObserver.update(Lorg/OpenNI/IObservable;Lorg/OpenNI/UserEventArgs;)V+183
j  KinectPackage.SkeletonManager$LostUserObserver.update(Lorg/OpenNI/IObservable;Ljava/lang/Object;)V+9
j  org.OpenNI.Observable.notify(Ljava/lang/Object;)V+30
j  org.OpenNI.UserGenerator$2.callback(I)V+9
v  ~StubRoutines::call_stub
V  [jvm.dll+0x12964a]
V  [jvm.dll+0x1d851e]
V  [jvm.dll+0x1296cd]
V  [jvm.dll+0xae4da]
V  [jvm.dll+0xb1d93]
C  [OpenNI.jni.dll+0x10ea]  JNI_OnUnload+0x6a
C  [XnVFeatures_1_5_2.dll+0x959a8]  xnModuleGetOpenNIVersion+0x57988
C  [XnVFeatures_1_5_2.dll+0x7b5d8]  xnModuleGetOpenNIVersion+0x3d5b8
C  [XnVFeatures_1_5_2.dll+0xb1538]  xnModuleGetOpenNIVersion+0x73518
C  [XnVFeatures_1_5_2.dll+0x95266]  xnModuleGetOpenNIVersion+0x57246
C  [OpenNI.jni.dll+0x2eab]  Java_org_OpenNI_NativeMethods_xnWaitAnyUpdateAll+0xb
J  KinectPackage.KinectManager.run()V
v  ~StubRoutines::call_stub
V  [jvm.dll+0x12964a]
V  [jvm.dll+0x1d851e]
V  [jvm.dll+0x129833]
V  [jvm.dll+0x129897]
V  [jvm.dll+0xd24af]
V  [jvm.dll+0x149977]
V  [jvm.dll+0x149ae0]
V  [jvm.dll+0x17e049]
C  [msvcr100.dll+0x5c6de]  endthreadex+0x3a
C  [msvcr100.dll+0x5c788]  endthreadex+0xe4
C  [kernel32.dll+0x4ed6c]  BaseThreadInitThunk+0x12
C  [ntdll.dll+0x6377b]  RtlInitializeExceptionChain+0xef
C  [ntdll.dll+0x6374e]  RtlInitializeExceptionChain+0xc2

Java frames: (J=compiled Java code, j=interpreted, Vv=VM code)
j  org.OpenNI.NativeMethods.xnUnregisterUserCallbacks(JJ)V+0
j  org.OpenNI.UserGenerator$1.unregisterNative(J)V+8
j  org.OpenNI.Observable.deleteObserver(Lorg/OpenNI/IObserver;)V+24
j  KinectPackage.SkeletonManager.reset()V+11
j  KinectPackage.SkeletonManager.access$8(LKinectPackage/SkeletonManager;)V+1
j  KinectPackage.SkeletonManager$LostUserObserver.update(Lorg/OpenNI/IObservable;Lorg/OpenNI/UserEventArgs;)V+183
j  KinectPackage.SkeletonManager$LostUserObserver.update(Lorg/OpenNI/IObservable;Ljava/lang/Object;)V+9
j  org.OpenNI.Observable.notify(Ljava/lang/Object;)V+30
j  org.OpenNI.UserGenerator$2.callback(I)V+9
v  ~StubRoutines::call_stub
J  org.OpenNI.NativeMethods.xnWaitAnyUpdateAll(J)I
J  KinectPackage.KinectManager.run()V
j  java.lang.Thread.run()V+11
v  ~StubRoutines::call_stub

---------------  P R O C E S S  ---------------

Java Threads: ( => current thread )
  0x3dccdc00 JavaThread "Thread-92429" [_thread_blocked, id=10228, stack(0x3fb90000,0x3fbe0000)]
  0x3dce7000 JavaThread "Thread-92372" [_thread_blocked, id=9684, stack(0x3ff10000,0x3ff60000)]
  0x3dce5800 JavaThread "Thread-92343" [_thread_blocked, id=9296, stack(0x3f980000,0x3f9d0000)]
  0x3dcb1400 JavaThread "Thread-92300" [_thread_blocked, id=2572, stack(0x3fde0000,0x3fe30000)]
  0x3dcb1c00 JavaThread "Thread-92257" [_thread_blocked, id=8260, stack(0x3d3a0000,0x3d3f0000)]
  0x3dcb3c00 JavaThread "Thread-92214" [_thread_blocked, id=4744, stack(0x3fd70000,0x3fdc0000)]
  0x3dcb2800 JavaThread "Thread-92171" [_thread_blocked, id=6860, stack(0x3fd20000,0x3fd70000)]
  0x3dccd400 JavaThread "Thread-92128" [_thread_blocked, id=6812, stack(0x3fc80000,0x3fcd0000)]
  0x3dcb7000 JavaThread "Thread-92085" [_thread_blocked, id=6392, stack(0x3fcd0000,0x3fd20000)]
  0x3dccc000 JavaThread "Thread-92042" [_thread_blocked, id=5428, stack(0x3f910000,0x3f960000)]
  0x3dcb6400 JavaThread "Thread-91999" [_thread_blocked, id=8132, stack(0x3fc10000,0x3fc60000)]
  0x3dccbc00 JavaThread "Thread-91956" [_thread_blocked, id=7036, stack(0x3d750000,0x3d7a0000)]
  0x3dcb7c00 JavaThread "Thread-91913" [_thread_blocked, id=2588, stack(0x3f9d0000,0x3fa20000)]
  0x3dcce000 JavaThread "Thread-91870" [_thread_blocked, id=10004, stack(0x3fae0000,0x3fb30000)]
  0x3dcb8400 JavaThread "Thread-91827" [_thread_blocked, id=8976, stack(0x3fa60000,0x3fab0000)]
  0x3dccec00 JavaThread "Thread-91784" [_thread_blocked, id=7736, stack(0x3f780000,0x3f7d0000)]
  0x3dcb8800 JavaThread "Thread-91741" [_thread_blocked, id=10100, stack(0x3f8b0000,0x3f900000)]
  0x1687b400 JavaThread "Thread-91698" [_thread_blocked, id=4716, stack(0x3f830000,0x3f880000)]
  0x3dcb5c00 JavaThread "Thread-91655" [_thread_blocked, id=7780, stack(0x3f7e0000,0x3f830000)]
  0x3dcccc00 JavaThread "Thread-91612" [_thread_blocked, id=9252, stack(0x3f6a0000,0x3f6f0000)]
  0x3dcb6800 JavaThread "Thread-91569" [_thread_blocked, id=9584, stack(0x3f5a0000,0x3f5f0000)]
  0x1687a400 JavaThread "Thread-91526" [_thread_blocked, id=5232, stack(0x3f450000,0x3f4a0000)]
  0x3dcb1000 JavaThread "Thread-91483" [_thread_blocked, id=6388, stack(0x3ef10000,0x3ef60000)]
  0x3dcaf400 JavaThread "Thread-91440" [_thread_blocked, id=8480, stack(0x3f6f0000,0x3f740000)]
  0x3dcad800 JavaThread "Thread-91397" [_thread_blocked, id=1264, stack(0x3f020000,0x3f070000)]
  0x3dcad400 JavaThread "Thread-91354" [_thread_blocked, id=7824, stack(0x3efd0000,0x3f020000)]
  0x3dcacc00 JavaThread "Thread-91311" [_thread_blocked, id=8172, stack(0x3f5f0000,0x3f640000)]
  0x3dcae400 JavaThread "Thread-91268" [_thread_blocked, id=6528, stack(0x3f370000,0x3f3c0000)]
  0x3dcb0000 JavaThread "Thread-91225" [_thread_blocked, id=5320, stack(0x3f510000,0x3f560000)]
  0x3dcaf800 JavaThread "Thread-91182" [_thread_blocked, id=9488, stack(0x3f3d0000,0x3f420000)]
  0x3dcaec00 JavaThread "Thread-91139" [_thread_blocked, id=4176, stack(0x3f270000,0x3f2c0000)]
  0x3dccb400 JavaThread "Thread-91096" [_thread_blocked, id=8236, stack(0x3f2f0000,0x3f340000)]
  0x3dcb7800 JavaThread "Thread-91053" [_thread_blocked, id=10136, stack(0x3f200000,0x3f250000)]
  0x16849c00 JavaThread "Thread-91010" [_thread_blocked, id=4384, stack(0x3d8f0000,0x3d940000)]
  0x3dcb5800 JavaThread "Thread-90967" [_thread_blocked, id=8208, stack(0x3eec0000,0x3ef10000)]
  0x1687b800 JavaThread "Thread-90924" [_thread_blocked, id=4920, stack(0x3ec70000,0x3ecc0000)]
  0x3dcb5000 JavaThread "Thread-90881" [_thread_blocked, id=7900, stack(0x3f100000,0x3f150000)]
  0x1684bc00 JavaThread "Thread-90838" [_thread_blocked, id=5996, stack(0x3f0b0000,0x3f100000)]
  0x3dcae000 JavaThread "Thread-90767" [_thread_blocked, id=7720, stack(0x3f4a0000,0x3f4f0000)]
  0x3dcac800 JavaThread "Thread-90752" [_thread_blocked, id=7788, stack(0x3ee70000,0x3eec0000)]
  0x1687d800 JavaThread "Thread-90709" [_thread_blocked, id=8756, stack(0x3ef60000,0x3efb0000)]
  0x1687e800 JavaThread "Thread-90666" [_thread_blocked, id=1308, stack(0x3ed60000,0x3edb0000)]
  0x3dca3400 JavaThread "Thread-90623" [_thread_blocked, id=2172, stack(0x3d940000,0x3d990000)]
  0x3dca3c00 JavaThread "Thread-90580" [_thread_blocked, id=4648, stack(0x3d830000,0x3d880000)]
  0x1684ac00 JavaThread "Thread-90537" [_thread_blocked, id=4428, stack(0x3cca0000,0x3ccf0000)]
  0x1684a000 JavaThread "Thread-90470" [_thread_blocked, id=5112, stack(0x3f190000,0x3f1e0000)]
  0x3dca0800 JavaThread "Thread-90451" [_thread_blocked, id=7184, stack(0x3ecc0000,0x3ed10000)]
  0x3dca3000 JavaThread "Thread-90408" [_thread_blocked, id=5020, stack(0x3dc10000,0x3dc60000)]
  0x3dca2800 JavaThread "Thread-90365" [_thread_blocked, id=5476, stack(0x3d6b0000,0x3d700000)]
  0x1684cc00 JavaThread "Thread-90322" [_thread_blocked, id=9084, stack(0x3db20000,0x3db70000)]
  0x3dca1000 JavaThread "Thread-90279" [_thread_blocked, id=10104, stack(0x3db80000,0x3dbd0000)]
  0x1687a000 JavaThread "Thread-90236" [_thread_blocked, id=9092, stack(0x3da30000,0x3da80000)]
  0x1687ac00 JavaThread "Thread-90172" [_thread_blocked, id=7540, stack(0x3edd0000,0x3ee20000)]
  0x3dca1c00 JavaThread "Thread-90150" [_thread_blocked, id=7760, stack(0x3da80000,0x3dad0000)]
  0x1684f800 JavaThread "Thread-90107" [_thread_blocked, id=9496, stack(0x3d9a0000,0x3d9f0000)]
  0x3dca2000 JavaThread "Thread-90064" [_thread_blocked, id=968, stack(0x3d8a0000,0x3d8f0000)]
  0x3dca1400 JavaThread "Thread-90021" [_thread_blocked, id=5788, stack(0x3d660000,0x3d6b0000)]
  0x3dca0400 JavaThread "Thread-89978" [_thread_blocked, id=5880, stack(0x3d460000,0x3d4b0000)]
  0x1684a800 JavaThread "Thread-89935" [_thread_blocked, id=8580, stack(0x3d560000,0x3d5b0000)]
  0x16880c00 JavaThread "Thread-89892" [_thread_blocked, id=6352, stack(0x3cfc0000,0x3d010000)]
  0x1687f800 JavaThread "Thread-89849" [_thread_blocked, id=10124, stack(0x3ce10000,0x3ce60000)]
  0x16880400 JavaThread "Thread-89806" [_thread_blocked, id=3208, stack(0x3d7a0000,0x3d7f0000)]
  0x1687e000 JavaThread "Thread-89763" [_thread_blocked, id=5872, stack(0x3d700000,0x3d750000)]
  0x1687f400 JavaThread "Thread-89720" [_thread_blocked, id=10128, stack(0x3d300000,0x3d350000)]
  0x16880000 JavaThread "Thread-89677" [_thread_blocked, id=3324, stack(0x3d5f0000,0x3d640000)]
  0x1687ec00 JavaThread "Thread-89634" [_thread_blocked, id=3232, stack(0x3d4b0000,0x3d500000)]
  0x1687d400 JavaThread "Thread-89591" [_thread_blocked, id=6828, stack(0x3c620000,0x3c670000)]
  0x16835800 JavaThread "Thread-89548" [_thread_blocked, id=6740, stack(0x3d180000,0x3d1d0000)]
  0x1684b400 JavaThread "Thread-89505" [_thread_blocked, id=5736, stack(0x3cd70000,0x3cdc0000)]
  0x16839400 JavaThread "Thread-89462" [_thread_blocked, id=9452, stack(0x3d350000,0x3d3a0000)]
  0x1684ec00 JavaThread "Thread-89419" [_thread_blocked, id=8068, stack(0x3ca20000,0x3ca70000)]
  0x1683b800 JavaThread "Thread-89376" [_thread_blocked, id=5264, stack(0x3d280000,0x3d2d0000)]
  0x16721800 JavaThread "Thread-89333" [_thread_blocked, id=7072, stack(0x3d010000,0x3d060000)]
  0x16839c00 JavaThread "Thread-89290" [_thread_blocked, id=9120, stack(0x3d230000,0x3d280000)]
  0x16720c00 JavaThread "Thread-89247" [_thread_blocked, id=4592, stack(0x3d1d0000,0x3d220000)]
  0x1683ac00 JavaThread "Thread-89204" [_thread_blocked, id=7012, stack(0x3d100000,0x3d150000)]
  0x16849400 JavaThread "Thread-89161" [_thread_blocked, id=7840, stack(0x3d090000,0x3d0e0000)]
  0x1684e800 JavaThread "Thread-89100" [_thread_blocked, id=10236, stack(0x3d510000,0x3d560000)]
  0x1683a800 JavaThread "Thread-89075" [_thread_blocked, id=2956, stack(0x3cdc0000,0x3ce10000)]
  0x1684d800 JavaThread "Thread-89032" [_thread_blocked, id=8924, stack(0x3cf60000,0x3cfb0000)]
  0x1683c800 JavaThread "Thread-88989" [_thread_blocked, id=5760, stack(0x3c670000,0x3c6c0000)]
  0x1684e000 JavaThread "Thread-88946" [_thread_blocked, id=7316, stack(0x3cef0000,0x3cf40000)]
  0x1684f400 JavaThread "Thread-88882" [_thread_blocked, id=8768, stack(0x3d3f0000,0x3d440000)]
  0x1683a000 JavaThread "Thread-88860" [_thread_blocked, id=5956, stack(0x3c890000,0x3c8e0000)]
  0x1684c000 JavaThread "Thread-88817" [_thread_blocked, id=7024, stack(0x3ce60000,0x3ceb0000)]
  0x16721000 JavaThread "Thread-88746" [_thread_blocked, id=7228, stack(0x3cc00000,0x3cc50000)]
  0x1683c000 JavaThread "Thread-88731" [_thread_blocked, id=6780, stack(0x3cc50000,0x3cca0000)]
  0x1684d400 JavaThread "Thread-88688" [_thread_blocked, id=4964, stack(0x3cd10000,0x3cd60000)]
  0x1683b400 JavaThread "Thread-88645" [_thread_blocked, id=6344, stack(0x3ca70000,0x3cac0000)]
  0x16838c00 JavaThread "Thread-88602" [_thread_blocked, id=4468, stack(0x3cb80000,0x3cbd0000)]
  0x16828400 JavaThread "Thread-88559" [_thread_blocked, id=9136, stack(0x3c710000,0x3c760000)]
  0x16848800 JavaThread "Thread-88516" [_thread_blocked, id=756, stack(0x3c1b0000,0x3c200000)]
  0x16827c00 JavaThread "Thread-88473" [_thread_blocked, id=3128, stack(0x3cb00000,0x3cb50000)]
  0x16720400 JavaThread "Thread-88430" [_thread_blocked, id=8592, stack(0x3c7c0000,0x3c810000)]
  0x16828800 JavaThread "Thread-88387" [_thread_blocked, id=3792, stack(0x3c9c0000,0x3ca10000)]
  0x16849000 JavaThread "Thread-88344" [_thread_blocked, id=2792, stack(0x3c900000,0x3c950000)]
  0x16829000 JavaThread "Thread-88301" [_thread_blocked, id=9660, stack(0x3c950000,0x3c9a0000)]
  0x1684c800 JavaThread "Thread-88258" [_thread_blocked, id=9576, stack(0x3c4f0000,0x3c540000)]
  0x16827400 JavaThread "Thread-88215" [_thread_blocked, id=1488, stack(0x3c840000,0x3c890000)]
  0x16848000 JavaThread "Thread-88172" [_thread_blocked, id=9492, stack(0x3c3f0000,0x3c440000)]
  0x16864800 JavaThread "Thread-88129" [_thread_blocked, id=5580, stack(0x3c760000,0x3c7b0000)]
  0x16865c00 JavaThread "Thread-88086" [_thread_blocked, id=5040, stack(0x3c6c0000,0x3c710000)]
  0x16865000 JavaThread "Thread-88043" [_thread_blocked, id=4128, stack(0x3c5d0000,0x3c620000)]
  0x16a5e000 JavaThread "Thread-88000" [_thread_blocked, id=6444, stack(0x3bc30000,0x3bc80000)]
  0x16865800 JavaThread "Thread-87957" [_thread_blocked, id=5540, stack(0x3c550000,0x3c5a0000)]
  0x16a5c400 JavaThread "Thread-87914" [_thread_blocked, id=1396, stack(0x3bb20000,0x3bb70000)]
  0x16864400 JavaThread "Thread-87871" [_thread_blocked, id=6808, stack(0x3b350000,0x3b3a0000)]
  0x16a5ec00 JavaThread "Thread-87828" [_thread_blocked, id=6544, stack(0x3c280000,0x3c2d0000)]
  0x1683e400 JavaThread "Thread-87785" [_thread_blocked, id=6876, stack(0x3c460000,0x3c4b0000)]
  0x16a5f000 JavaThread "Thread-87742" [_thread_blocked, id=9892, stack(0x3c160000,0x3c1b0000)]
  0x1683f000 JavaThread "Thread-87699" [_thread_blocked, id=6048, stack(0x3c370000,0x3c3c0000)]
  0x16a5b400 JavaThread "Thread-87656" [_thread_blocked, id=5028, stack(0x3c2e0000,0x3c330000)]
  0x1683e800 JavaThread "Thread-87613" [_thread_blocked, id=7452, stack(0x3c080000,0x3c0d0000)]
  0x16a5e400 JavaThread "Thread-87570" [_thread_blocked, id=8176, stack(0x3c210000,0x3c260000)]
  0x1683dc00 JavaThread "Thread-87527" [_thread_blocked, id=8216, stack(0x3b9e0000,0x3ba30000)]
  0x16a58800 JavaThread "Thread-87484" [_thread_blocked, id=5740, stack(0x3c020000,0x3c070000)]
  0x1683d400 JavaThread "Thread-87441" [_thread_blocked, id=3540, stack(0x3bfb0000,0x3c000000)]
  0x16a59400 JavaThread "Thread-87398" [_thread_blocked, id=6424, stack(0x3c0f0000,0x3c140000)]
  0x1680d400 JavaThread "Thread-87355" [_thread_blocked, id=5808, stack(0x3bf60000,0x3bfb0000)]
  0x16a5a000 JavaThread "Thread-87312" [_thread_blocked, id=10132, stack(0x3bdf0000,0x3be40000)]
  0x16835000 JavaThread "Thread-87269" [_thread_blocked, id=6272, stack(0x3b500000,0x3b550000)]
  0x16837000 JavaThread "Thread-87226" [_thread_blocked, id=7608, stack(0x3bbe0000,0x3bc30000)]
  0x16835c00 JavaThread "Thread-87183" [_thread_blocked, id=4584, stack(0x3bed0000,0x3bf20000)]
  0x16834c00 JavaThread "Thread-87140" [_thread_blocked, id=8228, stack(0x3bc80000,0x3bcd0000)]
  0x16837800 JavaThread "Thread-87097" [_thread_blocked, id=6620, stack(0x3be50000,0x3bea0000)]
  0x16836800 JavaThread "Thread-87054" [_thread_blocked, id=5548, stack(0x3bd30000,0x3bd80000)]
  0x16836400 JavaThread "Thread-87011" [_thread_blocked, id=5164, stack(0x3bda0000,0x3bdf0000)]
  0x16834400 JavaThread "Thread-86968" [_thread_blocked, id=5768, stack(0x3bce0000,0x3bd30000)]
  0x16833c00 JavaThread "Thread-86925" [_thread_blocked, id=7684, stack(0x3b8a0000,0x3b8f0000)]
  0x1682c000 JavaThread "Thread-86882" [_thread_blocked, id=5012, stack(0x3bb80000,0x3bbd0000)]
  0x1682ac00 JavaThread "Thread-86839" [_thread_blocked, id=7284, stack(0x3bac0000,0x3bb10000)]
  0x16a5ac00 JavaThread "Thread-86796" [_thread_blocked, id=3664, stack(0x39ab0000,0x39b00000)]
  0x1680e800 JavaThread "Thread-86753" [_thread_blocked, id=9916, stack(0x3b930000,0x3b980000)]
  0x1682b800 JavaThread "Thread-86710" [_thread_blocked, id=6996, stack(0x3ac10000,0x3ac60000)]
  0x1682c400 JavaThread "Thread-86667" [_thread_blocked, id=5116, stack(0x3ba40000,0x3ba90000)]
  0x16a58000 JavaThread "Thread-86624" [_thread_blocked, id=6988, stack(0x3b6d0000,0x3b720000)]
  0x16a52800 JavaThread "Thread-86581" [_thread_blocked, id=8272, stack(0x3b990000,0x3b9e0000)]
  0x16a5d000 JavaThread "Thread-86538" [_thread_blocked, id=6024, stack(0x3b7c0000,0x3b810000)]
  0x16a5cc00 JavaThread "Thread-86495" [_thread_blocked, id=8724, stack(0x3b850000,0x3b8a0000)]
  0x1682b400 JavaThread "Thread-86452" [_thread_blocked, id=8676, stack(0x3b740000,0x3b790000)]
  0x16829800 JavaThread "Thread-86409" [_thread_blocked, id=2644, stack(0x3b080000,0x3b0d0000)]
  0x1682a000 JavaThread "Thread-86366" [_thread_blocked, id=4508, stack(0x3b660000,0x3b6b0000)]
  0x1682cc00 JavaThread "Thread-86323" [_thread_blocked, id=9728, stack(0x3b560000,0x3b5b0000)]
  0x1682d400 JavaThread "Thread-86280" [_thread_blocked, id=9008, stack(0x3b230000,0x3b280000)]
  0x1682a800 JavaThread "Thread-86210" [_thread_blocked, id=4448, stack(0x3b5d0000,0x3b620000)]
  0x16a50800 JavaThread "Thread-86194" [_thread_blocked, id=3212, stack(0x3b280000,0x3b2d0000)]
  0x16a53c00 JavaThread "Thread-86151" [_thread_blocked, id=3976, stack(0x3b4b0000,0x3b500000)]
  0x16a51400 JavaThread "Thread-86108" [_thread_blocked, id=7420, stack(0x3a9a0000,0x3a9f0000)]
  0x16a52000 JavaThread "Thread-86065" [_thread_blocked, id=1076, stack(0x3b420000,0x3b470000)]
  0x1680dc00 JavaThread "Thread-86022" [_thread_blocked, id=2528, stack(0x3ad30000,0x3ad80000)]
  0x16a5d800 JavaThread "Thread-85979" [_thread_blocked, id=4324, stack(0x3b3a0000,0x3b3f0000)]
  0x16720000 JavaThread "Thread-85936" [_thread_blocked, id=4848, stack(0x3b300000,0x3b350000)]
  0x16a58c00 JavaThread "Thread-85893" [_thread_blocked, id=5688, stack(0x3b180000,0x3b1d0000)]
  0x1680e000 JavaThread "Thread-85850" [_thread_blocked, id=8404, stack(0x3b1e0000,0x3b230000)]
  0x16a5c000 JavaThread "Thread-85807" [_thread_blocked, id=8896, stack(0x3b100000,0x3b150000)]
  0x1680cc00 JavaThread "Thread-85764" [_thread_blocked, id=5728, stack(0x3abc0000,0x3ac10000)]
  0x16a5a400 JavaThread "Thread-85721" [_thread_blocked, id=6584, stack(0x3b010000,0x3b060000)]
  0x16714c00 JavaThread "Thread-85678" [_thread_blocked, id=260, stack(0x3afc0000,0x3b010000)]
  0x16716000 JavaThread "Thread-85635" [_thread_blocked, id=4332, stack(0x3a3b0000,0x3a400000)]
  0x1680a000 JavaThread "Thread-85592" [_thread_blocked, id=8024, stack(0x3a4a0000,0x3a4f0000)]
  0x16a5b800 JavaThread "Thread-85549" [_thread_blocked, id=6536, stack(0x3af30000,0x3af80000)]
  0x1680ac00 JavaThread "Thread-85506" [_thread_blocked, id=2176, stack(0x3aed0000,0x3af20000)]
  0x16a52c00 JavaThread "Thread-85463" [_thread_blocked, id=8116, stack(0x3ade0000,0x3ae30000)]
  0x16a59800 JavaThread "Thread-85420" [_thread_blocked, id=4596, stack(0x3acb0000,0x3ad00000)]
  0x16a57800 JavaThread "Thread-85377" [_thread_blocked, id=5980, stack(0x3ae50000,0x3aea0000)]
  0x16809800 JavaThread "Thread-85334" [_thread_blocked, id=1364, stack(0x3ad90000,0x3ade0000)]
  0x1680a800 JavaThread "Thread-85291" [_thread_blocked, id=6908, stack(0x3ab50000,0x3aba0000)]
  0x16809400 JavaThread "Thread-85248" [_thread_blocked, id=10092, stack(0x39df0000,0x39e40000)]
  0x16a1f000 JavaThread "Thread-85205" [_thread_blocked, id=6956, stack(0x3ac60000,0x3acb0000)]
  0x16a55800 JavaThread "Thread-85162" [_thread_blocked, id=4420, stack(0x3a950000,0x3a9a0000)]
  0x16805800 JavaThread "Thread-85119" [_thread_blocked, id=4396, stack(0x3aad0000,0x3ab20000)]
  0x16806000 JavaThread "Thread-85076" [_thread_blocked, id=800, stack(0x3a760000,0x3a7b0000)]
  0x16806c00 JavaThread "Thread-85033" [_thread_blocked, id=156, stack(0x3a4f0000,0x3a540000)]
  0x16806400 JavaThread "Thread-84990" [_thread_blocked, id=5072, stack(0x3aa70000,0x3aac0000)]
  0x16805000 JavaThread "Thread-84947" [_thread_blocked, id=8284, stack(0x3a9f0000,0x3aa40000)]
  0x16803800 JavaThread "Thread-84904" [_thread_blocked, id=7468, stack(0x3a850000,0x3a8a0000)]
  0x16804c00 JavaThread "Thread-84861" [_thread_blocked, id=6692, stack(0x3a650000,0x3a6a0000)]
  0x16804000 JavaThread "Thread-84818" [_thread_blocked, id=5824, stack(0x3a8e0000,0x3a930000)]
  0x16804400 JavaThread "Thread-84775" [_thread_blocked, id=8816, stack(0x3a710000,0x3a760000)]
  0x16803000 JavaThread "Thread-84732" [_thread_blocked, id=7564, stack(0x3a7d0000,0x3a820000)]
  0x16a98000 JavaThread "Thread-84689" [_thread_blocked, id=8468, stack(0x3a450000,0x3a4a0000)]
  0x16a96c00 JavaThread "Thread-84646" [_thread_blocked, id=2816, stack(0x3a6b0000,0x3a700000)]
  0x16a97400 JavaThread "Thread-84603" [_thread_blocked, id=8788, stack(0x3a550000,0x3a5a0000)]
  0x16a97c00 JavaThread "Thread-84560" [_thread_blocked, id=7764, stack(0x3a5e0000,0x3a630000)]
  0x16a96800 JavaThread "Thread-84517" [_thread_blocked, id=8604, stack(0x228b0000,0x22900000)]
  0x16a8fc00 JavaThread "Thread-84474" [_thread_blocked, id=9548, stack(0x3a310000,0x3a360000)]
  0x16a90800 JavaThread "Thread-84431" [_thread_blocked, id=5076, stack(0x3a400000,0x3a450000)]
  0x16a90400 JavaThread "Thread-84388" [_thread_blocked, id=4740, stack(0x3a360000,0x3a3b0000)]
  0x16a91000 JavaThread "Thread-84345" [_thread_blocked, id=10184, stack(0x3a0d0000,0x3a120000)]
  0x16a8f800 JavaThread "Thread-84302" [_thread_blocked, id=6564, stack(0x3a050000,0x3a0a0000)]
  0x16a4c800 JavaThread "Thread-84259" [_thread_blocked, id=3340, stack(0x39b50000,0x39ba0000)]
  0x16a4d400 JavaThread "Thread-84216" [_thread_blocked, id=6000, stack(0x39c00000,0x39c50000)]
  0x16a4cc00 JavaThread "Thread-84173" [_thread_blocked, id=7324, stack(0x3a150000,0x3a1a0000)]
  0x16a4c000 JavaThread "Thread-84130" [_thread_blocked, id=2308, stack(0x3a290000,0x3a2e0000)]
  0x16a4b800 JavaThread "Thread-84087" [_thread_blocked, id=6600, stack(0x3a210000,0x3a260000)]
  0x16a73c00 JavaThread "Thread-84044" [_thread_blocked, id=8720, stack(0x3a1b0000,0x3a200000)]
  0x16a72c00 JavaThread "Thread-84001" [_thread_blocked, id=5032, stack(0x39a60000,0x39ab0000)]
  0x16a73400 JavaThread "Thread-83958" [_thread_blocked, id=6304, stack(0x39d20000,0x39d70000)]
  0x16a74000 JavaThread "Thread-83915" [_thread_blocked, id=772, stack(0x39fe0000,0x3a030000)]
  0x16a72800 JavaThread "Thread-83872" [_thread_blocked, id=4436, stack(0x39f80000,0x39fd0000)]
  0x16722c00 JavaThread "Thread-83829" [_thread_blocked, id=5532, stack(0x39f30000,0x39f80000)]
  0x16a53400 JavaThread "Thread-83786" [_thread_blocked, id=9768, stack(0x39e40000,0x39e90000)]
  0x16a24400 JavaThread "Thread-83743" [_thread_blocked, id=1484, stack(0x39ed0000,0x39f20000)]
  0x16a56400 JavaThread "Thread-83700" [_thread_blocked, id=9292, stack(0x39da0000,0x39df0000)]
  0x16722800 JavaThread "Thread-83657" [_thread_blocked, id=8872, stack(0x39c60000,0x39cb0000)]
  0x16723c00 JavaThread "Thread-83614" [_thread_blocked, id=6632, stack(0x39cd0000,0x39d20000)]
  0x16723400 JavaThread "Thread-83571" [_thread_blocked, id=10020, stack(0x39bb0000,0x39c00000)]
  0x16722000 JavaThread "Thread-83528" [_thread_blocked, id=7464, stack(0x39b00000,0x39b50000)]
  0x166e4000 JavaThread "Thread-83485" [_thread_blocked, id=4640, stack(0x39a10000,0x39a60000)]
  0x166e4400 JavaThread "Thread-83442" [_thread_blocked, id=9860, stack(0x23900000,0x23950000)]
  0x166e3800 JavaThread "Thread-83399" [_thread_blocked, id=9616, stack(0x39980000,0x399d0000)]
  0x166e4c00 JavaThread "Thread-83356" [_thread_blocked, id=8920, stack(0x397a0000,0x397f0000)]
  0x16a56c00 JavaThread "Thread-83313" [_thread_blocked, id=2208, stack(0x23650000,0x236a0000)]
  0x16a56000 JavaThread "Thread-83270" [_thread_blocked, id=7980, stack(0x39810000,0x39860000)]
  0x16a21c00 JavaThread "Thread-83227" [_thread_blocked, id=5244, stack(0x23800000,0x23850000)]
  0x16a55000 JavaThread "Thread-83184" [_thread_blocked, id=1204, stack(0x39900000,0x39950000)]
  0x16a22800 JavaThread "Thread-83141" [_thread_blocked, id=5284, stack(0x39870000,0x398c0000)]
  0x16a51c00 JavaThread "Thread-83098" [_thread_blocked, id=9924, stack(0x23890000,0x238e0000)]
  0x16a4e800 JavaThread "Thread-83055" [_thread_blocked, id=4588, stack(0x236a0000,0x236f0000)]
  0x16a4ec00 JavaThread "Thread-83012" [_thread_blocked, id=5128, stack(0x23700000,0x23750000)]
  0x16a1ec00 JavaThread "Thread-82969" [_thread_blocked, id=5340, stack(0x235f0000,0x23640000)]
  0x16a4f400 JavaThread "Thread-82926" [_thread_blocked, id=8836, stack(0x23790000,0x237e0000)]
  0x16a24800 JavaThread "Thread-82883" [_thread_blocked, id=5024, stack(0x23500000,0x23550000)]
  0x16a4e000 JavaThread "Thread-82840" [_thread_blocked, id=6284, stack(0x233e0000,0x23430000)]
  0x16a51000 JavaThread "Thread-82797" [_thread_blocked, id=8288, stack(0x23490000,0x234e0000)]
  0x16a50000 JavaThread "Thread-82754" [_thread_blocked, id=8632, stack(0x23570000,0x235c0000)]
  0x16a22400 JavaThread "Thread-82711" [_thread_blocked, id=9588, stack(0x23330000,0x23380000)]
  0x16a4d800 JavaThread "Thread-82668" [_thread_blocked, id=8944, stack(0x23190000,0x231e0000)]
  0x16a23c00 JavaThread "Thread-82625" [_thread_blocked, id=7500, stack(0x23430000,0x23480000)]
  0x16a21800 JavaThread "Thread-82582" [_thread_blocked, id=6556, stack(0x23280000,0x232d0000)]
  0x16a23800 JavaThread "Thread-82539" [_thread_blocked, id=8704, stack(0x23380000,0x233d0000)]
  0x16a49c00 JavaThread "Thread-82496" [_thread_blocked, id=4364, stack(0x22dc0000,0x22e10000)]
  0x16a4a400 JavaThread "Thread-82453" [_thread_blocked, id=5092, stack(0x22030000,0x22080000)]
  0x166df800 JavaThread "Thread-82410" [_thread_blocked, id=8440, stack(0x232d0000,0x23320000)]
  0x16a1e000 JavaThread "Thread-82367" [_thread_blocked, id=7880, stack(0x23210000,0x23260000)]
  0x16a23000 JavaThread "Thread-82324" [_thread_blocked, id=4916, stack(0x22be0000,0x22c30000)]
  0x16a20c00 JavaThread "Thread-82281" [_thread_blocked, id=9648, stack(0x230d0000,0x23120000)]
  0x16a4a800 JavaThread "Thread-82238" [_thread_blocked, id=10168, stack(0x23080000,0x230d0000)]
  0x16a4b000 JavaThread "Thread-82195" [_thread_blocked, id=5212, stack(0x23130000,0x23180000)]
  0x16a49400 JavaThread "Thread-82152" [_thread_blocked, id=4624, stack(0x22e80000,0x22ed0000)]
  0x16a1fc00 JavaThread "Thread-82109" [_thread_blocked, id=8008, stack(0x22f30000,0x22f80000)]
  0x16a1e400 JavaThread "Thread-82066" [_thread_blocked, id=9428, stack(0x22f90000,0x22fe0000)]
  0x16a21000 JavaThread "Thread-82023" [_thread_blocked, id=5432, stack(0x23000000,0x23050000)]
  0x166df000 JavaThread "Thread-81980" [_thread_blocked, id=9112, stack(0x22ee0000,0x22f30000)]
  0x16a1d800 JavaThread "Thread-81937" [_thread_blocked, id=1596, stack(0x22ca0000,0x22cf0000)]
  0x166e0400 JavaThread "Thread-81894" [_thread_blocked, id=6140, stack(0x22e30000,0x22e80000)]
  0x16a20400 JavaThread "Thread-81851" [_thread_blocked, id=7812, stack(0x22d50000,0x22da0000)]
  0x16715400 JavaThread "Thread-81808" [_thread_blocked, id=7568, stack(0x22cf0000,0x22d40000)]
  0x16a1f800 JavaThread "Thread-81765" [_thread_blocked, id=5796, stack(0x22630000,0x22680000)]
  0x166dfc00 JavaThread "Thread-81722" [_thread_blocked, id=7372, stack(0x22770000,0x227c0000)]
  0x16a1d000 JavaThread "Thread-81679" [_thread_blocked, id=5916, stack(0x22c50000,0x22ca0000)]
  0x166de800 JavaThread "Thread-81636" [_thread_blocked, id=8316, stack(0x22900000,0x22950000)]
  0x16713400 JavaThread "Thread-81593" [_thread_blocked, id=4756, stack(0x22b50000,0x22ba0000)]
  0x16734000 JavaThread "Thread-81550" [_thread_blocked, id=5908, stack(0x22ad0000,0x22b20000)]
  0x16713000 JavaThread "Thread-81507" [_thread_blocked, id=8012, stack(0x22a40000,0x22a90000)]
  0x16734400 JavaThread "Thread-81464" [_thread_blocked, id=3848, stack(0x229d0000,0x22a20000)]
  0x16735400 JavaThread "Thread-81421" [_thread_blocked, id=9036, stack(0x22860000,0x228b0000)]
  0x16734c00 JavaThread "Thread-81378" [_thread_blocked, id=5052, stack(0x22960000,0x229b0000)]
  0x16713c00 JavaThread "Thread-81335" [_thread_blocked, id=7656, stack(0x22580000,0x225d0000)]
  0x16715800 JavaThread "Thread-81292" [_thread_blocked, id=8428, stack(0x22690000,0x226e0000)]
  0x16714800 JavaThread "Thread-81249" [_thread_blocked, id=10144, stack(0x227e0000,0x22830000)]
  0x16733800 JavaThread "Thread-81206" [_thread_blocked, id=4840, stack(0x226e0000,0x22730000)]
  0x16712800 JavaThread "Thread-81163" [_thread_blocked, id=4040, stack(0x22360000,0x223b0000)]
  0x1671e800 JavaThread "Thread-81120" [_thread_blocked, id=8576, stack(0x207d0000,0x20820000)]
  0x16711000 JavaThread "Thread-81077" [_thread_blocked, id=8004, stack(0x22470000,0x224c0000)]
  0x166fe400 JavaThread "Thread-81034" [_thread_blocked, id=5852, stack(0x21d20000,0x21d70000)]
  0x16710800 JavaThread "Thread-80991" [_thread_blocked, id=6472, stack(0x225e0000,0x22630000)]
  0x1671dc00 JavaThread "Thread-80948" [_thread_blocked, id=5000, stack(0x224f0000,0x22540000)]
  0x16711c00 JavaThread "Thread-80905" [_thread_blocked, id=6100, stack(0x222b0000,0x22300000)]
  0x1671e400 JavaThread "Thread-80862" [_thread_blocked, id=6368, stack(0x21bb0000,0x21c00000)]
  0x16712400 JavaThread "Thread-80819" [_thread_blocked, id=5892, stack(0x223e0000,0x22430000)]
  0x166ff000 JavaThread "Thread-80776" [_thread_blocked, id=4160, stack(0x21fd0000,0x22020000)]
  0x1671c000 JavaThread "Thread-80733" [_thread_blocked, id=9372, stack(0x22080000,0x220d0000)]
  0x1671bc00 JavaThread "Thread-80690" [_thread_blocked, id=7716, stack(0x22310000,0x22360000)]
  0x1671c800 JavaThread "Thread-80647" [_thread_blocked, id=7296, stack(0x22260000,0x222b0000)]
  0x1671b400 JavaThread "Thread-80604" [_thread_blocked, id=716, stack(0x221d0000,0x22220000)]
  0x1671b000 JavaThread "Thread-80561" [_thread_blocked, id=7076, stack(0x22160000,0x221b0000)]
  0x16443800 JavaThread "Thread-80518" [_thread_blocked, id=1256, stack(0x220f0000,0x22140000)]
  0x16444000 JavaThread "Thread-80475" [_thread_blocked, id=2936, stack(0x21f30000,0x21f80000)]
  0x16442c00 JavaThread "Thread-80432" [_thread_blocked, id=10016, stack(0x21b20000,0x21b70000)]
  0x1671f000 JavaThread "Thread-80389" [_thread_blocked, id=7676, stack(0x21470000,0x214c0000)]
  0x1671d800 JavaThread "Thread-80346" [_thread_blocked, id=2900, stack(0x21f80000,0x21fd0000)]
  0x166fdc00 JavaThread "Thread-80303" [_thread_blocked, id=3936, stack(0x21710000,0x21760000)]
  0x16711400 JavaThread "Thread-80260" [_thread_blocked, id=7428, stack(0x21ea0000,0x21ef0000)]
  0x16710400 JavaThread "Thread-80217" [_thread_blocked, id=2864, stack(0x21c50000,0x21ca0000)]
  0x166fbc00 JavaThread "Thread-80174" [_thread_blocked, id=7456, stack(0x21e10000,0x21e60000)]
  0x166e8000 JavaThread "Thread-80131" [_thread_blocked, id=7188, stack(0x21d80000,0x21dd0000)]
  0x166fc000 JavaThread "Thread-80088" [_thread_blocked, id=8308, stack(0x21cb0000,0x21d00000)]
  0x166fe800 JavaThread "Thread-80045" [_thread_blocked, id=9964, stack(0x21c00000,0x21c50000)]
  0x166e7000 JavaThread "Thread-80002" [_thread_blocked, id=5600, stack(0x21a40000,0x21a90000)]
  0x166e8c00 JavaThread "Thread-79959" [_thread_blocked, id=6132, stack(0x21ab0000,0x21b00000)]
  0x166fb400 JavaThread "Thread-79916" [_thread_blocked, id=6036, stack(0x219b0000,0x21a00000)]
  0x166e8400 JavaThread "Thread-79873" [_thread_blocked, id=7180, stack(0x204e0000,0x20530000)]
  0x166fc800 JavaThread "Thread-79830" [_thread_blocked, id=4940, stack(0x21950000,0x219a0000)]
  0x166e7800 JavaThread "Thread-79787" [_thread_blocked, id=7416, stack(0x20bb0000,0x20c00000)]
  0x166fd800 JavaThread "Thread-79744" [_thread_blocked, id=5828, stack(0x21790000,0x217e0000)]
  0x166fac00 JavaThread "Thread-79701" [_thread_blocked, id=9248, stack(0x20eb0000,0x20f00000)]
  0x165f1400 JavaThread "Thread-79658" [_thread_blocked, id=9348, stack(0x212a0000,0x212f0000)]
  0x166e6c00 JavaThread "Thread-79615" [_thread_blocked, id=5008, stack(0x218c0000,0x21910000)]
  0x165f1000 JavaThread "Thread-79572" [_thread_blocked, id=8988, stack(0x21840000,0x21890000)]
  0x166e9000 JavaThread "Thread-79529" [_thread_blocked, id=5972, stack(0x21420000,0x21470000)]
  0x165f0800 JavaThread "Thread-79486" [_thread_blocked, id=5588, stack(0x217e0000,0x21830000)]
  0x166e9c00 JavaThread "Thread-79443" [_thread_blocked, id=9872, stack(0x21520000,0x21570000)]
  0x165f0400 JavaThread "Thread-79400" [_thread_blocked, id=5592, stack(0x216c0000,0x21710000)]
  0x166e9800 JavaThread "Thread-79357" [_thread_blocked, id=9708, stack(0x21630000,0x21680000)]
  0x16a0ac00 JavaThread "Thread-79314" [_thread_blocked, id=7888, stack(0x21570000,0x215c0000)]
  0x166e6400 JavaThread "Thread-79271" [_thread_blocked, id=360, stack(0x211e0000,0x21230000)]
  0x16a0c000 JavaThread "Thread-79228" [_thread_blocked, id=7756, stack(0x215d0000,0x21620000)]
  0x16443000 JavaThread "Thread-79185" [_thread_blocked, id=4012, stack(0x214d0000,0x21520000)]
  0x16442400 JavaThread "Thread-79142" [_thread_blocked, id=4292, stack(0x21360000,0x213b0000)]
  0x165d3c00 JavaThread "Thread-79099" [_thread_blocked, id=4576, stack(0x21300000,0x21350000)]
  0x16a0bc00 JavaThread "Thread-79056" [_thread_blocked, id=3836, stack(0x213d0000,0x21420000)]
  0x165d1c00 JavaThread "Thread-79013" [_thread_blocked, id=4100, stack(0x21240000,0x21290000)]
  0x16a0b400 JavaThread "Thread-78970" [_thread_blocked, id=6852, stack(0x1eef0000,0x1ef40000)]
  0x166e3000 JavaThread "Thread-78927" [_thread_blocked, id=5716, stack(0x20da0000,0x20df0000)]
  0x166e2400 JavaThread "Thread-78884" [_thread_blocked, id=9220, stack(0x21030000,0x21080000)]
  0x166e1c00 JavaThread "Thread-78841" [_thread_blocked, id=6844, stack(0x21180000,0x211d0000)]
  0x166e1800 JavaThread "Thread-78798" [_thread_blocked, id=10044, stack(0x210a0000,0x210f0000)]
  0x166e1000 JavaThread "Thread-78755" [_thread_blocked, id=7508, stack(0x20e60000,0x20eb0000)]
  0x166e0800 JavaThread "Thread-78712" [_thread_blocked, id=3280, stack(0x21100000,0x21150000)]
  0x166dd000 JavaThread "Thread-78669" [_thread_blocked, id=5712, stack(0x1ff20000,0x1ff70000)]
  0x166de000 JavaThread "Thread-78626" [_thread_blocked, id=6120, stack(0x20f50000,0x20fa0000)]
  0x166ddc00 JavaThread "Thread-78583" [_thread_blocked, id=7632, stack(0x20fc0000,0x21010000)]
  0x166dd400 JavaThread "Thread-78540" [_thread_blocked, id=9040, stack(0x20cc0000,0x20d10000)]
  0x166dc800 JavaThread "Thread-78497" [_thread_blocked, id=6964, stack(0x20f00000,0x20f50000)]
  0x166d6000 JavaThread "Thread-78454" [_thread_blocked, id=2852, stack(0x20df0000,0x20e40000)]
  0x166d6c00 JavaThread "Thread-78411" [_thread_blocked, id=6052, stack(0x209c0000,0x20a10000)]
  0x166d5800 JavaThread "Thread-78368" [_thread_blocked, id=6976, stack(0x20c00000,0x20c50000)]
  0x166d6400 JavaThread "Thread-78325" [_thread_blocked, id=9332, stack(0x20af0000,0x20b40000)]
  0x166d5000 JavaThread "Thread-78282" [_thread_blocked, id=3084, stack(0x20d40000,0x20d90000)]
  0x16420c00 JavaThread "Thread-78239" [_thread_blocked, id=4968, stack(0x20b50000,0x20ba0000)]
  0x165d3400 JavaThread "Thread-78196" [_thread_blocked, id=8392, stack(0x20c50000,0x20ca0000)]
  0x165d0800 JavaThread "Thread-78153" [_thread_blocked, id=9080, stack(0x208f0000,0x20940000)]
  0x165f9400 JavaThread "Thread-78110" [_thread_blocked, id=7128, stack(0x20970000,0x209c0000)]
  0x165f9800 JavaThread "Thread-78067" [_thread_blocked, id=8196, stack(0x20aa0000,0x20af0000)]
  0x165f8c00 JavaThread "Thread-78024" [_thread_blocked, id=6972, stack(0x20a20000,0x20a70000)]
  0x165fa000 JavaThread "Thread-77981" [_thread_blocked, id=9020, stack(0x20730000,0x20780000)]
  0x165f8400 JavaThread "Thread-77938" [_thread_blocked, id=9308, stack(0x208a0000,0x208f0000)]
  0x165ea800 JavaThread "Thread-77895" [_thread_blocked, id=9520, stack(0x201d0000,0x20220000)]
  0x165e9400 JavaThread "Thread-77852" [_thread_blocked, id=3268, stack(0x20820000,0x20870000)]
  0x165e9c00 JavaThread "Thread-77809" [_thread_blocked, id=6648, stack(0x20780000,0x207d0000)]
  0x165ea000 JavaThread "Thread-77766" [_thread_blocked, id=8656, stack(0x20610000,0x20660000)]
  0x165e9000 JavaThread "Thread-77723" [_thread_blocked, id=9436, stack(0x20670000,0x206c0000)]
  0x165d6000 JavaThread "Thread-77680" [_thread_blocked, id=8900, stack(0x202c0000,0x20310000)]
  0x165d6800 JavaThread "Thread-77637" [_thread_blocked, id=10060, stack(0x206c0000,0x20710000)]
  0x165efc00 JavaThread "Thread-77594" [_thread_blocked, id=6328, stack(0x20590000,0x205e0000)]
  0x165d7400 JavaThread "Thread-77551" [_thread_blocked, id=6652, stack(0x20480000,0x204d0000)]
  0x165d6c00 JavaThread "Thread-77508" [_thread_blocked, id=10096, stack(0x20420000,0x20470000)]
  0x165d5800 JavaThread "Thread-77465" [_thread_blocked, id=8080, stack(0x20530000,0x20580000)]
  0x165bf000 JavaThread "Thread-77422" [_thread_blocked, id=7376, stack(0x20180000,0x201d0000)]
  0x165be400 JavaThread "Thread-77379" [_thread_blocked, id=5988, stack(0x200b0000,0x20100000)]
  0x165bec00 JavaThread "Thread-77336" [_thread_blocked, id=9672, stack(0x1e120000,0x1e170000)]
  0x165be000 JavaThread "Thread-77293" [_thread_blocked, id=8536, stack(0x203c0000,0x20410000)]
  0x165bd800 JavaThread "Thread-77250" [_thread_blocked, id=2328, stack(0x20350000,0x203a0000)]
  0x169f8000 JavaThread "Thread-77207" [_thread_blocked, id=1352, stack(0x1fdb0000,0x1fe00000)]
  0x16a0a800 JavaThread "Thread-77164" [_thread_blocked, id=4520, stack(0x1f8a0000,0x1f8f0000)]
  0x165d2800 JavaThread "Thread-77121" [_thread_blocked, id=5308, stack(0x20230000,0x20280000)]
  0x169ddc00 JavaThread "Thread-77078" [_thread_blocked, id=9104, stack(0x20110000,0x20160000)]
  0x165d1000 JavaThread "Thread-77035" [_thread_blocked, id=7532, stack(0x1ffc0000,0x20010000)]
  0x169df000 JavaThread "Thread-76992" [_thread_blocked, id=4344, stack(0x20030000,0x20080000)]
  0x165d2c00 JavaThread "Thread-76949" [_thread_blocked, id=9180, stack(0x1fd20000,0x1fd70000)]
  0x165d2000 JavaThread "Thread-76906" [_thread_blocked, id=8624, stack(0x1ff70000,0x1ffc0000)]
  0x169f7c00 JavaThread "Thread-76863" [_thread_blocked, id=8464, stack(0x1fe00000,0x1fe50000)]
  0x169de400 JavaThread "Thread-76820" [_thread_blocked, id=4368, stack(0x1fed0000,0x1ff20000)]
  0x165d1400 JavaThread "Thread-76777" [_thread_blocked, id=8164, stack(0x1fe50000,0x1fea0000)]
  0x16421c00 JavaThread "Thread-76734" [_thread_blocked, id=9820, stack(0x1fcc0000,0x1fd10000)]
  0x165a4c00 JavaThread "Thread-76691" [_thread_blocked, id=7084, stack(0x1f520000,0x1f570000)]
  0x165d0000 JavaThread "Thread-76648" [_thread_blocked, id=4496, stack(0x1f9b0000,0x1fa00000)]
  0x169ff000 JavaThread "Thread-76605" [_thread_blocked, id=8060, stack(0x1fa10000,0x1fa60000)]
  0x169f7400 JavaThread "Thread-76562" [_thread_blocked, id=7536, stack(0x1fc50000,0x1fca0000)]
  0x169fe400 JavaThread "Thread-76519" [_thread_blocked, id=6208, stack(0x1fbe0000,0x1fc30000)]
  0x165a4000 JavaThread "Thread-76476" [_thread_blocked, id=5900, stack(0x1fae0000,0x1fb30000)]
  0x169fe000 JavaThread "Thread-76433" [_thread_blocked, id=2704, stack(0x1f840000,0x1f890000)]
  0x165a4800 JavaThread "Thread-76376" [_thread_blocked, id=864, stack(0x1fb60000,0x1fbb0000)]
  0x165a5400 JavaThread "Thread-76347" [_thread_blocked, id=2456, stack(0x1fa70000,0x1fac0000)]
  0x169de800 JavaThread "Thread-76304" [_thread_blocked, id=6532, stack(0x1f7f0000,0x1f840000)]
  0x169dd400 JavaThread "Thread-76261" [_thread_blocked, id=5792, stack(0x1f720000,0x1f770000)]
  0x169ffc00 JavaThread "Thread-76218" [_thread_blocked, id=5344, stack(0x1f380000,0x1f3d0000)]
  0x165a3800 JavaThread "Thread-76175" [_thread_blocked, id=8088, stack(0x1f2d0000,0x1f320000)]
  0x169fd800 JavaThread "Thread-76132" [_thread_blocked, id=8804, stack(0x1f960000,0x1f9b0000)]
  0x16a00400 JavaThread "Thread-76089" [_thread_blocked, id=6056, stack(0x1f900000,0x1f950000)]
  0x16a00c00 JavaThread "Thread-76046" [_thread_blocked, id=2672, stack(0x1e620000,0x1e670000)]
  0x168b7c00 JavaThread "Thread-76003" [_thread_blocked, id=4772, stack(0x1e7c0000,0x1e810000)]
  0x169fec00 JavaThread "Thread-75960" [_thread_blocked, id=8220, stack(0x1f770000,0x1f7c0000)]
  0x169ff800 JavaThread "Thread-75917" [_thread_blocked, id=7848, stack(0x1f5d0000,0x1f620000)]
  0x169fd000 JavaThread "Thread-75874" [_thread_blocked, id=8412, stack(0x1f6d0000,0x1f720000)]
  0x169f2c00 JavaThread "Thread-75831" [_thread_blocked, id=7164, stack(0x1ecf0000,0x1ed40000)]
  0x169f5400 JavaThread "Thread-75788" [_thread_blocked, id=8204, stack(0x1f650000,0x1f6a0000)]
  0x168b8400 JavaThread "Thread-75745" [_thread_blocked, id=8964, stack(0x1f4d0000,0x1f520000)]
  0x169f2800 JavaThread "Thread-75702" [_thread_blocked, id=5144, stack(0x1f420000,0x1f470000)]
  0x169f3800 JavaThread "Thread-75659" [_thread_blocked, id=9692, stack(0x1f570000,0x1f5c0000)]
  0x169f2000 JavaThread "Thread-75616" [_thread_blocked, id=5472, stack(0x1f040000,0x1f090000)]
  0x169f4400 JavaThread "Thread-75573" [_thread_blocked, id=5512, stack(0x1f480000,0x1f4d0000)]
  0x169fc000 JavaThread "Thread-75530" [_thread_blocked, id=8140, stack(0x1f3d0000,0x1f420000)]
  0x168b7800 JavaThread "Thread-75487" [_thread_blocked, id=4636, stack(0x1f320000,0x1f370000)]
  0x169f3400 JavaThread "Thread-75444" [_thread_blocked, id=9772, stack(0x1e1c0000,0x1e210000)]
  0x169fcc00 JavaThread "Thread-75401" [_thread_blocked, id=5524, stack(0x1f1d0000,0x1f220000)]
  0x169fc400 JavaThread "Thread-75358" [_thread_blocked, id=4892, stack(0x1f240000,0x1f290000)]
  0x169f8800 JavaThread "Thread-75315" [_thread_blocked, id=9740, stack(0x1f150000,0x1f1a0000)]
  0x169fb800 JavaThread "Thread-75272" [_thread_blocked, id=7100, stack(0x1f090000,0x1f0e0000)]
  0x168b7000 JavaThread "Thread-75229" [_thread_blocked, id=8784, stack(0x1f0f0000,0x1f140000)]
  0x169f4c00 JavaThread "Thread-75186" [_thread_blocked, id=6744, stack(0x1efb0000,0x1f000000)]
  0x169fb000 JavaThread "Thread-75143" [_thread_blocked, id=5064, stack(0x1eb70000,0x1ebc0000)]
  0x169f4000 JavaThread "Thread-75100" [_thread_blocked, id=8796, stack(0x1ef40000,0x1ef90000)]
  0x169f1800 JavaThread "Thread-75057" [_thread_blocked, id=8128, stack(0x1e6c0000,0x1e710000)]
  0x169d8800 JavaThread "Thread-75014" [_thread_blocked, id=6684, stack(0x1eea0000,0x1eef0000)]
  0x169f6c00 JavaThread "Thread-74971" [_thread_blocked, id=6112, stack(0x1ee20000,0x1ee70000)]
  0x169d8000 JavaThread "Thread-74928" [_thread_blocked, id=7712, stack(0x1ea00000,0x1ea50000)]
  0x1643c000 JavaThread "Thread-74885" [_thread_blocked, id=344, stack(0x1edd0000,0x1ee20000)]
  0x169d8c00 JavaThread "Thread-74842" [_thread_blocked, id=4912, stack(0x1ed40000,0x1ed90000)]
  0x169d9c00 JavaThread "Thread-74799" [_thread_blocked, id=4412, stack(0x1ebe0000,0x1ec30000)]
  0x169d7000 JavaThread "Thread-74756" [_thread_blocked, id=10116, stack(0x1ec60000,0x1ecb0000)]
  0x168b6c00 JavaThread "Thread-74713" [_thread_blocked, id=4232, stack(0x1e930000,0x1e980000)]
  0x169d6800 JavaThread "Thread-74670" [_thread_blocked, id=4820, stack(0x1eaf0000,0x1eb40000)]
  0x1643b800 JavaThread "Thread-74627" [_thread_blocked, id=4548, stack(0x1ea70000,0x1eac0000)]
  0x169d7c00 JavaThread "Thread-74584" [_thread_blocked, id=9476, stack(0x1e8b0000,0x1e900000)]
  0x169d9400 JavaThread "Thread-74541" [_thread_blocked, id=2548, stack(0x1e990000,0x1e9e0000)]
  0x16455400 JavaThread "Thread-74498" [_thread_blocked, id=9352, stack(0x1e460000,0x1e4b0000)]
  0x16455c00 JavaThread "Thread-74455" [_thread_blocked, id=4876, stack(0x1dbe0000,0x1dc30000)]
  0x169d7400 JavaThread "Thread-74412" [_thread_blocked, id=6416, stack(0x1e410000,0x1e460000)]
  0x16440400 JavaThread "Thread-74369" [_thread_blocked, id=1180, stack(0x1df30000,0x1df80000)]
  0x169d6000 JavaThread "Thread-74326" [_thread_blocked, id=5936, stack(0x1e820000,0x1e870000)]
  0x16456400 JavaThread "Thread-74283" [_thread_blocked, id=9640, stack(0x1e670000,0x1e6c0000)]
  0x169cf000 JavaThread "Thread-74240" [_thread_blocked, id=10160, stack(0x1e770000,0x1e7c0000)]
  0x16455000 JavaThread "Thread-74197" [_thread_blocked, id=7884, stack(0x1db30000,0x1db80000)]
  0x16454800 JavaThread "Thread-74154" [_thread_blocked, id=9632, stack(0x1e260000,0x1e2b0000)]
  0x169cec00 JavaThread "Thread-74111" [_thread_blocked, id=9304, stack(0x1e5d0000,0x1e620000)]
  0x169d0c00 JavaThread "Thread-74068" [_thread_blocked, id=168, stack(0x1e0d0000,0x1e120000)]
  0x1643f800 JavaThread "Thread-74025" [_thread_blocked, id=4440, stack(0x1e540000,0x1e590000)]
  0x169cf800 JavaThread "Thread-73982" [_thread_blocked, id=5508, stack(0x1e4c0000,0x1e510000)]
  0x16440c00 JavaThread "Thread-73939" [_thread_blocked, id=5108, stack(0x1dfe0000,0x1e030000)]
  0x1643c800 JavaThread "Thread-73896" [_thread_blocked, id=8372, stack(0x1e340000,0x1e390000)]
  0x1643fc00 JavaThread "Thread-73827" [_thread_blocked, id=7504, stack(0x1e720000,0x1e770000)]
  0x169cd800 JavaThread "Thread-73810" [_thread_blocked, id=1492, stack(0x1e390000,0x1e3e0000)]
  0x169d0400 JavaThread "Thread-73767" [_thread_blocked, id=10224, stack(0x1e2d0000,0x1e320000)]
  0x1643b400 JavaThread "Thread-73724" [_thread_blocked, id=7624, stack(0x1de90000,0x1dee0000)]
  0x169cfc00 JavaThread "Thread-73681" [_thread_blocked, id=5456, stack(0x1e210000,0x1e260000)]
  0x1643f000 JavaThread "Thread-73638" [_thread_blocked, id=5848, stack(0x1e170000,0x1e1c0000)]
  0x169ce000 JavaThread "Thread-73595" [_thread_blocked, id=956, stack(0x1d9f0000,0x1da40000)]
  0x169ce400 JavaThread "Thread-73552" [_thread_blocked, id=8748, stack(0x1e080000,0x1e0d0000)]
  0x169cd000 JavaThread "Thread-73509" [_thread_blocked, id=2336, stack(0x1e030000,0x1e080000)]
  0x168b3800 JavaThread "Thread-73466" [_thread_blocked, id=8016, stack(0x1dd70000,0x1ddc0000)]
  0x168b5800 JavaThread "Thread-73423" [_thread_blocked, id=3152, stack(0x1d1e0000,0x1d230000)]
  0x16671c00 JavaThread "Thread-73380" [_thread_blocked, id=4708, stack(0x1de20000,0x1de70000)]
  0x168b4c00 JavaThread "Thread-73337" [_thread_blocked, id=8384, stack(0x1df90000,0x1dfe0000)]
  0x1643ac00 JavaThread "Thread-73294" [_thread_blocked, id=9528, stack(0x1dee0000,0x1df30000)]
  0x16891000 JavaThread "Thread-73251" [_thread_blocked, id=8652, stack(0x1d040000,0x1d090000)]
  0x168b3000 JavaThread "Thread-73208" [_thread_blocked, id=884, stack(0x1ddd0000,0x1de20000)]
  0x168b5c00 JavaThread "Thread-73165" [_thread_blocked, id=8688, stack(0x1dc50000,0x1dca0000)]
  0x16672400 JavaThread "Thread-73122" [_thread_blocked, id=6520, stack(0x1dd10000,0x1dd60000)]
  0x168b3c00 JavaThread "Thread-73079" [_thread_blocked, id=2712, stack(0x1d850000,0x1d8a0000)]
  0x168b5000 JavaThread "Thread-73036" [_thread_blocked, id=5268, stack(0x1dcc0000,0x1dd10000)]
  0x16891400 JavaThread "Thread-72993" [_thread_blocked, id=5176, stack(0x1cf90000,0x1cfe0000)]
  0x1642bc00 JavaThread "Thread-72950" [_thread_blocked, id=2564, stack(0x1da80000,0x1dad0000)]
  0x1642c000 JavaThread "Thread-72907" [_thread_blocked, id=7232, stack(0x1db90000,0x1dbe0000)]
  0x1642ac00 JavaThread "Thread-72864" [_thread_blocked, id=9732, stack(0x1dae0000,0x1db30000)]
  0x168b4400 JavaThread "Thread-72821" [_thread_blocked, id=9624, stack(0x1d7f0000,0x1d840000)]
  0x1642b400 JavaThread "Thread-72778" [_thread_blocked, id=7016, stack(0x1d8a0000,0x1d8f0000)]
  0x168b6400 JavaThread "Thread-72735" [_thread_blocked, id=3608, stack(0x1d980000,0x1d9d0000)]
  0x16890800 JavaThread "Thread-72692" [_thread_blocked, id=7424, stack(0x1d6f0000,0x1d740000)]
  0x16422000 JavaThread "Thread-72649" [_thread_blocked, id=4936, stack(0x1d900000,0x1d950000)]
  0x16421400 JavaThread "Thread-72606" [_thread_blocked, id=5016, stack(0x1d740000,0x1d790000)]
  0x168b2c00 JavaThread "Thread-72563" [_thread_blocked, id=9396, stack(0x1d430000,0x1d480000)]
  0x16436c00 JavaThread "Thread-72520" [_thread_blocked, id=7092, stack(0x1d680000,0x1d6d0000)]
  0x16437400 JavaThread "Thread-72477" [_thread_blocked, id=5776, stack(0x1d7a0000,0x1d7f0000)]
  0x16438000 JavaThread "Thread-72434" [_thread_blocked, id=5644, stack(0x1d610000,0x1d660000)]
  0x16891c00 JavaThread "Thread-72391" [_thread_blocked, id=7260, stack(0x1d3a0000,0x1d3f0000)]
  0x1642a800 JavaThread "Thread-72348" [_thread_blocked, id=6212, stack(0x1c8f0000,0x1c940000)]
  0x16569800 JavaThread "Thread-72305" [_thread_blocked, id=7580, stack(0x1d590000,0x1d5e0000)]
  0x168a7c00 JavaThread "Thread-72262" [_thread_blocked, id=6960, stack(0x1d510000,0x1d560000)]
  0x16437c00 JavaThread "Thread-72219" [_thread_blocked, id=7516, stack(0x1ccd0000,0x1cd20000)]
  0x16890400 JavaThread "Thread-72176" [_thread_blocked, id=7160, stack(0x1d480000,0x1d4d0000)]
  0x16420800 JavaThread "Thread-72133" [_thread_blocked, id=5388, stack(0x1d0f0000,0x1d140000)]
  0x1688c800 JavaThread "Thread-72090" [_thread_blocked, id=8336, stack(0x1d310000,0x1d360000)]
  0x1688d400 JavaThread "Thread-72047" [_thread_blocked, id=5492, stack(0x1d180000,0x1d1d0000)]
  0x1688d000 JavaThread "Thread-72004" [_thread_blocked, id=7816, stack(0x1c080000,0x1c0d0000)]
  0x1688dc00 JavaThread "Thread-71961" [_thread_blocked, id=7052, stack(0x1d090000,0x1d0e0000)]
  0x1688c400 JavaThread "Thread-71918" [_thread_blocked, id=276, stack(0x1c720000,0x1c770000)]
  0x16436800 JavaThread "Thread-71875" [_thread_blocked, id=8360, stack(0x1cf30000,0x1cf80000)]
  0x16672800 JavaThread "Thread-71832" [_thread_blocked, id=4864, stack(0x1cfe0000,0x1d030000)]
  0x168ae400 JavaThread "Thread-71789" [_thread_blocked, id=7984, stack(0x1ce40000,0x1ce90000)]
  0x16569400 JavaThread "Thread-71722" [_thread_blocked, id=8528, stack(0x1d280000,0x1d2d0000)]
  0x168a9000 JavaThread "Thread-71703" [_thread_blocked, id=7836, stack(0x1cdb0000,0x1ce00000)]
  0x168a8800 JavaThread "Thread-71660" [_thread_blocked, id=8728, stack(0x1ced0000,0x1cf20000)]
  0x168a8400 JavaThread "Thread-71617" [_thread_blocked, id=5812, stack(0x1c7d0000,0x1c820000)]
  0x168ae800 JavaThread "Thread-71574" [_thread_blocked, id=5400, stack(0x1cbf0000,0x1cc40000)]
  0x16671800 JavaThread "Thread-71531" [_thread_blocked, id=7240, stack(0x1cc70000,0x1ccc0000)]
  0x168af800 JavaThread "Thread-71488" [_thread_blocked, id=7252, stack(0x1cd20000,0x1cd70000)]
  0x168af000 JavaThread "Thread-71424" [_thread_blocked, id=9016, stack(0x1d230000,0x1d280000)]
  0x168adc00 JavaThread "Thread-71402" [_thread_blocked, id=6948, stack(0x1c5b0000,0x1c600000)]
  0x168aa800 JavaThread "Thread-71359" [_thread_blocked, id=8548, stack(0x1cb80000,0x1cbd0000)]
  0x168ab000 JavaThread "Thread-71316" [_thread_blocked, id=1284, stack(0x1caf0000,0x1cb40000)]
  0x168a9c00 JavaThread "Thread-71273" [_thread_blocked, id=9236, stack(0x1c9d0000,0x1ca20000)]
  0x168aa400 JavaThread "Thread-71230" [_thread_blocked, id=7620, stack(0x1ca60000,0x1cab0000)]
  0x168a7800 JavaThread "Thread-71187" [_thread_blocked, id=6596, stack(0x1c880000,0x1c8d0000)]
  0x1688fc00 JavaThread "Thread-71144" [_thread_blocked, id=6928, stack(0x1c950000,0x1c9a0000)]
  0x1688f000 JavaThread "Thread-71101" [_thread_blocked, id=4780, stack(0x1c820000,0x1c870000)]
  0x1688e800 JavaThread "Thread-71058" [_thread_blocked, id=3444, stack(0x1c770000,0x1c7c0000)]
  0x168a9800 JavaThread "Thread-71015" [_thread_blocked, id=5616, stack(0x1c260000,0x1c2b0000)]
  0x16951000 JavaThread "Thread-70972" [_thread_blocked, id=3896, stack(0x1c6d0000,0x1c720000)]
  0x16893000 JavaThread "Thread-70929" [_thread_blocked, id=8916, stack(0x1c600000,0x1c650000)]
  0x16893400 JavaThread "Thread-70886" [_thread_blocked, id=3952, stack(0x1be50000,0x1bea0000)]
  0x16893c00 JavaThread "Thread-70843" [_thread_blocked, id=6776, stack(0x1c540000,0x1c590000)]
  0x1694b800 JavaThread "Thread-70800" [_thread_blocked, id=9912, stack(0x1ba80000,0x1bad0000)]
  0x1688f400 JavaThread "Thread-70757" [_thread_blocked, id=9792, stack(0x1c1e0000,0x1c230000)]
  0x1688e400 JavaThread "Thread-70714" [_thread_blocked, id=9744, stack(0x1c3e0000,0x1c430000)]
  0x16892800 JavaThread "Thread-70671" [_thread_blocked, id=9480, stack(0x1c440000,0x1c490000)]
  0x16892400 JavaThread "Thread-70628" [_thread_blocked, id=7976, stack(0x1c4b0000,0x1c500000)]
  0x1697c400 JavaThread "Thread-70585" [_thread_blocked, id=9984, stack(0x1c380000,0x1c3d0000)]
  0x16969800 JavaThread "Thread-70542" [_thread_blocked, id=4304, stack(0x1c2c0000,0x1c310000)]
  0x1697d000 JavaThread "Thread-70499" [_thread_blocked, id=8640, stack(0x1c330000,0x1c380000)]
  0x1694b000 JavaThread "Thread-70456" [_thread_blocked, id=7432, stack(0x1c180000,0x1c1d0000)]
  0x1696b000 JavaThread "Thread-70413" [_thread_blocked, id=7700, stack(0x1c030000,0x1c080000)]
  0x1696ac00 JavaThread "Thread-70370" [_thread_blocked, id=10088, stack(0x1bf30000,0x1bf80000)]
  0x1696a000 JavaThread "Thread-70327" [_thread_blocked, id=5804, stack(0x1c120000,0x1c170000)]
  0x1696a400 JavaThread "Thread-70257" [_thread_blocked, id=8820, stack(0x1c650000,0x1c6a0000)]
  0x1697d800 JavaThread "Thread-70241" [_thread_blocked, id=5780, stack(0x1c0d0000,0x1c120000)]
  0x1697cc00 JavaThread "Thread-70198" [_thread_blocked, id=5552, stack(0x1bc30000,0x1bc80000)]
  0x1697bc00 JavaThread "Thread-70155" [_thread_blocked, id=5380, stack(0x18670000,0x186c0000)]
  0x1694a000 JavaThread "Thread-70112" [_thread_blocked, id=5680, stack(0x1bfb0000,0x1c000000)]
  0x16972000 JavaThread "Thread-70069" [_thread_blocked, id=6888, stack(0x1bb40000,0x1bb90000)]
  0x16971800 JavaThread "Thread-70026" [_thread_blocked, id=7308, stack(0x1bcb0000,0x1bd00000)]
  0x1694a400 JavaThread "Thread-69983" [_thread_blocked, id=3096, stack(0x1bea0000,0x1bef0000)]
  0x16972400 JavaThread "Thread-69940" [_thread_blocked, id=8500, stack(0x1bd70000,0x1bdc0000)]
  0x16971400 JavaThread "Thread-69897" [_thread_blocked, id=4252, stack(0x1bde0000,0x1be30000)]
  0x16970c00 JavaThread "Thread-69854" [_thread_blocked, id=8320, stack(0x1bd00000,0x1bd50000)]
  0x16671000 JavaThread "Thread-69811" [_thread_blocked, id=10212, stack(0x1bae0000,0x1bb30000)]
  0x16654400 JavaThread "Thread-69768" [_thread_blocked, id=5912, stack(0x1bbb0000,0x1bc00000)]
  0x16655000 JavaThread "Thread-69725" [_thread_blocked, id=3912, stack(0x1b140000,0x1b190000)]
  0x16655800 JavaThread "Thread-69682" [_thread_blocked, id=8504, stack(0x1b5a0000,0x1b5f0000)]
  0x16654c00 JavaThread "Thread-69639" [_thread_blocked, id=7940, stack(0x1ba30000,0x1ba80000)]
  0x16668400 JavaThread "Thread-69596" [_thread_blocked, id=5884, stack(0x1b6d0000,0x1b720000)]
  0x16657000 JavaThread "Thread-69553" [_thread_blocked, id=6408, stack(0x1b7a0000,0x1b7f0000)]
  0x16656400 JavaThread "Thread-69510" [_thread_blocked, id=6868, stack(0x1b9e0000,0x1ba30000)]
  0x16656c00 JavaThread "Thread-69467" [_thread_blocked, id=2180, stack(0x1b950000,0x1b9a0000)]
  0x16669000 JavaThread "Thread-69424" [_thread_blocked, id=4224, stack(0x1b4a0000,0x1b4f0000)]
  0x16657800 JavaThread "Thread-69381" [_thread_blocked, id=9968, stack(0x1b900000,0x1b950000)]
  0x16656000 JavaThread "Thread-69338" [_thread_blocked, id=5288, stack(0x1b8b0000,0x1b900000)]
  0x16563400 JavaThread "Thread-69295" [_thread_blocked, id=9844, stack(0x1b820000,0x1b870000)]
  0x16668c00 JavaThread "Thread-69252" [_thread_blocked, id=3332, stack(0x1b650000,0x1b6a0000)]
  0x16669800 JavaThread "Thread-69209" [_thread_blocked, id=4696, stack(0x1b730000,0x1b780000)]
  0x16668000 JavaThread "Thread-69166" [_thread_blocked, id=9864, stack(0x1ab50000,0x1aba0000)]
  0x1656fc00 JavaThread "Thread-69123" [_thread_blocked, id=8168, stack(0x1b3d0000,0x1b420000)]
  0x1656f000 JavaThread "Thread-69080" [_thread_blocked, id=4504, stack(0x1b550000,0x1b5a0000)]
  0x16570000 JavaThread "Thread-69037" [_thread_blocked, id=7064, stack(0x1b2b0000,0x1b300000)]
  0x1656f400 JavaThread "Thread-68994" [_thread_blocked, id=5520, stack(0x1b420000,0x1b470000)]
  0x16564800 JavaThread "Thread-68951" [_thread_blocked, id=4804, stack(0x1b500000,0x1b550000)]
  0x1656e800 JavaThread "Thread-68908" [_thread_blocked, id=8340, stack(0x1b360000,0x1b3b0000)]
  0x16564000 JavaThread "Thread-68865" [_thread_blocked, id=8332, stack(0x1ac40000,0x1ac90000)]
  0x1665cc00 JavaThread "Thread-68822" [_thread_blocked, id=6420, stack(0x1b200000,0x1b250000)]
  0x1665d800 JavaThread "Thread-68779" [_thread_blocked, id=8852, stack(0x1b310000,0x1b360000)]
  0x1665c400 JavaThread "Thread-68736" [_thread_blocked, id=9976, stack(0x1b260000,0x1b2b0000)]
  0x16654000 JavaThread "Thread-68693" [_thread_blocked, id=6680, stack(0x1b080000,0x1b0d0000)]
  0x16651800 JavaThread "Thread-68650" [_thread_blocked, id=8776, stack(0x1b030000,0x1b080000)]
  0x16651000 JavaThread "Thread-68607" [_thread_blocked, id=6772, stack(0x1afc0000,0x1b010000)]
  0x16650400 JavaThread "Thread-68564" [_thread_blocked, id=5452, stack(0x1b1b0000,0x1b200000)]
  0x16650c00 JavaThread "Thread-68521" [_thread_blocked, id=7200, stack(0x1b0e0000,0x1b130000)]
  0x1665d000 JavaThread "Thread-68478" [_thread_blocked, id=4108, stack(0x1af40000,0x1af90000)]
  0x16563c00 JavaThread "Thread-68435" [_thread_blocked, id=4824, stack(0x1abf0000,0x1ac40000)]
  0x1694ac00 JavaThread "Thread-68377" [_thread_blocked, id=7572, stack(0x1b5f0000,0x1b640000)]
  0x1665c000 JavaThread "Thread-68349" [_thread_blocked, id=6916, stack(0x1ad80000,0x1add0000)]
  0x16950400 JavaThread "Thread-68306" [_thread_blocked, id=4652, stack(0x1ae60000,0x1aeb0000)]
  0x1652f000 JavaThread "Thread-68263" [_thread_blocked, id=5136, stack(0x1aeb0000,0x1af00000)]
  0x1652e800 JavaThread "Thread-68220" [_thread_blocked, id=6180, stack(0x1a4f0000,0x1a540000)]
  0x16650000 JavaThread "Thread-68177" [_thread_blocked, id=7592, stack(0x1a6f0000,0x1a740000)]
  0x1655f800 JavaThread "Thread-68134" [_thread_blocked, id=6508, stack(0x1aca0000,0x1acf0000)]
  0x1655e400 JavaThread "Thread-68091" [_thread_blocked, id=364, stack(0x19f90000,0x19fe0000)]
  0x1655f000 JavaThread "Thread-68048" [_thread_blocked, id=9264, stack(0x1adf0000,0x1ae40000)]
  0x1655ec00 JavaThread "Thread-68005" [_thread_blocked, id=9552, stack(0x1aa10000,0x1aa60000)]
  0x1655e000 JavaThread "Thread-67962" [_thread_blocked, id=7820, stack(0x1ad10000,0x1ad60000)]
  0x16533800 JavaThread "Thread-67919" [_thread_blocked, id=7640, stack(0x19580000,0x195d0000)]
  0x16951800 JavaThread "Thread-67876" [_thread_blocked, id=4320, stack(0x1aba0000,0x1abf0000)]
  0x1652fc00 JavaThread "Thread-67833" [_thread_blocked, id=9088, stack(0x19d00000,0x19d50000)]
  0x16950c00 JavaThread "Thread-67790" [_thread_blocked, id=7844, stack(0x19da0000,0x19df0000)]
  0x1652f800 JavaThread "Thread-67747" [_thread_blocked, id=6216, stack(0x1ab00000,0x1ab50000)]
  0x1652e400 JavaThread "Thread-67704" [_thread_blocked, id=5572, stack(0x1a7e0000,0x1a830000)]
  0x164e3400 JavaThread "Thread-67661" [_thread_blocked, id=4248, stack(0x1a740000,0x1a790000)]
  0x164e2400 JavaThread "Thread-67618" [_thread_blocked, id=2884, stack(0x1a3a0000,0x1a3f0000)]
  0x164e2c00 JavaThread "Thread-67575" [_thread_blocked, id=3784, stack(0x1aa70000,0x1aac0000)]
  0x164e2000 JavaThread "Thread-67532" [_thread_blocked, id=3384, stack(0x1a990000,0x1a9e0000)]
  0x164e1800 JavaThread "Thread-67489" [_thread_blocked, id=4200, stack(0x1a900000,0x1a950000)]
  0x16563000 JavaThread "Thread-67446" [_thread_blocked, id=7796, stack(0x1a830000,0x1a880000)]
  0x1694c800 JavaThread "Thread-67403" [_thread_blocked, id=6188, stack(0x1a890000,0x1a8e0000)]
  0x03eb5000 JavaThread "Thread-67360" [_thread_blocked, id=8432, stack(0x1a260000,0x1a2b0000)]
  0x1694d400 JavaThread "Thread-67317" [_thread_blocked, id=5252, stack(0x1a790000,0x1a7e0000)]
  0x16950000 JavaThread "Thread-67274" [_thread_blocked, id=604, stack(0x1a090000,0x1a0e0000)]
  0x1694dc00 JavaThread "Thread-67231" [_thread_blocked, id=8352, stack(0x1a540000,0x1a590000)]
  0x1694cc00 JavaThread "Thread-67188" [_thread_blocked, id=9544, stack(0x1a680000,0x1a6d0000)]
  0x1694c000 JavaThread "Thread-67145" [_thread_blocked, id=9804, stack(0x1a620000,0x1a670000)]
  0x1653d800 JavaThread "Thread-67102" [_thread_blocked, id=4572, stack(0x1a5a0000,0x1a5f0000)]
  0x164e4000 JavaThread "Thread-67059" [_thread_blocked, id=7948, stack(0x1a4a0000,0x1a4f0000)]
  0x164e5400 JavaThread "Thread-67016" [_thread_blocked, id=5620, stack(0x19960000,0x199b0000)]
  0x164e4400 JavaThread "Thread-66973" [_thread_blocked, id=9592, stack(0x19020000,0x19070000)]
  0x03eb4800 JavaThread "Thread-66903" [_thread_blocked, id=2348, stack(0x197d0000,0x19820000)]
  0x1653c800 JavaThread "Thread-66887" [_thread_blocked, id=9012, stack(0x1a410000,0x1a460000)]
  0x1653dc00 JavaThread "Thread-66844" [_thread_blocked, id=7936, stack(0x1a2d0000,0x1a320000)]
  0x164e4c00 JavaThread "Thread-66801" [_thread_blocked, id=5084, stack(0x1a160000,0x1a1b0000)]
  0x03eb5400 JavaThread "Thread-66758" [_thread_blocked, id=4816, stack(0x1a1e0000,0x1a230000)]
  0x164e3800 JavaThread "Thread-66715" [_thread_blocked, id=6020, stack(0x19be0000,0x19c30000)]
  0x1653d000 JavaThread "Thread-66672" [_thread_blocked, id=3876, stack(0x1a0f0000,0x1a140000)]
  0x1652c800 JavaThread "Thread-66629" [_thread_blocked, id=4668, stack(0x1a040000,0x1a090000)]
  0x16533400 JavaThread "Thread-66586" [_thread_blocked, id=6592, stack(0x19f40000,0x19f90000)]
  0x16532400 JavaThread "Thread-66543" [_thread_blocked, id=9484, stack(0x19e90000,0x19ee0000)]
  0x16532c00 JavaThread "Thread-66500" [_thread_blocked, id=4932, stack(0x19fe0000,0x1a030000)]
  0x1652d800 JavaThread "Thread-66457" [_thread_blocked, id=4656, stack(0x19ef0000,0x19f40000)]
  0x1652dc00 JavaThread "Thread-66414" [_thread_blocked, id=2056, stack(0x19d50000,0x19da0000)]
  0x03eb5c00 JavaThread "Thread-66349" [_thread_blocked, id=9604, stack(0x1a350000,0x1a3a0000)]
  0x16532000 JavaThread "Thread-66328" [_thread_blocked, id=10024, stack(0x19e10000,0x19e60000)]
  0x1652d000 JavaThread "Thread-66285" [_thread_blocked, id=7804, stack(0x19a60000,0x19ab0000)]
  0x1652c400 JavaThread "Thread-66242" [_thread_blocked, id=9152, stack(0x19cb0000,0x19d00000)]
  0x164cf800 JavaThread "Thread-66199" [_thread_blocked, id=4904, stack(0x19ae0000,0x19b30000)]
  0x164d0000 JavaThread "Thread-66139" [_thread_blocked, id=5628, stack(0x19c30000,0x19c80000)]
  0x164c6800 JavaThread "Thread-66113" [_thread_blocked, id=3788, stack(0x19870000,0x198c0000)]
  0x164c6000 JavaThread "Thread-66070" [_thread_blocked, id=4768, stack(0x199b0000,0x19a00000)]
  0x16549400 JavaThread "Thread-66027" [_thread_blocked, id=8408, stack(0x17d50000,0x17da0000)]
  0x1654a000 JavaThread "Thread-65984" [_thread_blocked, id=4376, stack(0x194e0000,0x19530000)]
  0x16543800 JavaThread "Thread-65941" [_thread_blocked, id=7696, stack(0x19a00000,0x19a50000)]
  0x16543400 JavaThread "Thread-65898" [_thread_blocked, id=3108, stack(0x196c0000,0x19710000)]
  0x03eb6800 JavaThread "Thread-65855" [_thread_blocked, id=8800, stack(0x195e0000,0x19630000)]
  0x03eb7c00 JavaThread "Thread-65812" [_thread_blocked, id=4360, stack(0x198f0000,0x19940000)]
  0x03eb7400 JavaThread "Thread-65769" [_thread_blocked, id=7236, stack(0x19820000,0x19870000)]
  0x03eb7000 JavaThread "Thread-65726" [_thread_blocked, id=8344, stack(0x19710000,0x19760000)]
  0x03eb6400 JavaThread "Thread-65683" [_thread_blocked, id=6560, stack(0x19780000,0x197d0000)]
  0x16541000 JavaThread "Thread-65640" [_thread_blocked, id=6728, stack(0x188f0000,0x18940000)]
  0x16541800 JavaThread "Thread-65568" [_thread_blocked, id=9192, stack(0x19b60000,0x19bb0000)]
  0x03eb4400 JavaThread "Thread-65554" [_thread_blocked, id=1868, stack(0x19670000,0x196c0000)]
  0x16549800 JavaThread "Thread-65511" [_thread_blocked, id=4524, stack(0x19320000,0x19370000)]
  0x03ebc400 JavaThread "Thread-65441" [_thread_blocked, id=8120, stack(0x19430000,0x19480000)]
  0x1654a400 JavaThread "Thread-65425" [_thread_blocked, id=6384, stack(0x19240000,0x19290000)]
  0x16548c00 JavaThread "Thread-65382" [_thread_blocked, id=9004, stack(0x19530000,0x19580000)]
  0x16541c00 JavaThread "Thread-65339" [_thread_blocked, id=8420, stack(0x193e0000,0x19430000)]
  0x16540800 JavaThread "Thread-65296" [_thread_blocked, id=6340, stack(0x18fd0000,0x19020000)]
  0x16540400 JavaThread "Thread-65253" [_thread_blocked, id=1056, stack(0x19490000,0x194e0000)]
  0x03ebbc00 JavaThread "Thread-65210" [_thread_blocked, id=9448, stack(0x191e0000,0x19230000)]
  0x164ce400 JavaThread "Thread-65167" [_thread_blocked, id=2216, stack(0x19380000,0x193d0000)]
  0x164ce000 JavaThread "Thread-65124" [_thread_blocked, id=7400, stack(0x192a0000,0x192f0000)]
  0x1653c400 JavaThread "Thread-65081" [_thread_blocked, id=6732, stack(0x19070000,0x190c0000)]
  0x164cd800 JavaThread "Thread-65038" [_thread_blocked, id=4532, stack(0x18f70000,0x18fc0000)]
  0x164cec00 JavaThread "Thread-64995" [_thread_blocked, id=4188, stack(0x19160000,0x191b0000)]
  0x164cd000 JavaThread "Thread-64952" [_thread_blocked, id=6824, stack(0x190e0000,0x19130000)]
  0x1658a400 JavaThread "Thread-64909" [_thread_blocked, id=6468, stack(0x18da0000,0x18df0000)]
  0x03ebb800 JavaThread "Thread-64866" [_thread_blocked, id=9384, stack(0x18f00000,0x18f50000)]
  0x16589000 JavaThread "Thread-64823" [_thread_blocked, id=10012, stack(0x18b60000,0x18bb0000)]
  0x16589c00 JavaThread "Thread-64780" [_thread_blocked, id=3320, stack(0x18aa0000,0x18af0000)]
  0x16580c00 JavaThread "Thread-64737" [_thread_blocked, id=4296, stack(0x18e80000,0x18ed0000)]
  0x16581000 JavaThread "Thread-64694" [_thread_blocked, id=6792, stack(0x18c30000,0x18c80000)]
  0x164db400 JavaThread "Thread-64651" [_thread_blocked, id=6464, stack(0x18e30000,0x18e80000)]
  0x164da800 JavaThread "Thread-64608" [_thread_blocked, id=6164, stack(0x18d20000,0x18d70000)]
  0x164dbc00 JavaThread "Thread-64565" [_thread_blocked, id=2556, stack(0x18cb0000,0x18d00000)]
  0x164db000 JavaThread "Thread-64522" [_thread_blocked, id=5480, stack(0x18990000,0x189e0000)]
  0x164da000 JavaThread "Thread-64479" [_thread_blocked, id=8596, stack(0x18bc0000,0x18c10000)]
  0x1661c000 JavaThread "Thread-64436" [_thread_blocked, id=4236, stack(0x18340000,0x18390000)]
  0x1661bc00 JavaThread "Thread-64393" [_thread_blocked, id=9504, stack(0x18940000,0x18990000)]
  0x167fdc00 JavaThread "Thread-64350" [_thread_blocked, id=8840, stack(0x185d0000,0x18620000)]
  0x167fd800 JavaThread "Thread-64307" [_thread_blocked, id=7872, stack(0x18b10000,0x18b60000)]
  0x03f28000 JavaThread "Thread-64264" [_thread_blocked, id=2252, stack(0x18a20000,0x18a70000)]
  0x03f27400 JavaThread "Thread-64221" [_thread_blocked, id=6688, stack(0x18420000,0x18470000)]
  0x03f27c00 JavaThread "Thread-64178" [_thread_blocked, id=9608, stack(0x186c0000,0x18710000)]
  0x03f28800 JavaThread "Thread-64135" [_thread_blocked, id=3804, stack(0x188a0000,0x188f0000)]
  0x03f27000 JavaThread "Thread-64092" [_thread_blocked, id=9900, stack(0x187b0000,0x18800000)]
  0x165a2c00 JavaThread "Thread-64049" [_thread_blocked, id=7320, stack(0x18830000,0x18880000)]
  0x165a1000 JavaThread "Thread-64006" [_thread_blocked, id=5168, stack(0x182e0000,0x18330000)]
  0x165a1800 JavaThread "Thread-63963" [_thread_blocked, id=7272, stack(0x18730000,0x18780000)]
  0x165a2000 JavaThread "Thread-63920" [_thread_blocked, id=2768, stack(0x184f0000,0x18540000)]
  0x165a2400 JavaThread "Thread-63877" [_thread_blocked, id=1904, stack(0x18620000,0x18670000)]
  0x16581800 JavaThread "Thread-63834" [_thread_blocked, id=6136, stack(0x18580000,0x185d0000)]
  0x03ebb000 JavaThread "Thread-63791" [_thread_blocked, id=4336, stack(0x18490000,0x184e0000)]
  0x16581c00 JavaThread "Thread-63748" [_thread_blocked, id=268, stack(0x18030000,0x18080000)]
  0x16589800 JavaThread "Thread-63705" [_thread_blocked, id=2296, stack(0x18390000,0x183e0000)]
  0x16580400 JavaThread "Thread-63662" [_thread_blocked, id=8048, stack(0x17c90000,0x17ce0000)]
  0x1657e800 JavaThread "Thread-63619" [_thread_blocked, id=256, stack(0x18080000,0x180d0000)]
  0x1658a800 JavaThread "Thread-63576" [_thread_blocked, id=7140, stack(0x18160000,0x181b0000)]
  0x16584800 JavaThread "Thread-63533" [_thread_blocked, id=3216, stack(0x17bd0000,0x17c20000)]
  0x16586000 JavaThread "Thread-63490" [_thread_blocked, id=7408, stack(0x17e70000,0x17ec0000)]
  0x16585c00 JavaThread "Thread-63447" [_thread_blocked, id=8476, stack(0x18270000,0x182c0000)]
  0x03f21000 JavaThread "Thread-63404" [_thread_blocked, id=6840, stack(0x180f0000,0x18140000)]
  0x16585400 JavaThread "Thread-63361" [_thread_blocked, id=6804, stack(0x17fc0000,0x18010000)]
  0x03ebac00 JavaThread "Thread-63307" [_thread_blocked, id=7628, stack(0x181e0000,0x18230000)]
  0x1657f400 JavaThread "Thread-63275" [_thread_blocked, id=7156, stack(0x17b10000,0x17b60000)]
  0x1657f000 JavaThread "Thread-63232" [_thread_blocked, id=5044, stack(0x17f40000,0x17f90000)]
  0x1657dc00 JavaThread "Thread-63189" [_thread_blocked, id=6240, stack(0x17e20000,0x17e70000)]
  0x1657e400 JavaThread "Thread-63146" [_thread_blocked, id=6040, stack(0x17ee0000,0x17f30000)]
  0x03f21400 JavaThread "Thread-63103" [_thread_blocked, id=5724, stack(0x17a60000,0x17ab0000)]
  0x03f21c00 JavaThread "Thread-63060" [_thread_blocked, id=8240, stack(0x17d00000,0x17d50000)]
  0x03f22800 JavaThread "Thread-63017" [_thread_blocked, id=3776, stack(0x179e0000,0x17a30000)]
  0x16585000 JavaThread "Thread-62974" [_thread_blocked, id=6016, stack(0x17da0000,0x17df0000)]
  0x03f22000 JavaThread "Thread-62931" [_thread_blocked, id=4836, stack(0x17290000,0x172e0000)]
  0x167fa800 JavaThread "Thread-62888" [_thread_blocked, id=5604, stack(0x04510000,0x04560000)]
  0x167fbc00 JavaThread "Thread-62845" [_thread_blocked, id=8648, stack(0x17c20000,0x17c70000)]
  0x167fa400 JavaThread "Thread-62802" [_thread_blocked, id=5960, stack(0x17760000,0x177b0000)]
  0x03f24400 JavaThread "Thread-62759" [_thread_blocked, id=7480, stack(0x17b80000,0x17bd0000)]
  0x03f25000 JavaThread "Thread-62713" [_thread_blocked, id=7364, stack(0x03c50000,0x03ca0000)]
  0x03f25800 JavaThread "Thread-62673" [_thread_blocked, id=10120, stack(0x17ac0000,0x17b10000)]
  0x03f24c00 JavaThread "Thread-62630" [_thread_blocked, id=8860, stack(0x176f0000,0x17740000)]
  0x03f24000 JavaThread "Thread-62587" [_thread_blocked, id=4868, stack(0x17990000,0x179e0000)]
  0x03f2fc00 JavaThread "Thread-62544" [_thread_blocked, id=8184, stack(0x177d0000,0x17820000)]
  0x03f30800 JavaThread "Thread-62501" [_thread_blocked, id=7360, stack(0x17940000,0x17990000)]
  0x03f2f400 JavaThread "Thread-62455" [_thread_blocked, id=6736, stack(0x17650000,0x176a0000)]
  0x03f30000 JavaThread "Thread-62415" [_thread_blocked, id=9316, stack(0x045d0000,0x04620000)]
  0x03f2f000 JavaThread "Thread-62372" [_thread_blocked, id=3980, stack(0x17460000,0x174b0000)]
  0x03f29c00 JavaThread "Thread-62329" [_thread_blocked, id=5536, stack(0x173e0000,0x17430000)]
  0x03f2a800 JavaThread "Thread-62286" [_thread_blocked, id=6700, stack(0x17580000,0x175d0000)]
  0x03f29400 JavaThread "Thread-62243" [_thread_blocked, id=4728, stack(0x17530000,0x17580000)]
  0x03f2a000 JavaThread "Thread-62200" [_thread_blocked, id=3796, stack(0x048f0000,0x04940000)]
  0x03f29000 JavaThread "Thread-62157" [_thread_blocked, id=4684, stack(0x03d60000,0x03db0000)]
  0x0136b400 JavaThread "DestroyJavaVM" [_thread_blocked, id=7832, stack(0x011d0000,0x01220000)]
  0x1649e400 JavaThread "Thread-21" [_thread_blocked, id=2156, stack(0x17240000,0x17290000)]
  0x16490800 JavaThread "Thread-7" [_thread_blocked, id=8584, stack(0x171d0000,0x17220000)]
  0x16481400 JavaThread "AWT-Windows" daemon [_thread_in_native, id=9240, stack(0x03e00000,0x03e50000)]
  0x164e6800 JavaThread "Java2D Disposer" daemon [_thread_blocked, id=6004, stack(0x0ff20000,0x0ff70000)]
=>0x06070000 JavaThread "Thread-1" [_thread_in_native, id=7680, stack(0x0ff70000,0x0ffc0000)]
  0x012f4800 JavaThread "Service Thread" daemon [_thread_blocked, id=8268, stack(0x03d10000,0x03d60000)]
  0x012ef800 JavaThread "C1 CompilerThread0" daemon [_thread_blocked, id=6268, stack(0x03db0000,0x03e00000)]
  0x012ee400 JavaThread "Attach Listener" daemon [_thread_blocked, id=3116, stack(0x03cb0000,0x03d00000)]
  0x012ed000 JavaThread "Signal Dispatcher" daemon [_thread_blocked, id=7864, stack(0x03b90000,0x03be0000)]
  0x012d4000 JavaThread "Finalizer" daemon [_thread_blocked, id=7208, stack(0x03b20000,0x03b70000)]
  0x012d2800 JavaThread "Reference Handler" daemon [_thread_blocked, id=1996, stack(0x03c00000,0x03c50000)]

Other Threads:
  0x012d1400 VMThread [stack: 0x03a60000,0x03ab0000] [id=9164]
  0x01307c00 WatcherThread [stack: 0x03e60000,0x03eb0000] [id=2796]

VM state:not at safepoint (normal execution)

VM Mutex/Monitor currently owned by a thread: None

Heap
 def new generation   total 78656K, used 26263K [0x23980000, 0x28ed0000, 0x28ed0000)
  eden space 69952K,  37% used [0x23980000, 0x25323ce8, 0x27dd0000)
  from space 8704K,   0% used [0x28650000, 0x28652160, 0x28ed0000)
  to   space 8704K,   0% used [0x27dd0000, 0x27dd0000, 0x28650000)
 tenured generation   total 174784K, used 3496K [0x28ed0000, 0x33980000, 0x33980000)
   the space 174784K,   2% used [0x28ed0000, 0x2923a3c0, 0x2923a400, 0x33980000)
 compacting perm gen  total 12288K, used 3128K [0x33980000, 0x34580000, 0x37980000)
   the space 12288K,  25% used [0x33980000, 0x33c8e148, 0x33c8e200, 0x34580000)
    ro space 10240K,  42% used [0x37980000, 0x37dbe580, 0x37dbe600, 0x38380000)
    rw space 12288K,  54% used [0x38380000, 0x389ff128, 0x389ff200, 0x38f80000)

Code Cache  [0x019b0000, 0x01b70000, 0x039b0000)
 total_blobs=1093 nmethods=803 adapters=225 free_code_cache=30983Kb largest_free_block=31727424

Compilation events (10 events):
Event: 38.368 Thread 0x012ef800  793             KinectPackage.KinectDataEvent::setUserId (6 bytes)
Event: 38.368 Thread 0x012ef800 nmethod 793 0x01b6b708 code [0x01b6b800, 0x01b6b880]
Event: 38.368 Thread 0x012ef800  794             KinectPackage.KinectDataEvent::setKinectData (6 bytes)
Event: 38.368 Thread 0x012ef800 nmethod 794 0x01b6b8c8 code [0x01b6b9c0, 0x01b6ba50]
Event: 39.320 Thread 0x012ef800  795  s          sun.misc.FloatingDecimal$1::initialValue (5 bytes)
Event: 39.320 Thread 0x012ef800 nmethod 795 0x01b6ba88 code [0x01b6bb80, 0x01b6bdc0]
Event: 44.892 Thread 0x012ef800  796             handlers.KinectPoseHandler::kinectPoseUpdate (430 bytes)
Event: 44.893 Thread 0x012ef800 nmethod 796 0x01b6be48 code [0x01b6c050, 0x01b6c570]
Event: 157.680 Thread 0x012ef800    7 % !         KinectPackage.KinectManager::run @ 73 (146 bytes)
Event: 157.681 Thread 0x012ef800 nmethod 7% 0x01b6cd88 code [0x01b6cfa0, 0x01b6d710]

GC Heap History (10 events):
Event: 366.391 GC heap before
{Heap before GC invocations=633 (full 12):
 def new generation   total 78656K, used 69953K [0x23980000, 0x28ed0000, 0x28ed0000)
  eden space 69952K, 100% used [0x23980000, 0x27dd0000, 0x27dd0000)
  from space 8704K,   0% used [0x27dd0000, 0x27dd0700, 0x28650000)
  to   space 8704K,   0% used [0x28650000, 0x28650000, 0x28ed0000)
 tenured generation   total 174784K, used 3496K [0x28ed0000, 0x33980000, 0x33980000)
   the space 174784K,   2% used [0x28ed0000, 0x2923a3c0, 0x2923a400, 0x33980000)
 compacting perm gen  total 12288K, used 3128K [0x33980000, 0x34580000, 0x37980000)
   the space 12288K,  25% used [0x33980000, 0x33c8e148, 0x33c8e200, 0x34580000)
    ro space 10240K,  42% used [0x37980000, 0x37dbe580, 0x37dbe600, 0x38380000)
    rw space 12288K,  54% used [0x38380000, 0x389ff128, 0x389ff200, 0x38f80000)
Event: 366.394 GC heap after
Heap after GC invocations=634 (full 12):
 def new generation   total 78656K, used 2K [0x23980000, 0x28ed0000, 0x28ed0000)
  eden space 69952K,   0% used [0x23980000, 0x23980000, 0x27dd0000)
  from space 8704K,   0% used [0x28650000, 0x28650b90, 0x28ed0000)
  to   space 8704K,   0% used [0x27dd0000, 0x27dd0000, 0x28650000)
 tenured generation   total 174784K, used 3496K [0x28ed0000, 0x33980000, 0x33980000)
   the space 174784K,   2% used [0x28ed0000, 0x2923a3c0, 0x2923a400, 0x33980000)
 compacting perm gen  total 12288K, used 3128K [0x33980000, 0x34580000, 0x37980000)
   the space 12288K,  25% used [0x33980000, 0x33c8e148, 0x33c8e200, 0x34580000)
    ro space 10240K,  42% used [0x37980000, 0x37dbe580, 0x37dbe600, 0x38380000)
    rw space 12288K,  54% used [0x38380000, 0x389ff128, 0x389ff200, 0x38f80000)
}
Event: 366.624 GC heap before
{Heap before GC invocations=634 (full 12):
 def new generation   total 78656K, used 69954K [0x23980000, 0x28ed0000, 0x28ed0000)
  eden space 69952K, 100% used [0x23980000, 0x27dd0000, 0x27dd0000)
  from space 8704K,   0% used [0x28650000, 0x28650b90, 0x28ed0000)
  to   space 8704K,   0% used [0x27dd0000, 0x27dd0000, 0x28650000)
 tenured generation   total 174784K, used 3496K [0x28ed0000, 0x33980000, 0x33980000)
   the space 174784K,   2% used [0x28ed0000, 0x2923a3c0, 0x2923a400, 0x33980000)
 compacting perm gen  total 12288K, used 3128K [0x33980000, 0x34580000, 0x37980000)
   the space 12288K,  25% used [0x33980000, 0x33c8e148, 0x33c8e200, 0x34580000)
    ro space 10240K,  42% used [0x37980000, 0x37dbe580, 0x37dbe600, 0x38380000)
    rw space 12288K,  54% used [0x38380000, 0x389ff128, 0x389ff200, 0x38f80000)
Event: 366.626 GC heap after
Heap after GC invocations=635 (full 12):
 def new generation   total 78656K, used 5K [0x23980000, 0x28ed0000, 0x28ed0000)
  eden space 69952K,   0% used [0x23980000, 0x23980000, 0x27dd0000)
  from space 8704K,   0% used [0x27dd0000, 0x27dd1760, 0x28650000)
  to   space 8704K,   0% used [0x28650000, 0x28650000, 0x28ed0000)
 tenured generation   total 174784K, used 3496K [0x28ed0000, 0x33980000, 0x33980000)
   the space 174784K,   2% used [0x28ed0000, 0x2923a3c0, 0x2923a400, 0x33980000)
 compacting perm gen  total 12288K, used 3128K [0x33980000, 0x34580000, 0x37980000)
   the space 12288K,  25% used [0x33980000, 0x33c8e148, 0x33c8e200, 0x34580000)
    ro space 10240K,  42% used [0x37980000, 0x37dbe580, 0x37dbe600, 0x38380000)
    rw space 12288K,  54% used [0x38380000, 0x389ff128, 0x389ff200, 0x38f80000)
}
Event: 366.865 GC heap before
{Heap before GC invocations=635 (full 12):
 def new generation   total 78656K, used 69957K [0x23980000, 0x28ed0000, 0x28ed0000)
  eden space 69952K, 100% used [0x23980000, 0x27dd0000, 0x27dd0000)
  from space 8704K,   0% used [0x27dd0000, 0x27dd1760, 0x28650000)
  to   space 8704K,   0% used [0x28650000, 0x28650000, 0x28ed0000)
 tenured generation   total 174784K, used 3496K [0x28ed0000, 0x33980000, 0x33980000)
   the space 174784K,   2% used [0x28ed0000, 0x2923a3c0, 0x2923a400, 0x33980000)
 compacting perm gen  total 12288K, used 3128K [0x33980000, 0x34580000, 0x37980000)
   the space 12288K,  25% used [0x33980000, 0x33c8e148, 0x33c8e200, 0x34580000)
    ro space 10240K,  42% used [0x37980000, 0x37dbe580, 0x37dbe600, 0x38380000)
    rw space 12288K,  54% used [0x38380000, 0x389ff128, 0x389ff200, 0x38f80000)
Event: 366.867 GC heap after
Heap after GC invocations=636 (full 12):
 def new generation   total 78656K, used 7K [0x23980000, 0x28ed0000, 0x28ed0000)
  eden space 69952K,   0% used [0x23980000, 0x23980000, 0x27dd0000)
  from space 8704K,   0% used [0x28650000, 0x28651d90, 0x28ed0000)
  to   space 8704K,   0% used [0x27dd0000, 0x27dd0000, 0x28650000)
 tenured generation   total 174784K, used 3496K [0x28ed0000, 0x33980000, 0x33980000)
   the space 174784K,   2% used [0x28ed0000, 0x2923a3c0, 0x2923a400, 0x33980000)
 compacting perm gen  total 12288K, used 3128K [0x33980000, 0x34580000, 0x37980000)
   the space 12288K,  25% used [0x33980000, 0x33c8e148, 0x33c8e200, 0x34580000)
    ro space 10240K,  42% used [0x37980000, 0x37dbe580, 0x37dbe600, 0x38380000)
    rw space 12288K,  54% used [0x38380000, 0x389ff128, 0x389ff200, 0x38f80000)
}
Event: 367.121 GC heap before
{Heap before GC invocations=636 (full 12):
 def new generation   total 78656K, used 69959K [0x23980000, 0x28ed0000, 0x28ed0000)
  eden space 69952K, 100% used [0x23980000, 0x27dd0000, 0x27dd0000)
  from space 8704K,   0% used [0x28650000, 0x28651d90, 0x28ed0000)
  to   space 8704K,   0% used [0x27dd0000, 0x27dd0000, 0x28650000)
 tenured generation   total 174784K, used 3496K [0x28ed0000, 0x33980000, 0x33980000)
   the space 174784K,   2% used [0x28ed0000, 0x2923a3c0, 0x2923a400, 0x33980000)
 compacting perm gen  total 12288K, used 3128K [0x33980000, 0x34580000, 0x37980000)
   the space 12288K,  25% used [0x33980000, 0x33c8e148, 0x33c8e200, 0x34580000)
    ro space 10240K,  42% used [0x37980000, 0x37dbe580, 0x37dbe600, 0x38380000)
    rw space 12288K,  54% used [0x38380000, 0x389ff128, 0x389ff200, 0x38f80000)
Event: 367.124 GC heap after
Heap after GC invocations=637 (full 12):
 def new generation   total 78656K, used 5K [0x23980000, 0x28ed0000, 0x28ed0000)
  eden space 69952K,   0% used [0x23980000, 0x23980000, 0x27dd0000)
  from space 8704K,   0% used [0x27dd0000, 0x27dd14f8, 0x28650000)
  to   space 8704K,   0% used [0x28650000, 0x28650000, 0x28ed0000)
 tenured generation   total 174784K, used 3496K [0x28ed0000, 0x33980000, 0x33980000)
   the space 174784K,   2% used [0x28ed0000, 0x2923a3c0, 0x2923a400, 0x33980000)
 compacting perm gen  total 12288K, used 3128K [0x33980000, 0x34580000, 0x37980000)
   the space 12288K,  25% used [0x33980000, 0x33c8e148, 0x33c8e200, 0x34580000)
    ro space 10240K,  42% used [0x37980000, 0x37dbe580, 0x37dbe600, 0x38380000)
    rw space 12288K,  54% used [0x38380000, 0x389ff128, 0x389ff200, 0x38f80000)
}
Event: 367.381 GC heap before
{Heap before GC invocations=637 (full 12):
 def new generation   total 78656K, used 69957K [0x23980000, 0x28ed0000, 0x28ed0000)
  eden space 69952K, 100% used [0x23980000, 0x27dd0000, 0x27dd0000)
  from space 8704K,   0% used [0x27dd0000, 0x27dd14f8, 0x28650000)
  to   space 8704K,   0% used [0x28650000, 0x28650000, 0x28ed0000)
 tenured generation   total 174784K, used 3496K [0x28ed0000, 0x33980000, 0x33980000)
   the space 174784K,   2% used [0x28ed0000, 0x2923a3c0, 0x2923a400, 0x33980000)
 compacting perm gen  total 12288K, used 3128K [0x33980000, 0x34580000, 0x37980000)
   the space 12288K,  25% used [0x33980000, 0x33c8e148, 0x33c8e200, 0x34580000)
    ro space 10240K,  42% used [0x37980000, 0x37dbe580, 0x37dbe600, 0x38380000)
    rw space 12288K,  54% used [0x38380000, 0x389ff128, 0x389ff200, 0x38f80000)
Event: 367.383 GC heap after
Heap after GC invocations=638 (full 12):
 def new generation   total 78656K, used 8K [0x23980000, 0x28ed0000, 0x28ed0000)
  eden space 69952K,   0% used [0x23980000, 0x23980000, 0x27dd0000)
  from space 8704K,   0% used [0x28650000, 0x28652160, 0x28ed0000)
  to   space 8704K,   0% used [0x27dd0000, 0x27dd0000, 0x28650000)
 tenured generation   total 174784K, used 3496K [0x28ed0000, 0x33980000, 0x33980000)
   the space 174784K,   2% used [0x28ed0000, 0x2923a3c0, 0x2923a400, 0x33980000)
 compacting perm gen  total 12288K, used 3128K [0x33980000, 0x34580000, 0x37980000)
   the space 12288K,  25% used [0x33980000, 0x33c8e148, 0x33c8e200, 0x34580000)
    ro space 10240K,  42% used [0x37980000, 0x37dbe580, 0x37dbe600, 0x38380000)
    rw space 12288K,  54% used [0x38380000, 0x389ff128, 0x389ff200, 0x38f80000)
}

Deoptimization events (0 events):
No events

Internal exceptions (10 events):
Event: 5.671 Thread 0x1649e400 Threw 0x2702e178 at C:\jdk7u5_32P\jdk7u5\hotspot\src\share\vm\prims\jvm.cpp:1166
Event: 5.671 Thread 0x1649e400 Threw 0x2702ff40 at C:\jdk7u5_32P\jdk7u5\hotspot\src\share\vm\prims\jvm.cpp:1166
Event: 5.671 Thread 0x1649e400 Threw 0x270319e0 at C:\jdk7u5_32P\jdk7u5\hotspot\src\share\vm\prims\jvm.cpp:1166
Event: 5.671 Thread 0x1649e400 Threw 0x270334c0 at C:\jdk7u5_32P\jdk7u5\hotspot\src\share\vm\prims\jvm.cpp:1166
Event: 5.671 Thread 0x1649e400 Threw 0x27035068 at C:\jdk7u5_32P\jdk7u5\hotspot\src\share\vm\prims\jvm.cpp:1166
Event: 6.821 Thread 0x16490800 Threw 0x253e5a18 at C:\jdk7u5_32P\jdk7u5\hotspot\src\share\vm\prims\jvm.cpp:1166
Event: 29.545 Thread 0x16625c00 Threw 0x2648d6e0 at C:\jdk7u5_32P\jdk7u5\hotspot\src\share\vm\prims\jni.cpp:741
Event: 29.545 Thread 0x16625c00 Threw 0x2648d820 at C:\jdk7u5_32P\jdk7u5\hotspot\src\share\vm\prims\jni.cpp:741
Event: 29.545 Thread 0x16625c00 Implicit null exception at 0x01b3018a to 0x01b36107
Event: 29.545 Thread 0x16625c00 Threw 0x26490118 at C:\jdk7u5_32P\jdk7u5\hotspot\src\share\vm\runtime\sharedRuntime.cpp:613

Events (10 events):
Event: 367.483 Thread 0x3dcdac00 Thread exited: 0x3dcdac00
Event: 367.483 Thread 0x3dcde400 Thread exited: 0x3dcde400
Event: 367.483 Thread 0x16850800 Thread exited: 0x16850800
Event: 367.483 Thread 0x3dfafc00 Thread exited: 0x3dfafc00
Event: 367.483 Thread 0x3dcde400 Thread added: 0x3dcde400
Event: 367.483 Thread 0x3dce6000 Thread exited: 0x3dce6000
Event: 367.483 Thread 0x3dcdac00 Thread added: 0x3dcdac00
Event: 367.483 Thread 0x3dcde400 Thread exited: 0x3dcde400
Event: 367.483 Thread 0x16851400 Thread exited: 0x16851400
Event: 367.483 Thread 0x3dcdac00 Thread exited: 0x3dcdac00


Dynamic libraries:
0x013b0000 - 0x013df000 	C:\Windows\system32\java.exe
0x77d50000 - 0x77e8c000 	C:\Windows\SYSTEM32\ntdll.dll
0x77820000 - 0x778f4000 	C:\Windows\system32\kernel32.dll
0x75f60000 - 0x75faa000 	C:\Windows\system32\KERNELBASE.dll
0x767d0000 - 0x76870000 	C:\Windows\system32\ADVAPI32.dll
0x77590000 - 0x7763c000 	C:\Windows\system32\msvcrt.dll
0x77ea0000 - 0x77eb9000 	C:\Windows\SYSTEM32\sechost.dll
0x77ae0000 - 0x77b81000 	C:\Windows\system32\RPCRT4.dll
0x774c0000 - 0x77589000 	C:\Windows\system32\USER32.dll
0x76300000 - 0x7634e000 	C:\Windows\system32\GDI32.dll
0x761e0000 - 0x761ea000 	C:\Windows\system32\LPK.dll
0x76610000 - 0x766ad000 	C:\Windows\system32\USP10.dll
0x74e20000 - 0x74fbe000 	C:\Windows\WinSxS\x86_microsoft.windows.common-controls_6595b64144ccf1df_6.0.7601.17514_none_41e6975e2bd6f2b2\COMCTL32.dll
0x76290000 - 0x762e7000 	C:\Windows\system32\SHLWAPI.dll
0x77ac0000 - 0x77adf000 	C:\Windows\system32\IMM32.DLL
0x77bf0000 - 0x77cbc000 	C:\Windows\system32\MSCTF.dll
0x62350000 - 0x6240e000 	C:\Program Files\Java\jre7\bin\msvcr100.dll
0x61a00000 - 0x61d4a000 	C:\Program Files\Java\jre7\bin\client\jvm.dll
0x6d680000 - 0x6d687000 	C:\Windows\system32\WSOCK32.dll
0x76240000 - 0x76275000 	C:\Windows\system32\WS2_32.dll
0x76280000 - 0x76286000 	C:\Windows\system32\NSI.dll
0x74370000 - 0x743a2000 	C:\Windows\system32\WINMM.dll
0x77e90000 - 0x77e95000 	C:\Windows\system32\PSAPI.DLL
0x74b50000 - 0x74b5c000 	C:\Program Files\Java\jre7\bin\verify.dll
0x6a5a0000 - 0x6a5c0000 	C:\Program Files\Java\jre7\bin\java.dll
0x66610000 - 0x66623000 	C:\Program Files\Java\jre7\bin\zip.dll
0x665f0000 - 0x66604000 	C:\Program Files\Java\jre7\bin\net.dll
0x75940000 - 0x7597c000 	C:\Windows\system32\mswsock.dll
0x75b10000 - 0x75b16000 	C:\Windows\System32\wship6.dll
0x10000000 - 0x1000c000 	C:\Windows\System32\LibusbJava.dll
0x665d0000 - 0x665e1000 	C:\Windows\system32\libusb0.dll
0x76470000 - 0x7660d000 	C:\Windows\system32\SETUPAPI.dll
0x76070000 - 0x76097000 	C:\Windows\system32\CFGMGR32.dll
0x77ef0000 - 0x77f7f000 	C:\Windows\system32\OLEAUT32.dll
0x776c0000 - 0x7781c000 	C:\Windows\system32\ole32.dll
0x760a0000 - 0x760b2000 	C:\Windows\system32\DEVOBJ.dll
0x65350000 - 0x6536e000 	C:\Program Files\OpenNI\Bin\OpenNI.jni.dll
0x63d60000 - 0x63db0000 	C:\Program Files\OpenNI\Bin\OpenNI.dll
0x76870000 - 0x774ba000 	C:\Windows\system32\SHELL32.dll
0x65330000 - 0x65348000 	C:\Program Files\OpenNI\bin\nimRecorder.dll
0x65140000 - 0x6515a000 	C:\Program Files\OpenNI\bin\nimMockNodes.dll
0x63c40000 - 0x63c89000 	C:\Program Files\OpenNI\bin\nimCodecs.dll
0x63ef0000 - 0x63f10000 	C:\Program Files\PrimeSense\SensorKinect\Bin\XnDeviceFile.dll
0x74b40000 - 0x74b4b000 	C:\Program Files\PrimeSense\SensorKinect\Bin\XnCore.dll
0x622a0000 - 0x62343000 	C:\Windows\WinSxS\x86_microsoft.vc90.crt_1fc8b3b9a1e18e3b_9.0.30729.6161_none_50934f2ebcb7eb57\MSVCR90.dll
0x62690000 - 0x626c8000 	C:\Program Files\PrimeSense\SensorKinect\Bin\XnDDK.dll
0x62250000 - 0x62294000 	C:\Program Files\PrimeSense\SensorKinect\Bin\XnFormats.dll
0x62200000 - 0x6224f000 	C:\Program Files\PrimeSense\SensorKinect\Bin\XnDeviceSensorV2KM.dll
0x61500000 - 0x61798000 	C:\Program Files\PrimeSense\NITE\Features_1_3_0\Bin\XnVFeatures_1_3_0.dll
0x62040000 - 0x620ce000 	C:\Windows\WinSxS\x86_microsoft.vc90.crt_1fc8b3b9a1e18e3b_9.0.30729.6161_none_50934f2ebcb7eb57\MSVCP90.dll
0x60a40000 - 0x60c8f000 	C:\Program Files\PrimeSense\NITE\Features_1_3_1\Bin\XnVFeatures_1_3_1.dll
0x60820000 - 0x60a39000 	C:\Program Files\PrimeSense\NITE\Features_1_4_1\Bin\XnVFeatures_1_4_1.dll
0x60600000 - 0x60816000 	C:\Program Files\PrimeSense\NITE\Features_1_4_2\Bin\XnVFeatures_1_4_2.dll
0x5fd10000 - 0x60017000 	C:\Program Files\PrimeSense\NITE\Features_1_5_2\Bin\XnVFeatures_1_5_2.dll
0x61f60000 - 0x62037000 	C:\Program Files\PrimeSense\NITE\Hands_1_3_0\Bin\XnVHandGenerator_1_3_0.dll
0x61e80000 - 0x61f5c000 	C:\Program Files\PrimeSense\NITE\Hands_1_3_1\Bin\XnVHandGenerator_1_3_1.dll
0x61920000 - 0x619fd000 	C:\Program Files\PrimeSense\NITE\Hands_1_4_1\Bin\XnVHandGenerator_1_4_1.dll
0x61840000 - 0x6191d000 	C:\Program Files\PrimeSense\NITE\Hands_1_4_2\Bin\XnVHandGenerator_1_4_2.dll
0x61410000 - 0x614fc000 	C:\Program Files\PrimeSense\NITE\Hands_1_5_2\Bin\XnVHandGenerator_1_5_2.dll
0x74de0000 - 0x74e20000 	C:\Windows\system32\uxtheme.dll
0x76040000 - 0x7606d000 	C:\Windows\system32\WINTRUST.dll
0x760c0000 - 0x761de000 	C:\Windows\system32\CRYPT32.dll
0x75f50000 - 0x75f5c000 	C:\Windows\system32\MSASN1.dll
0x75e10000 - 0x75e5c000 	C:\Windows\system32\apphelp.dll
0x75460000 - 0x75465000 	C:\Windows\System32\wshtcpip.dll
0x72030000 - 0x7203f000 	C:\Program Files\Java\jre7\bin\nio.dll
0x604b0000 - 0x605f2000 	C:\Program Files\Java\jre7\bin\awt.dll
0x74d30000 - 0x74d43000 	C:\Windows\system32\dwmapi.dll
0x75e60000 - 0x75e6c000 	C:\Windows\system32\CRYPTBASE.dll
0x722f0000 - 0x722f6000 	C:\Program Files\Java\jre7\bin\jawt.dll
0x172e0000 - 0x173b3000 	C:\Windows\System32\j3dcore-d3d.dll
0x72aa0000 - 0x72c63000 	C:\Windows\system32\d3d9.dll
0x753c0000 - 0x753c9000 	C:\Windows\system32\VERSION.dll
0x729a0000 - 0x729a6000 	C:\Windows\system32\d3d8thk.dll
0x74530000 - 0x7456c000 	C:\Windows\system32\OLEACC.dll
0x6fda0000 - 0x6fdf1000 	C:\Windows\system32\WINSPOOL.DRV
0x6f8d0000 - 0x6f9bb000 	C:\Windows\system32\dbghelp.dll

VM Arguments:
jvm_args: -Djava 
java_command: SANDRAExecutable.jar 193.156.105.142 7540 kinectJoints gameControl
Launcher Type: SUN_STANDARD

Environment Variables:
CLASSPATH=C:\Program Files\OpenNI\Bin\org.OpenNI.jar
PATH=C:\Program Files\Intel\iCLS Client\;C:\Program Files\AMD APP\bin\x86;C:\Windows\system32;C:\Windows;C:\Windows\System32\Wbem;C:\Windows\System32\WindowsPowerShell\v1.0\;C:\Program Files\ATI Technologies\ATI.ACE\Core-Static;C:\Users\norut\AppData\Roaming\npm;C:\Program Files\nodejs\;C:\Program Files\Intel\Intel(R) Management Engine Components\DAL;C:\Program Files\Intel\Intel(R) Management Engine Components\IPT;C:\Program Files\OpenNI\Bin;C:\Program Files\PrimeSense\NITE\bin;C:\Program Files\AMD APP\bin\x86;C:\Windows\system32;C:\Windows;C:\Windows\System32\Wbem;C:\Windows\System32\WindowsPowerShell\v1.0\;C:\Program Files\ATI Technologies\ATI.ACE\Core-Static;C:\Program Files\nodejs
USERNAME=norut
OS=Windows_NT
PROCESSOR_IDENTIFIER=x86 Family 6 Model 58 Stepping 9, GenuineIntel



---------------  S Y S T E M  ---------------

OS: Windows 7 Build 7601 Service Pack 1

CPU:total 4 (4 cores per cpu, 1 threads per core) family 6 model 58 stepping 9, cmov, cx8, fxsr, mmx, sse, sse2, sse3, ssse3, sse4.1, sse4.2, popcnt, avx, tsc, tscinvbit, tscinv

Memory: 4k page, physical 3638896k(1829588k free), swap 7276036k(5229580k free)

vm_info: Java HotSpot(TM) Client VM (23.1-b03) for windows-x86 JRE (1.7.0_05-b05), built on May 15 2012 18:11:27 by "java_re" with unknown MS VC++:1600

time: Mon Jul 16 15:56:38 2012
elapsed time: 367 seconds

