#
# A fatal error has been detected by the Java Runtime Environment:
#
#  EXCEPTION_ACCESS_VIOLATION (0xc0000005) at pc=0x6d9f179c, pid=6476, tid=5304
#
# JRE version: 7.0_05-b05
# Java VM: Java HotSpot(TM) Client VM (23.1-b03 mixed mode, sharing windows-x86 )
# Problematic frame:
# C  [OpenNI.dll+0x1179c]  xnUnregisterUserCallbacks+0x2c
#
# Failed to write core dump. Minidumps are not enabled by default on client versions of Windows
#
# If you would like to submit a bug report, please visit:
#   http://bugreport.sun.com/bugreport/crash.jsp
# The crash happened outside the Java Virtual Machine in native code.
# See problematic frame for where to report the bug.
#

---------------  T H R E A D  ---------------

Current thread (0x05f01c00):  JavaThread "Thread-1" [_thread_in_native, id=5304, stack(0x0fdb0000,0x0fe00000)]

siginfo: ExceptionCode=0xc0000005, reading address 0x00000010

Registers:
EAX=0x065d58cc, EBX=0x33a4eae8, ECX=0x03f6cabc, EDX=0x03f6e438
ESP=0x0fdfeed8, EBP=0x0fdfef34, ESI=0x00000000, EDI=0x05f01c00
EIP=0x6d9f179c, EFLAGS=0x00010202

Top of Stack: (sp=0x0fdfeed8)
0x0fdfeed8:   16643500 6dac6c84 05cd5e00 00000000
0x0fdfeee8:   33a4eae8 0186a707 05f01d28 0fdfef3c
0x0fdfeef8:   05cd5e00 00000000 16643500 00000000
0x0fdfef08:   0fdfef58 0197abd0 379ea284 0fdfef14
0x0fdfef18:   00000000 0fdfef50 33a528e0 00000000
0x0fdfef28:   33a4eae8 00000000 0fdfef44 0fdfef74
0x0fdfef38:   018632c7 28f6c2b0 01868989 16643500
0x0fdfef48:   00000000 05cd5e00 00000000 0fdfef54 

Instructions: (pc=0x6d9f179c)
0x6d9f177c:   8b 40 04 8b 10 c1 ea 19 83 e2 01 74 2b 8b 41 04
0x6d9f178c:   8b 08 8b 91 c0 00 00 00 8b 40 04 56 8b 74 24 0c
0x6d9f179c:   8b 4e 10 51 8b 8a 20 01 00 00 50 ff d1 56 ff 15
0x6d9f17ac:   e0 51 a1 6d 83 c4 04 5e c3 cc cc cc cc cc cc cc 


Register to memory mapping:

EAX=0x065d58cc is an unknown value
EBX=0x33a4eae8 is an oop
{method} 
 - klass: {other class}
ECX=0x03f6cabc is an unknown value
EDX=0x03f6e438 is an unknown value
ESP=0x0fdfeed8 is pointing into the stack for thread: 0x05f01c00
EBP=0x0fdfef34 is pointing into the stack for thread: 0x05f01c00
ESI=0x00000000 is an unknown value
EDI=0x05f01c00 is a thread


Stack: [0x0fdb0000,0x0fe00000],  sp=0x0fdfeed8,  free space=315k
Native frames: (J=compiled Java code, j=interpreted, Vv=VM code, C=native code)
C  [OpenNI.dll+0x1179c]  xnUnregisterUserCallbacks+0x2c
j  org.OpenNI.UserGenerator$1.unregisterNative(J)V+8
j  org.OpenNI.Observable.deleteObserver(Lorg/OpenNI/IObserver;)V+24
j  KinectPackage.SkeletonManager.reset()V+11
j  KinectPackage.SkeletonManager.access$8(LKinectPackage/SkeletonManager;)V+1
j  KinectPackage.SkeletonManager$LostUserObserver.update(Lorg/OpenNI/IObservable;Lorg/OpenNI/UserEventArgs;)V+183
j  KinectPackage.SkeletonManager$LostUserObserver.update(Lorg/OpenNI/IObservable;Ljava/lang/Object;)V+9
j  org.OpenNI.Observable.notify(Ljava/lang/Object;)V+30
j  org.OpenNI.UserGenerator$2.callback(I)V+9
v  ~StubRoutines::call_stub
V  [jvm.dll+0x12964a]
V  [jvm.dll+0x1d851e]
V  [jvm.dll+0x1296cd]
V  [jvm.dll+0xae4da]
V  [jvm.dll+0xb1d93]
C  [OpenNI.jni.dll+0x10ea]  JNI_OnUnload+0x6a
C  [XnVFeatures_1_5_2.dll+0x959a8]  xnModuleGetOpenNIVersion+0x57988
C  [XnVFeatures_1_5_2.dll+0x7b5d8]  xnModuleGetOpenNIVersion+0x3d5b8
C  [XnVFeatures_1_5_2.dll+0xb1538]  xnModuleGetOpenNIVersion+0x73518
C  [XnVFeatures_1_5_2.dll+0x95266]  xnModuleGetOpenNIVersion+0x57246
C  [OpenNI.jni.dll+0x2eab]  Java_org_OpenNI_NativeMethods_xnWaitAnyUpdateAll+0xb
J  org.OpenNI.Context.waitAnyUpdateAll()V
j  java.lang.Thread.run()V+11
v  ~StubRoutines::call_stub
V  [jvm.dll+0x12964a]
V  [jvm.dll+0x1d851e]
V  [jvm.dll+0x129833]
V  [jvm.dll+0x129897]
V  [jvm.dll+0xd24af]
V  [jvm.dll+0x149977]
V  [jvm.dll+0x149ae0]
V  [jvm.dll+0x17e049]
C  [msvcr100.dll+0x5c6de]  endthreadex+0x3a
C  [msvcr100.dll+0x5c788]  endthreadex+0xe4
C  [kernel32.dll+0x4ed6c]  BaseThreadInitThunk+0x12
C  [ntdll.dll+0x6377b]  RtlInitializeExceptionChain+0xef
C  [ntdll.dll+0x6374e]  RtlInitializeExceptionChain+0xc2

Java frames: (J=compiled Java code, j=interpreted, Vv=VM code)
j  org.OpenNI.NativeMethods.xnUnregisterUserCallbacks(JJ)V+0
j  org.OpenNI.UserGenerator$1.unregisterNative(J)V+8
j  org.OpenNI.Observable.deleteObserver(Lorg/OpenNI/IObserver;)V+24
j  KinectPackage.SkeletonManager.reset()V+11
j  KinectPackage.SkeletonManager.access$8(LKinectPackage/SkeletonManager;)V+1
j  KinectPackage.SkeletonManager$LostUserObserver.update(Lorg/OpenNI/IObservable;Lorg/OpenNI/UserEventArgs;)V+183
j  KinectPackage.SkeletonManager$LostUserObserver.update(Lorg/OpenNI/IObservable;Ljava/lang/Object;)V+9
j  org.OpenNI.Observable.notify(Ljava/lang/Object;)V+30
j  org.OpenNI.UserGenerator$2.callback(I)V+9
v  ~StubRoutines::call_stub
J  org.OpenNI.NativeMethods.xnWaitAnyUpdateAll(J)I
J  org.OpenNI.Context.waitAnyUpdateAll()V
j  KinectPackage.KinectManager.run()V+12
j  java.lang.Thread.run()V+11
v  ~StubRoutines::call_stub

---------------  P R O C E S S  ---------------

Java Threads: ( => current thread )
  0x163b3000 JavaThread "Thread-87010" [_thread_blocked, id=13984, stack(0x20090000,0x200e0000)]
  0x16766000 JavaThread "Thread-86967" [_thread_blocked, id=13476, stack(0x20cd0000,0x20d20000)]
  0x16766c00 JavaThread "Thread-86924" [_thread_blocked, id=14964, stack(0x20a30000,0x20a80000)]
  0x16764c00 JavaThread "Thread-86881" [_thread_blocked, id=13320, stack(0x20be0000,0x20c30000)]
  0x16766400 JavaThread "Thread-86838" [_thread_blocked, id=13260, stack(0x20540000,0x20590000)]
  0x16765800 JavaThread "Thread-86795" [_thread_blocked, id=14244, stack(0x206b0000,0x20700000)]
  0x16763800 JavaThread "Thread-86752" [_thread_blocked, id=12776, stack(0x20b30000,0x20b80000)]
  0x16763000 JavaThread "Thread-86709" [_thread_blocked, id=14284, stack(0x20a80000,0x20ad0000)]
  0x16762000 JavaThread "Thread-86666" [_thread_blocked, id=12320, stack(0x20780000,0x207d0000)]
  0x16761c00 JavaThread "Thread-86623" [_thread_blocked, id=12296, stack(0x209c0000,0x20a10000)]
  0x16762800 JavaThread "Thread-86580" [_thread_blocked, id=11540, stack(0x20910000,0x20960000)]
  0x16761400 JavaThread "Thread-86537" [_thread_blocked, id=13400, stack(0x208b0000,0x20900000)]
  0x165a5000 JavaThread "Thread-86494" [_thread_blocked, id=11572, stack(0x20840000,0x20890000)]
  0x165a4800 JavaThread "Thread-86451" [_thread_blocked, id=12092, stack(0x20710000,0x20760000)]
  0x165a4000 JavaThread "Thread-86408" [_thread_blocked, id=11744, stack(0x20660000,0x206b0000)]
  0x165a5400 JavaThread "Thread-86365" [_thread_blocked, id=12176, stack(0x20200000,0x20250000)]
  0x165a3c00 JavaThread "Thread-86322" [_thread_blocked, id=10392, stack(0x204f0000,0x20540000)]
  0x1674d800 JavaThread "Thread-86279" [_thread_blocked, id=10456, stack(0x202b0000,0x20300000)]
  0x1674e000 JavaThread "Thread-86236" [_thread_blocked, id=10800, stack(0x20600000,0x20650000)]
  0x1674e800 JavaThread "Thread-86193" [_thread_blocked, id=9112, stack(0x205a0000,0x205f0000)]
  0x1674ec00 JavaThread "Thread-86150" [_thread_blocked, id=10944, stack(0x203a0000,0x203f0000)]
  0x1674d400 JavaThread "Thread-86107" [_thread_blocked, id=9976, stack(0x1fd50000,0x1fda0000)]
  0x1673a000 JavaThread "Thread-86064" [_thread_blocked, id=9724, stack(0x20430000,0x20480000)]
  0x1673b000 JavaThread "Thread-86021" [_thread_blocked, id=9792, stack(0x200e0000,0x20130000)]
  0x1673b400 JavaThread "Thread-85978" [_thread_blocked, id=5228, stack(0x20330000,0x20380000)]
  0x1673a800 JavaThread "Thread-85935" [_thread_blocked, id=10232, stack(0x20260000,0x202b0000)]
  0x16739c00 JavaThread "Thread-85892" [_thread_blocked, id=9416, stack(0x1fef0000,0x1ff40000)]
  0x1673c400 JavaThread "Thread-85849" [_thread_blocked, id=9580, stack(0x201a0000,0x201f0000)]
  0x1673c800 JavaThread "Thread-85806" [_thread_blocked, id=6156, stack(0x1fb60000,0x1fbb0000)]
  0x1673d800 JavaThread "Thread-85763" [_thread_blocked, id=8544, stack(0x20140000,0x20190000)]
  0x1673d000 JavaThread "Thread-85720" [_thread_blocked, id=9244, stack(0x1ffc0000,0x20010000)]
  0x1673bc00 JavaThread "Thread-85677" [_thread_blocked, id=5180, stack(0x20040000,0x20090000)]
  0x165c5400 JavaThread "Thread-85634" [_thread_blocked, id=7916, stack(0x1fa20000,0x1fa70000)]
  0x165c6000 JavaThread "Thread-85591" [_thread_blocked, id=3764, stack(0x1fe40000,0x1fe90000)]
  0x165c5000 JavaThread "Thread-85548" [_thread_blocked, id=6044, stack(0x1ff50000,0x1ffa0000)]
  0x165c5c00 JavaThread "Thread-85505" [_thread_blocked, id=6684, stack(0x1fd00000,0x1fd50000)]
  0x165c4800 JavaThread "Thread-85462" [_thread_blocked, id=256, stack(0x1f960000,0x1f9b0000)]
  0x16735c00 JavaThread "Thread-85419" [_thread_blocked, id=2636, stack(0x1fdb0000,0x1fe00000)]
  0x16736400 JavaThread "Thread-85376" [_thread_blocked, id=6528, stack(0x1f690000,0x1f6e0000)]
  0x16737000 JavaThread "Thread-85333" [_thread_blocked, id=5196, stack(0x1fca0000,0x1fcf0000)]
  0x16736c00 JavaThread "Thread-85290" [_thread_blocked, id=8028, stack(0x1fc50000,0x1fca0000)]
  0x16735800 JavaThread "Thread-85247" [_thread_blocked, id=4368, stack(0x1ef00000,0x1ef50000)]
  0x1648fc00 JavaThread "Thread-85204" [_thread_blocked, id=4588, stack(0x1faf0000,0x1fb40000)]
  0x1648f400 JavaThread "Thread-85161" [_thread_blocked, id=10588, stack(0x1f730000,0x1f780000)]
  0x1648e800 JavaThread "Thread-85118" [_thread_blocked, id=7196, stack(0x1fbc0000,0x1fc10000)]
  0x1648ec00 JavaThread "Thread-85075" [_thread_blocked, id=13536, stack(0x1f9d0000,0x1fa20000)]
  0x1648e000 JavaThread "Thread-85032" [_thread_blocked, id=5848, stack(0x1fa70000,0x1fac0000)]
  0x1648dc00 JavaThread "Thread-84989" [_thread_blocked, id=6248, stack(0x1f610000,0x1f660000)]
  0x1648d400 JavaThread "Thread-84946" [_thread_blocked, id=4992, stack(0x1ee50000,0x1eea0000)]
  0x1648c800 JavaThread "Thread-84903" [_thread_blocked, id=7216, stack(0x1f6e0000,0x1f730000)]
  0x1648cc00 JavaThread "Thread-84860" [_thread_blocked, id=15804, stack(0x1f8f0000,0x1f940000)]
  0x1648c000 JavaThread "Thread-84817" [_thread_blocked, id=5404, stack(0x1f870000,0x1f8c0000)]
  0x165bd800 JavaThread "Thread-84774" [_thread_blocked, id=16188, stack(0x1f7f0000,0x1f840000)]
  0x165bcc00 JavaThread "Thread-84731" [_thread_blocked, id=16132, stack(0x1f790000,0x1f7e0000)]
  0x165bc400 JavaThread "Thread-84688" [_thread_blocked, id=15812, stack(0x1f400000,0x1f450000)]
  0x165bd000 JavaThread "Thread-84645" [_thread_blocked, id=6848, stack(0x1f5c0000,0x1f610000)]
  0x165bc000 JavaThread "Thread-84602" [_thread_blocked, id=5684, stack(0x1f3a0000,0x1f3f0000)]
  0x165a8400 JavaThread "Thread-84559" [_thread_blocked, id=14848, stack(0x1f530000,0x1f580000)]
  0x165a7400 JavaThread "Thread-84516" [_thread_blocked, id=16160, stack(0x1f1e0000,0x1f230000)]
  0x165a7c00 JavaThread "Thread-84473" [_thread_blocked, id=16000, stack(0x1e5e0000,0x1e630000)]
  0x165a7000 JavaThread "Thread-84430" [_thread_blocked, id=13284, stack(0x1f4a0000,0x1f4f0000)]
  0x165a6800 JavaThread "Thread-84387" [_thread_blocked, id=15912, stack(0x1f010000,0x1f060000)]
  0x16485800 JavaThread "Thread-84344" [_thread_blocked, id=15240, stack(0x1f450000,0x1f4a0000)]
  0x16485400 JavaThread "Thread-84301" [_thread_blocked, id=15824, stack(0x1f2c0000,0x1f310000)]
  0x16486000 JavaThread "Thread-84258" [_thread_blocked, id=15336, stack(0x1f180000,0x1f1d0000)]
  0x16486400 JavaThread "Thread-84215" [_thread_blocked, id=13864, stack(0x1f0b0000,0x1f100000)]
  0x16484c00 JavaThread "Thread-84172" [_thread_blocked, id=15720, stack(0x1f330000,0x1f380000)]
  0x165a9c00 JavaThread "Thread-84129" [_thread_blocked, id=14312, stack(0x1cc60000,0x1ccb0000)]
  0x165aa400 JavaThread "Thread-84086" [_thread_blocked, id=13560, stack(0x1f260000,0x1f2b0000)]
  0x165ab000 JavaThread "Thread-84043" [_thread_blocked, id=14064, stack(0x1ec90000,0x1ece0000)]
  0x165aac00 JavaThread "Thread-84000" [_thread_blocked, id=13660, stack(0x1f130000,0x1f180000)]
  0x165a9800 JavaThread "Thread-83957" [_thread_blocked, id=11336, stack(0x1f060000,0x1f0b0000)]
  0x1659a000 JavaThread "Thread-83914" [_thread_blocked, id=13168, stack(0x1edf0000,0x1ee40000)]
  0x1659b400 JavaThread "Thread-83871" [_thread_blocked, id=10368, stack(0x1efa0000,0x1eff0000)]
  0x1659b000 JavaThread "Thread-83828" [_thread_blocked, id=13412, stack(0x1b1a0000,0x1b1f0000)]
  0x1659a800 JavaThread "Thread-83785" [_thread_blocked, id=10620, stack(0x1ef50000,0x1efa0000)]
  0x16599c00 JavaThread "Thread-83742" [_thread_blocked, id=14308, stack(0x1eea0000,0x1eef0000)]
  0x16488800 JavaThread "Thread-83699" [_thread_blocked, id=12100, stack(0x1e6d0000,0x1e720000)]
  0x16488000 JavaThread "Thread-83656" [_thread_blocked, id=12216, stack(0x1ed70000,0x1edc0000)]
  0x16488c00 JavaThread "Thread-83613" [_thread_blocked, id=12180, stack(0x1ea80000,0x1ead0000)]
  0x16489400 JavaThread "Thread-83570" [_thread_blocked, id=10616, stack(0x1ed20000,0x1ed70000)]
  0x16487800 JavaThread "Thread-83527" [_thread_blocked, id=11216, stack(0x1ec00000,0x1ec50000)]
  0x1662f800 JavaThread "Thread-83484" [_thread_blocked, id=5692, stack(0x1e780000,0x1e7d0000)]
  0x1662f000 JavaThread "Thread-83441" [_thread_blocked, id=8824, stack(0x1eb90000,0x1ebe0000)]
  0x16630000 JavaThread "Thread-83398" [_thread_blocked, id=10540, stack(0x1e940000,0x1e990000)]
  0x16630400 JavaThread "Thread-83355" [_thread_blocked, id=11196, stack(0x1eb30000,0x1eb80000)]
  0x1662ec00 JavaThread "Thread-83312" [_thread_blocked, id=9564, stack(0x1eae0000,0x1eb30000)]
  0x16483400 JavaThread "Thread-83269" [_thread_blocked, id=9172, stack(0x1ea10000,0x1ea60000)]
  0x16483000 JavaThread "Thread-83226" [_thread_blocked, id=8704, stack(0x1e8d0000,0x1e920000)]
  0x16483c00 JavaThread "Thread-83183" [_thread_blocked, id=8700, stack(0x1e0f0000,0x1e140000)]
  0x16484000 JavaThread "Thread-83140" [_thread_blocked, id=10124, stack(0x1e990000,0x1e9e0000)]
  0x16482800 JavaThread "Thread-83097" [_thread_blocked, id=10120, stack(0x1e850000,0x1e8a0000)]
  0x16480400 JavaThread "Thread-83054" [_thread_blocked, id=4064, stack(0x1e7d0000,0x1e820000)]
  0x16480c00 JavaThread "Thread-83011" [_thread_blocked, id=2812, stack(0x1e640000,0x1e690000)]
  0x16481800 JavaThread "Thread-82968" [_thread_blocked, id=1940, stack(0x1e720000,0x1e770000)]
  0x16481000 JavaThread "Thread-82925" [_thread_blocked, id=8100, stack(0x1e590000,0x1e5e0000)]
  0x1647fc00 JavaThread "Thread-82882" [_thread_blocked, id=6884, stack(0x1e3a0000,0x1e3f0000)]
  0x1646ec00 JavaThread "Thread-82839" [_thread_blocked, id=5104, stack(0x1e500000,0x1e550000)]
  0x1646e400 JavaThread "Thread-82796" [_thread_blocked, id=8624, stack(0x1cb10000,0x1cb60000)]
  0x1646d800 JavaThread "Thread-82753" [_thread_blocked, id=4972, stack(0x1e2f0000,0x1e340000)]
  0x1646e000 JavaThread "Thread-82710" [_thread_blocked, id=5364, stack(0x1e490000,0x1e4e0000)]
  0x1646d400 JavaThread "Thread-82667" [_thread_blocked, id=6944, stack(0x1e430000,0x1e480000)]
  0x1646b800 JavaThread "Thread-82624" [_thread_blocked, id=1536, stack(0x1e350000,0x1e3a0000)]
  0x1646c000 JavaThread "Thread-82581" [_thread_blocked, id=3344, stack(0x1dd50000,0x1dda0000)]
  0x1646cc00 JavaThread "Thread-82538" [_thread_blocked, id=7680, stack(0x1e1f0000,0x1e240000)]
  0x1646c400 JavaThread "Thread-82495" [_thread_blocked, id=4364, stack(0x1e1a0000,0x1e1f0000)]
  0x1646b400 JavaThread "Thread-82452" [_thread_blocked, id=11228, stack(0x1ddf0000,0x1de40000)]
  0x16392c00 JavaThread "Thread-82409" [_thread_blocked, id=7232, stack(0x1dc70000,0x1dcc0000)]
  0x16393800 JavaThread "Thread-82366" [_thread_blocked, id=4312, stack(0x1e290000,0x1e2e0000)]
  0x16393c00 JavaThread "Thread-82323" [_thread_blocked, id=1676, stack(0x1dfc0000,0x1e010000)]
  0x16393000 JavaThread "Thread-82280" [_thread_blocked, id=7528, stack(0x1ca70000,0x1cac0000)]
  0x16392400 JavaThread "Thread-82237" [_thread_blocked, id=2172, stack(0x1e240000,0x1e290000)]
  0x16464800 JavaThread "Thread-82194" [_thread_blocked, id=3844, stack(0x1e140000,0x1e190000)]
  0x16465c00 JavaThread "Thread-82151" [_thread_blocked, id=3780, stack(0x1df70000,0x1dfc0000)]
  0x16465000 JavaThread "Thread-82108" [_thread_blocked, id=5328, stack(0x1df10000,0x1df60000)]
  0x16465400 JavaThread "Thread-82065" [_thread_blocked, id=14912, stack(0x1e060000,0x1e0b0000)]
  0x16464000 JavaThread "Thread-82022" [_thread_blocked, id=16192, stack(0x1e010000,0x1e060000)]
  0x1685c000 JavaThread "Thread-81979" [_thread_blocked, id=15800, stack(0x1dec0000,0x1df10000)]
  0x1685cc00 JavaThread "Thread-81936" [_thread_blocked, id=6272, stack(0x1d720000,0x1d770000)]
  0x16466800 JavaThread "Thread-81893" [_thread_blocked, id=6364, stack(0x1dce0000,0x1dd30000)]
  0x163b3800 JavaThread "Thread-81850" [_thread_blocked, id=5752, stack(0x1de70000,0x1dec0000)]
  0x16466000 JavaThread "Thread-81807" [_thread_blocked, id=13496, stack(0x1dc20000,0x1dc70000)]
  0x16397000 JavaThread "Thread-81764" [_thread_blocked, id=7244, stack(0x1dda0000,0x1ddf0000)]
  0x163b2800 JavaThread "Thread-81721" [_thread_blocked, id=15468, stack(0x1db60000,0x1dbb0000)]
  0x163af800 JavaThread "Thread-81678" [_thread_blocked, id=4772, stack(0x1d5b0000,0x1d600000)]
  0x163af000 JavaThread "Thread-81635" [_thread_blocked, id=15280, stack(0x1dbc0000,0x1dc10000)]
  0x163aec00 JavaThread "Thread-81592" [_thread_blocked, id=13384, stack(0x1db10000,0x1db60000)]
  0x163ae400 JavaThread "Thread-81549" [_thread_blocked, id=14556, stack(0x1da10000,0x1da60000)]
  0x163adc00 JavaThread "Thread-81506" [_thread_blocked, id=15276, stack(0x1da80000,0x1dad0000)]
  0x163a1800 JavaThread "Thread-81463" [_thread_blocked, id=15048, stack(0x1d910000,0x1d960000)]
  0x163a1c00 JavaThread "Thread-81420" [_thread_blocked, id=12544, stack(0x1d8c0000,0x1d910000)]
  0x163a0800 JavaThread "Thread-81377" [_thread_blocked, id=16320, stack(0x1d810000,0x1d860000)]
  0x163a1000 JavaThread "Thread-81334" [_thread_blocked, id=12876, stack(0x1d2c0000,0x1d310000)]
  0x163a0400 JavaThread "Thread-81291" [_thread_blocked, id=15904, stack(0x1d980000,0x1d9d0000)]
  0x163a4800 JavaThread "Thread-81248" [_thread_blocked, id=13380, stack(0x1d7c0000,0x1d810000)]
  0x163a5400 JavaThread "Thread-81205" [_thread_blocked, id=13392, stack(0x1d860000,0x1d8b0000)]
  0x163a4c00 JavaThread "Thread-81162" [_thread_blocked, id=14216, stack(0x1d030000,0x1d080000)]
  0x16396400 JavaThread "Thread-81119" [_thread_blocked, id=13432, stack(0x1c580000,0x1c5d0000)]
  0x16640000 JavaThread "Thread-81076" [_thread_blocked, id=12408, stack(0x1c780000,0x1c7d0000)]
  0x1685ac00 JavaThread "Thread-81033" [_thread_blocked, id=12752, stack(0x1d770000,0x1d7c0000)]
  0x1663f400 JavaThread "Thread-80990" [_thread_blocked, id=13336, stack(0x1d6c0000,0x1d710000)]
  0x16642000 JavaThread "Thread-80947" [_thread_blocked, id=13564, stack(0x1d510000,0x1d560000)]
  0x1663f800 JavaThread "Thread-80904" [_thread_blocked, id=10360, stack(0x1d640000,0x1d690000)]
  0x16859c00 JavaThread "Thread-80861" [_thread_blocked, id=11236, stack(0x1d560000,0x1d5b0000)]
  0x1663ec00 JavaThread "Thread-80818" [_thread_blocked, id=10576, stack(0x1d480000,0x1d4d0000)]
  0x163a4000 JavaThread "Thread-80775" [_thread_blocked, id=10972, stack(0x1c440000,0x1c490000)]
  0x163a3c00 JavaThread "Thread-80732" [_thread_blocked, id=13940, stack(0x1d380000,0x1d3d0000)]
  0x1639a000 JavaThread "Thread-80689" [_thread_blocked, id=11904, stack(0x1d400000,0x1d450000)]
  0x1639ac00 JavaThread "Thread-80646" [_thread_blocked, id=10644, stack(0x1d330000,0x1d380000)]
  0x1639a800 JavaThread "Thread-80603" [_thread_blocked, id=10104, stack(0x1c890000,0x1c8e0000)]
  0x16399c00 JavaThread "Thread-80560" [_thread_blocked, id=8396, stack(0x1d100000,0x1d150000)]
  0x16399400 JavaThread "Thread-80517" [_thread_blocked, id=5164, stack(0x1d270000,0x1d2c0000)]
  0x16394c00 JavaThread "Thread-80474" [_thread_blocked, id=11880, stack(0x1d1f0000,0x1d240000)]
  0x16641400 JavaThread "Thread-80431" [_thread_blocked, id=5308, stack(0x1d190000,0x1d1e0000)]
  0x1663e800 JavaThread "Thread-80388" [_thread_blocked, id=8564, stack(0x1d090000,0x1d0e0000)]
  0x16395c00 JavaThread "Thread-80345" [_thread_blocked, id=10752, stack(0x1cde0000,0x1ce30000)]
  0x16395000 JavaThread "Thread-80302" [_thread_blocked, id=9608, stack(0x1c9d0000,0x1ca20000)]
  0x16395800 JavaThread "Thread-80259" [_thread_blocked, id=9156, stack(0x1cfc0000,0x1d010000)]
  0x16394400 JavaThread "Thread-80216" [_thread_blocked, id=9636, stack(0x1cec0000,0x1cf10000)]
  0x1668b400 JavaThread "Thread-80173" [_thread_blocked, id=8804, stack(0x1a650000,0x1a6a0000)]
  0x1668b000 JavaThread "Thread-80130" [_thread_blocked, id=11248, stack(0x1bf50000,0x1bfa0000)]
  0x16641c00 JavaThread "Thread-80087" [_thread_blocked, id=8648, stack(0x1cf50000,0x1cfa0000)]
  0x16870000 JavaThread "Thread-80044" [_thread_blocked, id=9304, stack(0x1c4e0000,0x1c530000)]
  0x16641000 JavaThread "Thread-80001" [_thread_blocked, id=13608, stack(0x1ce40000,0x1ce90000)]
  0x1668bc00 JavaThread "Thread-79958" [_thread_blocked, id=8972, stack(0x1cd00000,0x1cd50000)]
  0x1668c400 JavaThread "Thread-79915" [_thread_blocked, id=9784, stack(0x1cc10000,0x1cc60000)]
  0x1668a800 JavaThread "Thread-79872" [_thread_blocked, id=7884, stack(0x1cd70000,0x1cdc0000)]
  0x16640800 JavaThread "Thread-79829" [_thread_blocked, id=5984, stack(0x1cbc0000,0x1cc10000)]
  0x1686f400 JavaThread "Thread-79786" [_thread_blocked, id=5880, stack(0x1ccb0000,0x1cd00000)]
  0x16870400 JavaThread "Thread-79743" [_thread_blocked, id=8152, stack(0x1cb60000,0x1cbb0000)]
  0x1686f800 JavaThread "Thread-79700" [_thread_blocked, id=7332, stack(0x1ca20000,0x1ca70000)]
  0x16868800 JavaThread "Thread-79657" [_thread_blocked, id=1296, stack(0x1cac0000,0x1cb10000)]
  0x1685e800 JavaThread "Thread-79614" [_thread_blocked, id=264, stack(0x1c820000,0x1c870000)]
  0x16868400 JavaThread "Thread-79571" [_thread_blocked, id=7052, stack(0x1c8f0000,0x1c940000)]
  0x1686ec00 JavaThread "Thread-79528" [_thread_blocked, id=7572, stack(0x1c980000,0x1c9d0000)]
  0x16869400 JavaThread "Thread-79485" [_thread_blocked, id=3352, stack(0x1c490000,0x1c4e0000)]
  0x16629c00 JavaThread "Thread-79442" [_thread_blocked, id=6992, stack(0x1b810000,0x1b860000)]
  0x16869000 JavaThread "Thread-79399" [_thread_blocked, id=1304, stack(0x1c730000,0x1c780000)]
  0x16629400 JavaThread "Thread-79356" [_thread_blocked, id=7016, stack(0x1c7d0000,0x1c820000)]
  0x16867c00 JavaThread "Thread-79313" [_thread_blocked, id=6652, stack(0x1c3f0000,0x1c440000)]
  0x16629000 JavaThread "Thread-79270" [_thread_blocked, id=6532, stack(0x1c6c0000,0x1c710000)]
  0x1685e000 JavaThread "Thread-79227" [_thread_blocked, id=8328, stack(0x1c650000,0x1c6a0000)]
  0x1685ec00 JavaThread "Thread-79184" [_thread_blocked, id=3380, stack(0x1c5d0000,0x1c620000)]
  0x1685dc00 JavaThread "Thread-79141" [_thread_blocked, id=6276, stack(0x1c530000,0x1c580000)]
  0x1685d400 JavaThread "Thread-79098" [_thread_blocked, id=3940, stack(0x1bb70000,0x1bbc0000)]
  0x16689400 JavaThread "Thread-79055" [_thread_blocked, id=15296, stack(0x1c370000,0x1c3c0000)]
  0x1668a400 JavaThread "Thread-79012" [_thread_blocked, id=9632, stack(0x1c2b0000,0x1c300000)]
  0x1669e000 JavaThread "Thread-78969" [_thread_blocked, id=7180, stack(0x1c0b0000,0x1c100000)]
  0x1662a400 JavaThread "Thread-78926" [_thread_blocked, id=5864, stack(0x1c310000,0x1c360000)]
  0x1669e800 JavaThread "Thread-78883" [_thread_blocked, id=5264, stack(0x1c170000,0x1c1c0000)]
  0x16628800 JavaThread "Thread-78840" [_thread_blocked, id=2524, stack(0x1c1e0000,0x1c230000)]
  0x1669d400 JavaThread "Thread-78797" [_thread_blocked, id=15916, stack(0x1c230000,0x1c280000)]
  0x16689c00 JavaThread "Thread-78754" [_thread_blocked, id=15448, stack(0x1bfb0000,0x1c000000)]
  0x1685a000 JavaThread "Thread-78711" [_thread_blocked, id=15644, stack(0x1c100000,0x1c150000)]
  0x16689000 JavaThread "Thread-78668" [_thread_blocked, id=14500, stack(0x1bdb0000,0x1be00000)]
  0x16688800 JavaThread "Thread-78625" [_thread_blocked, id=15888, stack(0x1be90000,0x1bee0000)]
  0x03f36000 JavaThread "Thread-78582" [_thread_blocked, id=15324, stack(0x1be00000,0x1be50000)]
  0x1669d800 JavaThread "Thread-78539" [_thread_blocked, id=16284, stack(0x1bf00000,0x1bf50000)]
  0x03f36800 JavaThread "Thread-78496" [_thread_blocked, id=14388, stack(0x1bbc0000,0x1bc10000)]
  0x16859400 JavaThread "Thread-78453" [_thread_blocked, id=16328, stack(0x1ba20000,0x1ba70000)]
  0x1685c800 JavaThread "Thread-78410" [_thread_blocked, id=14092, stack(0x1bb10000,0x1bb60000)]
  0x1685bc00 JavaThread "Thread-78367" [_thread_blocked, id=15568, stack(0x1bc20000,0x1bc70000)]
  0x1685b400 JavaThread "Thread-78324" [_thread_blocked, id=16288, stack(0x1bd30000,0x1bd80000)]
  0x16896400 JavaThread "Thread-78281" [_thread_blocked, id=12280, stack(0x1bcc0000,0x1bd10000)]
  0x16896c00 JavaThread "Thread-78238" [_thread_blocked, id=14176, stack(0x1bc70000,0x1bcc0000)]
  0x16896000 JavaThread "Thread-78195" [_thread_blocked, id=15384, stack(0x1bab0000,0x1bb00000)]
  0x16895800 JavaThread "Thread-78152" [_thread_blocked, id=13876, stack(0x1b6f0000,0x1b740000)]
  0x16895000 JavaThread "Thread-78109" [_thread_blocked, id=13176, stack(0x1b940000,0x1b990000)]
  0x16724000 JavaThread "Thread-78066" [_thread_blocked, id=14860, stack(0x1b860000,0x1b8b0000)]
  0x16725400 JavaThread "Thread-78023" [_thread_blocked, id=13672, stack(0x1b250000,0x1b2a0000)]
  0x16724800 JavaThread "Thread-77980" [_thread_blocked, id=12904, stack(0x1a400000,0x1a450000)]
  0x16725c00 JavaThread "Thread-77937" [_thread_blocked, id=13700, stack(0x1b550000,0x1b5a0000)]
  0x16724c00 JavaThread "Thread-77868" [_thread_blocked, id=10736, stack(0x1c040000,0x1c090000)]
  0x1667a000 JavaThread "Thread-77851" [_thread_blocked, id=10760, stack(0x1b9d0000,0x1ba20000)]
  0x1669cc00 JavaThread "Thread-77808" [_thread_blocked, id=11752, stack(0x1b360000,0x1b3b0000)]
  0x1667b400 JavaThread "Thread-77765" [_thread_blocked, id=13008, stack(0x1b7c0000,0x1b810000)]
  0x16553c00 JavaThread "Thread-77722" [_thread_blocked, id=11768, stack(0x1b8b0000,0x1b900000)]
  0x1667ac00 JavaThread "Thread-77679" [_thread_blocked, id=11948, stack(0x1a4a0000,0x1a4f0000)]
  0x1649fc00 JavaThread "Thread-77636" [_thread_blocked, id=13976, stack(0x1b740000,0x1b790000)]
  0x03f35800 JavaThread "Thread-77593" [_thread_blocked, id=11816, stack(0x1b610000,0x1b660000)]
  0x16552c00 JavaThread "Thread-77550" [_thread_blocked, id=12212, stack(0x1b4e0000,0x1b530000)]
  0x1667a400 JavaThread "Thread-77507" [_thread_blocked, id=6464, stack(0x1b690000,0x1b6e0000)]
  0x1649f000 JavaThread "Thread-77464" [_thread_blocked, id=10700, stack(0x1b5a0000,0x1b5f0000)]
  0x03f35400 JavaThread "Thread-77421" [_thread_blocked, id=8560, stack(0x1b300000,0x1b350000)]
  0x1649f400 JavaThread "Thread-77378" [_thread_blocked, id=10424, stack(0x1aec0000,0x1af10000)]
  0x16679800 JavaThread "Thread-77335" [_thread_blocked, id=9776, stack(0x1b150000,0x1b1a0000)]
  0x16553000 JavaThread "Thread-77292" [_thread_blocked, id=9100, stack(0x1b480000,0x1b4d0000)]
  0x1654f800 JavaThread "Thread-77249" [_thread_blocked, id=11976, stack(0x1b400000,0x1b450000)]
  0x16553800 JavaThread "Thread-77206" [_thread_blocked, id=9032, stack(0x1ac90000,0x1ace0000)]
  0x03f34c00 JavaThread "Thread-77163" [_thread_blocked, id=10032, stack(0x1b3b0000,0x1b400000)]
  0x16552400 JavaThread "Thread-77120" [_thread_blocked, id=10020, stack(0x1b2b0000,0x1b300000)]
  0x16550c00 JavaThread "Thread-77077" [_thread_blocked, id=5272, stack(0x1ad00000,0x1ad50000)]
  0x16551800 JavaThread "Thread-77034" [_thread_blocked, id=5836, stack(0x1b1f0000,0x1b240000)]
  0x16551c00 JavaThread "Thread-76991" [_thread_blocked, id=8024, stack(0x17090000,0x170e0000)]
  0x16711800 JavaThread "Thread-76948" [_thread_blocked, id=9136, stack(0x1ab70000,0x1abc0000)]
  0x1654fc00 JavaThread "Thread-76905" [_thread_blocked, id=6336, stack(0x1a750000,0x1a7a0000)]
  0x16713000 JavaThread "Thread-76862" [_thread_blocked, id=4748, stack(0x1ad70000,0x1adc0000)]
  0x16551000 JavaThread "Thread-76819" [_thread_blocked, id=8232, stack(0x1ac40000,0x1ac90000)]
  0x16712400 JavaThread "Thread-76776" [_thread_blocked, id=8336, stack(0x1aa60000,0x1aab0000)]
  0x16550400 JavaThread "Thread-76733" [_thread_blocked, id=9436, stack(0x1aaf0000,0x1ab40000)]
  0x16703400 JavaThread "Thread-76690" [_thread_blocked, id=6832, stack(0x1abc0000,0x1ac10000)]
  0x16703000 JavaThread "Thread-76647" [_thread_blocked, id=10160, stack(0x1a7a0000,0x1a7f0000)]
  0x16702800 JavaThread "Thread-76604" [_thread_blocked, id=15636, stack(0x1aa00000,0x1aa50000)]
  0x1654ec00 JavaThread "Thread-76561" [_thread_blocked, id=6936, stack(0x1a8e0000,0x1a930000)]
  0x1649e800 JavaThread "Thread-76518" [_thread_blocked, id=7948, stack(0x1a7f0000,0x1a840000)]
  0x1654f000 JavaThread "Thread-76475" [_thread_blocked, id=7152, stack(0x1a970000,0x1a9c0000)]
  0x1649e000 JavaThread "Thread-76432" [_thread_blocked, id=6596, stack(0x19d30000,0x19d80000)]
  0x1654e400 JavaThread "Thread-76389" [_thread_blocked, id=4928, stack(0x1a850000,0x1a8a0000)]
  0x16703c00 JavaThread "Thread-76346" [_thread_blocked, id=5332, stack(0x1a6a0000,0x1a6f0000)]
  0x16702000 JavaThread "Thread-76303" [_thread_blocked, id=11780, stack(0x1a600000,0x1a650000)]
  0x16719c00 JavaThread "Thread-76260" [_thread_blocked, id=6112, stack(0x19fd0000,0x1a020000)]
  0x16873400 JavaThread "Thread-76217" [_thread_blocked, id=4144, stack(0x1a6f0000,0x1a740000)]
  0x16712000 JavaThread "Thread-76174" [_thread_blocked, id=4604, stack(0x1a5b0000,0x1a600000)]
  0x16878400 JavaThread "Thread-76131" [_thread_blocked, id=10256, stack(0x1a4f0000,0x1a540000)]
  0x16719000 JavaThread "Thread-76088" [_thread_blocked, id=11384, stack(0x1a560000,0x1a5b0000)]
  0x16878000 JavaThread "Thread-76045" [_thread_blocked, id=5240, stack(0x19e40000,0x19e90000)]
  0x16873000 JavaThread "Thread-76002" [_thread_blocked, id=15920, stack(0x1a2b0000,0x1a300000)]
  0x16872800 JavaThread "Thread-75959" [_thread_blocked, id=14772, stack(0x1a450000,0x1a4a0000)]
  0x16712c00 JavaThread "Thread-75916" [_thread_blocked, id=7624, stack(0x19df0000,0x19e40000)]
  0x16873c00 JavaThread "Thread-75873" [_thread_blocked, id=7024, stack(0x1a200000,0x1a250000)]
  0x16877400 JavaThread "Thread-75830" [_thread_blocked, id=13636, stack(0x1a260000,0x1a2b0000)]
  0x16872000 JavaThread "Thread-75787" [_thread_blocked, id=5572, stack(0x1a180000,0x1a1d0000)]
  0x1671a800 JavaThread "Thread-75744" [_thread_blocked, id=4124, stack(0x19880000,0x198d0000)]
  0x16876c00 JavaThread "Thread-75701" [_thread_blocked, id=16052, stack(0x170f0000,0x17140000)]
  0x03ebf400 JavaThread "Thread-75658" [_thread_blocked, id=14400, stack(0x17160000,0x171b0000)]
  0x03ebe800 JavaThread "Thread-75615" [_thread_blocked, id=8048, stack(0x19b10000,0x19b60000)]
  0x03ebec00 JavaThread "Thread-75572" [_thread_blocked, id=14984, stack(0x19da0000,0x19df0000)]
  0x03ebf800 JavaThread "Thread-75529" [_thread_blocked, id=14708, stack(0x199c0000,0x19a10000)]
  0x03ebe000 JavaThread "Thread-75486" [_thread_blocked, id=15852, stack(0x19a10000,0x19a60000)]
  0x1671e800 JavaThread "Thread-75443" [_thread_blocked, id=15260, stack(0x04850000,0x048a0000)]
  0x1671e400 JavaThread "Thread-75400" [_thread_blocked, id=14160, stack(0x19cb0000,0x19d00000)]
  0x1671d800 JavaThread "Thread-75357" [_thread_blocked, id=12652, stack(0x197a0000,0x197f0000)]
  0x1671a400 JavaThread "Thread-75314" [_thread_blocked, id=15100, stack(0x19c20000,0x19c70000)]
  0x16877800 JavaThread "Thread-75271" [_thread_blocked, id=13644, stack(0x19b90000,0x19be0000)]
  0x1671d000 JavaThread "Thread-75228" [_thread_blocked, id=12496, stack(0x19ab0000,0x19b00000)]
  0x1671dc00 JavaThread "Thread-75185" [_thread_blocked, id=12800, stack(0x19a60000,0x19ab0000)]
  0x16719800 JavaThread "Thread-75133" [_thread_blocked, id=13060, stack(0x19830000,0x19880000)]
  0x0121b400 JavaThread "DestroyJavaVM" [_thread_in_native, id=7212, stack(0x01710000,0x01760000)]
  0x163e7400 JavaThread "Thread-20" [_thread_blocked, id=7552, stack(0x19950000,0x199a0000)]
  0x163e2c00 JavaThread "Thread-6" [_thread_blocked, id=4680, stack(0x18f00000,0x18f50000)]
  0x163ee000 JavaThread "AWT-Windows" daemon [_thread_in_native, id=6344, stack(0x198d0000,0x19920000)]
  0x1640b400 JavaThread "Java2D Disposer" daemon [_thread_blocked, id=6668, stack(0x047b0000,0x04800000)]
=>0x05f01c00 JavaThread "Thread-1" [_thread_in_native, id=5304, stack(0x0fdb0000,0x0fe00000)]
  0x0183d800 JavaThread "Service Thread" daemon [_thread_blocked, id=2948, stack(0x03c20000,0x03c70000)]
  0x01839400 JavaThread "C1 CompilerThread0" daemon [_thread_blocked, id=2308, stack(0x03ca0000,0x03cf0000)]
  0x01838800 JavaThread "Attach Listener" daemon [_thread_blocked, id=1864, stack(0x03bd0000,0x03c20000)]
  0x01836000 JavaThread "Signal Dispatcher" daemon [_thread_blocked, id=7856, stack(0x03a60000,0x03ab0000)]
  0x01814000 JavaThread "Finalizer" daemon [_thread_blocked, id=7364, stack(0x039f0000,0x03a40000)]
  0x01812800 JavaThread "Reference Handler" daemon [_thread_blocked, id=15688, stack(0x03b20000,0x03b70000)]

Other Threads:
  0x01811400 VMThread [stack: 0x039a0000,0x039f0000] [id=6408]
  0x01847c00 WatcherThread [stack: 0x03e60000,0x03eb0000] [id=7688]

VM state:not at safepoint (normal execution)

VM Mutex/Monitor currently owned by a thread: None

Heap
 def new generation   total 78656K, used 68628K [0x23980000, 0x28ed0000, 0x28ed0000)
  eden space 69952K,  96% used [0x23980000, 0x27b796e8, 0x27dd0000)
  from space 8704K,  12% used [0x28650000, 0x2875bc78, 0x28ed0000)
  to   space 8704K,   0% used [0x27dd0000, 0x27dd0000, 0x28650000)
 tenured generation   total 174784K, used 7438K [0x28ed0000, 0x33980000, 0x33980000)
   the space 174784K,   4% used [0x28ed0000, 0x296139f0, 0x29613a00, 0x33980000)
 compacting perm gen  total 12288K, used 2920K [0x33980000, 0x34580000, 0x37980000)
   the space 12288K,  23% used [0x33980000, 0x33c5a1c8, 0x33c5a200, 0x34580000)
    ro space 10240K,  42% used [0x37980000, 0x37dbe580, 0x37dbe600, 0x38380000)
    rw space 12288K,  54% used [0x38380000, 0x389ff128, 0x389ff200, 0x38f80000)

Code Cache  [0x01860000, 0x01a20000, 0x03860000)
 total_blobs=1088 nmethods=806 adapters=217 free_code_cache=30984Kb largest_free_block=31728192

Compilation events (10 events):
Event: 52.212 Thread 0x01839400  798  s          sun.misc.FloatingDecimal$1::initialValue (5 bytes)
Event: 52.212 Thread 0x01839400 nmethod 798 0x01a1d248 code [0x01a1d340, 0x01a1d580]
Event: 53.989 Thread 0x01839400  799             KinectPackage.KinectDataEvent::<init> (15 bytes)
Event: 53.989 Thread 0x01839400 nmethod 799 0x01a1d608 code [0x01a1d700, 0x01a1d790]
Event: 53.989 Thread 0x01839400  800             KinectPackage.KinectDataEvent::setUserId (6 bytes)
Event: 53.989 Thread 0x01839400 nmethod 800 0x01a1d7c8 code [0x01a1d8c0, 0x01a1d940]
Event: 53.989 Thread 0x01839400  801             KinectPackage.KinectDataEvent::setKinectData (6 bytes)
Event: 53.989 Thread 0x01839400 nmethod 801 0x01a1d988 code [0x01a1da80, 0x01a1db10]
Event: 58.183 Thread 0x01839400  802             handlers.KinectSkeletonJointsHandler::kinectUpdate (8 bytes)
Event: 58.183 Thread 0x01839400 nmethod 802 0x01a1db48 code [0x01a1dc50, 0x01a1dd08]

GC Heap History (10 events):
Event: 95.723 GC heap before
{Heap before GC invocations=84 (full 25):
 def new generation   total 78656K, used 71021K [0x23980000, 0x28ed0000, 0x28ed0000)
  eden space 69952K, 100% used [0x23980000, 0x27dd0000, 0x27dd0000)
  from space 8704K,  12% used [0x27dd0000, 0x27edb500, 0x28650000)
  to   space 8704K,   0% used [0x28650000, 0x28650000, 0x28ed0000)
 tenured generation   total 174784K, used 7438K [0x28ed0000, 0x33980000, 0x33980000)
   the space 174784K,   4% used [0x28ed0000, 0x296139d0, 0x29613a00, 0x33980000)
 compacting perm gen  total 12288K, used 2920K [0x33980000, 0x34580000, 0x37980000)
   the space 12288K,  23% used [0x33980000, 0x33c5a1c8, 0x33c5a200, 0x34580000)
    ro space 10240K,  42% used [0x37980000, 0x37dbe580, 0x37dbe600, 0x38380000)
    rw space 12288K,  54% used [0x38380000, 0x389ff128, 0x389ff200, 0x38f80000)
Event: 95.724 GC heap after
Heap after GC invocations=85 (full 25):
 def new generation   total 78656K, used 1068K [0x23980000, 0x28ed0000, 0x28ed0000)
  eden space 69952K,   0% used [0x23980000, 0x23980000, 0x27dd0000)
  from space 8704K,  12% used [0x28650000, 0x2875b188, 0x28ed0000)
  to   space 8704K,   0% used [0x27dd0000, 0x27dd0000, 0x28650000)
 tenured generation   total 174784K, used 7438K [0x28ed0000, 0x33980000, 0x33980000)
   the space 174784K,   4% used [0x28ed0000, 0x296139d0, 0x29613a00, 0x33980000)
 compacting perm gen  total 12288K, used 2920K [0x33980000, 0x34580000, 0x37980000)
   the space 12288K,  23% used [0x33980000, 0x33c5a1c8, 0x33c5a200, 0x34580000)
    ro space 10240K,  42% used [0x37980000, 0x37dbe580, 0x37dbe600, 0x38380000)
    rw space 12288K,  54% used [0x38380000, 0x389ff128, 0x389ff200, 0x38f80000)
}
Event: 97.825 GC heap before
{Heap before GC invocations=85 (full 25):
 def new generation   total 78656K, used 71020K [0x23980000, 0x28ed0000, 0x28ed0000)
  eden space 69952K, 100% used [0x23980000, 0x27dd0000, 0x27dd0000)
  from space 8704K,  12% used [0x28650000, 0x2875b188, 0x28ed0000)
  to   space 8704K,   0% used [0x27dd0000, 0x27dd0000, 0x28650000)
 tenured generation   total 174784K, used 7438K [0x28ed0000, 0x33980000, 0x33980000)
   the space 174784K,   4% used [0x28ed0000, 0x296139d0, 0x29613a00, 0x33980000)
 compacting perm gen  total 12288K, used 2920K [0x33980000, 0x34580000, 0x37980000)
   the space 12288K,  23% used [0x33980000, 0x33c5a1c8, 0x33c5a200, 0x34580000)
    ro space 10240K,  42% used [0x37980000, 0x37dbe580, 0x37dbe600, 0x38380000)
    rw space 12288K,  54% used [0x38380000, 0x389ff128, 0x389ff200, 0x38f80000)
Event: 97.827 GC heap after
Heap after GC invocations=86 (full 25):
 def new generation   total 78656K, used 1063K [0x23980000, 0x28ed0000, 0x28ed0000)
  eden space 69952K,   0% used [0x23980000, 0x23980000, 0x27dd0000)
  from space 8704K,  12% used [0x27dd0000, 0x27ed9f30, 0x28650000)
  to   space 8704K,   0% used [0x28650000, 0x28650000, 0x28ed0000)
 tenured generation   total 174784K, used 7438K [0x28ed0000, 0x33980000, 0x33980000)
   the space 174784K,   4% used [0x28ed0000, 0x296139d0, 0x29613a00, 0x33980000)
 compacting perm gen  total 12288K, used 2920K [0x33980000, 0x34580000, 0x37980000)
   the space 12288K,  23% used [0x33980000, 0x33c5a1c8, 0x33c5a200, 0x34580000)
    ro space 10240K,  42% used [0x37980000, 0x37dbe580, 0x37dbe600, 0x38380000)
    rw space 12288K,  54% used [0x38380000, 0x389ff128, 0x389ff200, 0x38f80000)
}
Event: 99.562 GC heap before
{Heap before GC invocations=86 (full 25):
 def new generation   total 78656K, used 71015K [0x23980000, 0x28ed0000, 0x28ed0000)
  eden space 69952K, 100% used [0x23980000, 0x27dd0000, 0x27dd0000)
  from space 8704K,  12% used [0x27dd0000, 0x27ed9f30, 0x28650000)
  to   space 8704K,   0% used [0x28650000, 0x28650000, 0x28ed0000)
 tenured generation   total 174784K, used 7438K [0x28ed0000, 0x33980000, 0x33980000)
   the space 174784K,   4% used [0x28ed0000, 0x296139d0, 0x29613a00, 0x33980000)
 compacting perm gen  total 12288K, used 2920K [0x33980000, 0x34580000, 0x37980000)
   the space 12288K,  23% used [0x33980000, 0x33c5a1c8, 0x33c5a200, 0x34580000)
    ro space 10240K,  42% used [0x37980000, 0x37dbe580, 0x37dbe600, 0x38380000)
    rw space 12288K,  54% used [0x38380000, 0x389ff128, 0x389ff200, 0x38f80000)
Event: 99.564 GC heap after
Heap after GC invocations=87 (full 25):
 def new generation   total 78656K, used 1064K [0x23980000, 0x28ed0000, 0x28ed0000)
  eden space 69952K,   0% used [0x23980000, 0x23980000, 0x27dd0000)
  from space 8704K,  12% used [0x28650000, 0x2875a200, 0x28ed0000)
  to   space 8704K,   0% used [0x27dd0000, 0x27dd0000, 0x28650000)
 tenured generation   total 174784K, used 7438K [0x28ed0000, 0x33980000, 0x33980000)
   the space 174784K,   4% used [0x28ed0000, 0x296139f0, 0x29613a00, 0x33980000)
 compacting perm gen  total 12288K, used 2920K [0x33980000, 0x34580000, 0x37980000)
   the space 12288K,  23% used [0x33980000, 0x33c5a1c8, 0x33c5a200, 0x34580000)
    ro space 10240K,  42% used [0x37980000, 0x37dbe580, 0x37dbe600, 0x38380000)
    rw space 12288K,  54% used [0x38380000, 0x389ff128, 0x389ff200, 0x38f80000)
}
Event: 100.895 GC heap before
{Heap before GC invocations=87 (full 25):
 def new generation   total 78656K, used 71016K [0x23980000, 0x28ed0000, 0x28ed0000)
  eden space 69952K, 100% used [0x23980000, 0x27dd0000, 0x27dd0000)
  from space 8704K,  12% used [0x28650000, 0x2875a200, 0x28ed0000)
  to   space 8704K,   0% used [0x27dd0000, 0x27dd0000, 0x28650000)
 tenured generation   total 174784K, used 7438K [0x28ed0000, 0x33980000, 0x33980000)
   the space 174784K,   4% used [0x28ed0000, 0x296139f0, 0x29613a00, 0x33980000)
 compacting perm gen  total 12288K, used 2920K [0x33980000, 0x34580000, 0x37980000)
   the space 12288K,  23% used [0x33980000, 0x33c5a1c8, 0x33c5a200, 0x34580000)
    ro space 10240K,  42% used [0x37980000, 0x37dbe580, 0x37dbe600, 0x38380000)
    rw space 12288K,  54% used [0x38380000, 0x389ff128, 0x389ff200, 0x38f80000)
Event: 100.897 GC heap after
Heap after GC invocations=88 (full 25):
 def new generation   total 78656K, used 1062K [0x23980000, 0x28ed0000, 0x28ed0000)
  eden space 69952K,   0% used [0x23980000, 0x23980000, 0x27dd0000)
  from space 8704K,  12% used [0x27dd0000, 0x27ed9980, 0x28650000)
  to   space 8704K,   0% used [0x28650000, 0x28650000, 0x28ed0000)
 tenured generation   total 174784K, used 7438K [0x28ed0000, 0x33980000, 0x33980000)
   the space 174784K,   4% used [0x28ed0000, 0x296139f0, 0x29613a00, 0x33980000)
 compacting perm gen  total 12288K, used 2920K [0x33980000, 0x34580000, 0x37980000)
   the space 12288K,  23% used [0x33980000, 0x33c5a1c8, 0x33c5a200, 0x34580000)
    ro space 10240K,  42% used [0x37980000, 0x37dbe580, 0x37dbe600, 0x38380000)
    rw space 12288K,  54% used [0x38380000, 0x389ff128, 0x389ff200, 0x38f80000)
}
Event: 102.138 GC heap before
{Heap before GC invocations=88 (full 25):
 def new generation   total 78656K, used 71014K [0x23980000, 0x28ed0000, 0x28ed0000)
  eden space 69952K, 100% used [0x23980000, 0x27dd0000, 0x27dd0000)
  from space 8704K,  12% used [0x27dd0000, 0x27ed9980, 0x28650000)
  to   space 8704K,   0% used [0x28650000, 0x28650000, 0x28ed0000)
 tenured generation   total 174784K, used 7438K [0x28ed0000, 0x33980000, 0x33980000)
   the space 174784K,   4% used [0x28ed0000, 0x296139f0, 0x29613a00, 0x33980000)
 compacting perm gen  total 12288K, used 2920K [0x33980000, 0x34580000, 0x37980000)
   the space 12288K,  23% used [0x33980000, 0x33c5a1c8, 0x33c5a200, 0x34580000)
    ro space 10240K,  42% used [0x37980000, 0x37dbe580, 0x37dbe600, 0x38380000)
    rw space 12288K,  54% used [0x38380000, 0x389ff128, 0x389ff200, 0x38f80000)
Event: 102.140 GC heap after
Heap after GC invocations=89 (full 25):
 def new generation   total 78656K, used 1071K [0x23980000, 0x28ed0000, 0x28ed0000)
  eden space 69952K,   0% used [0x23980000, 0x23980000, 0x27dd0000)
  from space 8704K,  12% used [0x28650000, 0x2875bc78, 0x28ed0000)
  to   space 8704K,   0% used [0x27dd0000, 0x27dd0000, 0x28650000)
 tenured generation   total 174784K, used 7438K [0x28ed0000, 0x33980000, 0x33980000)
   the space 174784K,   4% used [0x28ed0000, 0x296139f0, 0x29613a00, 0x33980000)
 compacting perm gen  total 12288K, used 2920K [0x33980000, 0x34580000, 0x37980000)
   the space 12288K,  23% used [0x33980000, 0x33c5a1c8, 0x33c5a200, 0x34580000)
    ro space 10240K,  42% used [0x37980000, 0x37dbe580, 0x37dbe600, 0x38380000)
    rw space 12288K,  54% used [0x38380000, 0x389ff128, 0x389ff200, 0x38f80000)
}

Deoptimization events (0 events):
No events

Internal exceptions (10 events):
Event: 47.594 Thread 0x163e7400 Threw 0x27ad5d40 at C:\jdk7u5_32P\jdk7u5\hotspot\src\share\vm\prims\jvm.cpp:1166
Event: 47.594 Thread 0x163e7400 Threw 0x27ad7d60 at C:\jdk7u5_32P\jdk7u5\hotspot\src\share\vm\prims\jvm.cpp:1166
Event: 47.594 Thread 0x163e7400 Threw 0x27ad9dc0 at C:\jdk7u5_32P\jdk7u5\hotspot\src\share\vm\prims\jvm.cpp:1166
Event: 47.594 Thread 0x163e7400 Threw 0x27adbee8 at C:\jdk7u5_32P\jdk7u5\hotspot\src\share\vm\prims\jvm.cpp:1166
Event: 50.038 Thread 0x163e2800 Threw 0x260aa468 at C:\jdk7u5_32P\jdk7u5\hotspot\src\share\vm\prims\jni.cpp:741
Event: 50.039 Thread 0x163e2800 Threw 0x260aa5a8 at C:\jdk7u5_32P\jdk7u5\hotspot\src\share\vm\prims\jni.cpp:741
Event: 50.041 Thread 0x163e2800 Implicit null exception at 0x019ecd8a to 0x019f2d07
Event: 50.041 Thread 0x163e2800 Threw 0x260acea0 at C:\jdk7u5_32P\jdk7u5\hotspot\src\share\vm\runtime\sharedRuntime.cpp:613
Event: 76.673 Thread 0x05f01c00 Threw 0x26b8b8c0 at C:\jdk7u5_32P\jdk7u5\hotspot\src\share\vm\prims\jvm.cpp:1166
Event: 76.673 Thread 0x05f01c00 Threw 0x26b8dac8 at C:\jdk7u5_32P\jdk7u5\hotspot\src\share\vm\prims\jvm.cpp:1166

Events (10 events):
Event: 103.273 Thread 0x16747800 Thread exited: 0x16747800
Event: 103.273 Thread 0x16747000 Thread exited: 0x16747000
Event: 103.273 Thread 0x166e2000 Thread added: 0x166e2000
Event: 103.273 Thread 0x166e2400 Thread added: 0x166e2400
Event: 103.274 Thread 0x166e3000 Thread added: 0x166e3000
Event: 103.274 Thread 0x166e3800 Thread exited: 0x166e3800
Event: 103.274 Thread 0x16396c00 Thread exited: 0x16396c00
Event: 103.274 Thread 0x166e2400 Thread exited: 0x166e2400
Event: 103.274 Thread 0x166e2000 Thread exited: 0x166e2000
Event: 103.274 Thread 0x166e3000 Thread exited: 0x166e3000


Dynamic libraries:
0x00110000 - 0x0013f000 	C:\Windows\system32\java.exe
0x77b50000 - 0x77c8c000 	C:\Windows\SYSTEM32\ntdll.dll
0x77810000 - 0x778e4000 	C:\Windows\system32\kernel32.dll
0x75d90000 - 0x75dda000 	C:\Windows\system32\KERNELBASE.dll
0x778f0000 - 0x77990000 	C:\Windows\system32\ADVAPI32.dll
0x769f0000 - 0x76a9c000 	C:\Windows\system32\msvcrt.dll
0x75fe0000 - 0x75ff9000 	C:\Windows\SYSTEM32\sechost.dll
0x76140000 - 0x761e1000 	C:\Windows\system32\RPCRT4.dll
0x76290000 - 0x76359000 	C:\Windows\system32\USER32.dll
0x76070000 - 0x760be000 	C:\Windows\system32\GDI32.dll
0x76360000 - 0x7636a000 	C:\Windows\system32\LPK.dll
0x761f0000 - 0x7628d000 	C:\Windows\system32\USP10.dll
0x74c20000 - 0x74dbe000 	C:\Windows\WinSxS\x86_microsoft.windows.common-controls_6595b64144ccf1df_6.0.7601.17514_none_41e6975e2bd6f2b2\COMCTL32.dll
0x76000000 - 0x76057000 	C:\Windows\system32\SHLWAPI.dll
0x77c90000 - 0x77caf000 	C:\Windows\system32\IMM32.DLL
0x76580000 - 0x7664c000 	C:\Windows\system32\MSCTF.dll
0x648c0000 - 0x6497e000 	C:\Program Files\Java\jre7\bin\msvcr100.dll
0x625e0000 - 0x6292a000 	C:\Program Files\Java\jre7\bin\client\jvm.dll
0x6bdc0000 - 0x6bdc7000 	C:\Windows\system32\WSOCK32.dll
0x769b0000 - 0x769e5000 	C:\Windows\system32\WS2_32.dll
0x76570000 - 0x76576000 	C:\Windows\system32\NSI.dll
0x74170000 - 0x741a2000 	C:\Windows\system32\WINMM.dll
0x77cb0000 - 0x77cb5000 	C:\Windows\system32\PSAPI.DLL
0x71cd0000 - 0x71cdc000 	C:\Program Files\Java\jre7\bin\verify.dll
0x71a10000 - 0x71a30000 	C:\Program Files\Java\jre7\bin\java.dll
0x71a50000 - 0x71a63000 	C:\Program Files\Java\jre7\bin\zip.dll
0x700b0000 - 0x700c4000 	C:\Program Files\Java\jre7\bin\net.dll
0x757f0000 - 0x7582c000 	C:\Windows\system32\mswsock.dll
0x75910000 - 0x75916000 	C:\Windows\System32\wship6.dll
0x10000000 - 0x1000c000 	C:\Windows\System32\LibusbJava.dll
0x70f20000 - 0x70f31000 	C:\Windows\system32\libusb0.dll
0x763d0000 - 0x7656d000 	C:\Windows\system32\SETUPAPI.dll
0x75f90000 - 0x75fb7000 	C:\Windows\system32\CFGMGR32.dll
0x767b0000 - 0x7683f000 	C:\Windows\system32\OLEAUT32.dll
0x76650000 - 0x767ac000 	C:\Windows\system32\ole32.dll
0x75fc0000 - 0x75fd2000 	C:\Windows\system32\DEVOBJ.dll
0x6dac0000 - 0x6dade000 	C:\Program Files\OpenNI\Bin\OpenNI.jni.dll
0x6d9e0000 - 0x6da30000 	C:\Program Files\OpenNI\Bin\OpenNI.dll
0x76bc0000 - 0x7780a000 	C:\Windows\system32\SHELL32.dll
0x6db00000 - 0x6db18000 	C:\Program Files\OpenNI\bin\nimRecorder.dll
0x6d6f0000 - 0x6d70a000 	C:\Program Files\OpenNI\bin\nimMockNodes.dll
0x6d6a0000 - 0x6d6e9000 	C:\Program Files\OpenNI\bin\nimCodecs.dll
0x6be00000 - 0x6be20000 	C:\Program Files\PrimeSense\SensorKinect\Bin\XnDeviceFile.dll
0x72170000 - 0x7217b000 	C:\Program Files\PrimeSense\SensorKinect\Bin\XnCore.dll
0x64a90000 - 0x64b33000 	C:\Windows\WinSxS\x86_microsoft.vc90.crt_1fc8b3b9a1e18e3b_9.0.30729.6161_none_50934f2ebcb7eb57\MSVCR90.dll
0x643b0000 - 0x643e8000 	C:\Program Files\PrimeSense\SensorKinect\Bin\XnDDK.dll
0x64b80000 - 0x64bc4000 	C:\Program Files\PrimeSense\SensorKinect\Bin\XnFormats.dll
0x64360000 - 0x643af000 	C:\Program Files\PrimeSense\SensorKinect\Bin\XnDeviceSensorV2KM.dll
0x63ab0000 - 0x63d48000 	C:\Program Files\PrimeSense\NITE\Features_1_3_0\Bin\XnVFeatures_1_3_0.dll
0x63a20000 - 0x63aae000 	C:\Windows\WinSxS\x86_microsoft.vc90.crt_1fc8b3b9a1e18e3b_9.0.30729.6161_none_50934f2ebcb7eb57\MSVCP90.dll
0x60e00000 - 0x6104f000 	C:\Program Files\PrimeSense\NITE\Features_1_3_1\Bin\XnVFeatures_1_3_1.dll
0x61080000 - 0x61299000 	C:\Program Files\PrimeSense\NITE\Features_1_4_1\Bin\XnVFeatures_1_4_1.dll
0x5f500000 - 0x5f716000 	C:\Program Files\PrimeSense\NITE\Features_1_4_2\Bin\XnVFeatures_1_4_2.dll
0x5d750000 - 0x5da57000 	C:\Program Files\PrimeSense\NITE\Features_1_5_2\Bin\XnVFeatures_1_5_2.dll
0x63940000 - 0x63a17000 	C:\Program Files\PrimeSense\NITE\Hands_1_3_0\Bin\XnVHandGenerator_1_3_0.dll
0x63070000 - 0x6314c000 	C:\Program Files\PrimeSense\NITE\Hands_1_3_1\Bin\XnVHandGenerator_1_3_1.dll
0x62f90000 - 0x6306d000 	C:\Program Files\PrimeSense\NITE\Hands_1_4_1\Bin\XnVHandGenerator_1_4_1.dll
0x62df0000 - 0x62ecd000 	C:\Program Files\PrimeSense\NITE\Hands_1_4_2\Bin\XnVHandGenerator_1_4_2.dll
0x624f0000 - 0x625dc000 	C:\Program Files\PrimeSense\NITE\Hands_1_5_2\Bin\XnVHandGenerator_1_5_2.dll
0x74ac0000 - 0x74b00000 	C:\Windows\system32\uxtheme.dll
0x75d60000 - 0x75d8d000 	C:\Windows\system32\WINTRUST.dll
0x75de0000 - 0x75efe000 	C:\Windows\system32\CRYPT32.dll
0x75d50000 - 0x75d5c000 	C:\Windows\system32\MSASN1.dll
0x75c10000 - 0x75c5c000 	C:\Windows\system32\apphelp.dll
0x752d0000 - 0x752d5000 	C:\Windows\System32\wshtcpip.dll
0x03e30000 - 0x03e3e000 	C:\Windows\System32\j3dcore-ogl-chk.dll
0x62d20000 - 0x62de8000 	C:\Windows\system32\OPENGL32.dll
0x64d80000 - 0x64da2000 	C:\Windows\system32\GLU32.dll
0x6be40000 - 0x6bf27000 	C:\Windows\system32\DDRAW.dll
0x708e0000 - 0x708e6000 	C:\Windows\system32\DCIMAN32.dll
0x74a50000 - 0x74a63000 	C:\Windows\system32\dwmapi.dll
0x708a0000 - 0x708a7000 	C:\Windows\system32\atiglpxx.dll
0x69030000 - 0x6a380000 	C:\Windows\system32\atioglxx.dll
0x751c0000 - 0x751c9000 	C:\Windows\system32\VERSION.dll
0x6f2f0000 - 0x6f3d4000 	C:\Windows\system32\aticfx32.dll
0x73f40000 - 0x73fa1000 	C:\Windows\system32\atiadlxx.dll
0x75340000 - 0x75357000 	C:\Windows\system32\USERENV.dll
0x75ce0000 - 0x75ceb000 	C:\Windows\system32\profapi.dll
0x752c0000 - 0x752cd000 	C:\Windows\system32\WTSAPI32.dll
0x700a0000 - 0x700ab000 	C:\Windows\system32\atigktxx.dll
0x60310000 - 0x60452000 	C:\Program Files\Java\jre7\bin\awt.dll
0x75c60000 - 0x75c6c000 	C:\Windows\system32\CRYPTBASE.dll
0x71a00000 - 0x71a06000 	C:\Program Files\Java\jre7\bin\jawt.dll
0x044a0000 - 0x044c9000 	C:\Windows\System32\j3dcore-ogl.dll
0x6f570000 - 0x6f65b000 	C:\Windows\system32\dbghelp.dll

VM Arguments:
jvm_args: -Djava 
java_command: SANDRAExecutable.jar 193.156.105.142 7540 kinectJoints gameControl
Launcher Type: SUN_STANDARD

Environment Variables:
CLASSPATH=C:\Program Files\OpenNI\Bin\org.OpenNI.jar
PATH=C:\Program Files\Intel\iCLS Client\;C:\Program Files\AMD APP\bin\x86;C:\Windows\system32;C:\Windows;C:\Windows\System32\Wbem;C:\Windows\System32\WindowsPowerShell\v1.0\;C:\Program Files\ATI Technologies\ATI.ACE\Core-Static;C:\Users\norut\AppData\Roaming\npm;C:\Program Files\nodejs\;C:\Program Files\Intel\Intel(R) Management Engine Components\DAL;C:\Program Files\Intel\Intel(R) Management Engine Components\IPT;C:\Program Files\OpenNI\Bin;C:\Program Files\PrimeSense\NITE\bin;C:\Program Files\AMD APP\bin\x86;C:\Windows\system32;C:\Windows;C:\Windows\System32\Wbem;C:\Windows\System32\WindowsPowerShell\v1.0\;C:\Program Files\ATI Technologies\ATI.ACE\Core-Static;C:\Program Files\nodejs
USERNAME=norut
OS=Windows_NT
PROCESSOR_IDENTIFIER=x86 Family 6 Model 58 Stepping 9, GenuineIntel



---------------  S Y S T E M  ---------------

OS: Windows 7 Build 7601 Service Pack 1

CPU:total 4 (4 cores per cpu, 1 threads per core) family 6 model 58 stepping 9, cmov, cx8, fxsr, mmx, sse, sse2, sse3, ssse3, sse4.1, sse4.2, popcnt, avx, tsc, tscinvbit, tscinv

Memory: 4k page, physical 3638896k(1600332k free), swap 6774372k(4395476k free)

vm_info: Java HotSpot(TM) Client VM (23.1-b03) for windows-x86 JRE (1.7.0_05-b05), built on May 15 2012 18:11:27 by "java_re" with unknown MS VC++:1600

time: Tue Jul 24 18:58:25 2012
elapsed time: 103 seconds

