#
# A fatal error has been detected by the Java Runtime Environment:
#
#  EXCEPTION_ACCESS_VIOLATION (0xc0000005) at pc=0x6dac6c8b, pid=1904, tid=5720
#
# JRE version: 7.0_05-b05
# Java VM: Java HotSpot(TM) Client VM (23.1-b03 mixed mode, sharing windows-x86 )
# Problematic frame:
# C  [OpenNI.jni.dll+0x6c8b]  Java_org_OpenNI_NativeMethods_xnUnregisterUserCallbacks+0x1b
#
# Failed to write core dump. Minidumps are not enabled by default on client versions of Windows
#
# If you would like to submit a bug report, please visit:
#   http://bugreport.sun.com/bugreport/crash.jsp
# The crash happened outside the Java Virtual Machine in native code.
# See problematic frame for where to report the bug.
#

---------------  T H R E A D  ---------------

Current thread (0x00c5d800):  JavaThread "Thread-1" [_thread_in_native, id=5720, stack(0x0fe20000,0x0fe70000)]

siginfo: ExceptionCode=0xc0000005, reading address 0x72656bbb

Registers:
EAX=0x0028b528, EBX=0x33a4eae8, ECX=0x00c4271c, EDX=0x72656b63
ESP=0x0fe6f180, EBP=0x0fe6f1d4, ESI=0x05d29688, EDI=0x00c5d800
EIP=0x6dac6c8b, EFLAGS=0x00010206

Top of Stack: (sp=0x0fe6f180)
0x0fe6f180:   05d05e60 05d296c8 33a4eae8 01c3a707
0x0fe6f190:   00c5d928 0fe6f1dc 05d05e60 00000000
0x0fe6f1a0:   05d29688 00000000 0fe6f1f8 00c6cf7c
0x0fe6f1b0:   00c6cf7c 0fe6f1b4 00000000 0fe6f1f0
0x0fe6f1c0:   33a528e0 00000000 33a4eae8 00000000
0x0fe6f1d0:   0fe6f1e4 0fe6f214 01c332c7 28f9c0c0
0x0fe6f1e0:   01c38989 05d29688 00000000 05d05e60
0x0fe6f1f0:   00000000 0fe6f1f4 33a597f8 0fe6f224 

Instructions: (pc=0x6dac6c8b)
0x6dac6c6b:   cc cc cc cc cc 8b 4c 24 0c 56 8b 74 24 18 8b 46
0x6dac6c7b:   10 50 51 ff 15 64 b4 ac 6d 8b 06 8b 4e 08 8b 10
0x6dac6c8b:   8b 52 58 83 c4 08 51 50 ff d2 56 ff 15 84 b0 ac
0x6dac6c9b:   6d 83 c4 04 5e c2 18 00 cc cc cc cc cc cc cc cc 


Register to memory mapping:

EAX=0x0028b528 is an unknown value
EBX=0x33a4eae8 is an oop
{method} 
 - klass: {other class}
ECX=0x00c4271c is a global jni handle
EDX=0x72656b63 is an unknown value
ESP=0x0fe6f180 is pointing into the stack for thread: 0x00c5d800
EBP=0x0fe6f1d4 is pointing into the stack for thread: 0x00c5d800
ESI=0x05d29688 is an unknown value
EDI=0x00c5d800 is a thread


Stack: [0x0fe20000,0x0fe70000],  sp=0x0fe6f180,  free space=316k
Native frames: (J=compiled Java code, j=interpreted, Vv=VM code, C=native code)
C  [OpenNI.jni.dll+0x6c8b]  Java_org_OpenNI_NativeMethods_xnUnregisterUserCallbacks+0x1b
j  org.OpenNI.UserGenerator$2.unregisterNative(J)V+8
j  org.OpenNI.Observable.deleteObserver(Lorg/OpenNI/IObserver;)V+24
j  KinectPackage.SkeletonManager.reset()V+27
j  KinectPackage.SkeletonManager.access$8(LKinectPackage/SkeletonManager;)V+1
j  KinectPackage.SkeletonManager$LostUserObserver.update(Lorg/OpenNI/IObservable;Lorg/OpenNI/UserEventArgs;)V+183
j  KinectPackage.SkeletonManager$LostUserObserver.update(Lorg/OpenNI/IObservable;Ljava/lang/Object;)V+9
j  org.OpenNI.Observable.notify(Ljava/lang/Object;)V+30
j  org.OpenNI.UserGenerator$2.callback(I)V+9
v  ~StubRoutines::call_stub
V  [jvm.dll+0x12964a]
V  [jvm.dll+0x1d851e]
V  [jvm.dll+0x1296cd]
V  [jvm.dll+0xae4da]
V  [jvm.dll+0xb1d93]
C  [OpenNI.jni.dll+0x10ea]  JNI_OnUnload+0x6a
C  [XnVFeatures_1_5_2.dll+0x959a8]  xnModuleGetOpenNIVersion+0x57988
C  [XnVFeatures_1_5_2.dll+0x7b5d8]  xnModuleGetOpenNIVersion+0x3d5b8
C  [XnVFeatures_1_5_2.dll+0xb1538]  xnModuleGetOpenNIVersion+0x73518
C  [XnVFeatures_1_5_2.dll+0x95266]  xnModuleGetOpenNIVersion+0x57246
C  [OpenNI.jni.dll+0x2eab]  Java_org_OpenNI_NativeMethods_xnWaitAnyUpdateAll+0xb
J  org.OpenNI.Context.waitAnyUpdateAll()V
j  java.lang.Thread.run()V+11
v  ~StubRoutines::call_stub
V  [jvm.dll+0x12964a]
V  [jvm.dll+0x1d851e]
V  [jvm.dll+0x129833]
V  [jvm.dll+0x129897]
V  [jvm.dll+0xd24af]
V  [jvm.dll+0x149977]
V  [jvm.dll+0x149ae0]
V  [jvm.dll+0x17e049]
C  [msvcr100.dll+0x5c6de]  endthreadex+0x3a
C  [msvcr100.dll+0x5c788]  endthreadex+0xe4
C  [kernel32.dll+0x4ed6c]  BaseThreadInitThunk+0x12
C  [ntdll.dll+0x6377b]  RtlInitializeExceptionChain+0xef
C  [ntdll.dll+0x6374e]  RtlInitializeExceptionChain+0xc2

Java frames: (J=compiled Java code, j=interpreted, Vv=VM code)
j  org.OpenNI.NativeMethods.xnUnregisterUserCallbacks(JJ)V+0
j  org.OpenNI.UserGenerator$2.unregisterNative(J)V+8
j  org.OpenNI.Observable.deleteObserver(Lorg/OpenNI/IObserver;)V+24
j  KinectPackage.SkeletonManager.reset()V+27
j  KinectPackage.SkeletonManager.access$8(LKinectPackage/SkeletonManager;)V+1
j  KinectPackage.SkeletonManager$LostUserObserver.update(Lorg/OpenNI/IObservable;Lorg/OpenNI/UserEventArgs;)V+183
j  KinectPackage.SkeletonManager$LostUserObserver.update(Lorg/OpenNI/IObservable;Ljava/lang/Object;)V+9
j  org.OpenNI.Observable.notify(Ljava/lang/Object;)V+30
j  org.OpenNI.UserGenerator$2.callback(I)V+9
v  ~StubRoutines::call_stub
J  org.OpenNI.NativeMethods.xnWaitAnyUpdateAll(J)I
J  org.OpenNI.Context.waitAnyUpdateAll()V
j  KinectPackage.KinectManager.run()V+12
j  java.lang.Thread.run()V+11
v  ~StubRoutines::call_stub

---------------  P R O C E S S  ---------------

Java Threads: ( => current thread )
  0x00c60400 JavaThread "DestroyJavaVM" [_thread_blocked, id=2948, stack(0x00540000,0x00590000)]
  0x00c5fc00 JavaThread "Thread-20" [_thread_in_Java, id=5580, stack(0x17f20000,0x17f70000)]
  0x00c5f800 JavaThread "Thread-6" [_thread_in_Java, id=5112, stack(0x1a960000,0x1a9b0000)]
  0x00c5f000 JavaThread "Thread-5" [_thread_in_native, id=4856, stack(0x0fdd0000,0x0fe20000)]
  0x00c5ec00 JavaThread "AWT-Windows" daemon [_thread_in_native, id=5828, stack(0x19fe0000,0x1a030000)]
  0x00c5e000 JavaThread "Java2D Disposer" daemon [_thread_blocked, id=5860, stack(0x180f0000,0x18140000)]
=>0x00c5d800 JavaThread "Thread-1" [_thread_in_native, id=5720, stack(0x0fe20000,0x0fe70000)]
  0x00c5d000 JavaThread "Service Thread" daemon [_thread_blocked, id=3016, stack(0x03e40000,0x03e90000)]
  0x00c66000 JavaThread "C1 CompilerThread0" daemon [_thread_blocked, id=5656, stack(0x00fb0000,0x01000000)]
  0x00c5cc00 JavaThread "Attach Listener" daemon [_thread_blocked, id=1908, stack(0x03cc0000,0x03d10000)]
  0x00c5c400 JavaThread "Signal Dispatcher" daemon [_thread_blocked, id=2196, stack(0x03c70000,0x03cc0000)]
  0x00c44400 JavaThread "Finalizer" daemon [_thread_blocked, id=4636, stack(0x00ec0000,0x00f10000)]
  0x00c42800 JavaThread "Reference Handler" daemon [_thread_blocked, id=3964, stack(0x00f40000,0x00f90000)]

Other Threads:
  0x00c41400 VMThread [stack: 0x00e70000,0x00ec0000] [id=5636]
  0x00c7dc00 WatcherThread [stack: 0x03ea0000,0x03ef0000] [id=3640]

VM state:not at safepoint (normal execution)

VM Mutex/Monitor currently owned by a thread: None

Heap
 def new generation   total 78656K, used 49051K [0x23980000, 0x28ed0000, 0x28ed0000)
  eden space 69952K,  70% used [0x23980000, 0x26965010, 0x27dd0000)
  from space 8704K,   0% used [0x28650000, 0x28651e58, 0x28ed0000)
  to   space 8704K,   0% used [0x27dd0000, 0x27dd0000, 0x28650000)
 tenured generation   total 174784K, used 118375K [0x28ed0000, 0x33980000, 0x33980000)
   the space 174784K,  67% used [0x28ed0000, 0x30269cd8, 0x30269e00, 0x33980000)
 compacting perm gen  total 12288K, used 2925K [0x33980000, 0x34580000, 0x37980000)
   the space 12288K,  23% used [0x33980000, 0x33c5b680, 0x33c5b800, 0x34580000)
    ro space 10240K,  42% used [0x37980000, 0x37dbe580, 0x37dbe600, 0x38380000)
    rw space 12288K,  54% used [0x38380000, 0x389ff128, 0x389ff200, 0x38f80000)

Code Cache  [0x01c30000, 0x01df0000, 0x03c30000)
 total_blobs=1088 nmethods=806 adapters=217 free_code_cache=30980Kb largest_free_block=31724416

Compilation events (10 events):
Event: 47.630 Thread 0x00c66000  797             java.lang.ThreadLocal$ThreadLocalMap::<init> (53 bytes)
Event: 47.630 Thread 0x00c66000 nmethod 797 0x01dedcc8 code [0x01dedde0, 0x01dee02c]
Event: 50.118 Thread 0x00c66000  798  s          sun.misc.FloatingDecimal$1::initialValue (5 bytes)
Event: 50.118 Thread 0x00c66000 nmethod 798 0x01dee1c8 code [0x01dee2c0, 0x01dee500]
Event: 61.397 Thread 0x00c66000  799             java.lang.ThreadLocal::initialValue (2 bytes)
Event: 61.397 Thread 0x00c66000 nmethod 799 0x01dee588 code [0x01dee680, 0x01dee700]
Event: 61.403 Thread 0x00c66000  800             java.lang.ThreadLocal::createMap (14 bytes)
Event: 61.403 Thread 0x00c66000 nmethod 800 0x01dee748 code [0x01dee850, 0x01dee94c]
Event: 83.670 Thread 0x00c66000    6 %           control.SharedSocket::run @ 0 (7 bytes)
Event: 83.670 Thread 0x00c66000 nmethod 6% 0x01deea08 code [0x01deeb10, 0x01deebcc]

GC Heap History (10 events):
Event: 110.290 GC heap before
{Heap before GC invocations=825 (full 27):
 def new generation   total 78656K, used 69961K [0x23980000, 0x28ed0000, 0x28ed0000)
  eden space 69952K, 100% used [0x23980000, 0x27dd0000, 0x27dd0000)
  from space 8704K,   0% used [0x28650000, 0x286527b8, 0x28ed0000)
  to   space 8704K,   0% used [0x27dd0000, 0x27dd0000, 0x28650000)
 tenured generation   total 174784K, used 118375K [0x28ed0000, 0x33980000, 0x33980000)
   the space 174784K,  67% used [0x28ed0000, 0x30269cd8, 0x30269e00, 0x33980000)
 compacting perm gen  total 12288K, used 2923K [0x33980000, 0x34580000, 0x37980000)
   the space 12288K,  23% used [0x33980000, 0x33c5ad50, 0x33c5ae00, 0x34580000)
    ro space 10240K,  42% used [0x37980000, 0x37dbe580, 0x37dbe600, 0x38380000)
    rw space 12288K,  54% used [0x38380000, 0x389ff128, 0x389ff200, 0x38f80000)
Event: 110.290 GC heap after
Heap after GC invocations=826 (full 27):
 def new generation   total 78656K, used 7K [0x23980000, 0x28ed0000, 0x28ed0000)
  eden space 69952K,   0% used [0x23980000, 0x23980000, 0x27dd0000)
  from space 8704K,   0% used [0x27dd0000, 0x27dd1e80, 0x28650000)
  to   space 8704K,   0% used [0x28650000, 0x28650000, 0x28ed0000)
 tenured generation   total 174784K, used 118375K [0x28ed0000, 0x33980000, 0x33980000)
   the space 174784K,  67% used [0x28ed0000, 0x30269cd8, 0x30269e00, 0x33980000)
 compacting perm gen  total 12288K, used 2923K [0x33980000, 0x34580000, 0x37980000)
   the space 12288K,  23% used [0x33980000, 0x33c5ad50, 0x33c5ae00, 0x34580000)
    ro space 10240K,  42% used [0x37980000, 0x37dbe580, 0x37dbe600, 0x38380000)
    rw space 12288K,  54% used [0x38380000, 0x389ff128, 0x389ff200, 0x38f80000)
}
Event: 110.317 GC heap before
{Heap before GC invocations=826 (full 27):
 def new generation   total 78656K, used 69959K [0x23980000, 0x28ed0000, 0x28ed0000)
  eden space 69952K, 100% used [0x23980000, 0x27dd0000, 0x27dd0000)
  from space 8704K,   0% used [0x27dd0000, 0x27dd1e80, 0x28650000)
  to   space 8704K,   0% used [0x28650000, 0x28650000, 0x28ed0000)
 tenured generation   total 174784K, used 118375K [0x28ed0000, 0x33980000, 0x33980000)
   the space 174784K,  67% used [0x28ed0000, 0x30269cd8, 0x30269e00, 0x33980000)
 compacting perm gen  total 12288K, used 2923K [0x33980000, 0x34580000, 0x37980000)
   the space 12288K,  23% used [0x33980000, 0x33c5ad50, 0x33c5ae00, 0x34580000)
    ro space 10240K,  42% used [0x37980000, 0x37dbe580, 0x37dbe600, 0x38380000)
    rw space 12288K,  54% used [0x38380000, 0x389ff128, 0x389ff200, 0x38f80000)
Event: 110.318 GC heap after
Heap after GC invocations=827 (full 27):
 def new generation   total 78656K, used 3K [0x23980000, 0x28ed0000, 0x28ed0000)
  eden space 69952K,   0% used [0x23980000, 0x23980000, 0x27dd0000)
  from space 8704K,   0% used [0x28650000, 0x28650ef0, 0x28ed0000)
  to   space 8704K,   0% used [0x27dd0000, 0x27dd0000, 0x28650000)
 tenured generation   total 174784K, used 118375K [0x28ed0000, 0x33980000, 0x33980000)
   the space 174784K,  67% used [0x28ed0000, 0x30269cd8, 0x30269e00, 0x33980000)
 compacting perm gen  total 12288K, used 2923K [0x33980000, 0x34580000, 0x37980000)
   the space 12288K,  23% used [0x33980000, 0x33c5ad50, 0x33c5ae00, 0x34580000)
    ro space 10240K,  42% used [0x37980000, 0x37dbe580, 0x37dbe600, 0x38380000)
    rw space 12288K,  54% used [0x38380000, 0x389ff128, 0x389ff200, 0x38f80000)
}
Event: 110.344 GC heap before
{Heap before GC invocations=827 (full 27):
 def new generation   total 78656K, used 69955K [0x23980000, 0x28ed0000, 0x28ed0000)
  eden space 69952K, 100% used [0x23980000, 0x27dd0000, 0x27dd0000)
  from space 8704K,   0% used [0x28650000, 0x28650ef0, 0x28ed0000)
  to   space 8704K,   0% used [0x27dd0000, 0x27dd0000, 0x28650000)
 tenured generation   total 174784K, used 118375K [0x28ed0000, 0x33980000, 0x33980000)
   the space 174784K,  67% used [0x28ed0000, 0x30269cd8, 0x30269e00, 0x33980000)
 compacting perm gen  total 12288K, used 2923K [0x33980000, 0x34580000, 0x37980000)
   the space 12288K,  23% used [0x33980000, 0x33c5ad50, 0x33c5ae00, 0x34580000)
    ro space 10240K,  42% used [0x37980000, 0x37dbe580, 0x37dbe600, 0x38380000)
    rw space 12288K,  54% used [0x38380000, 0x389ff128, 0x389ff200, 0x38f80000)
Event: 110.345 GC heap after
Heap after GC invocations=828 (full 27):
 def new generation   total 78656K, used 3K [0x23980000, 0x28ed0000, 0x28ed0000)
  eden space 69952K,   0% used [0x23980000, 0x23980000, 0x27dd0000)
  from space 8704K,   0% used [0x27dd0000, 0x27dd0c88, 0x28650000)
  to   space 8704K,   0% used [0x28650000, 0x28650000, 0x28ed0000)
 tenured generation   total 174784K, used 118375K [0x28ed0000, 0x33980000, 0x33980000)
   the space 174784K,  67% used [0x28ed0000, 0x30269cd8, 0x30269e00, 0x33980000)
 compacting perm gen  total 12288K, used 2923K [0x33980000, 0x34580000, 0x37980000)
   the space 12288K,  23% used [0x33980000, 0x33c5ad50, 0x33c5ae00, 0x34580000)
    ro space 10240K,  42% used [0x37980000, 0x37dbe580, 0x37dbe600, 0x38380000)
    rw space 12288K,  54% used [0x38380000, 0x389ff128, 0x389ff200, 0x38f80000)
}
Event: 110.372 GC heap before
{Heap before GC invocations=828 (full 27):
 def new generation   total 78656K, used 69955K [0x23980000, 0x28ed0000, 0x28ed0000)
  eden space 69952K, 100% used [0x23980000, 0x27dd0000, 0x27dd0000)
  from space 8704K,   0% used [0x27dd0000, 0x27dd0c88, 0x28650000)
  to   space 8704K,   0% used [0x28650000, 0x28650000, 0x28ed0000)
 tenured generation   total 174784K, used 118375K [0x28ed0000, 0x33980000, 0x33980000)
   the space 174784K,  67% used [0x28ed0000, 0x30269cd8, 0x30269e00, 0x33980000)
 compacting perm gen  total 12288K, used 2923K [0x33980000, 0x34580000, 0x37980000)
   the space 12288K,  23% used [0x33980000, 0x33c5ad50, 0x33c5ae00, 0x34580000)
    ro space 10240K,  42% used [0x37980000, 0x37dbe580, 0x37dbe600, 0x38380000)
    rw space 12288K,  54% used [0x38380000, 0x389ff128, 0x389ff200, 0x38f80000)
Event: 110.372 GC heap after
Heap after GC invocations=829 (full 27):
 def new generation   total 78656K, used 3K [0x23980000, 0x28ed0000, 0x28ed0000)
  eden space 69952K,   0% used [0x23980000, 0x23980000, 0x27dd0000)
  from space 8704K,   0% used [0x28650000, 0x28650d50, 0x28ed0000)
  to   space 8704K,   0% used [0x27dd0000, 0x27dd0000, 0x28650000)
 tenured generation   total 174784K, used 118375K [0x28ed0000, 0x33980000, 0x33980000)
   the space 174784K,  67% used [0x28ed0000, 0x30269cd8, 0x30269e00, 0x33980000)
 compacting perm gen  total 12288K, used 2923K [0x33980000, 0x34580000, 0x37980000)
   the space 12288K,  23% used [0x33980000, 0x33c5ad50, 0x33c5ae00, 0x34580000)
    ro space 10240K,  42% used [0x37980000, 0x37dbe580, 0x37dbe600, 0x38380000)
    rw space 12288K,  54% used [0x38380000, 0x389ff128, 0x389ff200, 0x38f80000)
}
Event: 110.399 GC heap before
{Heap before GC invocations=829 (full 27):
 def new generation   total 78656K, used 69955K [0x23980000, 0x28ed0000, 0x28ed0000)
  eden space 69952K, 100% used [0x23980000, 0x27dd0000, 0x27dd0000)
  from space 8704K,   0% used [0x28650000, 0x28650d50, 0x28ed0000)
  to   space 8704K,   0% used [0x27dd0000, 0x27dd0000, 0x28650000)
 tenured generation   total 174784K, used 118375K [0x28ed0000, 0x33980000, 0x33980000)
   the space 174784K,  67% used [0x28ed0000, 0x30269cd8, 0x30269e00, 0x33980000)
 compacting perm gen  total 12288K, used 2923K [0x33980000, 0x34580000, 0x37980000)
   the space 12288K,  23% used [0x33980000, 0x33c5ad50, 0x33c5ae00, 0x34580000)
    ro space 10240K,  42% used [0x37980000, 0x37dbe580, 0x37dbe600, 0x38380000)
    rw space 12288K,  54% used [0x38380000, 0x389ff128, 0x389ff200, 0x38f80000)
Event: 110.400 GC heap after
Heap after GC invocations=830 (full 27):
 def new generation   total 78656K, used 10K [0x23980000, 0x28ed0000, 0x28ed0000)
  eden space 69952K,   0% used [0x23980000, 0x23980000, 0x27dd0000)
  from space 8704K,   0% used [0x27dd0000, 0x27dd2b20, 0x28650000)
  to   space 8704K,   0% used [0x28650000, 0x28650000, 0x28ed0000)
 tenured generation   total 174784K, used 118375K [0x28ed0000, 0x33980000, 0x33980000)
   the space 174784K,  67% used [0x28ed0000, 0x30269cd8, 0x30269e00, 0x33980000)
 compacting perm gen  total 12288K, used 2923K [0x33980000, 0x34580000, 0x37980000)
   the space 12288K,  23% used [0x33980000, 0x33c5ad50, 0x33c5ae00, 0x34580000)
    ro space 10240K,  42% used [0x37980000, 0x37dbe580, 0x37dbe600, 0x38380000)
    rw space 12288K,  54% used [0x38380000, 0x389ff128, 0x389ff200, 0x38f80000)
}

Deoptimization events (0 events):
No events

Internal exceptions (10 events):
Event: 14.233 Thread 0x00c5f800 Threw 0x285cd6f8 at C:\jdk7u5_32P\jdk7u5\hotspot\src\share\vm\prims\jvm.cpp:1166
Event: 14.233 Thread 0x00c5f800 Threw 0x285cf7b8 at C:\jdk7u5_32P\jdk7u5\hotspot\src\share\vm\prims\jvm.cpp:1166
Event: 14.233 Thread 0x00c5f800 Threw 0x285d1af0 at C:\jdk7u5_32P\jdk7u5\hotspot\src\share\vm\prims\jvm.cpp:1166
Event: 14.233 Thread 0x00c5f800 Threw 0x285d3b10 at C:\jdk7u5_32P\jdk7u5\hotspot\src\share\vm\prims\jvm.cpp:1166
Event: 14.234 Thread 0x00c5f800 Threw 0x285d5b70 at C:\jdk7u5_32P\jdk7u5\hotspot\src\share\vm\prims\jvm.cpp:1166
Event: 14.234 Thread 0x00c5f800 Threw 0x285d7c98 at C:\jdk7u5_32P\jdk7u5\hotspot\src\share\vm\prims\jvm.cpp:1166
Event: 16.921 Thread 0x00c5f800 Threw 0x24163000 at C:\jdk7u5_32P\jdk7u5\hotspot\src\share\vm\prims\jvm.cpp:1166
Event: 18.650 Thread 0x17383400 Threw 0x258142b8 at C:\jdk7u5_32P\jdk7u5\hotspot\src\share\vm\prims\jvm.cpp:1166
Event: 110.423 Thread 0x00c5d800 Threw 0x271047a0 at C:\jdk7u5_32P\jdk7u5\hotspot\src\share\vm\prims\jvm.cpp:1166
Event: 110.423 Thread 0x00c5d800 Threw 0x2739d4a8 at C:\jdk7u5_32P\jdk7u5\hotspot\src\share\vm\prims\jvm.cpp:1166

Events (10 events):
Event: 110.401 Thread 0x17022400 Thread exited: 0x17022400
Event: 110.401 Thread 0x173ac400 Thread exited: 0x173ac400
Event: 110.401 Thread 0x173acc00 Thread exited: 0x173acc00
Event: 110.401 Thread 0x17095c00 Thread exited: 0x17095c00
Event: 110.423 loading class 0x03f629c0
Event: 110.423 loading class 0x03f629c0 done
Event: 110.423 loading class 0x03fb2480
Event: 110.423 loading class 0x03fb2480 done
Event: 110.423 Thread 0x173a2c00 Thread added: 0x173a2c00
Event: 110.423 Thread 0x173a2c00 Thread exited: 0x173a2c00


Dynamic libraries:
0x01000000 - 0x0102f000 	C:\Windows\system32\java.exe
0x77b50000 - 0x77c8c000 	C:\Windows\SYSTEM32\ntdll.dll
0x77810000 - 0x778e4000 	C:\Windows\system32\kernel32.dll
0x75d90000 - 0x75dda000 	C:\Windows\system32\KERNELBASE.dll
0x778f0000 - 0x77990000 	C:\Windows\system32\ADVAPI32.dll
0x769f0000 - 0x76a9c000 	C:\Windows\system32\msvcrt.dll
0x75fe0000 - 0x75ff9000 	C:\Windows\SYSTEM32\sechost.dll
0x76140000 - 0x761e1000 	C:\Windows\system32\RPCRT4.dll
0x76290000 - 0x76359000 	C:\Windows\system32\USER32.dll
0x76070000 - 0x760be000 	C:\Windows\system32\GDI32.dll
0x76360000 - 0x7636a000 	C:\Windows\system32\LPK.dll
0x761f0000 - 0x7628d000 	C:\Windows\system32\USP10.dll
0x74c20000 - 0x74dbe000 	C:\Windows\WinSxS\x86_microsoft.windows.common-controls_6595b64144ccf1df_6.0.7601.17514_none_41e6975e2bd6f2b2\COMCTL32.dll
0x76000000 - 0x76057000 	C:\Windows\system32\SHLWAPI.dll
0x77c90000 - 0x77caf000 	C:\Windows\system32\IMM32.DLL
0x76580000 - 0x7664c000 	C:\Windows\system32\MSCTF.dll
0x64a80000 - 0x64b3e000 	C:\Program Files\Java\jre7\bin\msvcr100.dll
0x63a00000 - 0x63d4a000 	C:\Program Files\Java\jre7\bin\client\jvm.dll
0x6bdc0000 - 0x6bdc7000 	C:\Windows\system32\WSOCK32.dll
0x769b0000 - 0x769e5000 	C:\Windows\system32\WS2_32.dll
0x76570000 - 0x76576000 	C:\Windows\system32\NSI.dll
0x74170000 - 0x741a2000 	C:\Windows\system32\WINMM.dll
0x77cb0000 - 0x77cb5000 	C:\Windows\system32\PSAPI.DLL
0x71a60000 - 0x71a6c000 	C:\Program Files\Java\jre7\bin\verify.dll
0x71a10000 - 0x71a30000 	C:\Program Files\Java\jre7\bin\java.dll
0x70f20000 - 0x70f33000 	C:\Program Files\Java\jre7\bin\zip.dll
0x700b0000 - 0x700c4000 	C:\Program Files\Java\jre7\bin\net.dll
0x757f0000 - 0x7582c000 	C:\Windows\system32\mswsock.dll
0x75910000 - 0x75916000 	C:\Windows\System32\wship6.dll
0x10000000 - 0x1000c000 	C:\Windows\System32\LibusbJava.dll
0x6db00000 - 0x6db11000 	C:\Windows\system32\libusb0.dll
0x763d0000 - 0x7656d000 	C:\Windows\system32\SETUPAPI.dll
0x75f90000 - 0x75fb7000 	C:\Windows\system32\CFGMGR32.dll
0x767b0000 - 0x7683f000 	C:\Windows\system32\OLEAUT32.dll
0x76650000 - 0x767ac000 	C:\Windows\system32\ole32.dll
0x75fc0000 - 0x75fd2000 	C:\Windows\system32\DEVOBJ.dll
0x6dac0000 - 0x6dade000 	C:\Program Files\OpenNI\Bin\OpenNI.jni.dll
0x6d6c0000 - 0x6d710000 	C:\Program Files\OpenNI\Bin\OpenNI.dll
0x76bc0000 - 0x7780a000 	C:\Windows\system32\SHELL32.dll
0x6d9f0000 - 0x6da08000 	C:\Program Files\OpenNI\bin\nimRecorder.dll
0x6da10000 - 0x6da2a000 	C:\Program Files\OpenNI\bin\nimMockNodes.dll
0x64b80000 - 0x64bc9000 	C:\Program Files\OpenNI\bin\nimCodecs.dll
0x6d6a0000 - 0x6d6c0000 	C:\Program Files\PrimeSense\SensorKinect\Bin\XnDeviceFile.dll
0x72170000 - 0x7217b000 	C:\Program Files\PrimeSense\SensorKinect\Bin\XnCore.dll
0x648d0000 - 0x64973000 	C:\Windows\WinSxS\x86_microsoft.vc90.crt_1fc8b3b9a1e18e3b_9.0.30729.6161_none_50934f2ebcb7eb57\MSVCR90.dll
0x64370000 - 0x643a8000 	C:\Program Files\PrimeSense\SensorKinect\Bin\XnDDK.dll
0x63db0000 - 0x63df4000 	C:\Program Files\PrimeSense\SensorKinect\Bin\XnFormats.dll
0x639b0000 - 0x639ff000 	C:\Program Files\PrimeSense\SensorKinect\Bin\XnDeviceSensorV2KM.dll
0x62690000 - 0x62928000 	C:\Program Files\PrimeSense\NITE\Features_1_3_0\Bin\XnVFeatures_1_3_0.dll
0x63920000 - 0x639ae000 	C:\Windows\WinSxS\x86_microsoft.vc90.crt_1fc8b3b9a1e18e3b_9.0.30729.6161_none_50934f2ebcb7eb57\MSVCP90.dll
0x61050000 - 0x6129f000 	C:\Program Files\PrimeSense\NITE\Features_1_3_1\Bin\XnVFeatures_1_3_1.dll
0x60e30000 - 0x61049000 	C:\Program Files\PrimeSense\NITE\Features_1_4_1\Bin\XnVFeatures_1_4_1.dll
0x60240000 - 0x60456000 	C:\Program Files\PrimeSense\NITE\Features_1_4_2\Bin\XnVFeatures_1_4_2.dll
0x5f410000 - 0x5f717000 	C:\Program Files\PrimeSense\NITE\Features_1_5_2\Bin\XnVFeatures_1_5_2.dll
0x63070000 - 0x63147000 	C:\Program Files\PrimeSense\NITE\Hands_1_3_0\Bin\XnVHandGenerator_1_3_0.dll
0x62f90000 - 0x6306c000 	C:\Program Files\PrimeSense\NITE\Hands_1_3_1\Bin\XnVHandGenerator_1_3_1.dll
0x62df0000 - 0x62ecd000 	C:\Program Files\PrimeSense\NITE\Hands_1_4_1\Bin\XnVHandGenerator_1_4_1.dll
0x62d10000 - 0x62ded000 	C:\Program Files\PrimeSense\NITE\Hands_1_4_2\Bin\XnVHandGenerator_1_4_2.dll
0x625a0000 - 0x6268c000 	C:\Program Files\PrimeSense\NITE\Hands_1_5_2\Bin\XnVHandGenerator_1_5_2.dll
0x74ac0000 - 0x74b00000 	C:\Windows\system32\uxtheme.dll
0x75d60000 - 0x75d8d000 	C:\Windows\system32\WINTRUST.dll
0x75de0000 - 0x75efe000 	C:\Windows\system32\CRYPT32.dll
0x75d50000 - 0x75d5c000 	C:\Windows\system32\MSASN1.dll
0x752d0000 - 0x752d5000 	C:\Windows\System32\wshtcpip.dll
0x75c10000 - 0x75c5c000 	C:\Windows\system32\apphelp.dll
0x03c40000 - 0x03c4e000 	C:\Windows\System32\j3dcore-ogl-chk.dll
0x63490000 - 0x63558000 	C:\Windows\system32\OPENGL32.dll
0x64d80000 - 0x64da2000 	C:\Windows\system32\GLU32.dll
0x6be40000 - 0x6bf27000 	C:\Windows\system32\DDRAW.dll
0x708e0000 - 0x708e6000 	C:\Windows\system32\DCIMAN32.dll
0x74a50000 - 0x74a63000 	C:\Windows\system32\dwmapi.dll
0x71a50000 - 0x71a57000 	C:\Windows\system32\atiglpxx.dll
0x69030000 - 0x6a380000 	C:\Windows\system32\atioglxx.dll
0x751c0000 - 0x751c9000 	C:\Windows\system32\VERSION.dll
0x6f2f0000 - 0x6f3d4000 	C:\Windows\system32\aticfx32.dll
0x73f40000 - 0x73fa1000 	C:\Windows\system32\atiadlxx.dll
0x75340000 - 0x75357000 	C:\Windows\system32\USERENV.dll
0x75ce0000 - 0x75ceb000 	C:\Windows\system32\profapi.dll
0x752c0000 - 0x752cd000 	C:\Windows\system32\WTSAPI32.dll
0x71a00000 - 0x71a0b000 	C:\Windows\system32\atigktxx.dll
0x5f2c0000 - 0x5f402000 	C:\Program Files\Java\jre7\bin\awt.dll
0x75c60000 - 0x75c6c000 	C:\Windows\system32\CRYPTBASE.dll
0x71cd0000 - 0x71cd6000 	C:\Program Files\Java\jre7\bin\jawt.dll
0x03d70000 - 0x03d99000 	C:\Windows\System32\j3dcore-ogl.dll
0x6f570000 - 0x6f65b000 	C:\Windows\system32\dbghelp.dll

VM Arguments:
jvm_args: -Djava 
java_command: SANDRAExecutable.jar 193.156.105.142 7540 kinectJoints gameControl
Launcher Type: SUN_STANDARD

Environment Variables:
CLASSPATH=C:\Program Files\OpenNI\Bin\org.OpenNI.jar
PATH=C:\Program Files\Intel\iCLS Client\;C:\Program Files\AMD APP\bin\x86;C:\Windows\system32;C:\Windows;C:\Windows\System32\Wbem;C:\Windows\System32\WindowsPowerShell\v1.0\;C:\Program Files\ATI Technologies\ATI.ACE\Core-Static;C:\Users\norut\AppData\Roaming\npm;C:\Program Files\nodejs\;C:\Program Files\Intel\Intel(R) Management Engine Components\DAL;C:\Program Files\Intel\Intel(R) Management Engine Components\IPT;C:\Program Files\OpenNI\Bin;C:\Program Files\PrimeSense\NITE\bin;C:\Program Files\AMD APP\bin\x86;C:\Windows\system32;C:\Windows;C:\Windows\System32\Wbem;C:\Windows\System32\WindowsPowerShell\v1.0\;C:\Program Files\ATI Technologies\ATI.ACE\Core-Static;C:\Program Files\nodejs
USERNAME=norut
OS=Windows_NT
PROCESSOR_IDENTIFIER=x86 Family 6 Model 58 Stepping 9, GenuineIntel



---------------  S Y S T E M  ---------------

OS: Windows 7 Build 7601 Service Pack 1

CPU:total 4 (4 cores per cpu, 1 threads per core) family 6 model 58 stepping 9, cmov, cx8, fxsr, mmx, sse, sse2, sse3, ssse3, sse4.1, sse4.2, popcnt, avx, tsc, tscinvbit, tscinv

Memory: 4k page, physical 3638896k(1509616k free), swap 6774372k(4246324k free)

vm_info: Java HotSpot(TM) Client VM (23.1-b03) for windows-x86 JRE (1.7.0_05-b05), built on May 15 2012 18:11:27 by "java_re" with unknown MS VC++:1600

time: Tue Jul 24 17:32:59 2012
elapsed time: 110 seconds

