#
# A fatal error has been detected by the Java Runtime Environment:
#
#  EXCEPTION_ACCESS_VIOLATION (0xc0000005) at pc=0x018c0358, pid=1896, tid=840
#
# JRE version: 7.0_05-b05
# Java VM: Java HotSpot(TM) Client VM (23.1-b03 mixed mode, sharing windows-x86 )
# Problematic frame:
# C  0x018c0358
#
# Failed to write core dump. Minidumps are not enabled by default on client versions of Windows
#
# If you would like to submit a bug report, please visit:
#   http://bugreport.sun.com/bugreport/crash.jsp
# The crash happened outside the Java Virtual Machine in native code.
# See problematic frame for where to report the bug.
#

---------------  T H R E A D  ---------------

Current thread (0x05f72400):  JavaThread "Thread-1" [_thread_in_native, id=840, stack(0x0fe90000,0x0fee0000)]

siginfo: ExceptionCode=0xc0000005, ExceptionInformation=0x00000008 0x018c0358

Registers:
EAX=0x00aeb528, EBX=0x33a4eae8, ECX=0x01972720, EDX=0x018c0358
ESP=0x0fedee0c, EBP=0x0fedee64, ESI=0x05d6d1a8, EDI=0x05f72400
EIP=0x018c0358, EFLAGS=0x00010206

Top of Stack: (sp=0x0fedee0c)
0x0fedee0c:   6d576c95 00aeb528 01972720 33a4eae8
0x0fedee1c:   019ca707 05f72528 0fedee6c 05d4a6e0
0x0fedee2c:   00000000 05d6d1a8 00000000 0fedee88
0x0fedee3c:   019974dc 019974dc 0fedee44 00000000
0x0fedee4c:   0fedee80 33a528e0 00000000 33a4eae8
0x0fedee5c:   00000000 0fedee74 0fedeea4 019c32c7
0x0fedee6c:   28f3d240 019c8989 05d6d1a8 00000000
0x0fedee7c:   05d4a6e0 00000000 0fedee84 33a597f8 

Instructions: (pc=0x018c0358)
0x018c0338:   01 06 78 00 41 06 79 00 81 06 7a 00 c1 06 7b 00
0x018c0348:   01 07 7c 00 41 07 7d 00 81 07 7e 00 c1 07 7f 00
0x018c0358:   98 d7 d6 05 07 00 03 00 98 0b 48 16 48 00 8c 01
0x018c0368:   1e 05 00 00 00 00 00 00 00 00 00 00 00 00 00 00 


Register to memory mapping:

EAX=0x00aeb528 is an unknown value
EBX=0x33a4eae8 is an oop
{method} 
 - klass: {other class}
ECX=0x01972720 is a global jni handle
EDX=0x018c0358 is an unknown value
ESP=0x0fedee0c is pointing into the stack for thread: 0x05f72400
EBP=0x0fedee64 is pointing into the stack for thread: 0x05f72400
ESI=0x05d6d1a8 is an unknown value
EDI=0x05f72400 is a thread


Stack: [0x0fe90000,0x0fee0000],  sp=0x0fedee0c,  free space=315k
Native frames: (J=compiled Java code, j=interpreted, Vv=VM code, C=native code)
C  0x018c0358
j  org.OpenNI.UserGenerator$2.unregisterNative(J)V+8
j  org.OpenNI.Observable.deleteObserver(Lorg/OpenNI/IObserver;)V+24
j  KinectPackage.SkeletonManager.reset()V+27
j  KinectPackage.SkeletonManager.access$8(LKinectPackage/SkeletonManager;)V+1
j  KinectPackage.SkeletonManager$LostUserObserver.update(Lorg/OpenNI/IObservable;Lorg/OpenNI/UserEventArgs;)V+183
j  KinectPackage.SkeletonManager$LostUserObserver.update(Lorg/OpenNI/IObservable;Ljava/lang/Object;)V+9
j  org.OpenNI.Observable.notify(Ljava/lang/Object;)V+30
j  org.OpenNI.UserGenerator$2.callback(I)V+9
v  ~StubRoutines::call_stub
V  [jvm.dll+0x12964a]
V  [jvm.dll+0x1d851e]
V  [jvm.dll+0x1296cd]
V  [jvm.dll+0xae4da]
V  [jvm.dll+0xb1d93]
C  [OpenNI.jni.dll+0x10ea]  JNI_OnUnload+0x6a
C  [XnVFeatures_1_5_2.dll+0x959a8]  xnModuleGetOpenNIVersion+0x57988
C  [XnVFeatures_1_5_2.dll+0x7b5d8]  xnModuleGetOpenNIVersion+0x3d5b8
C  [XnVFeatures_1_5_2.dll+0xb1538]  xnModuleGetOpenNIVersion+0x73518
C  [XnVFeatures_1_5_2.dll+0x95266]  xnModuleGetOpenNIVersion+0x57246
C  [OpenNI.jni.dll+0x2eab]  Java_org_OpenNI_NativeMethods_xnWaitAnyUpdateAll+0xb
j  org.OpenNI.Context.waitAnyUpdateAll()V+4
j  KinectPackage.KinectManager.run()V+12
j  java.lang.Thread.run()V+11
v  ~StubRoutines::call_stub
V  [jvm.dll+0x12964a]
V  [jvm.dll+0x1d851e]
V  [jvm.dll+0x129833]
V  [jvm.dll+0x129897]
V  [jvm.dll+0xd24af]
V  [jvm.dll+0x149977]
V  [jvm.dll+0x149ae0]
V  [jvm.dll+0x17e049]
C  [msvcr100.dll+0x5c6de]  endthreadex+0x3a
C  [msvcr100.dll+0x5c788]  endthreadex+0xe4
C  [kernel32.dll+0x4ed6c]  BaseThreadInitThunk+0x12
C  [ntdll.dll+0x6377b]  RtlInitializeExceptionChain+0xef
C  [ntdll.dll+0x6374e]  RtlInitializeExceptionChain+0xc2

Java frames: (J=compiled Java code, j=interpreted, Vv=VM code)
j  org.OpenNI.NativeMethods.xnUnregisterUserCallbacks(JJ)V+0
j  org.OpenNI.UserGenerator$2.unregisterNative(J)V+8
j  org.OpenNI.Observable.deleteObserver(Lorg/OpenNI/IObserver;)V+24
j  KinectPackage.SkeletonManager.reset()V+27
j  KinectPackage.SkeletonManager.access$8(LKinectPackage/SkeletonManager;)V+1
j  KinectPackage.SkeletonManager$LostUserObserver.update(Lorg/OpenNI/IObservable;Lorg/OpenNI/UserEventArgs;)V+183
j  KinectPackage.SkeletonManager$LostUserObserver.update(Lorg/OpenNI/IObservable;Ljava/lang/Object;)V+9
j  org.OpenNI.Observable.notify(Ljava/lang/Object;)V+30
j  org.OpenNI.UserGenerator$2.callback(I)V+9
v  ~StubRoutines::call_stub
J  org.OpenNI.NativeMethods.xnWaitAnyUpdateAll(J)I
j  org.OpenNI.Context.waitAnyUpdateAll()V+4
j  KinectPackage.KinectManager.run()V+12
j  java.lang.Thread.run()V+11
v  ~StubRoutines::call_stub

---------------  P R O C E S S  ---------------

Java Threads: ( => current thread )
  0x164f7c00 JavaThread "DestroyJavaVM" [_thread_blocked, id=3744, stack(0x00b20000,0x00b70000)]
  0x1654f400 JavaThread "Thread-20" [_thread_in_Java, id=2008, stack(0x199d0000,0x19a20000)]
  0x165d3400 JavaThread "Thread-6" [_thread_in_Java, id=5248, stack(0x198d0000,0x19920000)]
  0x163a9000 JavaThread "Thread-5" [_thread_in_native, id=3160, stack(0x19020000,0x19070000)]
  0x019ae800 JavaThread "AWT-Windows" daemon [_thread_in_native, id=4296, stack(0x19950000,0x199a0000)]
  0x03e65c00 JavaThread "Java2D Disposer" daemon [_thread_blocked, id=5732, stack(0x04490000,0x044e0000)]
=>0x05f72400 JavaThread "Thread-1" [_thread_in_native, id=840, stack(0x0fe90000,0x0fee0000)]
  0x01995000 JavaThread "Service Thread" daemon [_thread_blocked, id=5604, stack(0x03e10000,0x03e60000)]
  0x01990000 JavaThread "C1 CompilerThread0" daemon [_thread_blocked, id=5212, stack(0x03ca0000,0x03cf0000)]
  0x0198e800 JavaThread "Attach Listener" daemon [_thread_blocked, id=3536, stack(0x03d30000,0x03d80000)]
  0x0198b400 JavaThread "Signal Dispatcher" daemon [_thread_blocked, id=4456, stack(0x03bf0000,0x03c40000)]
  0x01974000 JavaThread "Finalizer" daemon [_thread_blocked, id=1552, stack(0x03c40000,0x03c90000)]
  0x01972800 JavaThread "Reference Handler" daemon [_thread_blocked, id=4164, stack(0x03a80000,0x03ad0000)]

Other Threads:
  0x01971400 VMThread [stack: 0x03ba0000,0x03bf0000] [id=5780]
  0x019a0000 WatcherThread [stack: 0x00b80000,0x00bd0000] [id=5364]

VM state:not at safepoint (normal execution)

VM Mutex/Monitor currently owned by a thread: None

Heap
 def new generation   total 78656K, used 19989K [0x23980000, 0x28ed0000, 0x28ed0000)
  eden space 69952K,  28% used [0x23980000, 0x24d04170, 0x27dd0000)
  from space 8704K,   0% used [0x27dd0000, 0x27dd1410, 0x28650000)
  to   space 8704K,   0% used [0x28650000, 0x28650000, 0x28ed0000)
 tenured generation   total 174784K, used 104423K [0x28ed0000, 0x33980000, 0x33980000)
   the space 174784K,  59% used [0x28ed0000, 0x2f4c9df0, 0x2f4c9e00, 0x33980000)
 compacting perm gen  total 12288K, used 2917K [0x33980000, 0x34580000, 0x37980000)
   the space 12288K,  23% used [0x33980000, 0x33c59420, 0x33c59600, 0x34580000)
    ro space 10240K,  42% used [0x37980000, 0x37dbe580, 0x37dbe600, 0x38380000)
    rw space 12288K,  54% used [0x38380000, 0x389ff128, 0x389ff200, 0x38f80000)

Code Cache  [0x019c0000, 0x01b78000, 0x039c0000)
 total_blobs=1062 nmethods=780 adapters=217 free_code_cache=31012Kb largest_free_block=31757056

Compilation events (10 events):
Event: 20.685 Thread 0x01990000  770             java.lang.ref.WeakReference::<init> (6 bytes)
Event: 20.685 Thread 0x01990000 nmethod 770 0x01b757c8 code [0x01b758c0, 0x01b75960]
Event: 22.871 Thread 0x01990000  771             org.OpenNI.SkeletonCapability::isSkeletonCalibrating (9 bytes)
Event: 22.871 Thread 0x01990000 nmethod 771 0x01b759c8 code [0x01b75ac0, 0x01b75b5c]
Event: 22.885 Thread 0x01990000  772   !         KinectPackage.SkeletonManager::update (80 bytes)
Event: 22.885 Thread 0x01990000 nmethod 772 0x01b75bc8 code [0x01b75d50, 0x01b7613c]
Event: 25.217 Thread 0x01990000  773             services.KinectPoseServiceEvent::getKinectPose (5 bytes)
Event: 25.217 Thread 0x01990000 nmethod 773 0x01b76688 code [0x01b76780, 0x01b76800]
Event: 34.155 Thread 0x01990000  774             java.util.concurrent.locks.ReentrantLock::tryLock (9 bytes)
Event: 34.155 Thread 0x01990000 nmethod 774 0x01b76848 code [0x01b76950, 0x01b769ec]

GC Heap History (10 events):
Event: 38.839 GC heap before
{Heap before GC invocations=575 (full 28):
 def new generation   total 78656K, used 69953K [0x23980000, 0x28ed0000, 0x28ed0000)
  eden space 69952K, 100% used [0x23980000, 0x27dd0000, 0x27dd0000)
  from space 8704K,   0% used [0x27dd0000, 0x27dd0408, 0x28650000)
  to   space 8704K,   0% used [0x28650000, 0x28650000, 0x28ed0000)
 tenured generation   total 174784K, used 104423K [0x28ed0000, 0x33980000, 0x33980000)
   the space 174784K,  59% used [0x28ed0000, 0x2f4c9df0, 0x2f4c9e00, 0x33980000)
 compacting perm gen  total 12288K, used 2914K [0x33980000, 0x34580000, 0x37980000)
   the space 12288K,  23% used [0x33980000, 0x33c58af0, 0x33c58c00, 0x34580000)
    ro space 10240K,  42% used [0x37980000, 0x37dbe580, 0x37dbe600, 0x38380000)
    rw space 12288K,  54% used [0x38380000, 0x389ff128, 0x389ff200, 0x38f80000)
Event: 38.839 GC heap after
Heap after GC invocations=576 (full 28):
 def new generation   total 78656K, used 1K [0x23980000, 0x28ed0000, 0x28ed0000)
  eden space 69952K,   0% used [0x23980000, 0x23980000, 0x27dd0000)
  from space 8704K,   0% used [0x28650000, 0x28650408, 0x28ed0000)
  to   space 8704K,   0% used [0x27dd0000, 0x27dd0000, 0x28650000)
 tenured generation   total 174784K, used 104423K [0x28ed0000, 0x33980000, 0x33980000)
   the space 174784K,  59% used [0x28ed0000, 0x2f4c9df0, 0x2f4c9e00, 0x33980000)
 compacting perm gen  total 12288K, used 2914K [0x33980000, 0x34580000, 0x37980000)
   the space 12288K,  23% used [0x33980000, 0x33c58af0, 0x33c58c00, 0x34580000)
    ro space 10240K,  42% used [0x37980000, 0x37dbe580, 0x37dbe600, 0x38380000)
    rw space 12288K,  54% used [0x38380000, 0x389ff128, 0x389ff200, 0x38f80000)
}
Event: 38.866 GC heap before
{Heap before GC invocations=576 (full 28):
 def new generation   total 78656K, used 69953K [0x23980000, 0x28ed0000, 0x28ed0000)
  eden space 69952K, 100% used [0x23980000, 0x27dd0000, 0x27dd0000)
  from space 8704K,   0% used [0x28650000, 0x28650408, 0x28ed0000)
  to   space 8704K,   0% used [0x27dd0000, 0x27dd0000, 0x28650000)
 tenured generation   total 174784K, used 104423K [0x28ed0000, 0x33980000, 0x33980000)
   the space 174784K,  59% used [0x28ed0000, 0x2f4c9df0, 0x2f4c9e00, 0x33980000)
 compacting perm gen  total 12288K, used 2914K [0x33980000, 0x34580000, 0x37980000)
   the space 12288K,  23% used [0x33980000, 0x33c58af0, 0x33c58c00, 0x34580000)
    ro space 10240K,  42% used [0x37980000, 0x37dbe580, 0x37dbe600, 0x38380000)
    rw space 12288K,  54% used [0x38380000, 0x389ff128, 0x389ff200, 0x38f80000)
Event: 38.867 GC heap after
Heap after GC invocations=577 (full 28):
 def new generation   total 78656K, used 1K [0x23980000, 0x28ed0000, 0x28ed0000)
  eden space 69952K,   0% used [0x23980000, 0x23980000, 0x27dd0000)
  from space 8704K,   0% used [0x27dd0000, 0x27dd0408, 0x28650000)
  to   space 8704K,   0% used [0x28650000, 0x28650000, 0x28ed0000)
 tenured generation   total 174784K, used 104423K [0x28ed0000, 0x33980000, 0x33980000)
   the space 174784K,  59% used [0x28ed0000, 0x2f4c9df0, 0x2f4c9e00, 0x33980000)
 compacting perm gen  total 12288K, used 2914K [0x33980000, 0x34580000, 0x37980000)
   the space 12288K,  23% used [0x33980000, 0x33c58af0, 0x33c58c00, 0x34580000)
    ro space 10240K,  42% used [0x37980000, 0x37dbe580, 0x37dbe600, 0x38380000)
    rw space 12288K,  54% used [0x38380000, 0x389ff128, 0x389ff200, 0x38f80000)
}
Event: 38.894 GC heap before
{Heap before GC invocations=577 (full 28):
 def new generation   total 78656K, used 69953K [0x23980000, 0x28ed0000, 0x28ed0000)
  eden space 69952K, 100% used [0x23980000, 0x27dd0000, 0x27dd0000)
  from space 8704K,   0% used [0x27dd0000, 0x27dd0408, 0x28650000)
  to   space 8704K,   0% used [0x28650000, 0x28650000, 0x28ed0000)
 tenured generation   total 174784K, used 104423K [0x28ed0000, 0x33980000, 0x33980000)
   the space 174784K,  59% used [0x28ed0000, 0x2f4c9df0, 0x2f4c9e00, 0x33980000)
 compacting perm gen  total 12288K, used 2914K [0x33980000, 0x34580000, 0x37980000)
   the space 12288K,  23% used [0x33980000, 0x33c58af0, 0x33c58c00, 0x34580000)
    ro space 10240K,  42% used [0x37980000, 0x37dbe580, 0x37dbe600, 0x38380000)
    rw space 12288K,  54% used [0x38380000, 0x389ff128, 0x389ff200, 0x38f80000)
Event: 38.895 GC heap after
Heap after GC invocations=578 (full 28):
 def new generation   total 78656K, used 1K [0x23980000, 0x28ed0000, 0x28ed0000)
  eden space 69952K,   0% used [0x23980000, 0x23980000, 0x27dd0000)
  from space 8704K,   0% used [0x28650000, 0x28650408, 0x28ed0000)
  to   space 8704K,   0% used [0x27dd0000, 0x27dd0000, 0x28650000)
 tenured generation   total 174784K, used 104423K [0x28ed0000, 0x33980000, 0x33980000)
   the space 174784K,  59% used [0x28ed0000, 0x2f4c9df0, 0x2f4c9e00, 0x33980000)
 compacting perm gen  total 12288K, used 2914K [0x33980000, 0x34580000, 0x37980000)
   the space 12288K,  23% used [0x33980000, 0x33c58af0, 0x33c58c00, 0x34580000)
    ro space 10240K,  42% used [0x37980000, 0x37dbe580, 0x37dbe600, 0x38380000)
    rw space 12288K,  54% used [0x38380000, 0x389ff128, 0x389ff200, 0x38f80000)
}
Event: 38.922 GC heap before
{Heap before GC invocations=578 (full 28):
 def new generation   total 78656K, used 69953K [0x23980000, 0x28ed0000, 0x28ed0000)
  eden space 69952K, 100% used [0x23980000, 0x27dd0000, 0x27dd0000)
  from space 8704K,   0% used [0x28650000, 0x28650408, 0x28ed0000)
  to   space 8704K,   0% used [0x27dd0000, 0x27dd0000, 0x28650000)
 tenured generation   total 174784K, used 104423K [0x28ed0000, 0x33980000, 0x33980000)
   the space 174784K,  59% used [0x28ed0000, 0x2f4c9df0, 0x2f4c9e00, 0x33980000)
 compacting perm gen  total 12288K, used 2914K [0x33980000, 0x34580000, 0x37980000)
   the space 12288K,  23% used [0x33980000, 0x33c58af0, 0x33c58c00, 0x34580000)
    ro space 10240K,  42% used [0x37980000, 0x37dbe580, 0x37dbe600, 0x38380000)
    rw space 12288K,  54% used [0x38380000, 0x389ff128, 0x389ff200, 0x38f80000)
Event: 38.923 GC heap after
Heap after GC invocations=579 (full 28):
 def new generation   total 78656K, used 1K [0x23980000, 0x28ed0000, 0x28ed0000)
  eden space 69952K,   0% used [0x23980000, 0x23980000, 0x27dd0000)
  from space 8704K,   0% used [0x27dd0000, 0x27dd0408, 0x28650000)
  to   space 8704K,   0% used [0x28650000, 0x28650000, 0x28ed0000)
 tenured generation   total 174784K, used 104423K [0x28ed0000, 0x33980000, 0x33980000)
   the space 174784K,  59% used [0x28ed0000, 0x2f4c9df0, 0x2f4c9e00, 0x33980000)
 compacting perm gen  total 12288K, used 2914K [0x33980000, 0x34580000, 0x37980000)
   the space 12288K,  23% used [0x33980000, 0x33c58af0, 0x33c58c00, 0x34580000)
    ro space 10240K,  42% used [0x37980000, 0x37dbe580, 0x37dbe600, 0x38380000)
    rw space 12288K,  54% used [0x38380000, 0x389ff128, 0x389ff200, 0x38f80000)
}
Event: 38.951 GC heap before
{Heap before GC invocations=579 (full 28):
 def new generation   total 78656K, used 69953K [0x23980000, 0x28ed0000, 0x28ed0000)
  eden space 69952K, 100% used [0x23980000, 0x27dd0000, 0x27dd0000)
  from space 8704K,   0% used [0x27dd0000, 0x27dd0408, 0x28650000)
  to   space 8704K,   0% used [0x28650000, 0x28650000, 0x28ed0000)
 tenured generation   total 174784K, used 104423K [0x28ed0000, 0x33980000, 0x33980000)
   the space 174784K,  59% used [0x28ed0000, 0x2f4c9df0, 0x2f4c9e00, 0x33980000)
 compacting perm gen  total 12288K, used 2914K [0x33980000, 0x34580000, 0x37980000)
   the space 12288K,  23% used [0x33980000, 0x33c58af0, 0x33c58c00, 0x34580000)
    ro space 10240K,  42% used [0x37980000, 0x37dbe580, 0x37dbe600, 0x38380000)
    rw space 12288K,  54% used [0x38380000, 0x389ff128, 0x389ff200, 0x38f80000)
Event: 38.951 GC heap after
Heap after GC invocations=580 (full 28):
 def new generation   total 78656K, used 1K [0x23980000, 0x28ed0000, 0x28ed0000)
  eden space 69952K,   0% used [0x23980000, 0x23980000, 0x27dd0000)
  from space 8704K,   0% used [0x28650000, 0x28650478, 0x28ed0000)
  to   space 8704K,   0% used [0x27dd0000, 0x27dd0000, 0x28650000)
 tenured generation   total 174784K, used 104423K [0x28ed0000, 0x33980000, 0x33980000)
   the space 174784K,  59% used [0x28ed0000, 0x2f4c9df0, 0x2f4c9e00, 0x33980000)
 compacting perm gen  total 12288K, used 2914K [0x33980000, 0x34580000, 0x37980000)
   the space 12288K,  23% used [0x33980000, 0x33c58af0, 0x33c58c00, 0x34580000)
    ro space 10240K,  42% used [0x37980000, 0x37dbe580, 0x37dbe600, 0x38380000)
    rw space 12288K,  54% used [0x38380000, 0x389ff128, 0x389ff200, 0x38f80000)
}

Deoptimization events (0 events):
No events

Internal exceptions (10 events):
Event: 14.418 Thread 0x165d3400 Threw 0x2748c058 at C:\jdk7u5_32P\jdk7u5\hotspot\src\share\vm\prims\jvm.cpp:1166
Event: 14.418 Thread 0x165d3400 Threw 0x2748dba8 at C:\jdk7u5_32P\jdk7u5\hotspot\src\share\vm\prims\jvm.cpp:1166
Event: 14.418 Thread 0x165d3400 Threw 0x2748f970 at C:\jdk7u5_32P\jdk7u5\hotspot\src\share\vm\prims\jvm.cpp:1166
Event: 14.419 Thread 0x165d3400 Threw 0x27491410 at C:\jdk7u5_32P\jdk7u5\hotspot\src\share\vm\prims\jvm.cpp:1166
Event: 14.419 Thread 0x165d3400 Threw 0x27492ef0 at C:\jdk7u5_32P\jdk7u5\hotspot\src\share\vm\prims\jvm.cpp:1166
Event: 14.419 Thread 0x165d3400 Threw 0x27494a98 at C:\jdk7u5_32P\jdk7u5\hotspot\src\share\vm\prims\jvm.cpp:1166
Event: 15.509 Thread 0x165d3400 Threw 0x254ca568 at C:\jdk7u5_32P\jdk7u5\hotspot\src\share\vm\prims\jvm.cpp:1166
Event: 21.242 Thread 0x162dec00 Threw 0x2767d1f0 at C:\jdk7u5_32P\jdk7u5\hotspot\src\share\vm\prims\jvm.cpp:1166
Event: 38.959 Thread 0x05f72400 Threw 0x249ffa48 at C:\jdk7u5_32P\jdk7u5\hotspot\src\share\vm\prims\jvm.cpp:1166
Event: 38.959 Thread 0x05f72400 Threw 0x24b61650 at C:\jdk7u5_32P\jdk7u5\hotspot\src\share\vm\prims\jvm.cpp:1166

Events (10 events):
Event: 38.922 Executing VM operation: GenCollectForAllocation
Event: 38.923 Executing VM operation: GenCollectForAllocation done
Event: 38.951 Executing VM operation: GenCollectForAllocation
Event: 38.952 Executing VM operation: GenCollectForAllocation done
Event: 38.959 loading class 0x03ece0a0
Event: 38.959 loading class 0x03ece0a0 done
Event: 38.959 loading class 0x03f054a8
Event: 38.959 loading class 0x03f054a8 done
Event: 38.959 Thread 0x162d9400 Thread added: 0x162d9400
Event: 38.959 Thread 0x162d9400 Thread exited: 0x162d9400


Dynamic libraries:
0x00c90000 - 0x00cbf000 	C:\Windows\system32\java.exe
0x776e0000 - 0x7781c000 	C:\Windows\SYSTEM32\ntdll.dll
0x77100000 - 0x771d4000 	C:\Windows\system32\kernel32.dll
0x758f0000 - 0x7593a000 	C:\Windows\system32\KERNELBASE.dll
0x77640000 - 0x776e0000 	C:\Windows\system32\ADVAPI32.dll
0x76eb0000 - 0x76f5c000 	C:\Windows\system32\msvcrt.dll
0x76e90000 - 0x76ea9000 	C:\Windows\SYSTEM32\sechost.dll
0x76d80000 - 0x76e21000 	C:\Windows\system32\RPCRT4.dll
0x76cb0000 - 0x76d79000 	C:\Windows\system32\USER32.dll
0x778c0000 - 0x7790e000 	C:\Windows\system32\GDI32.dll
0x778b0000 - 0x778ba000 	C:\Windows\system32\LPK.dll
0x775a0000 - 0x7763d000 	C:\Windows\system32\USP10.dll
0x744e0000 - 0x7467e000 	C:\Windows\WinSxS\x86_microsoft.windows.common-controls_6595b64144ccf1df_6.0.7601.17514_none_41e6975e2bd6f2b2\COMCTL32.dll
0x77850000 - 0x778a7000 	C:\Windows\system32\SHLWAPI.dll
0x77580000 - 0x7759f000 	C:\Windows\system32\IMM32.DLL
0x774b0000 - 0x7757c000 	C:\Windows\system32\MSCTF.dll
0x5e0a0000 - 0x5e15e000 	C:\Program Files\Java\jre7\bin\msvcr100.dll
0x5d6d0000 - 0x5da1a000 	C:\Program Files\Java\jre7\bin\client\jvm.dll
0x6b1a0000 - 0x6b1a7000 	C:\Windows\system32\WSOCK32.dll
0x75cd0000 - 0x75d05000 	C:\Windows\system32\WS2_32.dll
0x75fc0000 - 0x75fc6000 	C:\Windows\system32\NSI.dll
0x73d00000 - 0x73d32000 	C:\Windows\system32\WINMM.dll
0x75ed0000 - 0x75ed5000 	C:\Windows\system32\PSAPI.DLL
0x70eb0000 - 0x70ebc000 	C:\Program Files\Java\jre7\bin\verify.dll
0x6ecd0000 - 0x6ecf0000 	C:\Program Files\Java\jre7\bin\java.dll
0x6ecf0000 - 0x6ed03000 	C:\Program Files\Java\jre7\bin\zip.dll
0x6d9d0000 - 0x6d9e4000 	C:\Program Files\Java\jre7\bin\net.dll
0x752e0000 - 0x7531c000 	C:\Windows\system32\mswsock.dll
0x752d0000 - 0x752d6000 	C:\Windows\System32\wship6.dll
0x10000000 - 0x1000c000 	C:\Windows\System32\LibusbJava.dll
0x6ec00000 - 0x6ec11000 	C:\Windows\system32\libusb0.dll
0x76f60000 - 0x770fd000 	C:\Windows\system32\SETUPAPI.dll
0x75970000 - 0x75997000 	C:\Windows\system32\CFGMGR32.dll
0x76c20000 - 0x76caf000 	C:\Windows\system32\OLEAUT32.dll
0x75b70000 - 0x75ccc000 	C:\Windows\system32\ole32.dll
0x759a0000 - 0x759b2000 	C:\Windows\system32\DEVOBJ.dll
0x6d570000 - 0x6d58e000 	C:\Program Files\OpenNI\Bin\OpenNI.jni.dll
0x6d590000 - 0x6d5e0000 	C:\Program Files\OpenNI\Bin\OpenNI.dll
0x75fd0000 - 0x76c1a000 	C:\Windows\system32\SHELL32.dll
0x6d9b0000 - 0x6d9c8000 	C:\Program Files\OpenNI\bin\nimRecorder.dll
0x6d530000 - 0x6d54a000 	C:\Program Files\OpenNI\bin\nimMockNodes.dll
0x62050000 - 0x62099000 	C:\Program Files\OpenNI\bin\nimCodecs.dll
0x6d550000 - 0x6d570000 	C:\Program Files\PrimeSense\SensorKinect\Bin\XnDeviceFile.dll
0x718e0000 - 0x718eb000 	C:\Program Files\PrimeSense\SensorKinect\Bin\XnCore.dll
0x5dd60000 - 0x5de03000 	C:\Windows\WinSxS\x86_microsoft.vc90.crt_1fc8b3b9a1e18e3b_9.0.30729.6161_none_50934f2ebcb7eb57\MSVCR90.dll
0x624c0000 - 0x624f8000 	C:\Program Files\PrimeSense\SensorKinect\Bin\XnDDK.dll
0x61f90000 - 0x61fd4000 	C:\Program Files\PrimeSense\SensorKinect\Bin\XnFormats.dll
0x5dd10000 - 0x5dd5f000 	C:\Program Files\PrimeSense\SensorKinect\Bin\XnDeviceSensorV2KM.dll
0x5c450000 - 0x5c6e8000 	C:\Program Files\PrimeSense\NITE\Features_1_3_0\Bin\XnVFeatures_1_3_0.dll
0x5e010000 - 0x5e09e000 	C:\Windows\WinSxS\x86_microsoft.vc90.crt_1fc8b3b9a1e18e3b_9.0.30729.6161_none_50934f2ebcb7eb57\MSVCP90.dll
0x5c200000 - 0x5c44f000 	C:\Program Files\PrimeSense\NITE\Features_1_3_1\Bin\XnVFeatures_1_3_1.dll
0x5bfe0000 - 0x5c1f9000 	C:\Program Files\PrimeSense\NITE\Features_1_4_1\Bin\XnVFeatures_1_4_1.dll
0x5bdc0000 - 0x5bfd6000 	C:\Program Files\PrimeSense\NITE\Features_1_4_2\Bin\XnVFeatures_1_4_2.dll
0x5bab0000 - 0x5bdb7000 	C:\Program Files\PrimeSense\NITE\Features_1_5_2\Bin\XnVFeatures_1_5_2.dll
0x5df30000 - 0x5e007000 	C:\Program Files\PrimeSense\NITE\Hands_1_3_0\Bin\XnVHandGenerator_1_3_0.dll
0x5de50000 - 0x5df2c000 	C:\Program Files\PrimeSense\NITE\Hands_1_3_1\Bin\XnVHandGenerator_1_3_1.dll
0x5d5f0000 - 0x5d6cd000 	C:\Program Files\PrimeSense\NITE\Hands_1_4_1\Bin\XnVHandGenerator_1_4_1.dll
0x5b9d0000 - 0x5baad000 	C:\Program Files\PrimeSense\NITE\Hands_1_4_2\Bin\XnVHandGenerator_1_4_2.dll
0x5b8e0000 - 0x5b9cc000 	C:\Program Files\PrimeSense\NITE\Hands_1_5_2\Bin\XnVHandGenerator_1_5_2.dll
0x74af0000 - 0x74b30000 	C:\Windows\system32\uxtheme.dll
0x75940000 - 0x7596d000 	C:\Windows\system32\WINTRUST.dll
0x75a50000 - 0x75b6e000 	C:\Windows\system32\CRYPT32.dll
0x758e0000 - 0x758ec000 	C:\Windows\system32\MSASN1.dll
0x74df0000 - 0x74df5000 	C:\Windows\System32\wshtcpip.dll
0x757a0000 - 0x757ec000 	C:\Windows\system32\apphelp.dll
0x03b60000 - 0x03b6e000 	C:\Windows\System32\j3dcore-ogl-chk.dll
0x5b810000 - 0x5b8d8000 	C:\Windows\system32\OPENGL32.dll
0x62b90000 - 0x62bb2000 	C:\Windows\system32\GLU32.dll
0x6db50000 - 0x6dc37000 	C:\Windows\system32\DDRAW.dll
0x719f0000 - 0x719f6000 	C:\Windows\system32\DCIMAN32.dll
0x74a80000 - 0x74a93000 	C:\Windows\system32\dwmapi.dll
0x740a0000 - 0x740a7000 	C:\Windows\system32\atiglpxx.dll
0x69030000 - 0x6a380000 	C:\Windows\system32\atioglxx.dll
0x74d20000 - 0x74d29000 	C:\Windows\system32\VERSION.dll
0x6f1a0000 - 0x6f284000 	C:\Windows\system32\aticfx32.dll
0x73620000 - 0x73681000 	C:\Windows\system32\atiadlxx.dll
0x74ec0000 - 0x74ed7000 	C:\Windows\system32\USERENV.dll
0x75870000 - 0x7587b000 	C:\Windows\system32\profapi.dll
0x74d60000 - 0x74d6d000 	C:\Windows\system32\WTSAPI32.dll
0x6fd30000 - 0x6fd3b000 	C:\Windows\system32\atigktxx.dll
0x5b6c0000 - 0x5b802000 	C:\Program Files\Java\jre7\bin\awt.dll
0x757f0000 - 0x757fc000 	C:\Windows\system32\CRYPTBASE.dll
0x67b30000 - 0x67b36000 	C:\Program Files\Java\jre7\bin\jawt.dll
0x03cf0000 - 0x03d19000 	C:\Windows\System32\j3dcore-ogl.dll
0x6f420000 - 0x6f50b000 	C:\Windows\system32\dbghelp.dll

VM Arguments:
jvm_args: -Djava 
java_command: SANDRAExecutable.jar 193.156.105.142 7540 kinectJoints gameControl
Launcher Type: SUN_STANDARD

Environment Variables:
CLASSPATH=C:\Program Files\OpenNI\Bin\org.OpenNI.jar
PATH=C:\Program Files\Intel\iCLS Client\;C:\Program Files\AMD APP\bin\x86;C:\Windows\system32;C:\Windows;C:\Windows\System32\Wbem;C:\Windows\System32\WindowsPowerShell\v1.0\;C:\Program Files\ATI Technologies\ATI.ACE\Core-Static;C:\Users\norut\AppData\Roaming\npm;C:\Program Files\nodejs\;C:\Program Files\Intel\Intel(R) Management Engine Components\DAL;C:\Program Files\Intel\Intel(R) Management Engine Components\IPT;C:\Program Files\OpenNI\Bin;C:\Program Files\PrimeSense\NITE\bin;C:\Program Files\AMD APP\bin\x86;C:\Windows\system32;C:\Windows;C:\Windows\System32\Wbem;C:\Windows\System32\WindowsPowerShell\v1.0\;C:\Program Files\ATI Technologies\ATI.ACE\Core-Static;C:\Program Files\nodejs
USERNAME=norut
OS=Windows_NT
PROCESSOR_IDENTIFIER=x86 Family 6 Model 58 Stepping 9, GenuineIntel



---------------  S Y S T E M  ---------------

OS: Windows 7 Build 7601 Service Pack 1

CPU:total 4 (4 cores per cpu, 1 threads per core) family 6 model 58 stepping 9, cmov, cx8, fxsr, mmx, sse, sse2, sse3, ssse3, sse4.1, sse4.2, popcnt, avx, tsc, tscinvbit, tscinv

Memory: 4k page, physical 3638896k(1537848k free), swap 7276036k(4813140k free)

vm_info: Java HotSpot(TM) Client VM (23.1-b03) for windows-x86 JRE (1.7.0_05-b05), built on May 15 2012 18:11:27 by "java_re" with unknown MS VC++:1600

time: Fri Jul 27 15:28:07 2012
elapsed time: 38 seconds

