#
# A fatal error has been detected by the Java Runtime Environment:
#
#  EXCEPTION_ACCESS_VIOLATION (0xc0000005) at pc=0x70b26c89, pid=4124, tid=3572
#
# JRE version: 7.0_05-b05
# Java VM: Java HotSpot(TM) Client VM (23.1-b03 mixed mode, sharing windows-x86 )
# Problematic frame:
# C  [OpenNI.jni.dll+0x6c89]  Java_org_OpenNI_NativeMethods_xnUnregisterUserCallbacks+0x19
#
# Failed to write core dump. Minidumps are not enabled by default on client versions of Windows
#
# If you would like to submit a bug report, please visit:
#   http://bugreport.sun.com/bugreport/crash.jsp
# The crash happened outside the Java Virtual Machine in native code.
# See problematic frame for where to report the bug.
#

---------------  T H R E A D  ---------------

Current thread (0x05ae3800):  JavaThread "Thread-1" [_thread_in_native, id=3572, stack(0x14980000,0x149d0000)]

siginfo: ExceptionCode=0xc0000005, reading address 0x00000000

Registers:
EAX=0x00000000, EBX=0x33a4eae8, ECX=0x058dde24, EDX=0x058e243c
ESP=0x149cf030, EBP=0x149cf084, ESI=0x058dde18, EDI=0x05ae3800
EIP=0x70b26c89, EFLAGS=0x00010206

Top of Stack: (sp=0x149cf030)
0x149cf030:   058bb4e0 058dddd8 33a4eae8 01daa707
0x149cf040:   05ae3928 149cf08c 058bb4e0 00000000
0x149cf050:   058dde18 00000000 00000001 149cf05c
0x149cf060:   379ea3a5 149cf064 00000000 149cf0a0
0x149cf070:   33a528e0 00000000 33a4eae8 00000000
0x149cf080:   149cf094 149cf0c4 01da32c7 28f62a10
0x149cf090:   01da8989 058dde18 00000000 058bb4e0
0x149cf0a0:   00000000 149cf0a4 33a59268 149cf0d4 

Instructions: (pc=0x70b26c89)
0x70b26c69:   cc cc cc cc cc cc cc 8b 4c 24 0c 56 8b 74 24 18
0x70b26c79:   8b 46 10 50 51 ff 15 64 b4 b2 70 8b 06 8b 4e 08
0x70b26c89:   8b 10 8b 52 58 83 c4 08 51 50 ff d2 56 ff 15 84
0x70b26c99:   b0 b2 70 83 c4 04 5e c2 18 00 cc cc cc cc cc cc 


Register to memory mapping:

EAX=0x00000000 is an unknown value
EBX=0x33a4eae8 is an oop
{method} 
 - klass: {other class}
ECX=0x058dde24 is an unknown value
EDX=0x058e243c is an unknown value
ESP=0x149cf030 is pointing into the stack for thread: 0x05ae3800
EBP=0x149cf084 is pointing into the stack for thread: 0x05ae3800
ESI=0x058dde18 is an unknown value
EDI=0x05ae3800 is a thread


Stack: [0x14980000,0x149d0000],  sp=0x149cf030,  free space=316k
Native frames: (J=compiled Java code, j=interpreted, Vv=VM code, C=native code)
C  [OpenNI.jni.dll+0x6c89]  Java_org_OpenNI_NativeMethods_xnUnregisterUserCallbacks+0x19
j  org.OpenNI.UserGenerator$1.unregisterNative(J)V+8
j  org.OpenNI.Observable.deleteObserver(Lorg/OpenNI/IObserver;)V+24
j  KinectPackage.SkeletonManager.reset()V+11
j  KinectPackage.SkeletonManager.access$8(LKinectPackage/SkeletonManager;)V+1
j  KinectPackage.SkeletonManager$LostUserObserver.update(Lorg/OpenNI/IObservable;Lorg/OpenNI/UserEventArgs;)V+183
j  KinectPackage.SkeletonManager$LostUserObserver.update(Lorg/OpenNI/IObservable;Ljava/lang/Object;)V+9
j  org.OpenNI.Observable.notify(Ljava/lang/Object;)V+30
j  org.OpenNI.UserGenerator$2.callback(I)V+9
v  ~StubRoutines::call_stub
V  [jvm.dll+0x12964a]
V  [jvm.dll+0x1d851e]
V  [jvm.dll+0x1296cd]
V  [jvm.dll+0xae4da]
V  [jvm.dll+0xb1d93]
C  [OpenNI.jni.dll+0x10ea]  JNI_OnUnload+0x6a
C  [XnVFeatures_1_5_2.dll+0x959a8]  xnModuleGetOpenNIVersion+0x57988
C  [XnVFeatures_1_5_2.dll+0x7b5d8]  xnModuleGetOpenNIVersion+0x3d5b8
C  [XnVFeatures_1_5_2.dll+0xb1538]  xnModuleGetOpenNIVersion+0x73518
C  [XnVFeatures_1_5_2.dll+0x95266]  xnModuleGetOpenNIVersion+0x57246
C  [OpenNI.jni.dll+0x2eab]  Java_org_OpenNI_NativeMethods_xnWaitAnyUpdateAll+0xb
j  org.OpenNI.Context.waitAnyUpdateAll()V+4
j  KinectPackage.KinectManager.run()V+12
j  java.lang.Thread.run()V+11
v  ~StubRoutines::call_stub
V  [jvm.dll+0x12964a]
V  [jvm.dll+0x1d851e]
V  [jvm.dll+0x129833]
V  [jvm.dll+0x129897]
V  [jvm.dll+0xd24af]
V  [jvm.dll+0x149977]
V  [jvm.dll+0x149ae0]
V  [jvm.dll+0x17e049]
C  [msvcr100.dll+0x5c6de]  endthreadex+0x3a
C  [msvcr100.dll+0x5c788]  endthreadex+0xe4
C  [kernel32.dll+0x4ed6c]  BaseThreadInitThunk+0x12
C  [ntdll.dll+0x6377b]  RtlInitializeExceptionChain+0xef
C  [ntdll.dll+0x6374e]  RtlInitializeExceptionChain+0xc2

Java frames: (J=compiled Java code, j=interpreted, Vv=VM code)
j  org.OpenNI.NativeMethods.xnUnregisterUserCallbacks(JJ)V+0
j  org.OpenNI.UserGenerator$1.unregisterNative(J)V+8
j  org.OpenNI.Observable.deleteObserver(Lorg/OpenNI/IObserver;)V+24
j  KinectPackage.SkeletonManager.reset()V+11
j  KinectPackage.SkeletonManager.access$8(LKinectPackage/SkeletonManager;)V+1
j  KinectPackage.SkeletonManager$LostUserObserver.update(Lorg/OpenNI/IObservable;Lorg/OpenNI/UserEventArgs;)V+183
j  KinectPackage.SkeletonManager$LostUserObserver.update(Lorg/OpenNI/IObservable;Ljava/lang/Object;)V+9
j  org.OpenNI.Observable.notify(Ljava/lang/Object;)V+30
j  org.OpenNI.UserGenerator$2.callback(I)V+9
v  ~StubRoutines::call_stub
j  org.OpenNI.NativeMethods.xnWaitAnyUpdateAll(J)I+0
j  org.OpenNI.Context.waitAnyUpdateAll()V+4
j  KinectPackage.KinectManager.run()V+12
j  java.lang.Thread.run()V+11
v  ~StubRoutines::call_stub

---------------  P R O C E S S  ---------------

Java Threads: ( => current thread )
  0x0076b400 JavaThread "DestroyJavaVM" [_thread_blocked, id=2056, stack(0x007a0000,0x007f0000)]
  0x166fb000 JavaThread "Thread-7" [_thread_in_native, id=1496, stack(0x18900000,0x18950000)]
  0x05b8ec00 JavaThread "Thread-6" [_thread_in_native, id=4368, stack(0x0ffb0000,0x10000000)]
  0x1662e400 JavaThread "AWT-Windows" daemon [_thread_in_native, id=5512, stack(0x186b0000,0x18700000)]
  0x17520800 JavaThread "Java2D Disposer" daemon [_thread_blocked, id=5244, stack(0x185c0000,0x18610000)]
=>0x05ae3800 JavaThread "Thread-1" [_thread_in_native, id=3572, stack(0x14980000,0x149d0000)]
  0x006b3c00 JavaThread "Service Thread" daemon [_thread_blocked, id=2212, stack(0x00cc0000,0x00d10000)]
  0x006af000 JavaThread "C1 CompilerThread0" daemon [_thread_blocked, id=1960, stack(0x00c50000,0x00ca0000)]
  0x006ad800 JavaThread "Attach Listener" daemon [_thread_blocked, id=5876, stack(0x00d20000,0x00d70000)]
  0x006aa400 JavaThread "Signal Dispatcher" daemon [_thread_blocked, id=1260, stack(0x00a30000,0x00a80000)]
  0x00694400 JavaThread "Finalizer" daemon [_thread_blocked, id=3268, stack(0x00b00000,0x00b50000)]
  0x00692800 JavaThread "Reference Handler" daemon [_thread_blocked, id=2516, stack(0x00b70000,0x00bc0000)]

Other Threads:
  0x00691400 VMThread [stack: 0x00990000,0x009e0000] [id=4780]
  0x006cf000 WatcherThread [stack: 0x00d90000,0x00de0000] [id=4188]

VM state:not at safepoint (normal execution)

VM Mutex/Monitor currently owned by a thread: None

Heap
 def new generation   total 78656K, used 33998K [0x23980000, 0x28ed0000, 0x28ed0000)
  eden space 69952K,  48% used [0x23980000, 0x25aa4c60, 0x27dd0000)
  from space 8704K,   0% used [0x28650000, 0x2865ee08, 0x28ed0000)
  to   space 8704K,   0% used [0x27dd0000, 0x27dd0000, 0x28650000)
 tenured generation   total 174784K, used 27244K [0x28ed0000, 0x33980000, 0x33980000)
   the space 174784K,  15% used [0x28ed0000, 0x2a96b1a8, 0x2a96b200, 0x33980000)
 compacting perm gen  total 12288K, used 3092K [0x33980000, 0x34580000, 0x37980000)
   the space 12288K,  25% used [0x33980000, 0x33c85020, 0x33c85200, 0x34580000)
    ro space 10240K,  42% used [0x37980000, 0x37dbe580, 0x37dbe600, 0x38380000)
    rw space 12288K,  54% used [0x38380000, 0x389ff128, 0x389ff200, 0x38f80000)

Code Cache  [0x01da0000, 0x01f48000, 0x03da0000)
 total_blobs=995 nmethods=705 adapters=225 free_code_cache=31100Kb largest_free_block=31847040

Compilation events (10 events):
Event: 27.208 Thread 0x006af000  698             KinectPackage.KinectDataEvent::<init> (15 bytes)
Event: 27.208 Thread 0x006af000 nmethod 698 0x01f40208 code [0x01f40300, 0x01f40390]
Event: 27.208 Thread 0x006af000  699             KinectPackage.KinectDataEvent::setUserId (6 bytes)
Event: 27.208 Thread 0x006af000 nmethod 699 0x01f403c8 code [0x01f404c0, 0x01f40540]
Event: 27.208 Thread 0x006af000  700             KinectPackage.KinectDataEvent::setKinectData (6 bytes)
Event: 27.208 Thread 0x006af000 nmethod 700 0x01f40588 code [0x01f40680, 0x01f40710]
Event: 27.665 Thread 0x006af000  701             java.util.concurrent.locks.AbstractQueuedSynchronizer::unparkSuccessor (84 bytes)
Event: 27.666 Thread 0x006af000 nmethod 701 0x01f40748 code [0x01f40850, 0x01f4097c]
Event: 28.008 Thread 0x006af000  702             java.lang.String::toCharArray (20 bytes)
Event: 28.008 Thread 0x006af000 nmethod 702 0x01f40ac8 code [0x01f40bd0, 0x01f40d0c]

GC Heap History (10 events):
Event: 27.763 GC heap before
{Heap before GC invocations=87 (full 43):
 def new generation   total 78656K, used 70004K [0x23980000, 0x28ed0000, 0x28ed0000)
  eden space 69952K, 100% used [0x23980000, 0x27dd0000, 0x27dd0000)
  from space 8704K,   0% used [0x27dd0000, 0x27ddd0b8, 0x28650000)
  to   space 8704K,   0% used [0x28650000, 0x28650000, 0x28ed0000)
 tenured generation   total 174784K, used 27244K [0x28ed0000, 0x33980000, 0x33980000)
   the space 174784K,  15% used [0x28ed0000, 0x2a96b120, 0x2a96b200, 0x33980000)
 compacting perm gen  total 12288K, used 3092K [0x33980000, 0x34580000, 0x37980000)
   the space 12288K,  25% used [0x33980000, 0x33c85020, 0x33c85200, 0x34580000)
    ro space 10240K,  42% used [0x37980000, 0x37dbe580, 0x37dbe600, 0x38380000)
    rw space 12288K,  54% used [0x38380000, 0x389ff128, 0x389ff200, 0x38f80000)
Event: 27.763 GC heap after
Heap after GC invocations=88 (full 43):
 def new generation   total 78656K, used 52K [0x23980000, 0x28ed0000, 0x28ed0000)
  eden space 69952K,   0% used [0x23980000, 0x23980000, 0x27dd0000)
  from space 8704K,   0% used [0x28650000, 0x2865d350, 0x28ed0000)
  to   space 8704K,   0% used [0x27dd0000, 0x27dd0000, 0x28650000)
 tenured generation   total 174784K, used 27244K [0x28ed0000, 0x33980000, 0x33980000)
   the space 174784K,  15% used [0x28ed0000, 0x2a96b1a8, 0x2a96b200, 0x33980000)
 compacting perm gen  total 12288K, used 3092K [0x33980000, 0x34580000, 0x37980000)
   the space 12288K,  25% used [0x33980000, 0x33c85020, 0x33c85200, 0x34580000)
    ro space 10240K,  42% used [0x37980000, 0x37dbe580, 0x37dbe600, 0x38380000)
    rw space 12288K,  54% used [0x38380000, 0x389ff128, 0x389ff200, 0x38f80000)
}
Event: 27.996 GC heap before
{Heap before GC invocations=88 (full 43):
 def new generation   total 78656K, used 70004K [0x23980000, 0x28ed0000, 0x28ed0000)
  eden space 69952K, 100% used [0x23980000, 0x27dd0000, 0x27dd0000)
  from space 8704K,   0% used [0x28650000, 0x2865d350, 0x28ed0000)
  to   space 8704K,   0% used [0x27dd0000, 0x27dd0000, 0x28650000)
 tenured generation   total 174784K, used 27244K [0x28ed0000, 0x33980000, 0x33980000)
   the space 174784K,  15% used [0x28ed0000, 0x2a96b1a8, 0x2a96b200, 0x33980000)
 compacting perm gen  total 12288K, used 3092K [0x33980000, 0x34580000, 0x37980000)
   the space 12288K,  25% used [0x33980000, 0x33c85020, 0x33c85200, 0x34580000)
    ro space 10240K,  42% used [0x37980000, 0x37dbe580, 0x37dbe600, 0x38380000)
    rw space 12288K,  54% used [0x38380000, 0x389ff128, 0x389ff200, 0x38f80000)
Event: 27.996 GC heap after
Heap after GC invocations=89 (full 43):
 def new generation   total 78656K, used 46K [0x23980000, 0x28ed0000, 0x28ed0000)
  eden space 69952K,   0% used [0x23980000, 0x23980000, 0x27dd0000)
  from space 8704K,   0% used [0x27dd0000, 0x27ddba38, 0x28650000)
  to   space 8704K,   0% used [0x28650000, 0x28650000, 0x28ed0000)
 tenured generation   total 174784K, used 27244K [0x28ed0000, 0x33980000, 0x33980000)
   the space 174784K,  15% used [0x28ed0000, 0x2a96b1a8, 0x2a96b200, 0x33980000)
 compacting perm gen  total 12288K, used 3092K [0x33980000, 0x34580000, 0x37980000)
   the space 12288K,  25% used [0x33980000, 0x33c85020, 0x33c85200, 0x34580000)
    ro space 10240K,  42% used [0x37980000, 0x37dbe580, 0x37dbe600, 0x38380000)
    rw space 12288K,  54% used [0x38380000, 0x389ff128, 0x389ff200, 0x38f80000)
}
Event: 28.291 GC heap before
{Heap before GC invocations=89 (full 43):
 def new generation   total 78656K, used 69998K [0x23980000, 0x28ed0000, 0x28ed0000)
  eden space 69952K, 100% used [0x23980000, 0x27dd0000, 0x27dd0000)
  from space 8704K,   0% used [0x27dd0000, 0x27ddba38, 0x28650000)
  to   space 8704K,   0% used [0x28650000, 0x28650000, 0x28ed0000)
 tenured generation   total 174784K, used 27244K [0x28ed0000, 0x33980000, 0x33980000)
   the space 174784K,  15% used [0x28ed0000, 0x2a96b1a8, 0x2a96b200, 0x33980000)
 compacting perm gen  total 12288K, used 3092K [0x33980000, 0x34580000, 0x37980000)
   the space 12288K,  25% used [0x33980000, 0x33c85020, 0x33c85200, 0x34580000)
    ro space 10240K,  42% used [0x37980000, 0x37dbe580, 0x37dbe600, 0x38380000)
    rw space 12288K,  54% used [0x38380000, 0x389ff128, 0x389ff200, 0x38f80000)
Event: 28.292 GC heap after
Heap after GC invocations=90 (full 43):
 def new generation   total 78656K, used 60K [0x23980000, 0x28ed0000, 0x28ed0000)
  eden space 69952K,   0% used [0x23980000, 0x23980000, 0x27dd0000)
  from space 8704K,   0% used [0x28650000, 0x2865f110, 0x28ed0000)
  to   space 8704K,   0% used [0x27dd0000, 0x27dd0000, 0x28650000)
 tenured generation   total 174784K, used 27244K [0x28ed0000, 0x33980000, 0x33980000)
   the space 174784K,  15% used [0x28ed0000, 0x2a96b1a8, 0x2a96b200, 0x33980000)
 compacting perm gen  total 12288K, used 3092K [0x33980000, 0x34580000, 0x37980000)
   the space 12288K,  25% used [0x33980000, 0x33c85020, 0x33c85200, 0x34580000)
    ro space 10240K,  42% used [0x37980000, 0x37dbe580, 0x37dbe600, 0x38380000)
    rw space 12288K,  54% used [0x38380000, 0x389ff128, 0x389ff200, 0x38f80000)
}
Event: 28.556 GC heap before
{Heap before GC invocations=90 (full 43):
 def new generation   total 78656K, used 70012K [0x23980000, 0x28ed0000, 0x28ed0000)
  eden space 69952K, 100% used [0x23980000, 0x27dd0000, 0x27dd0000)
  from space 8704K,   0% used [0x28650000, 0x2865f110, 0x28ed0000)
  to   space 8704K,   0% used [0x27dd0000, 0x27dd0000, 0x28650000)
 tenured generation   total 174784K, used 27244K [0x28ed0000, 0x33980000, 0x33980000)
   the space 174784K,  15% used [0x28ed0000, 0x2a96b1a8, 0x2a96b200, 0x33980000)
 compacting perm gen  total 12288K, used 3092K [0x33980000, 0x34580000, 0x37980000)
   the space 12288K,  25% used [0x33980000, 0x33c85020, 0x33c85200, 0x34580000)
    ro space 10240K,  42% used [0x37980000, 0x37dbe580, 0x37dbe600, 0x38380000)
    rw space 12288K,  54% used [0x38380000, 0x389ff128, 0x389ff200, 0x38f80000)
Event: 28.557 GC heap after
Heap after GC invocations=91 (full 43):
 def new generation   total 78656K, used 52K [0x23980000, 0x28ed0000, 0x28ed0000)
  eden space 69952K,   0% used [0x23980000, 0x23980000, 0x27dd0000)
  from space 8704K,   0% used [0x27dd0000, 0x27ddd060, 0x28650000)
  to   space 8704K,   0% used [0x28650000, 0x28650000, 0x28ed0000)
 tenured generation   total 174784K, used 27244K [0x28ed0000, 0x33980000, 0x33980000)
   the space 174784K,  15% used [0x28ed0000, 0x2a96b1a8, 0x2a96b200, 0x33980000)
 compacting perm gen  total 12288K, used 3092K [0x33980000, 0x34580000, 0x37980000)
   the space 12288K,  25% used [0x33980000, 0x33c85020, 0x33c85200, 0x34580000)
    ro space 10240K,  42% used [0x37980000, 0x37dbe580, 0x37dbe600, 0x38380000)
    rw space 12288K,  54% used [0x38380000, 0x389ff128, 0x389ff200, 0x38f80000)
}
Event: 28.855 GC heap before
{Heap before GC invocations=91 (full 43):
 def new generation   total 78656K, used 70004K [0x23980000, 0x28ed0000, 0x28ed0000)
  eden space 69952K, 100% used [0x23980000, 0x27dd0000, 0x27dd0000)
  from space 8704K,   0% used [0x27dd0000, 0x27ddd060, 0x28650000)
  to   space 8704K,   0% used [0x28650000, 0x28650000, 0x28ed0000)
 tenured generation   total 174784K, used 27244K [0x28ed0000, 0x33980000, 0x33980000)
   the space 174784K,  15% used [0x28ed0000, 0x2a96b1a8, 0x2a96b200, 0x33980000)
 compacting perm gen  total 12288K, used 3092K [0x33980000, 0x34580000, 0x37980000)
   the space 12288K,  25% used [0x33980000, 0x33c85020, 0x33c85200, 0x34580000)
    ro space 10240K,  42% used [0x37980000, 0x37dbe580, 0x37dbe600, 0x38380000)
    rw space 12288K,  54% used [0x38380000, 0x389ff128, 0x389ff200, 0x38f80000)
Event: 28.856 GC heap after
Heap after GC invocations=92 (full 43):
 def new generation   total 78656K, used 59K [0x23980000, 0x28ed0000, 0x28ed0000)
  eden space 69952K,   0% used [0x23980000, 0x23980000, 0x27dd0000)
  from space 8704K,   0% used [0x28650000, 0x2865ee08, 0x28ed0000)
  to   space 8704K,   0% used [0x27dd0000, 0x27dd0000, 0x28650000)
 tenured generation   total 174784K, used 27244K [0x28ed0000, 0x33980000, 0x33980000)
   the space 174784K,  15% used [0x28ed0000, 0x2a96b1a8, 0x2a96b200, 0x33980000)
 compacting perm gen  total 12288K, used 3092K [0x33980000, 0x34580000, 0x37980000)
   the space 12288K,  25% used [0x33980000, 0x33c85020, 0x33c85200, 0x34580000)
    ro space 10240K,  42% used [0x37980000, 0x37dbe580, 0x37dbe600, 0x38380000)
    rw space 12288K,  54% used [0x38380000, 0x389ff128, 0x389ff200, 0x38f80000)
}

Deoptimization events (0 events):
No events

Internal exceptions (10 events):
Event: 19.795 Thread 0x00e1d400 Threw 0x250ee450 at C:\jdk7u5_32P\jdk7u5\hotspot\src\share\vm\interpreter\interpreterRuntime.cpp:347
Event: 19.796 Thread 0x00e1d400 Threw 0x250ef300 at C:\jdk7u5_32P\jdk7u5\hotspot\src\share\vm\prims\jvm.cpp:1166
Event: 19.796 Thread 0x00e1d400 Threw 0x25251480 at C:\jdk7u5_32P\jdk7u5\hotspot\src\share\vm\prims\jvm.cpp:1166
Event: 19.797 Thread 0x00e1d400 Threw 0x25254710 at C:\jdk7u5_32P\jdk7u5\hotspot\src\share\vm\prims\jvm.cpp:1166
Event: 19.797 Thread 0x00e1d400 Threw 0x25257248 at C:\jdk7u5_32P\jdk7u5\hotspot\src\share\vm\prims\jvm.cpp:1166
Event: 19.798 Thread 0x00e1d400 Threw 0x252593f0 at C:\jdk7u5_32P\jdk7u5\hotspot\src\share\vm\prims\jvm.cpp:1166
Event: 19.800 Thread 0x05b8ec00 Threw 0x24fb5de0 at C:\jdk7u5_32P\jdk7u5\hotspot\src\share\vm\interpreter\interpreterRuntime.cpp:347
Event: 19.800 Thread 0x05b8ec00 Threw 0x24fb7418 at C:\jdk7u5_32P\jdk7u5\hotspot\src\share\vm\prims\jvm.cpp:1166
Event: 19.801 Thread 0x16656800 Threw 0x24e4a850 at C:\jdk7u5_32P\jdk7u5\hotspot\src\share\vm\interpreter\interpreterRuntime.cpp:347
Event: 20.945 Thread 0x166fb000 Threw 0x24c5d5a8 at C:\jdk7u5_32P\jdk7u5\hotspot\src\share\vm\prims\jvm.cpp:1166

Events (10 events):
Event: 28.923 Thread 0x17463800 Thread exited: 0x17463800
Event: 28.927 Thread 0x17464c00 Thread exited: 0x17464c00
Event: 28.938 Thread 0x17464c00 Thread added: 0x17464c00
Event: 28.938 Thread 0x17463800 Thread added: 0x17463800
Event: 28.939 Thread 0x17463800 Thread exited: 0x17463800
Event: 28.943 Thread 0x17464c00 Thread exited: 0x17464c00
Event: 28.952 Thread 0x17464c00 Thread added: 0x17464c00
Event: 28.952 Thread 0x17463800 Thread added: 0x17463800
Event: 28.953 Thread 0x17463800 Thread exited: 0x17463800
Event: 28.956 Thread 0x17464c00 Thread exited: 0x17464c00


Dynamic libraries:
0x01170000 - 0x0119f000 	C:\Windows\system32\java.exe
0x77b30000 - 0x77c6c000 	C:\Windows\SYSTEM32\ntdll.dll
0x774a0000 - 0x77574000 	C:\Windows\system32\kernel32.dll
0x75ef0000 - 0x75f3a000 	C:\Windows\system32\KERNELBASE.dll
0x77360000 - 0x77400000 	C:\Windows\system32\ADVAPI32.dll
0x77580000 - 0x7762c000 	C:\Windows\system32\msvcrt.dll
0x77340000 - 0x77359000 	C:\Windows\SYSTEM32\sechost.dll
0x77630000 - 0x776d1000 	C:\Windows\system32\RPCRT4.dll
0x77a60000 - 0x77b29000 	C:\Windows\system32\USER32.dll
0x77400000 - 0x7744e000 	C:\Windows\system32\GDI32.dll
0x76310000 - 0x7631a000 	C:\Windows\system32\LPK.dll
0x779c0000 - 0x77a5d000 	C:\Windows\system32\USP10.dll
0x749f0000 - 0x74b8e000 	C:\Windows\WinSxS\x86_microsoft.windows.common-controls_6595b64144ccf1df_6.0.7601.17514_none_41e6975e2bd6f2b2\COMCTL32.dll
0x77c90000 - 0x77ce7000 	C:\Windows\system32\SHLWAPI.dll
0x77450000 - 0x7746f000 	C:\Windows\system32\IMM32.DLL
0x77270000 - 0x7733c000 	C:\Windows\system32\MSCTF.dll
0x6bf60000 - 0x6c01e000 	C:\Program Files\Java\jre7\bin\msvcr100.dll
0x5e4e0000 - 0x5e82a000 	C:\Program Files\Java\jre7\bin\client\jvm.dll
0x69320000 - 0x69327000 	C:\Windows\system32\WSOCK32.dll
0x765e0000 - 0x76615000 	C:\Windows\system32\WS2_32.dll
0x77c80000 - 0x77c86000 	C:\Windows\system32\NSI.dll
0x74150000 - 0x74182000 	C:\Windows\system32\WINMM.dll
0x77cf0000 - 0x77cf5000 	C:\Windows\system32\PSAPI.DLL
0x73f30000 - 0x73f3c000 	C:\Program Files\Java\jre7\bin\verify.dll
0x73ac0000 - 0x73ae0000 	C:\Program Files\Java\jre7\bin\java.dll
0x73c20000 - 0x73c33000 	C:\Program Files\Java\jre7\bin\zip.dll
0x70cf0000 - 0x70d04000 	C:\Program Files\Java\jre7\bin\net.dll
0x75730000 - 0x7576c000 	C:\Windows\system32\mswsock.dll
0x75720000 - 0x75726000 	C:\Windows\System32\wship6.dll
0x10000000 - 0x1000c000 	C:\Windows\System32\LibusbJava.dll
0x70d60000 - 0x70d71000 	C:\Windows\system32\libusb0.dll
0x76440000 - 0x765dd000 	C:\Windows\system32\SETUPAPI.dll
0x75f40000 - 0x75f67000 	C:\Windows\system32\CFGMGR32.dll
0x76010000 - 0x7609f000 	C:\Windows\system32\OLEAUT32.dll
0x761b0000 - 0x7630c000 	C:\Windows\system32\ole32.dll
0x75f70000 - 0x75f82000 	C:\Windows\system32\DEVOBJ.dll
0x70b20000 - 0x70b3e000 	C:\Program Files\OpenNI\Bin\OpenNI.jni.dll
0x70c10000 - 0x70c60000 	C:\Program Files\OpenNI\Bin\OpenNI.dll
0x76620000 - 0x7726a000 	C:\Windows\system32\SHELL32.dll
0x70cb0000 - 0x70cc8000 	C:\Program Files\OpenNI\bin\nimRecorder.dll
0x70bb0000 - 0x70bca000 	C:\Program Files\OpenNI\bin\nimMockNodes.dll
0x70b60000 - 0x70ba9000 	C:\Program Files\OpenNI\bin\nimCodecs.dll
0x70b40000 - 0x70b60000 	C:\Program Files\PrimeSense\SensorKinect\Bin\XnDeviceFile.dll
0x73f50000 - 0x73f5b000 	C:\Program Files\PrimeSense\SensorKinect\Bin\XnCore.dll
0x6a6b0000 - 0x6a753000 	C:\Windows\WinSxS\x86_microsoft.vc90.crt_1fc8b3b9a1e18e3b_9.0.30729.6161_none_50934f2ebcb7eb57\MSVCR90.dll
0x6ecb0000 - 0x6ece8000 	C:\Program Files\PrimeSense\SensorKinect\Bin\XnDDK.dll
0x6c020000 - 0x6c064000 	C:\Program Files\PrimeSense\SensorKinect\Bin\XnFormats.dll
0x6a660000 - 0x6a6af000 	C:\Program Files\PrimeSense\SensorKinect\Bin\XnDeviceSensorV2KM.dll
0x62280000 - 0x62518000 	C:\Program Files\PrimeSense\NITE\Features_1_3_0\Bin\XnVFeatures_1_3_0.dll
0x69480000 - 0x6950e000 	C:\Windows\WinSxS\x86_microsoft.vc90.crt_1fc8b3b9a1e18e3b_9.0.30729.6161_none_50934f2ebcb7eb57\MSVCP90.dll
0x65ed0000 - 0x6611f000 	C:\Program Files\PrimeSense\NITE\Features_1_3_1\Bin\XnVFeatures_1_3_1.dll
0x61790000 - 0x619a9000 	C:\Program Files\PrimeSense\NITE\Features_1_4_1\Bin\XnVFeatures_1_4_1.dll
0x61570000 - 0x61786000 	C:\Program Files\PrimeSense\NITE\Features_1_4_2\Bin\XnVFeatures_1_4_2.dll
0x61260000 - 0x61567000 	C:\Program Files\PrimeSense\NITE\Features_1_5_2\Bin\XnVFeatures_1_5_2.dll
0x6a4b0000 - 0x6a587000 	C:\Program Files\PrimeSense\NITE\Hands_1_3_0\Bin\XnVHandGenerator_1_3_0.dll
0x67610000 - 0x676ec000 	C:\Program Files\PrimeSense\NITE\Hands_1_3_1\Bin\XnVHandGenerator_1_3_1.dll
0x67530000 - 0x6760d000 	C:\Program Files\PrimeSense\NITE\Hands_1_4_1\Bin\XnVHandGenerator_1_4_1.dll
0x65cd0000 - 0x65dad000 	C:\Program Files\PrimeSense\NITE\Hands_1_4_2\Bin\XnVHandGenerator_1_4_2.dll
0x66c10000 - 0x66cfc000 	C:\Program Files\PrimeSense\NITE\Hands_1_5_2\Bin\XnVHandGenerator_1_5_2.dll
0x749b0000 - 0x749f0000 	C:\Windows\system32\uxtheme.dll
0x75f90000 - 0x75fbd000 	C:\Windows\system32\WINTRUST.dll
0x75d40000 - 0x75e5e000 	C:\Windows\system32\CRYPT32.dll
0x75d30000 - 0x75d3c000 	C:\Windows\system32\MSASN1.dll
0x75240000 - 0x75245000 	C:\Windows\System32\wshtcpip.dll
0x73f40000 - 0x73f4f000 	C:\Program Files\Java\jre7\bin\nio.dll
0x6be10000 - 0x6bf52000 	C:\Program Files\Java\jre7\bin\awt.dll
0x746d0000 - 0x746e3000 	C:\Windows\system32\dwmapi.dll
0x75c40000 - 0x75c4c000 	C:\Windows\system32\CRYPTBASE.dll
0x73c10000 - 0x73c16000 	C:\Program Files\Java\jre7\bin\jawt.dll
0x184d0000 - 0x185a3000 	C:\Windows\System32\j3dcore-d3d.dll
0x723d0000 - 0x72593000 	C:\Windows\system32\d3d9.dll
0x75170000 - 0x75179000 	C:\Windows\system32\VERSION.dll
0x72340000 - 0x72346000 	C:\Windows\system32\d3d8thk.dll
0x74310000 - 0x7434c000 	C:\Windows\system32\OLEACC.dll
0x6f590000 - 0x6f5e1000 	C:\Windows\system32\WINSPOOL.DRV
0x73f70000 - 0x7405b000 	C:\Windows\system32\dbghelp.dll

VM Arguments:
jvm_args: -Djava 
java_command: SANDRAExecutable.jar 193.156.105.142 7540 kinectJoints
Launcher Type: SUN_STANDARD

Environment Variables:
CLASSPATH=C:\Program Files\OpenNI\Bin\org.OpenNI.jar
PATH=C:\Program Files\Intel\iCLS Client\;C:\Program Files\AMD APP\bin\x86;C:\Windows\system32;C:\Windows;C:\Windows\System32\Wbem;C:\Windows\System32\WindowsPowerShell\v1.0\;C:\Program Files\ATI Technologies\ATI.ACE\Core-Static;C:\Users\norut\AppData\Roaming\npm;C:\Program Files\nodejs\;C:\Program Files\Intel\Intel(R) Management Engine Components\DAL;C:\Program Files\Intel\Intel(R) Management Engine Components\IPT;C:\Program Files\OpenNI\Bin;C:\Program Files\PrimeSense\NITE\bin;C:\Program Files\AMD APP\bin\x86;C:\Windows\system32;C:\Windows;C:\Windows\System32\Wbem;C:\Windows\System32\WindowsPowerShell\v1.0\;C:\Program Files\ATI Technologies\ATI.ACE\Core-Static;C:\Program Files\nodejs
USERNAME=norut
OS=Windows_NT
PROCESSOR_IDENTIFIER=x86 Family 6 Model 58 Stepping 9, GenuineIntel



---------------  S Y S T E M  ---------------

OS: Windows 7 Build 7601 Service Pack 1

CPU:total 4 (4 cores per cpu, 1 threads per core) family 6 model 58 stepping 9, cmov, cx8, fxsr, mmx, sse, sse2, sse3, ssse3, sse4.1, sse4.2, popcnt, avx, tsc, tscinvbit, tscinv

Memory: 4k page, physical 3638896k(2030376k free), swap 7276036k(5100484k free)

vm_info: Java HotSpot(TM) Client VM (23.1-b03) for windows-x86 JRE (1.7.0_05-b05), built on May 15 2012 18:11:27 by "java_re" with unknown MS VC++:1600

time: Thu Jul 12 10:09:05 2012
elapsed time: 29 seconds

