#
# A fatal error has been detected by the Java Runtime Environment:
#
#  EXCEPTION_ACCESS_VIOLATION (0xc0000005) at pc=0x00c33be8, pid=5404, tid=5296
#
# JRE version: 7.0_05-b05
# Java VM: Java HotSpot(TM) Client VM (23.1-b03 mixed mode, sharing windows-x86 )
# Problematic frame:
# C  0x00c33be8
#
# Failed to write core dump. Minidumps are not enabled by default on client versions of Windows
#
# If you would like to submit a bug report, please visit:
#   http://bugreport.sun.com/bugreport/crash.jsp
# The crash happened outside the Java Virtual Machine in native code.
# See problematic frame for where to report the bug.
#

---------------  T H R E A D  ---------------

Current thread (0x06051800):  JavaThread "Thread-1" [_thread_in_native, id=5296, stack(0x03b20000,0x03b70000)]

siginfo: ExceptionCode=0xc0000005, ExceptionInformation=0x00000008 0x00c33be8

Registers:
EAX=0x00c1b528, EBX=0x33a4eae8, ECX=0x00cd2720, EDX=0x00c33be8
ESP=0x03b6eb1c, EBP=0x03b6eb74, ESI=0x0417dcc8, EDI=0x06051800
EIP=0x00c33be8, EFLAGS=0x00010206

Top of Stack: (sp=0x03b6eb1c)
0x03b6eb1c:   6d9b6c95 00c1b528 00cd2720 33a4eae8
0x03b6eb2c:   01b2a707 06051928 03b6eb7c 0417a0e8
0x03b6eb3c:   00000000 0417dcc8 00000000 03b6eb98
0x03b6eb4c:   00d05684 00d05684 03b6eb54 00000000
0x03b6eb5c:   03b6eb90 33a528e0 00000000 33a4eae8
0x03b6eb6c:   00000000 03b6eb84 03b6ebb4 01b232c7
0x03b6eb7c:   28f5ad18 01b28989 0417dcc8 00000000
0x03b6eb8c:   0417a0e8 00000000 03b6eb94 33a597f8 

Instructions: (pc=0x00c33be8)
0x00c33bc8:   00 00 00 00 00 00 00 00 00 00 00 00 00 00 00 00
0x00c33bd8:   00 00 00 00 00 00 00 00 00 00 00 00 00 00 00 00
0x00c33be8:   00 b5 c1 00 07 00 03 00 e8 fa 00 04 48 00 c2 00
0x00c33bf8:   93 01 00 00 00 00 00 00 00 00 00 00 00 00 00 00 


Register to memory mapping:

EAX=0x00c1b528 is an unknown value
EBX=0x33a4eae8 is an oop
{method} 
 - klass: {other class}
ECX=0x00cd2720 is a global jni handle
EDX=0x00c33be8 is an unknown value
ESP=0x03b6eb1c is pointing into the stack for thread: 0x06051800
EBP=0x03b6eb74 is pointing into the stack for thread: 0x06051800
ESI=0x0417dcc8 is an unknown value
EDI=0x06051800 is a thread


Stack: [0x03b20000,0x03b70000],  sp=0x03b6eb1c,  free space=314k
Native frames: (J=compiled Java code, j=interpreted, Vv=VM code, C=native code)
C  0x00c33be8
j  org.OpenNI.UserGenerator$2.unregisterNative(J)V+8
j  org.OpenNI.Observable.deleteObserver(Lorg/OpenNI/IObserver;)V+24
j  KinectPackage.SkeletonManager.reset()V+27
j  KinectPackage.SkeletonManager.access$8(LKinectPackage/SkeletonManager;)V+1
j  KinectPackage.SkeletonManager$LostUserObserver.update(Lorg/OpenNI/IObservable;Lorg/OpenNI/UserEventArgs;)V+183
j  KinectPackage.SkeletonManager$LostUserObserver.update(Lorg/OpenNI/IObservable;Ljava/lang/Object;)V+9
j  org.OpenNI.Observable.notify(Ljava/lang/Object;)V+30
j  org.OpenNI.UserGenerator$2.callback(I)V+9
v  ~StubRoutines::call_stub
V  [jvm.dll+0x12964a]
V  [jvm.dll+0x1d851e]
V  [jvm.dll+0x1296cd]
V  [jvm.dll+0xae4da]
V  [jvm.dll+0xb1d93]
C  [OpenNI.jni.dll+0x10ea]  JNI_OnUnload+0x6a
C  [XnVFeatures_1_5_2.dll+0x959a8]  xnModuleGetOpenNIVersion+0x57988
C  [XnVFeatures_1_5_2.dll+0x7b5d8]  xnModuleGetOpenNIVersion+0x3d5b8
C  [XnVFeatures_1_5_2.dll+0xb1538]  xnModuleGetOpenNIVersion+0x73518
C  [XnVFeatures_1_5_2.dll+0x95266]  xnModuleGetOpenNIVersion+0x57246
C  [OpenNI.jni.dll+0x2eab]  Java_org_OpenNI_NativeMethods_xnWaitAnyUpdateAll+0xb
J  org.OpenNI.Context.waitAnyUpdateAll()V
j  java.lang.Thread.run()V+11
v  ~StubRoutines::call_stub
V  [jvm.dll+0x12964a]
V  [jvm.dll+0x1d851e]
V  [jvm.dll+0x129833]
V  [jvm.dll+0x129897]
V  [jvm.dll+0xd24af]
V  [jvm.dll+0x149977]
V  [jvm.dll+0x149ae0]
V  [jvm.dll+0x17e049]
C  [msvcr100.dll+0x5c6de]  endthreadex+0x3a
C  [msvcr100.dll+0x5c788]  endthreadex+0xe4
C  [kernel32.dll+0x4ed6c]  BaseThreadInitThunk+0x12
C  [ntdll.dll+0x6377b]  RtlInitializeExceptionChain+0xef
C  [ntdll.dll+0x6374e]  RtlInitializeExceptionChain+0xc2

Java frames: (J=compiled Java code, j=interpreted, Vv=VM code)
j  org.OpenNI.NativeMethods.xnUnregisterUserCallbacks(JJ)V+0
j  org.OpenNI.UserGenerator$2.unregisterNative(J)V+8
j  org.OpenNI.Observable.deleteObserver(Lorg/OpenNI/IObserver;)V+24
j  KinectPackage.SkeletonManager.reset()V+27
j  KinectPackage.SkeletonManager.access$8(LKinectPackage/SkeletonManager;)V+1
j  KinectPackage.SkeletonManager$LostUserObserver.update(Lorg/OpenNI/IObservable;Lorg/OpenNI/UserEventArgs;)V+183
j  KinectPackage.SkeletonManager$LostUserObserver.update(Lorg/OpenNI/IObservable;Ljava/lang/Object;)V+9
j  org.OpenNI.Observable.notify(Ljava/lang/Object;)V+30
j  org.OpenNI.UserGenerator$2.callback(I)V+9
v  ~StubRoutines::call_stub
J  org.OpenNI.NativeMethods.xnWaitAnyUpdateAll(J)I
J  org.OpenNI.Context.waitAnyUpdateAll()V
j  KinectPackage.KinectManager.run()V+12
j  java.lang.Thread.run()V+11
v  ~StubRoutines::call_stub

---------------  P R O C E S S  ---------------

Java Threads: ( => current thread )
  0x152a2000 JavaThread "DestroyJavaVM" [_thread_blocked, id=4912, stack(0x00ad0000,0x00b20000)]
  0x15253400 JavaThread "Thread-20" [_thread_in_Java, id=4936, stack(0x19a20000,0x19a70000)]
  0x151f0c00 JavaThread "Thread-6" [_thread_in_Java, id=4736, stack(0x04930000,0x04980000)]
  0x15404400 JavaThread "Thread-5" [_thread_in_native, id=5648, stack(0x19ad0000,0x19b20000)]
  0x15403c00 JavaThread "AWT-Windows" daemon [_thread_in_native, id=5204, stack(0x19a70000,0x19ac0000)]
  0x03f88400 JavaThread "Java2D Disposer" daemon [_thread_blocked, id=5628, stack(0x171d0000,0x17220000)]
=>0x06051800 JavaThread "Thread-1" [_thread_in_native, id=5296, stack(0x03b20000,0x03b70000)]
  0x00d04000 JavaThread "Service Thread" daemon [_thread_blocked, id=5000, stack(0x03f30000,0x03f80000)]
  0x00cf0000 JavaThread "C1 CompilerThread0" daemon [_thread_blocked, id=3044, stack(0x01a60000,0x01ab0000)]
  0x00cee400 JavaThread "Attach Listener" daemon [_thread_blocked, id=5748, stack(0x03d50000,0x03da0000)]
  0x00ceb000 JavaThread "Signal Dispatcher" daemon [_thread_blocked, id=4808, stack(0x03dd0000,0x03e20000)]
  0x00cd4400 JavaThread "Finalizer" daemon [_thread_blocked, id=4256, stack(0x03c90000,0x03ce0000)]
  0x00cd2800 JavaThread "Reference Handler" daemon [_thread_blocked, id=4508, stack(0x03b90000,0x03be0000)]

Other Threads:
  0x00cd1400 VMThread [stack: 0x03c30000,0x03c80000] [id=4316]
  0x03f80c00 WatcherThread [stack: 0x03e60000,0x03eb0000] [id=4824]

VM state:not at safepoint (normal execution)

VM Mutex/Monitor currently owned by a thread: None

Heap
 def new generation   total 78656K, used 13944K [0x23980000, 0x28ed0000, 0x28ed0000)
  eden space 69952K,  19% used [0x23980000, 0x2471cf90, 0x27dd0000)
  from space 8704K,   0% used [0x27dd0000, 0x27dd1458, 0x28650000)
  to   space 8704K,   0% used [0x28650000, 0x28650000, 0x28ed0000)
 tenured generation   total 174784K, used 105061K [0x28ed0000, 0x33980000, 0x33980000)
   the space 174784K,  60% used [0x28ed0000, 0x2f569498, 0x2f569600, 0x33980000)
 compacting perm gen  total 12288K, used 2918K [0x33980000, 0x34580000, 0x37980000)
   the space 12288K,  23% used [0x33980000, 0x33c59ba0, 0x33c59c00, 0x34580000)
    ro space 10240K,  42% used [0x37980000, 0x37dbe580, 0x37dbe600, 0x38380000)
    rw space 12288K,  54% used [0x38380000, 0x389ff128, 0x389ff200, 0x38f80000)

Code Cache  [0x01b20000, 0x01ce0000, 0x03b20000)
 total_blobs=1088 nmethods=806 adapters=217 free_code_cache=30993Kb largest_free_block=31737664

Compilation events (10 events):
Event: 40.552 Thread 0x00cf0000  797             org.OpenNI.Context::waitAnyUpdateAll (13 bytes)
Event: 40.552 Thread 0x00cf0000 nmethod 797 0x01cda408 code [0x01cda520, 0x01cda648]
Event: 40.769 Thread 0x00cf0000  798             KinectPackage.MotorCommunicator::getLED (5 bytes)
Event: 40.769 Thread 0x00cf0000 nmethod 798 0x01cda748 code [0x01cda840, 0x01cda8c0]
Event: 42.122 Thread 0x00cf0000  799             java.nio.charset.Charset::lookup (44 bytes)
Event: 42.122 Thread 0x00cf0000 nmethod 799 0x01cda908 code [0x01cdaa30, 0x01cdabe4]
Event: 42.520 Thread 0x00cf0000  800             control.SharedSocket::getSharedSocket (113 bytes)
Event: 42.520 Thread 0x00cf0000 nmethod 800 0x01cdad48 code [0x01cdaf00, 0x01cdb3bc]
Event: 46.633 Thread 0x00cf0000    6 %           control.SharedSocket::run @ 0 (7 bytes)
Event: 46.633 Thread 0x00cf0000 nmethod 6% 0x01cdb648 code [0x01cdb750, 0x01cdb80c]

GC Heap History (10 events):
Event: 58.253 GC heap before
{Heap before GC invocations=1080 (full 15):
 def new generation   total 78656K, used 69952K [0x23980000, 0x28ed0000, 0x28ed0000)
  eden space 69952K, 100% used [0x23980000, 0x27dd0000, 0x27dd0000)
  from space 8704K,   0% used [0x27dd0000, 0x27dd02d8, 0x28650000)
  to   space 8704K,   0% used [0x28650000, 0x28650000, 0x28ed0000)
 tenured generation   total 174784K, used 105061K [0x28ed0000, 0x33980000, 0x33980000)
   the space 174784K,  60% used [0x28ed0000, 0x2f569498, 0x2f569600, 0x33980000)
 compacting perm gen  total 12288K, used 2916K [0x33980000, 0x34580000, 0x37980000)
   the space 12288K,  23% used [0x33980000, 0x33c59270, 0x33c59400, 0x34580000)
    ro space 10240K,  42% used [0x37980000, 0x37dbe580, 0x37dbe600, 0x38380000)
    rw space 12288K,  54% used [0x38380000, 0x389ff128, 0x389ff200, 0x38f80000)
Event: 58.253 GC heap after
Heap after GC invocations=1081 (full 15):
 def new generation   total 78656K, used 0K [0x23980000, 0x28ed0000, 0x28ed0000)
  eden space 69952K,   0% used [0x23980000, 0x23980000, 0x27dd0000)
  from space 8704K,   0% used [0x28650000, 0x286503c8, 0x28ed0000)
  to   space 8704K,   0% used [0x27dd0000, 0x27dd0000, 0x28650000)
 tenured generation   total 174784K, used 105061K [0x28ed0000, 0x33980000, 0x33980000)
   the space 174784K,  60% used [0x28ed0000, 0x2f569498, 0x2f569600, 0x33980000)
 compacting perm gen  total 12288K, used 2916K [0x33980000, 0x34580000, 0x37980000)
   the space 12288K,  23% used [0x33980000, 0x33c59270, 0x33c59400, 0x34580000)
    ro space 10240K,  42% used [0x37980000, 0x37dbe580, 0x37dbe600, 0x38380000)
    rw space 12288K,  54% used [0x38380000, 0x389ff128, 0x389ff200, 0x38f80000)
}
Event: 58.280 GC heap before
{Heap before GC invocations=1081 (full 15):
 def new generation   total 78656K, used 69952K [0x23980000, 0x28ed0000, 0x28ed0000)
  eden space 69952K, 100% used [0x23980000, 0x27dd0000, 0x27dd0000)
  from space 8704K,   0% used [0x28650000, 0x286503c8, 0x28ed0000)
  to   space 8704K,   0% used [0x27dd0000, 0x27dd0000, 0x28650000)
 tenured generation   total 174784K, used 105061K [0x28ed0000, 0x33980000, 0x33980000)
   the space 174784K,  60% used [0x28ed0000, 0x2f569498, 0x2f569600, 0x33980000)
 compacting perm gen  total 12288K, used 2916K [0x33980000, 0x34580000, 0x37980000)
   the space 12288K,  23% used [0x33980000, 0x33c59270, 0x33c59400, 0x34580000)
    ro space 10240K,  42% used [0x37980000, 0x37dbe580, 0x37dbe600, 0x38380000)
    rw space 12288K,  54% used [0x38380000, 0x389ff128, 0x389ff200, 0x38f80000)
Event: 58.280 GC heap after
Heap after GC invocations=1082 (full 15):
 def new generation   total 78656K, used 0K [0x23980000, 0x28ed0000, 0x28ed0000)
  eden space 69952K,   0% used [0x23980000, 0x23980000, 0x27dd0000)
  from space 8704K,   0% used [0x27dd0000, 0x27dd0328, 0x28650000)
  to   space 8704K,   0% used [0x28650000, 0x28650000, 0x28ed0000)
 tenured generation   total 174784K, used 105061K [0x28ed0000, 0x33980000, 0x33980000)
   the space 174784K,  60% used [0x28ed0000, 0x2f569498, 0x2f569600, 0x33980000)
 compacting perm gen  total 12288K, used 2916K [0x33980000, 0x34580000, 0x37980000)
   the space 12288K,  23% used [0x33980000, 0x33c59270, 0x33c59400, 0x34580000)
    ro space 10240K,  42% used [0x37980000, 0x37dbe580, 0x37dbe600, 0x38380000)
    rw space 12288K,  54% used [0x38380000, 0x389ff128, 0x389ff200, 0x38f80000)
}
Event: 58.306 GC heap before
{Heap before GC invocations=1082 (full 15):
 def new generation   total 78656K, used 69952K [0x23980000, 0x28ed0000, 0x28ed0000)
  eden space 69952K, 100% used [0x23980000, 0x27dd0000, 0x27dd0000)
  from space 8704K,   0% used [0x27dd0000, 0x27dd0328, 0x28650000)
  to   space 8704K,   0% used [0x28650000, 0x28650000, 0x28ed0000)
 tenured generation   total 174784K, used 105061K [0x28ed0000, 0x33980000, 0x33980000)
   the space 174784K,  60% used [0x28ed0000, 0x2f569498, 0x2f569600, 0x33980000)
 compacting perm gen  total 12288K, used 2916K [0x33980000, 0x34580000, 0x37980000)
   the space 12288K,  23% used [0x33980000, 0x33c59270, 0x33c59400, 0x34580000)
    ro space 10240K,  42% used [0x37980000, 0x37dbe580, 0x37dbe600, 0x38380000)
    rw space 12288K,  54% used [0x38380000, 0x389ff128, 0x389ff200, 0x38f80000)
Event: 58.307 GC heap after
Heap after GC invocations=1083 (full 15):
 def new generation   total 78656K, used 1K [0x23980000, 0x28ed0000, 0x28ed0000)
  eden space 69952K,   0% used [0x23980000, 0x23980000, 0x27dd0000)
  from space 8704K,   0% used [0x28650000, 0x28650478, 0x28ed0000)
  to   space 8704K,   0% used [0x27dd0000, 0x27dd0000, 0x28650000)
 tenured generation   total 174784K, used 105061K [0x28ed0000, 0x33980000, 0x33980000)
   the space 174784K,  60% used [0x28ed0000, 0x2f569498, 0x2f569600, 0x33980000)
 compacting perm gen  total 12288K, used 2916K [0x33980000, 0x34580000, 0x37980000)
   the space 12288K,  23% used [0x33980000, 0x33c59270, 0x33c59400, 0x34580000)
    ro space 10240K,  42% used [0x37980000, 0x37dbe580, 0x37dbe600, 0x38380000)
    rw space 12288K,  54% used [0x38380000, 0x389ff128, 0x389ff200, 0x38f80000)
}
Event: 58.335 GC heap before
{Heap before GC invocations=1083 (full 15):
 def new generation   total 78656K, used 69953K [0x23980000, 0x28ed0000, 0x28ed0000)
  eden space 69952K, 100% used [0x23980000, 0x27dd0000, 0x27dd0000)
  from space 8704K,   0% used [0x28650000, 0x28650478, 0x28ed0000)
  to   space 8704K,   0% used [0x27dd0000, 0x27dd0000, 0x28650000)
 tenured generation   total 174784K, used 105061K [0x28ed0000, 0x33980000, 0x33980000)
   the space 174784K,  60% used [0x28ed0000, 0x2f569498, 0x2f569600, 0x33980000)
 compacting perm gen  total 12288K, used 2916K [0x33980000, 0x34580000, 0x37980000)
   the space 12288K,  23% used [0x33980000, 0x33c59270, 0x33c59400, 0x34580000)
    ro space 10240K,  42% used [0x37980000, 0x37dbe580, 0x37dbe600, 0x38380000)
    rw space 12288K,  54% used [0x38380000, 0x389ff128, 0x389ff200, 0x38f80000)
Event: 58.336 GC heap after
Heap after GC invocations=1084 (full 15):
 def new generation   total 78656K, used 1K [0x23980000, 0x28ed0000, 0x28ed0000)
  eden space 69952K,   0% used [0x23980000, 0x23980000, 0x27dd0000)
  from space 8704K,   0% used [0x27dd0000, 0x27dd0748, 0x28650000)
  to   space 8704K,   0% used [0x28650000, 0x28650000, 0x28ed0000)
 tenured generation   total 174784K, used 105061K [0x28ed0000, 0x33980000, 0x33980000)
   the space 174784K,  60% used [0x28ed0000, 0x2f569498, 0x2f569600, 0x33980000)
 compacting perm gen  total 12288K, used 2916K [0x33980000, 0x34580000, 0x37980000)
   the space 12288K,  23% used [0x33980000, 0x33c59270, 0x33c59400, 0x34580000)
    ro space 10240K,  42% used [0x37980000, 0x37dbe580, 0x37dbe600, 0x38380000)
    rw space 12288K,  54% used [0x38380000, 0x389ff128, 0x389ff200, 0x38f80000)
}
Event: 58.364 GC heap before
{Heap before GC invocations=1084 (full 15):
 def new generation   total 78656K, used 69953K [0x23980000, 0x28ed0000, 0x28ed0000)
  eden space 69952K, 100% used [0x23980000, 0x27dd0000, 0x27dd0000)
  from space 8704K,   0% used [0x27dd0000, 0x27dd0748, 0x28650000)
  to   space 8704K,   0% used [0x28650000, 0x28650000, 0x28ed0000)
 tenured generation   total 174784K, used 105061K [0x28ed0000, 0x33980000, 0x33980000)
   the space 174784K,  60% used [0x28ed0000, 0x2f569498, 0x2f569600, 0x33980000)
 compacting perm gen  total 12288K, used 2916K [0x33980000, 0x34580000, 0x37980000)
   the space 12288K,  23% used [0x33980000, 0x33c59270, 0x33c59400, 0x34580000)
    ro space 10240K,  42% used [0x37980000, 0x37dbe580, 0x37dbe600, 0x38380000)
    rw space 12288K,  54% used [0x38380000, 0x389ff128, 0x389ff200, 0x38f80000)
Event: 58.364 GC heap after
Heap after GC invocations=1085 (full 15):
 def new generation   total 78656K, used 1K [0x23980000, 0x28ed0000, 0x28ed0000)
  eden space 69952K,   0% used [0x23980000, 0x23980000, 0x27dd0000)
  from space 8704K,   0% used [0x28650000, 0x28650408, 0x28ed0000)
  to   space 8704K,   0% used [0x27dd0000, 0x27dd0000, 0x28650000)
 tenured generation   total 174784K, used 105061K [0x28ed0000, 0x33980000, 0x33980000)
   the space 174784K,  60% used [0x28ed0000, 0x2f569498, 0x2f569600, 0x33980000)
 compacting perm gen  total 12288K, used 2916K [0x33980000, 0x34580000, 0x37980000)
   the space 12288K,  23% used [0x33980000, 0x33c59270, 0x33c59400, 0x34580000)
    ro space 10240K,  42% used [0x37980000, 0x37dbe580, 0x37dbe600, 0x38380000)
    rw space 12288K,  54% used [0x38380000, 0x389ff128, 0x389ff200, 0x38f80000)
}

Deoptimization events (0 events):
No events

Internal exceptions (10 events):
Event: 7.800 Thread 0x151f0c00 Threw 0x23d10438 at C:\jdk7u5_32P\jdk7u5\hotspot\src\share\vm\prims\jvm.cpp:1166
Event: 7.800 Thread 0x151f0c00 Threw 0x23d11f88 at C:\jdk7u5_32P\jdk7u5\hotspot\src\share\vm\prims\jvm.cpp:1166
Event: 7.800 Thread 0x151f0c00 Threw 0x23d13d50 at C:\jdk7u5_32P\jdk7u5\hotspot\src\share\vm\prims\jvm.cpp:1166
Event: 7.800 Thread 0x151f0c00 Threw 0x23d157f0 at C:\jdk7u5_32P\jdk7u5\hotspot\src\share\vm\prims\jvm.cpp:1166
Event: 7.801 Thread 0x151f0c00 Threw 0x23d172d0 at C:\jdk7u5_32P\jdk7u5\hotspot\src\share\vm\prims\jvm.cpp:1166
Event: 7.801 Thread 0x151f0c00 Threw 0x23d18e78 at C:\jdk7u5_32P\jdk7u5\hotspot\src\share\vm\prims\jvm.cpp:1166
Event: 8.530 Thread 0x15243000 Threw 0x264d8030 at C:\jdk7u5_32P\jdk7u5\hotspot\src\share\vm\prims\jvm.cpp:1166
Event: 8.720 Thread 0x151f0c00 Threw 0x2428f8b0 at C:\jdk7u5_32P\jdk7u5\hotspot\src\share\vm\prims\jvm.cpp:1166
Event: 58.370 Thread 0x06051800 Threw 0x246d5a40 at C:\jdk7u5_32P\jdk7u5\hotspot\src\share\vm\prims\jvm.cpp:1166
Event: 58.370 Thread 0x06051800 Threw 0x2482cc80 at C:\jdk7u5_32P\jdk7u5\hotspot\src\share\vm\prims\jvm.cpp:1166

Events (10 events):
Event: 58.349 Thread 0x1554b000 Thread exited: 0x1554b000
Event: 58.349 Thread 0x1557c400 Thread exited: 0x1557c400
Event: 58.349 Thread 0x1557cc00 Thread exited: 0x1557cc00
Event: 58.363 Executing VM operation: GenCollectForAllocation
Event: 58.364 Executing VM operation: GenCollectForAllocation done
Event: 58.370 loading class 0x03ffe7b0
Event: 58.370 loading class 0x03ffe7b0 done
Event: 58.370 loading class 0x04035bb0
Event: 58.370 loading class 0x04035bb0 done
Event: 58.370 Thread 0x1554b000 Thread added: 0x1554b000


Dynamic libraries:
0x00d60000 - 0x00d8f000 	C:\Windows\system32\java.exe
0x776e0000 - 0x7781c000 	C:\Windows\SYSTEM32\ntdll.dll
0x77100000 - 0x771d4000 	C:\Windows\system32\kernel32.dll
0x758f0000 - 0x7593a000 	C:\Windows\system32\KERNELBASE.dll
0x77640000 - 0x776e0000 	C:\Windows\system32\ADVAPI32.dll
0x76eb0000 - 0x76f5c000 	C:\Windows\system32\msvcrt.dll
0x76e90000 - 0x76ea9000 	C:\Windows\SYSTEM32\sechost.dll
0x76d80000 - 0x76e21000 	C:\Windows\system32\RPCRT4.dll
0x76cb0000 - 0x76d79000 	C:\Windows\system32\USER32.dll
0x778c0000 - 0x7790e000 	C:\Windows\system32\GDI32.dll
0x778b0000 - 0x778ba000 	C:\Windows\system32\LPK.dll
0x775a0000 - 0x7763d000 	C:\Windows\system32\USP10.dll
0x744e0000 - 0x7467e000 	C:\Windows\WinSxS\x86_microsoft.windows.common-controls_6595b64144ccf1df_6.0.7601.17514_none_41e6975e2bd6f2b2\COMCTL32.dll
0x77850000 - 0x778a7000 	C:\Windows\system32\SHLWAPI.dll
0x77580000 - 0x7759f000 	C:\Windows\system32\IMM32.DLL
0x774b0000 - 0x7757c000 	C:\Windows\system32\MSCTF.dll
0x61f80000 - 0x6203e000 	C:\Program Files\Java\jre7\bin\msvcr100.dll
0x5de10000 - 0x5e15a000 	C:\Program Files\Java\jre7\bin\client\jvm.dll
0x6b1a0000 - 0x6b1a7000 	C:\Windows\system32\WSOCK32.dll
0x75cd0000 - 0x75d05000 	C:\Windows\system32\WS2_32.dll
0x75fc0000 - 0x75fc6000 	C:\Windows\system32\NSI.dll
0x73d00000 - 0x73d32000 	C:\Windows\system32\WINMM.dll
0x75ed0000 - 0x75ed5000 	C:\Windows\system32\PSAPI.DLL
0x740a0000 - 0x740ac000 	C:\Program Files\Java\jre7\bin\verify.dll
0x70ae0000 - 0x70b00000 	C:\Program Files\Java\jre7\bin\java.dll
0x70b00000 - 0x70b13000 	C:\Program Files\Java\jre7\bin\zip.dll
0x6ec00000 - 0x6ec14000 	C:\Program Files\Java\jre7\bin\net.dll
0x752e0000 - 0x7531c000 	C:\Windows\system32\mswsock.dll
0x752d0000 - 0x752d6000 	C:\Windows\System32\wship6.dll
0x10000000 - 0x1000c000 	C:\Windows\System32\LibusbJava.dll
0x6ecd0000 - 0x6ece1000 	C:\Windows\system32\libusb0.dll
0x76f60000 - 0x770fd000 	C:\Windows\system32\SETUPAPI.dll
0x75970000 - 0x75997000 	C:\Windows\system32\CFGMGR32.dll
0x76c20000 - 0x76caf000 	C:\Windows\system32\OLEAUT32.dll
0x75b70000 - 0x75ccc000 	C:\Windows\system32\ole32.dll
0x759a0000 - 0x759b2000 	C:\Windows\system32\DEVOBJ.dll
0x6d9b0000 - 0x6d9ce000 	C:\Program Files\OpenNI\Bin\OpenNI.jni.dll
0x62bd0000 - 0x62c20000 	C:\Program Files\OpenNI\Bin\OpenNI.dll
0x75fd0000 - 0x76c1a000 	C:\Windows\system32\SHELL32.dll
0x6d9d0000 - 0x6d9e8000 	C:\Program Files\OpenNI\bin\nimRecorder.dll
0x62bb0000 - 0x62bca000 	C:\Program Files\OpenNI\bin\nimMockNodes.dll
0x62b60000 - 0x62ba9000 	C:\Program Files\OpenNI\bin\nimCodecs.dll
0x67b20000 - 0x67b40000 	C:\Program Files\PrimeSense\SensorKinect\Bin\XnDeviceFile.dll
0x70eb0000 - 0x70ebb000 	C:\Program Files\PrimeSense\SensorKinect\Bin\XnCore.dll
0x5dd60000 - 0x5de03000 	C:\Windows\WinSxS\x86_microsoft.vc90.crt_1fc8b3b9a1e18e3b_9.0.30729.6161_none_50934f2ebcb7eb57\MSVCR90.dll
0x624c0000 - 0x624f8000 	C:\Program Files\PrimeSense\SensorKinect\Bin\XnDDK.dll
0x5dd10000 - 0x5dd54000 	C:\Program Files\PrimeSense\SensorKinect\Bin\XnFormats.dll
0x5dcc0000 - 0x5dd0f000 	C:\Program Files\PrimeSense\SensorKinect\Bin\XnDeviceSensorV2KM.dll
0x5d780000 - 0x5da18000 	C:\Program Files\PrimeSense\NITE\Features_1_3_0\Bin\XnVFeatures_1_3_0.dll
0x5d6f0000 - 0x5d77e000 	C:\Windows\WinSxS\x86_microsoft.vc90.crt_1fc8b3b9a1e18e3b_9.0.30729.6161_none_50934f2ebcb7eb57\MSVCP90.dll
0x5c250000 - 0x5c49f000 	C:\Program Files\PrimeSense\NITE\Features_1_3_1\Bin\XnVFeatures_1_3_1.dll
0x5c4d0000 - 0x5c6e9000 	C:\Program Files\PrimeSense\NITE\Features_1_4_1\Bin\XnVFeatures_1_4_1.dll
0x5c030000 - 0x5c246000 	C:\Program Files\PrimeSense\NITE\Features_1_4_2\Bin\XnVFeatures_1_4_2.dll
0x5bd20000 - 0x5c027000 	C:\Program Files\PrimeSense\NITE\Features_1_5_2\Bin\XnVFeatures_1_5_2.dll
0x5d610000 - 0x5d6e7000 	C:\Program Files\PrimeSense\NITE\Hands_1_3_0\Bin\XnVHandGenerator_1_3_0.dll
0x5bc40000 - 0x5bd1c000 	C:\Program Files\PrimeSense\NITE\Hands_1_3_1\Bin\XnVHandGenerator_1_3_1.dll
0x5bb60000 - 0x5bc3d000 	C:\Program Files\PrimeSense\NITE\Hands_1_4_1\Bin\XnVHandGenerator_1_4_1.dll
0x5ba80000 - 0x5bb5d000 	C:\Program Files\PrimeSense\NITE\Hands_1_4_2\Bin\XnVHandGenerator_1_4_2.dll
0x5b990000 - 0x5ba7c000 	C:\Program Files\PrimeSense\NITE\Hands_1_5_2\Bin\XnVHandGenerator_1_5_2.dll
0x74af0000 - 0x74b30000 	C:\Windows\system32\uxtheme.dll
0x75940000 - 0x7596d000 	C:\Windows\system32\WINTRUST.dll
0x75a50000 - 0x75b6e000 	C:\Windows\system32\CRYPT32.dll
0x758e0000 - 0x758ec000 	C:\Windows\system32\MSASN1.dll
0x757a0000 - 0x757ec000 	C:\Windows\system32\apphelp.dll
0x74df0000 - 0x74df5000 	C:\Windows\System32\wshtcpip.dll
0x01ad0000 - 0x01ade000 	C:\Windows\System32\j3dcore-ogl-chk.dll
0x5b8c0000 - 0x5b988000 	C:\Windows\system32\OPENGL32.dll
0x62490000 - 0x624b2000 	C:\Windows\system32\GLU32.dll
0x6db50000 - 0x6dc37000 	C:\Windows\system32\DDRAW.dll
0x719f0000 - 0x719f6000 	C:\Windows\system32\DCIMAN32.dll
0x74a80000 - 0x74a93000 	C:\Windows\system32\dwmapi.dll
0x62d50000 - 0x62d57000 	C:\Windows\system32\atiglpxx.dll
0x69030000 - 0x6a380000 	C:\Windows\system32\atioglxx.dll
0x74d20000 - 0x74d29000 	C:\Windows\system32\VERSION.dll
0x6f1a0000 - 0x6f284000 	C:\Windows\system32\aticfx32.dll
0x73620000 - 0x73681000 	C:\Windows\system32\atiadlxx.dll
0x74ec0000 - 0x74ed7000 	C:\Windows\system32\USERENV.dll
0x75870000 - 0x7587b000 	C:\Windows\system32\profapi.dll
0x74d60000 - 0x74d6d000 	C:\Windows\system32\WTSAPI32.dll
0x62cf0000 - 0x62cfb000 	C:\Windows\system32\atigktxx.dll
0x5b770000 - 0x5b8b2000 	C:\Program Files\Java\jre7\bin\awt.dll
0x757f0000 - 0x757fc000 	C:\Windows\system32\CRYPTBASE.dll
0x6d530000 - 0x6d536000 	C:\Program Files\Java\jre7\bin\jawt.dll
0x03bf0000 - 0x03c19000 	C:\Windows\System32\j3dcore-ogl.dll
0x6f420000 - 0x6f50b000 	C:\Windows\system32\dbghelp.dll

VM Arguments:
jvm_args: -Djava 
java_command: SANDRAExecutable.jar 193.156.105.142 7540 kinectJoints gameControl
Launcher Type: SUN_STANDARD

Environment Variables:
CLASSPATH=C:\Program Files\OpenNI\Bin\org.OpenNI.jar
PATH=C:\Program Files\Intel\iCLS Client\;C:\Program Files\AMD APP\bin\x86;C:\Windows\system32;C:\Windows;C:\Windows\System32\Wbem;C:\Windows\System32\WindowsPowerShell\v1.0\;C:\Program Files\ATI Technologies\ATI.ACE\Core-Static;C:\Users\norut\AppData\Roaming\npm;C:\Program Files\nodejs\;C:\Program Files\Intel\Intel(R) Management Engine Components\DAL;C:\Program Files\Intel\Intel(R) Management Engine Components\IPT;C:\Program Files\OpenNI\Bin;C:\Program Files\PrimeSense\NITE\bin;C:\Program Files\AMD APP\bin\x86;C:\Windows\system32;C:\Windows;C:\Windows\System32\Wbem;C:\Windows\System32\WindowsPowerShell\v1.0\;C:\Program Files\ATI Technologies\ATI.ACE\Core-Static;C:\Program Files\nodejs
USERNAME=norut
OS=Windows_NT
PROCESSOR_IDENTIFIER=x86 Family 6 Model 58 Stepping 9, GenuineIntel



---------------  S Y S T E M  ---------------

OS: Windows 7 Build 7601 Service Pack 1

CPU:total 4 (4 cores per cpu, 1 threads per core) family 6 model 58 stepping 9, cmov, cx8, fxsr, mmx, sse, sse2, sse3, ssse3, sse4.1, sse4.2, popcnt, avx, tsc, tscinvbit, tscinv

Memory: 4k page, physical 3638896k(1422960k free), swap 7276036k(4558380k free)

vm_info: Java HotSpot(TM) Client VM (23.1-b03) for windows-x86 JRE (1.7.0_05-b05), built on May 15 2012 18:11:27 by "java_re" with unknown MS VC++:1600

time: Fri Jul 27 13:47:32 2012
elapsed time: 58 seconds

