#
# A fatal error has been detected by the Java Runtime Environment:
#
#  EXCEPTION_ACCESS_VIOLATION (0xc0000005) at pc=0x62ba179c, pid=3332, tid=1364
#
# JRE version: 7.0_05-b05
# Java VM: Java HotSpot(TM) Client VM (23.1-b03 mixed mode, sharing windows-x86 )
# Problematic frame:
# C  [OpenNI.dll+0x1179c]  xnUnregisterUserCallbacks+0x2c
#
# Failed to write core dump. Minidumps are not enabled by default on client versions of Windows
#
# If you would like to submit a bug report, please visit:
#   http://bugreport.sun.com/bugreport/crash.jsp
# The crash happened outside the Java Virtual Machine in native code.
# See problematic frame for where to report the bug.
#

---------------  T H R E A D  ---------------

Current thread (0x05f0c800):  JavaThread "Thread-1" [_thread_in_native, id=1364, stack(0x06e90000,0x06ee0000)]

siginfo: ExceptionCode=0xc0000005, reading address 0x00000010

Registers:
EAX=0x065e58cc, EBX=0x33a4eae8, ECX=0x03e4358c, EDX=0x03e44f08
ESP=0x06edefc8, EBP=0x06edf024, ESI=0x00000000, EDI=0x05f0c800
EIP=0x62ba179c, EFLAGS=0x00010202

Top of Stack: (sp=0x06edefc8)
0x06edefc8:   164ffdb8 62d66c84 05cd87f8 00000000
0x06edefd8:   33a4eae8 01b0a707 05f0c928 06edf02c
0x06edefe8:   05cd87f8 00000000 164ffdb8 00000000
0x06edeff8:   06edf048 01c199d0 379ea284 06edf004
0x06edf008:   00000000 06edf040 33a528e0 00000000
0x06edf018:   33a4eae8 00000000 06edf034 06edf064
0x06edf028:   01b032c7 28edb5c0 01b08989 164ffdb8
0x06edf038:   00000000 05cd87f8 00000000 06edf044 

Instructions: (pc=0x62ba179c)
0x62ba177c:   8b 40 04 8b 10 c1 ea 19 83 e2 01 74 2b 8b 41 04
0x62ba178c:   8b 08 8b 91 c0 00 00 00 8b 40 04 56 8b 74 24 0c
0x62ba179c:   8b 4e 10 51 8b 8a 20 01 00 00 50 ff d1 56 ff 15
0x62ba17ac:   e0 51 bc 62 83 c4 04 5e c3 cc cc cc cc cc cc cc 


Register to memory mapping:

EAX=0x065e58cc is an unknown value
EBX=0x33a4eae8 is an oop
{method} 
 - klass: {other class}
ECX=0x03e4358c is an unknown value
EDX=0x03e44f08 is an unknown value
ESP=0x06edefc8 is pointing into the stack for thread: 0x05f0c800
EBP=0x06edf024 is pointing into the stack for thread: 0x05f0c800
ESI=0x00000000 is an unknown value
EDI=0x05f0c800 is a thread


Stack: [0x06e90000,0x06ee0000],  sp=0x06edefc8,  free space=315k
Native frames: (J=compiled Java code, j=interpreted, Vv=VM code, C=native code)
C  [OpenNI.dll+0x1179c]  xnUnregisterUserCallbacks+0x2c
j  org.OpenNI.UserGenerator$1.unregisterNative(J)V+8
j  org.OpenNI.Observable.deleteObserver(Lorg/OpenNI/IObserver;)V+24
j  KinectPackage.SkeletonManager.reset()V+11
j  KinectPackage.SkeletonManager.access$8(LKinectPackage/SkeletonManager;)V+1
j  KinectPackage.SkeletonManager$LostUserObserver.update(Lorg/OpenNI/IObservable;Lorg/OpenNI/UserEventArgs;)V+183
j  KinectPackage.SkeletonManager$LostUserObserver.update(Lorg/OpenNI/IObservable;Ljava/lang/Object;)V+9
j  org.OpenNI.Observable.notify(Ljava/lang/Object;)V+30
j  org.OpenNI.UserGenerator$2.callback(I)V+9
v  ~StubRoutines::call_stub
V  [jvm.dll+0x12964a]
V  [jvm.dll+0x1d851e]
V  [jvm.dll+0x1296cd]
V  [jvm.dll+0xae4da]
V  [jvm.dll+0xb1d93]
C  [OpenNI.jni.dll+0x10ea]  JNI_OnUnload+0x6a
C  [XnVFeatures_1_5_2.dll+0x959a8]  xnModuleGetOpenNIVersion+0x57988
C  [XnVFeatures_1_5_2.dll+0x7b5d8]  xnModuleGetOpenNIVersion+0x3d5b8
C  [XnVFeatures_1_5_2.dll+0xb1538]  xnModuleGetOpenNIVersion+0x73518
C  [XnVFeatures_1_5_2.dll+0x95266]  xnModuleGetOpenNIVersion+0x57246
C  [OpenNI.jni.dll+0x2eab]  Java_org_OpenNI_NativeMethods_xnWaitAnyUpdateAll+0xb
J  KinectPackage.KinectManager.run()V
v  ~StubRoutines::call_stub
V  [jvm.dll+0x12964a]
V  [jvm.dll+0x1d851e]
V  [jvm.dll+0x129833]
V  [jvm.dll+0x129897]
V  [jvm.dll+0xd24af]
V  [jvm.dll+0x149977]
V  [jvm.dll+0x149ae0]
V  [jvm.dll+0x17e049]
C  [msvcr100.dll+0x5c6de]  endthreadex+0x3a
C  [msvcr100.dll+0x5c788]  endthreadex+0xe4
C  [kernel32.dll+0x4ed6c]  BaseThreadInitThunk+0x12
C  [ntdll.dll+0x6377b]  RtlInitializeExceptionChain+0xef
C  [ntdll.dll+0x6374e]  RtlInitializeExceptionChain+0xc2

Java frames: (J=compiled Java code, j=interpreted, Vv=VM code)
j  org.OpenNI.NativeMethods.xnUnregisterUserCallbacks(JJ)V+0
j  org.OpenNI.UserGenerator$1.unregisterNative(J)V+8
j  org.OpenNI.Observable.deleteObserver(Lorg/OpenNI/IObserver;)V+24
j  KinectPackage.SkeletonManager.reset()V+11
j  KinectPackage.SkeletonManager.access$8(LKinectPackage/SkeletonManager;)V+1
j  KinectPackage.SkeletonManager$LostUserObserver.update(Lorg/OpenNI/IObservable;Lorg/OpenNI/UserEventArgs;)V+183
j  KinectPackage.SkeletonManager$LostUserObserver.update(Lorg/OpenNI/IObservable;Ljava/lang/Object;)V+9
j  org.OpenNI.Observable.notify(Ljava/lang/Object;)V+30
j  org.OpenNI.UserGenerator$2.callback(I)V+9
v  ~StubRoutines::call_stub
J  org.OpenNI.NativeMethods.xnWaitAnyUpdateAll(J)I
J  KinectPackage.KinectManager.run()V
j  java.lang.Thread.run()V+11
v  ~StubRoutines::call_stub

---------------  P R O C E S S  ---------------

Java Threads: ( => current thread )
  0x002ab400 JavaThread "DestroyJavaVM" [_thread_in_native, id=3052, stack(0x01890000,0x018e0000)]
  0x16477c00 JavaThread "Thread-21" [_thread_in_Java, id=4008, stack(0x18f40000,0x18f90000)]
  0x162e0400 JavaThread "Thread-6" [_thread_in_Java, id=796, stack(0x198f0000,0x19940000)]
  0x16296c00 JavaThread "Thread-5" [_thread_in_native, id=3220, stack(0x19860000,0x198b0000)]
  0x16296400 JavaThread "AWT-Windows" daemon [_thread_in_native, id=3208, stack(0x044f0000,0x04540000)]
  0x03e0a800 JavaThread "Java2D Disposer" daemon [_thread_blocked, id=2056, stack(0x18fd0000,0x19020000)]
=>0x05f0c800 JavaThread "Thread-1" [_thread_in_native, id=1364, stack(0x06e90000,0x06ee0000)]
  0x01ad5000 JavaThread "Service Thread" daemon [_thread_blocked, id=1348, stack(0x03d40000,0x03d90000)]
  0x01ad0000 JavaThread "C1 CompilerThread0" daemon [_thread_blocked, id=644, stack(0x01950000,0x019a0000)]
  0x01acec00 JavaThread "Attach Listener" daemon [_thread_blocked, id=3412, stack(0x03c80000,0x03cd0000)]
  0x01acb400 JavaThread "Signal Dispatcher" daemon [_thread_blocked, id=4012, stack(0x03bd0000,0x03c20000)]
  0x01ab4000 JavaThread "Finalizer" daemon [_thread_blocked, id=792, stack(0x03c30000,0x03c80000)]
  0x01ab2800 JavaThread "Reference Handler" daemon [_thread_blocked, id=1888, stack(0x01800000,0x01850000)]

Other Threads:
  0x01ab1400 VMThread [stack: 0x018f0000,0x01940000] [id=4060]
  0x01ae8000 WatcherThread [stack: 0x03cf0000,0x03d40000] [id=4088]

VM state:not at safepoint (normal execution)

VM Mutex/Monitor currently owned by a thread: None

Heap
 def new generation   total 52224K, used 44646K [0x23980000, 0x27220000, 0x28ed0000)
  eden space 46464K,  96% used [0x23980000, 0x26519568, 0x266e0000)
  from space 5760K,   0% used [0x26c80000, 0x26c80468, 0x27220000)
  to   space 5760K,   0% used [0x266e0000, 0x266e0000, 0x26c80000)
 tenured generation   total 115896K, used 107921K [0x28ed0000, 0x2fffe000, 0x33980000)
   the space 115896K,  93% used [0x28ed0000, 0x2f8346f8, 0x2f834800, 0x2fffe000)
 compacting perm gen  total 12288K, used 2918K [0x33980000, 0x34580000, 0x37980000)
   the space 12288K,  23% used [0x33980000, 0x33c59be0, 0x33c59c00, 0x34580000)
    ro space 10240K,  42% used [0x37980000, 0x37dbe580, 0x37dbe600, 0x38380000)
    rw space 12288K,  54% used [0x38380000, 0x389ff128, 0x389ff200, 0x38f80000)

Code Cache  [0x01b00000, 0x01cc8000, 0x03b00000)
 total_blobs=1106 nmethods=824 adapters=217 free_code_cache=30974Kb largest_free_block=31717952

Compilation events (10 events):
Event: 49.066 Thread 0x01ad0000  814             java.lang.ThreadLocal::initialValue (2 bytes)
Event: 49.067 Thread 0x01ad0000 nmethod 814 0x01cbe548 code [0x01cbe640, 0x01cbe6c0]
Event: 90.820 Thread 0x01ad0000  815             java.util.concurrent.locks.ReentrantLock::tryLock (9 bytes)
Event: 90.820 Thread 0x01ad0000 nmethod 815 0x01cbe708 code [0x01cbe810, 0x01cbe8ac]
Event: 92.202 Thread 0x01ad0000  816             java.util.concurrent.ConcurrentHashMap$Segment::scanAndLockForPut (140 bytes)
Event: 92.203 Thread 0x01ad0000 nmethod 816 0x01cbe948 code [0x01cbea90, 0x01cbed7c]
Event: 116.350 Thread 0x01ad0000    7 % !         KinectPackage.KinectManager::run @ 8 (146 bytes)
Event: 116.351 Thread 0x01ad0000 nmethod 7% 0x01cbefc8 code [0x01cbf1e0, 0x01cbf940]
Event: 135.111 Thread 0x01ad0000  817             java.util.concurrent.ConcurrentHashMap::entryForHash (43 bytes)
Event: 135.111 Thread 0x01ad0000 nmethod 817 0x01cc0308 code [0x01cc0400, 0x01cc04f0]

GC Heap History (10 events):
Event: 1526.700 GC heap before
{Heap before GC invocations=75625 (full 43):
 def new generation   total 52224K, used 46465K [0x23980000, 0x27220000, 0x28ed0000)
  eden space 46464K, 100% used [0x23980000, 0x266e0000, 0x266e0000)
  from space 5760K,   0% used [0x26c80000, 0x26c80478, 0x27220000)
  to   space 5760K,   0% used [0x266e0000, 0x266e0000, 0x26c80000)
 tenured generation   total 115896K, used 107921K [0x28ed0000, 0x2fffe000, 0x33980000)
   the space 115896K,  93% used [0x28ed0000, 0x2f8346f8, 0x2f834800, 0x2fffe000)
 compacting perm gen  total 12288K, used 2918K [0x33980000, 0x34580000, 0x37980000)
   the space 12288K,  23% used [0x33980000, 0x33c59be0, 0x33c59c00, 0x34580000)
    ro space 10240K,  42% used [0x37980000, 0x37dbe580, 0x37dbe600, 0x38380000)
    rw space 12288K,  54% used [0x38380000, 0x389ff128, 0x389ff200, 0x38f80000)
Event: 1526.701 GC heap after
Heap after GC invocations=75626 (full 43):
 def new generation   total 52224K, used 8K [0x23980000, 0x27220000, 0x28ed0000)
  eden space 46464K,   0% used [0x23980000, 0x23980000, 0x266e0000)
  from space 5760K,   0% used [0x266e0000, 0x266e2220, 0x26c80000)
  to   space 5760K,   0% used [0x26c80000, 0x26c80000, 0x27220000)
 tenured generation   total 115896K, used 107921K [0x28ed0000, 0x2fffe000, 0x33980000)
   the space 115896K,  93% used [0x28ed0000, 0x2f8346f8, 0x2f834800, 0x2fffe000)
 compacting perm gen  total 12288K, used 2918K [0x33980000, 0x34580000, 0x37980000)
   the space 12288K,  23% used [0x33980000, 0x33c59be0, 0x33c59c00, 0x34580000)
    ro space 10240K,  42% used [0x37980000, 0x37dbe580, 0x37dbe600, 0x38380000)
    rw space 12288K,  54% used [0x38380000, 0x389ff128, 0x389ff200, 0x38f80000)
}
Event: 1526.720 GC heap before
{Heap before GC invocations=75626 (full 43):
 def new generation   total 52224K, used 46472K [0x23980000, 0x27220000, 0x28ed0000)
  eden space 46464K, 100% used [0x23980000, 0x266e0000, 0x266e0000)
  from space 5760K,   0% used [0x266e0000, 0x266e2220, 0x26c80000)
  to   space 5760K,   0% used [0x26c80000, 0x26c80000, 0x27220000)
 tenured generation   total 115896K, used 107921K [0x28ed0000, 0x2fffe000, 0x33980000)
   the space 115896K,  93% used [0x28ed0000, 0x2f8346f8, 0x2f834800, 0x2fffe000)
 compacting perm gen  total 12288K, used 2918K [0x33980000, 0x34580000, 0x37980000)
   the space 12288K,  23% used [0x33980000, 0x33c59be0, 0x33c59c00, 0x34580000)
    ro space 10240K,  42% used [0x37980000, 0x37dbe580, 0x37dbe600, 0x38380000)
    rw space 12288K,  54% used [0x38380000, 0x389ff128, 0x389ff200, 0x38f80000)
Event: 1526.721 GC heap after
Heap after GC invocations=75627 (full 43):
 def new generation   total 52224K, used 5K [0x23980000, 0x27220000, 0x28ed0000)
  eden space 46464K,   0% used [0x23980000, 0x23980000, 0x266e0000)
  from space 5760K,   0% used [0x26c80000, 0x26c81700, 0x27220000)
  to   space 5760K,   0% used [0x266e0000, 0x266e0000, 0x26c80000)
 tenured generation   total 115896K, used 107921K [0x28ed0000, 0x2fffe000, 0x33980000)
   the space 115896K,  93% used [0x28ed0000, 0x2f8346f8, 0x2f834800, 0x2fffe000)
 compacting perm gen  total 12288K, used 2918K [0x33980000, 0x34580000, 0x37980000)
   the space 12288K,  23% used [0x33980000, 0x33c59be0, 0x33c59c00, 0x34580000)
    ro space 10240K,  42% used [0x37980000, 0x37dbe580, 0x37dbe600, 0x38380000)
    rw space 12288K,  54% used [0x38380000, 0x389ff128, 0x389ff200, 0x38f80000)
}
Event: 1526.739 GC heap before
{Heap before GC invocations=75627 (full 43):
 def new generation   total 52224K, used 46469K [0x23980000, 0x27220000, 0x28ed0000)
  eden space 46464K, 100% used [0x23980000, 0x266e0000, 0x266e0000)
  from space 5760K,   0% used [0x26c80000, 0x26c81700, 0x27220000)
  to   space 5760K,   0% used [0x266e0000, 0x266e0000, 0x26c80000)
 tenured generation   total 115896K, used 107921K [0x28ed0000, 0x2fffe000, 0x33980000)
   the space 115896K,  93% used [0x28ed0000, 0x2f8346f8, 0x2f834800, 0x2fffe000)
 compacting perm gen  total 12288K, used 2918K [0x33980000, 0x34580000, 0x37980000)
   the space 12288K,  23% used [0x33980000, 0x33c59be0, 0x33c59c00, 0x34580000)
    ro space 10240K,  42% used [0x37980000, 0x37dbe580, 0x37dbe600, 0x38380000)
    rw space 12288K,  54% used [0x38380000, 0x389ff128, 0x389ff200, 0x38f80000)
Event: 1526.740 GC heap after
Heap after GC invocations=75628 (full 43):
 def new generation   total 52224K, used 0K [0x23980000, 0x27220000, 0x28ed0000)
  eden space 46464K,   0% used [0x23980000, 0x23980000, 0x266e0000)
  from space 5760K,   0% used [0x266e0000, 0x266e03c8, 0x26c80000)
  to   space 5760K,   0% used [0x26c80000, 0x26c80000, 0x27220000)
 tenured generation   total 115896K, used 107921K [0x28ed0000, 0x2fffe000, 0x33980000)
   the space 115896K,  93% used [0x28ed0000, 0x2f8346f8, 0x2f834800, 0x2fffe000)
 compacting perm gen  total 12288K, used 2918K [0x33980000, 0x34580000, 0x37980000)
   the space 12288K,  23% used [0x33980000, 0x33c59be0, 0x33c59c00, 0x34580000)
    ro space 10240K,  42% used [0x37980000, 0x37dbe580, 0x37dbe600, 0x38380000)
    rw space 12288K,  54% used [0x38380000, 0x389ff128, 0x389ff200, 0x38f80000)
}
Event: 1526.758 GC heap before
{Heap before GC invocations=75628 (full 43):
 def new generation   total 52224K, used 46464K [0x23980000, 0x27220000, 0x28ed0000)
  eden space 46464K, 100% used [0x23980000, 0x266e0000, 0x266e0000)
  from space 5760K,   0% used [0x266e0000, 0x266e03c8, 0x26c80000)
  to   space 5760K,   0% used [0x26c80000, 0x26c80000, 0x27220000)
 tenured generation   total 115896K, used 107921K [0x28ed0000, 0x2fffe000, 0x33980000)
   the space 115896K,  93% used [0x28ed0000, 0x2f8346f8, 0x2f834800, 0x2fffe000)
 compacting perm gen  total 12288K, used 2918K [0x33980000, 0x34580000, 0x37980000)
   the space 12288K,  23% used [0x33980000, 0x33c59be0, 0x33c59c00, 0x34580000)
    ro space 10240K,  42% used [0x37980000, 0x37dbe580, 0x37dbe600, 0x38380000)
    rw space 12288K,  54% used [0x38380000, 0x389ff128, 0x389ff200, 0x38f80000)
Event: 1526.758 GC heap after
Heap after GC invocations=75629 (full 43):
 def new generation   total 52224K, used 6K [0x23980000, 0x27220000, 0x28ed0000)
  eden space 46464K,   0% used [0x23980000, 0x23980000, 0x266e0000)
  from space 5760K,   0% used [0x26c80000, 0x26c81b70, 0x27220000)
  to   space 5760K,   0% used [0x266e0000, 0x266e0000, 0x26c80000)
 tenured generation   total 115896K, used 107921K [0x28ed0000, 0x2fffe000, 0x33980000)
   the space 115896K,  93% used [0x28ed0000, 0x2f8346f8, 0x2f834800, 0x2fffe000)
 compacting perm gen  total 12288K, used 2918K [0x33980000, 0x34580000, 0x37980000)
   the space 12288K,  23% used [0x33980000, 0x33c59be0, 0x33c59c00, 0x34580000)
    ro space 10240K,  42% used [0x37980000, 0x37dbe580, 0x37dbe600, 0x38380000)
    rw space 12288K,  54% used [0x38380000, 0x389ff128, 0x389ff200, 0x38f80000)
}
Event: 1526.778 GC heap before
{Heap before GC invocations=75629 (full 43):
 def new generation   total 52224K, used 46470K [0x23980000, 0x27220000, 0x28ed0000)
  eden space 46464K, 100% used [0x23980000, 0x266e0000, 0x266e0000)
  from space 5760K,   0% used [0x26c80000, 0x26c81b70, 0x27220000)
  to   space 5760K,   0% used [0x266e0000, 0x266e0000, 0x26c80000)
 tenured generation   total 115896K, used 107921K [0x28ed0000, 0x2fffe000, 0x33980000)
   the space 115896K,  93% used [0x28ed0000, 0x2f8346f8, 0x2f834800, 0x2fffe000)
 compacting perm gen  total 12288K, used 2918K [0x33980000, 0x34580000, 0x37980000)
   the space 12288K,  23% used [0x33980000, 0x33c59be0, 0x33c59c00, 0x34580000)
    ro space 10240K,  42% used [0x37980000, 0x37dbe580, 0x37dbe600, 0x38380000)
    rw space 12288K,  54% used [0x38380000, 0x389ff128, 0x389ff200, 0x38f80000)
Event: 1526.778 GC heap after
Heap after GC invocations=75630 (full 43):
 def new generation   total 52224K, used 1K [0x23980000, 0x27220000, 0x28ed0000)
  eden space 46464K,   0% used [0x23980000, 0x23980000, 0x266e0000)
  from space 5760K,   0% used [0x266e0000, 0x266e04b0, 0x26c80000)
  to   space 5760K,   0% used [0x26c80000, 0x26c80000, 0x27220000)
 tenured generation   total 115896K, used 107921K [0x28ed0000, 0x2fffe000, 0x33980000)
   the space 115896K,  93% used [0x28ed0000, 0x2f8346f8, 0x2f834800, 0x2fffe000)
 compacting perm gen  total 12288K, used 2918K [0x33980000, 0x34580000, 0x37980000)
   the space 12288K,  23% used [0x33980000, 0x33c59be0, 0x33c59c00, 0x34580000)
    ro space 10240K,  42% used [0x37980000, 0x37dbe580, 0x37dbe600, 0x38380000)
    rw space 12288K,  54% used [0x38380000, 0x389ff128, 0x389ff200, 0x38f80000)
}

Deoptimization events (0 events):
No events

Internal exceptions (10 events):
Event: 15.088 Thread 0x161dfc00 Threw 0x241becc0 at C:\jdk7u5_32P\jdk7u5\hotspot\src\share\vm\prims\jvm.cpp:1166
Event: 15.089 Thread 0x161dfc00 Threw 0x241c26a0 at C:\jdk7u5_32P\jdk7u5\hotspot\src\share\vm\prims\jvm.cpp:1166
Event: 15.090 Thread 0x161dfc00 Threw 0x241c5930 at C:\jdk7u5_32P\jdk7u5\hotspot\src\share\vm\prims\jvm.cpp:1166
Event: 15.090 Thread 0x161dfc00 Threw 0x241c8468 at C:\jdk7u5_32P\jdk7u5\hotspot\src\share\vm\prims\jvm.cpp:1166
Event: 15.090 Thread 0x16296c00 Threw 0x249a4e78 at C:\jdk7u5_32P\jdk7u5\hotspot\src\share\vm\prims\jvm.cpp:1166
Event: 15.091 Thread 0x16296c00 Threw 0x249a6f18 at C:\jdk7u5_32P\jdk7u5\hotspot\src\share\vm\prims\jvm.cpp:1166
Event: 15.891 Thread 0x162e0400 Threw 0x24ef17c8 at C:\jdk7u5_32P\jdk7u5\hotspot\src\share\vm\prims\jvm.cpp:1166
Event: 18.727 Thread 0x164e1400 Threw 0x25cfc150 at C:\jdk7u5_32P\jdk7u5\hotspot\src\share\vm\prims\jvm.cpp:1166
Event: 270.077 Thread 0x05f0c800 Threw 0x23dfb1d8 at C:\jdk7u5_32P\jdk7u5\hotspot\src\share\vm\prims\jvm.cpp:1166
Event: 270.078 Thread 0x05f0c800 Threw 0x23ee2458 at C:\jdk7u5_32P\jdk7u5\hotspot\src\share\vm\prims\jvm.cpp:1166

Events (10 events):
Event: 1526.764 Thread 0x01af7400 Thread exited: 0x01af7400
Event: 1526.764 Thread 0x161f9800 Thread exited: 0x161f9800
Event: 1526.764 Thread 0x16349000 Thread exited: 0x16349000
Event: 1526.764 Thread 0x161f1800 Thread exited: 0x161f1800
Event: 1526.764 Thread 0x161f9c00 Thread exited: 0x161f9c00
Event: 1526.764 Thread 0x16415000 Thread exited: 0x16415000
Event: 1526.764 Thread 0x16643c00 Thread exited: 0x16643c00
Event: 1526.764 Thread 0x16644400 Thread exited: 0x16644400
Event: 1526.778 Executing VM operation: GenCollectForAllocation
Event: 1526.778 Executing VM operation: GenCollectForAllocation done


Dynamic libraries:
0x00340000 - 0x0036f000 	C:\Windows\system32\java.exe
0x776e0000 - 0x7781c000 	C:\Windows\SYSTEM32\ntdll.dll
0x77100000 - 0x771d4000 	C:\Windows\system32\kernel32.dll
0x758f0000 - 0x7593a000 	C:\Windows\system32\KERNELBASE.dll
0x77640000 - 0x776e0000 	C:\Windows\system32\ADVAPI32.dll
0x76eb0000 - 0x76f5c000 	C:\Windows\system32\msvcrt.dll
0x76e90000 - 0x76ea9000 	C:\Windows\SYSTEM32\sechost.dll
0x76d80000 - 0x76e21000 	C:\Windows\system32\RPCRT4.dll
0x76cb0000 - 0x76d79000 	C:\Windows\system32\USER32.dll
0x778c0000 - 0x7790e000 	C:\Windows\system32\GDI32.dll
0x778b0000 - 0x778ba000 	C:\Windows\system32\LPK.dll
0x775a0000 - 0x7763d000 	C:\Windows\system32\USP10.dll
0x744e0000 - 0x7467e000 	C:\Windows\WinSxS\x86_microsoft.windows.common-controls_6595b64144ccf1df_6.0.7601.17514_none_41e6975e2bd6f2b2\COMCTL32.dll
0x77850000 - 0x778a7000 	C:\Windows\system32\SHLWAPI.dll
0x77580000 - 0x7759f000 	C:\Windows\system32\IMM32.DLL
0x774b0000 - 0x7757c000 	C:\Windows\system32\MSCTF.dll
0x62be0000 - 0x62c9e000 	C:\Program Files\Java\jre7\bin\msvcr100.dll
0x5d220000 - 0x5d56a000 	C:\Program Files\Java\jre7\bin\client\jvm.dll
0x6b1a0000 - 0x6b1a7000 	C:\Windows\system32\WSOCK32.dll
0x75cd0000 - 0x75d05000 	C:\Windows\system32\WS2_32.dll
0x75fc0000 - 0x75fc6000 	C:\Windows\system32\NSI.dll
0x73d00000 - 0x73d32000 	C:\Windows\system32\WINMM.dll
0x75ed0000 - 0x75ed5000 	C:\Windows\system32\PSAPI.DLL
0x718e0000 - 0x718ec000 	C:\Program Files\Java\jre7\bin\verify.dll
0x67b20000 - 0x67b40000 	C:\Program Files\Java\jre7\bin\java.dll
0x64840000 - 0x64853000 	C:\Program Files\Java\jre7\bin\zip.dll
0x62da0000 - 0x62db4000 	C:\Program Files\Java\jre7\bin\net.dll
0x752e0000 - 0x7531c000 	C:\Windows\system32\mswsock.dll
0x752d0000 - 0x752d6000 	C:\Windows\System32\wship6.dll
0x10000000 - 0x1000c000 	C:\Windows\System32\LibusbJava.dll
0x62d80000 - 0x62d91000 	C:\Windows\system32\libusb0.dll
0x76f60000 - 0x770fd000 	C:\Windows\system32\SETUPAPI.dll
0x75970000 - 0x75997000 	C:\Windows\system32\CFGMGR32.dll
0x76c20000 - 0x76caf000 	C:\Windows\system32\OLEAUT32.dll
0x75b70000 - 0x75ccc000 	C:\Windows\system32\ole32.dll
0x759a0000 - 0x759b2000 	C:\Windows\system32\DEVOBJ.dll
0x62d60000 - 0x62d7e000 	C:\Program Files\OpenNI\Bin\OpenNI.jni.dll
0x62b90000 - 0x62be0000 	C:\Program Files\OpenNI\Bin\OpenNI.dll
0x75fd0000 - 0x76c1a000 	C:\Windows\system32\SHELL32.dll
0x62b70000 - 0x62b88000 	C:\Program Files\OpenNI\bin\nimRecorder.dll
0x62b50000 - 0x62b6a000 	C:\Program Files\OpenNI\bin\nimMockNodes.dll
0x624b0000 - 0x624f9000 	C:\Program Files\OpenNI\bin\nimCodecs.dll
0x62490000 - 0x624b0000 	C:\Program Files\PrimeSense\SensorKinect\Bin\XnDeviceFile.dll
0x70ae0000 - 0x70aeb000 	C:\Program Files\PrimeSense\SensorKinect\Bin\XnCore.dll
0x62070000 - 0x62113000 	C:\Windows\WinSxS\x86_microsoft.vc90.crt_1fc8b3b9a1e18e3b_9.0.30729.6161_none_50934f2ebcb7eb57\MSVCR90.dll
0x62030000 - 0x62068000 	C:\Program Files\PrimeSense\SensorKinect\Bin\XnDDK.dll
0x61fe0000 - 0x62024000 	C:\Program Files\PrimeSense\SensorKinect\Bin\XnFormats.dll
0x61f90000 - 0x61fdf000 	C:\Program Files\PrimeSense\SensorKinect\Bin\XnDeviceSensorV2KM.dll
0x5cf80000 - 0x5d218000 	C:\Program Files\PrimeSense\NITE\Features_1_3_0\Bin\XnVFeatures_1_3_0.dll
0x5cef0000 - 0x5cf7e000 	C:\Windows\WinSxS\x86_microsoft.vc90.crt_1fc8b3b9a1e18e3b_9.0.30729.6161_none_50934f2ebcb7eb57\MSVCP90.dll
0x5cca0000 - 0x5ceef000 	C:\Program Files\PrimeSense\NITE\Features_1_3_1\Bin\XnVFeatures_1_3_1.dll
0x5ca80000 - 0x5cc99000 	C:\Program Files\PrimeSense\NITE\Features_1_4_1\Bin\XnVFeatures_1_4_1.dll
0x5c860000 - 0x5ca76000 	C:\Program Files\PrimeSense\NITE\Features_1_4_2\Bin\XnVFeatures_1_4_2.dll
0x5c550000 - 0x5c857000 	C:\Program Files\PrimeSense\NITE\Features_1_5_2\Bin\XnVFeatures_1_5_2.dll
0x5c470000 - 0x5c547000 	C:\Program Files\PrimeSense\NITE\Hands_1_3_0\Bin\XnVHandGenerator_1_3_0.dll
0x5c390000 - 0x5c46c000 	C:\Program Files\PrimeSense\NITE\Hands_1_3_1\Bin\XnVHandGenerator_1_3_1.dll
0x5c2b0000 - 0x5c38d000 	C:\Program Files\PrimeSense\NITE\Hands_1_4_1\Bin\XnVHandGenerator_1_4_1.dll
0x5c1d0000 - 0x5c2ad000 	C:\Program Files\PrimeSense\NITE\Hands_1_4_2\Bin\XnVHandGenerator_1_4_2.dll
0x5c0e0000 - 0x5c1cc000 	C:\Program Files\PrimeSense\NITE\Hands_1_5_2\Bin\XnVHandGenerator_1_5_2.dll
0x74af0000 - 0x74b30000 	C:\Windows\system32\uxtheme.dll
0x75940000 - 0x7596d000 	C:\Windows\system32\WINTRUST.dll
0x75a50000 - 0x75b6e000 	C:\Windows\system32\CRYPT32.dll
0x758e0000 - 0x758ec000 	C:\Windows\system32\MSASN1.dll
0x757a0000 - 0x757ec000 	C:\Windows\system32\apphelp.dll
0x74df0000 - 0x74df5000 	C:\Windows\System32\wshtcpip.dll
0x03bb0000 - 0x03bbe000 	C:\Windows\System32\j3dcore-ogl-chk.dll
0x5c010000 - 0x5c0d8000 	C:\Windows\system32\OPENGL32.dll
0x621b0000 - 0x621d2000 	C:\Windows\system32\GLU32.dll
0x6db50000 - 0x6dc37000 	C:\Windows\system32\DDRAW.dll
0x719f0000 - 0x719f6000 	C:\Windows\system32\DCIMAN32.dll
0x74a80000 - 0x74a93000 	C:\Windows\system32\dwmapi.dll
0x6fd30000 - 0x6fd37000 	C:\Windows\system32\atiglpxx.dll
0x69030000 - 0x6a380000 	C:\Windows\system32\atioglxx.dll
0x74d20000 - 0x74d29000 	C:\Windows\system32\VERSION.dll
0x6f1a0000 - 0x6f284000 	C:\Windows\system32\aticfx32.dll
0x73620000 - 0x73681000 	C:\Windows\system32\atiadlxx.dll
0x74ec0000 - 0x74ed7000 	C:\Windows\system32\USERENV.dll
0x75870000 - 0x7587b000 	C:\Windows\system32\profapi.dll
0x74d60000 - 0x74d6d000 	C:\Windows\system32\WTSAPI32.dll
0x6d9b0000 - 0x6d9bb000 	C:\Windows\system32\atigktxx.dll
0x5bec0000 - 0x5c002000 	C:\Program Files\Java\jre7\bin\awt.dll
0x757f0000 - 0x757fc000 	C:\Windows\system32\CRYPTBASE.dll
0x6ecd0000 - 0x6ecd6000 	C:\Program Files\Java\jre7\bin\jawt.dll
0x04260000 - 0x04289000 	C:\Windows\System32\j3dcore-ogl.dll
0x6f420000 - 0x6f50b000 	C:\Windows\system32\dbghelp.dll

VM Arguments:
jvm_args: -Djava 
java_command: SANDRAExecutable.jar 193.156.105.142 7540 kinectJoints gameControl
Launcher Type: SUN_STANDARD

Environment Variables:
CLASSPATH=C:\Program Files\OpenNI\Bin\org.OpenNI.jar
PATH=C:\Program Files\Intel\iCLS Client\;C:\Program Files\AMD APP\bin\x86;C:\Windows\system32;C:\Windows;C:\Windows\System32\Wbem;C:\Windows\System32\WindowsPowerShell\v1.0\;C:\Program Files\ATI Technologies\ATI.ACE\Core-Static;C:\Users\norut\AppData\Roaming\npm;C:\Program Files\nodejs\;C:\Program Files\Intel\Intel(R) Management Engine Components\DAL;C:\Program Files\Intel\Intel(R) Management Engine Components\IPT;C:\Program Files\OpenNI\Bin;C:\Program Files\PrimeSense\NITE\bin;C:\Program Files\AMD APP\bin\x86;C:\Windows\system32;C:\Windows;C:\Windows\System32\Wbem;C:\Windows\System32\WindowsPowerShell\v1.0\;C:\Program Files\ATI Technologies\ATI.ACE\Core-Static;C:\Program Files\nodejs
USERNAME=norut
OS=Windows_NT
PROCESSOR_IDENTIFIER=x86 Family 6 Model 58 Stepping 9, GenuineIntel



---------------  S Y S T E M  ---------------

OS: Windows 7 Build 7601 Service Pack 1

CPU:total 4 (4 cores per cpu, 1 threads per core) family 6 model 58 stepping 9, cmov, cx8, fxsr, mmx, sse, sse2, sse3, ssse3, sse4.1, sse4.2, popcnt, avx, tsc, tscinvbit, tscinv

Memory: 4k page, physical 3638896k(1782520k free), swap 7276036k(5070524k free)

vm_info: Java HotSpot(TM) Client VM (23.1-b03) for windows-x86 JRE (1.7.0_05-b05), built on May 15 2012 18:11:27 by "java_re" with unknown MS VC++:1600

time: Fri Jul 27 11:07:20 2012
elapsed time: 1526 seconds

