#
# A fatal error has been detected by the Java Runtime Environment:
#
#  EXCEPTION_ACCESS_VIOLATION (0xc0000005) at pc=0x64b9179c, pid=4288, tid=4140
#
# JRE version: 7.0_05-b05
# Java VM: Java HotSpot(TM) Client VM (23.1-b03 mixed mode, sharing windows-x86 )
# Problematic frame:
# C  [OpenNI.dll+0x1179c]  xnUnregisterUserCallbacks+0x2c
#
# Failed to write core dump. Minidumps are not enabled by default on client versions of Windows
#
# If you would like to submit a bug report, please visit:
#   http://bugreport.sun.com/bugreport/crash.jsp
# The crash happened outside the Java Virtual Machine in native code.
# See problematic frame for where to report the bug.
#

---------------  T H R E A D  ---------------

Current thread (0x05ec5800):  JavaThread "Thread-1" [_thread_in_native, id=4140, stack(0x0fd80000,0x0fdd0000)]

siginfo: ExceptionCode=0xc0000005, reading address 0x00000010

Registers:
EAX=0x065a58cc, EBX=0x33a4eae8, ECX=0x03efd3c4, EDX=0x03efed40
ESP=0x0fdced68, EBP=0x0fdcedc4, ESI=0x00000000, EDI=0x05ec5800
EIP=0x64b9179c, EFLAGS=0x00010202

Top of Stack: (sp=0x0fdced68)
0x0fdced68:   162d93a8 70f26c84 05ca5200 00000000
0x0fdced78:   33a4eae8 01bea707 05ec5928 0fdcedcc
0x0fdced88:   05ca5200 00000000 162d93a8 00000000
0x0fdced98:   0fdcede8 01cf8310 379ea284 0fdceda4
0x0fdceda8:   00000000 0fdcede0 33a528e0 00000000
0x0fdcedb8:   33a4eae8 00000000 0fdcedd4 0fdcee04
0x0fdcedc8:   01be32c7 28fafa80 01be8989 162d93a8
0x0fdcedd8:   00000000 05ca5200 00000000 0fdcede4 

Instructions: (pc=0x64b9179c)
0x64b9177c:   8b 40 04 8b 10 c1 ea 19 83 e2 01 74 2b 8b 41 04
0x64b9178c:   8b 08 8b 91 c0 00 00 00 8b 40 04 56 8b 74 24 0c
0x64b9179c:   8b 4e 10 51 8b 8a 20 01 00 00 50 ff d1 56 ff 15
0x64b917ac:   e0 51 bb 64 83 c4 04 5e c3 cc cc cc cc cc cc cc 


Register to memory mapping:

EAX=0x065a58cc is an unknown value
EBX=0x33a4eae8 is an oop
{method} 
 - klass: {other class}
ECX=0x03efd3c4 is an unknown value
EDX=0x03efed40 is an unknown value
ESP=0x0fdced68 is pointing into the stack for thread: 0x05ec5800
EBP=0x0fdcedc4 is pointing into the stack for thread: 0x05ec5800
ESI=0x00000000 is an unknown value
EDI=0x05ec5800 is a thread


Stack: [0x0fd80000,0x0fdd0000],  sp=0x0fdced68,  free space=315k
Native frames: (J=compiled Java code, j=interpreted, Vv=VM code, C=native code)
C  [OpenNI.dll+0x1179c]  xnUnregisterUserCallbacks+0x2c
j  org.OpenNI.UserGenerator$1.unregisterNative(J)V+8
j  org.OpenNI.Observable.deleteObserver(Lorg/OpenNI/IObserver;)V+24
j  KinectPackage.SkeletonManager.reset()V+11
j  KinectPackage.SkeletonManager.access$8(LKinectPackage/SkeletonManager;)V+1
j  KinectPackage.SkeletonManager$LostUserObserver.update(Lorg/OpenNI/IObservable;Lorg/OpenNI/UserEventArgs;)V+183
j  KinectPackage.SkeletonManager$LostUserObserver.update(Lorg/OpenNI/IObservable;Ljava/lang/Object;)V+9
j  org.OpenNI.Observable.notify(Ljava/lang/Object;)V+30
j  org.OpenNI.UserGenerator$2.callback(I)V+9
v  ~StubRoutines::call_stub
V  [jvm.dll+0x12964a]
V  [jvm.dll+0x1d851e]
V  [jvm.dll+0x1296cd]
V  [jvm.dll+0xae4da]
V  [jvm.dll+0xb1d93]
C  [OpenNI.jni.dll+0x10ea]  JNI_OnUnload+0x6a
C  [XnVFeatures_1_5_2.dll+0x959a8]  xnModuleGetOpenNIVersion+0x57988
C  [XnVFeatures_1_5_2.dll+0x7b5d8]  xnModuleGetOpenNIVersion+0x3d5b8
C  [XnVFeatures_1_5_2.dll+0xb1538]  xnModuleGetOpenNIVersion+0x73518
C  [XnVFeatures_1_5_2.dll+0x95266]  xnModuleGetOpenNIVersion+0x57246
C  [OpenNI.jni.dll+0x2eab]  Java_org_OpenNI_NativeMethods_xnWaitAnyUpdateAll+0xb
J  KinectPackage.KinectManager.run()V
v  ~StubRoutines::call_stub
V  [jvm.dll+0x12964a]
V  [jvm.dll+0x1d851e]
V  [jvm.dll+0x129833]
V  [jvm.dll+0x129897]
V  [jvm.dll+0xd24af]
V  [jvm.dll+0x149977]
V  [jvm.dll+0x149ae0]
V  [jvm.dll+0x17e049]
C  [msvcr100.dll+0x5c6de]  endthreadex+0x3a
C  [msvcr100.dll+0x5c788]  endthreadex+0xe4
C  [kernel32.dll+0x4ed6c]  BaseThreadInitThunk+0x12
C  [ntdll.dll+0x6377b]  RtlInitializeExceptionChain+0xef
C  [ntdll.dll+0x6374e]  RtlInitializeExceptionChain+0xc2

Java frames: (J=compiled Java code, j=interpreted, Vv=VM code)
j  org.OpenNI.NativeMethods.xnUnregisterUserCallbacks(JJ)V+0
j  org.OpenNI.UserGenerator$1.unregisterNative(J)V+8
j  org.OpenNI.Observable.deleteObserver(Lorg/OpenNI/IObserver;)V+24
j  KinectPackage.SkeletonManager.reset()V+11
j  KinectPackage.SkeletonManager.access$8(LKinectPackage/SkeletonManager;)V+1
j  KinectPackage.SkeletonManager$LostUserObserver.update(Lorg/OpenNI/IObservable;Lorg/OpenNI/UserEventArgs;)V+183
j  KinectPackage.SkeletonManager$LostUserObserver.update(Lorg/OpenNI/IObservable;Ljava/lang/Object;)V+9
j  org.OpenNI.Observable.notify(Ljava/lang/Object;)V+30
j  org.OpenNI.UserGenerator$2.callback(I)V+9
v  ~StubRoutines::call_stub
J  org.OpenNI.NativeMethods.xnWaitAnyUpdateAll(J)I
J  KinectPackage.KinectManager.run()V
j  java.lang.Thread.run()V+11
v  ~StubRoutines::call_stub

---------------  P R O C E S S  ---------------

Java Threads: ( => current thread )
  0x00b4b400 JavaThread "DestroyJavaVM" [_thread_in_native, id=5832, stack(0x00a80000,0x00ad0000)]
  0x162ac800 JavaThread "Thread-20" [_thread_in_Java, id=2384, stack(0x19a90000,0x19ae0000)]
  0x163ab000 JavaThread "Thread-6" [_thread_in_Java, id=680, stack(0x19ae0000,0x19b30000)]
  0x163bc000 JavaThread "Thread-5" [_thread_in_native, id=5024, stack(0x19940000,0x19990000)]
  0x03e43000 JavaThread "AWT-Windows" daemon [_thread_in_native, id=4752, stack(0x19780000,0x197d0000)]
  0x03e42800 JavaThread "Java2D Disposer" daemon [_thread_blocked, id=4528, stack(0x19850000,0x198a0000)]
=>0x05ec5800 JavaThread "Thread-1" [_thread_in_native, id=4140, stack(0x0fd80000,0x0fdd0000)]
  0x00c27400 JavaThread "Service Thread" daemon [_thread_blocked, id=4504, stack(0x03df0000,0x03e40000)]
  0x00c22800 JavaThread "C1 CompilerThread0" daemon [_thread_blocked, id=5292, stack(0x00d70000,0x00dc0000)]
  0x00c21400 JavaThread "Attach Listener" daemon [_thread_blocked, id=2948, stack(0x03d50000,0x03da0000)]
  0x00c1e400 JavaThread "Signal Dispatcher" daemon [_thread_blocked, id=4532, stack(0x03d00000,0x03d50000)]
  0x00c04000 JavaThread "Finalizer" daemon [_thread_blocked, id=5844, stack(0x03c50000,0x03ca0000)]
  0x00c02800 JavaThread "Reference Handler" daemon [_thread_blocked, id=4664, stack(0x00ea0000,0x00ef0000)]

Other Threads:
  0x00c01400 VMThread [stack: 0x00e20000,0x00e70000] [id=956]
  0x00c32400 WatcherThread [stack: 0x03c00000,0x03c50000] [id=5188]

VM state:not at safepoint (normal execution)

VM Mutex/Monitor currently owned by a thread: None

Heap
 def new generation   total 78656K, used 9658K [0x23980000, 0x28ed0000, 0x28ed0000)
  eden space 69952K,  13% used [0x23980000, 0x242ee560, 0x27dd0000)
  from space 8704K,   0% used [0x28650000, 0x28650348, 0x28ed0000)
  to   space 8704K,   0% used [0x27dd0000, 0x27dd0000, 0x28650000)
 tenured generation   total 174784K, used 6323K [0x28ed0000, 0x33980000, 0x33980000)
   the space 174784K,   3% used [0x28ed0000, 0x294fcfc0, 0x294fd000, 0x33980000)
 compacting perm gen  total 12288K, used 2918K [0x33980000, 0x34580000, 0x37980000)
   the space 12288K,  23% used [0x33980000, 0x33c59b50, 0x33c59c00, 0x34580000)
    ro space 10240K,  42% used [0x37980000, 0x37dbe580, 0x37dbe600, 0x38380000)
    rw space 12288K,  54% used [0x38380000, 0x389ff128, 0x389ff200, 0x38f80000)

Code Cache  [0x01be0000, 0x01da0000, 0x03be0000)
 total_blobs=1091 nmethods=809 adapters=217 free_code_cache=30983Kb largest_free_block=31726976

Compilation events (10 events):
Event: 78.844 Thread 0x00c22800  799             java.lang.ThreadLocal::initialValue (2 bytes)
Event: 78.844 Thread 0x00c22800 nmethod 799 0x01d9c208 code [0x01d9c300, 0x01d9c380]
Event: 78.850 Thread 0x00c22800  800             java.lang.ThreadLocal::createMap (14 bytes)
Event: 78.850 Thread 0x00c22800 nmethod 800 0x01d9c3c8 code [0x01d9c4d0, 0x01d9c5cc]
Event: 115.149 Thread 0x00c22800  801             java.util.concurrent.locks.ReentrantLock::tryLock (9 bytes)
Event: 115.149 Thread 0x00c22800 nmethod 801 0x01d9c688 code [0x01d9c790, 0x01d9c82c]
Event: 121.349 Thread 0x00c22800  802             java.util.concurrent.ConcurrentHashMap$Segment::scanAndLockForPut (140 bytes)
Event: 121.349 Thread 0x00c22800 nmethod 802 0x01d9c8c8 code [0x01d9ca10, 0x01d9ccfc]
Event: 137.568 Thread 0x00c22800    7 % !         KinectPackage.KinectManager::run @ 73 (146 bytes)
Event: 137.570 Thread 0x00c22800 nmethod 7% 0x01d9cf48 code [0x01d9d160, 0x01d9d8d0]

GC Heap History (10 events):
Event: 353.170 GC heap before
{Heap before GC invocations=4785 (full 46):
 def new generation   total 78656K, used 69965K [0x23980000, 0x28ed0000, 0x28ed0000)
  eden space 69952K, 100% used [0x23980000, 0x27dd0000, 0x27dd0000)
  from space 8704K,   0% used [0x28650000, 0x28653408, 0x28ed0000)
  to   space 8704K,   0% used [0x27dd0000, 0x27dd0000, 0x28650000)
 tenured generation   total 174784K, used 6323K [0x28ed0000, 0x33980000, 0x33980000)
   the space 174784K,   3% used [0x28ed0000, 0x294fcfc0, 0x294fd000, 0x33980000)
 compacting perm gen  total 12288K, used 2918K [0x33980000, 0x34580000, 0x37980000)
   the space 12288K,  23% used [0x33980000, 0x33c59b50, 0x33c59c00, 0x34580000)
    ro space 10240K,  42% used [0x37980000, 0x37dbe580, 0x37dbe600, 0x38380000)
    rw space 12288K,  54% used [0x38380000, 0x389ff128, 0x389ff200, 0x38f80000)
Event: 353.170 GC heap after
Heap after GC invocations=4786 (full 46):
 def new generation   total 78656K, used 14K [0x23980000, 0x28ed0000, 0x28ed0000)
  eden space 69952K,   0% used [0x23980000, 0x23980000, 0x27dd0000)
  from space 8704K,   0% used [0x27dd0000, 0x27dd39c8, 0x28650000)
  to   space 8704K,   0% used [0x28650000, 0x28650000, 0x28ed0000)
 tenured generation   total 174784K, used 6323K [0x28ed0000, 0x33980000, 0x33980000)
   the space 174784K,   3% used [0x28ed0000, 0x294fcfc0, 0x294fd000, 0x33980000)
 compacting perm gen  total 12288K, used 2918K [0x33980000, 0x34580000, 0x37980000)
   the space 12288K,  23% used [0x33980000, 0x33c59b50, 0x33c59c00, 0x34580000)
    ro space 10240K,  42% used [0x37980000, 0x37dbe580, 0x37dbe600, 0x38380000)
    rw space 12288K,  54% used [0x38380000, 0x389ff128, 0x389ff200, 0x38f80000)
}
Event: 353.202 GC heap before
{Heap before GC invocations=4786 (full 46):
 def new generation   total 78656K, used 69966K [0x23980000, 0x28ed0000, 0x28ed0000)
  eden space 69952K, 100% used [0x23980000, 0x27dd0000, 0x27dd0000)
  from space 8704K,   0% used [0x27dd0000, 0x27dd39c8, 0x28650000)
  to   space 8704K,   0% used [0x28650000, 0x28650000, 0x28ed0000)
 tenured generation   total 174784K, used 6323K [0x28ed0000, 0x33980000, 0x33980000)
   the space 174784K,   3% used [0x28ed0000, 0x294fcfc0, 0x294fd000, 0x33980000)
 compacting perm gen  total 12288K, used 2918K [0x33980000, 0x34580000, 0x37980000)
   the space 12288K,  23% used [0x33980000, 0x33c59b50, 0x33c59c00, 0x34580000)
    ro space 10240K,  42% used [0x37980000, 0x37dbe580, 0x37dbe600, 0x38380000)
    rw space 12288K,  54% used [0x38380000, 0x389ff128, 0x389ff200, 0x38f80000)
Event: 353.202 GC heap after
Heap after GC invocations=4787 (full 46):
 def new generation   total 78656K, used 7K [0x23980000, 0x28ed0000, 0x28ed0000)
  eden space 69952K,   0% used [0x23980000, 0x23980000, 0x27dd0000)
  from space 8704K,   0% used [0x28650000, 0x28651d20, 0x28ed0000)
  to   space 8704K,   0% used [0x27dd0000, 0x27dd0000, 0x28650000)
 tenured generation   total 174784K, used 6323K [0x28ed0000, 0x33980000, 0x33980000)
   the space 174784K,   3% used [0x28ed0000, 0x294fcfc0, 0x294fd000, 0x33980000)
 compacting perm gen  total 12288K, used 2918K [0x33980000, 0x34580000, 0x37980000)
   the space 12288K,  23% used [0x33980000, 0x33c59b50, 0x33c59c00, 0x34580000)
    ro space 10240K,  42% used [0x37980000, 0x37dbe580, 0x37dbe600, 0x38380000)
    rw space 12288K,  54% used [0x38380000, 0x389ff128, 0x389ff200, 0x38f80000)
}
Event: 353.230 GC heap before
{Heap before GC invocations=4787 (full 46):
 def new generation   total 78656K, used 69959K [0x23980000, 0x28ed0000, 0x28ed0000)
  eden space 69952K, 100% used [0x23980000, 0x27dd0000, 0x27dd0000)
  from space 8704K,   0% used [0x28650000, 0x28651d20, 0x28ed0000)
  to   space 8704K,   0% used [0x27dd0000, 0x27dd0000, 0x28650000)
 tenured generation   total 174784K, used 6323K [0x28ed0000, 0x33980000, 0x33980000)
   the space 174784K,   3% used [0x28ed0000, 0x294fcfc0, 0x294fd000, 0x33980000)
 compacting perm gen  total 12288K, used 2918K [0x33980000, 0x34580000, 0x37980000)
   the space 12288K,  23% used [0x33980000, 0x33c59b50, 0x33c59c00, 0x34580000)
    ro space 10240K,  42% used [0x37980000, 0x37dbe580, 0x37dbe600, 0x38380000)
    rw space 12288K,  54% used [0x38380000, 0x389ff128, 0x389ff200, 0x38f80000)
Event: 353.231 GC heap after
Heap after GC invocations=4788 (full 46):
 def new generation   total 78656K, used 10K [0x23980000, 0x28ed0000, 0x28ed0000)
  eden space 69952K,   0% used [0x23980000, 0x23980000, 0x27dd0000)
  from space 8704K,   0% used [0x27dd0000, 0x27dd2b88, 0x28650000)
  to   space 8704K,   0% used [0x28650000, 0x28650000, 0x28ed0000)
 tenured generation   total 174784K, used 6323K [0x28ed0000, 0x33980000, 0x33980000)
   the space 174784K,   3% used [0x28ed0000, 0x294fcfc0, 0x294fd000, 0x33980000)
 compacting perm gen  total 12288K, used 2918K [0x33980000, 0x34580000, 0x37980000)
   the space 12288K,  23% used [0x33980000, 0x33c59b50, 0x33c59c00, 0x34580000)
    ro space 10240K,  42% used [0x37980000, 0x37dbe580, 0x37dbe600, 0x38380000)
    rw space 12288K,  54% used [0x38380000, 0x389ff128, 0x389ff200, 0x38f80000)
}
Event: 353.260 GC heap before
{Heap before GC invocations=4788 (full 46):
 def new generation   total 78656K, used 69962K [0x23980000, 0x28ed0000, 0x28ed0000)
  eden space 69952K, 100% used [0x23980000, 0x27dd0000, 0x27dd0000)
  from space 8704K,   0% used [0x27dd0000, 0x27dd2b88, 0x28650000)
  to   space 8704K,   0% used [0x28650000, 0x28650000, 0x28ed0000)
 tenured generation   total 174784K, used 6323K [0x28ed0000, 0x33980000, 0x33980000)
   the space 174784K,   3% used [0x28ed0000, 0x294fcfc0, 0x294fd000, 0x33980000)
 compacting perm gen  total 12288K, used 2918K [0x33980000, 0x34580000, 0x37980000)
   the space 12288K,  23% used [0x33980000, 0x33c59b50, 0x33c59c00, 0x34580000)
    ro space 10240K,  42% used [0x37980000, 0x37dbe580, 0x37dbe600, 0x38380000)
    rw space 12288K,  54% used [0x38380000, 0x389ff128, 0x389ff200, 0x38f80000)
Event: 353.261 GC heap after
Heap after GC invocations=4789 (full 46):
 def new generation   total 78656K, used 6K [0x23980000, 0x28ed0000, 0x28ed0000)
  eden space 69952K,   0% used [0x23980000, 0x23980000, 0x27dd0000)
  from space 8704K,   0% used [0x28650000, 0x286518f8, 0x28ed0000)
  to   space 8704K,   0% used [0x27dd0000, 0x27dd0000, 0x28650000)
 tenured generation   total 174784K, used 6323K [0x28ed0000, 0x33980000, 0x33980000)
   the space 174784K,   3% used [0x28ed0000, 0x294fcfc0, 0x294fd000, 0x33980000)
 compacting perm gen  total 12288K, used 2918K [0x33980000, 0x34580000, 0x37980000)
   the space 12288K,  23% used [0x33980000, 0x33c59b50, 0x33c59c00, 0x34580000)
    ro space 10240K,  42% used [0x37980000, 0x37dbe580, 0x37dbe600, 0x38380000)
    rw space 12288K,  54% used [0x38380000, 0x389ff128, 0x389ff200, 0x38f80000)
}
Event: 353.289 GC heap before
{Heap before GC invocations=4789 (full 46):
 def new generation   total 78656K, used 69958K [0x23980000, 0x28ed0000, 0x28ed0000)
  eden space 69952K, 100% used [0x23980000, 0x27dd0000, 0x27dd0000)
  from space 8704K,   0% used [0x28650000, 0x286518f8, 0x28ed0000)
  to   space 8704K,   0% used [0x27dd0000, 0x27dd0000, 0x28650000)
 tenured generation   total 174784K, used 6323K [0x28ed0000, 0x33980000, 0x33980000)
   the space 174784K,   3% used [0x28ed0000, 0x294fcfc0, 0x294fd000, 0x33980000)
 compacting perm gen  total 12288K, used 2918K [0x33980000, 0x34580000, 0x37980000)
   the space 12288K,  23% used [0x33980000, 0x33c59b50, 0x33c59c00, 0x34580000)
    ro space 10240K,  42% used [0x37980000, 0x37dbe580, 0x37dbe600, 0x38380000)
    rw space 12288K,  54% used [0x38380000, 0x389ff128, 0x389ff200, 0x38f80000)
Event: 353.289 GC heap after
Heap after GC invocations=4790 (full 46):
 def new generation   total 78656K, used 3K [0x23980000, 0x28ed0000, 0x28ed0000)
  eden space 69952K,   0% used [0x23980000, 0x23980000, 0x27dd0000)
  from space 8704K,   0% used [0x27dd0000, 0x27dd0f28, 0x28650000)
  to   space 8704K,   0% used [0x28650000, 0x28650000, 0x28ed0000)
 tenured generation   total 174784K, used 6323K [0x28ed0000, 0x33980000, 0x33980000)
   the space 174784K,   3% used [0x28ed0000, 0x294fcfc0, 0x294fd000, 0x33980000)
 compacting perm gen  total 12288K, used 2918K [0x33980000, 0x34580000, 0x37980000)
   the space 12288K,  23% used [0x33980000, 0x33c59b50, 0x33c59c00, 0x34580000)
    ro space 10240K,  42% used [0x37980000, 0x37dbe580, 0x37dbe600, 0x38380000)
    rw space 12288K,  54% used [0x38380000, 0x389ff128, 0x389ff200, 0x38f80000)
}

Deoptimization events (0 events):
No events

Internal exceptions (10 events):
Event: 27.296 Thread 0x1643bc00 Threw 0x23d1dd30 at C:\jdk7u5_32P\jdk7u5\hotspot\src\share\vm\prims\jvm.cpp:1166
Event: 27.297 Thread 0x1643bc00 Threw 0x23d21540 at C:\jdk7u5_32P\jdk7u5\hotspot\src\share\vm\prims\jvm.cpp:1166
Event: 27.297 Thread 0x1643bc00 Threw 0x23d24858 at C:\jdk7u5_32P\jdk7u5\hotspot\src\share\vm\prims\jvm.cpp:1166
Event: 27.298 Thread 0x1643bc00 Threw 0x23d26f80 at C:\jdk7u5_32P\jdk7u5\hotspot\src\share\vm\prims\jvm.cpp:1166
Event: 27.307 Thread 0x163bc000 Threw 0x23c02e98 at C:\jdk7u5_32P\jdk7u5\hotspot\src\share\vm\prims\jvm.cpp:1166
Event: 28.167 Thread 0x163ab000 Threw 0x24683de0 at C:\jdk7u5_32P\jdk7u5\hotspot\src\share\vm\prims\jvm.cpp:1166
Event: 73.704 Thread 0x1643b000 Implicit null exception at 0x01cd9eb5 to 0x01cd9fc9
Event: 73.704 Thread 0x1643b000 Threw 0x247230a0 at C:\jdk7u5_32P\jdk7u5\hotspot\src\share\vm\runtime\sharedRuntime.cpp:613
Event: 295.238 Thread 0x05ec5800 Threw 0x258b89f0 at C:\jdk7u5_32P\jdk7u5\hotspot\src\share\vm\prims\jvm.cpp:1166
Event: 295.239 Thread 0x05ec5800 Threw 0x25c79e50 at C:\jdk7u5_32P\jdk7u5\hotspot\src\share\vm\prims\jvm.cpp:1166

Events (10 events):
Event: 353.293 Thread 0x16520800 Thread added: 0x16520800
Event: 353.293 Thread 0x05f9d400 Thread exited: 0x05f9d400
Event: 353.293 Thread 0x16365400 Thread exited: 0x16365400
Event: 353.293 Thread 0x1653b400 Thread exited: 0x1653b400
Event: 353.294 Thread 0x16364400 Thread exited: 0x16364400
Event: 353.294 Thread 0x1653b800 Thread exited: 0x1653b800
Event: 353.294 Thread 0x1653ac00 Thread exited: 0x1653ac00
Event: 353.294 Thread 0x16365000 Thread exited: 0x16365000
Event: 353.294 Thread 0x1651fc00 Thread exited: 0x1651fc00
Event: 353.294 Thread 0x16520800 Thread exited: 0x16520800


Dynamic libraries:
0x00fb0000 - 0x00fdf000 	C:\Windows\system32\java.exe
0x77b50000 - 0x77c8c000 	C:\Windows\SYSTEM32\ntdll.dll
0x77810000 - 0x778e4000 	C:\Windows\system32\kernel32.dll
0x75d90000 - 0x75dda000 	C:\Windows\system32\KERNELBASE.dll
0x778f0000 - 0x77990000 	C:\Windows\system32\ADVAPI32.dll
0x769f0000 - 0x76a9c000 	C:\Windows\system32\msvcrt.dll
0x75fe0000 - 0x75ff9000 	C:\Windows\SYSTEM32\sechost.dll
0x76140000 - 0x761e1000 	C:\Windows\system32\RPCRT4.dll
0x76290000 - 0x76359000 	C:\Windows\system32\USER32.dll
0x76070000 - 0x760be000 	C:\Windows\system32\GDI32.dll
0x76360000 - 0x7636a000 	C:\Windows\system32\LPK.dll
0x761f0000 - 0x7628d000 	C:\Windows\system32\USP10.dll
0x74c20000 - 0x74dbe000 	C:\Windows\WinSxS\x86_microsoft.windows.common-controls_6595b64144ccf1df_6.0.7601.17514_none_41e6975e2bd6f2b2\COMCTL32.dll
0x76000000 - 0x76057000 	C:\Windows\system32\SHLWAPI.dll
0x77c90000 - 0x77caf000 	C:\Windows\system32\IMM32.DLL
0x76580000 - 0x7664c000 	C:\Windows\system32\MSCTF.dll
0x63c90000 - 0x63d4e000 	C:\Program Files\Java\jre7\bin\msvcr100.dll
0x60f50000 - 0x6129a000 	C:\Program Files\Java\jre7\bin\client\jvm.dll
0x6bdc0000 - 0x6bdc7000 	C:\Windows\system32\WSOCK32.dll
0x769b0000 - 0x769e5000 	C:\Windows\system32\WS2_32.dll
0x76570000 - 0x76576000 	C:\Windows\system32\NSI.dll
0x74170000 - 0x741a2000 	C:\Windows\system32\WINMM.dll
0x77cb0000 - 0x77cb5000 	C:\Windows\system32\PSAPI.DLL
0x71a60000 - 0x71a6c000 	C:\Program Files\Java\jre7\bin\verify.dll
0x71a40000 - 0x71a60000 	C:\Program Files\Java\jre7\bin\java.dll
0x71a20000 - 0x71a33000 	C:\Program Files\Java\jre7\bin\zip.dll
0x71a00000 - 0x71a14000 	C:\Program Files\Java\jre7\bin\net.dll
0x757f0000 - 0x7582c000 	C:\Windows\system32\mswsock.dll
0x75910000 - 0x75916000 	C:\Windows\System32\wship6.dll
0x10000000 - 0x1000c000 	C:\Windows\System32\LibusbJava.dll
0x6da10000 - 0x6da21000 	C:\Windows\system32\libusb0.dll
0x763d0000 - 0x7656d000 	C:\Windows\system32\SETUPAPI.dll
0x75f90000 - 0x75fb7000 	C:\Windows\system32\CFGMGR32.dll
0x767b0000 - 0x7683f000 	C:\Windows\system32\OLEAUT32.dll
0x76650000 - 0x767ac000 	C:\Windows\system32\ole32.dll
0x75fc0000 - 0x75fd2000 	C:\Windows\system32\DEVOBJ.dll
0x70f20000 - 0x70f3e000 	C:\Program Files\OpenNI\Bin\OpenNI.jni.dll
0x64b80000 - 0x64bd0000 	C:\Program Files\OpenNI\Bin\OpenNI.dll
0x76bc0000 - 0x7780a000 	C:\Windows\system32\SHELL32.dll
0x6d9d0000 - 0x6d9e8000 	C:\Program Files\OpenNI\bin\nimRecorder.dll
0x6d9f0000 - 0x6da0a000 	C:\Program Files\OpenNI\bin\nimMockNodes.dll
0x64af0000 - 0x64b39000 	C:\Program Files\OpenNI\bin\nimCodecs.dll
0x64d90000 - 0x64db0000 	C:\Program Files\PrimeSense\SensorKinect\Bin\XnDeviceFile.dll
0x71cd0000 - 0x71cdb000 	C:\Program Files\PrimeSense\SensorKinect\Bin\XnCore.dll
0x64930000 - 0x649d3000 	C:\Windows\WinSxS\x86_microsoft.vc90.crt_1fc8b3b9a1e18e3b_9.0.30729.6161_none_50934f2ebcb7eb57\MSVCR90.dll
0x648f0000 - 0x64928000 	C:\Program Files\PrimeSense\SensorKinect\Bin\XnDDK.dll
0x643a0000 - 0x643e4000 	C:\Program Files\PrimeSense\SensorKinect\Bin\XnFormats.dll
0x64350000 - 0x6439f000 	C:\Program Files\PrimeSense\SensorKinect\Bin\XnDeviceSensorV2KM.dll
0x601c0000 - 0x60458000 	C:\Program Files\PrimeSense\NITE\Features_1_3_0\Bin\XnVFeatures_1_3_0.dll
0x63c00000 - 0x63c8e000 	C:\Windows\WinSxS\x86_microsoft.vc90.crt_1fc8b3b9a1e18e3b_9.0.30729.6161_none_50934f2ebcb7eb57\MSVCP90.dll
0x624c0000 - 0x6270f000 	C:\Program Files\PrimeSense\NITE\Features_1_3_1\Bin\XnVFeatures_1_3_1.dll
0x5f500000 - 0x5f719000 	C:\Program Files\PrimeSense\NITE\Features_1_4_1\Bin\XnVFeatures_1_4_1.dll
0x5f2e0000 - 0x5f4f6000 	C:\Program Files\PrimeSense\NITE\Features_1_4_2\Bin\XnVFeatures_1_4_2.dll
0x54b70000 - 0x54e77000 	C:\Program Files\PrimeSense\NITE\Features_1_5_2\Bin\XnVFeatures_1_5_2.dll
0x63070000 - 0x63147000 	C:\Program Files\PrimeSense\NITE\Hands_1_3_0\Bin\XnVHandGenerator_1_3_0.dll
0x63990000 - 0x63a6c000 	C:\Program Files\PrimeSense\NITE\Hands_1_3_1\Bin\XnVHandGenerator_1_3_1.dll
0x62df0000 - 0x62ecd000 	C:\Program Files\PrimeSense\NITE\Hands_1_4_1\Bin\XnVHandGenerator_1_4_1.dll
0x62f90000 - 0x6306d000 	C:\Program Files\PrimeSense\NITE\Hands_1_4_2\Bin\XnVHandGenerator_1_4_2.dll
0x60e60000 - 0x60f4c000 	C:\Program Files\PrimeSense\NITE\Hands_1_5_2\Bin\XnVHandGenerator_1_5_2.dll
0x74ac0000 - 0x74b00000 	C:\Windows\system32\uxtheme.dll
0x75d60000 - 0x75d8d000 	C:\Windows\system32\WINTRUST.dll
0x75de0000 - 0x75efe000 	C:\Windows\system32\CRYPT32.dll
0x75d50000 - 0x75d5c000 	C:\Windows\system32\MSASN1.dll
0x752d0000 - 0x752d5000 	C:\Windows\System32\wshtcpip.dll
0x75c10000 - 0x75c5c000 	C:\Windows\system32\apphelp.dll
0x00f90000 - 0x00f9e000 	C:\Windows\System32\j3dcore-ogl-chk.dll
0x63490000 - 0x63558000 	C:\Windows\system32\OPENGL32.dll
0x6bdf0000 - 0x6be12000 	C:\Windows\system32\GLU32.dll
0x6be40000 - 0x6bf27000 	C:\Windows\system32\DDRAW.dll
0x708e0000 - 0x708e6000 	C:\Windows\system32\DCIMAN32.dll
0x74a50000 - 0x74a63000 	C:\Windows\system32\dwmapi.dll
0x72170000 - 0x72177000 	C:\Windows\system32\atiglpxx.dll
0x69030000 - 0x6a380000 	C:\Windows\system32\atioglxx.dll
0x751c0000 - 0x751c9000 	C:\Windows\system32\VERSION.dll
0x6f2f0000 - 0x6f3d4000 	C:\Windows\system32\aticfx32.dll
0x73f40000 - 0x73fa1000 	C:\Windows\system32\atiadlxx.dll
0x75340000 - 0x75357000 	C:\Windows\system32\USERENV.dll
0x75ce0000 - 0x75ceb000 	C:\Windows\system32\profapi.dll
0x752c0000 - 0x752cd000 	C:\Windows\system32\WTSAPI32.dll
0x64d80000 - 0x64d8b000 	C:\Windows\system32\atigktxx.dll
0x5d910000 - 0x5da52000 	C:\Program Files\Java\jre7\bin\awt.dll
0x75c60000 - 0x75c6c000 	C:\Windows\system32\CRYPTBASE.dll
0x708a0000 - 0x708a6000 	C:\Program Files\Java\jre7\bin\jawt.dll
0x03cb0000 - 0x03cd9000 	C:\Windows\System32\j3dcore-ogl.dll
0x6f570000 - 0x6f65b000 	C:\Windows\system32\dbghelp.dll

VM Arguments:
jvm_args: -Djava 
java_command: SANDRAExecutable.jar 193.156.105.142 7540 kinectJoints gameControl
Launcher Type: SUN_STANDARD

Environment Variables:
CLASSPATH=C:\Program Files\OpenNI\Bin\org.OpenNI.jar
PATH=C:\Program Files\Intel\iCLS Client\;C:\Program Files\AMD APP\bin\x86;C:\Windows\system32;C:\Windows;C:\Windows\System32\Wbem;C:\Windows\System32\WindowsPowerShell\v1.0\;C:\Program Files\ATI Technologies\ATI.ACE\Core-Static;C:\Users\norut\AppData\Roaming\npm;C:\Program Files\nodejs\;C:\Program Files\Intel\Intel(R) Management Engine Components\DAL;C:\Program Files\Intel\Intel(R) Management Engine Components\IPT;C:\Program Files\OpenNI\Bin;C:\Program Files\PrimeSense\NITE\bin;C:\Program Files\AMD APP\bin\x86;C:\Windows\system32;C:\Windows;C:\Windows\System32\Wbem;C:\Windows\System32\WindowsPowerShell\v1.0\;C:\Program Files\ATI Technologies\ATI.ACE\Core-Static;C:\Program Files\nodejs
USERNAME=norut
OS=Windows_NT
PROCESSOR_IDENTIFIER=x86 Family 6 Model 58 Stepping 9, GenuineIntel



---------------  S Y S T E M  ---------------

OS: Windows 7 Build 7601 Service Pack 1

CPU:total 4 (4 cores per cpu, 1 threads per core) family 6 model 58 stepping 9, cmov, cx8, fxsr, mmx, sse, sse2, sse3, ssse3, sse4.1, sse4.2, popcnt, avx, tsc, tscinvbit, tscinv

Memory: 4k page, physical 3638896k(1505632k free), swap 6774372k(4254728k free)

vm_info: Java HotSpot(TM) Client VM (23.1-b03) for windows-x86 JRE (1.7.0_05-b05), built on May 15 2012 18:11:27 by "java_re" with unknown MS VC++:1600

time: Tue Jul 24 15:58:39 2012
elapsed time: 353 seconds

