#
# A fatal error has been detected by the Java Runtime Environment:
#
#  EXCEPTION_ACCESS_VIOLATION (0xc0000005) at pc=0x6db06c89, pid=6636, tid=6428
#
# JRE version: 7.0_05-b05
# Java VM: Java HotSpot(TM) Client VM (23.1-b03 mixed mode, sharing windows-x86 )
# Problematic frame:
# C  [OpenNI.jni.dll+0x6c89]  Java_org_OpenNI_NativeMethods_xnUnregisterUserCallbacks+0x19
#
# Failed to write core dump. Minidumps are not enabled by default on client versions of Windows
#
# If you would like to submit a bug report, please visit:
#   http://bugreport.sun.com/bugreport/crash.jsp
# The crash happened outside the Java Virtual Machine in native code.
# See problematic frame for where to report the bug.
#

---------------  T H R E A D  ---------------

Current thread (0x05ec5800):  JavaThread "Thread-1" [_thread_in_native, id=6428, stack(0x045e0000,0x04630000)]

siginfo: ExceptionCode=0xc0000005, reading address 0x00000000

Registers:
EAX=0x00000000, EBX=0x33a4eae8, ECX=0x05cb5354, EDX=0x03eb2e7c
ESP=0x0462ea60, EBP=0x0462eab4, ESI=0x05cb5348, EDI=0x05ec5800
EIP=0x6db06c89, EFLAGS=0x00010202

Top of Stack: (sp=0x0462ea60)
0x0462ea60:   0400cf28 05cb5388 33a4eae8 01a3a707
0x0462ea70:   05ec5928 0462eabc 0400cf28 00000000
0x0462ea80:   05cb5348 00000000 0462ead8 01b4d910
0x0462ea90:   379ea284 0462ea94 00000000 0462ead0
0x0462eaa0:   33a528e0 00000000 33a4eae8 00000000
0x0462eab0:   0462eac4 0462eaf4 01a332c7 28fa9328
0x0462eac0:   01a38989 05cb5348 00000000 0400cf28
0x0462ead0:   00000000 0462ead4 33a59268 0462eb04 

Instructions: (pc=0x6db06c89)
0x6db06c69:   cc cc cc cc cc cc cc 8b 4c 24 0c 56 8b 74 24 18
0x6db06c79:   8b 46 10 50 51 ff 15 64 b4 b0 6d 8b 06 8b 4e 08
0x6db06c89:   8b 10 8b 52 58 83 c4 08 51 50 ff d2 56 ff 15 84
0x6db06c99:   b0 b0 6d 83 c4 04 5e c2 18 00 cc cc cc cc cc cc 


Register to memory mapping:

EAX=0x00000000 is an unknown value
EBX=0x33a4eae8 is an oop
{method} 
 - klass: {other class}
ECX=0x05cb5354 is an unknown value
EDX=0x03eb2e7c is an unknown value
ESP=0x0462ea60 is pointing into the stack for thread: 0x05ec5800
EBP=0x0462eab4 is pointing into the stack for thread: 0x05ec5800
ESI=0x05cb5348 is an unknown value
EDI=0x05ec5800 is a thread


Stack: [0x045e0000,0x04630000],  sp=0x0462ea60,  free space=314k
Native frames: (J=compiled Java code, j=interpreted, Vv=VM code, C=native code)
C  [OpenNI.jni.dll+0x6c89]  Java_org_OpenNI_NativeMethods_xnUnregisterUserCallbacks+0x19
j  org.OpenNI.UserGenerator$1.unregisterNative(J)V+8
j  org.OpenNI.Observable.deleteObserver(Lorg/OpenNI/IObserver;)V+24
j  KinectPackage.SkeletonManager.reset()V+11
j  KinectPackage.SkeletonManager.access$8(LKinectPackage/SkeletonManager;)V+1
j  KinectPackage.SkeletonManager$LostUserObserver.update(Lorg/OpenNI/IObservable;Lorg/OpenNI/UserEventArgs;)V+183
j  KinectPackage.SkeletonManager$LostUserObserver.update(Lorg/OpenNI/IObservable;Ljava/lang/Object;)V+9
j  org.OpenNI.Observable.notify(Ljava/lang/Object;)V+30
j  org.OpenNI.UserGenerator$2.callback(I)V+9
v  ~StubRoutines::call_stub
V  [jvm.dll+0x12964a]
V  [jvm.dll+0x1d851e]
V  [jvm.dll+0x1296cd]
V  [jvm.dll+0xae4da]
V  [jvm.dll+0xb1d93]
C  [OpenNI.jni.dll+0x10ea]  JNI_OnUnload+0x6a
C  [XnVFeatures_1_5_2.dll+0x959a8]  xnModuleGetOpenNIVersion+0x57988
C  [XnVFeatures_1_5_2.dll+0x7b5d8]  xnModuleGetOpenNIVersion+0x3d5b8
C  [XnVFeatures_1_5_2.dll+0xb1538]  xnModuleGetOpenNIVersion+0x73518
C  [XnVFeatures_1_5_2.dll+0x95266]  xnModuleGetOpenNIVersion+0x57246
C  [OpenNI.jni.dll+0x2eab]  Java_org_OpenNI_NativeMethods_xnWaitAnyUpdateAll+0xb
J  org.OpenNI.Context.waitAnyUpdateAll()V
j  java.lang.Thread.run()V+11
v  ~StubRoutines::call_stub
V  [jvm.dll+0x12964a]
V  [jvm.dll+0x1d851e]
V  [jvm.dll+0x129833]
V  [jvm.dll+0x129897]
V  [jvm.dll+0xd24af]
V  [jvm.dll+0x149977]
V  [jvm.dll+0x149ae0]
V  [jvm.dll+0x17e049]
C  [msvcr100.dll+0x5c6de]  endthreadex+0x3a
C  [msvcr100.dll+0x5c788]  endthreadex+0xe4
C  [kernel32.dll+0x4ed6c]  BaseThreadInitThunk+0x12
C  [ntdll.dll+0x6377b]  RtlInitializeExceptionChain+0xef
C  [ntdll.dll+0x6374e]  RtlInitializeExceptionChain+0xc2

Java frames: (J=compiled Java code, j=interpreted, Vv=VM code)
j  org.OpenNI.NativeMethods.xnUnregisterUserCallbacks(JJ)V+0
j  org.OpenNI.UserGenerator$1.unregisterNative(J)V+8
j  org.OpenNI.Observable.deleteObserver(Lorg/OpenNI/IObserver;)V+24
j  KinectPackage.SkeletonManager.reset()V+11
j  KinectPackage.SkeletonManager.access$8(LKinectPackage/SkeletonManager;)V+1
j  KinectPackage.SkeletonManager$LostUserObserver.update(Lorg/OpenNI/IObservable;Lorg/OpenNI/UserEventArgs;)V+183
j  KinectPackage.SkeletonManager$LostUserObserver.update(Lorg/OpenNI/IObservable;Ljava/lang/Object;)V+9
j  org.OpenNI.Observable.notify(Ljava/lang/Object;)V+30
j  org.OpenNI.UserGenerator$2.callback(I)V+9
v  ~StubRoutines::call_stub
J  org.OpenNI.NativeMethods.xnWaitAnyUpdateAll(J)I
J  org.OpenNI.Context.waitAnyUpdateAll()V
j  KinectPackage.KinectManager.run()V+12
j  java.lang.Thread.run()V+11
v  ~StubRoutines::call_stub

---------------  P R O C E S S  ---------------

Java Threads: ( => current thread )
  0x189ec400 JavaThread "Thread-91138" [_thread_blocked, id=5080, stack(0x224a0000,0x224f0000)]
  0x189eb000 JavaThread "Thread-91095" [_thread_blocked, id=4836, stack(0x22600000,0x22650000)]
  0x189d9000 JavaThread "Thread-91052" [_thread_blocked, id=4364, stack(0x22580000,0x225d0000)]
  0x189dbc00 JavaThread "Thread-91009" [_thread_blocked, id=1732, stack(0x22420000,0x22470000)]
  0x189d8000 JavaThread "Thread-90966" [_thread_blocked, id=6420, stack(0x221e0000,0x22230000)]
  0x189d8c00 JavaThread "Thread-90923" [_thread_blocked, id=6792, stack(0x21f90000,0x21fe0000)]
  0x189d8400 JavaThread "Thread-90880" [_thread_blocked, id=1864, stack(0x223c0000,0x22410000)]
  0x189d7800 JavaThread "Thread-90837" [_thread_blocked, id=5064, stack(0x22370000,0x223c0000)]
  0x17441000 JavaThread "Thread-90794" [_thread_blocked, id=5700, stack(0x222d0000,0x22320000)]
  0x17440800 JavaThread "Thread-90751" [_thread_blocked, id=3948, stack(0x21d60000,0x21db0000)]
  0x17440000 JavaThread "Thread-90708" [_thread_blocked, id=4932, stack(0x21e90000,0x21ee0000)]
  0x1744d400 JavaThread "Thread-90665" [_thread_blocked, id=7976, stack(0x22150000,0x221a0000)]
  0x18cb5c00 JavaThread "Thread-90622" [_thread_blocked, id=7192, stack(0x21f10000,0x21f60000)]
  0x1744cc00 JavaThread "Thread-90579" [_thread_blocked, id=4304, stack(0x22010000,0x22060000)]
  0x18cbd800 JavaThread "Thread-90536" [_thread_blocked, id=7052, stack(0x21cf0000,0x21d40000)]
  0x1744c800 JavaThread "Thread-90493" [_thread_blocked, id=6664, stack(0x21db0000,0x21e00000)]
  0x18cb5000 JavaThread "Thread-90450" [_thread_blocked, id=5256, stack(0x21e00000,0x21e50000)]
  0x1744c000 JavaThread "Thread-90407" [_thread_blocked, id=7940, stack(0x21ab0000,0x21b00000)]
  0x18cb5400 JavaThread "Thread-90364" [_thread_blocked, id=6184, stack(0x21ba0000,0x21bf0000)]
  0x1744b800 JavaThread "Thread-90321" [_thread_blocked, id=228, stack(0x21c20000,0x21c70000)]
  0x18cb6800 JavaThread "Thread-90278" [_thread_blocked, id=7988, stack(0x214b0000,0x21500000)]
  0x18cc3000 JavaThread "Thread-90235" [_thread_blocked, id=4812, stack(0x21c80000,0x21cd0000)]
  0x18cbe400 JavaThread "Thread-90192" [_thread_blocked, id=4580, stack(0x217d0000,0x21820000)]
  0x18cc3c00 JavaThread "Thread-90149" [_thread_blocked, id=5016, stack(0x21a10000,0x21a60000)]
  0x18cb6000 JavaThread "Thread-90079" [_thread_blocked, id=7152, stack(0x22080000,0x220d0000)]
  0x18cbdc00 JavaThread "Thread-90063" [_thread_blocked, id=5084, stack(0x218d0000,0x21920000)]
  0x189bec00 JavaThread "Thread-90020" [_thread_blocked, id=3360, stack(0x213f0000,0x21440000)]
  0x189be000 JavaThread "Thread-89977" [_thread_blocked, id=5552, stack(0x21920000,0x21970000)]
  0x18cc4400 JavaThread "Thread-89934" [_thread_blocked, id=5784, stack(0x21b10000,0x21b60000)]
  0x18cbd000 JavaThread "Thread-89891" [_thread_blocked, id=7008, stack(0x21830000,0x21880000)]
  0x17441400 JavaThread "Thread-89848" [_thread_blocked, id=5240, stack(0x21a60000,0x21ab0000)]
  0x1743fc00 JavaThread "Thread-89805" [_thread_blocked, id=3968, stack(0x21990000,0x219e0000)]
  0x1742fc00 JavaThread "Thread-89762" [_thread_blocked, id=8100, stack(0x21880000,0x218d0000)]
  0x18cabc00 JavaThread "Thread-89719" [_thread_blocked, id=2276, stack(0x21630000,0x21680000)]
  0x18cc3800 JavaThread "Thread-89676" [_thread_blocked, id=5264, stack(0x21770000,0x217c0000)]
  0x18cab400 JavaThread "Thread-89633" [_thread_blocked, id=6680, stack(0x21560000,0x215b0000)]
  0x18cc2c00 JavaThread "Thread-89590" [_thread_blocked, id=4744, stack(0x20fb0000,0x21000000)]
  0x18cac800 JavaThread "Thread-89547" [_thread_blocked, id=6460, stack(0x20e50000,0x20ea0000)]
  0x17430400 JavaThread "Thread-89504" [_thread_blocked, id=8120, stack(0x21330000,0x21380000)]
  0x17430800 JavaThread "Thread-89461" [_thread_blocked, id=736, stack(0x21050000,0x210a0000)]
  0x1545f000 JavaThread "Thread-89418" [_thread_blocked, id=6108, stack(0x216f0000,0x21740000)]
  0x1742f400 JavaThread "Thread-89375" [_thread_blocked, id=4192, stack(0x21680000,0x216d0000)]
  0x189b0400 JavaThread "Thread-89332" [_thread_blocked, id=5920, stack(0x215d0000,0x21620000)]
  0x18cac000 JavaThread "Thread-89289" [_thread_blocked, id=5556, stack(0x21500000,0x21550000)]
  0x1545f400 JavaThread "Thread-89246" [_thread_blocked, id=7664, stack(0x212d0000,0x21320000)]
  0x18cab000 JavaThread "Thread-89203" [_thread_blocked, id=6072, stack(0x21460000,0x214b0000)]
  0x1545e800 JavaThread "Thread-89160" [_thread_blocked, id=6660, stack(0x209a0000,0x209f0000)]
  0x1742f000 JavaThread "Thread-89093" [_thread_blocked, id=3992, stack(0x21380000,0x213d0000)]
  0x15463000 JavaThread "Thread-89074" [_thread_blocked, id=6892, stack(0x21260000,0x212b0000)]
  0x15471c00 JavaThread "Thread-89031" [_thread_blocked, id=6844, stack(0x210b0000,0x21100000)]
  0x15470800 JavaThread "Thread-88988" [_thread_blocked, id=6648, stack(0x20630000,0x20680000)]
  0x189b1400 JavaThread "Thread-88945" [_thread_blocked, id=6620, stack(0x21210000,0x21260000)]
  0x1546f000 JavaThread "Thread-88902" [_thread_blocked, id=5128, stack(0x21190000,0x211e0000)]
  0x1545fc00 JavaThread "Thread-88859" [_thread_blocked, id=7056, stack(0x21140000,0x21190000)]
  0x1546e800 JavaThread "Thread-88816" [_thread_blocked, id=6432, stack(0x21000000,0x21050000)]
  0x1545e400 JavaThread "Thread-88773" [_thread_blocked, id=6936, stack(0x20f60000,0x20fb0000)]
  0x1546fc00 JavaThread "Thread-88730" [_thread_blocked, id=6344, stack(0x20b80000,0x20bd0000)]
  0x1546d000 JavaThread "Thread-88687" [_thread_blocked, id=6112, stack(0x20ec0000,0x20f10000)]
  0x1546f400 JavaThread "Thread-88644" [_thread_blocked, id=4168, stack(0x20c30000,0x20c80000)]
  0x15471400 JavaThread "Thread-88601" [_thread_blocked, id=1524, stack(0x20f10000,0x20f60000)]
  0x15471000 JavaThread "Thread-88558" [_thread_blocked, id=2144, stack(0x20ca0000,0x20cf0000)]
  0x1546c800 JavaThread "Thread-88515" [_thread_blocked, id=5968, stack(0x20dc0000,0x20e10000)]
  0x1546e400 JavaThread "Thread-88472" [_thread_blocked, id=7548, stack(0x20d30000,0x20d80000)]
  0x1546d400 JavaThread "Thread-88429" [_thread_blocked, id=5132, stack(0x20b00000,0x20b50000)]
  0x18ca9800 JavaThread "Thread-88386" [_thread_blocked, id=5136, stack(0x20be0000,0x20c30000)]
  0x1546dc00 JavaThread "Thread-88343" [_thread_blocked, id=8072, stack(0x20a80000,0x20ad0000)]
  0x18ca9c00 JavaThread "Thread-88300" [_thread_blocked, id=4136, stack(0x209f0000,0x20a40000)]
  0x1546c400 JavaThread "Thread-88257" [_thread_blocked, id=680, stack(0x207d0000,0x20820000)]
  0x18caa400 JavaThread "Thread-88214" [_thread_blocked, id=6500, stack(0x1e3b0000,0x1e400000)]
  0x189b0c00 JavaThread "Thread-88171" [_thread_blocked, id=7528, stack(0x208c0000,0x20910000)]
  0x18ca9000 JavaThread "Thread-88128" [_thread_blocked, id=6900, stack(0x205b0000,0x20600000)]
  0x189b0000 JavaThread "Thread-88085" [_thread_blocked, id=7480, stack(0x20850000,0x208a0000)]
  0x18ca8c00 JavaThread "Thread-88042" [_thread_blocked, id=4428, stack(0x20680000,0x206d0000)]
  0x189b9000 JavaThread "Thread-87999" [_thread_blocked, id=5520, stack(0x1feb0000,0x1ff00000)]
  0x15470400 JavaThread "Thread-87935" [_thread_blocked, id=3400, stack(0x20940000,0x20990000)]
  0x15463400 JavaThread "Thread-87913" [_thread_blocked, id=4684, stack(0x204f0000,0x20540000)]
  0x15462800 JavaThread "Thread-87870" [_thread_blocked, id=1304, stack(0x1f310000,0x1f360000)]
  0x15463c00 JavaThread "Thread-87827" [_thread_blocked, id=3216, stack(0x200f0000,0x20140000)]
  0x15462400 JavaThread "Thread-87784" [_thread_blocked, id=6188, stack(0x20770000,0x207c0000)]
  0x17e9d400 JavaThread "Thread-87741" [_thread_blocked, id=6008, stack(0x201b0000,0x20200000)]
  0x17e9c400 JavaThread "Thread-87698" [_thread_blocked, id=8172, stack(0x20390000,0x203e0000)]
  0x17e9c800 JavaThread "Thread-87655" [_thread_blocked, id=5044, stack(0x20550000,0x205a0000)]
  0x189af800 JavaThread "Thread-87612" [_thread_blocked, id=6380, stack(0x204a0000,0x204f0000)]
  0x17e9d000 JavaThread "Thread-87569" [_thread_blocked, id=6088, stack(0x202a0000,0x202f0000)]
  0x189bb800 JavaThread "Thread-87526" [_thread_blocked, id=6872, stack(0x1fcb0000,0x1fd00000)]
  0x189b9400 JavaThread "Thread-87483" [_thread_blocked, id=7676, stack(0x20440000,0x20490000)]
  0x1822cc00 JavaThread "Thread-87440" [_thread_blocked, id=6604, stack(0x203e0000,0x20430000)]
  0x189b9c00 JavaThread "Thread-87397" [_thread_blocked, id=4204, stack(0x20080000,0x200d0000)]
  0x1822c400 JavaThread "Thread-87354" [_thread_blocked, id=6572, stack(0x20340000,0x20390000)]
  0x189b8800 JavaThread "Thread-87311" [_thread_blocked, id=6852, stack(0x202f0000,0x20340000)]
  0x17e9bc00 JavaThread "Thread-87268" [_thread_blocked, id=7272, stack(0x20220000,0x20270000)]
  0x1545dc00 JavaThread "Thread-87196" [_thread_blocked, id=7180, stack(0x206e0000,0x20730000)]
  0x1545d000 JavaThread "Thread-87182" [_thread_blocked, id=7236, stack(0x20030000,0x20080000)]
  0x189bac00 JavaThread "Thread-87139" [_thread_blocked, id=5636, stack(0x20140000,0x20190000)]
  0x1545d400 JavaThread "Thread-87096" [_thread_blocked, id=6512, stack(0x1ffb0000,0x20000000)]
  0x1545c800 JavaThread "Thread-87053" [_thread_blocked, id=5940, stack(0x1fe60000,0x1feb0000)]
  0x1545c400 JavaThread "Thread-87010" [_thread_blocked, id=6908, stack(0x1ff20000,0x1ff70000)]
  0x189bc000 JavaThread "Thread-86967" [_thread_blocked, id=1296, stack(0x1fdd0000,0x1fe20000)]
  0x18297800 JavaThread "Thread-86924" [_thread_blocked, id=4820, stack(0x1f250000,0x1f2a0000)]
  0x189bb400 JavaThread "Thread-86881" [_thread_blocked, id=4980, stack(0x1fd00000,0x1fd50000)]
  0x189b8400 JavaThread "Thread-86815" [_thread_blocked, id=4224, stack(0x1fd60000,0x1fdb0000)]
  0x189a6400 JavaThread "Thread-86795" [_thread_blocked, id=6968, stack(0x1fc30000,0x1fc80000)]
  0x189be400 JavaThread "Thread-86752" [_thread_blocked, id=3264, stack(0x1fb40000,0x1fb90000)]
  0x189bd400 JavaThread "Thread-86709" [_thread_blocked, id=4888, stack(0x1f730000,0x1f780000)]
  0x189ba800 JavaThread "Thread-86666" [_thread_blocked, id=7876, stack(0x1fa80000,0x1fad0000)]
  0x189a5c00 JavaThread "Thread-86623" [_thread_blocked, id=3016, stack(0x1f950000,0x1f9a0000)]
  0x1822c000 JavaThread "Thread-86580" [_thread_blocked, id=3680, stack(0x1fa20000,0x1fa70000)]
  0x189a5800 JavaThread "Thread-86537" [_thread_blocked, id=7156, stack(0x1f900000,0x1f950000)]
  0x1822b800 JavaThread "Thread-86494" [_thread_blocked, id=6356, stack(0x1fad0000,0x1fb20000)]
  0x189a6c00 JavaThread "Thread-86451" [_thread_blocked, id=7408, stack(0x1f070000,0x1f0c0000)]
  0x18229000 JavaThread "Thread-86408" [_thread_blocked, id=7596, stack(0x1f800000,0x1f850000)]
  0x18297000 JavaThread "Thread-86335" [_thread_blocked, id=6384, stack(0x1dd40000,0x1dd90000)]
  0x189a5000 JavaThread "Thread-86322" [_thread_blocked, id=6624, stack(0x1f9b0000,0x1fa00000)]
  0x1822a400 JavaThread "Thread-86279" [_thread_blocked, id=4908, stack(0x1f880000,0x1f8d0000)]
  0x17e86c00 JavaThread "Thread-86236" [_thread_blocked, id=4256, stack(0x1f4c0000,0x1f510000)]
  0x18229800 JavaThread "Thread-86193" [_thread_blocked, id=6300, stack(0x1f780000,0x1f7d0000)]
  0x17e86000 JavaThread "Thread-86150" [_thread_blocked, id=5904, stack(0x1f6e0000,0x1f730000)]
  0x1822a000 JavaThread "Thread-86107" [_thread_blocked, id=4988, stack(0x1f3e0000,0x1f430000)]
  0x1822ac00 JavaThread "Thread-86036" [_thread_blocked, id=6996, stack(0x1fbd0000,0x1fc20000)]
  0x17e86400 JavaThread "Thread-86021" [_thread_blocked, id=1140, stack(0x1f650000,0x1f6a0000)]
  0x03e9a000 JavaThread "Thread-85978" [_thread_blocked, id=5300, stack(0x1f520000,0x1f570000)]
  0x1822b000 JavaThread "Thread-85935" [_thread_blocked, id=4976, stack(0x1efd0000,0x1f020000)]
  0x15484400 JavaThread "Thread-85892" [_thread_blocked, id=4412, stack(0x1f570000,0x1f5c0000)]
  0x17e85800 JavaThread "Thread-85849" [_thread_blocked, id=7360, stack(0x1f430000,0x1f480000)]
  0x17e85000 JavaThread "Thread-85806" [_thread_blocked, id=5936, stack(0x1edd0000,0x1ee20000)]
  0x03e99800 JavaThread "Thread-85763" [_thread_blocked, id=6768, stack(0x1f120000,0x1f170000)]
  0x15500800 JavaThread "Thread-85720" [_thread_blocked, id=872, stack(0x1ef10000,0x1ef60000)]
  0x15508800 JavaThread "Thread-85677" [_thread_blocked, id=2272, stack(0x1f360000,0x1f3b0000)]
  0x18298000 JavaThread "Thread-85619" [_thread_blocked, id=6904, stack(0x1f5f0000,0x1f640000)]
  0x18296c00 JavaThread "Thread-85591" [_thread_blocked, id=8148, stack(0x1e6b0000,0x1e700000)]
  0x18224400 JavaThread "Thread-85548" [_thread_blocked, id=7836, stack(0x1f2c0000,0x1f310000)]
  0x18224000 JavaThread "Thread-85505" [_thread_blocked, id=7892, stack(0x1f200000,0x1f250000)]
  0x18224c00 JavaThread "Thread-85462" [_thread_blocked, id=7436, stack(0x1f190000,0x1f1e0000)]
  0x18223800 JavaThread "Thread-85419" [_thread_blocked, id=4880, stack(0x1f020000,0x1f070000)]
  0x18223000 JavaThread "Thread-85376" [_thread_blocked, id=7308, stack(0x1f0d0000,0x1f120000)]
  0x1829f000 JavaThread "Thread-85333" [_thread_blocked, id=7108, stack(0x1ecd0000,0x1ed20000)]
  0x1829e400 JavaThread "Thread-85290" [_thread_blocked, id=6536, stack(0x1ef60000,0x1efb0000)]
  0x1829f800 JavaThread "Thread-85247" [_thread_blocked, id=4268, stack(0x1ee90000,0x1eee0000)]
  0x1829e800 JavaThread "Thread-85204" [_thread_blocked, id=3176, stack(0x1ee20000,0x1ee70000)]
  0x1829dc00 JavaThread "Thread-85161" [_thread_blocked, id=5060, stack(0x1e7f0000,0x1e840000)]
  0x15509400 JavaThread "Thread-85118" [_thread_blocked, id=1148, stack(0x1eb50000,0x1eba0000)]
  0x18296400 JavaThread "Thread-85075" [_thread_blocked, id=4624, stack(0x1ec50000,0x1eca0000)]
  0x15478c00 JavaThread "Thread-85032" [_thread_blocked, id=3780, stack(0x1ed60000,0x1edb0000)]
  0x15478400 JavaThread "Thread-84989" [_thread_blocked, id=1396, stack(0x1ec00000,0x1ec50000)]
  0x15479000 JavaThread "Thread-84946" [_thread_blocked, id=3912, stack(0x1dc10000,0x1dc60000)]
  0x15477c00 JavaThread "Thread-84903" [_thread_blocked, id=6196, stack(0x1eba0000,0x1ebf0000)]
  0x15477800 JavaThread "Thread-84860" [_thread_blocked, id=564, stack(0x1ea60000,0x1eab0000)]
  0x17e8e000 JavaThread "Thread-84817" [_thread_blocked, id=5988, stack(0x1eae0000,0x1eb30000)]
  0x17e8d800 JavaThread "Thread-84774" [_thread_blocked, id=2516, stack(0x1e9b0000,0x1ea00000)]
  0x17e8d400 JavaThread "Thread-84731" [_thread_blocked, id=4504, stack(0x1ea10000,0x1ea60000)]
  0x17e8cc00 JavaThread "Thread-84688" [_thread_blocked, id=2964, stack(0x1e920000,0x1e970000)]
  0x17e8c400 JavaThread "Thread-84622" [_thread_blocked, id=6684, stack(0x1e880000,0x1e8d0000)]
  0x03e95800 JavaThread "Thread-84602" [_thread_blocked, id=7340, stack(0x1d810000,0x1d860000)]
  0x1829a800 JavaThread "Thread-84559" [_thread_blocked, id=888, stack(0x1e190000,0x1e1e0000)]
  0x03e96c00 JavaThread "Thread-84516" [_thread_blocked, id=7896, stack(0x1e790000,0x1e7e0000)]
  0x1829a000 JavaThread "Thread-84473" [_thread_blocked, id=3792, stack(0x1e700000,0x1e750000)]
  0x18299400 JavaThread "Thread-84430" [_thread_blocked, id=7268, stack(0x1dfd0000,0x1e020000)]
  0x1829b000 JavaThread "Thread-84387" [_thread_blocked, id=8156, stack(0x1dd90000,0x1dde0000)]
  0x18299c00 JavaThread "Thread-84323" [_thread_blocked, id=7036, stack(0x1e2a0000,0x1e2f0000)]
  0x03e96800 JavaThread "Thread-84301" [_thread_blocked, id=6584, stack(0x1e070000,0x1e0c0000)]
  0x03e96000 JavaThread "Thread-84258" [_thread_blocked, id=4736, stack(0x1df30000,0x1df80000)]
  0x03e95400 JavaThread "Thread-84215" [_thread_blocked, id=5532, stack(0x1e360000,0x1e3b0000)]
  0x03e99400 JavaThread "Thread-84172" [_thread_blocked, id=3988, stack(0x1e400000,0x1e450000)]
  0x15501000 JavaThread "Thread-84129" [_thread_blocked, id=3420, stack(0x1e250000,0x1e2a0000)]
  0x15509000 JavaThread "Thread-84086" [_thread_blocked, id=1260, stack(0x1e300000,0x1e350000)]
  0x15501400 JavaThread "Thread-84043" [_thread_blocked, id=828, stack(0x1e1e0000,0x1e230000)]
  0x15507c00 JavaThread "Thread-84000" [_thread_blocked, id=1388, stack(0x1e020000,0x1e070000)]
  0x15500400 JavaThread "Thread-83957" [_thread_blocked, id=1292, stack(0x1e110000,0x1e160000)]
  0x03e9a400 JavaThread "Thread-83914" [_thread_blocked, id=7104, stack(0x1db50000,0x1dba0000)]
  0x15508400 JavaThread "Thread-83848" [_thread_blocked, id=6728, stack(0x1e8d0000,0x1e920000)]
  0x154ffc00 JavaThread "Thread-83828" [_thread_blocked, id=6868, stack(0x1e0c0000,0x1e110000)]
  0x03e98c00 JavaThread "Thread-83785" [_thread_blocked, id=6760, stack(0x1df80000,0x1dfd0000)]
  0x03e1cc00 JavaThread "Thread-83742" [_thread_blocked, id=5308, stack(0x1d8d0000,0x1d920000)]
  0x15484c00 JavaThread "Thread-83699" [_thread_blocked, id=6308, stack(0x1de40000,0x1de90000)]
  0x03e1c400 JavaThread "Thread-83656" [_thread_blocked, id=7420, stack(0x1ded0000,0x1df20000)]
  0x17412c00 JavaThread "Thread-83613" [_thread_blocked, id=3964, stack(0x1d860000,0x1d8b0000)]
  0x17414c00 JavaThread "Thread-83570" [_thread_blocked, id=7740, stack(0x1dde0000,0x1de30000)]
  0x15485400 JavaThread "Thread-83527" [_thread_blocked, id=6920, stack(0x1d700000,0x1d750000)]
  0x03e1d800 JavaThread "Thread-83484" [_thread_blocked, id=6508, stack(0x1dcf0000,0x1dd40000)]
  0x17413000 JavaThread "Thread-83441" [_thread_blocked, id=4300, stack(0x1dc70000,0x1dcc0000)]
  0x03e1d000 JavaThread "Thread-83398" [_thread_blocked, id=6616, stack(0x1dbb0000,0x1dc00000)]
  0x15485800 JavaThread "Thread-83355" [_thread_blocked, id=6504, stack(0x1da60000,0x1dab0000)]
  0x03e1bc00 JavaThread "Thread-83312" [_thread_blocked, id=6988, stack(0x1d170000,0x1d1c0000)]
  0x15484000 JavaThread "Thread-83269" [_thread_blocked, id=3648, stack(0x1d9a0000,0x1d9f0000)]
  0x17414400 JavaThread "Thread-83226" [_thread_blocked, id=5200, stack(0x1dae0000,0x1db30000)]
  0x18cce400 JavaThread "Thread-83183" [_thread_blocked, id=5364, stack(0x1da10000,0x1da60000)]
  0x17412000 JavaThread "Thread-83140" [_thread_blocked, id=6940, stack(0x1d120000,0x1d170000)]
  0x18ccf400 JavaThread "Thread-83097" [_thread_blocked, id=6628, stack(0x1d6b0000,0x1d700000)]
  0x1741ac00 JavaThread "Thread-83054" [_thread_blocked, id=2408, stack(0x1d920000,0x1d970000)]
  0x18126400 JavaThread "Thread-83011" [_thread_blocked, id=8184, stack(0x1d560000,0x1d5b0000)]
  0x1741a800 JavaThread "Thread-82968" [_thread_blocked, id=6700, stack(0x1d7c0000,0x1d810000)]
  0x18126000 JavaThread "Thread-82925" [_thread_blocked, id=5184, stack(0x1d5f0000,0x1d640000)]
  0x1741b400 JavaThread "Thread-82882" [_thread_blocked, id=1884, stack(0x1d760000,0x1d7b0000)]
  0x15232800 JavaThread "Thread-82839" [_thread_blocked, id=4708, stack(0x1d230000,0x1d280000)]
  0x15232000 JavaThread "Thread-82796" [_thread_blocked, id=4584, stack(0x1d490000,0x1d4e0000)]
  0x15231c00 JavaThread "Thread-82753" [_thread_blocked, id=7372, stack(0x1d650000,0x1d6a0000)]
  0x15232c00 JavaThread "Thread-82710" [_thread_blocked, id=5124, stack(0x1d360000,0x1d3b0000)]
  0x15231400 JavaThread "Thread-82667" [_thread_blocked, id=6972, stack(0x1d440000,0x1d490000)]
  0x14f9fc00 JavaThread "Thread-82624" [_thread_blocked, id=2580, stack(0x1d4f0000,0x1d540000)]
  0x14f9f800 JavaThread "Thread-82581" [_thread_blocked, id=8024, stack(0x1d310000,0x1d360000)]
  0x14fa0c00 JavaThread "Thread-82538" [_thread_blocked, id=7328, stack(0x1d3c0000,0x1d410000)]
  0x14fa0400 JavaThread "Thread-82495" [_thread_blocked, id=7280, stack(0x1cb40000,0x1cb90000)]
  0x14f9f000 JavaThread "Thread-82452" [_thread_blocked, id=276, stack(0x1d000000,0x1d050000)]
  0x18cde000 JavaThread "Thread-82409" [_thread_blocked, id=5488, stack(0x1adb0000,0x1ae00000)]
  0x18cdd800 JavaThread "Thread-82366" [_thread_blocked, id=2716, stack(0x1cf00000,0x1cf50000)]
  0x18cdec00 JavaThread "Thread-82323" [_thread_blocked, id=2356, stack(0x1d2a0000,0x1d2f0000)]
  0x18cde400 JavaThread "Thread-82280" [_thread_blocked, id=4936, stack(0x1d1c0000,0x1d210000)]
  0x18cdd000 JavaThread "Thread-82237" [_thread_blocked, id=5680, stack(0x1ca10000,0x1ca60000)]
  0x15506800 JavaThread "Thread-82194" [_thread_blocked, id=6876, stack(0x1c890000,0x1c8e0000)]
  0x15506400 JavaThread "Thread-82151" [_thread_blocked, id=3128, stack(0x1ccc0000,0x1cd10000)]
  0x15507400 JavaThread "Thread-82108" [_thread_blocked, id=6244, stack(0x1d0d0000,0x1d120000)]
  0x15507000 JavaThread "Thread-82065" [_thread_blocked, id=5728, stack(0x1d060000,0x1d0b0000)]
  0x15505c00 JavaThread "Thread-82022" [_thread_blocked, id=5852, stack(0x1ce20000,0x1ce70000)]
  0x14f9ec00 JavaThread "Thread-81979" [_thread_blocked, id=1472, stack(0x1cf80000,0x1cfd0000)]
  0x14f9dc00 JavaThread "Thread-81936" [_thread_blocked, id=2884, stack(0x1ce70000,0x1cec0000)]
  0x14f9d800 JavaThread "Thread-81893" [_thread_blocked, id=1516, stack(0x1cd90000,0x1cde0000)]
  0x14f9e400 JavaThread "Thread-81850" [_thread_blocked, id=6368, stack(0x1cd40000,0x1cd90000)]
  0x14f9d000 JavaThread "Thread-81807" [_thread_blocked, id=6860, stack(0x1c760000,0x1c7b0000)]
  0x18128c00 JavaThread "Thread-81764" [_thread_blocked, id=5836, stack(0x1c030000,0x1c080000)]
  0x18128400 JavaThread "Thread-81721" [_thread_blocked, id=6468, stack(0x1c570000,0x1c5c0000)]
  0x18128000 JavaThread "Thread-81678" [_thread_blocked, id=7532, stack(0x1caf0000,0x1cb40000)]
  0x18127800 JavaThread "Thread-81635" [_thread_blocked, id=4104, stack(0x1c690000,0x1c6e0000)]
  0x18127000 JavaThread "Thread-81592" [_thread_blocked, id=7392, stack(0x1c960000,0x1c9b0000)]
  0x18121800 JavaThread "Thread-81549" [_thread_blocked, id=7716, stack(0x1ca80000,0x1cad0000)]
  0x18122400 JavaThread "Thread-81506" [_thread_blocked, id=2696, stack(0x1ba80000,0x1bad0000)]
  0x1741a000 JavaThread "Thread-81463" [_thread_blocked, id=7416, stack(0x1c9c0000,0x1ca10000)]
  0x17419c00 JavaThread "Thread-81420" [_thread_blocked, id=6192, stack(0x1af40000,0x1af90000)]
  0x18125800 JavaThread "Thread-81377" [_thread_blocked, id=4276, stack(0x1bc80000,0x1bcd0000)]
  0x1815cc00 JavaThread "Thread-81334" [_thread_blocked, id=7324, stack(0x1c8e0000,0x1c930000)]
  0x17412400 JavaThread "Thread-81291" [_thread_blocked, id=5896, stack(0x1c4c0000,0x1c510000)]
  0x17413800 JavaThread "Thread-81248" [_thread_blocked, id=2588, stack(0x1c840000,0x1c890000)]
  0x18ccf000 JavaThread "Thread-81205" [_thread_blocked, id=5848, stack(0x1c7f0000,0x1c840000)]
  0x18126c00 JavaThread "Thread-81162" [_thread_blocked, id=4728, stack(0x1c700000,0x1c750000)]
  0x18cce800 JavaThread "Thread-81119" [_thread_blocked, id=4612, stack(0x1c3c0000,0x1c410000)]
  0x1815c800 JavaThread "Thread-81076" [_thread_blocked, id=4212, stack(0x1c620000,0x1c670000)]
  0x18125000 JavaThread "Thread-81033" [_thread_blocked, id=4228, stack(0x1c5d0000,0x1c620000)]
  0x17411800 JavaThread "Thread-80990" [_thread_blocked, id=3924, stack(0x1c440000,0x1c490000)]
  0x18ccb400 JavaThread "Thread-80947" [_thread_blocked, id=5600, stack(0x1bd50000,0x1bda0000)]
  0x17414000 JavaThread "Thread-80875" [_thread_blocked, id=6436, stack(0x1c340000,0x1c390000)]
  0x17411000 JavaThread "Thread-80861" [_thread_blocked, id=7168, stack(0x1c110000,0x1c160000)]
  0x18ccc000 JavaThread "Thread-80818" [_thread_blocked, id=7276, stack(0x1c180000,0x1c1d0000)]
  0x18122c00 JavaThread "Thread-80775" [_thread_blocked, id=7956, stack(0x1bdd0000,0x1be20000)]
  0x18122000 JavaThread "Thread-80732" [_thread_blocked, id=5740, stack(0x1c080000,0x1c0d0000)]
  0x18121000 JavaThread "Thread-80689" [_thread_blocked, id=6740, stack(0x1b7d0000,0x1b820000)]
  0x154d5000 JavaThread "Thread-80646" [_thread_blocked, id=4248, stack(0x1b930000,0x1b980000)]
  0x154d5c00 JavaThread "Thread-80603" [_thread_blocked, id=4688, stack(0x1bc30000,0x1bc80000)]
  0x18cca800 JavaThread "Thread-80560" [_thread_blocked, id=6416, stack(0x1bcd0000,0x1bd20000)]
  0x1815d800 JavaThread "Thread-80517" [_thread_blocked, id=6212, stack(0x1bbe0000,0x1bc30000)]
  0x18ccfc00 JavaThread "Thread-80474" [_thread_blocked, id=2784, stack(0x1b830000,0x1b880000)]
  0x154d5400 JavaThread "Thread-80431" [_thread_blocked, id=4004, stack(0x1bb80000,0x1bbd0000)]
  0x18ccbc00 JavaThread "Thread-80388" [_thread_blocked, id=5716, stack(0x1bb20000,0x1bb70000)]
  0x1815d400 JavaThread "Thread-80318" [_thread_blocked, id=4176, stack(0x1c510000,0x1c560000)]
  0x154d4400 JavaThread "Thread-80302" [_thread_blocked, id=5720, stack(0x1bad0000,0x1bb20000)]
  0x18ccb000 JavaThread "Thread-80259" [_thread_blocked, id=4404, stack(0x1ae80000,0x1aed0000)]
  0x154d4800 JavaThread "Thread-80216" [_thread_blocked, id=3640, stack(0x1ba20000,0x1ba70000)]
  0x1815e000 JavaThread "Thread-80173" [_thread_blocked, id=4008, stack(0x1b990000,0x1b9e0000)]
  0x186b3400 JavaThread "Thread-80130" [_thread_blocked, id=6964, stack(0x18f50000,0x18fa0000)]
  0x0192b400 JavaThread "DestroyJavaVM" [_thread_blocked, id=6692, stack(0x018b0000,0x01900000)]
  0x18dca400 JavaThread "Thread-20" [_thread_in_Java, id=7028, stack(0x1aee0000,0x1af30000)]
  0x18dc2000 JavaThread "Thread-6" [_thread_blocked, id=6216, stack(0x1b8a0000,0x1b8f0000)]
  0x181e0400 JavaThread "AWT-Windows" daemon [_thread_in_native, id=8108, stack(0x04830000,0x04880000)]
  0x15217000 JavaThread "Java2D Disposer" daemon [_thread_blocked, id=7292, stack(0x1ae00000,0x1ae50000)]
=>0x05ec5800 JavaThread "Thread-1" [_thread_in_native, id=6428, stack(0x045e0000,0x04630000)]
  0x01a04000 JavaThread "Service Thread" daemon [_thread_blocked, id=6204, stack(0x03d20000,0x03d70000)]
  0x019ff000 JavaThread "C1 CompilerThread0" daemon [_thread_blocked, id=7504, stack(0x03dc0000,0x03e10000)]
  0x019fd800 JavaThread "Attach Listener" daemon [_thread_blocked, id=6524, stack(0x03b00000,0x03b50000)]
  0x019fa800 JavaThread "Signal Dispatcher" daemon [_thread_blocked, id=7712, stack(0x03ab0000,0x03b00000)]
  0x019e4400 JavaThread "Finalizer" daemon [_thread_blocked, id=7872, stack(0x03b70000,0x03bc0000)]
  0x019e2800 JavaThread "Reference Handler" daemon [_thread_blocked, id=7348, stack(0x03bf0000,0x03c40000)]

Other Threads:
  0x019e1400 VMThread [stack: 0x01840000,0x01890000] [id=3864]
  0x01a17000 WatcherThread [stack: 0x03a50000,0x03aa0000] [id=6976]

VM state:not at safepoint (normal execution)

VM Mutex/Monitor currently owned by a thread: None

Heap
 def new generation   total 78656K, used 66166K [0x23980000, 0x28ed0000, 0x28ed0000)
  eden space 69952K,  94% used [0x23980000, 0x27a1ccb0, 0x27dd0000)
  from space 8704K,   0% used [0x28650000, 0x28650cc0, 0x28ed0000)
  to   space 8704K,   0% used [0x27dd0000, 0x27dd0000, 0x28650000)
 tenured generation   total 174784K, used 9541K [0x28ed0000, 0x33980000, 0x33980000)
   the space 174784K,   5% used [0x28ed0000, 0x298217c8, 0x29821800, 0x33980000)
 compacting perm gen  total 12288K, used 2919K [0x33980000, 0x34580000, 0x37980000)
   the space 12288K,  23% used [0x33980000, 0x33c59d00, 0x33c59e00, 0x34580000)
    ro space 10240K,  42% used [0x37980000, 0x37dbe580, 0x37dbe600, 0x38380000)
    rw space 12288K,  54% used [0x38380000, 0x389ff128, 0x389ff200, 0x38f80000)

Code Cache  [0x01a30000, 0x01bf0000, 0x03a30000)
 total_blobs=1092 nmethods=810 adapters=217 free_code_cache=30979Kb largest_free_block=31723200

Compilation events (10 events):
Event: 40.862 Thread 0x019ff000  801             java.lang.ThreadLocal::createMap (14 bytes)
Event: 40.862 Thread 0x019ff000 nmethod 801 0x01bee548 code [0x01bee650, 0x01bee74c]
Event: 42.115 Thread 0x019ff000  802             KinectPackage.KinectData::<init> (15 bytes)
Event: 42.115 Thread 0x019ff000 nmethod 802 0x01bee808 code [0x01bee900, 0x01bee9a0]
Event: 42.115 Thread 0x019ff000  803             KinectPackage.KinectData::setMotorCommunicator (6 bytes)
Event: 42.115 Thread 0x019ff000 nmethod 803 0x01beea08 code [0x01beeb00, 0x01beeb90]
Event: 42.115 Thread 0x019ff000  804             KinectPackage.KinectData::setSkeletonManager (6 bytes)
Event: 42.115 Thread 0x019ff000 nmethod 804 0x01beebc8 code [0x01beecc0, 0x01beed50]
Event: 42.646 Thread 0x019ff000  805  s          sun.misc.FloatingDecimal$1::initialValue (5 bytes)
Event: 42.646 Thread 0x019ff000 nmethod 805 0x01beed88 code [0x01beee80, 0x01bef0c0]

GC Heap History (10 events):
Event: 78.101 GC heap before
{Heap before GC invocations=112 (full 17):
 def new generation   total 78656K, used 69952K [0x23980000, 0x28ed0000, 0x28ed0000)
  eden space 69952K, 100% used [0x23980000, 0x27dd0000, 0x27dd0000)
  from space 8704K,   0% used [0x27dd0000, 0x27dd0268, 0x28650000)
  to   space 8704K,   0% used [0x28650000, 0x28650000, 0x28ed0000)
 tenured generation   total 174784K, used 9541K [0x28ed0000, 0x33980000, 0x33980000)
   the space 174784K,   5% used [0x28ed0000, 0x298217c8, 0x29821800, 0x33980000)
 compacting perm gen  total 12288K, used 2919K [0x33980000, 0x34580000, 0x37980000)
   the space 12288K,  23% used [0x33980000, 0x33c59d00, 0x33c59e00, 0x34580000)
    ro space 10240K,  42% used [0x37980000, 0x37dbe580, 0x37dbe600, 0x38380000)
    rw space 12288K,  54% used [0x38380000, 0x389ff128, 0x389ff200, 0x38f80000)
Event: 78.102 GC heap after
Heap after GC invocations=113 (full 17):
 def new generation   total 78656K, used 4K [0x23980000, 0x28ed0000, 0x28ed0000)
  eden space 69952K,   0% used [0x23980000, 0x23980000, 0x27dd0000)
  from space 8704K,   0% used [0x28650000, 0x286511d0, 0x28ed0000)
  to   space 8704K,   0% used [0x27dd0000, 0x27dd0000, 0x28650000)
 tenured generation   total 174784K, used 9541K [0x28ed0000, 0x33980000, 0x33980000)
   the space 174784K,   5% used [0x28ed0000, 0x298217c8, 0x29821800, 0x33980000)
 compacting perm gen  total 12288K, used 2919K [0x33980000, 0x34580000, 0x37980000)
   the space 12288K,  23% used [0x33980000, 0x33c59d00, 0x33c59e00, 0x34580000)
    ro space 10240K,  42% used [0x37980000, 0x37dbe580, 0x37dbe600, 0x38380000)
    rw space 12288K,  54% used [0x38380000, 0x389ff128, 0x389ff200, 0x38f80000)
}
Event: 78.334 GC heap before
{Heap before GC invocations=113 (full 17):
 def new generation   total 78656K, used 69956K [0x23980000, 0x28ed0000, 0x28ed0000)
  eden space 69952K, 100% used [0x23980000, 0x27dd0000, 0x27dd0000)
  from space 8704K,   0% used [0x28650000, 0x286511d0, 0x28ed0000)
  to   space 8704K,   0% used [0x27dd0000, 0x27dd0000, 0x28650000)
 tenured generation   total 174784K, used 9541K [0x28ed0000, 0x33980000, 0x33980000)
   the space 174784K,   5% used [0x28ed0000, 0x298217c8, 0x29821800, 0x33980000)
 compacting perm gen  total 12288K, used 2919K [0x33980000, 0x34580000, 0x37980000)
   the space 12288K,  23% used [0x33980000, 0x33c59d00, 0x33c59e00, 0x34580000)
    ro space 10240K,  42% used [0x37980000, 0x37dbe580, 0x37dbe600, 0x38380000)
    rw space 12288K,  54% used [0x38380000, 0x389ff128, 0x389ff200, 0x38f80000)
Event: 78.335 GC heap after
Heap after GC invocations=114 (full 17):
 def new generation   total 78656K, used 4K [0x23980000, 0x28ed0000, 0x28ed0000)
  eden space 69952K,   0% used [0x23980000, 0x23980000, 0x27dd0000)
  from space 8704K,   0% used [0x27dd0000, 0x27dd1298, 0x28650000)
  to   space 8704K,   0% used [0x28650000, 0x28650000, 0x28ed0000)
 tenured generation   total 174784K, used 9541K [0x28ed0000, 0x33980000, 0x33980000)
   the space 174784K,   5% used [0x28ed0000, 0x298217c8, 0x29821800, 0x33980000)
 compacting perm gen  total 12288K, used 2919K [0x33980000, 0x34580000, 0x37980000)
   the space 12288K,  23% used [0x33980000, 0x33c59d00, 0x33c59e00, 0x34580000)
    ro space 10240K,  42% used [0x37980000, 0x37dbe580, 0x37dbe600, 0x38380000)
    rw space 12288K,  54% used [0x38380000, 0x389ff128, 0x389ff200, 0x38f80000)
}
Event: 78.574 GC heap before
{Heap before GC invocations=114 (full 17):
 def new generation   total 78656K, used 69956K [0x23980000, 0x28ed0000, 0x28ed0000)
  eden space 69952K, 100% used [0x23980000, 0x27dd0000, 0x27dd0000)
  from space 8704K,   0% used [0x27dd0000, 0x27dd1298, 0x28650000)
  to   space 8704K,   0% used [0x28650000, 0x28650000, 0x28ed0000)
 tenured generation   total 174784K, used 9541K [0x28ed0000, 0x33980000, 0x33980000)
   the space 174784K,   5% used [0x28ed0000, 0x298217c8, 0x29821800, 0x33980000)
 compacting perm gen  total 12288K, used 2919K [0x33980000, 0x34580000, 0x37980000)
   the space 12288K,  23% used [0x33980000, 0x33c59d00, 0x33c59e00, 0x34580000)
    ro space 10240K,  42% used [0x37980000, 0x37dbe580, 0x37dbe600, 0x38380000)
    rw space 12288K,  54% used [0x38380000, 0x389ff128, 0x389ff200, 0x38f80000)
Event: 78.575 GC heap after
Heap after GC invocations=115 (full 17):
 def new generation   total 78656K, used 3K [0x23980000, 0x28ed0000, 0x28ed0000)
  eden space 69952K,   0% used [0x23980000, 0x23980000, 0x27dd0000)
  from space 8704K,   0% used [0x28650000, 0x28650fb8, 0x28ed0000)
  to   space 8704K,   0% used [0x27dd0000, 0x27dd0000, 0x28650000)
 tenured generation   total 174784K, used 9541K [0x28ed0000, 0x33980000, 0x33980000)
   the space 174784K,   5% used [0x28ed0000, 0x298217c8, 0x29821800, 0x33980000)
 compacting perm gen  total 12288K, used 2919K [0x33980000, 0x34580000, 0x37980000)
   the space 12288K,  23% used [0x33980000, 0x33c59d00, 0x33c59e00, 0x34580000)
    ro space 10240K,  42% used [0x37980000, 0x37dbe580, 0x37dbe600, 0x38380000)
    rw space 12288K,  54% used [0x38380000, 0x389ff128, 0x389ff200, 0x38f80000)
}
Event: 78.873 GC heap before
{Heap before GC invocations=115 (full 17):
 def new generation   total 78656K, used 69955K [0x23980000, 0x28ed0000, 0x28ed0000)
  eden space 69952K, 100% used [0x23980000, 0x27dd0000, 0x27dd0000)
  from space 8704K,   0% used [0x28650000, 0x28650fb8, 0x28ed0000)
  to   space 8704K,   0% used [0x27dd0000, 0x27dd0000, 0x28650000)
 tenured generation   total 174784K, used 9541K [0x28ed0000, 0x33980000, 0x33980000)
   the space 174784K,   5% used [0x28ed0000, 0x298217c8, 0x29821800, 0x33980000)
 compacting perm gen  total 12288K, used 2919K [0x33980000, 0x34580000, 0x37980000)
   the space 12288K,  23% used [0x33980000, 0x33c59d00, 0x33c59e00, 0x34580000)
    ro space 10240K,  42% used [0x37980000, 0x37dbe580, 0x37dbe600, 0x38380000)
    rw space 12288K,  54% used [0x38380000, 0x389ff128, 0x389ff200, 0x38f80000)
Event: 78.874 GC heap after
Heap after GC invocations=116 (full 17):
 def new generation   total 78656K, used 7K [0x23980000, 0x28ed0000, 0x28ed0000)
  eden space 69952K,   0% used [0x23980000, 0x23980000, 0x27dd0000)
  from space 8704K,   0% used [0x27dd0000, 0x27dd1ca0, 0x28650000)
  to   space 8704K,   0% used [0x28650000, 0x28650000, 0x28ed0000)
 tenured generation   total 174784K, used 9541K [0x28ed0000, 0x33980000, 0x33980000)
   the space 174784K,   5% used [0x28ed0000, 0x298217c8, 0x29821800, 0x33980000)
 compacting perm gen  total 12288K, used 2919K [0x33980000, 0x34580000, 0x37980000)
   the space 12288K,  23% used [0x33980000, 0x33c59d00, 0x33c59e00, 0x34580000)
    ro space 10240K,  42% used [0x37980000, 0x37dbe580, 0x37dbe600, 0x38380000)
    rw space 12288K,  54% used [0x38380000, 0x389ff128, 0x389ff200, 0x38f80000)
}
Event: 79.171 GC heap before
{Heap before GC invocations=116 (full 17):
 def new generation   total 78656K, used 69959K [0x23980000, 0x28ed0000, 0x28ed0000)
  eden space 69952K, 100% used [0x23980000, 0x27dd0000, 0x27dd0000)
  from space 8704K,   0% used [0x27dd0000, 0x27dd1ca0, 0x28650000)
  to   space 8704K,   0% used [0x28650000, 0x28650000, 0x28ed0000)
 tenured generation   total 174784K, used 9541K [0x28ed0000, 0x33980000, 0x33980000)
   the space 174784K,   5% used [0x28ed0000, 0x298217c8, 0x29821800, 0x33980000)
 compacting perm gen  total 12288K, used 2919K [0x33980000, 0x34580000, 0x37980000)
   the space 12288K,  23% used [0x33980000, 0x33c59d00, 0x33c59e00, 0x34580000)
    ro space 10240K,  42% used [0x37980000, 0x37dbe580, 0x37dbe600, 0x38380000)
    rw space 12288K,  54% used [0x38380000, 0x389ff128, 0x389ff200, 0x38f80000)
Event: 79.172 GC heap after
Heap after GC invocations=117 (full 17):
 def new generation   total 78656K, used 3K [0x23980000, 0x28ed0000, 0x28ed0000)
  eden space 69952K,   0% used [0x23980000, 0x23980000, 0x27dd0000)
  from space 8704K,   0% used [0x28650000, 0x28650cc0, 0x28ed0000)
  to   space 8704K,   0% used [0x27dd0000, 0x27dd0000, 0x28650000)
 tenured generation   total 174784K, used 9541K [0x28ed0000, 0x33980000, 0x33980000)
   the space 174784K,   5% used [0x28ed0000, 0x298217c8, 0x29821800, 0x33980000)
 compacting perm gen  total 12288K, used 2919K [0x33980000, 0x34580000, 0x37980000)
   the space 12288K,  23% used [0x33980000, 0x33c59d00, 0x33c59e00, 0x34580000)
    ro space 10240K,  42% used [0x37980000, 0x37dbe580, 0x37dbe600, 0x38380000)
    rw space 12288K,  54% used [0x38380000, 0x389ff128, 0x389ff200, 0x38f80000)
}

Deoptimization events (0 events):
No events

Internal exceptions (10 events):
Event: 8.516 Thread 0x18dc2000 Threw 0x2472f2a0 at C:\jdk7u5_32P\jdk7u5\hotspot\src\share\vm\prims\jvm.cpp:1166
Event: 8.516 Thread 0x18dc2000 Threw 0x247312c0 at C:\jdk7u5_32P\jdk7u5\hotspot\src\share\vm\prims\jvm.cpp:1166
Event: 8.516 Thread 0x18dc2000 Threw 0x24733320 at C:\jdk7u5_32P\jdk7u5\hotspot\src\share\vm\prims\jvm.cpp:1166
Event: 8.516 Thread 0x18dc2000 Threw 0x24735448 at C:\jdk7u5_32P\jdk7u5\hotspot\src\share\vm\prims\jvm.cpp:1166
Event: 10.367 Thread 0x15242800 Threw 0x248dfa70 at C:\jdk7u5_32P\jdk7u5\hotspot\src\share\vm\prims\jvm.cpp:1166
Event: 38.350 Thread 0x15210c00 Threw 0x239b3b98 at C:\jdk7u5_32P\jdk7u5\hotspot\src\share\vm\prims\jvm.cpp:1166
Event: 39.192 Thread 0x15242800 Threw 0x24687108 at C:\jdk7u5_32P\jdk7u5\hotspot\src\share\vm\prims\jni.cpp:741
Event: 39.192 Thread 0x15242800 Threw 0x24687248 at C:\jdk7u5_32P\jdk7u5\hotspot\src\share\vm\prims\jni.cpp:741
Event: 39.194 Thread 0x15242800 Implicit null exception at 0x01bbe1ca to 0x01bc4147
Event: 39.194 Thread 0x15242800 Threw 0x24689b40 at C:\jdk7u5_32P\jdk7u5\hotspot\src\share\vm\runtime\sharedRuntime.cpp:613

Events (10 events):
Event: 79.437 Thread 0x189d1400 Thread added: 0x189d1400
Event: 79.437 Thread 0x17436400 Thread exited: 0x17436400
Event: 79.437 Thread 0x189d1800 Thread added: 0x189d1800
Event: 79.437 Thread 0x17436400 Thread added: 0x17436400
Event: 79.437 Thread 0x189d1400 Thread exited: 0x189d1400
Event: 79.437 Thread 0x17436800 Thread exited: 0x17436800
Event: 79.437 Thread 0x17435400 Thread exited: 0x17435400
Event: 79.437 Thread 0x189d0c00 Thread exited: 0x189d0c00
Event: 79.437 Thread 0x189d1800 Thread exited: 0x189d1800
Event: 79.437 Thread 0x17436400 Thread exited: 0x17436400


Dynamic libraries:
0x002f0000 - 0x0031f000 	C:\Windows\system32\java.exe
0x77b50000 - 0x77c8c000 	C:\Windows\SYSTEM32\ntdll.dll
0x77810000 - 0x778e4000 	C:\Windows\system32\kernel32.dll
0x75d90000 - 0x75dda000 	C:\Windows\system32\KERNELBASE.dll
0x778f0000 - 0x77990000 	C:\Windows\system32\ADVAPI32.dll
0x769f0000 - 0x76a9c000 	C:\Windows\system32\msvcrt.dll
0x75fe0000 - 0x75ff9000 	C:\Windows\SYSTEM32\sechost.dll
0x76140000 - 0x761e1000 	C:\Windows\system32\RPCRT4.dll
0x76290000 - 0x76359000 	C:\Windows\system32\USER32.dll
0x76070000 - 0x760be000 	C:\Windows\system32\GDI32.dll
0x76360000 - 0x7636a000 	C:\Windows\system32\LPK.dll
0x761f0000 - 0x7628d000 	C:\Windows\system32\USP10.dll
0x74c20000 - 0x74dbe000 	C:\Windows\WinSxS\x86_microsoft.windows.common-controls_6595b64144ccf1df_6.0.7601.17514_none_41e6975e2bd6f2b2\COMCTL32.dll
0x76000000 - 0x76057000 	C:\Windows\system32\SHLWAPI.dll
0x77c90000 - 0x77caf000 	C:\Windows\system32\IMM32.DLL
0x76580000 - 0x7664c000 	C:\Windows\system32\MSCTF.dll
0x63bd0000 - 0x63c8e000 	C:\Program Files\Java\jre7\bin\msvcr100.dll
0x5d3c0000 - 0x5d70a000 	C:\Program Files\Java\jre7\bin\client\jvm.dll
0x6bdc0000 - 0x6bdc7000 	C:\Windows\system32\WSOCK32.dll
0x769b0000 - 0x769e5000 	C:\Windows\system32\WS2_32.dll
0x76570000 - 0x76576000 	C:\Windows\system32\NSI.dll
0x74170000 - 0x741a2000 	C:\Windows\system32\WINMM.dll
0x77cb0000 - 0x77cb5000 	C:\Windows\system32\PSAPI.DLL
0x72170000 - 0x7217c000 	C:\Program Files\Java\jre7\bin\verify.dll
0x71a50000 - 0x71a70000 	C:\Program Files\Java\jre7\bin\java.dll
0x71a10000 - 0x71a23000 	C:\Program Files\Java\jre7\bin\zip.dll
0x70f20000 - 0x70f34000 	C:\Program Files\Java\jre7\bin\net.dll
0x757f0000 - 0x7582c000 	C:\Windows\system32\mswsock.dll
0x75910000 - 0x75916000 	C:\Windows\System32\wship6.dll
0x10000000 - 0x1000c000 	C:\Windows\System32\LibusbJava.dll
0x700b0000 - 0x700c1000 	C:\Windows\system32\libusb0.dll
0x763d0000 - 0x7656d000 	C:\Windows\system32\SETUPAPI.dll
0x75f90000 - 0x75fb7000 	C:\Windows\system32\CFGMGR32.dll
0x767b0000 - 0x7683f000 	C:\Windows\system32\OLEAUT32.dll
0x76650000 - 0x767ac000 	C:\Windows\system32\ole32.dll
0x75fc0000 - 0x75fd2000 	C:\Windows\system32\DEVOBJ.dll
0x6db00000 - 0x6db1e000 	C:\Program Files\OpenNI\Bin\OpenNI.jni.dll
0x64b80000 - 0x64bd0000 	C:\Program Files\OpenNI\Bin\OpenNI.dll
0x76bc0000 - 0x7780a000 	C:\Windows\system32\SHELL32.dll
0x6dac0000 - 0x6dad8000 	C:\Program Files\OpenNI\bin\nimRecorder.dll
0x6da10000 - 0x6da2a000 	C:\Program Files\OpenNI\bin\nimMockNodes.dll
0x6d6c0000 - 0x6d709000 	C:\Program Files\OpenNI\bin\nimCodecs.dll
0x6d9d0000 - 0x6d9f0000 	C:\Program Files\PrimeSense\SensorKinect\Bin\XnDeviceFile.dll
0x71cd0000 - 0x71cdb000 	C:\Program Files\PrimeSense\SensorKinect\Bin\XnCore.dll
0x64340000 - 0x643e3000 	C:\Windows\WinSxS\x86_microsoft.vc90.crt_1fc8b3b9a1e18e3b_9.0.30729.6161_none_50934f2ebcb7eb57\MSVCR90.dll
0x64940000 - 0x64978000 	C:\Program Files\PrimeSense\SensorKinect\Bin\XnDDK.dll
0x648f0000 - 0x64934000 	C:\Program Files\PrimeSense\SensorKinect\Bin\XnFormats.dll
0x63db0000 - 0x63dff000 	C:\Program Files\PrimeSense\SensorKinect\Bin\XnDeviceSensorV2KM.dll
0x62690000 - 0x62928000 	C:\Program Files\PrimeSense\NITE\Features_1_3_0\Bin\XnVFeatures_1_3_0.dll
0x63970000 - 0x639fe000 	C:\Windows\WinSxS\x86_microsoft.vc90.crt_1fc8b3b9a1e18e3b_9.0.30729.6161_none_50934f2ebcb7eb57\MSVCP90.dll
0x60e00000 - 0x6104f000 	C:\Program Files\PrimeSense\NITE\Features_1_3_1\Bin\XnVFeatures_1_3_1.dll
0x61080000 - 0x61299000 	C:\Program Files\PrimeSense\NITE\Features_1_4_1\Bin\XnVFeatures_1_4_1.dll
0x60240000 - 0x60456000 	C:\Program Files\PrimeSense\NITE\Features_1_4_2\Bin\XnVFeatures_1_4_2.dll
0x5f410000 - 0x5f717000 	C:\Program Files\PrimeSense\NITE\Features_1_5_2\Bin\XnVFeatures_1_5_2.dll
0x63070000 - 0x63147000 	C:\Program Files\PrimeSense\NITE\Hands_1_3_0\Bin\XnVHandGenerator_1_3_0.dll
0x62f90000 - 0x6306c000 	C:\Program Files\PrimeSense\NITE\Hands_1_3_1\Bin\XnVHandGenerator_1_3_1.dll
0x62df0000 - 0x62ecd000 	C:\Program Files\PrimeSense\NITE\Hands_1_4_1\Bin\XnVHandGenerator_1_4_1.dll
0x62d10000 - 0x62ded000 	C:\Program Files\PrimeSense\NITE\Hands_1_4_2\Bin\XnVHandGenerator_1_4_2.dll
0x625a0000 - 0x6268c000 	C:\Program Files\PrimeSense\NITE\Hands_1_5_2\Bin\XnVHandGenerator_1_5_2.dll
0x74ac0000 - 0x74b00000 	C:\Windows\system32\uxtheme.dll
0x75d60000 - 0x75d8d000 	C:\Windows\system32\WINTRUST.dll
0x75de0000 - 0x75efe000 	C:\Windows\system32\CRYPT32.dll
0x75d50000 - 0x75d5c000 	C:\Windows\system32\MSASN1.dll
0x752d0000 - 0x752d5000 	C:\Windows\System32\wshtcpip.dll
0x03ca0000 - 0x03cae000 	C:\Windows\System32\j3dcore-ogl-chk.dll
0x63b00000 - 0x63bc8000 	C:\Windows\system32\OPENGL32.dll
0x64a90000 - 0x64ab2000 	C:\Windows\system32\GLU32.dll
0x6be40000 - 0x6bf27000 	C:\Windows\system32\DDRAW.dll
0x708e0000 - 0x708e6000 	C:\Windows\system32\DCIMAN32.dll
0x74a50000 - 0x74a63000 	C:\Windows\system32\dwmapi.dll
0x71a00000 - 0x71a07000 	C:\Windows\system32\atiglpxx.dll
0x69030000 - 0x6a380000 	C:\Windows\system32\atioglxx.dll
0x751c0000 - 0x751c9000 	C:\Windows\system32\VERSION.dll
0x6f2f0000 - 0x6f3d4000 	C:\Windows\system32\aticfx32.dll
0x73f40000 - 0x73fa1000 	C:\Windows\system32\atiadlxx.dll
0x75340000 - 0x75357000 	C:\Windows\system32\USERENV.dll
0x75ce0000 - 0x75ceb000 	C:\Windows\system32\profapi.dll
0x752c0000 - 0x752cd000 	C:\Windows\system32\WTSAPI32.dll
0x700a0000 - 0x700ab000 	C:\Windows\system32\atigktxx.dll
0x5f2c0000 - 0x5f402000 	C:\Program Files\Java\jre7\bin\awt.dll
0x75c60000 - 0x75c6c000 	C:\Windows\system32\CRYPTBASE.dll
0x708a0000 - 0x708a6000 	C:\Program Files\Java\jre7\bin\jawt.dll
0x03d80000 - 0x03da9000 	C:\Windows\System32\j3dcore-ogl.dll
0x6f570000 - 0x6f65b000 	C:\Windows\system32\dbghelp.dll

VM Arguments:
jvm_args: -Djava 
java_command: SANDRAExecutable.jar 193.156.105.142 7540 kinectJoints gameControl
Launcher Type: SUN_STANDARD

Environment Variables:
CLASSPATH=C:\Program Files\OpenNI\Bin\org.OpenNI.jar
PATH=C:\Program Files\Intel\iCLS Client\;C:\Program Files\AMD APP\bin\x86;C:\Windows\system32;C:\Windows;C:\Windows\System32\Wbem;C:\Windows\System32\WindowsPowerShell\v1.0\;C:\Program Files\ATI Technologies\ATI.ACE\Core-Static;C:\Users\norut\AppData\Roaming\npm;C:\Program Files\nodejs\;C:\Program Files\Intel\Intel(R) Management Engine Components\DAL;C:\Program Files\Intel\Intel(R) Management Engine Components\IPT;C:\Program Files\OpenNI\Bin;C:\Program Files\PrimeSense\NITE\bin;C:\Program Files\AMD APP\bin\x86;C:\Windows\system32;C:\Windows;C:\Windows\System32\Wbem;C:\Windows\System32\WindowsPowerShell\v1.0\;C:\Program Files\ATI Technologies\ATI.ACE\Core-Static;C:\Program Files\nodejs
USERNAME=norut
OS=Windows_NT
PROCESSOR_IDENTIFIER=x86 Family 6 Model 58 Stepping 9, GenuineIntel



---------------  S Y S T E M  ---------------

OS: Windows 7 Build 7601 Service Pack 1

CPU:total 4 (4 cores per cpu, 1 threads per core) family 6 model 58 stepping 9, cmov, cx8, fxsr, mmx, sse, sse2, sse3, ssse3, sse4.1, sse4.2, popcnt, avx, tsc, tscinvbit, tscinv

Memory: 4k page, physical 3638896k(1586708k free), swap 6774372k(4376496k free)

vm_info: Java HotSpot(TM) Client VM (23.1-b03) for windows-x86 JRE (1.7.0_05-b05), built on May 15 2012 18:11:27 by "java_re" with unknown MS VC++:1600

time: Tue Jul 24 18:11:51 2012
elapsed time: 79 seconds

