#
# A fatal error has been detected by the Java Runtime Environment:
#
#  EXCEPTION_ACCESS_VIOLATION (0xc0000005) at pc=0x70cd6c89, pid=5996, tid=2864
#
# JRE version: 7.0_05-b05
# Java VM: Java HotSpot(TM) Client VM (23.1-b03 mixed mode, sharing windows-x86 )
# Problematic frame:
# C  [OpenNI.jni.dll+0x6c89]  Java_org_OpenNI_NativeMethods_xnUnregisterUserCallbacks+0x19
#
# Failed to write core dump. Minidumps are not enabled by default on client versions of Windows
#
# If you would like to submit a bug report, please visit:
#   http://bugreport.sun.com/bugreport/crash.jsp
# The crash happened outside the Java Virtual Machine in native code.
# See problematic frame for where to report the bug.
#

---------------  T H R E A D  ---------------

Current thread (0x05a21800):  JavaThread "Thread-1" [_thread_in_native, id=2864, stack(0x0fe10000,0x0fe60000)]

siginfo: ExceptionCode=0xc0000005, reading address 0x00000000

Registers:
EAX=0x00000000, EBX=0x33a4eae8, ECX=0x05826da4, EDX=0x0582734c
ESP=0x0fe5ec00, EBP=0x0fe5ec54, ESI=0x05826d98, EDI=0x05a21800
EIP=0x70cd6c89, EFLAGS=0x00010202

Top of Stack: (sp=0x0fe5ec00)
0x0fe5ec00:   057fa3c0 05826dd8 33a4eae8 0152a707
0x0fe5ec10:   05a21928 0fe5ec5c 057fa3c0 00000000
0x0fe5ec20:   05826d98 00000000 0fe5ec78 0162fd50
0x0fe5ec30:   379ea284 0fe5ec34 00000000 0fe5ec70
0x0fe5ec40:   33a528e0 00000000 33a4eae8 00000000
0x0fe5ec50:   0fe5ec64 0fe5ec94 015232c7 28f815e8
0x0fe5ec60:   01528989 05826d98 00000000 057fa3c0
0x0fe5ec70:   00000000 0fe5ec74 33a59268 0fe5eca4 

Instructions: (pc=0x70cd6c89)
0x70cd6c69:   cc cc cc cc cc cc cc 8b 4c 24 0c 56 8b 74 24 18
0x70cd6c79:   8b 46 10 50 51 ff 15 64 b4 cd 70 8b 06 8b 4e 08
0x70cd6c89:   8b 10 8b 52 58 83 c4 08 51 50 ff d2 56 ff 15 84
0x70cd6c99:   b0 cd 70 83 c4 04 5e c2 18 00 cc cc cc cc cc cc 


Register to memory mapping:

EAX=0x00000000 is an unknown value
EBX=0x33a4eae8 is an oop
{method} 
 - klass: {other class}
ECX=0x05826da4 is an unknown value
EDX=0x0582734c is an unknown value
ESP=0x0fe5ec00 is pointing into the stack for thread: 0x05a21800
EBP=0x0fe5ec54 is pointing into the stack for thread: 0x05a21800
ESI=0x05826d98 is an unknown value
EDI=0x05a21800 is a thread


Stack: [0x0fe10000,0x0fe60000],  sp=0x0fe5ec00,  free space=315k
Native frames: (J=compiled Java code, j=interpreted, Vv=VM code, C=native code)
C  [OpenNI.jni.dll+0x6c89]  Java_org_OpenNI_NativeMethods_xnUnregisterUserCallbacks+0x19
j  org.OpenNI.UserGenerator$1.unregisterNative(J)V+8
j  org.OpenNI.Observable.deleteObserver(Lorg/OpenNI/IObserver;)V+24
j  KinectPackage.SkeletonManager.reset()V+11
j  KinectPackage.SkeletonManager.access$8(LKinectPackage/SkeletonManager;)V+1
j  KinectPackage.SkeletonManager$LostUserObserver.update(Lorg/OpenNI/IObservable;Lorg/OpenNI/UserEventArgs;)V+183
j  KinectPackage.SkeletonManager$LostUserObserver.update(Lorg/OpenNI/IObservable;Ljava/lang/Object;)V+9
j  org.OpenNI.Observable.notify(Ljava/lang/Object;)V+30
j  org.OpenNI.UserGenerator$2.callback(I)V+9
v  ~StubRoutines::call_stub
V  [jvm.dll+0x12964a]
V  [jvm.dll+0x1d851e]
V  [jvm.dll+0x1296cd]
V  [jvm.dll+0xae4da]
V  [jvm.dll+0xb1d93]
C  [OpenNI.jni.dll+0x10ea]  JNI_OnUnload+0x6a
C  [XnVFeatures_1_5_2.dll+0x959a8]  xnModuleGetOpenNIVersion+0x57988
C  [XnVFeatures_1_5_2.dll+0x7b5d8]  xnModuleGetOpenNIVersion+0x3d5b8
C  [XnVFeatures_1_5_2.dll+0xb1538]  xnModuleGetOpenNIVersion+0x73518
C  [XnVFeatures_1_5_2.dll+0x95266]  xnModuleGetOpenNIVersion+0x57246
C  [OpenNI.jni.dll+0x2eab]  Java_org_OpenNI_NativeMethods_xnWaitAnyUpdateAll+0xb
J  org.OpenNI.Context.waitAnyUpdateAll()V
j  java.lang.Thread.run()V+11
v  ~StubRoutines::call_stub
V  [jvm.dll+0x12964a]
V  [jvm.dll+0x1d851e]
V  [jvm.dll+0x129833]
V  [jvm.dll+0x129897]
V  [jvm.dll+0xd24af]
V  [jvm.dll+0x149977]
V  [jvm.dll+0x149ae0]
V  [jvm.dll+0x17e049]
C  [msvcr100.dll+0x5c6de]  endthreadex+0x3a
C  [msvcr100.dll+0x5c788]  endthreadex+0xe4
C  [kernel32.dll+0x4ed6c]  BaseThreadInitThunk+0x12
C  [ntdll.dll+0x6377b]  RtlInitializeExceptionChain+0xef
C  [ntdll.dll+0x6374e]  RtlInitializeExceptionChain+0xc2

Java frames: (J=compiled Java code, j=interpreted, Vv=VM code)
j  org.OpenNI.NativeMethods.xnUnregisterUserCallbacks(JJ)V+0
j  org.OpenNI.UserGenerator$1.unregisterNative(J)V+8
j  org.OpenNI.Observable.deleteObserver(Lorg/OpenNI/IObserver;)V+24
j  KinectPackage.SkeletonManager.reset()V+11
j  KinectPackage.SkeletonManager.access$8(LKinectPackage/SkeletonManager;)V+1
j  KinectPackage.SkeletonManager$LostUserObserver.update(Lorg/OpenNI/IObservable;Lorg/OpenNI/UserEventArgs;)V+183
j  KinectPackage.SkeletonManager$LostUserObserver.update(Lorg/OpenNI/IObservable;Ljava/lang/Object;)V+9
j  org.OpenNI.Observable.notify(Ljava/lang/Object;)V+30
j  org.OpenNI.UserGenerator$2.callback(I)V+9
v  ~StubRoutines::call_stub
J  org.OpenNI.NativeMethods.xnWaitAnyUpdateAll(J)I
J  org.OpenNI.Context.waitAnyUpdateAll()V
j  KinectPackage.KinectManager.run()V+12
j  java.lang.Thread.run()V+11
v  ~StubRoutines::call_stub

---------------  P R O C E S S  ---------------

Java Threads: ( => current thread )
  0x003ab400 JavaThread "DestroyJavaVM" [_thread_blocked, id=4884, stack(0x013d0000,0x01420000)]
  0x15e48800 JavaThread "Thread-6" [_thread_in_Java, id=948, stack(0x170c0000,0x17110000)]
  0x15e47c00 JavaThread "Thread-5" [_thread_in_native, id=3460, stack(0x17020000,0x17070000)]
  0x15e2c000 JavaThread "AWT-Windows" daemon [_thread_in_native, id=4408, stack(0x16dd0000,0x16e20000)]
  0x15fc6000 JavaThread "Java2D Disposer" daemon [_thread_blocked, id=4980, stack(0x16cc0000,0x16d10000)]
=>0x05a21800 JavaThread "Thread-1" [_thread_in_native, id=2864, stack(0x0fe10000,0x0fe60000)]
  0x014f4000 JavaThread "Service Thread" daemon [_thread_blocked, id=4560, stack(0x03940000,0x03990000)]
  0x014ef000 JavaThread "C1 CompilerThread0" daemon [_thread_blocked, id=4988, stack(0x03580000,0x035d0000)]
  0x014ed800 JavaThread "Attach Listener" daemon [_thread_blocked, id=3908, stack(0x035f0000,0x03640000)]
  0x014ea400 JavaThread "Signal Dispatcher" daemon [_thread_blocked, id=6020, stack(0x038f0000,0x03940000)]
  0x014d7800 JavaThread "Finalizer" daemon [_thread_blocked, id=1340, stack(0x03650000,0x036a0000)]
  0x014d2800 JavaThread "Reference Handler" daemon [_thread_blocked, id=2380, stack(0x036d0000,0x03720000)]

Other Threads:
  0x014d1400 VMThread [stack: 0x03770000,0x037c0000] [id=2304]
  0x014ff000 WatcherThread [stack: 0x03800000,0x03850000] [id=4908]

VM state:not at safepoint (normal execution)

VM Mutex/Monitor currently owned by a thread: None

Heap
 def new generation   total 58624K, used 7525K [0x23980000, 0x27910000, 0x28ed0000)
  eden space 52160K,  14% used [0x23980000, 0x240d8e78, 0x26c70000)
  from space 6464K,   0% used [0x272c0000, 0x272c05b0, 0x27910000)
  to   space 6464K,   0% used [0x26c70000, 0x26c70000, 0x272c0000)
 tenured generation   total 130120K, used 88200K [0x28ed0000, 0x30de2000, 0x33980000)
   the space 130120K,  67% used [0x28ed0000, 0x2e4f23e0, 0x2e4f2400, 0x30de2000)
 compacting perm gen  total 12288K, used 3091K [0x33980000, 0x34580000, 0x37980000)
   the space 12288K,  25% used [0x33980000, 0x33c84c90, 0x33c84e00, 0x34580000)
    ro space 10240K,  42% used [0x37980000, 0x37dbe580, 0x37dbe600, 0x38380000)
    rw space 12288K,  54% used [0x38380000, 0x389ff128, 0x389ff200, 0x38f80000)

Code Cache  [0x01520000, 0x016d8000, 0x03520000)
 total_blobs=1079 nmethods=789 adapters=225 free_code_cache=31026Kb largest_free_block=31771456

Compilation events (10 events):
Event: 43.046 Thread 0x014ef000  778             services.KinectSkeletonServiceEvent::setRightFoot (6 bytes)
Event: 43.046 Thread 0x014ef000 nmethod 778 0x016d16c8 code [0x016d17c0, 0x016d1850]
Event: 43.894 Thread 0x014ef000  779  s          sun.misc.FloatingDecimal$1::initialValue (5 bytes)
Event: 43.894 Thread 0x014ef000 nmethod 779 0x016d1888 code [0x016d1980, 0x016d1bc0]
Event: 51.994 Thread 0x014ef000  782   !         java.lang.ThreadGroup::addUnstarted (40 bytes)
Event: 51.994 Thread 0x014ef000 nmethod 782 0x016d2148 code [0x016d2260, 0x016d24dc]
Event: 52.024 Thread 0x014ef000  783   !         java.lang.ThreadGroup::add (110 bytes)
Event: 52.024 Thread 0x014ef000 nmethod 783 0x016d2648 code [0x016d2780, 0x016d2ba8]
Event: 52.064 Thread 0x014ef000  784   !         java.lang.ThreadGroup::threadTerminated (63 bytes)
Event: 52.064 Thread 0x014ef000 nmethod 784 0x016d3008 code [0x016d3120, 0x016d3394]

GC Heap History (10 events):
Event: 102.427 GC heap before
{Heap before GC invocations=881 (full 13):
 def new generation   total 58624K, used 52161K [0x23980000, 0x27910000, 0x28ed0000)
  eden space 52160K, 100% used [0x23980000, 0x26c70000, 0x26c70000)
  from space 6464K,   0% used [0x272c0000, 0x272c04b0, 0x27910000)
  to   space 6464K,   0% used [0x26c70000, 0x26c70000, 0x272c0000)
 tenured generation   total 130120K, used 88200K [0x28ed0000, 0x30de2000, 0x33980000)
   the space 130120K,  67% used [0x28ed0000, 0x2e4f23e0, 0x2e4f2400, 0x30de2000)
 compacting perm gen  total 12288K, used 3091K [0x33980000, 0x34580000, 0x37980000)
   the space 12288K,  25% used [0x33980000, 0x33c84c90, 0x33c84e00, 0x34580000)
    ro space 10240K,  42% used [0x37980000, 0x37dbe580, 0x37dbe600, 0x38380000)
    rw space 12288K,  54% used [0x38380000, 0x389ff128, 0x389ff200, 0x38f80000)
Event: 102.428 GC heap after
Heap after GC invocations=882 (full 13):
 def new generation   total 58624K, used 0K [0x23980000, 0x27910000, 0x28ed0000)
  eden space 52160K,   0% used [0x23980000, 0x23980000, 0x26c70000)
  from space 6464K,   0% used [0x26c70000, 0x26c702d8, 0x272c0000)
  to   space 6464K,   0% used [0x272c0000, 0x272c0000, 0x27910000)
 tenured generation   total 130120K, used 88200K [0x28ed0000, 0x30de2000, 0x33980000)
   the space 130120K,  67% used [0x28ed0000, 0x2e4f23e0, 0x2e4f2400, 0x30de2000)
 compacting perm gen  total 12288K, used 3091K [0x33980000, 0x34580000, 0x37980000)
   the space 12288K,  25% used [0x33980000, 0x33c84c90, 0x33c84e00, 0x34580000)
    ro space 10240K,  42% used [0x37980000, 0x37dbe580, 0x37dbe600, 0x38380000)
    rw space 12288K,  54% used [0x38380000, 0x389ff128, 0x389ff200, 0x38f80000)
}
Event: 102.449 GC heap before
{Heap before GC invocations=882 (full 13):
 def new generation   total 58624K, used 52160K [0x23980000, 0x27910000, 0x28ed0000)
  eden space 52160K, 100% used [0x23980000, 0x26c70000, 0x26c70000)
  from space 6464K,   0% used [0x26c70000, 0x26c702d8, 0x272c0000)
  to   space 6464K,   0% used [0x272c0000, 0x272c0000, 0x27910000)
 tenured generation   total 130120K, used 88200K [0x28ed0000, 0x30de2000, 0x33980000)
   the space 130120K,  67% used [0x28ed0000, 0x2e4f23e0, 0x2e4f2400, 0x30de2000)
 compacting perm gen  total 12288K, used 3091K [0x33980000, 0x34580000, 0x37980000)
   the space 12288K,  25% used [0x33980000, 0x33c84c90, 0x33c84e00, 0x34580000)
    ro space 10240K,  42% used [0x37980000, 0x37dbe580, 0x37dbe600, 0x38380000)
    rw space 12288K,  54% used [0x38380000, 0x389ff128, 0x389ff200, 0x38f80000)
Event: 102.449 GC heap after
Heap after GC invocations=883 (full 13):
 def new generation   total 58624K, used 1K [0x23980000, 0x27910000, 0x28ed0000)
  eden space 52160K,   0% used [0x23980000, 0x23980000, 0x26c70000)
  from space 6464K,   0% used [0x272c0000, 0x272c0430, 0x27910000)
  to   space 6464K,   0% used [0x26c70000, 0x26c70000, 0x272c0000)
 tenured generation   total 130120K, used 88200K [0x28ed0000, 0x30de2000, 0x33980000)
   the space 130120K,  67% used [0x28ed0000, 0x2e4f23e0, 0x2e4f2400, 0x30de2000)
 compacting perm gen  total 12288K, used 3091K [0x33980000, 0x34580000, 0x37980000)
   the space 12288K,  25% used [0x33980000, 0x33c84c90, 0x33c84e00, 0x34580000)
    ro space 10240K,  42% used [0x37980000, 0x37dbe580, 0x37dbe600, 0x38380000)
    rw space 12288K,  54% used [0x38380000, 0x389ff128, 0x389ff200, 0x38f80000)
}
Event: 102.470 GC heap before
{Heap before GC invocations=883 (full 13):
 def new generation   total 58624K, used 52161K [0x23980000, 0x27910000, 0x28ed0000)
  eden space 52160K, 100% used [0x23980000, 0x26c70000, 0x26c70000)
  from space 6464K,   0% used [0x272c0000, 0x272c0430, 0x27910000)
  to   space 6464K,   0% used [0x26c70000, 0x26c70000, 0x272c0000)
 tenured generation   total 130120K, used 88200K [0x28ed0000, 0x30de2000, 0x33980000)
   the space 130120K,  67% used [0x28ed0000, 0x2e4f23e0, 0x2e4f2400, 0x30de2000)
 compacting perm gen  total 12288K, used 3091K [0x33980000, 0x34580000, 0x37980000)
   the space 12288K,  25% used [0x33980000, 0x33c84c90, 0x33c84e00, 0x34580000)
    ro space 10240K,  42% used [0x37980000, 0x37dbe580, 0x37dbe600, 0x38380000)
    rw space 12288K,  54% used [0x38380000, 0x389ff128, 0x389ff200, 0x38f80000)
Event: 102.471 GC heap after
Heap after GC invocations=884 (full 13):
 def new generation   total 58624K, used 0K [0x23980000, 0x27910000, 0x28ed0000)
  eden space 52160K,   0% used [0x23980000, 0x23980000, 0x26c70000)
  from space 6464K,   0% used [0x26c70000, 0x26c703c8, 0x272c0000)
  to   space 6464K,   0% used [0x272c0000, 0x272c0000, 0x27910000)
 tenured generation   total 130120K, used 88200K [0x28ed0000, 0x30de2000, 0x33980000)
   the space 130120K,  67% used [0x28ed0000, 0x2e4f23e0, 0x2e4f2400, 0x30de2000)
 compacting perm gen  total 12288K, used 3091K [0x33980000, 0x34580000, 0x37980000)
   the space 12288K,  25% used [0x33980000, 0x33c84c90, 0x33c84e00, 0x34580000)
    ro space 10240K,  42% used [0x37980000, 0x37dbe580, 0x37dbe600, 0x38380000)
    rw space 12288K,  54% used [0x38380000, 0x389ff128, 0x389ff200, 0x38f80000)
}
Event: 102.490 GC heap before
{Heap before GC invocations=884 (full 13):
 def new generation   total 58624K, used 52160K [0x23980000, 0x27910000, 0x28ed0000)
  eden space 52160K, 100% used [0x23980000, 0x26c70000, 0x26c70000)
  from space 6464K,   0% used [0x26c70000, 0x26c703c8, 0x272c0000)
  to   space 6464K,   0% used [0x272c0000, 0x272c0000, 0x27910000)
 tenured generation   total 130120K, used 88200K [0x28ed0000, 0x30de2000, 0x33980000)
   the space 130120K,  67% used [0x28ed0000, 0x2e4f23e0, 0x2e4f2400, 0x30de2000)
 compacting perm gen  total 12288K, used 3091K [0x33980000, 0x34580000, 0x37980000)
   the space 12288K,  25% used [0x33980000, 0x33c84c90, 0x33c84e00, 0x34580000)
    ro space 10240K,  42% used [0x37980000, 0x37dbe580, 0x37dbe600, 0x38380000)
    rw space 12288K,  54% used [0x38380000, 0x389ff128, 0x389ff200, 0x38f80000)
Event: 102.491 GC heap after
Heap after GC invocations=885 (full 13):
 def new generation   total 58624K, used 1K [0x23980000, 0x27910000, 0x28ed0000)
  eden space 52160K,   0% used [0x23980000, 0x23980000, 0x26c70000)
  from space 6464K,   0% used [0x272c0000, 0x272c0448, 0x27910000)
  to   space 6464K,   0% used [0x26c70000, 0x26c70000, 0x272c0000)
 tenured generation   total 130120K, used 88200K [0x28ed0000, 0x30de2000, 0x33980000)
   the space 130120K,  67% used [0x28ed0000, 0x2e4f23e0, 0x2e4f2400, 0x30de2000)
 compacting perm gen  total 12288K, used 3091K [0x33980000, 0x34580000, 0x37980000)
   the space 12288K,  25% used [0x33980000, 0x33c84c90, 0x33c84e00, 0x34580000)
    ro space 10240K,  42% used [0x37980000, 0x37dbe580, 0x37dbe600, 0x38380000)
    rw space 12288K,  54% used [0x38380000, 0x389ff128, 0x389ff200, 0x38f80000)
}
Event: 102.512 GC heap before
{Heap before GC invocations=885 (full 13):
 def new generation   total 58624K, used 52161K [0x23980000, 0x27910000, 0x28ed0000)
  eden space 52160K, 100% used [0x23980000, 0x26c70000, 0x26c70000)
  from space 6464K,   0% used [0x272c0000, 0x272c0448, 0x27910000)
  to   space 6464K,   0% used [0x26c70000, 0x26c70000, 0x272c0000)
 tenured generation   total 130120K, used 88200K [0x28ed0000, 0x30de2000, 0x33980000)
   the space 130120K,  67% used [0x28ed0000, 0x2e4f23e0, 0x2e4f2400, 0x30de2000)
 compacting perm gen  total 12288K, used 3091K [0x33980000, 0x34580000, 0x37980000)
   the space 12288K,  25% used [0x33980000, 0x33c84c90, 0x33c84e00, 0x34580000)
    ro space 10240K,  42% used [0x37980000, 0x37dbe580, 0x37dbe600, 0x38380000)
    rw space 12288K,  54% used [0x38380000, 0x389ff128, 0x389ff200, 0x38f80000)
Event: 102.512 GC heap after
Heap after GC invocations=886 (full 13):
 def new generation   total 58624K, used 0K [0x23980000, 0x27910000, 0x28ed0000)
  eden space 52160K,   0% used [0x23980000, 0x23980000, 0x26c70000)
  from space 6464K,   0% used [0x26c70000, 0x26c70340, 0x272c0000)
  to   space 6464K,   0% used [0x272c0000, 0x272c0000, 0x27910000)
 tenured generation   total 130120K, used 88200K [0x28ed0000, 0x30de2000, 0x33980000)
   the space 130120K,  67% used [0x28ed0000, 0x2e4f23e0, 0x2e4f2400, 0x30de2000)
 compacting perm gen  total 12288K, used 3091K [0x33980000, 0x34580000, 0x37980000)
   the space 12288K,  25% used [0x33980000, 0x33c84c90, 0x33c84e00, 0x34580000)
    ro space 10240K,  42% used [0x37980000, 0x37dbe580, 0x37dbe600, 0x38380000)
    rw space 12288K,  54% used [0x38380000, 0x389ff128, 0x389ff200, 0x38f80000)
}

Deoptimization events (0 events):
No events

Internal exceptions (10 events):
Event: 4.997 Thread 0x15e47c00 Threw 0x24d96e40 at C:\jdk7u5_32P\jdk7u5\hotspot\src\share\vm\interpreter\interpreterRuntime.cpp:347
Event: 4.997 Thread 0x15ee2000 Threw 0x24d18e40 at C:\jdk7u5_32P\jdk7u5\hotspot\src\share\vm\interpreter\interpreterRuntime.cpp:347
Event: 4.997 Thread 0x15e47c00 Threw 0x24d97cf0 at C:\jdk7u5_32P\jdk7u5\hotspot\src\share\vm\prims\jvm.cpp:1166
Event: 4.997 Thread 0x15f2b800 Threw 0x24b73b90 at C:\jdk7u5_32P\jdk7u5\hotspot\src\share\vm\runtime\sharedRuntime.cpp:613
Event: 4.998 Thread 0x15e47c00 Threw 0x24d9b638 at C:\jdk7u5_32P\jdk7u5\hotspot\src\share\vm\prims\jvm.cpp:1166
Event: 4.999 Thread 0x15f34000 Threw 0x24bed030 at C:\jdk7u5_32P\jdk7u5\hotspot\src\share\vm\prims\jvm.cpp:1166
Event: 4.999 Thread 0x15e47c00 Threw 0x24d9ea88 at C:\jdk7u5_32P\jdk7u5\hotspot\src\share\vm\prims\jvm.cpp:1166
Event: 4.999 Thread 0x15e47c00 Threw 0x24da0b28 at C:\jdk7u5_32P\jdk7u5\hotspot\src\share\vm\prims\jvm.cpp:1166
Event: 4.999 Thread 0x15f34000 Threw 0x24befb68 at C:\jdk7u5_32P\jdk7u5\hotspot\src\share\vm\prims\jvm.cpp:1166
Event: 5.262 Thread 0x15e48800 Threw 0x24165cb0 at C:\jdk7u5_32P\jdk7u5\hotspot\src\share\vm\prims\jvm.cpp:1166

Events (10 events):
Event: 102.473 Thread 0x03a0bc00 Thread exited: 0x03a0bc00
Event: 102.473 Thread 0x03a0b000 Thread exited: 0x03a0b000
Event: 102.490 Executing VM operation: GenCollectForAllocation
Event: 102.491 Executing VM operation: GenCollectForAllocation done
Event: 102.503 Thread 0x03a0b000 Thread added: 0x03a0b000
Event: 102.503 Thread 0x03a0bc00 Thread added: 0x03a0bc00
Event: 102.503 Thread 0x03a0b000 Thread exited: 0x03a0b000
Event: 102.503 Thread 0x03a0bc00 Thread exited: 0x03a0bc00
Event: 102.512 Executing VM operation: GenCollectForAllocation
Event: 102.512 Executing VM operation: GenCollectForAllocation done


Dynamic libraries:
0x012e0000 - 0x0130f000 	C:\Windows\system32\java.exe
0x77b30000 - 0x77c6c000 	C:\Windows\SYSTEM32\ntdll.dll
0x774a0000 - 0x77574000 	C:\Windows\system32\kernel32.dll
0x75ef0000 - 0x75f3a000 	C:\Windows\system32\KERNELBASE.dll
0x77360000 - 0x77400000 	C:\Windows\system32\ADVAPI32.dll
0x77580000 - 0x7762c000 	C:\Windows\system32\msvcrt.dll
0x77340000 - 0x77359000 	C:\Windows\SYSTEM32\sechost.dll
0x77630000 - 0x776d1000 	C:\Windows\system32\RPCRT4.dll
0x77a60000 - 0x77b29000 	C:\Windows\system32\USER32.dll
0x77400000 - 0x7744e000 	C:\Windows\system32\GDI32.dll
0x76310000 - 0x7631a000 	C:\Windows\system32\LPK.dll
0x779c0000 - 0x77a5d000 	C:\Windows\system32\USP10.dll
0x749f0000 - 0x74b8e000 	C:\Windows\WinSxS\x86_microsoft.windows.common-controls_6595b64144ccf1df_6.0.7601.17514_none_41e6975e2bd6f2b2\COMCTL32.dll
0x77c90000 - 0x77ce7000 	C:\Windows\system32\SHLWAPI.dll
0x77450000 - 0x7746f000 	C:\Windows\system32\IMM32.DLL
0x77270000 - 0x7733c000 	C:\Windows\system32\MSCTF.dll
0x69450000 - 0x6950e000 	C:\Program Files\Java\jre7\bin\msvcr100.dll
0x61350000 - 0x6169a000 	C:\Program Files\Java\jre7\bin\client\jvm.dll
0x69320000 - 0x69327000 	C:\Windows\system32\WSOCK32.dll
0x765e0000 - 0x76615000 	C:\Windows\system32\WS2_32.dll
0x77c80000 - 0x77c86000 	C:\Windows\system32\NSI.dll
0x74150000 - 0x74182000 	C:\Windows\system32\WINMM.dll
0x77cf0000 - 0x77cf5000 	C:\Windows\system32\PSAPI.DLL
0x73f30000 - 0x73f3c000 	C:\Program Files\Java\jre7\bin\verify.dll
0x73ac0000 - 0x73ae0000 	C:\Program Files\Java\jre7\bin\java.dll
0x73c20000 - 0x73c33000 	C:\Program Files\Java\jre7\bin\zip.dll
0x70d60000 - 0x70d74000 	C:\Program Files\Java\jre7\bin\net.dll
0x75730000 - 0x7576c000 	C:\Windows\system32\mswsock.dll
0x75720000 - 0x75726000 	C:\Windows\System32\wship6.dll
0x10000000 - 0x1000c000 	C:\Windows\System32\LibusbJava.dll
0x70cf0000 - 0x70d01000 	C:\Windows\system32\libusb0.dll
0x76440000 - 0x765dd000 	C:\Windows\system32\SETUPAPI.dll
0x75f40000 - 0x75f67000 	C:\Windows\system32\CFGMGR32.dll
0x76010000 - 0x7609f000 	C:\Windows\system32\OLEAUT32.dll
0x761b0000 - 0x7630c000 	C:\Windows\system32\ole32.dll
0x75f70000 - 0x75f82000 	C:\Windows\system32\DEVOBJ.dll
0x70cd0000 - 0x70cee000 	C:\Program Files\OpenNI\Bin\OpenNI.jni.dll
0x70c10000 - 0x70c60000 	C:\Program Files\OpenNI\Bin\OpenNI.dll
0x76620000 - 0x7726a000 	C:\Windows\system32\SHELL32.dll
0x70cb0000 - 0x70cc8000 	C:\Program Files\OpenNI\bin\nimRecorder.dll
0x70bb0000 - 0x70bca000 	C:\Program Files\OpenNI\bin\nimMockNodes.dll
0x70b60000 - 0x70ba9000 	C:\Program Files\OpenNI\bin\nimCodecs.dll
0x70b40000 - 0x70b60000 	C:\Program Files\PrimeSense\SensorKinect\Bin\XnDeviceFile.dll
0x73f50000 - 0x73f5b000 	C:\Program Files\PrimeSense\SensorKinect\Bin\XnCore.dll
0x6bfc0000 - 0x6c063000 	C:\Windows\WinSxS\x86_microsoft.vc90.crt_1fc8b3b9a1e18e3b_9.0.30729.6161_none_50934f2ebcb7eb57\MSVCR90.dll
0x6fcc0000 - 0x6fcf8000 	C:\Program Files\PrimeSense\SensorKinect\Bin\XnDDK.dll
0x6bf70000 - 0x6bfb4000 	C:\Program Files\PrimeSense\SensorKinect\Bin\XnFormats.dll
0x6eca0000 - 0x6ecef000 	C:\Program Files\PrimeSense\SensorKinect\Bin\XnDeviceSensorV2KM.dll
0x65e80000 - 0x66118000 	C:\Program Files\PrimeSense\NITE\Features_1_3_0\Bin\XnVFeatures_1_3_0.dll
0x6bee0000 - 0x6bf6e000 	C:\Windows\WinSxS\x86_microsoft.vc90.crt_1fc8b3b9a1e18e3b_9.0.30729.6161_none_50934f2ebcb7eb57\MSVCP90.dll
0x65550000 - 0x6579f000 	C:\Program Files\PrimeSense\NITE\Features_1_3_1\Bin\XnVFeatures_1_3_1.dll
0x657d0000 - 0x659e9000 	C:\Program Files\PrimeSense\NITE\Features_1_4_1\Bin\XnVFeatures_1_4_1.dll
0x62300000 - 0x62516000 	C:\Program Files\PrimeSense\NITE\Features_1_4_2\Bin\XnVFeatures_1_4_2.dll
0x616a0000 - 0x619a7000 	C:\Program Files\PrimeSense\NITE\Features_1_5_2\Bin\XnVFeatures_1_5_2.dll
0x6be00000 - 0x6bed7000 	C:\Program Files\PrimeSense\NITE\Hands_1_3_0\Bin\XnVHandGenerator_1_3_0.dll
0x6a680000 - 0x6a75c000 	C:\Program Files\PrimeSense\NITE\Hands_1_3_1\Bin\XnVHandGenerator_1_3_1.dll
0x6a4b0000 - 0x6a58d000 	C:\Program Files\PrimeSense\NITE\Hands_1_4_1\Bin\XnVHandGenerator_1_4_1.dll
0x67530000 - 0x6760d000 	C:\Program Files\PrimeSense\NITE\Hands_1_4_2\Bin\XnVHandGenerator_1_4_2.dll
0x66c10000 - 0x66cfc000 	C:\Program Files\PrimeSense\NITE\Hands_1_5_2\Bin\XnVHandGenerator_1_5_2.dll
0x749b0000 - 0x749f0000 	C:\Windows\system32\uxtheme.dll
0x75f90000 - 0x75fbd000 	C:\Windows\system32\WINTRUST.dll
0x75d40000 - 0x75e5e000 	C:\Windows\system32\CRYPT32.dll
0x75d30000 - 0x75d3c000 	C:\Windows\system32\MSASN1.dll
0x75240000 - 0x75245000 	C:\Windows\System32\wshtcpip.dll
0x75bf0000 - 0x75c3c000 	C:\Windows\system32\apphelp.dll
0x73f40000 - 0x73f4f000 	C:\Program Files\Java\jre7\bin\nio.dll
0x67810000 - 0x67952000 	C:\Program Files\Java\jre7\bin\awt.dll
0x746d0000 - 0x746e3000 	C:\Windows\system32\dwmapi.dll
0x75c40000 - 0x75c4c000 	C:\Windows\system32\CRYPTBASE.dll
0x73c10000 - 0x73c16000 	C:\Program Files\Java\jre7\bin\jawt.dll
0x16e20000 - 0x16ef3000 	C:\Windows\System32\j3dcore-d3d.dll
0x723d0000 - 0x72593000 	C:\Windows\system32\d3d9.dll
0x75170000 - 0x75179000 	C:\Windows\system32\VERSION.dll
0x72340000 - 0x72346000 	C:\Windows\system32\d3d8thk.dll
0x74310000 - 0x7434c000 	C:\Windows\system32\OLEACC.dll
0x6f590000 - 0x6f5e1000 	C:\Windows\system32\WINSPOOL.DRV
0x73f70000 - 0x7405b000 	C:\Windows\system32\dbghelp.dll

VM Arguments:
jvm_args: -Djava 
java_command: SANDRAExecutable.jar 193.156.105.142 7540 kinectJoints
Launcher Type: SUN_STANDARD

Environment Variables:
CLASSPATH=C:\Program Files\OpenNI\Bin\org.OpenNI.jar
PATH=C:\Program Files\Intel\iCLS Client\;C:\Program Files\AMD APP\bin\x86;C:\Windows\system32;C:\Windows;C:\Windows\System32\Wbem;C:\Windows\System32\WindowsPowerShell\v1.0\;C:\Program Files\ATI Technologies\ATI.ACE\Core-Static;C:\Users\norut\AppData\Roaming\npm;C:\Program Files\nodejs\;C:\Program Files\Intel\Intel(R) Management Engine Components\DAL;C:\Program Files\Intel\Intel(R) Management Engine Components\IPT;C:\Program Files\OpenNI\Bin;C:\Program Files\PrimeSense\NITE\bin;C:\Program Files\AMD APP\bin\x86;C:\Windows\system32;C:\Windows;C:\Windows\System32\Wbem;C:\Windows\System32\WindowsPowerShell\v1.0\;C:\Program Files\ATI Technologies\ATI.ACE\Core-Static;C:\Program Files\nodejs
USERNAME=norut
OS=Windows_NT
PROCESSOR_IDENTIFIER=x86 Family 6 Model 58 Stepping 9, GenuineIntel



---------------  S Y S T E M  ---------------

OS: Windows 7 Build 7601 Service Pack 1

CPU:total 4 (4 cores per cpu, 1 threads per core) family 6 model 58 stepping 9, cmov, cx8, fxsr, mmx, sse, sse2, sse3, ssse3, sse4.1, sse4.2, popcnt, avx, tsc, tscinvbit, tscinv

Memory: 4k page, physical 3638896k(2047428k free), swap 7276036k(5142332k free)

vm_info: Java HotSpot(TM) Client VM (23.1-b03) for windows-x86 JRE (1.7.0_05-b05), built on May 15 2012 18:11:27 by "java_re" with unknown MS VC++:1600

time: Thu Jul 12 10:12:38 2012
elapsed time: 102 seconds

