#
# A fatal error has been detected by the Java Runtime Environment:
#
#  SIGSEGV (0xb) at pc=0xb6bcf12a, pid=9692, tid=1910287168
#
# JRE version: 6.0_24-b24
# Java VM: OpenJDK Server VM (20.0-b12 mixed mode linux-x86 )
# Derivative: IcedTea6 1.11.1
# Distribution: Ubuntu precise (development branch), package 6b24-1.11.1-4ubuntu2
# Problematic frame:
# V  [libjvm.so+0x2f312a]  PhaseIdealLoop::Dominators()+0x18a
#
# If you would like to submit a bug report, please include
# instructions how to reproduce the bug and visit:
#   https://bugs.launchpad.net/ubuntu/+source/openjdk-6/
#

---------------  T H R E A D  ---------------

Current thread (0xb66a0800):  JavaThread "C2 CompilerThread0" daemon [_thread_in_native, id=9705, stack(0x71d4a000,0x71dcb000)]

siginfo:si_signo=SIGSEGV: si_errno=0, si_code=1 (SEGV_MAPERR), si_addr=0x00bfe590

Registers:
EAX=0x00bfe590, EBX=0xb713eff4, ECX=0x00000001, EDX=0x71dc931c
ESP=0x71dc8aa0, EBP=0x00000000, ESI=0x00000000, EDI=0x08bfe558
EIP=0xb6bcf12a, EFLAGS=0x00210246, CR2=0x00bfe590

Top of Stack: (sp=0x71dc8aa0)
0x71dc8aa0:   08c8d2bc 08c8cfd0 08c88640 5e610010
0x71dc8ab0:   5e62be10 00000000 71dc931c 08c8cfa4
0x71dc8ac0:   08c88640 5e610010 000001ab 000002f8
0x71dc8ad0:   71dc931c 71dc931c 08c8d474 b66a0c40
0x71dc8ae0:   08ccf3a0 5e62a638 5e6320b0 5e63262c
0x71dc8af0:   b7139be8 b66a0c40 00000080 5e6135b8
0x71dc8b00:   71dc95dc 00000b87 00000008 b713eff4
0x71dc8b10:   71dc931c b66a0c40 00000000 b6d8469f 

Instructions: (pc=0xb6bcf12a)
0xb6bcf10a:   8b 4e 0c 85 c9 74 75 89 7c 24 1c 31 ed 89 f7 8d
0xb6bcf11a:   b4 26 00 00 00 00 8d 34 ad 00 00 00 00 8b 47 04
0xb6bcf12a:   8b 04 30 85 c0 74 4a 8b 10 89 04 24 ff 52 08 84
0xb6bcf13a:   c0 74 3b 8b 47 04 8b 4c 24 24 8b 04 30 8b 40 1c 

Register to memory mapping:

EAX=0x00bfe590 is an unknown value
EBX=0xb713eff4: <offset 0x862ff4> in /usr/lib/jvm/java-6-openjdk-i386/jre/lib/i386/server/libjvm.so at 0xb68dc000
ECX=0x00000001 is an unknown value
EDX=0x71dc931c is pointing into the stack for thread: 0xb66a0800
ESP=0x71dc8aa0 is pointing into the stack for thread: 0xb66a0800
EBP=0x00000000 is an unknown value
ESI=0x00000000 is an unknown value
EDI=0x08bfe558 is an unknown value


Stack: [0x71d4a000,0x71dcb000],  sp=0x71dc8aa0,  free space=506k
Native frames: (J=compiled Java code, j=interpreted, Vv=VM code, C=native code)
V  [libjvm.so+0x2f312a]  PhaseIdealLoop::Dominators()+0x18a

[error occurred during error reporting (printing native stack), id 0xb]


Current CompileTask:
C2:  20596 100      java.io.StreamTokenizer.nextToken()I (1268 bytes)


---------------  P R O C E S S  ---------------

Java Threads: ( => current thread )
  0x5e206800 JavaThread "Java2D Disposer" daemon [_thread_blocked, id=9725, stack(0x5df34000,0x5df85000)]
  0x71a59000 JavaThread "Thread-1" [_thread_in_vm, id=9720, stack(0x6f106000,0x6f157000)]
  0xb66a4400 JavaThread "Low Memory Detector" daemon [_thread_blocked, id=9707, stack(0x71c78000,0x71cc9000)]
  0xb66a2800 JavaThread "C2 CompilerThread1" daemon [_thread_blocked, id=9706, stack(0x71cc9000,0x71d4a000)]
=>0xb66a0800 JavaThread "C2 CompilerThread0" daemon [_thread_in_native, id=9705, stack(0x71d4a000,0x71dcb000)]
  0xb669f400 JavaThread "Signal Dispatcher" daemon [_thread_blocked, id=9704, stack(0x71dcb000,0x71e1c000)]
  0xb668f800 JavaThread "Finalizer" daemon [_thread_in_native, id=9703, stack(0x7214d000,0x7219e000)]
  0xb668e000 JavaThread "Reference Handler" daemon [_thread_blocked, id=9702, stack(0x7219e000,0x721ef000)]
  0xb6605800 JavaThread "main" [_thread_in_Java, id=9697, stack(0xb675c000,0xb67ad000)]

Other Threads:
  0xb668a400 VMThread [stack: 0x721ef000,0x72270000] [id=9701]
  0xb66a6000 WatcherThread [stack: 0x71bf7000,0x71c78000] [id=9708]

VM state:not at safepoint (normal execution)

VM Mutex/Monitor currently owned by a thread: None

Heap
 PSYoungGen      total 56448K, used 42293K [0xa0710000, 0xa4470000, 0xb3510000)
  eden space 54080K, 78% used [0xa0710000,0xa305d510,0xa3be0000)
  from space 2368K, 0% used [0xa4220000,0xa4220000,0xa4470000)
  to   space 2368K, 0% used [0xa3fd0000,0xa3fd0000,0xa4220000)
 PSOldGen        total 108672K, used 50495K [0x7ab10000, 0x81530000, 0xa0710000)
  object space 108672K, 46% used [0x7ab10000,0x7dc5ff78,0x81530000)
 PSPermGen       total 16384K, used 7689K [0x72b10000, 0x73b10000, 0x7ab10000)
  object space 16384K, 46% used [0x72b10000,0x732925c8,0x73b10000)

Code Cache  [0xb35d9000, 0xb3819000, 0xb65d9000)
 total_blobs=408 nmethods=114 adapters=249 free_code_cache=49786944 largest_free_block=2368

Dynamic libraries:
08048000-08051000 r-xp 00000000 08:01 399016     /usr/lib/jvm/java-6-openjdk-i386/jre/bin/java
08051000-08052000 r--p 00008000 08:01 399016     /usr/lib/jvm/java-6-openjdk-i386/jre/bin/java
08052000-08053000 rw-p 00009000 08:01 399016     /usr/lib/jvm/java-6-openjdk-i386/jre/bin/java
08b41000-08d7b000 rw-p 00000000 00:00 0          [heap]
5dc4b000-5de06000 rw-p 00000000 00:00 0 
5de06000-5de07000 r--s 00000000 08:01 2634595    /var/cache/fontconfig/c05880de57d1f5e948fdfacc138775d9-le32d4.cache-3
5de07000-5de0d000 r--s 00000000 08:01 2627549    /var/cache/fontconfig/945677eb7aeaf62f1d50efc3fb3ec7d8-le32d4.cache-3
5de0d000-5de0f000 r--s 00000000 08:01 2634593    /var/cache/fontconfig/99e8ed0e538f840c565b6ed5dad60d56-le32d4.cache-3
5de0f000-5de15000 r--s 00000000 08:01 2634556    /var/cache/fontconfig/a6d8cf8e4ec09cdbc8633c31745a07dd-le32d4.cache-3
5de15000-5de18000 r--s 00000000 08:01 2633492    /var/cache/fontconfig/2cd17615ca594fa2959ae173292e504c-le32d4.cache-3
5de18000-5de19000 r--s 00000000 08:01 2631287    /var/cache/fontconfig/e7071f4a29fa870f4323321c154eba04-le32d4.cache-3
5de19000-5de1a000 r--s 00000000 08:01 2630965    /var/cache/fontconfig/0d8c3b2ac0904cb8a57a757ad11a4a08-le32d4.cache-3
5de1a000-5de1e000 r--s 00000000 08:01 2630956    /var/cache/fontconfig/a755afe4a08bf5b97852ceb7400b47bc-le32d4.cache-3
5de1e000-5de25000 r--s 00000000 08:01 2629238    /var/cache/fontconfig/6d41288fd70b0be22e8c3a91e032eec0-le32d4.cache-3
5de25000-5de30000 r--s 00000000 08:01 2627598    /var/cache/fontconfig/04aabc0a78ac019cf9454389977116d2-le32d4.cache-3
5de30000-5de33000 r--s 00000000 08:01 2627553    /var/cache/fontconfig/385c0604a188198f04d133e54aba7fe7-le32d4.cache-3
5de33000-5de34000 r--s 00000000 08:01 2627546    /var/cache/fontconfig/4794a0821666d79190d59a36cb4f44b5-le32d4.cache-3
5de34000-5de37000 r--s 00000000 08:01 2627544    /var/cache/fontconfig/8801497958630a81b71ace7c5f9b32a8-le32d4.cache-3
5de37000-5de59000 r--s 00000000 08:01 2636637    /var/cache/fontconfig/365b55f210c0a22e9a19e35191240f32-le32d4.cache-3
5de83000-5de84000 r--s 00000000 08:01 2634595    /var/cache/fontconfig/c05880de57d1f5e948fdfacc138775d9-le32d4.cache-3
5de84000-5de8a000 r--s 00000000 08:01 2627549    /var/cache/fontconfig/945677eb7aeaf62f1d50efc3fb3ec7d8-le32d4.cache-3
5de8a000-5de8c000 r--s 00000000 08:01 2634593    /var/cache/fontconfig/99e8ed0e538f840c565b6ed5dad60d56-le32d4.cache-3
5de8c000-5de92000 r--s 00000000 08:01 2634556    /var/cache/fontconfig/a6d8cf8e4ec09cdbc8633c31745a07dd-le32d4.cache-3
5de92000-5de95000 r--s 00000000 08:01 2633492    /var/cache/fontconfig/2cd17615ca594fa2959ae173292e504c-le32d4.cache-3
5de95000-5de96000 r--s 00000000 08:01 2631287    /var/cache/fontconfig/e7071f4a29fa870f4323321c154eba04-le32d4.cache-3
5de96000-5de97000 r--s 00000000 08:01 2630965    /var/cache/fontconfig/0d8c3b2ac0904cb8a57a757ad11a4a08-le32d4.cache-3
5de97000-5de9b000 r--s 00000000 08:01 2630956    /var/cache/fontconfig/a755afe4a08bf5b97852ceb7400b47bc-le32d4.cache-3
5de9b000-5dea2000 r--s 00000000 08:01 2629238    /var/cache/fontconfig/6d41288fd70b0be22e8c3a91e032eec0-le32d4.cache-3
5dea2000-5dead000 r--s 00000000 08:01 2627598    /var/cache/fontconfig/04aabc0a78ac019cf9454389977116d2-le32d4.cache-3
5dead000-5deb0000 r--s 00000000 08:01 2627553    /var/cache/fontconfig/385c0604a188198f04d133e54aba7fe7-le32d4.cache-3
5deb0000-5deb1000 r--s 00000000 08:01 2627546    /var/cache/fontconfig/4794a0821666d79190d59a36cb4f44b5-le32d4.cache-3
5deb1000-5deb4000 r--s 00000000 08:01 2627544    /var/cache/fontconfig/8801497958630a81b71ace7c5f9b32a8-le32d4.cache-3
5deb4000-5ded6000 r--s 00000000 08:01 2636637    /var/cache/fontconfig/365b55f210c0a22e9a19e35191240f32-le32d4.cache-3
5df33000-5df34000 rw-p 00000000 00:00 0 
5df34000-5df37000 ---p 00000000 00:00 0 
5df37000-5df85000 rwxp 00000000 00:00 0 
5df85000-5e01a000 r-xp 00000000 08:01 2494255    /usr/lib/i386-linux-gnu/libfreetype.so.6.8.0
5e01a000-5e01e000 r--p 00094000 08:01 2494255    /usr/lib/i386-linux-gnu/libfreetype.so.6.8.0
5e01e000-5e01f000 rw-p 00098000 08:01 2494255    /usr/lib/i386-linux-gnu/libfreetype.so.6.8.0
5e01f000-5e059000 r-xp 00000000 08:01 3546535    /usr/lib/jvm/java-6-openjdk-i386/jre/lib/i386/libfontmanager.so
5e059000-5e05a000 r--p 00039000 08:01 3546535    /usr/lib/jvm/java-6-openjdk-i386/jre/lib/i386/libfontmanager.so
5e05a000-5e05b000 rw-p 0003a000 08:01 3546535    /usr/lib/jvm/java-6-openjdk-i386/jre/lib/i386/libfontmanager.so
5e05b000-5e07a000 r-xp 00000000 08:01 2494675    /usr/lib/i386-linux-gnu/libxcb.so.1.1.0
5e07a000-5e07b000 r--p 0001f000 08:01 2494675    /usr/lib/i386-linux-gnu/libxcb.so.1.1.0
5e07b000-5e07c000 rw-p 00020000 08:01 2494675    /usr/lib/i386-linux-gnu/libxcb.so.1.1.0
5e07c000-5e1ac000 r-xp 00000000 08:01 2496212    /usr/lib/i386-linux-gnu/libX11.so.6.3.0
5e1ac000-5e1ad000 r--p 0012f000 08:01 2496212    /usr/lib/i386-linux-gnu/libX11.so.6.3.0
5e1ad000-5e1af000 rw-p 00130000 08:01 2496212    /usr/lib/i386-linux-gnu/libX11.so.6.3.0
5e1af000-5e1b0000 rw-p 00000000 00:00 0 
5e1b0000-5e1fc000 r-xp 00000000 08:01 399061     /usr/lib/jvm/java-6-openjdk-i386/jre/lib/i386/xawt/libmawt.so
5e1fc000-5e1fd000 r--p 0004b000 08:01 399061     /usr/lib/jvm/java-6-openjdk-i386/jre/lib/i386/xawt/libmawt.so
5e1fd000-5e1ff000 rw-p 0004c000 08:01 399061     /usr/lib/jvm/java-6-openjdk-i386/jre/lib/i386/xawt/libmawt.so
5e1ff000-5e200000 rw-p 00000000 00:00 0 
5e200000-5e29e000 rw-p 00000000 00:00 0 
5e29e000-5e300000 ---p 00000000 00:00 0 
5e313000-5e3a6000 r-xp 00000000 08:01 3546533    /usr/lib/jvm/java-6-openjdk-i386/jre/lib/i386/libawt.so
5e3a6000-5e3a7000 r--p 00092000 08:01 3546533    /usr/lib/jvm/java-6-openjdk-i386/jre/lib/i386/libawt.so
5e3a7000-5e3ae000 rw-p 00093000 08:01 3546533    /usr/lib/jvm/java-6-openjdk-i386/jre/lib/i386/libawt.so
5e3ae000-5e500000 rw-p 00000000 00:00 0 
5e500000-5e5fc000 rw-p 00000000 00:00 0 
5e5fc000-5e600000 ---p 00000000 00:00 0 
5e600000-5e693000 rw-p 00000000 00:00 0 
5e693000-5e700000 ---p 00000000 00:00 0 
5e700000-5e7f7000 rw-p 00000000 00:00 0 
5e7f7000-5e800000 ---p 00000000 00:00 0 
5e81d000-5ef00000 rw-p 00000000 00:00 0 
5ef00000-5f000000 rw-p 00000000 00:00 0 
5f000000-5f40a000 rw-p 00000000 00:00 0 
5f40a000-61500000 r--s 00000000 00:12 16819      /run/shm/9711_045e.02ae@1.6_Image
61500000-6159c000 rw-p 00000000 00:00 0 
6159c000-61600000 ---p 00000000 00:00 0 
6161e000-61700000 rw-p 00000000 00:00 0 
61700000-617ff000 rw-p 00000000 00:00 0 
617ff000-61800000 ---p 00000000 00:00 0 
61800000-61900000 rw-p 00000000 00:00 0 
61900000-61aff000 rw-p 00000000 00:00 0 
61aff000-61b00000 ---p 00000000 00:00 0 
61b00000-61d00000 rw-p 00000000 00:00 0 
61d00000-61f00000 rw-p 00000000 00:00 0 
61f00000-62100000 rw-p 00000000 00:00 0 
62100000-62300000 rw-p 00000000 00:00 0 
62300000-62500000 rw-p 00000000 00:00 0 
62500000-62700000 rw-p 00000000 00:00 0 
62700000-62900000 rw-p 00000000 00:00 0 
62900000-62b00000 rw-p 00000000 00:00 0 
62b00000-62d00000 rw-p 00000000 00:00 0 
62d00000-62f00000 rw-p 00000000 00:00 0 
62f00000-63100000 rw-p 00000000 00:00 0 
63100000-63300000 rw-p 00000000 00:00 0 
63300000-63500000 rw-p 00000000 00:00 0 
63500000-63700000 rw-p 00000000 00:00 0 
63700000-63900000 rw-p 00000000 00:00 0 
63900000-63b00000 rw-p 00000000 00:00 0 
63b00000-63d00000 rw-p 00000000 00:00 0 
63d00000-63f00000 rw-p 00000000 00:00 0 
63f00000-64100000 rw-p 00000000 00:00 0 
64100000-64300000 rw-p 00000000 00:00 0 
64300000-64500000 rw-p 00000000 00:00 0 
64500000-64700000 rw-p 00000000 00:00 0 
64700000-64900000 rw-p 00000000 00:00 0 
64900000-64b00000 rw-p 00000000 00:00 0 
64b00000-64d00000 rw-p 00000000 00:00 0 
64d00000-64f00000 rw-p 00000000 00:00 0 
64f00000-65100000 rw-p 00000000 00:00 0 
65100000-65200000 rw-p 00000000 00:00 0 
6520e000-6b600000 rw-p 00000000 00:00 0 
6b600000-6b700000 rw-p 00000000 00:00 0 
6b720000-6c100000 rw-p 00000000 00:00 0 
6c100000-6c1ec000 rw-p 00000000 00:00 0 
6c1ec000-6c200000 ---p 00000000 00:00 0 
6c200000-6c300000 rw-p 00000000 00:00 0 
6c300000-6c400000 rw-p 00000000 00:00 0 
6c401000-6c405000 r--s 00000000 08:01 2627529    /var/cache/fontconfig/3047814df9a2f067bd2d96a2b9c36e5a-le32d4.cache-3
6c405000-6c600000 rw-p 00000000 00:00 0 
6c600000-6c800000 rw-p 00000000 00:00 0 
6c800000-6c900000 rw-p 00000000 00:00 0 
6c901000-6c905000 r--s 00000000 08:01 2625470    /var/cache/fontconfig/b47c4e1ecd0709278f4910c18777a504-le32d4.cache-3
6c905000-6c90b000 r--s 00000000 08:01 2625469    /var/cache/fontconfig/52f7bdb7ce746bfd7eaa1985bd9cfa93-le32d4.cache-3
6c90b000-6ca00000 rw-p 00000000 00:00 0 
6ca00000-6cafa000 rw-p 00000000 00:00 0 
6cafa000-6cb00000 ---p 00000000 00:00 0 
6cb01000-6cb0e000 r--s 00000000 08:01 2625468    /var/cache/fontconfig/d52a8644073d54c13679302ca1180695-le32d4.cache-3
6cb0e000-6dbe3000 rw-p 00000000 00:00 0 
6dbe3000-6df67000 r--s 00000000 00:12 16818      /run/shm/9711_045e.02ae@1.6_Depth
6df67000-6dffe000 rw-p 00000000 00:00 0 
6dffe000-6dfff000 ---p 00000000 00:00 0 
6dfff000-6e7ff000 rwxp 00000000 00:00 0 
6e7ff000-6ec00000 rw-p 00000000 00:00 0 
6ec00000-6ecfe000 rw-p 00000000 00:00 0 
6ecfe000-6ed00000 ---p 00000000 00:00 0 
6ed01000-6ed05000 r--s 00000000 08:01 2625467    /var/cache/fontconfig/3f7329c5293ffd510edef78f73874cfd-le32d4.cache-3
6ed05000-6ed0d000 r--s 00000000 08:01 2636635    /var/cache/fontconfig/e13b20fdb08344e0e664864cc2ede53d-le32d4.cache-3
6ed0d000-6ed1b000 r-xp 00000000 08:01 2495938    /usr/lib/i386-linux-gnu/libXi.so.6.1.0
6ed1b000-6ed1c000 r--p 0000d000 08:01 2495938    /usr/lib/i386-linux-gnu/libXi.so.6.1.0
6ed1c000-6ed1d000 rw-p 0000e000 08:01 2495938    /usr/lib/i386-linux-gnu/libXi.so.6.1.0
6ed1d000-6ee00000 rw-p 00000000 00:00 0 
6ee00000-6eefe000 rw-p 00000000 00:00 0 
6eefe000-6ef00000 ---p 00000000 00:00 0 
6ef03000-6ef07000 r--s 00000000 08:01 2627529    /var/cache/fontconfig/3047814df9a2f067bd2d96a2b9c36e5a-le32d4.cache-3
6ef07000-6ef0c000 r-xp 00000000 08:01 2494268    /usr/lib/i386-linux-gnu/libXdmcp.so.6.0.0
6ef0c000-6ef0d000 r--p 00004000 08:01 2494268    /usr/lib/i386-linux-gnu/libXdmcp.so.6.0.0
6ef0d000-6ef0e000 rw-p 00005000 08:01 2494268    /usr/lib/i386-linux-gnu/libXdmcp.so.6.0.0
6ef0e000-6ef13000 r-xp 00000000 08:01 2493856    /usr/lib/i386-linux-gnu/libXtst.so.6.1.0
6ef13000-6ef14000 r--p 00004000 08:01 2493856    /usr/lib/i386-linux-gnu/libXtst.so.6.1.0
6ef14000-6ef15000 rw-p 00005000 08:01 2493856    /usr/lib/i386-linux-gnu/libXtst.so.6.1.0
6ef15000-6f000000 rw-p 00000000 00:00 0 
6f000000-6f100000 rw-p 00000000 00:00 0 
6f100000-6f101000 r--s 00000000 08:01 2625472    /var/cache/fontconfig/56cf4f4769d0f4abc89a4895d7bd3ae1-le32d4.cache-3
6f101000-6f102000 r--s 00000000 08:01 2625471    /var/cache/fontconfig/b9d506c9ac06c20b433354fa67a72993-le32d4.cache-3
6f102000-6f106000 r--s 00000000 08:01 2625470    /var/cache/fontconfig/b47c4e1ecd0709278f4910c18777a504-le32d4.cache-3
6f106000-6f109000 ---p 00000000 00:00 0 
6f109000-6f157000 rwxp 00000000 00:00 0 
6f157000-6f400000 rw-p 00000000 00:00 0 
6f400000-6f5ff000 rw-p 00000000 00:00 0 
6f5ff000-6f600000 ---p 00000000 00:00 0 
6f600000-6f6fe000 rw-p 00000000 00:00 0 
6f6fe000-6f700000 ---p 00000000 00:00 0 
6f700000-6f800000 rw-p 00000000 00:00 0 
6f800000-6f8fd000 rw-p 00000000 00:00 0 
6f8fd000-6f900000 ---p 00000000 00:00 0 
6f900000-6f906000 r--s 00000000 08:01 2625469    /var/cache/fontconfig/52f7bdb7ce746bfd7eaa1985bd9cfa93-le32d4.cache-3
6f906000-6f90e000 r-xp 00000000 08:01 2494682    /usr/lib/i386-linux-gnu/libXrender.so.1.3.0
6f90e000-6f90f000 r--p 00007000 08:01 2494682    /usr/lib/i386-linux-gnu/libXrender.so.1.3.0
6f90f000-6f910000 rw-p 00008000 08:01 2494682    /usr/lib/i386-linux-gnu/libXrender.so.1.3.0
6f910000-6f920000 r-xp 00000000 08:01 2504459    /usr/lib/i386-linux-gnu/libXext.so.6.4.0
6f920000-6f921000 r--p 0000f000 08:01 2504459    /usr/lib/i386-linux-gnu/libXext.so.6.4.0
6f921000-6f922000 rw-p 00010000 08:01 2504459    /usr/lib/i386-linux-gnu/libXext.so.6.4.0
6f922000-6f96e000 rw-p 00000000 00:00 0 
6f96e000-6fcf2000 r--s 00000000 00:12 16818      /run/shm/9711_045e.02ae@1.6_Depth
6fcf2000-6fd89000 rw-p 00000000 00:00 0 
6fd89000-6fd8a000 ---p 00000000 00:00 0 
6fd8a000-7058a000 rwxp 00000000 00:00 0 
7058a000-7098b000 rw-p 00000000 00:00 0 
7098b000-70a17000 r-xp 00000000 08:01 2504881    /usr/lib/libXnDeviceSensorV2KM.so
70a17000-70a20000 r--p 0008b000 08:01 2504881    /usr/lib/libXnDeviceSensorV2KM.so
70a20000-70a21000 rw-p 00094000 08:01 2504881    /usr/lib/libXnDeviceSensorV2KM.so
70a21000-70a4d000 r-xp 00000000 08:01 2504355    /usr/lib/libXnDeviceFile.so
70a4d000-70a4e000 ---p 0002c000 08:01 2504355    /usr/lib/libXnDeviceFile.so
70a4e000-70a4f000 r--p 0002c000 08:01 2504355    /usr/lib/libXnDeviceFile.so
70a4f000-70a50000 rw-p 0002d000 08:01 2504355    /usr/lib/libXnDeviceFile.so
70a50000-70aa2000 r-xp 00000000 08:01 2504354    /usr/lib/libXnDDK.so
70aa2000-70aa3000 ---p 00052000 08:01 2504354    /usr/lib/libXnDDK.so
70aa3000-70aa5000 r--p 00052000 08:01 2504354    /usr/lib/libXnDDK.so
70aa5000-70aa6000 rw-p 00054000 08:01 2504354    /usr/lib/libXnDDK.so
70aa6000-70ac9000 r-xp 00000000 08:01 2504357    /usr/lib/libXnFormats.so
70ac9000-70aca000 r--p 00022000 08:01 2504357    /usr/lib/libXnFormats.so
70aca000-70acb000 rw-p 00023000 08:01 2504357    /usr/lib/libXnFormats.so
70acb000-70aeb000 rw-p 00000000 00:00 0 
70aeb000-70aee000 r-xp 00000000 08:01 2504353    /usr/lib/libXnCore.so
70aee000-70aef000 r--p 00002000 08:01 2504353    /usr/lib/libXnCore.so
70aef000-70af0000 rw-p 00003000 08:01 2504353    /usr/lib/libXnCore.so
70af0000-70b89000 r-xp 00000000 08:01 2504356    /usr/lib/libXnDeviceSensorV2.so
70b89000-70b92000 r--p 00098000 08:01 2504356    /usr/lib/libXnDeviceSensorV2.so
70b92000-70b93000 rw-p 000a1000 08:01 2504356    /usr/lib/libXnDeviceSensorV2.so
70b93000-70c76000 r-xp 00000000 08:01 2504285    /usr/lib/libXnVHandGenerator_1_5_2.so
70c76000-70c79000 r--p 000e3000 08:01 2504285    /usr/lib/libXnVHandGenerator_1_5_2.so
70c79000-70c7a000 rw-p 000e6000 08:01 2504285    /usr/lib/libXnVHandGenerator_1_5_2.so
70c7a000-70c86000 rw-p 00000000 00:00 0 
70c86000-70d5b000 r-xp 00000000 08:01 2504282    /usr/lib/libXnVHandGenerator_1_4_2.so
70d5b000-70d5c000 ---p 000d5000 08:01 2504282    /usr/lib/libXnVHandGenerator_1_4_2.so
70d5c000-70d5e000 r--p 000d5000 08:01 2504282    /usr/lib/libXnVHandGenerator_1_4_2.so
70d5e000-70d5f000 rw-p 000d7000 08:01 2504282    /usr/lib/libXnVHandGenerator_1_4_2.so
70d5f000-70d61000 rw-p 00000000 00:00 0 
70d61000-70e35000 r-xp 00000000 08:01 2504279    /usr/lib/libXnVHandGenerator_1_4_1.so
70e35000-70e36000 ---p 000d4000 08:01 2504279    /usr/lib/libXnVHandGenerator_1_4_1.so
70e36000-70e38000 r--p 000d4000 08:01 2504279    /usr/lib/libXnVHandGenerator_1_4_1.so
70e38000-70e39000 rw-p 000d6000 08:01 2504279    /usr/lib/libXnVHandGenerator_1_4_1.so
70e39000-70e3b000 rw-p 00000000 00:00 0 
70e3b000-70f19000 r-xp 00000000 08:01 2504275    /usr/lib/libXnVHandGenerator_1_3_1.so
70f19000-70f1c000 r--p 000dd000 08:01 2504275    /usr/lib/libXnVHandGenerator_1_3_1.so
70f1c000-70f1d000 rw-p 000e0000 08:01 2504275    /usr/lib/libXnVHandGenerator_1_3_1.so
70f1d000-70f1f000 rw-p 00000000 00:00 0 
70f1f000-71320000 r-xp 00000000 08:01 2504268    /usr/lib/libXnVFeatures_1_5_2.so
71320000-71321000 ---p 00401000 08:01 2504268    /usr/lib/libXnVFeatures_1_5_2.so
71321000-71329000 r--p 00401000 08:01 2504268    /usr/lib/libXnVFeatures_1_5_2.so
71329000-7132a000 rw-p 00409000 08:01 2504268    /usr/lib/libXnVFeatures_1_5_2.so
7132a000-7133e000 rw-p 00000000 00:00 0 
7133e000-71525000 r-xp 00000000 08:01 2504257    /usr/lib/libXnVFeatures_1_4_2.so
71525000-71528000 r--p 001e6000 08:01 2504257    /usr/lib/libXnVFeatures_1_4_2.so
71528000-71529000 rw-p 001e9000 08:01 2504257    /usr/lib/libXnVFeatures_1_4_2.so
71529000-7152e000 rw-p 00000000 00:00 0 
7152e000-71715000 r-xp 00000000 08:01 2504252    /usr/lib/libXnVFeatures_1_4_1.so
71715000-71718000 r--p 001e6000 08:01 2504252    /usr/lib/libXnVFeatures_1_4_1.so
71718000-71719000 rw-p 001e9000 08:01 2504252    /usr/lib/libXnVFeatures_1_4_1.so
71719000-7171e000 rw-p 00000000 00:00 0 
7171e000-7193c000 r-xp 00000000 08:01 2504247    /usr/lib/libXnVFeatures_1_3_1.so
7193c000-7193d000 ---p 0021e000 08:01 2504247    /usr/lib/libXnVFeatures_1_3_1.so
7193d000-71940000 r--p 0021e000 08:01 2504247    /usr/lib/libXnVFeatures_1_3_1.so
71940000-71941000 rw-p 00221000 08:01 2504247    /usr/lib/libXnVFeatures_1_3_1.so
71941000-71946000 rw-p 00000000 00:00 0 
71946000-7196b000 r-xp 00000000 08:01 2503957    /usr/lib/libnimRecorder.so
7196b000-7196c000 r--p 00025000 08:01 2503957    /usr/lib/libnimRecorder.so
7196c000-7196d000 rw-p 00026000 08:01 2503957    /usr/lib/libnimRecorder.so
7196d000-719a2000 r-xp 00000000 08:01 2503954    /usr/lib/libnimCodecs.so
719a2000-719a4000 r--p 00035000 08:01 2503954    /usr/lib/libnimCodecs.so
719a4000-719a5000 rw-p 00037000 08:01 2503954    /usr/lib/libnimCodecs.so
719a5000-719c5000 rw-p 00000000 00:00 0 
719c5000-719f8000 r-xp 00000000 08:01 2503956    /usr/lib/libnimMockNodes.so
719f8000-719ff000 r--p 00032000 08:01 2503956    /usr/lib/libnimMockNodes.so
719ff000-71a00000 rw-p 00039000 08:01 2503956    /usr/lib/libnimMockNodes.so
71a00000-71af4000 rw-p 00000000 00:00 0 
71af4000-71b00000 ---p 00000000 00:00 0 
71b00000-71b02000 r-xp 00000000 08:01 2494262    /usr/lib/i386-linux-gnu/libXau.so.6.0.0
71b02000-71b03000 r--p 00001000 08:01 2494262    /usr/lib/i386-linux-gnu/libXau.so.6.0.0
71b03000-71b04000 rw-p 00002000 08:01 2494262    /usr/lib/i386-linux-gnu/libXau.so.6.0.0
71b04000-71b12000 r-xp 00000000 08:01 1703979    /lib/i386-linux-gnu/libusb-1.0.so.0.1.0
71b12000-71b13000 r--p 0000d000 08:01 1703979    /lib/i386-linux-gnu/libusb-1.0.so.0.1.0
71b13000-71b14000 rw-p 0000e000 08:01 1703979    /lib/i386-linux-gnu/libusb-1.0.so.0.1.0
71b14000-71b9a000 r-xp 00000000 08:01 2503960    /usr/lib/libOpenNI.so
71b9a000-71b9c000 r--p 00085000 08:01 2503960    /usr/lib/libOpenNI.so
71b9c000-71b9e000 rw-p 00087000 08:01 2503960    /usr/lib/libOpenNI.so
71b9e000-71bbe000 r-xp 00000000 08:01 2503959    /usr/lib/libOpenNI.jni.so
71bbe000-71bbf000 r--p 0001f000 08:01 2503959    /usr/lib/libOpenNI.jni.so
71bbf000-71bc1000 rw-p 00020000 08:01 2503959    /usr/lib/libOpenNI.jni.so
71bc1000-71bc6000 r-xp 00000000 08:01 2494804    /usr/lib/i386-linux-gnu/libusbpp-0.1.so.4.4.4
71bc6000-71bc7000 r--p 00004000 08:01 2494804    /usr/lib/i386-linux-gnu/libusbpp-0.1.so.4.4.4
71bc7000-71bc8000 rw-p 00005000 08:01 2494804    /usr/lib/i386-linux-gnu/libusbpp-0.1.so.4.4.4
71bc8000-71bcf000 r-xp 00000000 08:01 1704027    /lib/i386-linux-gnu/libusb-0.1.so.4.4.4
71bcf000-71bd0000 r--p 00006000 08:01 1704027    /lib/i386-linux-gnu/libusb-0.1.so.4.4.4
71bd0000-71bd1000 rw-p 00007000 08:01 1704027    /lib/i386-linux-gnu/libusb-0.1.so.4.4.4
71bd1000-71bd2000 rw-p 00000000 00:00 0 
71bd2000-71bd5000 r--s 00000000 08:01 2630111    /var/cache/fontconfig/7ef2298fde41cc6eeb7af42e48b7d293-le32d4.cache-3
71bd5000-71be2000 r--s 00000000 08:01 2625468    /var/cache/fontconfig/d52a8644073d54c13679302ca1180695-le32d4.cache-3
71be2000-71be6000 r--s 00000000 08:01 2625467    /var/cache/fontconfig/3f7329c5293ffd510edef78f73874cfd-le32d4.cache-3
71be6000-71bee000 r--s 00000000 08:01 2636635    /var/cache/fontconfig/e13b20fdb08344e0e664864cc2ede53d-le32d4.cache-3
71bee000-71bf6000 r-xp 00000000 08:01 269300     /usr/lib/libusbJava.so.0.2.4
71bf6000-71bf7000 rw-p 00007000 08:01 269300     /usr/lib/libusbJava.so.0.2.4
71bf7000-71bf8000 ---p 00000000 00:00 0 
71bf8000-71cc9000 rwxp 00000000 00:00 0 
71cc9000-71cca000 ---p 00000000 00:00 0 
71cca000-71d4a000 rwxp 00000000 00:00 0 
71d4a000-71d4b000 ---p 00000000 00:00 0 
71d4b000-71e1c000 rwxp 00000000 00:00 0 
71e1c000-71f4d000 r--p 002c8000 08:01 2490495    /usr/lib/locale/locale-archive
71f4d000-7214d000 r--p 00000000 08:01 2490495    /usr/lib/locale/locale-archive
7214d000-721ef000 rwxp 00000000 00:00 0 
721ef000-721f0000 ---p 00000000 00:00 0 
721f0000-72270000 rwxp 00000000 00:00 0 
72270000-72400000 r--s 037ba000 08:01 3546529    /usr/lib/jvm/java-6-openjdk-i386/jre/lib/rt.jar
72400000-724fb000 rw-p 00000000 00:00 0 
724fb000-72500000 ---p 00000000 00:00 0 
72500000-72501000 r--s 00000000 08:01 2625472    /var/cache/fontconfig/56cf4f4769d0f4abc89a4895d7bd3ae1-le32d4.cache-3
72501000-72502000 r--s 00000000 08:01 2625471    /var/cache/fontconfig/b9d506c9ac06c20b433354fa67a72993-le32d4.cache-3
72502000-72509000 r--s 000fb000 08:01 3546516    /usr/lib/jvm/java-6-openjdk-common/jre/lib/resources.jar
72509000-7251e000 r-xp 00000000 08:01 3546552    /usr/lib/jvm/java-6-openjdk-i386/jre/lib/i386/libnet.so
7251e000-7251f000 r--p 00014000 08:01 3546552    /usr/lib/jvm/java-6-openjdk-i386/jre/lib/i386/libnet.so
7251f000-72520000 rw-p 00015000 08:01 3546552    /usr/lib/jvm/java-6-openjdk-i386/jre/lib/i386/libnet.so
72520000-7253e000 r--s 0024d000 08:01 396677     /home/norut/workspace/CommModule4.0/lib/KinectLibrary.jar
7253e000-7254c000 r--s 00193000 08:01 396977     /home/norut/workspace/CommModule4.0/lib/j3dutils.jar
7254c000-7257f000 rw-p 00000000 00:00 0 
7257f000-72580000 ---p 00000000 00:00 0 
72580000-72600000 rwxp 00000000 00:00 0 
72600000-726fe000 rw-p 00000000 00:00 0 
726fe000-72700000 ---p 00000000 00:00 0 
72700000-72703000 r--s 00000000 08:01 2630111    /var/cache/fontconfig/7ef2298fde41cc6eeb7af42e48b7d293-le32d4.cache-3
72703000-72705000 r--s 0004c000 08:01 396999     /home/norut/workspace/CommModule4.0/lib/vecmath.jar
72705000-72711000 r--s 002c7000 08:01 396695     /home/norut/workspace/CommModule4.0/lib/j3dcore.jar
72711000-72715000 r--s 000fc000 08:01 396686     /home/norut/workspace/CommModule4.0/lib/NoninLibrary.jar
72715000-72718000 r--s 00012000 08:01 396691     /home/norut/workspace/CommModule4.0/lib/IRGlanceLibrary.jar
72718000-7271b000 r--s 00011000 08:01 396693     /home/norut/workspace/CommModule4.0/lib/wii-gee-plugin-wiimote-android_fat.jar
7271b000-7271c000 ---p 00000000 00:00 0 
7271c000-7279c000 rwxp 00000000 00:00 0 
7279c000-727a4000 rw-p 00000000 00:00 0 
727a4000-727dc000 rw-p 00000000 00:00 0 
727dc000-72812000 rw-p 00000000 00:00 0 
72812000-7290a000 rw-p 00000000 00:00 0 
7290a000-72912000 rw-p 00000000 00:00 0 
72912000-7294a000 rw-p 00000000 00:00 0 
7294a000-72980000 rw-p 00000000 00:00 0 
72980000-72a78000 rw-p 00000000 00:00 0 
72a78000-72a97000 rw-p 00000000 00:00 0 
72a97000-72b0f000 rw-p 00000000 00:00 0 
72b0f000-73b10000 rw-p 00000000 00:00 0 
73b10000-7ab10000 rw-p 00000000 00:00 0 
7ab10000-81530000 rw-p 00000000 00:00 0 
81530000-a0710000 rw-p 00000000 00:00 0 
a0710000-a4470000 rw-p 00000000 00:00 0 
a4470000-b3510000 rw-p 00000000 00:00 0 
b3510000-b3511000 rw-s 00000000 00:12 17431      /run/shm/045e.02ae@1.6-SM (deleted)
b3511000-b3514000 r--s 0007d000 08:01 3546513    /usr/lib/jvm/java-6-openjdk-common/jre/lib/jsse.jar
b3514000-b3519000 r--s 0009b000 08:01 396685     /home/norut/workspace/CommModule4.0/lib/WiiboardSimple2.0.jar
b3519000-b3522000 rw-p 00000000 00:00 0 
b3522000-b35d9000 rw-p 00000000 00:00 0 
b35d9000-b3819000 rwxp 00000000 00:00 0 
b3819000-b65d9000 rw-p 00000000 00:00 0 
b65d9000-b65e4000 r-xp 00000000 08:01 1718823    /lib/i386-linux-gnu/libnss_files-2.15.so
b65e4000-b65e5000 r--p 0000a000 08:01 1718823    /lib/i386-linux-gnu/libnss_files-2.15.so
b65e5000-b65e6000 rw-p 0000b000 08:01 1718823    /lib/i386-linux-gnu/libnss_files-2.15.so
b65e6000-b65fc000 r-xp 00000000 08:01 1718820    /lib/i386-linux-gnu/libnsl-2.15.so
b65fc000-b65fd000 r--p 00015000 08:01 1718820    /lib/i386-linux-gnu/libnsl-2.15.so
b65fd000-b65fe000 rw-p 00016000 08:01 1718820    /lib/i386-linux-gnu/libnsl-2.15.so
b65fe000-b6600000 rw-p 00000000 00:00 0 
b6600000-b66ff000 rw-p 00000000 00:00 0 
b66ff000-b6700000 ---p 00000000 00:00 0 
b6700000-b6702000 r--s 00001000 08:01 3546504    /usr/lib/jvm/java-6-openjdk-common/jre/lib/ext/dnsns.jar
b6702000-b670c000 r-xp 00000000 08:01 1718825    /lib/i386-linux-gnu/libnss_nis-2.15.so
b670c000-b670d000 r--p 00009000 08:01 1718825    /lib/i386-linux-gnu/libnss_nis-2.15.so
b670d000-b670e000 rw-p 0000a000 08:01 1718825    /lib/i386-linux-gnu/libnss_nis-2.15.so
b670e000-b670f000 r--s 00007000 08:01 2886125    /usr/share/java/java-atk-wrapper.jar
b670f000-b6712000 r--s 00031000 08:01 3546506    /usr/lib/jvm/java-6-openjdk-common/jre/lib/ext/sunjce_provider.jar
b6712000-b6715000 r--s 00077000 08:01 3546505    /usr/lib/jvm/java-6-openjdk-common/jre/lib/ext/localedata.jar
b6715000-b6719000 r--s 00038000 08:01 3546503    /usr/lib/jvm/java-6-openjdk-common/jre/lib/ext/sunpkcs11.jar
b6719000-b6720000 r-xp 00000000 08:01 3546559    /usr/lib/jvm/java-6-openjdk-i386/jre/lib/i386/libzip.so
b6720000-b6721000 r--p 00006000 08:01 3546559    /usr/lib/jvm/java-6-openjdk-i386/jre/lib/i386/libzip.so
b6721000-b6722000 rw-p 00007000 08:01 3546559    /usr/lib/jvm/java-6-openjdk-i386/jre/lib/i386/libzip.so
b6722000-b672a000 rw-s 00000000 08:01 1573327    /tmp/hsperfdata_root/9692
b672a000-b6750000 r-xp 00000000 08:01 3546542    /usr/lib/jvm/java-6-openjdk-i386/jre/lib/i386/libjava.so
b6750000-b6751000 r--p 00025000 08:01 3546542    /usr/lib/jvm/java-6-openjdk-i386/jre/lib/i386/libjava.so
b6751000-b6753000 rw-p 00026000 08:01 3546542    /usr/lib/jvm/java-6-openjdk-i386/jre/lib/i386/libjava.so
b6753000-b675a000 r-xp 00000000 08:01 1718830    /lib/i386-linux-gnu/librt-2.15.so
b675a000-b675b000 r--p 00006000 08:01 1718830    /lib/i386-linux-gnu/librt-2.15.so
b675b000-b675c000 rw-p 00007000 08:01 1718830    /lib/i386-linux-gnu/librt-2.15.so
b675c000-b675d000 ---p 00000000 00:00 0 
b675d000-b67ad000 rwxp 00000000 00:00 0 
b67ad000-b67c9000 r-xp 00000000 08:01 1704088    /lib/i386-linux-gnu/libgcc_s.so.1
b67c9000-b67ca000 r--p 0001b000 08:01 1704088    /lib/i386-linux-gnu/libgcc_s.so.1
b67ca000-b67cb000 rw-p 0001c000 08:01 1704088    /lib/i386-linux-gnu/libgcc_s.so.1
b67cb000-b67f5000 r-xp 00000000 08:01 1718818    /lib/i386-linux-gnu/libm-2.15.so
b67f5000-b67f6000 r--p 00029000 08:01 1718818    /lib/i386-linux-gnu/libm-2.15.so
b67f6000-b67f7000 rw-p 0002a000 08:01 1718818    /lib/i386-linux-gnu/libm-2.15.so
b67f7000-b68cf000 r-xp 00000000 08:01 2490721    /usr/lib/i386-linux-gnu/libstdc++.so.6.0.16
b68cf000-b68d0000 ---p 000d8000 08:01 2490721    /usr/lib/i386-linux-gnu/libstdc++.so.6.0.16
b68d0000-b68d4000 r--p 000d8000 08:01 2490721    /usr/lib/i386-linux-gnu/libstdc++.so.6.0.16
b68d4000-b68d5000 rw-p 000dc000 08:01 2490721    /usr/lib/i386-linux-gnu/libstdc++.so.6.0.16
b68d5000-b68dc000 rw-p 00000000 00:00 0 
b68dc000-b70fa000 r-xp 00000000 08:01 141902     /usr/lib/jvm/java-6-openjdk-i386/jre/lib/i386/server/libjvm.so
b70fa000-b713f000 r--p 0081e000 08:01 141902     /usr/lib/jvm/java-6-openjdk-i386/jre/lib/i386/server/libjvm.so
b713f000-b714e000 rw-p 00863000 08:01 141902     /usr/lib/jvm/java-6-openjdk-i386/jre/lib/i386/server/libjvm.so
b714e000-b756a000 rw-p 00000000 00:00 0 
b756a000-b757e000 r-xp 00000000 08:01 1703956    /lib/i386-linux-gnu/libz.so.1.2.3.4
b757e000-b757f000 r--p 00013000 08:01 1703956    /lib/i386-linux-gnu/libz.so.1.2.3.4
b757f000-b7580000 rw-p 00014000 08:01 1703956    /lib/i386-linux-gnu/libz.so.1.2.3.4
b7580000-b771f000 r-xp 00000000 08:01 1718814    /lib/i386-linux-gnu/libc-2.15.so
b771f000-b7721000 r--p 0019f000 08:01 1718814    /lib/i386-linux-gnu/libc-2.15.so
b7721000-b7722000 rw-p 001a1000 08:01 1718814    /lib/i386-linux-gnu/libc-2.15.so
b7722000-b7725000 rw-p 00000000 00:00 0 
b7725000-b7728000 r-xp 00000000 08:01 1718817    /lib/i386-linux-gnu/libdl-2.15.so
b7728000-b7729000 r--p 00002000 08:01 1718817    /lib/i386-linux-gnu/libdl-2.15.so
b7729000-b772a000 rw-p 00003000 08:01 1718817    /lib/i386-linux-gnu/libdl-2.15.so
b772a000-b772e000 r-xp 00000000 08:01 141897     /usr/lib/jvm/java-6-openjdk-i386/jre/lib/i386/jli/libjli.so
b772e000-b772f000 r--p 00003000 08:01 141897     /usr/lib/jvm/java-6-openjdk-i386/jre/lib/i386/jli/libjli.so
b772f000-b7730000 rw-p 00004000 08:01 141897     /usr/lib/jvm/java-6-openjdk-i386/jre/lib/i386/jli/libjli.so
b7730000-b7731000 rw-p 00000000 00:00 0 
b7731000-b7748000 r-xp 00000000 08:01 1718828    /lib/i386-linux-gnu/libpthread-2.15.so
b7748000-b7749000 r--p 00016000 08:01 1718828    /lib/i386-linux-gnu/libpthread-2.15.so
b7749000-b774a000 rw-p 00017000 08:01 1718828    /lib/i386-linux-gnu/libpthread-2.15.so
b774a000-b774c000 rw-p 00000000 00:00 0 
b774c000-b774e000 r--s 0000f000 08:01 3546507    /usr/lib/jvm/java-6-openjdk-common/jre/lib/ext/pulse-java.jar
b774e000-b774f000 r--p 00545000 08:01 2490495    /usr/lib/locale/locale-archive
b774f000-b7756000 r-xp 00000000 08:01 1718821    /lib/i386-linux-gnu/libnss_compat-2.15.so
b7756000-b7757000 r--p 00006000 08:01 1718821    /lib/i386-linux-gnu/libnss_compat-2.15.so
b7757000-b7758000 rw-p 00007000 08:01 1718821    /lib/i386-linux-gnu/libnss_compat-2.15.so
b7758000-b7759000 rw-p 00000000 00:00 0 
b7759000-b775a000 r--p 00000000 00:00 0 
b775a000-b7765000 r-xp 00000000 08:01 3546558    /usr/lib/jvm/java-6-openjdk-i386/jre/lib/i386/libverify.so
b7765000-b7766000 ---p 0000b000 08:01 3546558    /usr/lib/jvm/java-6-openjdk-i386/jre/lib/i386/libverify.so
b7766000-b7767000 r--p 0000b000 08:01 3546558    /usr/lib/jvm/java-6-openjdk-i386/jre/lib/i386/libverify.so
b7767000-b7768000 rw-p 0000c000 08:01 3546558    /usr/lib/jvm/java-6-openjdk-i386/jre/lib/i386/libverify.so
b7768000-b776a000 rw-p 00000000 00:00 0 
b776a000-b776b000 r-xp 00000000 00:00 0          [vdso]
b776b000-b778b000 r-xp 00000000 08:01 1703996    /lib/i386-linux-gnu/ld-2.15.so
b778b000-b778c000 r--p 0001f000 08:01 1703996    /lib/i386-linux-gnu/ld-2.15.so
b778c000-b778d000 rw-p 00020000 08:01 1703996    /lib/i386-linux-gnu/ld-2.15.so
bfcfc000-bfd1c000 rwxp 00000000 00:00 0          [stack]
bfd1c000-bfd1d000 rw-p 00000000 00:00 0 

VM Arguments:
jvm_args: -Dfile.encoding=UTF-8 
java_command: test.TestGrande
Launcher Type: SUN_STANDARD

Environment Variables:
PATH=/usr/local/sbin:/usr/local/bin:/usr/sbin:/usr/bin:/sbin:/bin
USERNAME=root
LD_LIBRARY_PATH=/usr/lib/jvm/java-6-openjdk-i386/jre/lib/i386/server:/usr/lib/jvm/java-6-openjdk-i386/jre/lib/i386:/usr/lib/jvm/java-6-openjdk-i386/jre/../lib/i386:/usr/lib/jvm/java-6-openjdk-i386/jre/lib/i386/client:/usr/lib/jvm/java-6-openjdk-i386/jre/lib/i386:
SHELL=/bin/bash
DISPLAY=:0.0

Signal Handlers:
SIGSEGV: [libjvm.so+0x66a190], sa_mask[0]=0x7ffbfeff, sa_flags=0x10000004
SIGBUS: [libjvm.so+0x66a190], sa_mask[0]=0x7ffbfeff, sa_flags=0x10000004
SIGFPE: [libjvm.so+0x52e0f0], sa_mask[0]=0x7ffbfeff, sa_flags=0x10000004
SIGPIPE: [libjvm.so+0x52e0f0], sa_mask[0]=0x7ffbfeff, sa_flags=0x10000004
SIGXFSZ: [libjvm.so+0x52e0f0], sa_mask[0]=0x7ffbfeff, sa_flags=0x10000004
SIGILL: [libjvm.so+0x52e0f0], sa_mask[0]=0x7ffbfeff, sa_flags=0x10000004
SIGUSR1: SIG_DFL, sa_mask[0]=0x00000000, sa_flags=0x00000000
SIGUSR2: [libjvm.so+0x52df80], sa_mask[0]=0x00000004, sa_flags=0x10000004
SIGHUP: [libjvm.so+0x531020], sa_mask[0]=0x7ffbfeff, sa_flags=0x10000004
SIGINT: [libjvm.so+0x531020], sa_mask[0]=0x7ffbfeff, sa_flags=0x10000004
SIGTERM: [libjvm.so+0x531020], sa_mask[0]=0x7ffbfeff, sa_flags=0x10000004
SIGQUIT: [libjvm.so+0x531020], sa_mask[0]=0x7ffbfeff, sa_flags=0x10000004


---------------  S Y S T E M  ---------------

OS:Ubuntu 12.04 (precise)
uname:Linux 3.2.0-24-generic-pae #37-Ubuntu SMP Wed Apr 25 10:47:59 UTC 2012 i686
libc:glibc 2.15 NPTL 2.15 
rlimit: STACK 8192k, CORE 0k, NPROC 28829, NOFILE 4096, AS infinity
load average:2.09 1.71 1.93

/proc/meminfo:
MemTotal:        3704712 kB
MemFree:         1487168 kB
Buffers:          103500 kB
Cached:           774872 kB
SwapCached:            0 kB
Active:          1250532 kB
Inactive:         534900 kB
Active(anon):     907784 kB
Inactive(anon):    10300 kB
Active(file):     342748 kB
Inactive(file):   524600 kB
Unevictable:           0 kB
Mlocked:               0 kB
HighTotal:       2866716 kB
HighFree:         819104 kB
LowTotal:         837996 kB
LowFree:          668064 kB
SwapTotal:       3778556 kB
SwapFree:        3778556 kB
Dirty:               160 kB
Writeback:             0 kB
AnonPages:        907040 kB
Mapped:           263236 kB
Shmem:             11024 kB
Slab:              41864 kB
SReclaimable:      25332 kB
SUnreclaim:        16532 kB
KernelStack:        3184 kB
PageTables:         8124 kB
NFS_Unstable:          0 kB
Bounce:                0 kB
WritebackTmp:          0 kB
CommitLimit:     5630912 kB
Committed_AS:    2738180 kB
VmallocTotal:     122880 kB
VmallocUsed:       32640 kB
VmallocChunk:      87780 kB
HardwareCorrupted:     0 kB
AnonHugePages:         0 kB
HugePages_Total:       0
HugePages_Free:        0
HugePages_Rsvd:        0
HugePages_Surp:        0
Hugepagesize:       2048 kB
DirectMap4k:        8184 kB
DirectMap2M:      905216 kB


CPU:total 2 (2 cores per cpu, 1 threads per core) family 20 model 1 stepping 0, cmov, cx8, fxsr, mmx, sse, sse2, sse3, ssse3, popcnt, mmxext, lzcnt, sse4a

Memory: 4k page, physical 3704712k(1487044k free), swap 3778556k(3778556k free)

vm_info: OpenJDK Server VM (20.0-b12) for linux-x86 JRE (1.6.0_24-b24), built on Apr 13 2012 01:06:51 by "buildd" with gcc 4.6.3

time: Fri May 11 09:42:40 2012
elapsed time: 20 seconds

