#
# A fatal error has been detected by the Java Runtime Environment:
#
#  SIGSEGV (0xb) at pc=0x7adf1ddd, pid=16201, tid=3064785776
#
# JRE version: 6.0_20-b20
# Java VM: OpenJDK Server VM (19.0-b09 mixed mode linux-x86 )
# Derivative: IcedTea6 1.9.13
# Distribution: Ubuntu 10.04.1 LTS, package 6b20-1.9.13-0ubuntu1~10.04.1
# Problematic frame:
# C  [libXnVFeatures_1_5_2.so+0x39ddd]
#
# If you would like to submit a bug report, please include
# instructions how to reproduce the bug and visit:
#   https://bugs.launchpad.net/ubuntu/+source/openjdk-6/
# The crash happened outside the Java Virtual Machine in native code.
# See problematic frame for where to report the bug.
#

---------------  T H R E A D  ---------------

Current thread (0x08dc3800):  JavaThread "main" [_thread_in_native, id=16206, stack(0xb6a7e000,0xb6acf000)]

siginfo:si_signo=SIGSEGV: si_errno=0, si_code=1 (SEGV_MAPERR), si_addr=0x6de460c0

Registers:
EAX=0x6de16008, EBX=0x7b1c1ff4, ECX=0x00000001, EDX=0x00000000
ESP=0xb6acdef0, EBP=0xb6acdf08, ESI=0xb6acdf8c, EDI=0x08dc3800
EIP=0x7adf1ddd, CR2=0x6de460c0, EFLAGS=0x00210202

Register to memory mapping:

EAX=0x6de16008
0x6de16008 is pointing to unknown location

EBX=0x7b1c1ff4
0x7b1c1ff4: <offset 0x409ff4> in /usr/lib/libXnVFeatures_1_5_2.so at 0x7adb8000

ECX=0x00000001
0x00000001 is pointing to unknown location

EDX=0x00000000
0x00000000 is pointing to unknown location

ESP=0xb6acdef0
0xb6acdef0 is pointing into the stack for thread: 0x08dc3800
"main" prio=10 tid=0x08dc3800 nid=0x3f4e runnable [0xb6acd000]
   java.lang.Thread.State: RUNNABLE

EBP=0xb6acdf08
0xb6acdf08 is pointing into the stack for thread: 0x08dc3800
"main" prio=10 tid=0x08dc3800 nid=0x3f4e runnable [0xb6acd000]
   java.lang.Thread.State: RUNNABLE

ESI=0xb6acdf8c
0xb6acdf8c is pointing into the stack for thread: 0x08dc3800
"main" prio=10 tid=0x08dc3800 nid=0x3f4e runnable [0xb6acd000]
   java.lang.Thread.State: RUNNABLE

EDI=0x08dc3800
"main" prio=10 tid=0x08dc3800 nid=0x3f4e runnable [0xb6acd000]
   java.lang.Thread.State: RUNNABLE


Top of Stack: (sp=0xb6acdef0)
0xb6acdef0:   09e636c0 00000001 00000000 00000000
0xb6acdf00:   b6acdf8c 7b1c1ff4 b6acdf28 7addd2c1
0xb6acdf10:   09e63678 00000001 7b1ba698 ffffffff
0xb6acdf20:   7b925a59 7b933ff4 b6acdf48 7b8c2f82
0xb6acdf30:   09e63678 00000001 09ec6668 00000000
0xb6acdf40:   a85691c8 08dc3800 b6acdf68 7b923a44
0xb6acdf50:   09ec6668 00000001 a8569238 b3a44e38
0xb6acdf60:   09ec6668 00000000 b6acdf98 b3a3e430 

Instructions: (pc=0x7adf1ddd)
0x7adf1dcd:   c0 48 89 04 24 e8 49 37 16 00 31 d2 85 c0 74 13
0x7adf1ddd:   80 b8 b8 00 03 00 00 74 12 0f b6 90 fc 18 02 00 

Stack: [0xb6a7e000,0xb6acf000],  sp=0xb6acdef0,  free space=319k
Native frames: (J=compiled Java code, j=interpreted, Vv=VM code, C=native code)
C  [libXnVFeatures_1_5_2.so+0x39ddd]
C  [libXnVFeatures_1_5_2.so+0x252c1]
C  [libOpenNI.so+0x2ef82]  xnIsSkeletonCalibrated+0x42
C  [libOpenNI.jni.so+0xea44]  Java_org_OpenNI_NativeMethods_xnIsSkeletonCalibrated+0x24
J  org.OpenNI.NativeMethods.xnIsSkeletonCalibrated(JI)Z

Java frames: (J=compiled Java code, j=interpreted, Vv=VM code)
J  org.OpenNI.NativeMethods.xnIsSkeletonCalibrated(JI)Z
J  control.DeviceManager.waitForUserIsCalibrated(I)V
j  control.DeviceManager.getKinectUserMovementLauncher(I)Llaunchers/KinectUserMovementLauncher;+10
j  test.TestGrande.<init>()V+26
j  test.TestGrande.main([Ljava/lang/String;)V+11
v  ~StubRoutines::call_stub

---------------  P R O C E S S  ---------------

Java Threads: ( => current thread )
  0x09066000 JavaThread "Thread-1" [_thread_in_native, id=16228, stack(0x6e0ca000,0x6e11b000)]
  0x08e69000 JavaThread "Low Memory Detector" daemon [_thread_blocked, id=16216, stack(0x7bb63000,0x7bbb4000)]
  0x08e65800 JavaThread "CompilerThread1" daemon [_thread_blocked, id=16215, stack(0x7bbb4000,0x7bc35000)]
  0x08e63800 JavaThread "CompilerThread0" daemon [_thread_blocked, id=16214, stack(0x7bc35000,0x7bcb6000)]
  0x08e62400 JavaThread "Signal Dispatcher" daemon [_thread_blocked, id=16213, stack(0x7bcb6000,0x7bd07000)]
  0x08e4ec00 JavaThread "Finalizer" daemon [_thread_in_vm, id=16212, stack(0x7bd4d000,0x7bd9e000)]
  0x08e4d400 JavaThread "Reference Handler" daemon [_thread_blocked, id=16211, stack(0x7bd9e000,0x7bdef000)]
=>0x08dc3800 JavaThread "main" [_thread_in_native, id=16206, stack(0xb6a7e000,0xb6acf000)]

Other Threads:
  0x08e49400 VMThread [stack: 0x7bdef000,0x7be70000] [id=16210]
  0x08e6ac00 WatcherThread [stack: 0x7bae2000,0x7bb63000] [id=16217]

VM state:not at safepoint (normal execution)

VM Mutex/Monitor currently owned by a thread: None

Heap
 PSYoungGen      total 172032K, used 160301K [0xa3d30000, 0xb3930000, 0xb3930000)
  eden space 86016K, 86% used [0xa3d30000,0xa85bb558,0xa9130000)
  from space 86016K, 100% used [0xae530000,0xb3930000,0xb3930000)
  to   space 86016K, 0% used [0xa9130000,0xa9130000,0xae530000)
 PSOldGen        total 115456K, used 75297K [0x84530000, 0x8b5f0000, 0xa3d30000)
  object space 115456K, 65% used [0x84530000,0x88eb8698,0x8b5f0000)
 PSPermGen       total 16384K, used 4068K [0x7c530000, 0x7d530000, 0x84530000)
  object space 16384K, 24% used [0x7c530000,0x7c929220,0x7d530000)

Dynamic libraries:
08048000-08051000 r-xp 00000000 08:01 7210740    /usr/lib/jvm/java-6-openjdk/jre/bin/java
08051000-08052000 r--p 00008000 08:01 7210740    /usr/lib/jvm/java-6-openjdk/jre/bin/java
08052000-08053000 rw-p 00009000 08:01 7210740    /usr/lib/jvm/java-6-openjdk/jre/bin/java
08dbd000-0e1e3000 rw-p 00000000 00:00 0          [heap]
6c498000-6c600000 rw-p 00000000 00:00 0 
6c600000-6c6a3000 rw-p 00000000 00:00 0 
6c6a3000-6c700000 ---p 00000000 00:00 0 
6c728000-6c800000 rw-p 00000000 00:00 0 
6c800000-6c8f7000 rw-p 00000000 00:00 0 
6c8f7000-6c900000 ---p 00000000 00:00 0 
6c906000-6d26e000 rw-p 00000000 00:00 0 
6de47000-6de48000 rw-s 00000000 00:10 4615313    /dev/shm/045e.02ae@1.11-SM
6de48000-6e0ca000 rw-p 00000000 00:00 0 
6e0ca000-6e0cd000 ---p 00000000 00:00 0 
6e0cd000-6e11b000 rwxp 00000000 00:00 0 
6e11b000-70211000 r--s 00000000 00:10 4615309    /dev/shm/16219_045e.02ae@1.11_Image
70211000-706d4000 rw-p 00000000 00:00 0 
706d5000-783c5000 rw-p 00000000 00:00 0 
783c5000-78749000 r--s 00000000 00:10 4615306    /dev/shm/16219_045e.02ae@1.11_Depth
78749000-787e0000 rw-p 00000000 00:00 0 
787e0000-787e1000 ---p 00000000 00:00 0 
787e1000-78fe1000 rwxp 00000000 00:00 0 
78fe1000-79805000 rw-p 00000000 00:00 0 
79805000-79b89000 r--s 00000000 00:10 4615306    /dev/shm/16219_045e.02ae@1.11_Depth
79b89000-79c20000 rw-p 00000000 00:00 0 
79c20000-79c21000 ---p 00000000 00:00 0 
79c21000-7a421000 rwxp 00000000 00:00 0 
7a421000-7a822000 rw-p 00000000 00:00 0 
7a822000-7a8af000 r-xp 00000000 08:01 6563937    /usr/lib/libXnDeviceSensorV2KM.so
7a8af000-7a8b8000 r--p 0008c000 08:01 6563937    /usr/lib/libXnDeviceSensorV2KM.so
7a8b8000-7a8b9000 rw-p 00095000 08:01 6563937    /usr/lib/libXnDeviceSensorV2KM.so
7a8b9000-7a8e6000 r-xp 00000000 08:01 6563904    /usr/lib/libXnDeviceFile.so
7a8e6000-7a8e7000 r--p 0002d000 08:01 6563904    /usr/lib/libXnDeviceFile.so
7a8e7000-7a8e8000 rw-p 0002e000 08:01 6563904    /usr/lib/libXnDeviceFile.so
7a8e8000-7a93c000 r-xp 00000000 08:01 6563903    /usr/lib/libXnDDK.so
7a93c000-7a93e000 r--p 00053000 08:01 6563903    /usr/lib/libXnDDK.so
7a93e000-7a93f000 rw-p 00055000 08:01 6563903    /usr/lib/libXnDDK.so
7a93f000-7a962000 r-xp 00000000 08:01 6563906    /usr/lib/libXnFormats.so
7a962000-7a963000 r--p 00022000 08:01 6563906    /usr/lib/libXnFormats.so
7a963000-7a964000 rw-p 00023000 08:01 6563906    /usr/lib/libXnFormats.so
7a964000-7a984000 rw-p 00000000 00:00 0 
7a984000-7a987000 r-xp 00000000 08:01 6563902    /usr/lib/libXnCore.so
7a987000-7a988000 r--p 00002000 08:01 6563902    /usr/lib/libXnCore.so
7a988000-7a989000 rw-p 00003000 08:01 6563902    /usr/lib/libXnCore.so
7a989000-7aa22000 r-xp 00000000 08:01 6563905    /usr/lib/libXnDeviceSensorV2.so
7aa22000-7aa2b000 r--p 00098000 08:01 6563905    /usr/lib/libXnDeviceSensorV2.so
7aa2b000-7aa2c000 rw-p 000a1000 08:01 6563905    /usr/lib/libXnDeviceSensorV2.so
7aa2c000-7ab0f000 r-xp 00000000 08:01 6563898    /usr/lib/libXnVHandGenerator_1_5_2.so
7ab0f000-7ab12000 r--p 000e3000 08:01 6563898    /usr/lib/libXnVHandGenerator_1_5_2.so
7ab12000-7ab13000 rw-p 000e6000 08:01 6563898    /usr/lib/libXnVHandGenerator_1_5_2.so
7ab13000-7ab1f000 rw-p 00000000 00:00 0 
7ab1f000-7abf4000 r-xp 00000000 08:01 6563897    /usr/lib/libXnVHandGenerator_1_4_2.so
7abf4000-7abf5000 ---p 000d5000 08:01 6563897    /usr/lib/libXnVHandGenerator_1_4_2.so
7abf5000-7abf7000 r--p 000d5000 08:01 6563897    /usr/lib/libXnVHandGenerator_1_4_2.so
7abf7000-7abf8000 rw-p 000d7000 08:01 6563897    /usr/lib/libXnVHandGenerator_1_4_2.so
7abf8000-7abfa000 rw-p 00000000 00:00 0 
7abfa000-7acce000 r-xp 00000000 08:01 6563896    /usr/lib/libXnVHandGenerator_1_4_1.so
7acce000-7accf000 ---p 000d4000 08:01 6563896    /usr/lib/libXnVHandGenerator_1_4_1.so
7accf000-7acd1000 r--p 000d4000 08:01 6563896    /usr/lib/libXnVHandGenerator_1_4_1.so
7acd1000-7acd2000 rw-p 000d6000 08:01 6563896    /usr/lib/libXnVHandGenerator_1_4_1.so
7acd2000-7acd4000 rw-p 00000000 00:00 0 
7acd4000-7adb2000 r-xp 00000000 08:01 6563895    /usr/lib/libXnVHandGenerator_1_3_1.so
7adb2000-7adb5000 r--p 000dd000 08:01 6563895    /usr/lib/libXnVHandGenerator_1_3_1.so
7adb5000-7adb6000 rw-p 000e0000 08:01 6563895    /usr/lib/libXnVHandGenerator_1_3_1.so
7adb6000-7adb8000 rw-p 00000000 00:00 0 
7adb8000-7b1b9000 r-xp 00000000 08:01 6563890    /usr/lib/libXnVFeatures_1_5_2.so
7b1b9000-7b1ba000 ---p 00401000 08:01 6563890    /usr/lib/libXnVFeatures_1_5_2.so
7b1ba000-7b1c2000 r--p 00401000 08:01 6563890    /usr/lib/libXnVFeatures_1_5_2.so
7b1c2000-7b1c3000 rw-p 00409000 08:01 6563890    /usr/lib/libXnVFeatures_1_5_2.so
7b1c3000-7b1d7000 rw-p 00000000 00:00 0 
7b1d7000-7b3be000 r-xp 00000000 08:01 6563889    /usr/lib/libXnVFeatures_1_4_2.so
7b3be000-7b3c1000 r--p 001e6000 08:01 6563889    /usr/lib/libXnVFeatures_1_4_2.so
7b3c1000-7b3c2000 rw-p 001e9000 08:01 6563889    /usr/lib/libXnVFeatures_1_4_2.so
7b3c2000-7b3c7000 rw-p 00000000 00:00 0 
7b3c7000-7b5ae000 r-xp 00000000 08:01 6563888    /usr/lib/libXnVFeatures_1_4_1.so
7b5ae000-7b5b1000 r--p 001e6000 08:01 6563888    /usr/lib/libXnVFeatures_1_4_1.so
7b5b1000-7b5b2000 rw-p 001e9000 08:01 6563888    /usr/lib/libXnVFeatures_1_4_1.so
7b5b2000-7b5b7000 rw-p 00000000 00:00 0 
7b5b7000-7b7d5000 r-xp 00000000 08:01 6563887    /usr/lib/libXnVFeatures_1_3_1.so
7b7d5000-7b7d6000 ---p 0021e000 08:01 6563887    /usr/lib/libXnVFeatures_1_3_1.so
7b7d6000-7b7d9000 r--p 0021e000 08:01 6563887    /usr/lib/libXnVFeatures_1_3_1.so
7b7d9000-7b7da000 rw-p 00221000 08:01 6563887    /usr/lib/libXnVFeatures_1_3_1.so
7b7da000-7b7df000 rw-p 00000000 00:00 0 
7b7df000-7b802000 r-xp 00000000 08:01 6562981    /usr/lib/libnimRecorder.so
7b802000-7b803000 r--p 00023000 08:01 6562981    /usr/lib/libnimRecorder.so
7b803000-7b804000 rw-p 00024000 08:01 6562981    /usr/lib/libnimRecorder.so
7b804000-7b838000 r-xp 00000000 08:01 6562979    /usr/lib/libnimCodecs.so
7b838000-7b839000 ---p 00034000 08:01 6562979    /usr/lib/libnimCodecs.so
7b839000-7b83b000 r--p 00034000 08:01 6562979    /usr/lib/libnimCodecs.so
7b83b000-7b83c000 rw-p 00036000 08:01 6562979    /usr/lib/libnimCodecs.so
7b83c000-7b85c000 rw-p 00000000 00:00 0 
7b85c000-7b88d000 r-xp 00000000 08:01 6562980    /usr/lib/libnimMockNodes.so
7b88d000-7b893000 r--p 00031000 08:01 6562980    /usr/lib/libnimMockNodes.so
7b893000-7b894000 rw-p 00037000 08:01 6562980    /usr/lib/libnimMockNodes.so
7b894000-7b911000 r-xp 00000000 08:01 6562983    /usr/lib/libOpenNI.so
7b911000-7b913000 r--p 0007c000 08:01 6562983    /usr/lib/libOpenNI.so
7b913000-7b915000 rw-p 0007e000 08:01 6562983    /usr/lib/libOpenNI.so
7b915000-7b933000 r-xp 00000000 08:01 6562982    /usr/lib/libOpenNI.jni.so
7b933000-7b934000 r--p 0001d000 08:01 6562982    /usr/lib/libOpenNI.jni.so
7b934000-7b936000 rw-p 0001e000 08:01 6562982    /usr/lib/libOpenNI.jni.so
7b936000-7b943000 r-xp 00000000 08:01 6690027    /usr/local/lib/libusb-1.0.so.0.1.0
7b943000-7b944000 r--p 0000c000 08:01 6690027    /usr/local/lib/libusb-1.0.so.0.1.0
7b944000-7b945000 rw-p 0000d000 08:01 6690027    /usr/local/lib/libusb-1.0.so.0.1.0
7b945000-7b962000 r-xp 00000000 08:01 524730     /lib/libgcc_s.so.1
7b962000-7b963000 r--p 0001c000 08:01 524730     /lib/libgcc_s.so.1
7b963000-7b964000 rw-p 0001d000 08:01 524730     /lib/libgcc_s.so.1
7b964000-7ba4d000 r-xp 00000000 08:01 6554000    /usr/lib/libstdc++.so.6.0.13
7ba4d000-7ba51000 r--p 000e9000 08:01 6554000    /usr/lib/libstdc++.so.6.0.13
7ba51000-7ba52000 rw-p 000ed000 08:01 6554000    /usr/lib/libstdc++.so.6.0.13
7ba52000-7ba59000 rw-p 00000000 00:00 0 
7ba59000-7ba5e000 r-xp 00000000 08:01 6162704    /usr/lib/i486-linux-gnu/libusbpp-0.1.so.4.4.4
7ba5e000-7ba5f000 r--p 00004000 08:01 6162704    /usr/lib/i486-linux-gnu/libusbpp-0.1.so.4.4.4
7ba5f000-7ba60000 rw-p 00005000 08:01 6162704    /usr/lib/i486-linux-gnu/libusbpp-0.1.so.4.4.4
7ba60000-7ba64000 r-xp 00000000 08:01 6694970    /usr/local/lib/libusb-0.1.so.4.4.4
7ba64000-7ba65000 r--p 00003000 08:01 6694970    /usr/local/lib/libusb-0.1.so.4.4.4
7ba65000-7ba66000 rw-p 00004000 08:01 6694970    /usr/local/lib/libusb-0.1.so.4.4.4
7ba76000-7ba7e000 r-xp 00000000 08:01 5767839    /usr/lib/libusbJava.so.0.2.4
7ba7e000-7ba7f000 rw-p 00007000 08:01 5767839    /usr/lib/libusbJava.so.0.2.4
7ba7f000-7ba93000 r-xp 00000000 08:01 7210701    /usr/lib/jvm/java-6-openjdk/jre/lib/i386/libnet.so
7ba93000-7ba94000 r--p 00013000 08:01 7210701    /usr/lib/jvm/java-6-openjdk/jre/lib/i386/libnet.so
7ba94000-7ba95000 rw-p 00014000 08:01 7210701    /usr/lib/jvm/java-6-openjdk/jre/lib/i386/libnet.so
7ba95000-7bab3000 r--s 0024d000 08:01 6293294    /home/norut/workspace/CommModule4.0/lib/KinectLibrary.jar
7bab3000-7bab5000 r--s 0004c000 08:01 6293306    /home/norut/workspace/CommModule4.0/lib/vecmath.jar
7bab5000-7bac3000 r--s 00193000 08:01 6293303    /home/norut/workspace/CommModule4.0/lib/j3dutils.jar
7bac3000-7bacf000 r--s 002c7000 08:01 6293302    /home/norut/workspace/CommModule4.0/lib/j3dcore.jar
7bacf000-7bad3000 r--s 000fc000 08:01 6293297    /home/norut/workspace/CommModule4.0/lib/NoninLibrary.jar
7bad3000-7bad6000 r--s 00012000 08:01 6293298    /home/norut/workspace/CommModule4.0/lib/IRGlanceLibrary.jar
7bad6000-7bad9000 r--s 00011000 08:01 6293300    /home/norut/workspace/CommModule4.0/lib/wii-gee-plugin-wiimote-android_fat.jar
7bad9000-7bae2000 r--s 00065000 08:01 6687195    /usr/share/java/gnome-java-bridge.jar
7bae2000-7bae3000 ---p 00000000 00:00 0 
7bae3000-7bbb4000 rwxp 00000000 00:00 0 
7bbb4000-7bbb5000 ---p 00000000 00:00 0 
7bbb5000-7bc35000 rwxp 00000000 00:00 0 
7bc35000-7bc36000 ---p 00000000 00:00 0 
7bc36000-7bd07000 rwxp 00000000 00:00 0 
7bd07000-7bd0e000 r--s 00000000 08:01 6561739    /usr/lib/gconv/gconv-modules.cache
7bd0e000-7bd4d000 r--p 00000000 08:01 6561577    /usr/lib/locale/es_ES.utf8/LC_CTYPE
7bd4d000-7bdef000 rwxp 00000000 00:00 0 
7bdef000-7bdf0000 ---p 00000000 00:00 0 
7bdf0000-7be70000 rwxp 00000000 00:00 0 
7be70000-7c000000 r--s 038c5000 08:01 7210671    /usr/lib/jvm/java-6-openjdk/jre/lib/rt.jar
7c000000-7c0f9000 rw-p 00000000 00:00 0 
7c0f9000-7c100000 ---p 00000000 00:00 0 
7c101000-7c104000 r--s 0007d000 08:01 7210142    /usr/lib/jvm/java-6-openjdk/jre/lib/jsse.jar
7c104000-7c137000 rw-p 00000000 00:00 0 
7c137000-7c138000 ---p 00000000 00:00 0 
7c138000-7c1b8000 rwxp 00000000 00:00 0 
7c1b8000-7c1b9000 ---p 00000000 00:00 0 
7c1b9000-7c239000 rwxp 00000000 00:00 0 
7c239000-7c241000 rw-p 00000000 00:00 0 
7c241000-7c279000 rw-p 00000000 00:00 0 
7c279000-7c2b2000 rw-p 00000000 00:00 0 
7c2b2000-7c375000 rw-p 00000000 00:00 0 
7c375000-7c37d000 rw-p 00000000 00:00 0 
7c37d000-7c3b5000 rw-p 00000000 00:00 0 
7c3b5000-7c3ee000 rw-p 00000000 00:00 0 
7c3ee000-7c4b1000 rw-p 00000000 00:00 0 
7c4b1000-7c52f000 rw-p 00000000 00:00 0 
7c52f000-7d530000 rw-p 00000000 00:00 0 
7d530000-84530000 rw-p 00000000 00:00 0 
84530000-8b5f0000 rw-p 00000000 00:00 0 
8b5f0000-a3d30000 rw-p 00000000 00:00 0 
a3d30000-b3930000 rw-p 00000000 00:00 0 
b3930000-b3939000 rw-p 00000000 00:00 0 
b3939000-b39f0000 rw-p 00000000 00:00 0 
b39f0000-b3c30000 rwxp 00000000 00:00 0 
b3c30000-b69f0000 rw-p 00000000 00:00 0 
b69f0000-b69f7000 r-xp 00000000 08:01 7210708    /usr/lib/jvm/java-6-openjdk/jre/lib/i386/libzip.so
b69f7000-b69f8000 r--p 00006000 08:01 7210708    /usr/lib/jvm/java-6-openjdk/jre/lib/i386/libzip.so
b69f8000-b69f9000 rw-p 00007000 08:01 7210708    /usr/lib/jvm/java-6-openjdk/jre/lib/i386/libzip.so
b69f9000-b6a03000 r-xp 00000000 08:01 524341     /lib/tls/i686/cmov/libnss_files-2.11.1.so
b6a03000-b6a04000 r--p 00009000 08:01 524341     /lib/tls/i686/cmov/libnss_files-2.11.1.so
b6a04000-b6a05000 rw-p 0000a000 08:01 524341     /lib/tls/i686/cmov/libnss_files-2.11.1.so
b6a05000-b6a0d000 r-xp 00000000 08:01 524451     /lib/tls/i686/cmov/libnss_nis-2.11.1.so
b6a0d000-b6a0e000 r--p 00007000 08:01 524451     /lib/tls/i686/cmov/libnss_nis-2.11.1.so
b6a0e000-b6a0f000 rw-p 00008000 08:01 524451     /lib/tls/i686/cmov/libnss_nis-2.11.1.so
b6a0f000-b6a15000 r-xp 00000000 08:01 524449     /lib/tls/i686/cmov/libnss_compat-2.11.1.so
b6a15000-b6a16000 r--p 00006000 08:01 524449     /lib/tls/i686/cmov/libnss_compat-2.11.1.so
b6a16000-b6a17000 rw-p 00007000 08:01 524449     /lib/tls/i686/cmov/libnss_compat-2.11.1.so
b6a17000-b6a1c000 r--s 0009b000 08:01 6293296    /home/norut/workspace/CommModule4.0/lib/WiiboardSimple2.0.jar
b6a1c000-b6a1f000 r--s 0000f000 08:01 7210128    /usr/lib/jvm/java-6-openjdk/jre/lib/ext/pulse-java.jar
b6a1f000-b6a27000 rw-s 00000000 08:01 6293583    /tmp/hsperfdata_root/16201
b6a27000-b6a3a000 r-xp 00000000 08:01 524315     /lib/tls/i686/cmov/libnsl-2.11.1.so
b6a3a000-b6a3b000 r--p 00012000 08:01 524315     /lib/tls/i686/cmov/libnsl-2.11.1.so
b6a3b000-b6a3c000 rw-p 00013000 08:01 524315     /lib/tls/i686/cmov/libnsl-2.11.1.so
b6a3c000-b6a3e000 rw-p 00000000 00:00 0 
b6a3e000-b6a43000 r--s 00045000 08:01 7210146    /usr/lib/jvm/java-6-openjdk/jre/lib/netx.jar
b6a43000-b6a4a000 r-xp 00000000 08:01 7210710    /usr/lib/jvm/java-6-openjdk/jre/lib/i386/native_threads/libhpi.so
b6a4a000-b6a4b000 r--p 00006000 08:01 7210710    /usr/lib/jvm/java-6-openjdk/jre/lib/i386/native_threads/libhpi.so
b6a4b000-b6a4c000 rw-p 00007000 08:01 7210710    /usr/lib/jvm/java-6-openjdk/jre/lib/i386/native_threads/libhpi.so
b6a4c000-b6a4d000 rw-p 00000000 00:00 0 
b6a4d000-b6a4e000 r--p 00000000 00:00 0 
b6a4e000-b6a72000 r-xp 00000000 08:01 7210691    /usr/lib/jvm/java-6-openjdk/jre/lib/i386/libjava.so
b6a72000-b6a73000 r--p 00023000 08:01 7210691    /usr/lib/jvm/java-6-openjdk/jre/lib/i386/libjava.so
b6a73000-b6a75000 rw-p 00024000 08:01 7210691    /usr/lib/jvm/java-6-openjdk/jre/lib/i386/libjava.so
b6a75000-b6a7c000 r-xp 00000000 08:01 524403     /lib/tls/i686/cmov/librt-2.11.1.so
b6a7c000-b6a7d000 r--p 00006000 08:01 524403     /lib/tls/i686/cmov/librt-2.11.1.so
b6a7d000-b6a7e000 rw-p 00007000 08:01 524403     /lib/tls/i686/cmov/librt-2.11.1.so
b6a7e000-b6a7f000 ---p 00000000 00:00 0 
b6a7f000-b6acf000 rwxp 00000000 00:00 0 
b6acf000-b6af3000 r-xp 00000000 08:01 524397     /lib/tls/i686/cmov/libm-2.11.1.so
b6af3000-b6af4000 r--p 00023000 08:01 524397     /lib/tls/i686/cmov/libm-2.11.1.so
b6af4000-b6af5000 rw-p 00024000 08:01 524397     /lib/tls/i686/cmov/libm-2.11.1.so
b6af5000-b71ba000 r-xp 00000000 08:01 7210712    /usr/lib/jvm/java-6-openjdk/jre/lib/i386/server/libjvm.so
b71ba000-b71bb000 ---p 006c5000 08:01 7210712    /usr/lib/jvm/java-6-openjdk/jre/lib/i386/server/libjvm.so
b71bb000-b7200000 r--p 006c5000 08:01 7210712    /usr/lib/jvm/java-6-openjdk/jre/lib/i386/server/libjvm.so
b7200000-b720f000 rw-p 0070a000 08:01 7210712    /usr/lib/jvm/java-6-openjdk/jre/lib/i386/server/libjvm.so
b720f000-b7630000 rw-p 00000000 00:00 0 
b7630000-b7783000 r-xp 00000000 08:01 524386     /lib/tls/i686/cmov/libc-2.11.1.so
b7783000-b7785000 r--p 00153000 08:01 524386     /lib/tls/i686/cmov/libc-2.11.1.so
b7785000-b7786000 rw-p 00155000 08:01 524386     /lib/tls/i686/cmov/libc-2.11.1.so
b7786000-b7789000 rw-p 00000000 00:00 0 
b7789000-b778b000 r-xp 00000000 08:01 524320     /lib/tls/i686/cmov/libdl-2.11.1.so
b778b000-b778c000 r--p 00001000 08:01 524320     /lib/tls/i686/cmov/libdl-2.11.1.so
b778c000-b778d000 rw-p 00002000 08:01 524320     /lib/tls/i686/cmov/libdl-2.11.1.so
b778d000-b7790000 r-xp 00000000 08:01 7210679    /usr/lib/jvm/java-6-openjdk/jre/lib/i386/jli/libjli.so
b7790000-b7791000 r--p 00003000 08:01 7210679    /usr/lib/jvm/java-6-openjdk/jre/lib/i386/jli/libjli.so
b7791000-b7792000 rw-p 00004000 08:01 7210679    /usr/lib/jvm/java-6-openjdk/jre/lib/i386/jli/libjli.so
b7792000-b77a7000 r-xp 00000000 08:01 524337     /lib/tls/i686/cmov/libpthread-2.11.1.so
b77a7000-b77a8000 r--p 00014000 08:01 524337     /lib/tls/i686/cmov/libpthread-2.11.1.so
b77a8000-b77a9000 rw-p 00015000 08:01 524337     /lib/tls/i686/cmov/libpthread-2.11.1.so
b77a9000-b77ac000 rw-p 00000000 00:00 0 
b77ac000-b77bf000 r-xp 00000000 08:01 524486     /lib/libz.so.1.2.3.3
b77bf000-b77c0000 r--p 00012000 08:01 524486     /lib/libz.so.1.2.3.3
b77c0000-b77c1000 rw-p 00013000 08:01 524486     /lib/libz.so.1.2.3.3
b77c1000-b77c3000 r--s 0001d000 08:01 7210147    /usr/lib/jvm/java-6-openjdk/jre/lib/plugin.jar
b77c3000-b77cf000 r-xp 00000000 08:01 7210707    /usr/lib/jvm/java-6-openjdk/jre/lib/i386/libverify.so
b77cf000-b77d0000 r--p 0000b000 08:01 7210707    /usr/lib/jvm/java-6-openjdk/jre/lib/i386/libverify.so
b77d0000-b77d1000 rw-p 0000c000 08:01 7210707    /usr/lib/jvm/java-6-openjdk/jre/lib/i386/libverify.so
b77d1000-b77d3000 rw-p 00000000 00:00 0 
b77d3000-b77d4000 r-xp 00000000 00:00 0          [vdso]
b77d4000-b77ef000 r-xp 00000000 08:01 524716     /lib/ld-2.11.1.so
b77ef000-b77f0000 r--p 0001a000 08:01 524716     /lib/ld-2.11.1.so
b77f0000-b77f1000 rw-p 0001b000 08:01 524716     /lib/ld-2.11.1.so
bfba7000-bfbbb000 rwxp 00000000 00:00 0          [stack]
bfbbb000-bfbbc000 rw-p 00000000 00:00 0 

VM Arguments:
jvm_args: -Dfile.encoding=UTF-8 
java_command: test.TestGrande
Launcher Type: SUN_STANDARD

Environment Variables:
PATH=/usr/local/sbin:/usr/local/bin:/usr/sbin:/usr/bin:/sbin:/bin:/usr/X11R6/bin
USERNAME=root
LD_LIBRARY_PATH=/usr/lib/jvm/java-6-openjdk/jre/lib/i386/server:/usr/lib/jvm/java-6-openjdk/jre/lib/i386:/usr/lib/jvm/java-6-openjdk/jre/../lib/i386:/usr/lib/jvm/java-6-openjdk/jre/lib/i386/client:/usr/lib/jvm/java-6-openjdk/jre/lib/i386:
SHELL=/bin/bash
DISPLAY=:0.0

Signal Handlers:
SIGSEGV: [libjvm.so+0x64a040], sa_mask[0]=0x7ffbfeff, sa_flags=0x10000004
SIGBUS: [libjvm.so+0x64a040], sa_mask[0]=0x7ffbfeff, sa_flags=0x10000004
SIGFPE: [libjvm.so+0x51c0d0], sa_mask[0]=0x7ffbfeff, sa_flags=0x10000004
SIGPIPE: [libjvm.so+0x51c0d0], sa_mask[0]=0x7ffbfeff, sa_flags=0x10000004
SIGXFSZ: [libjvm.so+0x51c0d0], sa_mask[0]=0x7ffbfeff, sa_flags=0x10000004
SIGILL: [libjvm.so+0x51c0d0], sa_mask[0]=0x7ffbfeff, sa_flags=0x10000004
SIGUSR1: SIG_DFL, sa_mask[0]=0x00000000, sa_flags=0x00000000
SIGUSR2: [libjvm.so+0x51b780], sa_mask[0]=0x00000004, sa_flags=0x10000004
SIGHUP: [libjvm.so+0x51e2f0], sa_mask[0]=0x7ffbfeff, sa_flags=0x10000004
SIGINT: [libjvm.so+0x51e2f0], sa_mask[0]=0x7ffbfeff, sa_flags=0x10000004
SIGTERM: [libjvm.so+0x51e2f0], sa_mask[0]=0x7ffbfeff, sa_flags=0x10000004
SIGQUIT: [libjvm.so+0x51e2f0], sa_mask[0]=0x7ffbfeff, sa_flags=0x10000004


---------------  S Y S T E M  ---------------

OS:Ubuntu 10.04 (lucid)
uname:Linux 2.6.32-41-generic-pae #88-Ubuntu SMP Thu Mar 29 14:24:36 UTC 2012 i686
libc:glibc 2.11.1 NPTL 2.11.1 
rlimit: STACK 8192k, CORE 0k, NPROC infinity, NOFILE 1024, AS infinity
load average:3.65 3.58 3.23

/proc/meminfo:
MemTotal:        3095260 kB
MemFree:          303968 kB
Buffers:           33100 kB
Cached:           463020 kB
SwapCached:          896 kB
Active:          1755728 kB
Inactive:         533292 kB
Active(anon):    1466412 kB
Inactive(anon):   375488 kB
Active(file):     289316 kB
Inactive(file):   157804 kB
Unevictable:          76 kB
Mlocked:              60 kB
HighTotal:       2233060 kB
HighFree:          54852 kB
LowTotal:         862200 kB
LowFree:          249116 kB
SwapTotal:       6384632 kB
SwapFree:        6345296 kB
Dirty:               156 kB
Writeback:             0 kB
AnonPages:       1792172 kB
Mapped:           201460 kB
Shmem:             48984 kB
Slab:              46584 kB
SReclaimable:      28656 kB
SUnreclaim:        17928 kB
KernelStack:        2936 kB
PageTables:        11704 kB
NFS_Unstable:          0 kB
Bounce:                0 kB
WritebackTmp:          0 kB
CommitLimit:     7932260 kB
Committed_AS:    3170088 kB
VmallocTotal:     122880 kB
VmallocUsed:       59384 kB
VmallocChunk:      48124 kB
HardwareCorrupted:     0 kB
HugePages_Total:       0
HugePages_Free:        0
HugePages_Rsvd:        0
HugePages_Surp:        0
Hugepagesize:       2048 kB
DirectMap4k:      839672 kB
DirectMap2M:       71680 kB


CPU:total 2 (2 cores per cpu, 1 threads per core) family 15 model 75 stepping 2, cmov, cx8, fxsr, mmx, sse, sse2, sse3, mmxext, 3dnow, 3dnowext

Memory: 4k page, physical 3095260k(303968k free), swap 6384632k(6345296k free)

vm_info: OpenJDK Server VM (19.0-b09) for linux-x86 JRE (1.6.0_20-b20), built on Feb 17 2012 07:22:18 by "buildd" with gcc 4.4.3

time: Wed May 16 13:19:22 2012
elapsed time: 34 seconds

