#
# A fatal error has been detected by the Java Runtime Environment:
#
#  SIGSEGV (0xb) at pc=0x7ad68ddd, pid=11437, tid=3064187760
#
# JRE version: 6.0_20-b20
# Java VM: OpenJDK Server VM (19.0-b09 mixed mode linux-x86 )
# Derivative: IcedTea6 1.9.13
# Distribution: Ubuntu 10.04.1 LTS, package 6b20-1.9.13-0ubuntu1~10.04.1
# Problematic frame:
# C  [libXnVFeatures_1_5_2.so+0x39ddd]
#
# If you would like to submit a bug report, please include
# instructions how to reproduce the bug and visit:
#   https://bugs.launchpad.net/ubuntu/+source/openjdk-6/
# The crash happened outside the Java Virtual Machine in native code.
# See problematic frame for where to report the bug.
#

---------------  T H R E A D  ---------------

Current thread (0x087b1400):  JavaThread "main" [_thread_in_native, id=11438, stack(0xb69ec000,0xb6a3d000)]

siginfo:si_signo=SIGSEGV: si_errno=0, si_code=1 (SEGV_MAPERR), si_addr=0x6911e0c0

Registers:
EAX=0x690ee008, EBX=0x7b138ff4, ECX=0x00000001, EDX=0x00000000
ESP=0xb6a3bef0, EBP=0xb6a3bf08, ESI=0xb6a3bf8c, EDI=0x087b1400
EIP=0x7ad68ddd, CR2=0x6911e0c0, EFLAGS=0x00210202

Register to memory mapping:

EAX=0x690ee008
0x690ee008 is pointing to unknown location

EBX=0x7b138ff4
0x7b138ff4: <offset 0x409ff4> in /usr/lib/libXnVFeatures_1_5_2.so at 0x7ad2f000

ECX=0x00000001
0x00000001 is pointing to unknown location

EDX=0x00000000
0x00000000 is pointing to unknown location

ESP=0xb6a3bef0
0xb6a3bef0 is pointing into the stack for thread: 0x087b1400
"main" prio=10 tid=0x087b1400 nid=0x2cae runnable [0xb6a3b000]
   java.lang.Thread.State: RUNNABLE

EBP=0xb6a3bf08
0xb6a3bf08 is pointing into the stack for thread: 0x087b1400
"main" prio=10 tid=0x087b1400 nid=0x2cae runnable [0xb6a3b000]
   java.lang.Thread.State: RUNNABLE

ESI=0xb6a3bf8c
0xb6a3bf8c is pointing into the stack for thread: 0x087b1400
"main" prio=10 tid=0x087b1400 nid=0x2cae runnable [0xb6a3b000]
   java.lang.Thread.State: RUNNABLE

EDI=0x087b1400
"main" prio=10 tid=0x087b1400 nid=0x2cae runnable [0xb6a3b000]
   java.lang.Thread.State: RUNNABLE


Top of Stack: (sp=0xb6a3bef0)
0xb6a3bef0:   76273900 00000001 00000000 00000000
0xb6a3bf00:   b6a3bf8c 7b138ff4 b6a3bf28 7ad542c1
0xb6a3bf10:   762738b8 00000001 7b131698 ffffffff
0xb6a3bf20:   7ba96a59 7baa4ff4 b6a3bf48 7ba33f82
0xb6a3bf30:   762738b8 00000001 762d5048 00000000
0xb6a3bf40:   a3e05558 087b1400 b6a3bf68 7ba94a44
0xb6a3bf50:   762d5048 00000001 a3e055c8 b39b1cf8
0xb6a3bf60:   762d5048 00000000 b6a3bf98 b39ac4b0 

Instructions: (pc=0x7ad68ddd)
0x7ad68dcd:   c0 48 89 04 24 e8 49 37 16 00 31 d2 85 c0 74 13
0x7ad68ddd:   80 b8 b8 00 03 00 00 74 12 0f b6 90 fc 18 02 00 

Stack: [0xb69ec000,0xb6a3d000],  sp=0xb6a3bef0,  free space=319k
Native frames: (J=compiled Java code, j=interpreted, Vv=VM code, C=native code)
C  [libXnVFeatures_1_5_2.so+0x39ddd]
C  [libXnVFeatures_1_5_2.so+0x252c1]
C  [libOpenNI.so+0x2ef82]  xnIsSkeletonCalibrated+0x42
C  [libOpenNI.jni.so+0xea44]  Java_org_OpenNI_NativeMethods_xnIsSkeletonCalibrated+0x24
J  org.OpenNI.NativeMethods.xnIsSkeletonCalibrated(JI)Z

Java frames: (J=compiled Java code, j=interpreted, Vv=VM code)
J  org.OpenNI.NativeMethods.xnIsSkeletonCalibrated(JI)Z
J  control.DeviceManager.waitForUserIsCalibrated(I)V
j  control.DeviceManager.getKinectSkeletonLauncher(I)Llaunchers/KinectSkeletonLauncher;+10
j  joinIn.StartDevices.<init>()V+20
j  joinIn.StartDevices.main([Ljava/lang/String;)V+11
v  ~StubRoutines::call_stub

---------------  P R O C E S S  ---------------

Java Threads: ( => current thread )
  0x6b481400 JavaThread "Thread-1" [_thread_in_native, id=11463, stack(0x7692b000,0x7697c000)]
  0x08856800 JavaThread "Low Memory Detector" daemon [_thread_blocked, id=11451, stack(0x7bbc2000,0x7bc13000)]
  0x08853400 JavaThread "CompilerThread1" daemon [_thread_blocked, id=11450, stack(0x7bc13000,0x7bc94000)]
  0x08851400 JavaThread "CompilerThread0" daemon [_thread_blocked, id=11449, stack(0x7bc94000,0x7bd15000)]
  0x0884fc00 JavaThread "Signal Dispatcher" daemon [_thread_blocked, id=11448, stack(0x7bd15000,0x7bd66000)]
  0x0883c400 JavaThread "Finalizer" daemon [_thread_in_vm, id=11447, stack(0x7bdac000,0x7bdfd000)]
  0x0883ac00 JavaThread "Reference Handler" daemon [_thread_blocked, id=11446, stack(0x7bdfd000,0x7be4e000)]
=>0x087b1400 JavaThread "main" [_thread_in_native, id=11438, stack(0xb69ec000,0xb6a3d000)]

Other Threads:
  0x08837000 VMThread [stack: 0x7be4e000,0x7becf000] [id=11445]
  0x08858800 WatcherThread [stack: 0x7bb41000,0x7bbc2000] [id=11452]

VM state:not at safepoint (normal execution)

VM Mutex/Monitor currently owned by a thread: None

Heap
 PSYoungGen      total 26304K, used 3575K [0xa3c90000, 0xa5830000, 0xb3890000)
  eden space 24320K, 6% used [0xa3c90000,0xa3e21ef8,0xa5450000)
  from space 1984K, 99% used [0xa5640000,0xa582c040,0xa5830000)
  to   space 1984K, 0% used [0xa5450000,0xa5450000,0xa5640000)
 PSOldGen        total 32256K, used 19610K [0x84490000, 0x86410000, 0xa3c90000)
  object space 32256K, 60% used [0x84490000,0x857b6978,0x86410000)
 PSPermGen       total 16384K, used 4067K [0x7c490000, 0x7d490000, 0x84490000)
  object space 16384K, 24% used [0x7c490000,0x7c888cc0,0x7d490000)

Dynamic libraries:
08048000-08051000 r-xp 00000000 08:01 7210740    /usr/lib/jvm/java-6-openjdk/jre/bin/java
08051000-08052000 r--p 00008000 08:01 7210740    /usr/lib/jvm/java-6-openjdk/jre/bin/java
08052000-08053000 rw-p 00009000 08:01 7210740    /usr/lib/jvm/java-6-openjdk/jre/bin/java
087ab000-08f2a000 rw-p 00000000 00:00 0          [heap]
6911f000-6930a000 rw-p 00000000 00:00 0 
6930a000-6b400000 r--s 00000000 00:10 410992     /dev/shm/11454_045e.02ae@1.8_Image
6b400000-6b48c000 rw-p 00000000 00:00 0 
6b48c000-6b500000 ---p 00000000 00:00 0 
6b51e000-6b600000 rw-p 00000000 00:00 0 
6b600000-6b7f8000 rw-p 00000000 00:00 0 
6b7f8000-6b800000 ---p 00000000 00:00 0 
6b800000-6ba00000 rw-p 00000000 00:00 0 
6ba00000-6bc00000 rw-p 00000000 00:00 0 
6bc00000-6be00000 rw-p 00000000 00:00 0 
6be00000-6c000000 rw-p 00000000 00:00 0 
6c000000-6c200000 rw-p 00000000 00:00 0 
6c200000-6c400000 rw-p 00000000 00:00 0 
6c400000-6c600000 rw-p 00000000 00:00 0 
6c600000-6c800000 rw-p 00000000 00:00 0 
6c800000-6ca00000 rw-p 00000000 00:00 0 
6ca00000-6cc00000 rw-p 00000000 00:00 0 
6cc00000-6ce00000 rw-p 00000000 00:00 0 
6ce00000-6d000000 rw-p 00000000 00:00 0 
6d000000-6d200000 rw-p 00000000 00:00 0 
6d200000-6d400000 rw-p 00000000 00:00 0 
6d400000-6d600000 rw-p 00000000 00:00 0 
6d600000-6d800000 rw-p 00000000 00:00 0 
6d800000-6da00000 rw-p 00000000 00:00 0 
6da00000-6dc00000 rw-p 00000000 00:00 0 
6dc00000-6de00000 rw-p 00000000 00:00 0 
6de00000-6e000000 rw-p 00000000 00:00 0 
6e000000-6e200000 rw-p 00000000 00:00 0 
6e200000-6e400000 rw-p 00000000 00:00 0 
6e400000-6e600000 rw-p 00000000 00:00 0 
6e600000-6e800000 rw-p 00000000 00:00 0 
6e800000-6ea00000 rw-p 00000000 00:00 0 
6ea00000-6ec00000 rw-p 00000000 00:00 0 
6ec00000-6ee00000 rw-p 00000000 00:00 0 
6ee00000-6f000000 rw-p 00000000 00:00 0 
6f000000-6f100000 rw-p 00000000 00:00 0 
6f144000-75200000 rw-p 00000000 00:00 0 
75200000-752ff000 rw-p 00000000 00:00 0 
752ff000-75300000 ---p 00000000 00:00 0 
75363000-76100000 rw-p 00000000 00:00 0 
76100000-762f3000 rw-p 00000000 00:00 0 
762f3000-76300000 ---p 00000000 00:00 0 
76300000-76400000 rw-p 00000000 00:00 0 
7643b000-76600000 rw-p 00000000 00:00 0 
76600000-767fa000 rw-p 00000000 00:00 0 
767fa000-76800000 ---p 00000000 00:00 0 
76800000-768fd000 rw-p 00000000 00:00 0 
768fd000-76900000 ---p 00000000 00:00 0 
7692b000-7692e000 ---p 00000000 00:00 0 
7692e000-7697c000 rwxp 00000000 00:00 0 
7697c000-779e3000 rw-p 00000000 00:00 0 
779e3000-77d67000 r--s 00000000 00:10 410989     /dev/shm/11454_045e.02ae@1.8_Depth
77d67000-77dfe000 rw-p 00000000 00:00 0 
77dfe000-77dff000 ---p 00000000 00:00 0 
77dff000-785ff000 rwxp 00000000 00:00 0 
785ff000-78a00000 rw-p 00000000 00:00 0 
78a00000-78afe000 rw-p 00000000 00:00 0 
78afe000-78b00000 ---p 00000000 00:00 0 
78b3b000-78d00000 rw-p 00000000 00:00 0 
78d00000-78dfe000 rw-p 00000000 00:00 0 
78dfe000-78e00000 ---p 00000000 00:00 0 
78e1d000-78f00000 rw-p 00000000 00:00 0 
78f00000-79000000 rw-p 00000000 00:00 0 
79014000-79200000 rw-p 00000000 00:00 0 
79200000-793f7000 rw-p 00000000 00:00 0 
793f7000-79400000 ---p 00000000 00:00 0 
79400000-795ff000 rw-p 00000000 00:00 0 
795ff000-79600000 ---p 00000000 00:00 0 
79600000-796fe000 rw-p 00000000 00:00 0 
796fe000-79700000 ---p 00000000 00:00 0 
7970f000-79781000 rw-p 00000000 00:00 0 
79781000-79b05000 r--s 00000000 00:10 410989     /dev/shm/11454_045e.02ae@1.8_Depth
79b05000-79b9c000 rw-p 00000000 00:00 0 
79b9c000-79b9d000 ---p 00000000 00:00 0 
79b9d000-7a39d000 rwxp 00000000 00:00 0 
7a39d000-7a79e000 rw-p 00000000 00:00 0 
7a79e000-7a82b000 r-xp 00000000 08:01 6563937    /usr/lib/libXnDeviceSensorV2KM.so
7a82b000-7a834000 r--p 0008c000 08:01 6563937    /usr/lib/libXnDeviceSensorV2KM.so
7a834000-7a835000 rw-p 00095000 08:01 6563937    /usr/lib/libXnDeviceSensorV2KM.so
7a835000-7a862000 r-xp 00000000 08:01 6563904    /usr/lib/libXnDeviceFile.so
7a862000-7a863000 r--p 0002d000 08:01 6563904    /usr/lib/libXnDeviceFile.so
7a863000-7a864000 rw-p 0002e000 08:01 6563904    /usr/lib/libXnDeviceFile.so
7a864000-7a8b8000 r-xp 00000000 08:01 6563903    /usr/lib/libXnDDK.so
7a8b8000-7a8ba000 r--p 00053000 08:01 6563903    /usr/lib/libXnDDK.so
7a8ba000-7a8bb000 rw-p 00055000 08:01 6563903    /usr/lib/libXnDDK.so
7a8bb000-7a8de000 r-xp 00000000 08:01 6563906    /usr/lib/libXnFormats.so
7a8de000-7a8df000 r--p 00022000 08:01 6563906    /usr/lib/libXnFormats.so
7a8df000-7a8e0000 rw-p 00023000 08:01 6563906    /usr/lib/libXnFormats.so
7a8e0000-7a900000 rw-p 00000000 00:00 0 
7a900000-7a999000 r-xp 00000000 08:01 6563905    /usr/lib/libXnDeviceSensorV2.so
7a999000-7a9a2000 r--p 00098000 08:01 6563905    /usr/lib/libXnDeviceSensorV2.so
7a9a2000-7a9a3000 rw-p 000a1000 08:01 6563905    /usr/lib/libXnDeviceSensorV2.so
7a9a3000-7aa86000 r-xp 00000000 08:01 6563898    /usr/lib/libXnVHandGenerator_1_5_2.so
7aa86000-7aa89000 r--p 000e3000 08:01 6563898    /usr/lib/libXnVHandGenerator_1_5_2.so
7aa89000-7aa8a000 rw-p 000e6000 08:01 6563898    /usr/lib/libXnVHandGenerator_1_5_2.so
7aa8a000-7aa96000 rw-p 00000000 00:00 0 
7aa96000-7ab6b000 r-xp 00000000 08:01 6563897    /usr/lib/libXnVHandGenerator_1_4_2.so
7ab6b000-7ab6c000 ---p 000d5000 08:01 6563897    /usr/lib/libXnVHandGenerator_1_4_2.so
7ab6c000-7ab6e000 r--p 000d5000 08:01 6563897    /usr/lib/libXnVHandGenerator_1_4_2.so
7ab6e000-7ab6f000 rw-p 000d7000 08:01 6563897    /usr/lib/libXnVHandGenerator_1_4_2.so
7ab6f000-7ab71000 rw-p 00000000 00:00 0 
7ab71000-7ac45000 r-xp 00000000 08:01 6563896    /usr/lib/libXnVHandGenerator_1_4_1.so
7ac45000-7ac46000 ---p 000d4000 08:01 6563896    /usr/lib/libXnVHandGenerator_1_4_1.so
7ac46000-7ac48000 r--p 000d4000 08:01 6563896    /usr/lib/libXnVHandGenerator_1_4_1.so
7ac48000-7ac49000 rw-p 000d6000 08:01 6563896    /usr/lib/libXnVHandGenerator_1_4_1.so
7ac49000-7ac4b000 rw-p 00000000 00:00 0 
7ac4b000-7ad29000 r-xp 00000000 08:01 6563895    /usr/lib/libXnVHandGenerator_1_3_1.so
7ad29000-7ad2c000 r--p 000dd000 08:01 6563895    /usr/lib/libXnVHandGenerator_1_3_1.so
7ad2c000-7ad2d000 rw-p 000e0000 08:01 6563895    /usr/lib/libXnVHandGenerator_1_3_1.so
7ad2d000-7ad2f000 rw-p 00000000 00:00 0 
7ad2f000-7b130000 r-xp 00000000 08:01 6563890    /usr/lib/libXnVFeatures_1_5_2.so
7b130000-7b131000 ---p 00401000 08:01 6563890    /usr/lib/libXnVFeatures_1_5_2.so
7b131000-7b139000 r--p 00401000 08:01 6563890    /usr/lib/libXnVFeatures_1_5_2.so
7b139000-7b13a000 rw-p 00409000 08:01 6563890    /usr/lib/libXnVFeatures_1_5_2.so
7b13a000-7b14e000 rw-p 00000000 00:00 0 
7b14e000-7b335000 r-xp 00000000 08:01 6563889    /usr/lib/libXnVFeatures_1_4_2.so
7b335000-7b338000 r--p 001e6000 08:01 6563889    /usr/lib/libXnVFeatures_1_4_2.so
7b338000-7b339000 rw-p 001e9000 08:01 6563889    /usr/lib/libXnVFeatures_1_4_2.so
7b339000-7b33e000 rw-p 00000000 00:00 0 
7b33e000-7b525000 r-xp 00000000 08:01 6563888    /usr/lib/libXnVFeatures_1_4_1.so
7b525000-7b528000 r--p 001e6000 08:01 6563888    /usr/lib/libXnVFeatures_1_4_1.so
7b528000-7b529000 rw-p 001e9000 08:01 6563888    /usr/lib/libXnVFeatures_1_4_1.so
7b529000-7b52e000 rw-p 00000000 00:00 0 
7b52e000-7b74c000 r-xp 00000000 08:01 6563887    /usr/lib/libXnVFeatures_1_3_1.so
7b74c000-7b74d000 ---p 0021e000 08:01 6563887    /usr/lib/libXnVFeatures_1_3_1.so
7b74d000-7b750000 r--p 0021e000 08:01 6563887    /usr/lib/libXnVFeatures_1_3_1.so
7b750000-7b751000 rw-p 00221000 08:01 6563887    /usr/lib/libXnVFeatures_1_3_1.so
7b751000-7b756000 rw-p 00000000 00:00 0 
7b756000-7b779000 r-xp 00000000 08:01 6562981    /usr/lib/libnimRecorder.so
7b779000-7b77a000 r--p 00023000 08:01 6562981    /usr/lib/libnimRecorder.so
7b77a000-7b77b000 rw-p 00024000 08:01 6562981    /usr/lib/libnimRecorder.so
7b77b000-7b7af000 r-xp 00000000 08:01 6562979    /usr/lib/libnimCodecs.so
7b7af000-7b7b0000 ---p 00034000 08:01 6562979    /usr/lib/libnimCodecs.so
7b7b0000-7b7b2000 r--p 00034000 08:01 6562979    /usr/lib/libnimCodecs.so
7b7b2000-7b7b3000 rw-p 00036000 08:01 6562979    /usr/lib/libnimCodecs.so
7b7b3000-7b7d3000 rw-p 00000000 00:00 0 
7b7d3000-7b804000 r-xp 00000000 08:01 6562980    /usr/lib/libnimMockNodes.so
7b804000-7b80a000 r--p 00031000 08:01 6562980    /usr/lib/libnimMockNodes.so
7b80a000-7b80b000 rw-p 00037000 08:01 6562980    /usr/lib/libnimMockNodes.so
7b80b000-7b8f4000 r-xp 00000000 08:01 6554000    /usr/lib/libstdc++.so.6.0.13
7b8f4000-7b8f8000 r--p 000e9000 08:01 6554000    /usr/lib/libstdc++.so.6.0.13
7b8f8000-7b8f9000 rw-p 000ed000 08:01 6554000    /usr/lib/libstdc++.so.6.0.13
7b8f9000-7b900000 rw-p 00000000 00:00 0 
7b900000-7b9ff000 rw-p 00000000 00:00 0 
7b9ff000-7ba00000 ---p 00000000 00:00 0 
7ba05000-7ba82000 r-xp 00000000 08:01 6562983    /usr/lib/libOpenNI.so
7ba82000-7ba84000 r--p 0007c000 08:01 6562983    /usr/lib/libOpenNI.so
7ba84000-7ba86000 rw-p 0007e000 08:01 6562983    /usr/lib/libOpenNI.so
7ba86000-7baa4000 r-xp 00000000 08:01 6562982    /usr/lib/libOpenNI.jni.so
7baa4000-7baa5000 r--p 0001d000 08:01 6562982    /usr/lib/libOpenNI.jni.so
7baa5000-7baa7000 rw-p 0001e000 08:01 6562982    /usr/lib/libOpenNI.jni.so
7baa7000-7bab4000 r-xp 00000000 08:01 6690027    /usr/local/lib/libusb-1.0.so.0.1.0
7bab4000-7bab5000 r--p 0000c000 08:01 6690027    /usr/local/lib/libusb-1.0.so.0.1.0
7bab5000-7bab6000 rw-p 0000d000 08:01 6690027    /usr/local/lib/libusb-1.0.so.0.1.0
7bab6000-7bad3000 r-xp 00000000 08:01 524730     /lib/libgcc_s.so.1
7bad3000-7bad4000 r--p 0001c000 08:01 524730     /lib/libgcc_s.so.1
7bad4000-7bad5000 rw-p 0001d000 08:01 524730     /lib/libgcc_s.so.1
7bad5000-7bada000 r-xp 00000000 08:01 6162704    /usr/lib/i486-linux-gnu/libusbpp-0.1.so.4.4.4
7bada000-7badb000 r--p 00004000 08:01 6162704    /usr/lib/i486-linux-gnu/libusbpp-0.1.so.4.4.4
7badb000-7badc000 rw-p 00005000 08:01 6162704    /usr/lib/i486-linux-gnu/libusbpp-0.1.so.4.4.4
7badc000-7bae0000 r-xp 00000000 08:01 6694970    /usr/local/lib/libusb-0.1.so.4.4.4
7bae0000-7bae1000 r--p 00003000 08:01 6694970    /usr/local/lib/libusb-0.1.so.4.4.4
7bae1000-7bae2000 rw-p 00004000 08:01 6694970    /usr/local/lib/libusb-0.1.so.4.4.4
7baf2000-7bafa000 r-xp 00000000 08:01 5767839    /usr/lib/libusbJava.so.0.2.4
7bafa000-7bafb000 rw-p 00007000 08:01 5767839    /usr/lib/libusbJava.so.0.2.4
7bafb000-7bb0f000 r-xp 00000000 08:01 7210701    /usr/lib/jvm/java-6-openjdk/jre/lib/i386/libnet.so
7bb0f000-7bb10000 r--p 00013000 08:01 7210701    /usr/lib/jvm/java-6-openjdk/jre/lib/i386/libnet.so
7bb10000-7bb11000 rw-p 00014000 08:01 7210701    /usr/lib/jvm/java-6-openjdk/jre/lib/i386/libnet.so
7bb11000-7bb41000 r--s 00aa5000 08:01 6295594    /home/norut/workspace/JoinIn/lib/CommModule.jar
7bb41000-7bb42000 ---p 00000000 00:00 0 
7bb42000-7bc13000 rwxp 00000000 00:00 0 
7bc13000-7bc14000 ---p 00000000 00:00 0 
7bc14000-7bc94000 rwxp 00000000 00:00 0 
7bc94000-7bc95000 ---p 00000000 00:00 0 
7bc95000-7bd66000 rwxp 00000000 00:00 0 
7bd66000-7bd6d000 r--s 00000000 08:01 6561739    /usr/lib/gconv/gconv-modules.cache
7bd6d000-7bdac000 r--p 00000000 08:01 6561577    /usr/lib/locale/es_ES.utf8/LC_CTYPE
7bdac000-7be4e000 rwxp 00000000 00:00 0 
7be4e000-7be4f000 ---p 00000000 00:00 0 
7be4f000-7becf000 rwxp 00000000 00:00 0 
7becf000-7bed4000 r--s 00045000 08:01 7210146    /usr/lib/jvm/java-6-openjdk/jre/lib/netx.jar
7bed4000-7bf07000 rw-p 00000000 00:00 0 
7bf07000-7c097000 r--s 038c5000 08:01 7210671    /usr/lib/jvm/java-6-openjdk/jre/lib/rt.jar
7c097000-7c098000 ---p 00000000 00:00 0 
7c098000-7c118000 rwxp 00000000 00:00 0 
7c118000-7c119000 ---p 00000000 00:00 0 
7c119000-7c199000 rwxp 00000000 00:00 0 
7c199000-7c1a1000 rw-p 00000000 00:00 0 
7c1a1000-7c1d9000 rw-p 00000000 00:00 0 
7c1d9000-7c1e9000 rw-p 00000000 00:00 0 
7c1e9000-7c2d5000 rw-p 00000000 00:00 0 
7c2d5000-7c2dd000 rw-p 00000000 00:00 0 
7c2dd000-7c315000 rw-p 00000000 00:00 0 
7c315000-7c325000 rw-p 00000000 00:00 0 
7c325000-7c411000 rw-p 00000000 00:00 0 
7c411000-7c41f000 rw-p 00000000 00:00 0 
7c41f000-7c48f000 rw-p 00000000 00:00 0 
7c48f000-7d490000 rw-p 00000000 00:00 0 
7d490000-84490000 rw-p 00000000 00:00 0 
84490000-86410000 rw-p 00000000 00:00 0 
86410000-a3c90000 rw-p 00000000 00:00 0 
a3c90000-a5830000 rw-p 00000000 00:00 0 
a5830000-b3890000 rw-p 00000000 00:00 0 
b3895000-b389e000 r--s 00065000 08:01 6687195    /usr/share/java/gnome-java-bridge.jar
b389e000-b38a7000 rw-p 00000000 00:00 0 
b38a7000-b395e000 rw-p 00000000 00:00 0 
b395e000-b3b9e000 rwxp 00000000 00:00 0 
b3b9e000-b695e000 rw-p 00000000 00:00 0 
b695e000-b6965000 r-xp 00000000 08:01 7210708    /usr/lib/jvm/java-6-openjdk/jre/lib/i386/libzip.so
b6965000-b6966000 r--p 00006000 08:01 7210708    /usr/lib/jvm/java-6-openjdk/jre/lib/i386/libzip.so
b6966000-b6967000 rw-p 00007000 08:01 7210708    /usr/lib/jvm/java-6-openjdk/jre/lib/i386/libzip.so
b6967000-b6971000 r-xp 00000000 08:01 524341     /lib/tls/i686/cmov/libnss_files-2.11.1.so
b6971000-b6972000 r--p 00009000 08:01 524341     /lib/tls/i686/cmov/libnss_files-2.11.1.so
b6972000-b6973000 rw-p 0000a000 08:01 524341     /lib/tls/i686/cmov/libnss_files-2.11.1.so
b6973000-b697b000 r-xp 00000000 08:01 524451     /lib/tls/i686/cmov/libnss_nis-2.11.1.so
b697b000-b697c000 r--p 00007000 08:01 524451     /lib/tls/i686/cmov/libnss_nis-2.11.1.so
b697c000-b697d000 rw-p 00008000 08:01 524451     /lib/tls/i686/cmov/libnss_nis-2.11.1.so
b697d000-b6983000 r-xp 00000000 08:01 524449     /lib/tls/i686/cmov/libnss_compat-2.11.1.so
b6983000-b6984000 r--p 00006000 08:01 524449     /lib/tls/i686/cmov/libnss_compat-2.11.1.so
b6984000-b6985000 rw-p 00007000 08:01 524449     /lib/tls/i686/cmov/libnss_compat-2.11.1.so
b6985000-b6988000 r-xp 00000000 08:01 6563902    /usr/lib/libXnCore.so
b6988000-b6989000 r--p 00002000 08:01 6563902    /usr/lib/libXnCore.so
b6989000-b698a000 rw-p 00003000 08:01 6563902    /usr/lib/libXnCore.so
b698a000-b698d000 r--s 0007d000 08:01 7210142    /usr/lib/jvm/java-6-openjdk/jre/lib/jsse.jar
b698d000-b6995000 rw-s 00000000 08:01 5901305    /tmp/hsperfdata_root/11437
b6995000-b69a8000 r-xp 00000000 08:01 524315     /lib/tls/i686/cmov/libnsl-2.11.1.so
b69a8000-b69a9000 r--p 00012000 08:01 524315     /lib/tls/i686/cmov/libnsl-2.11.1.so
b69a9000-b69aa000 rw-p 00013000 08:01 524315     /lib/tls/i686/cmov/libnsl-2.11.1.so
b69aa000-b69ac000 rw-p 00000000 00:00 0 
b69ad000-b69ae000 rw-s 00000000 00:10 410996     /dev/shm/045e.02ae@1.8-SM
b69ae000-b69b1000 r--s 0000f000 08:01 7210128    /usr/lib/jvm/java-6-openjdk/jre/lib/ext/pulse-java.jar
b69b1000-b69b8000 r-xp 00000000 08:01 7210710    /usr/lib/jvm/java-6-openjdk/jre/lib/i386/native_threads/libhpi.so
b69b8000-b69b9000 r--p 00006000 08:01 7210710    /usr/lib/jvm/java-6-openjdk/jre/lib/i386/native_threads/libhpi.so
b69b9000-b69ba000 rw-p 00007000 08:01 7210710    /usr/lib/jvm/java-6-openjdk/jre/lib/i386/native_threads/libhpi.so
b69ba000-b69bb000 rw-p 00000000 00:00 0 
b69bb000-b69bc000 r--p 00000000 00:00 0 
b69bc000-b69e0000 r-xp 00000000 08:01 7210691    /usr/lib/jvm/java-6-openjdk/jre/lib/i386/libjava.so
b69e0000-b69e1000 r--p 00023000 08:01 7210691    /usr/lib/jvm/java-6-openjdk/jre/lib/i386/libjava.so
b69e1000-b69e3000 rw-p 00024000 08:01 7210691    /usr/lib/jvm/java-6-openjdk/jre/lib/i386/libjava.so
b69e3000-b69ea000 r-xp 00000000 08:01 524403     /lib/tls/i686/cmov/librt-2.11.1.so
b69ea000-b69eb000 r--p 00006000 08:01 524403     /lib/tls/i686/cmov/librt-2.11.1.so
b69eb000-b69ec000 rw-p 00007000 08:01 524403     /lib/tls/i686/cmov/librt-2.11.1.so
b69ec000-b69ed000 ---p 00000000 00:00 0 
b69ed000-b6a3d000 rwxp 00000000 00:00 0 
b6a3d000-b6a61000 r-xp 00000000 08:01 524397     /lib/tls/i686/cmov/libm-2.11.1.so
b6a61000-b6a62000 r--p 00023000 08:01 524397     /lib/tls/i686/cmov/libm-2.11.1.so
b6a62000-b6a63000 rw-p 00024000 08:01 524397     /lib/tls/i686/cmov/libm-2.11.1.so
b6a63000-b7128000 r-xp 00000000 08:01 7210712    /usr/lib/jvm/java-6-openjdk/jre/lib/i386/server/libjvm.so
b7128000-b7129000 ---p 006c5000 08:01 7210712    /usr/lib/jvm/java-6-openjdk/jre/lib/i386/server/libjvm.so
b7129000-b716e000 r--p 006c5000 08:01 7210712    /usr/lib/jvm/java-6-openjdk/jre/lib/i386/server/libjvm.so
b716e000-b717d000 rw-p 0070a000 08:01 7210712    /usr/lib/jvm/java-6-openjdk/jre/lib/i386/server/libjvm.so
b717d000-b759e000 rw-p 00000000 00:00 0 
b759e000-b76f1000 r-xp 00000000 08:01 524386     /lib/tls/i686/cmov/libc-2.11.1.so
b76f1000-b76f3000 r--p 00153000 08:01 524386     /lib/tls/i686/cmov/libc-2.11.1.so
b76f3000-b76f4000 rw-p 00155000 08:01 524386     /lib/tls/i686/cmov/libc-2.11.1.so
b76f4000-b76f7000 rw-p 00000000 00:00 0 
b76f7000-b76f9000 r-xp 00000000 08:01 524320     /lib/tls/i686/cmov/libdl-2.11.1.so
b76f9000-b76fa000 r--p 00001000 08:01 524320     /lib/tls/i686/cmov/libdl-2.11.1.so
b76fa000-b76fb000 rw-p 00002000 08:01 524320     /lib/tls/i686/cmov/libdl-2.11.1.so
b76fb000-b76fe000 r-xp 00000000 08:01 7210679    /usr/lib/jvm/java-6-openjdk/jre/lib/i386/jli/libjli.so
b76fe000-b76ff000 r--p 00003000 08:01 7210679    /usr/lib/jvm/java-6-openjdk/jre/lib/i386/jli/libjli.so
b76ff000-b7700000 rw-p 00004000 08:01 7210679    /usr/lib/jvm/java-6-openjdk/jre/lib/i386/jli/libjli.so
b7700000-b7715000 r-xp 00000000 08:01 524337     /lib/tls/i686/cmov/libpthread-2.11.1.so
b7715000-b7716000 r--p 00014000 08:01 524337     /lib/tls/i686/cmov/libpthread-2.11.1.so
b7716000-b7717000 rw-p 00015000 08:01 524337     /lib/tls/i686/cmov/libpthread-2.11.1.so
b7717000-b771a000 rw-p 00000000 00:00 0 
b771a000-b772d000 r-xp 00000000 08:01 524486     /lib/libz.so.1.2.3.3
b772d000-b772e000 r--p 00012000 08:01 524486     /lib/libz.so.1.2.3.3
b772e000-b772f000 rw-p 00013000 08:01 524486     /lib/libz.so.1.2.3.3
b772f000-b7731000 r--s 0001d000 08:01 7210147    /usr/lib/jvm/java-6-openjdk/jre/lib/plugin.jar
b7731000-b773d000 r-xp 00000000 08:01 7210707    /usr/lib/jvm/java-6-openjdk/jre/lib/i386/libverify.so
b773d000-b773e000 r--p 0000b000 08:01 7210707    /usr/lib/jvm/java-6-openjdk/jre/lib/i386/libverify.so
b773e000-b773f000 rw-p 0000c000 08:01 7210707    /usr/lib/jvm/java-6-openjdk/jre/lib/i386/libverify.so
b773f000-b7741000 rw-p 00000000 00:00 0 
b7741000-b7742000 r-xp 00000000 00:00 0          [vdso]
b7742000-b775d000 r-xp 00000000 08:01 524716     /lib/ld-2.11.1.so
b775d000-b775e000 r--p 0001a000 08:01 524716     /lib/ld-2.11.1.so
b775e000-b775f000 rw-p 0001b000 08:01 524716     /lib/ld-2.11.1.so
bfe01000-bfe14000 rwxp 00000000 00:00 0          [stack]
bfe14000-bfe16000 rw-p 00000000 00:00 0 

VM Arguments:
jvm_args: -Dfile.encoding=UTF-8 
java_command: joinIn.StartDevices
Launcher Type: SUN_STANDARD

Environment Variables:
PATH=/usr/local/sbin:/usr/local/bin:/usr/sbin:/usr/bin:/sbin:/bin:/usr/X11R6/bin
USERNAME=root
LD_LIBRARY_PATH=/usr/lib/jvm/java-6-openjdk/jre/lib/i386/server:/usr/lib/jvm/java-6-openjdk/jre/lib/i386:/usr/lib/jvm/java-6-openjdk/jre/../lib/i386:/usr/lib/jvm/java-6-openjdk/jre/lib/i386/client:/usr/lib/jvm/java-6-openjdk/jre/lib/i386:
SHELL=/bin/bash
DISPLAY=:0.0

Signal Handlers:
SIGSEGV: [libjvm.so+0x64a040], sa_mask[0]=0x7ffbfeff, sa_flags=0x10000004
SIGBUS: [libjvm.so+0x64a040], sa_mask[0]=0x7ffbfeff, sa_flags=0x10000004
SIGFPE: [libjvm.so+0x51c0d0], sa_mask[0]=0x7ffbfeff, sa_flags=0x10000004
SIGPIPE: [libjvm.so+0x51c0d0], sa_mask[0]=0x7ffbfeff, sa_flags=0x10000004
SIGXFSZ: [libjvm.so+0x51c0d0], sa_mask[0]=0x7ffbfeff, sa_flags=0x10000004
SIGILL: [libjvm.so+0x51c0d0], sa_mask[0]=0x7ffbfeff, sa_flags=0x10000004
SIGUSR1: SIG_DFL, sa_mask[0]=0x00000000, sa_flags=0x00000000
SIGUSR2: [libjvm.so+0x51b780], sa_mask[0]=0x00000004, sa_flags=0x10000004
SIGHUP: [libjvm.so+0x51e2f0], sa_mask[0]=0x7ffbfeff, sa_flags=0x10000004
SIGINT: [libjvm.so+0x51e2f0], sa_mask[0]=0x7ffbfeff, sa_flags=0x10000004
SIGTERM: [libjvm.so+0x51e2f0], sa_mask[0]=0x7ffbfeff, sa_flags=0x10000004
SIGQUIT: [libjvm.so+0x51e2f0], sa_mask[0]=0x7ffbfeff, sa_flags=0x10000004


---------------  S Y S T E M  ---------------

OS:Ubuntu 10.04 (lucid)
uname:Linux 2.6.32-41-generic-pae #88-Ubuntu SMP Thu Mar 29 14:24:36 UTC 2012 i686
libc:glibc 2.11.1 NPTL 2.11.1 
rlimit: STACK 8192k, CORE 0k, NPROC infinity, NOFILE 1024, AS infinity
load average:0.64 0.69 0.63

/proc/meminfo:
MemTotal:        3095260 kB
MemFree:          369120 kB
Buffers:          101468 kB
Cached:          1623284 kB
SwapCached:            0 kB
Active:          1788140 kB
Inactive:         753456 kB
Active(anon):     817328 kB
Inactive(anon):    15816 kB
Active(file):     970812 kB
Inactive(file):   737640 kB
Unevictable:          60 kB
Mlocked:              60 kB
HighTotal:       2233060 kB
HighFree:           2728 kB
LowTotal:         862200 kB
LowFree:          366392 kB
SwapTotal:       6384632 kB
SwapFree:        6384632 kB
Dirty:               268 kB
Writeback:             0 kB
AnonPages:        816944 kB
Mapped:           151012 kB
Shmem:             16304 kB
Slab:             122520 kB
SReclaimable:     110416 kB
SUnreclaim:        12104 kB
KernelStack:        2888 kB
PageTables:         8264 kB
NFS_Unstable:          0 kB
Bounce:                0 kB
WritebackTmp:          0 kB
CommitLimit:     7932260 kB
Committed_AS:    1738280 kB
VmallocTotal:     122880 kB
VmallocUsed:       65636 kB
VmallocChunk:      48124 kB
HardwareCorrupted:     0 kB
HugePages_Total:       0
HugePages_Free:        0
HugePages_Rsvd:        0
HugePages_Surp:        0
Hugepagesize:       2048 kB
DirectMap4k:      106488 kB
DirectMap2M:      804864 kB


CPU:total 2 (2 cores per cpu, 1 threads per core) family 15 model 75 stepping 2, cmov, cx8, fxsr, mmx, sse, sse2, sse3, mmxext, 3dnow, 3dnowext

Memory: 4k page, physical 3095260k(369120k free), swap 6384632k(6384632k free)

vm_info: OpenJDK Server VM (19.0-b09) for linux-x86 JRE (1.6.0_20-b20), built on Feb 17 2012 07:22:18 by "buildd" with gcc 4.4.3

time: Fri May 18 18:06:58 2012
elapsed time: 8 seconds

