#
# A fatal error has been detected by the Java Runtime Environment:
#
#  SIGSEGV (0xb) at pc=0x71114ddd, pid=3311, tid=3061431152
#
# JRE version: 6.0_23-b23
# Java VM: OpenJDK Server VM (20.0-b11 mixed mode linux-x86 )
# Derivative: IcedTea6 1.11pre
# Distribution: Ubuntu 11.10, package 6b23~pre11-0ubuntu1.11.10.2
# Problematic frame:
# C  [libXnVFeatures_1_5_2.so+0x39ddd]  XnVSkeletonGenerator::IsCalibrated(unsigned int)+0x2d
#
# If you would like to submit a bug report, please include
# instructions how to reproduce the bug and visit:
#   https://bugs.launchpad.net/ubuntu/+source/openjdk-6/
# The crash happened outside the Java Virtual Machine in native code.
# See problematic frame for where to report the bug.
#

---------------  T H R E A D  ---------------

Current thread (0x08792800):  JavaThread "main" [_thread_in_native, id=3317, stack(0xb674b000,0xb679c000)]

siginfo:si_signo=SIGSEGV: si_errno=0, si_code=1 (SEGV_MAPERR), si_addr=0x6f2680c0

Registers:
EAX=0x6f238008, EBX=0x714e4ff4, ECX=0x00000001, EDX=0x00000000
ESP=0xb679af40, EBP=0xb679af58, ESI=0xb679afdc, EDI=0x08792800
EIP=0x71114ddd, EFLAGS=0x00210202, CR2=0x6f2680c0

Top of Stack: (sp=0xb679af40)
0xb679af40:   6c458050 00000001 00000000 00000000
0xb679af50:   b679afdc 714e4ff4 b679af78 711002c1
0xb679af60:   6c458008 00000001 714dd698 ffffffff
0xb679af70:   71d6ba59 71d79ff4 b679af98 71badf82
0xb679af80:   6c458008 00000001 6c4ba568 00000000
0xb679af90:   a48fa4b8 08792800 b679afb8 71d69a44
0xb679afa0:   6c4ba568 00000001 7b28b7d8 a48fa4b8
0xb679afb0:   6c4ba568 00000000 b679afe8 b3719ef0 

Instructions: (pc=0x71114ddd)
0x71114dbd:   fe ff 81 c3 35 02 3d 00 89 44 24 04 8b 45 08 83
0x71114dcd:   c0 48 89 04 24 e8 49 37 16 00 31 d2 85 c0 74 13
0x71114ddd:   80 b8 b8 00 03 00 00 74 12 0f b6 90 fc 18 02 00
0x71114ded:   0f b6 d2 83 c4 14 89 d0 5b 5d c3 0f b6 90 18 4e 

Register to memory mapping:

EAX=0x6f238008 is an unknown value
EBX=0x714e4ff4: <offset 0x409ff4> in /usr/lib/libXnVFeatures_1_5_2.so at 0x710db000
ECX=0x00000001 is an unknown value
EDX=0x00000000 is an unknown value
ESP=0xb679af40 is pointing into the stack for thread: 0x08792800
EBP=0xb679af58 is pointing into the stack for thread: 0x08792800
ESI=0xb679afdc is pointing into the stack for thread: 0x08792800
EDI=0x08792800 is a thread


Stack: [0xb674b000,0xb679c000],  sp=0xb679af40,  free space=319k
Native frames: (J=compiled Java code, j=interpreted, Vv=VM code, C=native code)
C  [libXnVFeatures_1_5_2.so+0x39ddd]  XnVSkeletonGenerator::IsCalibrated(unsigned int)+0x2d
C  [libXnVFeatures_1_5_2.so+0x252c1]  __ModuleIsSkeletonCalibrated(void*, unsigned int)+0x61
C  [libOpenNI.so+0x2ef82]  xnIsSkeletonCalibrated+0x42
C  [libOpenNI.jni.so+0xea44]  Java_org_OpenNI_NativeMethods_xnIsSkeletonCalibrated+0x24
J  org.OpenNI.NativeMethods.xnIsSkeletonCalibrated(JI)Z

Java frames: (J=compiled Java code, j=interpreted, Vv=VM code)
J  org.OpenNI.NativeMethods.xnIsSkeletonCalibrated(JI)Z
J  control.DeviceManager.waitForUserIsCalibrated(I)V
j  control.DeviceManager.getKinectSkeletonLauncher(I)Llaunchers/KinectSkeletonLauncher;+39
j  test.TestGrande.<init>()V+24
j  test.TestGrande.main([Ljava/lang/String;)V+11
v  ~StubRoutines::call_stub

---------------  P R O C E S S  ---------------

Java Threads: ( => current thread )
  0x71e9e000 JavaThread "Thread-1" [_thread_in_native, id=3339, stack(0x6f718000,0x6f769000)]
  0x71e00800 JavaThread "Low Memory Detector" daemon [_thread_blocked, id=3326, stack(0x71f8e000,0x71fdf000)]
  0x08832c00 JavaThread "C2 CompilerThread1" daemon [_thread_blocked, id=3325, stack(0x71fdf000,0x72060000)]
  0x08830c00 JavaThread "C2 CompilerThread0" daemon [_thread_blocked, id=3324, stack(0x72060000,0x720e1000)]
  0x0882f400 JavaThread "Signal Dispatcher" daemon [_thread_blocked, id=3323, stack(0x720e1000,0x72132000)]
  0x0881c800 JavaThread "Finalizer" daemon [_thread_in_native, id=3322, stack(0x724a4000,0x724f5000)]
  0x0881b000 JavaThread "Reference Handler" daemon [_thread_blocked, id=3321, stack(0x724f5000,0x72546000)]
=>0x08792800 JavaThread "main" [_thread_in_native, id=3317, stack(0xb674b000,0xb679c000)]

Other Threads:
  0x08817400 VMThread [stack: 0x72546000,0x725c7000] [id=3320]
  0x71e02800 WatcherThread [stack: 0x71f0d000,0x71f8e000] [id=3327]

VM state:not at safepoint (normal execution)

VM Mutex/Monitor currently owned by a thread: None

Heap
 PSYoungGen      total 163392K, used 153480K [0xa0800000, 0xb3010000, 0xb3600000)
  eden space 71936K, 94% used [0xa0800000,0xa4a522d8,0xa4e40000)
  from space 91456K, 93% used [0xa4e40000,0xaa1d0000,0xaa790000)
  to   space 103040K, 0% used [0xacb70000,0xacb70000,0xb3010000)
 PSOldGen        total 149376K, used 89966K [0x7ac00000, 0x83de0000, 0xa0800000)
  object space 149376K, 60% used [0x7ac00000,0x803db998,0x83de0000)
 PSPermGen       total 16384K, used 4033K [0x72c00000, 0x73c00000, 0x7ac00000)
  object space 16384K, 24% used [0x72c00000,0x72ff0738,0x73c00000)

Code Cache  [0xb36c8000, 0xb3908000, 0xb66c8000)
 total_blobs=180 nmethods=58 adapters=77 free_code_cache=49959040 largest_free_block=14912

Dynamic libraries:
08048000-08051000 r-xp 00000000 08:01 3029976    /usr/lib/jvm/java-6-openjdk/jre/bin/java
08051000-08052000 r--p 00008000 08:01 3029976    /usr/lib/jvm/java-6-openjdk/jre/bin/java
08052000-08053000 rw-p 00009000 08:01 3029976    /usr/lib/jvm/java-6-openjdk/jre/bin/java
0878b000-08ae3000 rw-p 00000000 00:00 0          [heap]
5c7d2000-5c900000 rw-p 00000000 00:00 0 
5c900000-5c9a1000 rw-p 00000000 00:00 0 
5c9a1000-5ca00000 ---p 00000000 00:00 0 
5caa0000-5cb00000 rw-p 00000000 00:00 0 
5cb00000-5cbf7000 rw-p 00000000 00:00 0 
5cbf7000-5cc00000 ---p 00000000 00:00 0 
5cc1a000-5d200000 rw-p 00000000 00:00 0 
5d200000-5d2f4000 rw-p 00000000 00:00 0 
5d2f4000-5d300000 ---p 00000000 00:00 0 
5d306000-5d5d2000 rw-p 00000000 00:00 0 
5d700000-5d800000 rw-p 00000000 00:00 0 
5d801000-5d900000 rw-p 00000000 00:00 0 
5d900000-5d9fe000 rw-p 00000000 00:00 0 
5d9fe000-5da00000 ---p 00000000 00:00 0 
5da1f000-5da42000 rw-p 00000000 00:00 0 
5e100000-5e1f3000 rw-p 00000000 00:00 0 
5e1f3000-5e200000 ---p 00000000 00:00 0 
5e218000-5e23b000 rw-p 00000000 00:00 0 
5e500000-5e600000 rw-p 00000000 00:00 0 
5e610000-5e664000 rw-p 00000000 00:00 0 
5e800000-5e8fb000 rw-p 00000000 00:00 0 
5e8fb000-5e900000 ---p 00000000 00:00 0 
5ef00000-5eff8000 rw-p 00000000 00:00 0 
5eff8000-5f000000 ---p 00000000 00:00 0 
5f31f000-5f50a000 rw-p 00000000 00:00 0 
5f50a000-61600000 r--s 00000000 00:12 33778      /run/shm/3329_045e.02ae@1.6_Image
61600000-61700000 rw-p 00000000 00:00 0 
61769000-61800000 rw-p 00000000 00:00 0 
61800000-619f9000 rw-p 00000000 00:00 0 
619f9000-61a00000 ---p 00000000 00:00 0 
61a00000-61c00000 rw-p 00000000 00:00 0 
61c00000-61cff000 rw-p 00000000 00:00 0 
61cff000-61d00000 ---p 00000000 00:00 0 
61d00000-61dff000 rw-p 00000000 00:00 0 
61dff000-61e00000 ---p 00000000 00:00 0 
61e00000-62000000 rw-p 00000000 00:00 0 
62000000-62200000 rw-p 00000000 00:00 0 
62200000-62400000 rw-p 00000000 00:00 0 
62400000-62600000 rw-p 00000000 00:00 0 
62600000-62800000 rw-p 00000000 00:00 0 
62800000-62a00000 rw-p 00000000 00:00 0 
62a00000-62c00000 rw-p 00000000 00:00 0 
62c00000-62e00000 rw-p 00000000 00:00 0 
62e00000-63000000 rw-p 00000000 00:00 0 
63000000-63200000 rw-p 00000000 00:00 0 
63200000-63400000 rw-p 00000000 00:00 0 
63400000-63600000 rw-p 00000000 00:00 0 
63600000-63800000 rw-p 00000000 00:00 0 
63800000-638ff000 rw-p 00000000 00:00 0 
638ff000-63900000 ---p 00000000 00:00 0 
63900000-63a00000 rw-p 00000000 00:00 0 
63a00000-63bff000 rw-p 00000000 00:00 0 
63bff000-63c00000 ---p 00000000 00:00 0 
63c00000-63e00000 rw-p 00000000 00:00 0 
63e00000-64000000 rw-p 00000000 00:00 0 
64000000-64200000 rw-p 00000000 00:00 0 
64200000-64400000 rw-p 00000000 00:00 0 
64400000-64600000 rw-p 00000000 00:00 0 
64600000-64800000 rw-p 00000000 00:00 0 
64800000-64a00000 rw-p 00000000 00:00 0 
64a00000-64c00000 rw-p 00000000 00:00 0 
64c00000-64e00000 rw-p 00000000 00:00 0 
64e00000-65000000 rw-p 00000000 00:00 0 
65000000-65200000 rw-p 00000000 00:00 0 
65200000-652ff000 rw-p 00000000 00:00 0 
652ff000-65300000 ---p 00000000 00:00 0 
65307000-6b300000 rw-p 00000000 00:00 0 
6b300000-6b400000 rw-p 00000000 00:00 0 
6b43f000-6c300000 rw-p 00000000 00:00 0 
6c300000-6c500000 rw-p 00000000 00:00 0 
6c500000-6c600000 rw-p 00000000 00:00 0 
6c61d000-6c700000 rw-p 00000000 00:00 0 
6c700000-6c7f9000 rw-p 00000000 00:00 0 
6c7f9000-6c800000 ---p 00000000 00:00 0 
6c869000-6c900000 rw-p 00000000 00:00 0 
6c900000-6ca00000 rw-p 00000000 00:00 0 
6ca69000-6cb00000 rw-p 00000000 00:00 0 
6cb00000-6cbf8000 rw-p 00000000 00:00 0 
6cbf8000-6cc00000 ---p 00000000 00:00 0 
6cc7c000-6dce3000 rw-p 00000000 00:00 0 
6dce3000-6e067000 r--s 00000000 00:12 33960      /run/shm/3329_045e.02ae@1.6_Depth
6e067000-6e0fe000 rw-p 00000000 00:00 0 
6e0fe000-6e0ff000 ---p 00000000 00:00 0 
6e0ff000-6e8ff000 rwxp 00000000 00:00 0 
6e8ff000-6ed00000 rw-p 00000000 00:00 0 
6ed00000-6edf9000 rw-p 00000000 00:00 0 
6edf9000-6ee00000 ---p 00000000 00:00 0 
6ee1d000-6ef00000 rw-p 00000000 00:00 0 
6ef00000-6eff4000 rw-p 00000000 00:00 0 
6eff4000-6f000000 ---p 00000000 00:00 0 
6f069000-6f100000 rw-p 00000000 00:00 0 
6f100000-6f200000 rw-p 00000000 00:00 0 
6f269000-6f300000 rw-p 00000000 00:00 0 
6f300000-6f3ff000 rw-p 00000000 00:00 0 
6f3ff000-6f400000 ---p 00000000 00:00 0 
6f404000-6f600000 rw-p 00000000 00:00 0 
6f600000-6f6f8000 rw-p 00000000 00:00 0 
6f6f8000-6f700000 ---p 00000000 00:00 0 
6f718000-6f71b000 ---p 00000000 00:00 0 
6f71b000-6f769000 rwxp 00000000 00:00 0 
6f769000-6f800000 rw-p 00000000 00:00 0 
6f800000-6f8ff000 rw-p 00000000 00:00 0 
6f8ff000-6f900000 ---p 00000000 00:00 0 
6f900000-6fa00000 rw-p 00000000 00:00 0 
6fa00000-6fafd000 rw-p 00000000 00:00 0 
6fafd000-6fb00000 ---p 00000000 00:00 0 
6fb2f000-6feb3000 r--s 00000000 00:12 33960      /run/shm/3329_045e.02ae@1.6_Depth
6feb3000-6ff4a000 rw-p 00000000 00:00 0 
6ff4a000-6ff4b000 ---p 00000000 00:00 0 
6ff4b000-7074b000 rwxp 00000000 00:00 0 
7074b000-70b4c000 rw-p 00000000 00:00 0 
70b4c000-70bd8000 r-xp 00000000 08:01 2504881    /usr/lib/libXnDeviceSensorV2KM.so
70bd8000-70be1000 r--p 0008b000 08:01 2504881    /usr/lib/libXnDeviceSensorV2KM.so
70be1000-70be2000 rw-p 00094000 08:01 2504881    /usr/lib/libXnDeviceSensorV2KM.so
70be2000-70c0e000 r-xp 00000000 08:01 2504355    /usr/lib/libXnDeviceFile.so
70c0e000-70c0f000 ---p 0002c000 08:01 2504355    /usr/lib/libXnDeviceFile.so
70c0f000-70c10000 r--p 0002c000 08:01 2504355    /usr/lib/libXnDeviceFile.so
70c10000-70c11000 rw-p 0002d000 08:01 2504355    /usr/lib/libXnDeviceFile.so
70c11000-70c63000 r-xp 00000000 08:01 2504354    /usr/lib/libXnDDK.so
70c63000-70c64000 ---p 00052000 08:01 2504354    /usr/lib/libXnDDK.so
70c64000-70c66000 r--p 00052000 08:01 2504354    /usr/lib/libXnDDK.so
70c66000-70c67000 rw-p 00054000 08:01 2504354    /usr/lib/libXnDDK.so
70c67000-70c8a000 r-xp 00000000 08:01 2504357    /usr/lib/libXnFormats.so
70c8a000-70c8b000 r--p 00022000 08:01 2504357    /usr/lib/libXnFormats.so
70c8b000-70c8c000 rw-p 00023000 08:01 2504357    /usr/lib/libXnFormats.so
70c8c000-70cac000 rw-p 00000000 00:00 0 
70cac000-70d45000 r-xp 00000000 08:01 2504356    /usr/lib/libXnDeviceSensorV2.so
70d45000-70d4e000 r--p 00098000 08:01 2504356    /usr/lib/libXnDeviceSensorV2.so
70d4e000-70d4f000 rw-p 000a1000 08:01 2504356    /usr/lib/libXnDeviceSensorV2.so
70d4f000-70e32000 r-xp 00000000 08:01 2504285    /usr/lib/libXnVHandGenerator_1_5_2.so
70e32000-70e35000 r--p 000e3000 08:01 2504285    /usr/lib/libXnVHandGenerator_1_5_2.so
70e35000-70e36000 rw-p 000e6000 08:01 2504285    /usr/lib/libXnVHandGenerator_1_5_2.so
70e36000-70e42000 rw-p 00000000 00:00 0 
70e42000-70f17000 r-xp 00000000 08:01 2504282    /usr/lib/libXnVHandGenerator_1_4_2.so
70f17000-70f18000 ---p 000d5000 08:01 2504282    /usr/lib/libXnVHandGenerator_1_4_2.so
70f18000-70f1a000 r--p 000d5000 08:01 2504282    /usr/lib/libXnVHandGenerator_1_4_2.so
70f1a000-70f1b000 rw-p 000d7000 08:01 2504282    /usr/lib/libXnVHandGenerator_1_4_2.so
70f1b000-70f1d000 rw-p 00000000 00:00 0 
70f1d000-70ff1000 r-xp 00000000 08:01 2504279    /usr/lib/libXnVHandGenerator_1_4_1.so
70ff1000-70ff2000 ---p 000d4000 08:01 2504279    /usr/lib/libXnVHandGenerator_1_4_1.so
70ff2000-70ff4000 r--p 000d4000 08:01 2504279    /usr/lib/libXnVHandGenerator_1_4_1.so
70ff4000-70ff5000 rw-p 000d6000 08:01 2504279    /usr/lib/libXnVHandGenerator_1_4_1.so
70ff5000-70ff7000 rw-p 00000000 00:00 0 
70ff7000-710d5000 r-xp 00000000 08:01 2504275    /usr/lib/libXnVHandGenerator_1_3_1.so
710d5000-710d8000 r--p 000dd000 08:01 2504275    /usr/lib/libXnVHandGenerator_1_3_1.so
710d8000-710d9000 rw-p 000e0000 08:01 2504275    /usr/lib/libXnVHandGenerator_1_3_1.so
710d9000-710db000 rw-p 00000000 00:00 0 
710db000-714dc000 r-xp 00000000 08:01 2504268    /usr/lib/libXnVFeatures_1_5_2.so
714dc000-714dd000 ---p 00401000 08:01 2504268    /usr/lib/libXnVFeatures_1_5_2.so
714dd000-714e5000 r--p 00401000 08:01 2504268    /usr/lib/libXnVFeatures_1_5_2.so
714e5000-714e6000 rw-p 00409000 08:01 2504268    /usr/lib/libXnVFeatures_1_5_2.so
714e6000-714fa000 rw-p 00000000 00:00 0 
714fa000-716e1000 r-xp 00000000 08:01 2504257    /usr/lib/libXnVFeatures_1_4_2.so
716e1000-716e4000 r--p 001e6000 08:01 2504257    /usr/lib/libXnVFeatures_1_4_2.so
716e4000-716e5000 rw-p 001e9000 08:01 2504257    /usr/lib/libXnVFeatures_1_4_2.so
716e5000-716ea000 rw-p 00000000 00:00 0 
716ea000-718d1000 r-xp 00000000 08:01 2504252    /usr/lib/libXnVFeatures_1_4_1.so
718d1000-718d4000 r--p 001e6000 08:01 2504252    /usr/lib/libXnVFeatures_1_4_1.so
718d4000-718d5000 rw-p 001e9000 08:01 2504252    /usr/lib/libXnVFeatures_1_4_1.so
718d5000-718da000 rw-p 00000000 00:00 0 
718da000-71af8000 r-xp 00000000 08:01 2504247    /usr/lib/libXnVFeatures_1_3_1.so
71af8000-71af9000 ---p 0021e000 08:01 2504247    /usr/lib/libXnVFeatures_1_3_1.so
71af9000-71afc000 r--p 0021e000 08:01 2504247    /usr/lib/libXnVFeatures_1_3_1.so
71afc000-71afd000 rw-p 00221000 08:01 2504247    /usr/lib/libXnVFeatures_1_3_1.so
71afd000-71b02000 rw-p 00000000 00:00 0 
71b02000-71b25000 r-xp 00000000 08:01 2503957    /usr/lib/libnimRecorder.so
71b25000-71b26000 r--p 00023000 08:01 2503957    /usr/lib/libnimRecorder.so
71b26000-71b27000 rw-p 00024000 08:01 2503957    /usr/lib/libnimRecorder.so
71b27000-71b5b000 r-xp 00000000 08:01 2503954    /usr/lib/libnimCodecs.so
71b5b000-71b5c000 ---p 00034000 08:01 2503954    /usr/lib/libnimCodecs.so
71b5c000-71b5e000 r--p 00034000 08:01 2503954    /usr/lib/libnimCodecs.so
71b5e000-71b5f000 rw-p 00036000 08:01 2503954    /usr/lib/libnimCodecs.so
71b5f000-71b7f000 rw-p 00000000 00:00 0 
71b7f000-71bfc000 r-xp 00000000 08:01 2503960    /usr/lib/libOpenNI.so
71bfc000-71bfe000 r--p 0007c000 08:01 2503960    /usr/lib/libOpenNI.so
71bfe000-71c00000 rw-p 0007e000 08:01 2503960    /usr/lib/libOpenNI.so
71c00000-71cfb000 rw-p 00000000 00:00 0 
71cfb000-71d00000 ---p 00000000 00:00 0 
71d0f000-71d12000 r-xp 00000000 08:01 2504353    /usr/lib/libXnCore.so
71d12000-71d13000 r--p 00002000 08:01 2504353    /usr/lib/libXnCore.so
71d13000-71d14000 rw-p 00003000 08:01 2504353    /usr/lib/libXnCore.so
71d14000-71d45000 r-xp 00000000 08:01 2503956    /usr/lib/libnimMockNodes.so
71d45000-71d4b000 r--p 00031000 08:01 2503956    /usr/lib/libnimMockNodes.so
71d4b000-71d4c000 rw-p 00037000 08:01 2503956    /usr/lib/libnimMockNodes.so
71d4c000-71d59000 r-xp 00000000 08:01 1704944    /lib/i386-linux-gnu/libusb-1.0.so.0.0.0
71d59000-71d5a000 r--p 0000c000 08:01 1704944    /lib/i386-linux-gnu/libusb-1.0.so.0.0.0
71d5a000-71d5b000 rw-p 0000d000 08:01 1704944    /lib/i386-linux-gnu/libusb-1.0.so.0.0.0
71d5b000-71d79000 r-xp 00000000 08:01 2503959    /usr/lib/libOpenNI.jni.so
71d79000-71d7a000 r--p 0001d000 08:01 2503959    /usr/lib/libOpenNI.jni.so
71d7a000-71d7c000 rw-p 0001e000 08:01 2503959    /usr/lib/libOpenNI.jni.so
71d7c000-71d81000 r-xp 00000000 08:01 2513317    /usr/lib/libusbpp-0.1.so.4.4.4
71d81000-71d82000 r--p 00004000 08:01 2513317    /usr/lib/libusbpp-0.1.so.4.4.4
71d82000-71d83000 rw-p 00005000 08:01 2513317    /usr/lib/libusbpp-0.1.so.4.4.4
71d83000-71d8a000 r-xp 00000000 08:01 1704036    /lib/libusb-0.1.so.4.4.4
71d8a000-71d8b000 r--p 00006000 08:01 1704036    /lib/libusb-0.1.so.4.4.4
71d8b000-71d8c000 rw-p 00007000 08:01 1704036    /lib/libusb-0.1.so.4.4.4
71d8c000-71d8d000 rw-p 00000000 00:00 0 
71da2000-71daa000 r-xp 00000000 08:01 269300     /usr/lib/libusbJava.so.0.2.4
71daa000-71dab000 rw-p 00007000 08:01 269300     /usr/lib/libusbJava.so.0.2.4
71dab000-71dc0000 r-xp 00000000 08:01 2886130    /usr/lib/jvm/java-6-openjdk/jre/lib/i386/libnet.so
71dc0000-71dc1000 r--p 00014000 08:01 2886130    /usr/lib/jvm/java-6-openjdk/jre/lib/i386/libnet.so
71dc1000-71dc2000 rw-p 00015000 08:01 2886130    /usr/lib/jvm/java-6-openjdk/jre/lib/i386/libnet.so
71dc2000-71de0000 r--s 0024d000 08:01 273854     /home/norut/workspace/CommModule3.0/lib/KinectLibrary.jar
71de0000-71de2000 r--s 0004c000 08:01 273576     /home/norut/workspace/CommModule3.0/lib/vecmath.jar
71de2000-71de6000 r--s 0001b000 08:01 273575     /home/norut/workspace/CommModule3.0/lib/org.OpenNI.jar
71de6000-71df4000 r--s 00193000 08:01 273572     /home/norut/workspace/CommModule3.0/lib/j3dutils.jar
71df4000-71e00000 r--s 002c7000 08:01 273571     /home/norut/workspace/CommModule3.0/lib/j3dcore.jar
71e00000-71f00000 rw-p 00000000 00:00 0 
71f01000-71f05000 r--s 000fc000 08:01 272532     /home/norut/workspace/CommModule3.0/lib/NoninLibrary.jar
71f05000-71f08000 r--s 00012000 08:01 272538     /home/norut/workspace/CommModule3.0/lib/IRGlanceLibrary.jar
71f08000-71f0d000 r--s 0009b000 08:01 272528     /home/norut/workspace/CommModule3.0/lib/WiiboardSimple2.0.jar
71f0d000-71f0e000 ---p 00000000 00:00 0 
71f0e000-71fdf000 rwxp 00000000 00:00 0 
71fdf000-71fe0000 ---p 00000000 00:00 0 
71fe0000-72060000 rwxp 00000000 00:00 0 
72060000-72061000 ---p 00000000 00:00 0 
72061000-72132000 rwxp 00000000 00:00 0 
72132000-72133000 r--p 006a5000 08:01 2497487    /usr/lib/locale/locale-archive
72133000-72264000 r--p 0043d000 08:01 2497487    /usr/lib/locale/locale-archive
72264000-722a4000 r--p 002bd000 08:01 2497487    /usr/lib/locale/locale-archive
722a4000-724a4000 r--p 00000000 08:01 2497487    /usr/lib/locale/locale-archive
724a4000-72546000 rwxp 00000000 00:00 0 
72546000-72547000 ---p 00000000 00:00 0 
72547000-725c7000 rwxp 00000000 00:00 0 
725c7000-725fa000 rw-p 00000000 00:00 0 
725fa000-7278a000 r--s 037ba000 08:01 2886099    /usr/lib/jvm/java-6-openjdk/jre/lib/rt.jar
7278a000-7278b000 ---p 00000000 00:00 0 
7278b000-7280b000 rwxp 00000000 00:00 0 
7280b000-7280c000 ---p 00000000 00:00 0 
7280c000-7288c000 rwxp 00000000 00:00 0 
7288c000-72894000 rw-p 00000000 00:00 0 
72894000-728cc000 rw-p 00000000 00:00 0 
728cc000-72915000 rw-p 00000000 00:00 0 
72915000-729fa000 rw-p 00000000 00:00 0 
729fa000-72a02000 rw-p 00000000 00:00 0 
72a02000-72a3a000 rw-p 00000000 00:00 0 
72a3a000-72a83000 rw-p 00000000 00:00 0 
72a83000-72b68000 rw-p 00000000 00:00 0 
72b68000-72bfd000 rw-p 00000000 00:00 0 
72bfd000-72bff000 rw-p 00000000 00:00 0 
72bff000-73c00000 rw-p 00000000 00:00 0 
73c00000-7ac00000 rw-p 00000000 00:00 0 
7ac00000-83de0000 rw-p 00000000 00:00 0 
83de0000-a0800000 rw-p 00000000 00:00 0 
a0800000-b3010000 rw-p 00000000 00:00 0 
b3010000-b3600000 rw-p 00000000 00:00 0 
b3600000-b3608000 r--s 00066000 08:01 2895241    /usr/share/java/gnome-java-bridge.jar
b3608000-b3611000 rw-p 00000000 00:00 0 
b3611000-b36c8000 rw-p 00000000 00:00 0 
b36c8000-b3908000 rwxp 00000000 00:00 0 
b3908000-b66c8000 rw-p 00000000 00:00 0 
b66c8000-b66d3000 r-xp 00000000 08:01 1713725    /lib/i386-linux-gnu/libnss_files-2.13.so
b66d3000-b66d4000 r--p 0000a000 08:01 1713725    /lib/i386-linux-gnu/libnss_files-2.13.so
b66d4000-b66d5000 rw-p 0000b000 08:01 1713725    /lib/i386-linux-gnu/libnss_files-2.13.so
b66d5000-b66df000 r-xp 00000000 08:01 1713727    /lib/i386-linux-gnu/libnss_nis-2.13.so
b66df000-b66e0000 r--p 00009000 08:01 1713727    /lib/i386-linux-gnu/libnss_nis-2.13.so
b66e0000-b66e1000 rw-p 0000a000 08:01 1713727    /lib/i386-linux-gnu/libnss_nis-2.13.so
b66e1000-b66f6000 r-xp 00000000 08:01 1713722    /lib/i386-linux-gnu/libnsl-2.13.so
b66f6000-b66f7000 r--p 00015000 08:01 1713722    /lib/i386-linux-gnu/libnsl-2.13.so
b66f7000-b66f8000 rw-p 00016000 08:01 1713722    /lib/i386-linux-gnu/libnsl-2.13.so
b66f8000-b66fa000 rw-p 00000000 00:00 0 
b66fa000-b6702000 r-xp 00000000 08:01 1713723    /lib/i386-linux-gnu/libnss_compat-2.13.so
b6702000-b6703000 r--p 00007000 08:01 1713723    /lib/i386-linux-gnu/libnss_compat-2.13.so
b6703000-b6704000 rw-p 00008000 08:01 1713723    /lib/i386-linux-gnu/libnss_compat-2.13.so
b6704000-b6705000 rw-s 00000000 00:12 33983      /run/shm/045e.02ae@1.6-SM
b6705000-b6708000 r--s 00011000 08:01 273529     /home/norut/workspace/CommModule3.0/lib/wii-gee-plugin-wiimote-android_fat.jar
b6708000-b670f000 r-xp 00000000 08:01 2896164    /usr/lib/jvm/java-6-openjdk/jre/lib/i386/libzip.so
b670f000-b6710000 r--p 00006000 08:01 2896164    /usr/lib/jvm/java-6-openjdk/jre/lib/i386/libzip.so
b6710000-b6711000 rw-p 00007000 08:01 2896164    /usr/lib/jvm/java-6-openjdk/jre/lib/i386/libzip.so
b6711000-b6719000 rw-s 00000000 08:01 1582110    /tmp/hsperfdata_root/3311
b6719000-b673f000 r-xp 00000000 08:01 2886119    /usr/lib/jvm/java-6-openjdk/jre/lib/i386/libjava.so
b673f000-b6740000 r--p 00025000 08:01 2886119    /usr/lib/jvm/java-6-openjdk/jre/lib/i386/libjava.so
b6740000-b6742000 rw-p 00026000 08:01 2886119    /usr/lib/jvm/java-6-openjdk/jre/lib/i386/libjava.so
b6742000-b6749000 r-xp 00000000 08:01 1713732    /lib/i386-linux-gnu/librt-2.13.so
b6749000-b674a000 r--p 00006000 08:01 1713732    /lib/i386-linux-gnu/librt-2.13.so
b674a000-b674b000 rw-p 00007000 08:01 1713732    /lib/i386-linux-gnu/librt-2.13.so
b674b000-b674c000 ---p 00000000 00:00 0 
b674c000-b679c000 rwxp 00000000 00:00 0 
b679c000-b67b8000 r-xp 00000000 08:01 1704890    /lib/i386-linux-gnu/libgcc_s.so.1
b67b8000-b67b9000 r--p 0001b000 08:01 1704890    /lib/i386-linux-gnu/libgcc_s.so.1
b67b9000-b67ba000 rw-p 0001c000 08:01 1704890    /lib/i386-linux-gnu/libgcc_s.so.1
b67ba000-b67e2000 r-xp 00000000 08:01 1713720    /lib/i386-linux-gnu/libm-2.13.so
b67e2000-b67e3000 r--p 00028000 08:01 1713720    /lib/i386-linux-gnu/libm-2.13.so
b67e3000-b67e4000 rw-p 00029000 08:01 1713720    /lib/i386-linux-gnu/libm-2.13.so
b67e4000-b68c2000 r-xp 00000000 08:01 2495867    /usr/lib/i386-linux-gnu/libstdc++.so.6.0.16
b68c2000-b68c3000 ---p 000de000 08:01 2495867    /usr/lib/i386-linux-gnu/libstdc++.so.6.0.16
b68c3000-b68c7000 r--p 000de000 08:01 2495867    /usr/lib/i386-linux-gnu/libstdc++.so.6.0.16
b68c7000-b68c8000 rw-p 000e2000 08:01 2495867    /usr/lib/i386-linux-gnu/libstdc++.so.6.0.16
b68c8000-b68cf000 rw-p 00000000 00:00 0 
b68cf000-b70ed000 r-xp 00000000 08:01 3028099    /usr/lib/jvm/java-6-openjdk/jre/lib/i386/server/libjvm.so
b70ed000-b7132000 r--p 0081e000 08:01 3028099    /usr/lib/jvm/java-6-openjdk/jre/lib/i386/server/libjvm.so
b7132000-b7141000 rw-p 00863000 08:01 3028099    /usr/lib/jvm/java-6-openjdk/jre/lib/i386/server/libjvm.so
b7141000-b755d000 rw-p 00000000 00:00 0 
b755d000-b7570000 r-xp 00000000 08:01 1704952    /lib/i386-linux-gnu/libz.so.1.2.3.4
b7570000-b7571000 r--p 00012000 08:01 1704952    /lib/i386-linux-gnu/libz.so.1.2.3.4
b7571000-b7572000 rw-p 00013000 08:01 1704952    /lib/i386-linux-gnu/libz.so.1.2.3.4
b7572000-b76ea000 r-xp 00000000 08:01 1713716    /lib/i386-linux-gnu/libc-2.13.so
b76ea000-b76ec000 r--p 00178000 08:01 1713716    /lib/i386-linux-gnu/libc-2.13.so
b76ec000-b76ed000 rw-p 0017a000 08:01 1713716    /lib/i386-linux-gnu/libc-2.13.so
b76ed000-b76f0000 rw-p 00000000 00:00 0 
b76f0000-b76f3000 r-xp 00000000 08:01 1713719    /lib/i386-linux-gnu/libdl-2.13.so
b76f3000-b76f4000 r--p 00002000 08:01 1713719    /lib/i386-linux-gnu/libdl-2.13.so
b76f4000-b76f5000 rw-p 00003000 08:01 1713719    /lib/i386-linux-gnu/libdl-2.13.so
b76f5000-b76f9000 r-xp 00000000 08:01 2886103    /usr/lib/jvm/java-6-openjdk/jre/lib/i386/jli/libjli.so
b76f9000-b76fa000 r--p 00003000 08:01 2886103    /usr/lib/jvm/java-6-openjdk/jre/lib/i386/jli/libjli.so
b76fa000-b76fb000 rw-p 00004000 08:01 2886103    /usr/lib/jvm/java-6-openjdk/jre/lib/i386/jli/libjli.so
b76fb000-b76fc000 rw-p 00000000 00:00 0 
b76fc000-b7713000 r-xp 00000000 08:01 1713730    /lib/i386-linux-gnu/libpthread-2.13.so
b7713000-b7714000 r--p 00016000 08:01 1713730    /lib/i386-linux-gnu/libpthread-2.13.so
b7714000-b7715000 rw-p 00017000 08:01 1713730    /lib/i386-linux-gnu/libpthread-2.13.so
b7715000-b7717000 rw-p 00000000 00:00 0 
b7717000-b771a000 r--s 0007d000 08:01 2896155    /usr/lib/jvm/java-6-openjdk/jre/lib/jsse.jar
b771a000-b771c000 r--s 0000f000 08:01 2896143    /usr/lib/jvm/java-6-openjdk/jre/lib/ext/pulse-java.jar
b771c000-b771d000 rw-p 00000000 00:00 0 
b771d000-b771e000 r--p 00000000 00:00 0 
b771e000-b7729000 r-xp 00000000 08:01 2886139    /usr/lib/jvm/java-6-openjdk/jre/lib/i386/libverify.so
b7729000-b772a000 ---p 0000b000 08:01 2886139    /usr/lib/jvm/java-6-openjdk/jre/lib/i386/libverify.so
b772a000-b772b000 r--p 0000b000 08:01 2886139    /usr/lib/jvm/java-6-openjdk/jre/lib/i386/libverify.so
b772b000-b772c000 rw-p 0000c000 08:01 2886139    /usr/lib/jvm/java-6-openjdk/jre/lib/i386/libverify.so
b772c000-b772e000 rw-p 00000000 00:00 0 
b772e000-b772f000 r-xp 00000000 00:00 0          [vdso]
b772f000-b774d000 r-xp 00000000 08:01 1713713    /lib/i386-linux-gnu/ld-2.13.so
b774d000-b774e000 r--p 0001d000 08:01 1713713    /lib/i386-linux-gnu/ld-2.13.so
b774e000-b774f000 rw-p 0001e000 08:01 1713713    /lib/i386-linux-gnu/ld-2.13.so
bf879000-bf899000 rwxp 00000000 00:00 0          [stack]
bf899000-bf89a000 rw-p 00000000 00:00 0 

VM Arguments:
jvm_args: -Dfile.encoding=UTF-8 
java_command: test.TestGrande
Launcher Type: SUN_STANDARD

Environment Variables:
PATH=/usr/local/sbin:/usr/local/bin:/usr/sbin:/usr/bin:/sbin:/bin:/usr/X11R6/bin
USERNAME=root
LD_LIBRARY_PATH=/usr/lib/jvm/java-6-openjdk/jre/lib/i386/server:/usr/lib/jvm/java-6-openjdk/jre/lib/i386:/usr/lib/jvm/java-6-openjdk/jre/../lib/i386:/usr/lib/jvm/java-6-openjdk/jre/lib/i386/client:/usr/lib/jvm/java-6-openjdk/jre/lib/i386:
SHELL=/bin/bash
DISPLAY=:0.0

Signal Handlers:
SIGSEGV: [libjvm.so+0x66a530], sa_mask[0]=0x7ffbfeff, sa_flags=0x10000004
SIGBUS: [libjvm.so+0x66a530], sa_mask[0]=0x7ffbfeff, sa_flags=0x10000004
SIGFPE: [libjvm.so+0x52e2c0], sa_mask[0]=0x7ffbfeff, sa_flags=0x10000004
SIGPIPE: [libjvm.so+0x52e2c0], sa_mask[0]=0x7ffbfeff, sa_flags=0x10000004
SIGXFSZ: [libjvm.so+0x52e2c0], sa_mask[0]=0x7ffbfeff, sa_flags=0x10000004
SIGILL: [libjvm.so+0x52e2c0], sa_mask[0]=0x7ffbfeff, sa_flags=0x10000004
SIGUSR1: SIG_DFL, sa_mask[0]=0x00000000, sa_flags=0x00000000
SIGUSR2: [libjvm.so+0x52e150], sa_mask[0]=0x00000004, sa_flags=0x10000004
SIGHUP: [libjvm.so+0x5311f0], sa_mask[0]=0x7ffbfeff, sa_flags=0x10000004
SIGINT: [libjvm.so+0x5311f0], sa_mask[0]=0x7ffbfeff, sa_flags=0x10000004
SIGTERM: [libjvm.so+0x5311f0], sa_mask[0]=0x7ffbfeff, sa_flags=0x10000004
SIGQUIT: [libjvm.so+0x5311f0], sa_mask[0]=0x7ffbfeff, sa_flags=0x10000004


---------------  S Y S T E M  ---------------

OS:Ubuntu 11.10 (oneiric)
uname:Linux 3.0.0-17-generic-pae #30-Ubuntu SMP Thu Mar 8 17:53:35 UTC 2012 i686
libc:glibc 2.13 NPTL 2.13 
rlimit: STACK 8192k, CORE 0k, NPROC 28837, NOFILE 4096, AS infinity
load average:0.97 0.39 0.28

/proc/meminfo:
MemTotal:        3705196 kB
MemFree:         1298848 kB
Buffers:           66976 kB
Cached:           822172 kB
SwapCached:            0 kB
Active:          1624108 kB
Inactive:         558620 kB
Active(anon):    1294616 kB
Inactive(anon):    11112 kB
Active(file):     329492 kB
Inactive(file):   547508 kB
Unevictable:          60 kB
Mlocked:              60 kB
HighTotal:       2866716 kB
HighFree:         602228 kB
LowTotal:         838480 kB
LowFree:          696620 kB
SwapTotal:       3778556 kB
SwapFree:        3778556 kB
Dirty:               420 kB
Writeback:             0 kB
AnonPages:       1293548 kB
Mapped:           223220 kB
Shmem:             12152 kB
Slab:              39092 kB
SReclaimable:      23956 kB
SUnreclaim:        15136 kB
KernelStack:        3400 kB
PageTables:        10772 kB
NFS_Unstable:          0 kB
Bounce:                0 kB
WritebackTmp:          0 kB
CommitLimit:     5631152 kB
Committed_AS:    3093084 kB
VmallocTotal:     122880 kB
VmallocUsed:       45948 kB
VmallocChunk:      73640 kB
HardwareCorrupted:     0 kB
AnonHugePages:         0 kB
HugePages_Total:       0
HugePages_Free:        0
HugePages_Rsvd:        0
HugePages_Surp:        0
Hugepagesize:       2048 kB
DirectMap4k:       10232 kB
DirectMap2M:      903168 kB


CPU:total 2 (2 cores per cpu, 1 threads per core) family 20 model 1 stepping 0, cmov, cx8, fxsr, mmx, sse, sse2, sse3, ssse3, popcnt, mmxext, lzcnt, sse4a

Memory: 4k page, physical 3705196k(1298848k free), swap 3778556k(3778556k free)

vm_info: OpenJDK Server VM (20.0-b11) for linux-x86 JRE (1.6.0_23-b23), built on Feb 23 2012 06:26:43 by "buildd" with gcc 4.6.1

time: Wed Apr 18 12:53:05 2012
elapsed time: 22 seconds

