#
# A fatal error has been detected by the Java Runtime Environment:
#
#  SIGSEGV (0xb) at pc=0xb77604e5, pid=4109, tid=1921891184
#
# JRE version: 6.0_23-b23
# Java VM: OpenJDK Server VM (20.0-b11 mixed mode linux-x86 )
# Derivative: IcedTea6 1.11pre
# Distribution: Ubuntu 11.10, package 6b23~pre11-0ubuntu1.11.10.2
# Problematic frame:
# C  [libpthread.so.0+0x104e5]  __pthread_mutex_cond_lock+0x15
#
# If you would like to submit a bug report, please include
# instructions how to reproduce the bug and visit:
#   https://bugs.launchpad.net/ubuntu/+source/openjdk-6/
#

---------------  T H R E A D  ---------------

Current thread (0x0935ec00):  GCTaskThread [stack: 0x7285b000,0x728dc000] [id=4115]

siginfo:si_signo=SIGSEGV: si_errno=0, si_code=1 (SEGV_MAPERR), si_addr=0x0035fa34

Registers:
EAX=0x0035fa28, EBX=0x0935fa40, ECX=0x00000000, EDX=0x00000000
ESP=0x728daef0, EBP=0x0000000f, ESI=0x0035fa28, EDI=0x00000008
EIP=0xb77604e5, EFLAGS=0x00210206, CR2=0x0035fa34

Top of Stack: (sp=0x728daef0)
0x728daef0:   0935e770 0935e770 b7187bb0 b6e2ee2f
0x728daf00:   0935e770 0935fa40 00000000 00000008
0x728daf10:   0000000f b775ab0e 00000000 00000007
0x728daf20:   00000000 00000000 00000000 b7185ff4
0x728daf30:   0935fa00 0935fa28 0935fa40 b6e5878c
0x728daf40:   0935fa40 0035fa28 0935c35c b7000001
0x728daf50:   b7185ff4 00361140 b6e2ed69 01185ff4
0x728daf60:   0935fa00 0035e770 0935e780 00e2f533 

Instructions: (pc=0xb77604e5)
0xb77604c5:   90 90 90 90 90 90 90 90 90 90 90 83 ec 24 89 5c
0xb77604d5:   24 14 89 74 24 18 89 c6 89 7c 24 1c 89 6c 24 20
0xb77604e5:   8b 78 0c e8 7b 4f ff ff 81 c3 07 7b 00 00 89 fa
0xb77604f5:   89 f8 83 e2 7f 83 e0 7c 75 42 65 8b 2d 68 00 00 

Register to memory mapping:

EAX=0x0035fa28 is an unknown value
EBX=0x0935fa40 is an unknown value
ECX=0x00000000 is an unknown value
EDX=0x00000000 is an unknown value
ESP=0x728daef0 is an unknown value
EBP=0x0000000f is an unknown value
ESI=0x0035fa28 is an unknown value
EDI=0x00000008 is an unknown value


Stack: [0x7285b000,0x728dc000],  sp=0x728daef0,  free space=511k
Native frames: (J=compiled Java code, j=interpreted, Vv=VM code, C=native code)
C  [libpthread.so.0+0x104e5]  __pthread_mutex_cond_lock+0x15


---------------  P R O C E S S  ---------------

Java Threads: ( => current thread )
  0x71e60000 JavaThread "Thread-1" [_thread_blocked, id=4136, stack(0x6ce2b000,0x6ce7c000)]
  0x093fb000 JavaThread "Low Memory Detector" daemon [_thread_blocked, id=4123, stack(0x71fde000,0x7202f000)]
  0x093f7c00 JavaThread "C2 CompilerThread1" daemon [_thread_blocked, id=4122, stack(0x7202f000,0x720b0000)]
  0x093f5c00 JavaThread "C2 CompilerThread0" daemon [_thread_blocked, id=4121, stack(0x720b0000,0x72131000)]
  0x093f4400 JavaThread "Signal Dispatcher" daemon [_thread_blocked, id=4120, stack(0x72131000,0x72182000)]
  0x093e1800 JavaThread "Finalizer" daemon [_thread_blocked, id=4119, stack(0x724f4000,0x72545000)]
  0x093e0000 JavaThread "Reference Handler" daemon [_thread_blocked, id=4118, stack(0x72545000,0x72596000)]
  0x09357800 JavaThread "main" [_thread_blocked, id=4112, stack(0xb679f000,0xb67f0000)]

Other Threads:
  0x093dc400 VMThread [stack: 0x72596000,0x72617000] [id=4117]
  0x093fd000 WatcherThread [stack: 0x71f5d000,0x71fde000] [id=4124]

=>0x0935ec00 (exited) GCTaskThread [stack: 0x7285b000,0x728dc000] [id=4115]

VM state:at safepoint (normal execution)

VM Mutex/Monitor currently owned by a thread:  ([mutex/lock_event])
[0x09355218] Threads_lock - owner thread: 0x093dc400
[0x09355628] Heap_lock - owner thread: 0x09357800

Heap
 PSYoungGen      total 31424K, used 29056K [0xa0850000, 0xa45b0000, 0xb3650000)
  eden space 29056K, 100% used [0xa0850000,0xa24b0000,0xa24b0000)
  from space 2368K, 0% used [0xa24b0000,0xa24b0000,0xa2700000)
  to   space 2368K, 0% used [0xa4360000,0xa4360000,0xa45b0000)
 PSOldGen        total 84608K, used 38170K [0x7ac50000, 0x7fef0000, 0xa0850000)
  object space 84608K, 45% used [0x7ac50000,0x7d196bd8,0x7fef0000)
 PSPermGen       total 16384K, used 3824K [0x72c50000, 0x73c50000, 0x7ac50000)
  object space 16384K, 23% used [0x72c50000,0x7300c188,0x73c50000)

Code Cache  [0xb371c000, 0xb395c000, 0xb671c000)
 total_blobs=178 nmethods=57 adapters=76 free_code_cache=49959744 largest_free_block=23040

Dynamic libraries:
08048000-08051000 r-xp 00000000 08:01 3029976    /usr/lib/jvm/java-6-openjdk/jre/bin/java
08051000-08052000 r--p 00008000 08:01 3029976    /usr/lib/jvm/java-6-openjdk/jre/bin/java
08052000-08053000 rw-p 00009000 08:01 3029976    /usr/lib/jvm/java-6-openjdk/jre/bin/java
09350000-099f9000 rw-p 00000000 00:00 0          [heap]
5e9e0000-5f80a000 rw-p 00000000 00:00 0 
5f80a000-61900000 r--s 00000000 00:12 57871      /run/shm/4126_045e.02ae@1.6_Image
61900000-61999000 rw-p 00000000 00:00 0 
61999000-61a00000 ---p 00000000 00:00 0 
61a1e000-61b00000 rw-p 00000000 00:00 0 
61b00000-61d00000 rw-p 00000000 00:00 0 
61d00000-61f00000 rw-p 00000000 00:00 0 
61f00000-62100000 rw-p 00000000 00:00 0 
62100000-62300000 rw-p 00000000 00:00 0 
62300000-62500000 rw-p 00000000 00:00 0 
62500000-62700000 rw-p 00000000 00:00 0 
62700000-62900000 rw-p 00000000 00:00 0 
62900000-62b00000 rw-p 00000000 00:00 0 
62b00000-62d00000 rw-p 00000000 00:00 0 
62d00000-62f00000 rw-p 00000000 00:00 0 
62f00000-63100000 rw-p 00000000 00:00 0 
63100000-63300000 rw-p 00000000 00:00 0 
63300000-63500000 rw-p 00000000 00:00 0 
63500000-63700000 rw-p 00000000 00:00 0 
63700000-63900000 rw-p 00000000 00:00 0 
63900000-63b00000 rw-p 00000000 00:00 0 
63b00000-63d00000 rw-p 00000000 00:00 0 
63d00000-63f00000 rw-p 00000000 00:00 0 
63f00000-64100000 rw-p 00000000 00:00 0 
64100000-64300000 rw-p 00000000 00:00 0 
64300000-64500000 rw-p 00000000 00:00 0 
64500000-64700000 rw-p 00000000 00:00 0 
64700000-64900000 rw-p 00000000 00:00 0 
64900000-64b00000 rw-p 00000000 00:00 0 
64b00000-64d00000 rw-p 00000000 00:00 0 
64d00000-64f00000 rw-p 00000000 00:00 0 
64f00000-65100000 rw-p 00000000 00:00 0 
65100000-65300000 rw-p 00000000 00:00 0 
65300000-65500000 rw-p 00000000 00:00 0 
65500000-65600000 rw-p 00000000 00:00 0 
65624000-6ba00000 rw-p 00000000 00:00 0 
6ba00000-6bb00000 rw-p 00000000 00:00 0 
6bb66000-6c500000 rw-p 00000000 00:00 0 
6c500000-6c5ec000 rw-p 00000000 00:00 0 
6c5ec000-6c600000 ---p 00000000 00:00 0 
6c669000-6c700000 rw-p 00000000 00:00 0 
6c700000-6c800000 rw-p 00000000 00:00 0 
6c869000-6c900000 rw-p 00000000 00:00 0 
6c900000-6ca00000 rw-p 00000000 00:00 0 
6ca38000-6cb00000 rw-p 00000000 00:00 0 
6cb00000-6cd00000 rw-p 00000000 00:00 0 
6cd00000-6cdfa000 rw-p 00000000 00:00 0 
6cdfa000-6ce00000 ---p 00000000 00:00 0 
6ce2b000-6ce2e000 ---p 00000000 00:00 0 
6ce2e000-6ce7c000 rwxp 00000000 00:00 0 
6ce7c000-6dee3000 rw-p 00000000 00:00 0 
6dee3000-6e267000 r--s 00000000 00:12 58483      /run/shm/4126_045e.02ae@1.6_Depth
6e267000-6e2fe000 rw-p 00000000 00:00 0 
6e2fe000-6e2ff000 ---p 00000000 00:00 0 
6e2ff000-6eaff000 rwxp 00000000 00:00 0 
6eaff000-6ef00000 rw-p 00000000 00:00 0 
6ef00000-6effe000 rw-p 00000000 00:00 0 
6effe000-6f000000 ---p 00000000 00:00 0 
6f015000-6f200000 rw-p 00000000 00:00 0 
6f200000-6f2fe000 rw-p 00000000 00:00 0 
6f2fe000-6f300000 ---p 00000000 00:00 0 
6f31d000-6f400000 rw-p 00000000 00:00 0 
6f400000-6f500000 rw-p 00000000 00:00 0 
6f513000-6f700000 rw-p 00000000 00:00 0 
6f700000-6f8ff000 rw-p 00000000 00:00 0 
6f8ff000-6f900000 ---p 00000000 00:00 0 
6f900000-6f9fe000 rw-p 00000000 00:00 0 
6f9fe000-6fa00000 ---p 00000000 00:00 0 
6fa00000-6fb00000 rw-p 00000000 00:00 0 
6fb00000-6fbfd000 rw-p 00000000 00:00 0 
6fbfd000-6fc00000 ---p 00000000 00:00 0 
6fc0f000-6fca6000 rw-p 00000000 00:00 0 
6fca6000-7002a000 r--s 00000000 00:12 58483      /run/shm/4126_045e.02ae@1.6_Depth
7002a000-700c1000 rw-p 00000000 00:00 0 
700c1000-700c2000 ---p 00000000 00:00 0 
700c2000-708c2000 rwxp 00000000 00:00 0 
708c2000-70cc3000 rw-p 00000000 00:00 0 
70cc3000-70d4f000 r-xp 00000000 08:01 2504881    /usr/lib/libXnDeviceSensorV2KM.so
70d4f000-70d58000 r--p 0008b000 08:01 2504881    /usr/lib/libXnDeviceSensorV2KM.so
70d58000-70d59000 rw-p 00094000 08:01 2504881    /usr/lib/libXnDeviceSensorV2KM.so
70d59000-70d85000 r-xp 00000000 08:01 2504355    /usr/lib/libXnDeviceFile.so
70d85000-70d86000 ---p 0002c000 08:01 2504355    /usr/lib/libXnDeviceFile.so
70d86000-70d87000 r--p 0002c000 08:01 2504355    /usr/lib/libXnDeviceFile.so
70d87000-70d88000 rw-p 0002d000 08:01 2504355    /usr/lib/libXnDeviceFile.so
70d88000-70dda000 r-xp 00000000 08:01 2504354    /usr/lib/libXnDDK.so
70dda000-70ddb000 ---p 00052000 08:01 2504354    /usr/lib/libXnDDK.so
70ddb000-70ddd000 r--p 00052000 08:01 2504354    /usr/lib/libXnDDK.so
70ddd000-70dde000 rw-p 00054000 08:01 2504354    /usr/lib/libXnDDK.so
70dde000-70e01000 r-xp 00000000 08:01 2504357    /usr/lib/libXnFormats.so
70e01000-70e02000 r--p 00022000 08:01 2504357    /usr/lib/libXnFormats.so
70e02000-70e03000 rw-p 00023000 08:01 2504357    /usr/lib/libXnFormats.so
70e03000-70e23000 rw-p 00000000 00:00 0 
70e23000-70e26000 r-xp 00000000 08:01 2504353    /usr/lib/libXnCore.so
70e26000-70e27000 r--p 00002000 08:01 2504353    /usr/lib/libXnCore.so
70e27000-70e28000 rw-p 00003000 08:01 2504353    /usr/lib/libXnCore.so
70e28000-70ec1000 r-xp 00000000 08:01 2504356    /usr/lib/libXnDeviceSensorV2.so
70ec1000-70eca000 r--p 00098000 08:01 2504356    /usr/lib/libXnDeviceSensorV2.so
70eca000-70ecb000 rw-p 000a1000 08:01 2504356    /usr/lib/libXnDeviceSensorV2.so
70ecb000-70fae000 r-xp 00000000 08:01 2504285    /usr/lib/libXnVHandGenerator_1_5_2.so
70fae000-70fb1000 r--p 000e3000 08:01 2504285    /usr/lib/libXnVHandGenerator_1_5_2.so
70fb1000-70fb2000 rw-p 000e6000 08:01 2504285    /usr/lib/libXnVHandGenerator_1_5_2.so
70fb2000-70fbe000 rw-p 00000000 00:00 0 
70fbe000-71093000 r-xp 00000000 08:01 2504282    /usr/lib/libXnVHandGenerator_1_4_2.so
71093000-71094000 ---p 000d5000 08:01 2504282    /usr/lib/libXnVHandGenerator_1_4_2.so
71094000-71096000 r--p 000d5000 08:01 2504282    /usr/lib/libXnVHandGenerator_1_4_2.so
71096000-71097000 rw-p 000d7000 08:01 2504282    /usr/lib/libXnVHandGenerator_1_4_2.so
71097000-71099000 rw-p 00000000 00:00 0 
71099000-7116d000 r-xp 00000000 08:01 2504279    /usr/lib/libXnVHandGenerator_1_4_1.so
7116d000-7116e000 ---p 000d4000 08:01 2504279    /usr/lib/libXnVHandGenerator_1_4_1.so
7116e000-71170000 r--p 000d4000 08:01 2504279    /usr/lib/libXnVHandGenerator_1_4_1.so
71170000-71171000 rw-p 000d6000 08:01 2504279    /usr/lib/libXnVHandGenerator_1_4_1.so
71171000-71173000 rw-p 00000000 00:00 0 
71173000-71251000 r-xp 00000000 08:01 2504275    /usr/lib/libXnVHandGenerator_1_3_1.so
71251000-71254000 r--p 000dd000 08:01 2504275    /usr/lib/libXnVHandGenerator_1_3_1.so
71254000-71255000 rw-p 000e0000 08:01 2504275    /usr/lib/libXnVHandGenerator_1_3_1.so
71255000-71257000 rw-p 00000000 00:00 0 
71257000-71658000 r-xp 00000000 08:01 2504268    /usr/lib/libXnVFeatures_1_5_2.so
71658000-71659000 ---p 00401000 08:01 2504268    /usr/lib/libXnVFeatures_1_5_2.so
71659000-71661000 r--p 00401000 08:01 2504268    /usr/lib/libXnVFeatures_1_5_2.so
71661000-71662000 rw-p 00409000 08:01 2504268    /usr/lib/libXnVFeatures_1_5_2.so
71662000-71676000 rw-p 00000000 00:00 0 
71676000-7185d000 r-xp 00000000 08:01 2504257    /usr/lib/libXnVFeatures_1_4_2.so
7185d000-71860000 r--p 001e6000 08:01 2504257    /usr/lib/libXnVFeatures_1_4_2.so
71860000-71861000 rw-p 001e9000 08:01 2504257    /usr/lib/libXnVFeatures_1_4_2.so
71861000-71866000 rw-p 00000000 00:00 0 
71866000-71a4d000 r-xp 00000000 08:01 2504252    /usr/lib/libXnVFeatures_1_4_1.so
71a4d000-71a50000 r--p 001e6000 08:01 2504252    /usr/lib/libXnVFeatures_1_4_1.so
71a50000-71a51000 rw-p 001e9000 08:01 2504252    /usr/lib/libXnVFeatures_1_4_1.so
71a51000-71a56000 rw-p 00000000 00:00 0 
71a56000-71c74000 r-xp 00000000 08:01 2504247    /usr/lib/libXnVFeatures_1_3_1.so
71c74000-71c75000 ---p 0021e000 08:01 2504247    /usr/lib/libXnVFeatures_1_3_1.so
71c75000-71c78000 r--p 0021e000 08:01 2504247    /usr/lib/libXnVFeatures_1_3_1.so
71c78000-71c79000 rw-p 00221000 08:01 2504247    /usr/lib/libXnVFeatures_1_3_1.so
71c79000-71c7e000 rw-p 00000000 00:00 0 
71c7e000-71ca1000 r-xp 00000000 08:01 2503957    /usr/lib/libnimRecorder.so
71ca1000-71ca2000 r--p 00023000 08:01 2503957    /usr/lib/libnimRecorder.so
71ca2000-71ca3000 rw-p 00024000 08:01 2503957    /usr/lib/libnimRecorder.so
71ca3000-71cd7000 r-xp 00000000 08:01 2503954    /usr/lib/libnimCodecs.so
71cd7000-71cd8000 ---p 00034000 08:01 2503954    /usr/lib/libnimCodecs.so
71cd8000-71cda000 r--p 00034000 08:01 2503954    /usr/lib/libnimCodecs.so
71cda000-71cdb000 rw-p 00036000 08:01 2503954    /usr/lib/libnimCodecs.so
71cdb000-71cfb000 rw-p 00000000 00:00 0 
71cfb000-71d2c000 r-xp 00000000 08:01 2503956    /usr/lib/libnimMockNodes.so
71d2c000-71d32000 r--p 00031000 08:01 2503956    /usr/lib/libnimMockNodes.so
71d32000-71d33000 rw-p 00037000 08:01 2503956    /usr/lib/libnimMockNodes.so
71d33000-71d40000 r-xp 00000000 08:01 1704944    /lib/i386-linux-gnu/libusb-1.0.so.0.0.0
71d40000-71d41000 r--p 0000c000 08:01 1704944    /lib/i386-linux-gnu/libusb-1.0.so.0.0.0
71d41000-71d42000 rw-p 0000d000 08:01 1704944    /lib/i386-linux-gnu/libusb-1.0.so.0.0.0
71d42000-71dbf000 r-xp 00000000 08:01 2503960    /usr/lib/libOpenNI.so
71dbf000-71dc1000 r--p 0007c000 08:01 2503960    /usr/lib/libOpenNI.so
71dc1000-71dc3000 rw-p 0007e000 08:01 2503960    /usr/lib/libOpenNI.so
71dc3000-71de1000 r-xp 00000000 08:01 2503959    /usr/lib/libOpenNI.jni.so
71de1000-71de2000 r--p 0001d000 08:01 2503959    /usr/lib/libOpenNI.jni.so
71de2000-71de4000 rw-p 0001e000 08:01 2503959    /usr/lib/libOpenNI.jni.so
71de4000-71de9000 r-xp 00000000 08:01 2513317    /usr/lib/libusbpp-0.1.so.4.4.4
71de9000-71dea000 r--p 00004000 08:01 2513317    /usr/lib/libusbpp-0.1.so.4.4.4
71dea000-71deb000 rw-p 00005000 08:01 2513317    /usr/lib/libusbpp-0.1.so.4.4.4
71e00000-71efb000 rw-p 00000000 00:00 0 
71efb000-71f00000 ---p 00000000 00:00 0 
71f03000-71f0a000 r-xp 00000000 08:01 1704036    /lib/libusb-0.1.so.4.4.4
71f0a000-71f0b000 r--p 00006000 08:01 1704036    /lib/libusb-0.1.so.4.4.4
71f0b000-71f0c000 rw-p 00007000 08:01 1704036    /lib/libusb-0.1.so.4.4.4
71f0c000-71f0d000 rw-p 00000000 00:00 0 
71f0d000-71f15000 r-xp 00000000 08:01 269300     /usr/lib/libusbJava.so.0.2.4
71f15000-71f16000 rw-p 00007000 08:01 269300     /usr/lib/libusbJava.so.0.2.4
71f16000-71f34000 r--s 0024d000 08:01 272520     /home/norut/workspace/CommModule3.0/lib/KinectLibrary.jar
71f34000-71f36000 r--s 0004c000 08:01 270165     /home/norut/workspace/CommModule3.0/lib/vecmath.jar
71f36000-71f3a000 r--s 0001b000 08:01 270164     /home/norut/workspace/CommModule3.0/lib/org.OpenNI.jar
71f3a000-71f48000 r--s 00193000 08:01 270161     /home/norut/workspace/CommModule3.0/lib/j3dutils.jar
71f48000-71f54000 r--s 002c7000 08:01 270151     /home/norut/workspace/CommModule3.0/lib/j3dcore.jar
71f54000-71f58000 r--s 000fc000 08:01 268885     /home/norut/workspace/CommModule3.0/lib/NoninLibrary.jar
71f58000-71f5d000 r--s 0009b000 08:01 268849     /home/norut/workspace/CommModule3.0/lib/WiiboardSimple2.0.jar
71f5d000-71f5e000 ---p 00000000 00:00 0 
71f5e000-7202f000 rwxp 00000000 00:00 0 
7202f000-72030000 ---p 00000000 00:00 0 
72030000-720b0000 rwxp 00000000 00:00 0 
720b0000-720b1000 ---p 00000000 00:00 0 
720b1000-72182000 rwxp 00000000 00:00 0 
72182000-72183000 r--p 006a5000 08:01 2497487    /usr/lib/locale/locale-archive
72183000-722b4000 r--p 0043d000 08:01 2497487    /usr/lib/locale/locale-archive
722b4000-722f4000 r--p 002bd000 08:01 2497487    /usr/lib/locale/locale-archive
722f4000-724f4000 r--p 00000000 08:01 2497487    /usr/lib/locale/locale-archive
724f4000-72596000 rwxp 00000000 00:00 0 
72596000-72597000 ---p 00000000 00:00 0 
72597000-72617000 rwxp 00000000 00:00 0 
72617000-7264a000 rw-p 00000000 00:00 0 
7264a000-727da000 r--s 037ba000 08:01 2886099    /usr/lib/jvm/java-6-openjdk/jre/lib/rt.jar
727da000-727db000 ---p 00000000 00:00 0 
727db000-7285b000 rwxp 00000000 00:00 0 
7285b000-7285c000 ---p 00000000 00:00 0 
7285c000-728dc000 rwxp 00000000 00:00 0 
728dc000-728e4000 rw-p 00000000 00:00 0 
728e4000-7291c000 rw-p 00000000 00:00 0 
7291c000-72946000 rw-p 00000000 00:00 0 
72946000-72a4a000 rw-p 00000000 00:00 0 
72a4a000-72a52000 rw-p 00000000 00:00 0 
72a52000-72a8a000 rw-p 00000000 00:00 0 
72a8a000-72ab4000 rw-p 00000000 00:00 0 
72ab4000-72bb8000 rw-p 00000000 00:00 0 
72bb8000-72bd7000 rw-p 00000000 00:00 0 
72bd7000-72c4f000 rw-p 00000000 00:00 0 
72c4f000-73c50000 rw-p 00000000 00:00 0 
73c50000-7ac50000 rw-p 00000000 00:00 0 
7ac50000-7fef0000 rw-p 00000000 00:00 0 
7fef0000-a0850000 rw-p 00000000 00:00 0 
a0850000-a45b0000 rw-p 00000000 00:00 0 
a45b0000-b3650000 rw-p 00000000 00:00 0 
b3651000-b3654000 r--s 00012000 08:01 268892     /home/norut/workspace/CommModule3.0/lib/IRGlanceLibrary.jar
b3654000-b365c000 r--s 00066000 08:01 2895241    /usr/share/java/gnome-java-bridge.jar
b365c000-b3665000 rw-p 00000000 00:00 0 
b3665000-b371c000 rw-p 00000000 00:00 0 
b371c000-b395c000 rwxp 00000000 00:00 0 
b395c000-b671c000 rw-p 00000000 00:00 0 
b671c000-b6727000 r-xp 00000000 08:01 1713725    /lib/i386-linux-gnu/libnss_files-2.13.so
b6727000-b6728000 r--p 0000a000 08:01 1713725    /lib/i386-linux-gnu/libnss_files-2.13.so
b6728000-b6729000 rw-p 0000b000 08:01 1713725    /lib/i386-linux-gnu/libnss_files-2.13.so
b6729000-b6733000 r-xp 00000000 08:01 1713727    /lib/i386-linux-gnu/libnss_nis-2.13.so
b6733000-b6734000 r--p 00009000 08:01 1713727    /lib/i386-linux-gnu/libnss_nis-2.13.so
b6734000-b6735000 rw-p 0000a000 08:01 1713727    /lib/i386-linux-gnu/libnss_nis-2.13.so
b6735000-b674a000 r-xp 00000000 08:01 1713722    /lib/i386-linux-gnu/libnsl-2.13.so
b674a000-b674b000 r--p 00015000 08:01 1713722    /lib/i386-linux-gnu/libnsl-2.13.so
b674b000-b674c000 rw-p 00016000 08:01 1713722    /lib/i386-linux-gnu/libnsl-2.13.so
b674c000-b674e000 rw-p 00000000 00:00 0 
b674e000-b6756000 r-xp 00000000 08:01 1713723    /lib/i386-linux-gnu/libnss_compat-2.13.so
b6756000-b6757000 r--p 00007000 08:01 1713723    /lib/i386-linux-gnu/libnss_compat-2.13.so
b6757000-b6758000 rw-p 00008000 08:01 1713723    /lib/i386-linux-gnu/libnss_compat-2.13.so
b6758000-b6759000 rw-s 00000000 00:12 58491      /run/shm/045e.02ae@1.6-SM
b6759000-b675c000 r--s 00011000 08:01 269114     /home/norut/workspace/CommModule3.0/lib/wii-gee-plugin-wiimote-android_fat.jar
b675c000-b6763000 r-xp 00000000 08:01 2896164    /usr/lib/jvm/java-6-openjdk/jre/lib/i386/libzip.so
b6763000-b6764000 r--p 00006000 08:01 2896164    /usr/lib/jvm/java-6-openjdk/jre/lib/i386/libzip.so
b6764000-b6765000 rw-p 00007000 08:01 2896164    /usr/lib/jvm/java-6-openjdk/jre/lib/i386/libzip.so
b6765000-b676d000 rw-s 00000000 08:01 1582236    /tmp/hsperfdata_root/4109
b676d000-b6793000 r-xp 00000000 08:01 2886119    /usr/lib/jvm/java-6-openjdk/jre/lib/i386/libjava.so
b6793000-b6794000 r--p 00025000 08:01 2886119    /usr/lib/jvm/java-6-openjdk/jre/lib/i386/libjava.so
b6794000-b6796000 rw-p 00026000 08:01 2886119    /usr/lib/jvm/java-6-openjdk/jre/lib/i386/libjava.so
b6796000-b679d000 r-xp 00000000 08:01 1713732    /lib/i386-linux-gnu/librt-2.13.so
b679d000-b679e000 r--p 00006000 08:01 1713732    /lib/i386-linux-gnu/librt-2.13.so
b679e000-b679f000 rw-p 00007000 08:01 1713732    /lib/i386-linux-gnu/librt-2.13.so
b679f000-b67a0000 ---p 00000000 00:00 0 
b67a0000-b67f0000 rwxp 00000000 00:00 0 
b67f0000-b680c000 r-xp 00000000 08:01 1704890    /lib/i386-linux-gnu/libgcc_s.so.1
b680c000-b680d000 r--p 0001b000 08:01 1704890    /lib/i386-linux-gnu/libgcc_s.so.1
b680d000-b680e000 rw-p 0001c000 08:01 1704890    /lib/i386-linux-gnu/libgcc_s.so.1
b680e000-b6836000 r-xp 00000000 08:01 1713720    /lib/i386-linux-gnu/libm-2.13.so
b6836000-b6837000 r--p 00028000 08:01 1713720    /lib/i386-linux-gnu/libm-2.13.so
b6837000-b6838000 rw-p 00029000 08:01 1713720    /lib/i386-linux-gnu/libm-2.13.so
b6838000-b6916000 r-xp 00000000 08:01 2495867    /usr/lib/i386-linux-gnu/libstdc++.so.6.0.16
b6916000-b6917000 ---p 000de000 08:01 2495867    /usr/lib/i386-linux-gnu/libstdc++.so.6.0.16
b6917000-b691b000 r--p 000de000 08:01 2495867    /usr/lib/i386-linux-gnu/libstdc++.so.6.0.16
b691b000-b691c000 rw-p 000e2000 08:01 2495867    /usr/lib/i386-linux-gnu/libstdc++.so.6.0.16
b691c000-b6923000 rw-p 00000000 00:00 0 
b6923000-b7141000 r-xp 00000000 08:01 3028099    /usr/lib/jvm/java-6-openjdk/jre/lib/i386/server/libjvm.so
b7141000-b7186000 r--p 0081e000 08:01 3028099    /usr/lib/jvm/java-6-openjdk/jre/lib/i386/server/libjvm.so
b7186000-b7195000 rw-p 00863000 08:01 3028099    /usr/lib/jvm/java-6-openjdk/jre/lib/i386/server/libjvm.so
b7195000-b75b1000 rw-p 00000000 00:00 0 
b75b1000-b75c4000 r-xp 00000000 08:01 1704952    /lib/i386-linux-gnu/libz.so.1.2.3.4
b75c4000-b75c5000 r--p 00012000 08:01 1704952    /lib/i386-linux-gnu/libz.so.1.2.3.4
b75c5000-b75c6000 rw-p 00013000 08:01 1704952    /lib/i386-linux-gnu/libz.so.1.2.3.4
b75c6000-b773e000 r-xp 00000000 08:01 1713716    /lib/i386-linux-gnu/libc-2.13.so
b773e000-b7740000 r--p 00178000 08:01 1713716    /lib/i386-linux-gnu/libc-2.13.so
b7740000-b7741000 rw-p 0017a000 08:01 1713716    /lib/i386-linux-gnu/libc-2.13.so
b7741000-b7744000 rw-p 00000000 00:00 0 
b7744000-b7747000 r-xp 00000000 08:01 1713719    /lib/i386-linux-gnu/libdl-2.13.so
b7747000-b7748000 r--p 00002000 08:01 1713719    /lib/i386-linux-gnu/libdl-2.13.so
b7748000-b7749000 rw-p 00003000 08:01 1713719    /lib/i386-linux-gnu/libdl-2.13.so
b7749000-b774d000 r-xp 00000000 08:01 2886103    /usr/lib/jvm/java-6-openjdk/jre/lib/i386/jli/libjli.so
b774d000-b774e000 r--p 00003000 08:01 2886103    /usr/lib/jvm/java-6-openjdk/jre/lib/i386/jli/libjli.so
b774e000-b774f000 rw-p 00004000 08:01 2886103    /usr/lib/jvm/java-6-openjdk/jre/lib/i386/jli/libjli.so
b774f000-b7750000 rw-p 00000000 00:00 0 
b7750000-b7767000 r-xp 00000000 08:01 1713730    /lib/i386-linux-gnu/libpthread-2.13.so
b7767000-b7768000 r--p 00016000 08:01 1713730    /lib/i386-linux-gnu/libpthread-2.13.so
b7768000-b7769000 rw-p 00017000 08:01 1713730    /lib/i386-linux-gnu/libpthread-2.13.so
b7769000-b776b000 rw-p 00000000 00:00 0 
b776b000-b776e000 r--s 0007d000 08:01 2896155    /usr/lib/jvm/java-6-openjdk/jre/lib/jsse.jar
b776e000-b7770000 r--s 0000f000 08:01 2896143    /usr/lib/jvm/java-6-openjdk/jre/lib/ext/pulse-java.jar
b7770000-b7771000 rw-p 00000000 00:00 0 
b7771000-b7772000 ---p 00000000 00:00 0 
b7772000-b777d000 r-xp 00000000 08:01 2886139    /usr/lib/jvm/java-6-openjdk/jre/lib/i386/libverify.so
b777d000-b777e000 ---p 0000b000 08:01 2886139    /usr/lib/jvm/java-6-openjdk/jre/lib/i386/libverify.so
b777e000-b777f000 r--p 0000b000 08:01 2886139    /usr/lib/jvm/java-6-openjdk/jre/lib/i386/libverify.so
b777f000-b7780000 rw-p 0000c000 08:01 2886139    /usr/lib/jvm/java-6-openjdk/jre/lib/i386/libverify.so
b7780000-b7782000 rw-p 00000000 00:00 0 
b7782000-b7783000 r-xp 00000000 00:00 0          [vdso]
b7783000-b77a1000 r-xp 00000000 08:01 1713713    /lib/i386-linux-gnu/ld-2.13.so
b77a1000-b77a2000 r--p 0001d000 08:01 1713713    /lib/i386-linux-gnu/ld-2.13.so
b77a2000-b77a3000 rw-p 0001e000 08:01 1713713    /lib/i386-linux-gnu/ld-2.13.so
bf8e4000-bf904000 rwxp 00000000 00:00 0          [stack]
bf904000-bf905000 rw-p 00000000 00:00 0 

VM Arguments:
jvm_args: -Dfile.encoding=UTF-8 
java_command: test.TestGrande
Launcher Type: SUN_STANDARD

Environment Variables:
PATH=/usr/local/sbin:/usr/local/bin:/usr/sbin:/usr/bin:/sbin:/bin:/usr/X11R6/bin
USERNAME=root
LD_LIBRARY_PATH=/usr/lib/jvm/java-6-openjdk/jre/lib/i386/server:/usr/lib/jvm/java-6-openjdk/jre/lib/i386:/usr/lib/jvm/java-6-openjdk/jre/../lib/i386:/usr/lib/jvm/java-6-openjdk/jre/lib/i386/client:/usr/lib/jvm/java-6-openjdk/jre/lib/i386:
SHELL=/bin/bash
DISPLAY=:0.0

Signal Handlers:
SIGSEGV: [libjvm.so+0x66a530], sa_mask[0]=0x7ffbfeff, sa_flags=0x10000004
SIGBUS: [libjvm.so+0x66a530], sa_mask[0]=0x7ffbfeff, sa_flags=0x10000004
SIGFPE: [libjvm.so+0x52e2c0], sa_mask[0]=0x7ffbfeff, sa_flags=0x10000004
SIGPIPE: [libjvm.so+0x52e2c0], sa_mask[0]=0x7ffbfeff, sa_flags=0x10000004
SIGXFSZ: [libjvm.so+0x52e2c0], sa_mask[0]=0x7ffbfeff, sa_flags=0x10000004
SIGILL: [libjvm.so+0x52e2c0], sa_mask[0]=0x7ffbfeff, sa_flags=0x10000004
SIGUSR1: SIG_DFL, sa_mask[0]=0x00000000, sa_flags=0x00000000
SIGUSR2: [libjvm.so+0x52e150], sa_mask[0]=0x00000004, sa_flags=0x10000004
SIGHUP: [libjvm.so+0x5311f0], sa_mask[0]=0x7ffbfeff, sa_flags=0x10000004
SIGINT: [libjvm.so+0x5311f0], sa_mask[0]=0x7ffbfeff, sa_flags=0x10000004
SIGTERM: [libjvm.so+0x5311f0], sa_mask[0]=0x7ffbfeff, sa_flags=0x10000004
SIGQUIT: [libjvm.so+0x5311f0], sa_mask[0]=0x7ffbfeff, sa_flags=0x10000004


---------------  S Y S T E M  ---------------

OS:Ubuntu 11.10 (oneiric)
uname:Linux 3.0.0-17-generic-pae #30-Ubuntu SMP Thu Mar 8 17:53:35 UTC 2012 i686
libc:glibc 2.13 NPTL 2.13 
rlimit: STACK 8192k, CORE 0k, NPROC 28837, NOFILE 4096, AS infinity
load average:1.05 0.57 0.31

/proc/meminfo:
MemTotal:        3705196 kB
MemFree:         1026632 kB
Buffers:          339128 kB
Cached:          1045956 kB
SwapCached:            0 kB
Active:          1641032 kB
Inactive:         790028 kB
Active(anon):    1047016 kB
Inactive(anon):    11484 kB
Active(file):     594016 kB
Inactive(file):   778544 kB
Unevictable:          60 kB
Mlocked:              60 kB
HighTotal:       2866716 kB
HighFree:         643892 kB
LowTotal:         838480 kB
LowFree:          382740 kB
SwapTotal:       3778556 kB
SwapFree:        3778556 kB
Dirty:               412 kB
Writeback:             0 kB
AnonPages:       1046040 kB
Mapped:           215300 kB
Shmem:             12528 kB
Slab:              80692 kB
SReclaimable:      65600 kB
SUnreclaim:        15092 kB
KernelStack:        3368 kB
PageTables:         9852 kB
NFS_Unstable:          0 kB
Bounce:                0 kB
WritebackTmp:          0 kB
CommitLimit:     5631152 kB
Committed_AS:    2776644 kB
VmallocTotal:     122880 kB
VmallocUsed:       45968 kB
VmallocChunk:      73112 kB
HardwareCorrupted:     0 kB
AnonHugePages:         0 kB
HugePages_Total:       0
HugePages_Free:        0
HugePages_Rsvd:        0
HugePages_Surp:        0
Hugepagesize:       2048 kB
DirectMap4k:       10232 kB
DirectMap2M:      903168 kB


CPU:total 2 (2 cores per cpu, 1 threads per core) family 20 model 1 stepping 0, cmov, cx8, fxsr, mmx, sse, sse2, sse3, ssse3, popcnt, mmxext, lzcnt, sse4a

Memory: 4k page, physical 3705196k(1026632k free), swap 3778556k(3778556k free)

vm_info: OpenJDK Server VM (20.0-b11) for linux-x86 JRE (1.6.0_23-b23), built on Feb 23 2012 06:26:43 by "buildd" with gcc 4.6.1

time: Tue Apr 17 09:30:18 2012
elapsed time: 10 seconds

