#
# A fatal error has been detected by the Java Runtime Environment:
#
#  SIGSEGV (0xb) at pc=0xb36c84bb, pid=3880, tid=3061390192
#
# JRE version: 6.0_23-b23
# Java VM: OpenJDK Server VM (20.0-b11 mixed mode linux-x86 )
# Derivative: IcedTea6 1.11pre
# Distribution: Ubuntu 11.10, package 6b23~pre11-0ubuntu1.11.10.2
# Problematic frame:
# j  java.security.AccessController.getInheritedAccessControlContext()Ljava/security/AccessControlContext;+0
#
# If you would like to submit a bug report, please include
# instructions how to reproduce the bug and visit:
#   https://bugs.launchpad.net/ubuntu/+source/openjdk-6/
#

---------------  T H R E A D  ---------------

Current thread (0x096e8800):  JavaThread "main" [_thread_in_Java, id=3885, stack(0xb6741000,0xb6792000)]

siginfo:si_signo=SIGSEGV: si_errno=0, si_code=2 (SEGV_ACCERR), si_addr=0xb6741ff8

Registers:
EAX=0x00000000, EBX=0x72c83ed0, ECX=0x000041d1, EDX=0x72c84328
ESP=0xb6744ff8, EBP=0xb6745018, ESI=0x72c83ed0, EDI=0xb6745024
EIP=0xb36c84bb, EFLAGS=0x00210283, CR2=0xb6741ff8

Top of Stack: (sp=0xb6744ff8)
0xb6744ff8:   b6744ff8 00000000 b6745024 72c84328
0xb6745008:   00000000 72c83ed0 00000000 b6745028
0xb6745018:   b6745048 b36c1047 00000000 00000000
0xb6745028:   b6745028 72c1ddd7 b6745074 72c844f0
0xb6745038:   00000000 72c1dfd0 b6745028 b6745074
0xb6745048:   b6745098 b36c1047 00000000 00000000
0xb6745058:   00000000 00000000 00000000 00000000
0xb6745068:   00000000 00000000 00000000 a0a90af8 

Instructions: (pc=0xb36c84bb)
0xb36c849b:   00 00 01 ff 43 14 8b 43 34 83 c1 08 83 e0 f8 89
0xb36c84ab:   4b 30 03 c8 3b 0d 50 e0 13 b7 0f 83 4f 04 00 00
0xb36c84bb:   89 84 24 00 d0 ff ff 8b c4 c1 e8 0c 8b 04 85 40
0xb36c84cb:   d5 14 b7 c6 80 75 01 00 00 00 80 3d a0 cc 13 b7 

Register to memory mapping:

EAX=0x00000000 is an unknown value
EBX=0x72c83ed0 is an oop
{method} 
 - klass: {other class}
ECX=0x000041d1 is an unknown value
EDX=0x72c84328 is an oop
{constant pool cache} 
 - klass: {other class}
ESP=0xb6744ff8 is pointing into the stack for thread: 0x096e8800
EBP=0xb6745018 is pointing into the stack for thread: 0x096e8800
ESI=0x72c83ed0 is an oop
{method} 
 - klass: {other class}
EDI=0xb6745024 is pointing into the stack for thread: 0x096e8800


Stack: [0xb6741000,0xb6792000],  sp=0xb6744ff8,  free space=15k
Native frames: (J=compiled Java code, j=interpreted, Vv=VM code, C=native code)
j  java.security.AccessController.getInheritedAccessControlContext()Ljava/security/AccessControlContext;+0
j  java.security.AccessControlContext.optimize()Ljava/security/AccessControlContext;+15
j  java.security.AccessController.getContext()Ljava/security/AccessControlContext;+19
j  java.lang.Thread.init(Ljava/lang/ThreadGroup;Ljava/lang/Runnable;Ljava/lang/String;J)V+135
j  java.lang.Thread.<init>()V+65
j  control.LauncherWrapper.<init>()V+1
j  launchers.KinectSkeletonLauncher.<init>()V+1
j  kinectThreads.KinectEnhacedSkeletonLauncher.<init>(I)V+1
j  launchers.KinectSkeletonLauncher.setUserId(I)V+11
j  launchers.KinectSkeletonLauncher.<init>()V+6
j  kinectThreads.KinectEnhacedSkeletonLauncher.<init>(I)V+1
j  launchers.KinectSkeletonLauncher.setUserId(I)V+11
j  launchers.KinectSkeletonLauncher.<init>()V+6
j  kinectThreads.KinectEnhacedSkeletonLauncher.<init>(I)V+1
j  launchers.KinectSkeletonLauncher.setUserId(I)V+11
j  launchers.KinectSkeletonLauncher.<init>()V+6
j  kinectThreads.KinectEnhacedSkeletonLauncher.<init>(I)V+1
j  launchers.KinectSkeletonLauncher.setUserId(I)V+11
j  launchers.KinectSkeletonLauncher.<init>()V+6
j  kinectThreads.KinectEnhacedSkeletonLauncher.<init>(I)V+1
j  launchers.KinectSkeletonLauncher.setUserId(I)V+11
j  launchers.KinectSkeletonLauncher.<init>()V+6
j  kinectThreads.KinectEnhacedSkeletonLauncher.<init>(I)V+1
j  launchers.KinectSkeletonLauncher.setUserId(I)V+11
j  launchers.KinectSkeletonLauncher.<init>()V+6
j  kinectThreads.KinectEnhacedSkeletonLauncher.<init>(I)V+1
j  launchers.KinectSkeletonLauncher.setUserId(I)V+11
j  launchers.KinectSkeletonLauncher.<init>()V+6
j  kinectThreads.KinectEnhacedSkeletonLauncher.<init>(I)V+1
j  launchers.KinectSkeletonLauncher.setUserId(I)V+11
j  launchers.KinectSkeletonLauncher.<init>()V+6
j  kinectThreads.KinectEnhacedSkeletonLauncher.<init>(I)V+1
j  launchers.KinectSkeletonLauncher.setUserId(I)V+11
j  launchers.KinectSkeletonLauncher.<init>()V+6
j  kinectThreads.KinectEnhacedSkeletonLauncher.<init>(I)V+1
j  launchers.KinectSkeletonLauncher.setUserId(I)V+11
j  launchers.KinectSkeletonLauncher.<init>()V+6
j  kinectThreads.KinectEnhacedSkeletonLauncher.<init>(I)V+1
j  launchers.KinectSkeletonLauncher.setUserId(I)V+11
j  launchers.KinectSkeletonLauncher.<init>()V+6
j  kinectThreads.KinectEnhacedSkeletonLauncher.<init>(I)V+1
j  launchers.KinectSkeletonLauncher.setUserId(I)V+11
j  launchers.KinectSkeletonLauncher.<init>()V+6
j  kinectThreads.KinectEnhacedSkeletonLauncher.<init>(I)V+1
j  launchers.KinectSkeletonLauncher.setUserId(I)V+11
j  launchers.KinectSkeletonLauncher.<init>()V+6
j  kinectThreads.KinectEnhacedSkeletonLauncher.<init>(I)V+1
j  launchers.KinectSkeletonLauncher.setUserId(I)V+11
j  launchers.KinectSkeletonLauncher.<init>()V+6
j  kinectThreads.KinectEnhacedSkeletonLauncher.<init>(I)V+1
j  launchers.KinectSkeletonLauncher.setUserId(I)V+11
j  launchers.KinectSkeletonLauncher.<init>()V+6
j  kinectThreads.KinectEnhacedSkeletonLauncher.<init>(I)V+1
j  launchers.KinectSkeletonLauncher.setUserId(I)V+11
j  launchers.KinectSkeletonLauncher.<init>()V+6
j  kinectThreads.KinectEnhacedSkeletonLauncher.<init>(I)V+1
j  launchers.KinectSkeletonLauncher.setUserId(I)V+11
j  launchers.KinectSkeletonLauncher.<init>()V+6
j  kinectThreads.KinectEnhacedSkeletonLauncher.<init>(I)V+1
j  launchers.KinectSkeletonLauncher.setUserId(I)V+11
j  launchers.KinectSkeletonLauncher.<init>()V+6
j  kinectThreads.KinectEnhacedSkeletonLauncher.<init>(I)V+1
j  launchers.KinectSkeletonLauncher.setUserId(I)V+11
j  launchers.KinectSkeletonLauncher.<init>()V+6
j  kinectThreads.KinectEnhacedSkeletonLauncher.<init>(I)V+1
j  launchers.KinectSkeletonLauncher.setUserId(I)V+11
j  launchers.KinectSkeletonLauncher.<init>()V+6
j  kinectThreads.KinectEnhacedSkeletonLauncher.<init>(I)V+1
j  launchers.KinectSkeletonLauncher.setUserId(I)V+11
j  launchers.KinectSkeletonLauncher.<init>()V+6
j  kinectThreads.KinectEnhacedSkeletonLauncher.<init>(I)V+1
j  launchers.KinectSkeletonLauncher.setUserId(I)V+11
j  launchers.KinectSkeletonLauncher.<init>()V+6
j  kinectThreads.KinectEnhacedSkeletonLauncher.<init>(I)V+1
j  launchers.KinectSkeletonLauncher.setUserId(I)V+11
j  launchers.KinectSkeletonLauncher.<init>()V+6
j  kinectThreads.KinectEnhacedSkeletonLauncher.<init>(I)V+1
j  launchers.KinectSkeletonLauncher.setUserId(I)V+11
j  launchers.KinectSkeletonLauncher.<init>()V+6
j  kinectThreads.KinectEnhacedSkeletonLauncher.<init>(I)V+1
j  launchers.KinectSkeletonLauncher.setUserId(I)V+11
j  launchers.KinectSkeletonLauncher.<init>()V+6
j  kinectThreads.KinectEnhacedSkeletonLauncher.<init>(I)V+1
j  launchers.KinectSkeletonLauncher.setUserId(I)V+11
j  launchers.KinectSkeletonLauncher.<init>()V+6
j  kinectThreads.KinectEnhacedSkeletonLauncher.<init>(I)V+1
j  launchers.KinectSkeletonLauncher.setUserId(I)V+11
j  launchers.KinectSkeletonLauncher.<init>()V+6
j  kinectThreads.KinectEnhacedSkeletonLauncher.<init>(I)V+1
j  launchers.KinectSkeletonLauncher.setUserId(I)V+11
j  launchers.KinectSkeletonLauncher.<init>()V+6
j  kinectThreads.KinectEnhacedSkeletonLauncher.<init>(I)V+1
j  launchers.KinectSkeletonLauncher.setUserId(I)V+11
j  launchers.KinectSkeletonLauncher.<init>()V+6
j  kinectThreads.KinectEnhacedSkeletonLauncher.<init>(I)V+1
j  launchers.KinectSkeletonLauncher.setUserId(I)V+11
j  launchers.KinectSkeletonLauncher.<init>()V+6
j  kinectThreads.KinectEnhacedSkeletonLauncher.<init>(I)V+1
j  launchers.KinectSkeletonLauncher.setUserId(I)V+11
j  launchers.KinectSkeletonLauncher.<init>()V+6
...<more frames>...


---------------  P R O C E S S  ---------------

Java Threads: ( => current thread )
  0x0e772000 JavaThread "AWT-XAWT" daemon [_thread_in_native, id=3913, stack(0x62ea3000,0x62ef4000)]
  0x0e745c00 JavaThread "Java2D Disposer" daemon [_thread_blocked, id=3912, stack(0x62fba000,0x6300b000)]
  0x0e3d4400 JavaThread "Thread-1" [_thread_in_native, id=3906, stack(0x6450f000,0x64560000)]
  0x72013000 JavaThread "Low Memory Detector" daemon [_thread_blocked, id=3894, stack(0x71e5c000,0x71ead000)]
  0x72011400 JavaThread "C2 CompilerThread1" daemon [_thread_blocked, id=3893, stack(0x71ead000,0x71f2e000)]
  0x7200f400 JavaThread "C2 CompilerThread0" daemon [_thread_blocked, id=3892, stack(0x71f2e000,0x71faf000)]
  0x7200dc00 JavaThread "Signal Dispatcher" daemon [_thread_blocked, id=3891, stack(0x71faf000,0x72000000)]
  0x09772800 JavaThread "Finalizer" daemon [_thread_blocked, id=3890, stack(0x72494000,0x724e5000)]
  0x09771000 JavaThread "Reference Handler" daemon [_thread_blocked, id=3889, stack(0x724e5000,0x72536000)]
=>0x096e8800 JavaThread "main" [_thread_in_Java, id=3885, stack(0xb6741000,0xb6792000)]

Other Threads:
  0x0976d400 VMThread [stack: 0x72536000,0x725b7000] [id=3888]
  0x72015400 WatcherThread [stack: 0x71ddb000,0x71e5c000] [id=3895]

VM state:not at safepoint (normal execution)

VM Mutex/Monitor currently owned by a thread: None

Heap
 PSYoungGen      total 197248K, used 103584K [0xa07f0000, 0xb35f0000, 0xb35f0000)
  eden space 99008K, 5% used [0xa07f0000,0xa0d2b6b0,0xa68a0000)
  from space 98240K, 99% used [0xa68a0000,0xac88c958,0xac890000)
  to   space 103040K, 0% used [0xad150000,0xad150000,0xb35f0000)
 PSOldGen        total 148992K, used 82204K [0x7abf0000, 0x83d70000, 0xa07f0000)
  object space 148992K, 55% used [0x7abf0000,0x7fc37328,0x83d70000)
 PSPermGen       total 16384K, used 8594K [0x72bf0000, 0x73bf0000, 0x7abf0000)
  object space 16384K, 52% used [0x72bf0000,0x73454b48,0x73bf0000)

Code Cache  [0xb36be000, 0xb38fe000, 0xb66be000)
 total_blobs=420 nmethods=111 adapters=264 free_code_cache=49780096 largest_free_block=17344

Dynamic libraries:
08048000-08051000 r-xp 00000000 08:01 3029976    /usr/lib/jvm/java-6-openjdk/jre/bin/java
08051000-08052000 r--p 00008000 08:01 3029976    /usr/lib/jvm/java-6-openjdk/jre/bin/java
08052000-08053000 rw-p 00009000 08:01 3029976    /usr/lib/jvm/java-6-openjdk/jre/bin/java
096e1000-0e94b000 rw-p 00000000 00:00 0          [heap]
62d17000-62de0000 r-xp 00000000 08:01 2624184    /usr/lib/fglrx/libGL.so.1.2
62de0000-62dec000 rwxp 000c8000 08:01 2624184    /usr/lib/fglrx/libGL.so.1.2
62dec000-62e01000 rwxp 00000000 00:00 0 
62e01000-62e04000 ---p 00000000 00:00 0 
62e04000-62e52000 rwxp 00000000 00:00 0 
62e52000-62e55000 ---p 00000000 00:00 0 
62e55000-62ea3000 rwxp 00000000 00:00 0 
62ea3000-62ea6000 ---p 00000000 00:00 0 
62ea6000-62ef4000 rwxp 00000000 00:00 0 
62ef4000-62ef5000 r--s 00000000 08:01 2627543    /var/cache/fontconfig/c05880de57d1f5e948fdfacc138775d9-le32d4.cache-3
62ef5000-62efb000 r--s 00000000 08:01 2627540    /var/cache/fontconfig/945677eb7aeaf62f1d50efc3fb3ec7d8-le32d4.cache-3
62efb000-62efd000 r--s 00000000 08:01 2627541    /var/cache/fontconfig/99e8ed0e538f840c565b6ed5dad60d56-le32d4.cache-3
62efd000-62f00000 r--s 00000000 08:01 2627551    /var/cache/fontconfig/e383d7ea5fbe662a33d9b44caf393297-le32d4.cache-3
62f00000-62f03000 r--s 00000000 08:01 2627528    /var/cache/fontconfig/2cd17615ca594fa2959ae173292e504c-le32d4.cache-3
62f03000-62f04000 r--s 00000000 08:01 2627552    /var/cache/fontconfig/e7071f4a29fa870f4323321c154eba04-le32d4.cache-3
62f04000-62f08000 r--s 00000000 08:01 2627537    /var/cache/fontconfig/6eb3985aa4124903f6ff08ba781cd364-le32d4.cache-3
62f08000-62f09000 r--s 00000000 08:01 2627532    /var/cache/fontconfig/4c73fe0c47614734b17d736dbde7580a-le32d4.cache-3
62f09000-62f0a000 r--s 00000000 08:01 2627525    /var/cache/fontconfig/0d8c3b2ac0904cb8a57a757ad11a4a08-le32d4.cache-3
62f0a000-62f0b000 r--s 00000000 08:01 2627535    /var/cache/fontconfig/6a53c69dea097a2d716e069445527da8-le32d4.cache-3
62f0b000-62f0f000 r--s 00000000 08:01 2627542    /var/cache/fontconfig/a755afe4a08bf5b97852ceb7400b47bc-le32d4.cache-3
62f0f000-62f13000 r--s 00000000 08:01 2633494    /var/cache/fontconfig/515ca1ebc4b18308bea979be5704f9db-le32d4.cache-3
62f13000-62f1a000 r--s 00000000 08:01 2622661    /var/cache/fontconfig/6d41288fd70b0be22e8c3a91e032eec0-le32d4.cache-3
62f1a000-62f25000 r--s 00000000 08:01 2627526    /var/cache/fontconfig/0f34bcd4b6ee430af32735b75db7f02b-le32d4.cache-3
62f2d000-62f4e000 r-xp 00000000 08:01 2887828    /usr/lib/jvm/java-6-openjdk/jre/lib/i386/libj3dcore-ogl.so
62f4e000-62f4f000 rw-p 00021000 08:01 2887828    /usr/lib/jvm/java-6-openjdk/jre/lib/i386/libj3dcore-ogl.so
62f4f000-62f50000 r--s 00000000 08:01 2627543    /var/cache/fontconfig/c05880de57d1f5e948fdfacc138775d9-le32d4.cache-3
62f50000-62f56000 r--s 00000000 08:01 2627540    /var/cache/fontconfig/945677eb7aeaf62f1d50efc3fb3ec7d8-le32d4.cache-3
62f56000-62f58000 r--s 00000000 08:01 2627541    /var/cache/fontconfig/99e8ed0e538f840c565b6ed5dad60d56-le32d4.cache-3
62f58000-62f5b000 r--s 00000000 08:01 2627551    /var/cache/fontconfig/e383d7ea5fbe662a33d9b44caf393297-le32d4.cache-3
62f5f000-62f62000 r--s 00000000 08:01 2627548    /var/cache/fontconfig/d60319d88cac85ba9e1a07bd06cfbb8c-le32d4.cache-3
62f62000-62f63000 r--s 00000000 08:01 2625030    /var/cache/fontconfig/4794a0821666d79190d59a36cb4f44b5-le32d4.cache-3
62f63000-62f70000 r--s 00000000 08:01 2627547    /var/cache/fontconfig/d52a8644073d54c13679302ca1180695-le32d4.cache-3
62f89000-62f8d000 r-xp 00000000 08:01 2495616    /usr/lib/i386-linux-gnu/libXfixes.so.3.1.0
62f8d000-62f8e000 r--p 00003000 08:01 2495616    /usr/lib/i386-linux-gnu/libXfixes.so.3.1.0
62f8e000-62f8f000 rw-p 00004000 08:01 2495616    /usr/lib/i386-linux-gnu/libXfixes.so.3.1.0
62f8f000-62f98000 r-xp 00000000 08:01 2495608    /usr/lib/i386-linux-gnu/libXcursor.so.1.0.2
62f98000-62f99000 r--p 00008000 08:01 2495608    /usr/lib/i386-linux-gnu/libXcursor.so.1.0.2
62f99000-62f9a000 rw-p 00009000 08:01 2495608    /usr/lib/i386-linux-gnu/libXcursor.so.1.0.2
62fac000-62fad000 r-xp 00000000 08:01 2886121    /usr/lib/jvm/java-6-openjdk/jre/lib/i386/libjawt.so
62fad000-62fae000 r--p 00000000 08:01 2886121    /usr/lib/jvm/java-6-openjdk/jre/lib/i386/libjawt.so
62fae000-62faf000 rw-p 00001000 08:01 2886121    /usr/lib/jvm/java-6-openjdk/jre/lib/i386/libjawt.so
62faf000-62fb5000 r--s 00000000 08:01 2633493    /var/cache/fontconfig/153bb866d4d26e7cd19eee2129f8d8d2-le32d4.cache-3
62fb5000-62fb7000 r--s 00000000 08:01 2622659    /var/cache/fontconfig/e13b20fdb08344e0e664864cc2ede53d-le32d4.cache-3
62fb7000-62fba000 r--s 00000000 08:01 2633498    /var/cache/fontconfig/7ef2298fde41cc6eeb7af42e48b7d293-le32d4.cache-3
62fba000-62fbd000 ---p 00000000 00:00 0 
62fbd000-6300b000 rwxp 00000000 00:00 0 
6300b000-6313c000 r-xp 00000000 08:01 2495602    /usr/lib/i386-linux-gnu/libX11.so.6.3.0
6313c000-6313d000 ---p 00131000 08:01 2495602    /usr/lib/i386-linux-gnu/libX11.so.6.3.0
6313d000-6313e000 r--p 00131000 08:01 2495602    /usr/lib/i386-linux-gnu/libX11.so.6.3.0
6313e000-63140000 rw-p 00132000 08:01 2495602    /usr/lib/i386-linux-gnu/libX11.so.6.3.0
63140000-63141000 rw-p 00000000 00:00 0 
63141000-631d4000 r-xp 00000000 08:01 2886106    /usr/lib/jvm/java-6-openjdk/jre/lib/i386/libawt.so
631d4000-631d5000 r--p 00092000 08:01 2886106    /usr/lib/jvm/java-6-openjdk/jre/lib/i386/libawt.so
631d5000-631dc000 rw-p 00093000 08:01 2886106    /usr/lib/jvm/java-6-openjdk/jre/lib/i386/libawt.so
631dc000-63200000 rw-p 00000000 00:00 0 
63200000-632fc000 rw-p 00000000 00:00 0 
632fc000-63300000 ---p 00000000 00:00 0 
63300000-63303000 r--s 00000000 08:01 2627528    /var/cache/fontconfig/2cd17615ca594fa2959ae173292e504c-le32d4.cache-3
63303000-63307000 r--s 00000000 08:01 2633494    /var/cache/fontconfig/515ca1ebc4b18308bea979be5704f9db-le32d4.cache-3
63307000-6330e000 r--s 00000000 08:01 2622661    /var/cache/fontconfig/6d41288fd70b0be22e8c3a91e032eec0-le32d4.cache-3
6330e000-63319000 r--s 00000000 08:01 2627526    /var/cache/fontconfig/0f34bcd4b6ee430af32735b75db7f02b-le32d4.cache-3
63319000-63326000 r--s 00000000 08:01 2627547    /var/cache/fontconfig/d52a8644073d54c13679302ca1180695-le32d4.cache-3
63326000-633b8000 r-xp 00000000 08:01 2492008    /usr/lib/i386-linux-gnu/libfreetype.so.6.6.2
633b8000-633bc000 r--p 00091000 08:01 2492008    /usr/lib/i386-linux-gnu/libfreetype.so.6.6.2
633bc000-633bd000 rw-p 00095000 08:01 2492008    /usr/lib/i386-linux-gnu/libfreetype.so.6.6.2
633bd000-633f7000 r-xp 00000000 08:01 2886111    /usr/lib/jvm/java-6-openjdk/jre/lib/i386/libfontmanager.so
633f7000-633f8000 r--p 00039000 08:01 2886111    /usr/lib/jvm/java-6-openjdk/jre/lib/i386/libfontmanager.so
633f8000-633f9000 rw-p 0003a000 08:01 2886111    /usr/lib/jvm/java-6-openjdk/jre/lib/i386/libfontmanager.so
633f9000-633fe000 r-xp 00000000 08:01 2495612    /usr/lib/i386-linux-gnu/libXdmcp.so.6.0.0
633fe000-633ff000 r--p 00004000 08:01 2495612    /usr/lib/i386-linux-gnu/libXdmcp.so.6.0.0
633ff000-63400000 rw-p 00005000 08:01 2495612    /usr/lib/i386-linux-gnu/libXdmcp.so.6.0.0
63400000-634f9000 rw-p 00000000 00:00 0 
634f9000-63500000 ---p 00000000 00:00 0 
63500000-63504000 r--s 00000000 08:01 2627537    /var/cache/fontconfig/6eb3985aa4124903f6ff08ba781cd364-le32d4.cache-3
63504000-63521000 r-xp 00000000 08:01 2495900    /usr/lib/i386-linux-gnu/libxcb.so.1.1.0
63521000-63522000 r--p 0001c000 08:01 2495900    /usr/lib/i386-linux-gnu/libxcb.so.1.1.0
63522000-63523000 rw-p 0001d000 08:01 2495900    /usr/lib/i386-linux-gnu/libxcb.so.1.1.0
63523000-63531000 r-xp 00000000 08:01 2495620    /usr/lib/i386-linux-gnu/libXi.so.6.1.0
63531000-63532000 r--p 0000d000 08:01 2495620    /usr/lib/i386-linux-gnu/libXi.so.6.1.0
63532000-63533000 rw-p 0000e000 08:01 2495620    /usr/lib/i386-linux-gnu/libXi.so.6.1.0
63533000-63538000 r-xp 00000000 08:01 2493164    /usr/lib/libXtst.so.6.1.0
63538000-63539000 r--p 00004000 08:01 2493164    /usr/lib/libXtst.so.6.1.0
63539000-6353a000 rw-p 00005000 08:01 2493164    /usr/lib/libXtst.so.6.1.0
6353a000-63543000 r-xp 00000000 08:01 2495626    /usr/lib/i386-linux-gnu/libXrender.so.1.3.0
63543000-63544000 r--p 00008000 08:01 2495626    /usr/lib/i386-linux-gnu/libXrender.so.1.3.0
63544000-63545000 rw-p 00009000 08:01 2495626    /usr/lib/i386-linux-gnu/libXrender.so.1.3.0
63545000-63556000 r-xp 00000000 08:01 2495614    /usr/lib/i386-linux-gnu/libXext.so.6.4.0
63556000-63557000 r--p 00010000 08:01 2495614    /usr/lib/i386-linux-gnu/libXext.so.6.4.0
63557000-63558000 rw-p 00011000 08:01 2495614    /usr/lib/i386-linux-gnu/libXext.so.6.4.0
63558000-64100000 rw-p 00000000 00:00 0 
64100000-641f8000 rw-p 00000000 00:00 0 
641f8000-64200000 ---p 00000000 00:00 0 
64201000-64203000 r-xp 00000000 08:01 2495604    /usr/lib/i386-linux-gnu/libXau.so.6.0.0
64203000-64204000 r--p 00001000 08:01 2495604    /usr/lib/i386-linux-gnu/libXau.so.6.0.0
64204000-64205000 rw-p 00002000 08:01 2495604    /usr/lib/i386-linux-gnu/libXau.so.6.0.0
64205000-64251000 r-xp 00000000 08:01 3542024    /usr/lib/jvm/java-6-openjdk/jre/lib/i386/xawt/libmawt.so
64251000-64252000 r--p 0004b000 08:01 3542024    /usr/lib/jvm/java-6-openjdk/jre/lib/i386/xawt/libmawt.so
64252000-64254000 rw-p 0004c000 08:01 3542024    /usr/lib/jvm/java-6-openjdk/jre/lib/i386/xawt/libmawt.so
64254000-64255000 rw-p 00000000 00:00 0 
64255000-6425c000 r--s 000fb000 08:01 2896159    /usr/lib/jvm/java-6-openjdk/jre/lib/resources.jar
6425c000-6450f000 rw-p 00000000 00:00 0 
6450f000-64512000 ---p 00000000 00:00 0 
64512000-64560000 rwxp 00000000 00:00 0 
64560000-66656000 r--s 00000000 00:12 53072      /run/shm/3897_045e.02ae@1.6_Image
66656000-66b19000 rw-p 00000000 00:00 0 
66b19000-66b1a000 r--p 00000000 00:00 0 
66b1a000-6e80a000 rw-p 00000000 00:00 0 
6e80a000-6eb8e000 r--s 00000000 00:12 53061      /run/shm/3897_045e.02ae@1.6_Depth
6eb8e000-6ec25000 rw-p 00000000 00:00 0 
6ec25000-6ec26000 ---p 00000000 00:00 0 
6ec26000-6f426000 rwxp 00000000 00:00 0 
6f426000-6fc4a000 rw-p 00000000 00:00 0 
6fc4a000-6ffce000 r--s 00000000 00:12 53061      /run/shm/3897_045e.02ae@1.6_Depth
6ffce000-70065000 rw-p 00000000 00:00 0 
70065000-70066000 ---p 00000000 00:00 0 
70066000-70866000 rwxp 00000000 00:00 0 
70866000-70c67000 rw-p 00000000 00:00 0 
70c67000-70cf3000 r-xp 00000000 08:01 2504881    /usr/lib/libXnDeviceSensorV2KM.so
70cf3000-70cfc000 r--p 0008b000 08:01 2504881    /usr/lib/libXnDeviceSensorV2KM.so
70cfc000-70cfd000 rw-p 00094000 08:01 2504881    /usr/lib/libXnDeviceSensorV2KM.so
70cfd000-70d29000 r-xp 00000000 08:01 2504355    /usr/lib/libXnDeviceFile.so
70d29000-70d2a000 ---p 0002c000 08:01 2504355    /usr/lib/libXnDeviceFile.so
70d2a000-70d2b000 r--p 0002c000 08:01 2504355    /usr/lib/libXnDeviceFile.so
70d2b000-70d2c000 rw-p 0002d000 08:01 2504355    /usr/lib/libXnDeviceFile.so
70d2c000-70d7e000 r-xp 00000000 08:01 2504354    /usr/lib/libXnDDK.so
70d7e000-70d7f000 ---p 00052000 08:01 2504354    /usr/lib/libXnDDK.so
70d7f000-70d81000 r--p 00052000 08:01 2504354    /usr/lib/libXnDDK.so
70d81000-70d82000 rw-p 00054000 08:01 2504354    /usr/lib/libXnDDK.so
70d82000-70da5000 r-xp 00000000 08:01 2504357    /usr/lib/libXnFormats.so
70da5000-70da6000 r--p 00022000 08:01 2504357    /usr/lib/libXnFormats.so
70da6000-70da7000 rw-p 00023000 08:01 2504357    /usr/lib/libXnFormats.so
70da7000-70dc7000 rw-p 00000000 00:00 0 
70dc7000-70dca000 r-xp 00000000 08:01 2504353    /usr/lib/libXnCore.so
70dca000-70dcb000 r--p 00002000 08:01 2504353    /usr/lib/libXnCore.so
70dcb000-70dcc000 rw-p 00003000 08:01 2504353    /usr/lib/libXnCore.so
70dcc000-70e65000 r-xp 00000000 08:01 2504356    /usr/lib/libXnDeviceSensorV2.so
70e65000-70e6e000 r--p 00098000 08:01 2504356    /usr/lib/libXnDeviceSensorV2.so
70e6e000-70e6f000 rw-p 000a1000 08:01 2504356    /usr/lib/libXnDeviceSensorV2.so
70e6f000-70f52000 r-xp 00000000 08:01 2504285    /usr/lib/libXnVHandGenerator_1_5_2.so
70f52000-70f55000 r--p 000e3000 08:01 2504285    /usr/lib/libXnVHandGenerator_1_5_2.so
70f55000-70f56000 rw-p 000e6000 08:01 2504285    /usr/lib/libXnVHandGenerator_1_5_2.so
70f56000-70f62000 rw-p 00000000 00:00 0 
70f62000-71037000 r-xp 00000000 08:01 2504282    /usr/lib/libXnVHandGenerator_1_4_2.so
71037000-71038000 ---p 000d5000 08:01 2504282    /usr/lib/libXnVHandGenerator_1_4_2.so
71038000-7103a000 r--p 000d5000 08:01 2504282    /usr/lib/libXnVHandGenerator_1_4_2.so
7103a000-7103b000 rw-p 000d7000 08:01 2504282    /usr/lib/libXnVHandGenerator_1_4_2.so
7103b000-7103d000 rw-p 00000000 00:00 0 
7103d000-71111000 r-xp 00000000 08:01 2504279    /usr/lib/libXnVHandGenerator_1_4_1.so
71111000-71112000 ---p 000d4000 08:01 2504279    /usr/lib/libXnVHandGenerator_1_4_1.so
71112000-71114000 r--p 000d4000 08:01 2504279    /usr/lib/libXnVHandGenerator_1_4_1.so
71114000-71115000 rw-p 000d6000 08:01 2504279    /usr/lib/libXnVHandGenerator_1_4_1.so
71115000-71117000 rw-p 00000000 00:00 0 
71117000-711f5000 r-xp 00000000 08:01 2504275    /usr/lib/libXnVHandGenerator_1_3_1.so
711f5000-711f8000 r--p 000dd000 08:01 2504275    /usr/lib/libXnVHandGenerator_1_3_1.so
711f8000-711f9000 rw-p 000e0000 08:01 2504275    /usr/lib/libXnVHandGenerator_1_3_1.so
711f9000-711fb000 rw-p 00000000 00:00 0 
711fb000-715fc000 r-xp 00000000 08:01 2504268    /usr/lib/libXnVFeatures_1_5_2.so
715fc000-715fd000 ---p 00401000 08:01 2504268    /usr/lib/libXnVFeatures_1_5_2.so
715fd000-71605000 r--p 00401000 08:01 2504268    /usr/lib/libXnVFeatures_1_5_2.so
71605000-71606000 rw-p 00409000 08:01 2504268    /usr/lib/libXnVFeatures_1_5_2.so
71606000-7161a000 rw-p 00000000 00:00 0 
7161a000-71801000 r-xp 00000000 08:01 2504257    /usr/lib/libXnVFeatures_1_4_2.so
71801000-71804000 r--p 001e6000 08:01 2504257    /usr/lib/libXnVFeatures_1_4_2.so
71804000-71805000 rw-p 001e9000 08:01 2504257    /usr/lib/libXnVFeatures_1_4_2.so
71805000-7180a000 rw-p 00000000 00:00 0 
7180a000-719f1000 r-xp 00000000 08:01 2504252    /usr/lib/libXnVFeatures_1_4_1.so
719f1000-719f4000 r--p 001e6000 08:01 2504252    /usr/lib/libXnVFeatures_1_4_1.so
719f4000-719f5000 rw-p 001e9000 08:01 2504252    /usr/lib/libXnVFeatures_1_4_1.so
719f5000-719fa000 rw-p 00000000 00:00 0 
719fa000-71c18000 r-xp 00000000 08:01 2504247    /usr/lib/libXnVFeatures_1_3_1.so
71c18000-71c19000 ---p 0021e000 08:01 2504247    /usr/lib/libXnVFeatures_1_3_1.so
71c19000-71c1c000 r--p 0021e000 08:01 2504247    /usr/lib/libXnVFeatures_1_3_1.so
71c1c000-71c1d000 rw-p 00221000 08:01 2504247    /usr/lib/libXnVFeatures_1_3_1.so
71c1d000-71c22000 rw-p 00000000 00:00 0 
71c22000-71c45000 r-xp 00000000 08:01 2503957    /usr/lib/libnimRecorder.so
71c45000-71c46000 r--p 00023000 08:01 2503957    /usr/lib/libnimRecorder.so
71c46000-71c47000 rw-p 00024000 08:01 2503957    /usr/lib/libnimRecorder.so
71c47000-71c7b000 r-xp 00000000 08:01 2503954    /usr/lib/libnimCodecs.so
71c7b000-71c7c000 ---p 00034000 08:01 2503954    /usr/lib/libnimCodecs.so
71c7c000-71c7e000 r--p 00034000 08:01 2503954    /usr/lib/libnimCodecs.so
71c7e000-71c7f000 rw-p 00036000 08:01 2503954    /usr/lib/libnimCodecs.so
71c7f000-71c9f000 rw-p 00000000 00:00 0 
71c9f000-71cd0000 r-xp 00000000 08:01 2503956    /usr/lib/libnimMockNodes.so
71cd0000-71cd6000 r--p 00031000 08:01 2503956    /usr/lib/libnimMockNodes.so
71cd6000-71cd7000 rw-p 00037000 08:01 2503956    /usr/lib/libnimMockNodes.so
71cd7000-71ce4000 r-xp 00000000 08:01 1704944    /lib/i386-linux-gnu/libusb-1.0.so.0.0.0
71ce4000-71ce5000 r--p 0000c000 08:01 1704944    /lib/i386-linux-gnu/libusb-1.0.so.0.0.0
71ce5000-71ce6000 rw-p 0000d000 08:01 1704944    /lib/i386-linux-gnu/libusb-1.0.so.0.0.0
71ce6000-71d63000 r-xp 00000000 08:01 2503960    /usr/lib/libOpenNI.so
71d63000-71d65000 r--p 0007c000 08:01 2503960    /usr/lib/libOpenNI.so
71d65000-71d67000 rw-p 0007e000 08:01 2503960    /usr/lib/libOpenNI.so
71d67000-71d85000 r-xp 00000000 08:01 2503959    /usr/lib/libOpenNI.jni.so
71d85000-71d86000 r--p 0001d000 08:01 2503959    /usr/lib/libOpenNI.jni.so
71d86000-71d88000 rw-p 0001e000 08:01 2503959    /usr/lib/libOpenNI.jni.so
71d88000-71d8d000 r-xp 00000000 08:01 2513317    /usr/lib/libusbpp-0.1.so.4.4.4
71d8d000-71d8e000 r--p 00004000 08:01 2513317    /usr/lib/libusbpp-0.1.so.4.4.4
71d8e000-71d8f000 rw-p 00005000 08:01 2513317    /usr/lib/libusbpp-0.1.so.4.4.4
71d8f000-71d96000 r-xp 00000000 08:01 1704036    /lib/libusb-0.1.so.4.4.4
71d96000-71d97000 r--p 00006000 08:01 1704036    /lib/libusb-0.1.so.4.4.4
71d97000-71d98000 rw-p 00007000 08:01 1704036    /lib/libusb-0.1.so.4.4.4
71d98000-71d99000 rw-p 00000000 00:00 0 
71d99000-71d9a000 r--s 00000000 08:01 2627552    /var/cache/fontconfig/e7071f4a29fa870f4323321c154eba04-le32d4.cache-3
71d9a000-71d9b000 r--s 00000000 08:01 2627532    /var/cache/fontconfig/4c73fe0c47614734b17d736dbde7580a-le32d4.cache-3
71d9b000-71d9c000 r--s 00000000 08:01 2627525    /var/cache/fontconfig/0d8c3b2ac0904cb8a57a757ad11a4a08-le32d4.cache-3
71d9c000-71da0000 r--s 00000000 08:01 2627542    /var/cache/fontconfig/a755afe4a08bf5b97852ceb7400b47bc-le32d4.cache-3
71da0000-71da3000 r--s 00000000 08:01 2627548    /var/cache/fontconfig/d60319d88cac85ba9e1a07bd06cfbb8c-le32d4.cache-3
71da3000-71da9000 r--s 00000000 08:01 2633493    /var/cache/fontconfig/153bb866d4d26e7cd19eee2129f8d8d2-le32d4.cache-3
71da9000-71dab000 r--s 00000000 08:01 2622659    /var/cache/fontconfig/e13b20fdb08344e0e664864cc2ede53d-le32d4.cache-3
71dab000-71dae000 r--s 00000000 08:01 2633498    /var/cache/fontconfig/7ef2298fde41cc6eeb7af42e48b7d293-le32d4.cache-3
71dae000-71db6000 r-xp 00000000 08:01 269300     /usr/lib/libusbJava.so.0.2.4
71db6000-71db7000 rw-p 00007000 08:01 269300     /usr/lib/libusbJava.so.0.2.4
71db7000-71dd5000 r--s 0024d000 08:01 272520     /home/norut/workspace/CommModule3.0/lib/KinectLibrary.jar
71dd5000-71dd7000 r--s 0004c000 08:01 270165     /home/norut/workspace/CommModule3.0/lib/vecmath.jar
71dd7000-71ddb000 r--s 0001b000 08:01 270164     /home/norut/workspace/CommModule3.0/lib/org.OpenNI.jar
71ddb000-71ddc000 ---p 00000000 00:00 0 
71ddc000-71ead000 rwxp 00000000 00:00 0 
71ead000-71eae000 ---p 00000000 00:00 0 
71eae000-71f2e000 rwxp 00000000 00:00 0 
71f2e000-71f2f000 ---p 00000000 00:00 0 
71f2f000-72000000 rwxp 00000000 00:00 0 
72000000-720ff000 rw-p 00000000 00:00 0 
720ff000-72100000 ---p 00000000 00:00 0 
72100000-72101000 r--s 00000000 08:01 2627535    /var/cache/fontconfig/6a53c69dea097a2d716e069445527da8-le32d4.cache-3
72101000-7210f000 r--s 00193000 08:01 270161     /home/norut/workspace/CommModule3.0/lib/j3dutils.jar
7210f000-7211b000 r--s 002c7000 08:01 270151     /home/norut/workspace/CommModule3.0/lib/j3dcore.jar
7211b000-7211f000 r--s 000fc000 08:01 268885     /home/norut/workspace/CommModule3.0/lib/NoninLibrary.jar
7211f000-72122000 r--s 00012000 08:01 268892     /home/norut/workspace/CommModule3.0/lib/IRGlanceLibrary.jar
72122000-72123000 r--p 006a5000 08:01 2497487    /usr/lib/locale/locale-archive
72123000-72254000 r--p 0043d000 08:01 2497487    /usr/lib/locale/locale-archive
72254000-72294000 r--p 002bd000 08:01 2497487    /usr/lib/locale/locale-archive
72294000-72494000 r--p 00000000 08:01 2497487    /usr/lib/locale/locale-archive
72494000-72536000 rwxp 00000000 00:00 0 
72536000-72537000 ---p 00000000 00:00 0 
72537000-725b7000 rwxp 00000000 00:00 0 
725b7000-725ea000 rw-p 00000000 00:00 0 
725ea000-7277a000 r--s 037ba000 08:01 2886099    /usr/lib/jvm/java-6-openjdk/jre/lib/rt.jar
7277a000-7277b000 ---p 00000000 00:00 0 
7277b000-727fb000 rwxp 00000000 00:00 0 
727fb000-727fc000 ---p 00000000 00:00 0 
727fc000-7287c000 rwxp 00000000 00:00 0 
7287c000-72884000 rw-p 00000000 00:00 0 
72884000-728bc000 rw-p 00000000 00:00 0 
728bc000-72905000 rw-p 00000000 00:00 0 
72905000-729ea000 rw-p 00000000 00:00 0 
729ea000-729f2000 rw-p 00000000 00:00 0 
729f2000-72a2a000 rw-p 00000000 00:00 0 
72a2a000-72a73000 rw-p 00000000 00:00 0 
72a73000-72b58000 rw-p 00000000 00:00 0 
72b58000-72bef000 rw-p 00000000 00:00 0 
72bef000-73bf0000 rw-p 00000000 00:00 0 
73bf0000-7abf0000 rw-p 00000000 00:00 0 
7abf0000-83d70000 rw-p 00000000 00:00 0 
83d70000-a07f0000 rw-p 00000000 00:00 0 
a07f0000-b35f0000 rw-p 00000000 00:00 0 
b35f0000-b35f1000 r--s 00000000 08:01 2625030    /var/cache/fontconfig/4794a0821666d79190d59a36cb4f44b5-le32d4.cache-3
b35f1000-b35f6000 r--s 0009b000 08:01 268849     /home/norut/workspace/CommModule3.0/lib/WiiboardSimple2.0.jar
b35f6000-b35fe000 r--s 00066000 08:01 2895241    /usr/share/java/gnome-java-bridge.jar
b35fe000-b3607000 rw-p 00000000 00:00 0 
b3607000-b36be000 rw-p 00000000 00:00 0 
b36be000-b38fe000 rwxp 00000000 00:00 0 
b38fe000-b66be000 rw-p 00000000 00:00 0 
b66be000-b66c9000 r-xp 00000000 08:01 1713725    /lib/i386-linux-gnu/libnss_files-2.13.so
b66c9000-b66ca000 r--p 0000a000 08:01 1713725    /lib/i386-linux-gnu/libnss_files-2.13.so
b66ca000-b66cb000 rw-p 0000b000 08:01 1713725    /lib/i386-linux-gnu/libnss_files-2.13.so
b66cb000-b66d5000 r-xp 00000000 08:01 1713727    /lib/i386-linux-gnu/libnss_nis-2.13.so
b66d5000-b66d6000 r--p 00009000 08:01 1713727    /lib/i386-linux-gnu/libnss_nis-2.13.so
b66d6000-b66d7000 rw-p 0000a000 08:01 1713727    /lib/i386-linux-gnu/libnss_nis-2.13.so
b66d7000-b66ec000 r-xp 00000000 08:01 1713722    /lib/i386-linux-gnu/libnsl-2.13.so
b66ec000-b66ed000 r--p 00015000 08:01 1713722    /lib/i386-linux-gnu/libnsl-2.13.so
b66ed000-b66ee000 rw-p 00016000 08:01 1713722    /lib/i386-linux-gnu/libnsl-2.13.so
b66ee000-b66f0000 rw-p 00000000 00:00 0 
b66f0000-b66f8000 r-xp 00000000 08:01 1713723    /lib/i386-linux-gnu/libnss_compat-2.13.so
b66f8000-b66f9000 r--p 00007000 08:01 1713723    /lib/i386-linux-gnu/libnss_compat-2.13.so
b66f9000-b66fa000 rw-p 00008000 08:01 1713723    /lib/i386-linux-gnu/libnss_compat-2.13.so
b66fa000-b66fb000 rw-s 00000000 00:12 53269      /run/shm/045e.02ae@1.6-SM (deleted)
b66fb000-b66fe000 r--s 00011000 08:01 269114     /home/norut/workspace/CommModule3.0/lib/wii-gee-plugin-wiimote-android_fat.jar
b66fe000-b6705000 r-xp 00000000 08:01 2896164    /usr/lib/jvm/java-6-openjdk/jre/lib/i386/libzip.so
b6705000-b6706000 r--p 00006000 08:01 2896164    /usr/lib/jvm/java-6-openjdk/jre/lib/i386/libzip.so
b6706000-b6707000 rw-p 00007000 08:01 2896164    /usr/lib/jvm/java-6-openjdk/jre/lib/i386/libzip.so
b6707000-b670f000 rw-s 00000000 08:01 1582359    /tmp/hsperfdata_root/3880
b670f000-b6735000 r-xp 00000000 08:01 2886119    /usr/lib/jvm/java-6-openjdk/jre/lib/i386/libjava.so
b6735000-b6736000 r--p 00025000 08:01 2886119    /usr/lib/jvm/java-6-openjdk/jre/lib/i386/libjava.so
b6736000-b6738000 rw-p 00026000 08:01 2886119    /usr/lib/jvm/java-6-openjdk/jre/lib/i386/libjava.so
b6738000-b673f000 r-xp 00000000 08:01 1713732    /lib/i386-linux-gnu/librt-2.13.so
b673f000-b6740000 r--p 00006000 08:01 1713732    /lib/i386-linux-gnu/librt-2.13.so
b6740000-b6741000 rw-p 00007000 08:01 1713732    /lib/i386-linux-gnu/librt-2.13.so
b6741000-b6742000 rw-p 00000000 00:00 0 
b6742000-b6792000 rwxp 00000000 00:00 0 
b6792000-b67ae000 r-xp 00000000 08:01 1704890    /lib/i386-linux-gnu/libgcc_s.so.1
b67ae000-b67af000 r--p 0001b000 08:01 1704890    /lib/i386-linux-gnu/libgcc_s.so.1
b67af000-b67b0000 rw-p 0001c000 08:01 1704890    /lib/i386-linux-gnu/libgcc_s.so.1
b67b0000-b67d8000 r-xp 00000000 08:01 1713720    /lib/i386-linux-gnu/libm-2.13.so
b67d8000-b67d9000 r--p 00028000 08:01 1713720    /lib/i386-linux-gnu/libm-2.13.so
b67d9000-b67da000 rw-p 00029000 08:01 1713720    /lib/i386-linux-gnu/libm-2.13.so
b67da000-b68b8000 r-xp 00000000 08:01 2495867    /usr/lib/i386-linux-gnu/libstdc++.so.6.0.16
b68b8000-b68b9000 ---p 000de000 08:01 2495867    /usr/lib/i386-linux-gnu/libstdc++.so.6.0.16
b68b9000-b68bd000 r--p 000de000 08:01 2495867    /usr/lib/i386-linux-gnu/libstdc++.so.6.0.16
b68bd000-b68be000 rw-p 000e2000 08:01 2495867    /usr/lib/i386-linux-gnu/libstdc++.so.6.0.16
b68be000-b68c5000 rw-p 00000000 00:00 0 
b68c5000-b70e3000 r-xp 00000000 08:01 3028099    /usr/lib/jvm/java-6-openjdk/jre/lib/i386/server/libjvm.so
b70e3000-b7128000 r--p 0081e000 08:01 3028099    /usr/lib/jvm/java-6-openjdk/jre/lib/i386/server/libjvm.so
b7128000-b7137000 rw-p 00863000 08:01 3028099    /usr/lib/jvm/java-6-openjdk/jre/lib/i386/server/libjvm.so
b7137000-b7553000 rw-p 00000000 00:00 0 
b7553000-b7566000 r-xp 00000000 08:01 1704952    /lib/i386-linux-gnu/libz.so.1.2.3.4
b7566000-b7567000 r--p 00012000 08:01 1704952    /lib/i386-linux-gnu/libz.so.1.2.3.4
b7567000-b7568000 rw-p 00013000 08:01 1704952    /lib/i386-linux-gnu/libz.so.1.2.3.4
b7568000-b76e0000 r-xp 00000000 08:01 1713716    /lib/i386-linux-gnu/libc-2.13.so
b76e0000-b76e2000 r--p 00178000 08:01 1713716    /lib/i386-linux-gnu/libc-2.13.so
b76e2000-b76e3000 rw-p 0017a000 08:01 1713716    /lib/i386-linux-gnu/libc-2.13.so
b76e3000-b76e6000 rw-p 00000000 00:00 0 
b76e6000-b76e9000 r-xp 00000000 08:01 1713719    /lib/i386-linux-gnu/libdl-2.13.so
b76e9000-b76ea000 r--p 00002000 08:01 1713719    /lib/i386-linux-gnu/libdl-2.13.so
b76ea000-b76eb000 rw-p 00003000 08:01 1713719    /lib/i386-linux-gnu/libdl-2.13.so
b76eb000-b76ef000 r-xp 00000000 08:01 2886103    /usr/lib/jvm/java-6-openjdk/jre/lib/i386/jli/libjli.so
b76ef000-b76f0000 r--p 00003000 08:01 2886103    /usr/lib/jvm/java-6-openjdk/jre/lib/i386/jli/libjli.so
b76f0000-b76f1000 rw-p 00004000 08:01 2886103    /usr/lib/jvm/java-6-openjdk/jre/lib/i386/jli/libjli.so
b76f1000-b76f2000 rw-p 00000000 00:00 0 
b76f2000-b7709000 r-xp 00000000 08:01 1713730    /lib/i386-linux-gnu/libpthread-2.13.so
b7709000-b770a000 r--p 00016000 08:01 1713730    /lib/i386-linux-gnu/libpthread-2.13.so
b770a000-b770b000 rw-p 00017000 08:01 1713730    /lib/i386-linux-gnu/libpthread-2.13.so
b770b000-b770d000 rw-p 00000000 00:00 0 
b770d000-b7710000 r--s 0007d000 08:01 2896155    /usr/lib/jvm/java-6-openjdk/jre/lib/jsse.jar
b7710000-b7712000 r--s 0000f000 08:01 2896143    /usr/lib/jvm/java-6-openjdk/jre/lib/ext/pulse-java.jar
b7712000-b7713000 rw-p 00000000 00:00 0 
b7713000-b7714000 r--p 00000000 00:00 0 
b7714000-b771f000 r-xp 00000000 08:01 2886139    /usr/lib/jvm/java-6-openjdk/jre/lib/i386/libverify.so
b771f000-b7720000 ---p 0000b000 08:01 2886139    /usr/lib/jvm/java-6-openjdk/jre/lib/i386/libverify.so
b7720000-b7721000 r--p 0000b000 08:01 2886139    /usr/lib/jvm/java-6-openjdk/jre/lib/i386/libverify.so
b7721000-b7722000 rw-p 0000c000 08:01 2886139    /usr/lib/jvm/java-6-openjdk/jre/lib/i386/libverify.so
b7722000-b7724000 rw-p 00000000 00:00 0 
b7724000-b7725000 r-xp 00000000 00:00 0          [vdso]
b7725000-b7743000 r-xp 00000000 08:01 1713713    /lib/i386-linux-gnu/ld-2.13.so
b7743000-b7744000 r--p 0001d000 08:01 1713713    /lib/i386-linux-gnu/ld-2.13.so
b7744000-b7745000 rw-p 0001e000 08:01 1713713    /lib/i386-linux-gnu/ld-2.13.so
bffdb000-bfffb000 rwxp 00000000 00:00 0          [stack]
bfffb000-bfffc000 rw-p 00000000 00:00 0 

VM Arguments:
jvm_args: -Dfile.encoding=UTF-8 
java_command: test.TestGrande
Launcher Type: SUN_STANDARD

Environment Variables:
PATH=/usr/local/sbin:/usr/local/bin:/usr/sbin:/usr/bin:/sbin:/bin:/usr/X11R6/bin
USERNAME=root
LD_LIBRARY_PATH=/usr/lib/jvm/java-6-openjdk/jre/lib/i386/server:/usr/lib/jvm/java-6-openjdk/jre/lib/i386:/usr/lib/jvm/java-6-openjdk/jre/../lib/i386:/usr/lib/jvm/java-6-openjdk/jre/lib/i386/client:/usr/lib/jvm/java-6-openjdk/jre/lib/i386:
SHELL=/bin/bash
DISPLAY=:0.0

Signal Handlers:
SIGSEGV: [libjvm.so+0x66a530], sa_mask[0]=0x7ffbfeff, sa_flags=0x10000004
SIGBUS: [libjvm.so+0x66a530], sa_mask[0]=0x7ffbfeff, sa_flags=0x10000004
SIGFPE: [libjvm.so+0x52e2c0], sa_mask[0]=0x7ffbfeff, sa_flags=0x10000004
SIGPIPE: [libjvm.so+0x52e2c0], sa_mask[0]=0x7ffbfeff, sa_flags=0x10000004
SIGXFSZ: [libjvm.so+0x52e2c0], sa_mask[0]=0x7ffbfeff, sa_flags=0x10000004
SIGILL: [libjvm.so+0x52e2c0], sa_mask[0]=0x7ffbfeff, sa_flags=0x10000004
SIGUSR1: SIG_DFL, sa_mask[0]=0x00000000, sa_flags=0x00000000
SIGUSR2: [libjvm.so+0x52e150], sa_mask[0]=0x00000004, sa_flags=0x10000004
SIGHUP: [libjvm.so+0x5311f0], sa_mask[0]=0x7ffbfeff, sa_flags=0x10000004
SIGINT: [libjvm.so+0x5311f0], sa_mask[0]=0x7ffbfeff, sa_flags=0x10000004
SIGTERM: [libjvm.so+0x5311f0], sa_mask[0]=0x7ffbfeff, sa_flags=0x10000004
SIGQUIT: [libjvm.so+0x5311f0], sa_mask[0]=0x7ffbfeff, sa_flags=0x10000004


---------------  S Y S T E M  ---------------

OS:Ubuntu 11.10 (oneiric)
uname:Linux 3.0.0-17-generic-pae #30-Ubuntu SMP Thu Mar 8 17:53:35 UTC 2012 i686
libc:glibc 2.13 NPTL 2.13 
rlimit: STACK 8192k, CORE 0k, NPROC 28837, NOFILE 4096, AS infinity
load average:1.49 0.37 0.16

/proc/meminfo:
MemTotal:        3705196 kB
MemFree:          722952 kB
Buffers:          338364 kB
Cached:          1044468 kB
SwapCached:            0 kB
Active:          1803456 kB
Inactive:         955316 kB
Active(anon):    1376984 kB
Inactive(anon):    11156 kB
Active(file):     426472 kB
Inactive(file):   944160 kB
Unevictable:          60 kB
Mlocked:              60 kB
HighTotal:       2866716 kB
HighFree:         339472 kB
LowTotal:         838480 kB
LowFree:          383480 kB
SwapTotal:       3778556 kB
SwapFree:        3778556 kB
Dirty:               136 kB
Writeback:             0 kB
AnonPages:       1376052 kB
Mapped:           215324 kB
Shmem:             12204 kB
Slab:              80552 kB
SReclaimable:      65532 kB
SUnreclaim:        15020 kB
KernelStack:        3352 kB
PageTables:        10464 kB
NFS_Unstable:          0 kB
Bounce:                0 kB
WritebackTmp:          0 kB
CommitLimit:     5631152 kB
Committed_AS:    3174944 kB
VmallocTotal:     122880 kB
VmallocUsed:       45968 kB
VmallocChunk:      73112 kB
HardwareCorrupted:     0 kB
AnonHugePages:         0 kB
HugePages_Total:       0
HugePages_Free:        0
HugePages_Rsvd:        0
HugePages_Surp:        0
Hugepagesize:       2048 kB
DirectMap4k:       10232 kB
DirectMap2M:      903168 kB


CPU:total 2 (2 cores per cpu, 1 threads per core) family 20 model 1 stepping 0, cmov, cx8, fxsr, mmx, sse, sse2, sse3, ssse3, popcnt, mmxext, lzcnt, sse4a

Memory: 4k page, physical 3705196k(722952k free), swap 3778556k(3778556k free)

vm_info: OpenJDK Server VM (20.0-b11) for linux-x86 JRE (1.6.0_23-b23), built on Feb 23 2012 06:26:43 by "buildd" with gcc 4.6.1

time: Tue Apr 17 09:23:29 2012
elapsed time: 26 seconds

