#
# A fatal error has been detected by the Java Runtime Environment:
#
#  SIGSEGV (0xb) at pc=0xb6e4051d, pid=4184, tid=1918593904
#
# JRE version: 6.0_23-b23
# Java VM: OpenJDK Server VM (20.0-b11 mixed mode linux-x86 )
# Derivative: IcedTea6 1.11pre
# Distribution: Ubuntu 11.10, package 6b23~pre11-0ubuntu1.11.10.2
# Problematic frame:
# V  [libjvm.so+0x58251d]  PSPromotionManager::copy_to_survivor_space(oopDesc*)+0x2d
#
# If you would like to submit a bug report, please include
# instructions how to reproduce the bug and visit:
#   https://bugs.launchpad.net/ubuntu/+source/openjdk-6/
#

---------------  T H R E A D  ---------------

Current thread (0x08bfc400):  VMThread [stack: 0x72536000,0x725b7000] [id=4193]

siginfo:si_signo=SIGSEGV: si_errno=0, si_code=1 (SEGV_MAPERR), si_addr=0x00c6df0c

Registers:
EAX=0x00c6df00, EBX=0xb7120ff4, ECX=0x00000370, EDX=0xa08c2b50
ESP=0x725b5ca0, EBP=0xa08c2b50, ESI=0x08beb318, EDI=0xa55c4a20
EIP=0xb6e4051d, EFLAGS=0x00210293, CR2=0x00c6df0c

Top of Stack: (sp=0x725b5ca0)
0x725b5ca0:   72d2caf0 08beb318 a55c4a10 b6def78f
0x725b5cb0:   72bb7000 b6dea4a6 b7120ff4 b7118468
0x725b5cc0:   a55c4a10 00000001 00000006 00120ff4
0x725b5cd0:   a55c4000 00001000 b7120ff4 b6bda28b
0x725b5ce0:   08beb358 091dc220 00000ffc b7120ff4
0x725b5cf0:   08beb318 a55c4a20 b713be78 b6e40fec
0x725b5d00:   08beb318 a08c2b50 0000000a 00e40c0c
0x725b5d10:   a5520000 00001000 08b7af80 01c1032c 

Instructions: (pc=0xb6e4051d)
0xb6e404fd:   81 c3 f8 0a 2e 00 8b 6c 24 64 8b 45 00 89 44 24
0xb6e4050d:   24 83 e0 03 83 f8 03 0f 84 86 00 00 00 8b 45 04
0xb6e4051d:   8b 48 0c 83 f9 00 0f 8e 17 01 00 00 c1 f9 02 89
0xb6e4052d:   4c 24 28 8b 44 24 24 f6 44 24 24 01 0f 85 f1 00 

Register to memory mapping:

EAX=0x00c6df00 is an unknown value
EBX=0xb7120ff4: <offset 0x862ff4> in /usr/lib/jvm/java-6-openjdk/jre/lib/i386/server/libjvm.so at 0xb68be000
ECX=0x00000370 is an unknown value
EDX=0xa08c2b50 is an unknown value
ESP=0x725b5ca0 is an unknown value
EBP=0xa08c2b50 is an unknown value
ESI=0x08beb318 is an unknown value
EDI=0xa55c4a20 is an unknown value


Stack: [0x72536000,0x725b7000],  sp=0x725b5ca0,  free space=511k
Native frames: (J=compiled Java code, j=interpreted, Vv=VM code, C=native code)
V  [libjvm.so+0x58251d]  PSPromotionManager::copy_to_survivor_space(oopDesc*)+0x2d

VM_Operation (0xb6789e84): ParallelGCFailedAllocation, mode: safepoint, requested by thread 0x08b77800


---------------  P R O C E S S  ---------------

Java Threads: ( => current thread )
  0x71d9a000 JavaThread "Thread-1" [_thread_blocked, id=4211, stack(0x6564d000,0x6569e000)]
  0x08c1b000 JavaThread "Low Memory Detector" daemon [_thread_blocked, id=4199, stack(0x71f7e000,0x71fcf000)]
  0x08c17c00 JavaThread "C2 CompilerThread1" daemon [_thread_blocked, id=4198, stack(0x71fcf000,0x72050000)]
  0x08c15c00 JavaThread "C2 CompilerThread0" daemon [_thread_blocked, id=4197, stack(0x72050000,0x720d1000)]
  0x08c14400 JavaThread "Signal Dispatcher" daemon [_thread_blocked, id=4196, stack(0x720d1000,0x72122000)]
  0x08c01800 JavaThread "Finalizer" daemon [_thread_blocked, id=4195, stack(0x72494000,0x724e5000)]
  0x08c00000 JavaThread "Reference Handler" daemon [_thread_blocked, id=4194, stack(0x724e5000,0x72536000)]
  0x08b77800 JavaThread "main" [_thread_blocked, id=4186, stack(0xb673a000,0xb678b000)]

Other Threads:
=>0x08bfc400 VMThread [stack: 0x72536000,0x725b7000] [id=4193]
  0x08c1d000 WatcherThread [stack: 0x71efd000,0x71f7e000] [id=4200]

VM state:at safepoint (normal execution)

VM Mutex/Monitor currently owned by a thread:  ([mutex/lock_event])
[0x08b75218] Threads_lock - owner thread: 0x08bfc400
[0x08b75628] Heap_lock - owner thread: 0x08b77800

Heap
 PSYoungGen      total 126272K, used 126272K [0xa07f0000, 0xae3a0000, 0xb35f0000)
  eden space 70976K, 100% used [0xa07f0000,0xa4d40000,0xa4d40000)
  from space 55296K, 100% used [0xa8f90000,0xac590000,0xac590000)
  to   space 67904K, 12% used [0xa4d40000,0xa55c8000,0xa8f90000)
 PSOldGen        total 137856K, used 56346K [0x7abf0000, 0x83290000, 0xa07f0000)
  object space 137856K, 40% used [0x7abf0000,0x7e2f6b30,0x83290000)
 PSPermGen       total 16384K, used 3826K [0x72bf0000, 0x73bf0000, 0x7abf0000)
  object space 16384K, 23% used [0x72bf0000,0x72facb40,0x73bf0000)

Code Cache  [0xb36b7000, 0xb38f7000, 0xb66b7000)
 total_blobs=180 nmethods=59 adapters=76 free_code_cache=49956544 largest_free_block=8256

Dynamic libraries:
08048000-08051000 r-xp 00000000 08:01 3029976    /usr/lib/jvm/java-6-openjdk/jre/bin/java
08051000-08052000 r--p 00008000 08:01 3029976    /usr/lib/jvm/java-6-openjdk/jre/bin/java
08052000-08053000 rw-p 00009000 08:01 3029976    /usr/lib/jvm/java-6-openjdk/jre/bin/java
08b70000-0920e000 rw-p 00000000 00:00 0          [heap]
5ea06000-5f80a000 rw-p 00000000 00:00 0 
5f80a000-61900000 r--s 00000000 00:12 58016      /run/shm/4202_045e.02ae@1.6_Image
61900000-619d0000 rw-p 00000000 00:00 0 
619d0000-61a00000 ---p 00000000 00:00 0 
61a1e000-61b00000 rw-p 00000000 00:00 0 
61b00000-61d00000 rw-p 00000000 00:00 0 
61d00000-61f00000 rw-p 00000000 00:00 0 
61f00000-62100000 rw-p 00000000 00:00 0 
62100000-62300000 rw-p 00000000 00:00 0 
62300000-62500000 rw-p 00000000 00:00 0 
62500000-62700000 rw-p 00000000 00:00 0 
62700000-62900000 rw-p 00000000 00:00 0 
62900000-62b00000 rw-p 00000000 00:00 0 
62b00000-62d00000 rw-p 00000000 00:00 0 
62d00000-62dff000 rw-p 00000000 00:00 0 
62dff000-62e00000 ---p 00000000 00:00 0 
62e00000-62eff000 rw-p 00000000 00:00 0 
62eff000-62f00000 ---p 00000000 00:00 0 
62f00000-63100000 rw-p 00000000 00:00 0 
63100000-63300000 rw-p 00000000 00:00 0 
63300000-63500000 rw-p 00000000 00:00 0 
63500000-63700000 rw-p 00000000 00:00 0 
63700000-63900000 rw-p 00000000 00:00 0 
63900000-63b00000 rw-p 00000000 00:00 0 
63b00000-63d00000 rw-p 00000000 00:00 0 
63d00000-63f00000 rw-p 00000000 00:00 0 
63f00000-64100000 rw-p 00000000 00:00 0 
64100000-64300000 rw-p 00000000 00:00 0 
64300000-64500000 rw-p 00000000 00:00 0 
64500000-64700000 rw-p 00000000 00:00 0 
64700000-64900000 rw-p 00000000 00:00 0 
64900000-649ff000 rw-p 00000000 00:00 0 
649ff000-64a00000 ---p 00000000 00:00 0 
64a00000-64b00000 rw-p 00000000 00:00 0 
64b00000-64cff000 rw-p 00000000 00:00 0 
64cff000-64d00000 ---p 00000000 00:00 0 
64d00000-64f00000 rw-p 00000000 00:00 0 
64f00000-65100000 rw-p 00000000 00:00 0 
65100000-65300000 rw-p 00000000 00:00 0 
65300000-65500000 rw-p 00000000 00:00 0 
65500000-65600000 rw-p 00000000 00:00 0 
6564d000-65650000 ---p 00000000 00:00 0 
65650000-6569e000 rwxp 00000000 00:00 0 
6569e000-65a7f000 rw-p 00000000 00:00 0 
65a80000-6bd00000 rw-p 00000000 00:00 0 
6bd00000-6be00000 rw-p 00000000 00:00 0 
6be21000-6c400000 rw-p 00000000 00:00 0 
6c400000-6c4f7000 rw-p 00000000 00:00 0 
6c4f7000-6c500000 ---p 00000000 00:00 0 
6c52b000-6c600000 rw-p 00000000 00:00 0 
6c600000-6c700000 rw-p 00000000 00:00 0 
6c72b000-6c800000 rw-p 00000000 00:00 0 
6c800000-6c900000 rw-p 00000000 00:00 0 
6c92b000-6ca00000 rw-p 00000000 00:00 0 
6ca00000-6cb00000 rw-p 00000000 00:00 0 
6cb00000-6cc00000 rw-p 00000000 00:00 0 
6cc2b000-6cd00000 rw-p 00000000 00:00 0 
6cd00000-6cdfc000 rw-p 00000000 00:00 0 
6cdfc000-6ce00000 ---p 00000000 00:00 0 
6ce18000-6dee3000 rw-p 00000000 00:00 0 
6dee3000-6e267000 r--s 00000000 00:12 58957      /run/shm/4202_045e.02ae@1.6_Depth
6e267000-6e2fe000 rw-p 00000000 00:00 0 
6e2fe000-6e2ff000 ---p 00000000 00:00 0 
6e2ff000-6eaff000 rwxp 00000000 00:00 0 
6eaff000-6ef00000 rw-p 00000000 00:00 0 
6ef00000-6f000000 rw-p 00000000 00:00 0 
6f01d000-6f100000 rw-p 00000000 00:00 0 
6f100000-6f1fb000 rw-p 00000000 00:00 0 
6f1fb000-6f200000 ---p 00000000 00:00 0 
6f21d000-6f300000 rw-p 00000000 00:00 0 
6f300000-6f400000 rw-p 00000000 00:00 0 
6f41d000-6f500000 rw-p 00000000 00:00 0 
6f500000-6f5fb000 rw-p 00000000 00:00 0 
6f5fb000-6f600000 ---p 00000000 00:00 0 
6f61d000-6f700000 rw-p 00000000 00:00 0 
6f700000-6f900000 rw-p 00000000 00:00 0 
6f900000-6f9f8000 rw-p 00000000 00:00 0 
6f9f8000-6fa00000 ---p 00000000 00:00 0 
6fa01000-6fae4000 rw-p 00000000 00:00 0 
6fae4000-6fe68000 r--s 00000000 00:12 58957      /run/shm/4202_045e.02ae@1.6_Depth
6fe68000-6feff000 rw-p 00000000 00:00 0 
6feff000-6ff00000 ---p 00000000 00:00 0 
6ff00000-70700000 rwxp 00000000 00:00 0 
70700000-707fd000 rw-p 00000000 00:00 0 
707fd000-70800000 ---p 00000000 00:00 0 
70825000-70c4c000 rw-p 00000000 00:00 0 
70c4c000-70cd8000 r-xp 00000000 08:01 2504881    /usr/lib/libXnDeviceSensorV2KM.so
70cd8000-70ce1000 r--p 0008b000 08:01 2504881    /usr/lib/libXnDeviceSensorV2KM.so
70ce1000-70ce2000 rw-p 00094000 08:01 2504881    /usr/lib/libXnDeviceSensorV2KM.so
70ce2000-70d0e000 r-xp 00000000 08:01 2504355    /usr/lib/libXnDeviceFile.so
70d0e000-70d0f000 ---p 0002c000 08:01 2504355    /usr/lib/libXnDeviceFile.so
70d0f000-70d10000 r--p 0002c000 08:01 2504355    /usr/lib/libXnDeviceFile.so
70d10000-70d11000 rw-p 0002d000 08:01 2504355    /usr/lib/libXnDeviceFile.so
70d11000-70d63000 r-xp 00000000 08:01 2504354    /usr/lib/libXnDDK.so
70d63000-70d64000 ---p 00052000 08:01 2504354    /usr/lib/libXnDDK.so
70d64000-70d66000 r--p 00052000 08:01 2504354    /usr/lib/libXnDDK.so
70d66000-70d67000 rw-p 00054000 08:01 2504354    /usr/lib/libXnDDK.so
70d67000-70d8a000 r-xp 00000000 08:01 2504357    /usr/lib/libXnFormats.so
70d8a000-70d8b000 r--p 00022000 08:01 2504357    /usr/lib/libXnFormats.so
70d8b000-70d8c000 rw-p 00023000 08:01 2504357    /usr/lib/libXnFormats.so
70d8c000-70dac000 rw-p 00000000 00:00 0 
70dac000-70e45000 r-xp 00000000 08:01 2504356    /usr/lib/libXnDeviceSensorV2.so
70e45000-70e4e000 r--p 00098000 08:01 2504356    /usr/lib/libXnDeviceSensorV2.so
70e4e000-70e4f000 rw-p 000a1000 08:01 2504356    /usr/lib/libXnDeviceSensorV2.so
70e4f000-70f32000 r-xp 00000000 08:01 2504285    /usr/lib/libXnVHandGenerator_1_5_2.so
70f32000-70f35000 r--p 000e3000 08:01 2504285    /usr/lib/libXnVHandGenerator_1_5_2.so
70f35000-70f36000 rw-p 000e6000 08:01 2504285    /usr/lib/libXnVHandGenerator_1_5_2.so
70f36000-70f42000 rw-p 00000000 00:00 0 
70f42000-71017000 r-xp 00000000 08:01 2504282    /usr/lib/libXnVHandGenerator_1_4_2.so
71017000-71018000 ---p 000d5000 08:01 2504282    /usr/lib/libXnVHandGenerator_1_4_2.so
71018000-7101a000 r--p 000d5000 08:01 2504282    /usr/lib/libXnVHandGenerator_1_4_2.so
7101a000-7101b000 rw-p 000d7000 08:01 2504282    /usr/lib/libXnVHandGenerator_1_4_2.so
7101b000-7101d000 rw-p 00000000 00:00 0 
7101d000-710f1000 r-xp 00000000 08:01 2504279    /usr/lib/libXnVHandGenerator_1_4_1.so
710f1000-710f2000 ---p 000d4000 08:01 2504279    /usr/lib/libXnVHandGenerator_1_4_1.so
710f2000-710f4000 r--p 000d4000 08:01 2504279    /usr/lib/libXnVHandGenerator_1_4_1.so
710f4000-710f5000 rw-p 000d6000 08:01 2504279    /usr/lib/libXnVHandGenerator_1_4_1.so
710f5000-710f7000 rw-p 00000000 00:00 0 
710f7000-711d5000 r-xp 00000000 08:01 2504275    /usr/lib/libXnVHandGenerator_1_3_1.so
711d5000-711d8000 r--p 000dd000 08:01 2504275    /usr/lib/libXnVHandGenerator_1_3_1.so
711d8000-711d9000 rw-p 000e0000 08:01 2504275    /usr/lib/libXnVHandGenerator_1_3_1.so
711d9000-711db000 rw-p 00000000 00:00 0 
711db000-715dc000 r-xp 00000000 08:01 2504268    /usr/lib/libXnVFeatures_1_5_2.so
715dc000-715dd000 ---p 00401000 08:01 2504268    /usr/lib/libXnVFeatures_1_5_2.so
715dd000-715e5000 r--p 00401000 08:01 2504268    /usr/lib/libXnVFeatures_1_5_2.so
715e5000-715e6000 rw-p 00409000 08:01 2504268    /usr/lib/libXnVFeatures_1_5_2.so
715e6000-715fa000 rw-p 00000000 00:00 0 
715fa000-717e1000 r-xp 00000000 08:01 2504257    /usr/lib/libXnVFeatures_1_4_2.so
717e1000-717e4000 r--p 001e6000 08:01 2504257    /usr/lib/libXnVFeatures_1_4_2.so
717e4000-717e5000 rw-p 001e9000 08:01 2504257    /usr/lib/libXnVFeatures_1_4_2.so
717e5000-717ea000 rw-p 00000000 00:00 0 
717ea000-719d1000 r-xp 00000000 08:01 2504252    /usr/lib/libXnVFeatures_1_4_1.so
719d1000-719d4000 r--p 001e6000 08:01 2504252    /usr/lib/libXnVFeatures_1_4_1.so
719d4000-719d5000 rw-p 001e9000 08:01 2504252    /usr/lib/libXnVFeatures_1_4_1.so
719d5000-719da000 rw-p 00000000 00:00 0 
719da000-71bf8000 r-xp 00000000 08:01 2504247    /usr/lib/libXnVFeatures_1_3_1.so
71bf8000-71bf9000 ---p 0021e000 08:01 2504247    /usr/lib/libXnVFeatures_1_3_1.so
71bf9000-71bfc000 r--p 0021e000 08:01 2504247    /usr/lib/libXnVFeatures_1_3_1.so
71bfc000-71bfd000 rw-p 00221000 08:01 2504247    /usr/lib/libXnVFeatures_1_3_1.so
71bfd000-71c02000 rw-p 00000000 00:00 0 
71c02000-71c25000 r-xp 00000000 08:01 2503957    /usr/lib/libnimRecorder.so
71c25000-71c26000 r--p 00023000 08:01 2503957    /usr/lib/libnimRecorder.so
71c26000-71c27000 rw-p 00024000 08:01 2503957    /usr/lib/libnimRecorder.so
71c27000-71c5b000 r-xp 00000000 08:01 2503954    /usr/lib/libnimCodecs.so
71c5b000-71c5c000 ---p 00034000 08:01 2503954    /usr/lib/libnimCodecs.so
71c5c000-71c5e000 r--p 00034000 08:01 2503954    /usr/lib/libnimCodecs.so
71c5e000-71c5f000 rw-p 00036000 08:01 2503954    /usr/lib/libnimCodecs.so
71c5f000-71c7f000 rw-p 00000000 00:00 0 
71c7f000-71cfc000 r-xp 00000000 08:01 2503960    /usr/lib/libOpenNI.so
71cfc000-71cfe000 r--p 0007c000 08:01 2503960    /usr/lib/libOpenNI.so
71cfe000-71d00000 rw-p 0007e000 08:01 2503960    /usr/lib/libOpenNI.so
71d00000-71e00000 rw-p 00000000 00:00 0 
71e14000-71e17000 r-xp 00000000 08:01 2504353    /usr/lib/libXnCore.so
71e17000-71e18000 r--p 00002000 08:01 2504353    /usr/lib/libXnCore.so
71e18000-71e19000 rw-p 00003000 08:01 2504353    /usr/lib/libXnCore.so
71e19000-71e4a000 r-xp 00000000 08:01 2503956    /usr/lib/libnimMockNodes.so
71e4a000-71e50000 r--p 00031000 08:01 2503956    /usr/lib/libnimMockNodes.so
71e50000-71e51000 rw-p 00037000 08:01 2503956    /usr/lib/libnimMockNodes.so
71e51000-71e5e000 r-xp 00000000 08:01 1704944    /lib/i386-linux-gnu/libusb-1.0.so.0.0.0
71e5e000-71e5f000 r--p 0000c000 08:01 1704944    /lib/i386-linux-gnu/libusb-1.0.so.0.0.0
71e5f000-71e60000 rw-p 0000d000 08:01 1704944    /lib/i386-linux-gnu/libusb-1.0.so.0.0.0
71e60000-71e7e000 r-xp 00000000 08:01 2503959    /usr/lib/libOpenNI.jni.so
71e7e000-71e7f000 r--p 0001d000 08:01 2503959    /usr/lib/libOpenNI.jni.so
71e7f000-71e81000 rw-p 0001e000 08:01 2503959    /usr/lib/libOpenNI.jni.so
71e81000-71e86000 r-xp 00000000 08:01 2513317    /usr/lib/libusbpp-0.1.so.4.4.4
71e86000-71e87000 r--p 00004000 08:01 2513317    /usr/lib/libusbpp-0.1.so.4.4.4
71e87000-71e88000 rw-p 00005000 08:01 2513317    /usr/lib/libusbpp-0.1.so.4.4.4
71e88000-71e8f000 r-xp 00000000 08:01 1704036    /lib/libusb-0.1.so.4.4.4
71e8f000-71e90000 r--p 00006000 08:01 1704036    /lib/libusb-0.1.so.4.4.4
71e90000-71e91000 rw-p 00007000 08:01 1704036    /lib/libusb-0.1.so.4.4.4
71e91000-71e92000 rw-p 00000000 00:00 0 
71ea7000-71eaf000 r-xp 00000000 08:01 269300     /usr/lib/libusbJava.so.0.2.4
71eaf000-71eb0000 rw-p 00007000 08:01 269300     /usr/lib/libusbJava.so.0.2.4
71eb0000-71ece000 r--s 0024d000 08:01 272520     /home/norut/workspace/CommModule3.0/lib/KinectLibrary.jar
71ece000-71ed0000 r--s 0004c000 08:01 270165     /home/norut/workspace/CommModule3.0/lib/vecmath.jar
71ed0000-71ed4000 r--s 0001b000 08:01 270164     /home/norut/workspace/CommModule3.0/lib/org.OpenNI.jar
71ed4000-71ee2000 r--s 00193000 08:01 270161     /home/norut/workspace/CommModule3.0/lib/j3dutils.jar
71ee2000-71eee000 r--s 002c7000 08:01 270151     /home/norut/workspace/CommModule3.0/lib/j3dcore.jar
71eee000-71ef2000 r--s 000fc000 08:01 268885     /home/norut/workspace/CommModule3.0/lib/NoninLibrary.jar
71ef2000-71ef5000 r--s 00012000 08:01 268892     /home/norut/workspace/CommModule3.0/lib/IRGlanceLibrary.jar
71ef5000-71efd000 r--s 00066000 08:01 2895241    /usr/share/java/gnome-java-bridge.jar
71efd000-71efe000 ---p 00000000 00:00 0 
71efe000-71fcf000 rwxp 00000000 00:00 0 
71fcf000-71fd0000 ---p 00000000 00:00 0 
71fd0000-72050000 rwxp 00000000 00:00 0 
72050000-72051000 ---p 00000000 00:00 0 
72051000-72122000 rwxp 00000000 00:00 0 
72122000-72123000 r--p 006a5000 08:01 2497487    /usr/lib/locale/locale-archive
72123000-72254000 r--p 0043d000 08:01 2497487    /usr/lib/locale/locale-archive
72254000-72294000 r--p 002bd000 08:01 2497487    /usr/lib/locale/locale-archive
72294000-72494000 r--p 00000000 08:01 2497487    /usr/lib/locale/locale-archive
72494000-72536000 rwxp 00000000 00:00 0 
72536000-72537000 ---p 00000000 00:00 0 
72537000-725b7000 rwxp 00000000 00:00 0 
725b7000-725ea000 rw-p 00000000 00:00 0 
725ea000-7277a000 r--s 037ba000 08:01 2886099    /usr/lib/jvm/java-6-openjdk/jre/lib/rt.jar
7277a000-7277b000 ---p 00000000 00:00 0 
7277b000-727fb000 rwxp 00000000 00:00 0 
727fb000-727fc000 ---p 00000000 00:00 0 
727fc000-7287c000 rwxp 00000000 00:00 0 
7287c000-72884000 rw-p 00000000 00:00 0 
72884000-728bc000 rw-p 00000000 00:00 0 
728bc000-72900000 rw-p 00000000 00:00 0 
72900000-729ea000 rw-p 00000000 00:00 0 
729ea000-729f2000 rw-p 00000000 00:00 0 
729f2000-72a2a000 rw-p 00000000 00:00 0 
72a2a000-72a6e000 rw-p 00000000 00:00 0 
72a6e000-72b58000 rw-p 00000000 00:00 0 
72b58000-72bc6000 rw-p 00000000 00:00 0 
72bc6000-72bef000 rw-p 00000000 00:00 0 
72bef000-73bf0000 rw-p 00000000 00:00 0 
73bf0000-7abf0000 rw-p 00000000 00:00 0 
7abf0000-83290000 rw-p 00000000 00:00 0 
83290000-a07f0000 rw-p 00000000 00:00 0 
a07f0000-ae3a0000 rw-p 00000000 00:00 0 
ae3a0000-b35f0000 rw-p 00000000 00:00 0 
b35f2000-b35f7000 r--s 0009b000 08:01 268849     /home/norut/workspace/CommModule3.0/lib/WiiboardSimple2.0.jar
b35f7000-b3600000 rw-p 00000000 00:00 0 
b3600000-b36b7000 rw-p 00000000 00:00 0 
b36b7000-b38f7000 rwxp 00000000 00:00 0 
b38f7000-b66b7000 rw-p 00000000 00:00 0 
b66b7000-b66c2000 r-xp 00000000 08:01 1713725    /lib/i386-linux-gnu/libnss_files-2.13.so
b66c2000-b66c3000 r--p 0000a000 08:01 1713725    /lib/i386-linux-gnu/libnss_files-2.13.so
b66c3000-b66c4000 rw-p 0000b000 08:01 1713725    /lib/i386-linux-gnu/libnss_files-2.13.so
b66c4000-b66ce000 r-xp 00000000 08:01 1713727    /lib/i386-linux-gnu/libnss_nis-2.13.so
b66ce000-b66cf000 r--p 00009000 08:01 1713727    /lib/i386-linux-gnu/libnss_nis-2.13.so
b66cf000-b66d0000 rw-p 0000a000 08:01 1713727    /lib/i386-linux-gnu/libnss_nis-2.13.so
b66d0000-b66e5000 r-xp 00000000 08:01 1713722    /lib/i386-linux-gnu/libnsl-2.13.so
b66e5000-b66e6000 r--p 00015000 08:01 1713722    /lib/i386-linux-gnu/libnsl-2.13.so
b66e6000-b66e7000 rw-p 00016000 08:01 1713722    /lib/i386-linux-gnu/libnsl-2.13.so
b66e7000-b66e9000 rw-p 00000000 00:00 0 
b66e9000-b66f1000 r-xp 00000000 08:01 1713723    /lib/i386-linux-gnu/libnss_compat-2.13.so
b66f1000-b66f2000 r--p 00007000 08:01 1713723    /lib/i386-linux-gnu/libnss_compat-2.13.so
b66f2000-b66f3000 rw-p 00008000 08:01 1713723    /lib/i386-linux-gnu/libnss_compat-2.13.so
b66f3000-b66f4000 rw-s 00000000 00:12 58026      /run/shm/045e.02ae@1.6-SM
b66f4000-b66f7000 r--s 00011000 08:01 269114     /home/norut/workspace/CommModule3.0/lib/wii-gee-plugin-wiimote-android_fat.jar
b66f7000-b66fe000 r-xp 00000000 08:01 2896164    /usr/lib/jvm/java-6-openjdk/jre/lib/i386/libzip.so
b66fe000-b66ff000 r--p 00006000 08:01 2896164    /usr/lib/jvm/java-6-openjdk/jre/lib/i386/libzip.so
b66ff000-b6700000 rw-p 00007000 08:01 2896164    /usr/lib/jvm/java-6-openjdk/jre/lib/i386/libzip.so
b6700000-b6708000 rw-s 00000000 08:01 1582213    /tmp/hsperfdata_root/4184
b6708000-b672e000 r-xp 00000000 08:01 2886119    /usr/lib/jvm/java-6-openjdk/jre/lib/i386/libjava.so
b672e000-b672f000 r--p 00025000 08:01 2886119    /usr/lib/jvm/java-6-openjdk/jre/lib/i386/libjava.so
b672f000-b6731000 rw-p 00026000 08:01 2886119    /usr/lib/jvm/java-6-openjdk/jre/lib/i386/libjava.so
b6731000-b6738000 r-xp 00000000 08:01 1713732    /lib/i386-linux-gnu/librt-2.13.so
b6738000-b6739000 r--p 00006000 08:01 1713732    /lib/i386-linux-gnu/librt-2.13.so
b6739000-b673a000 rw-p 00007000 08:01 1713732    /lib/i386-linux-gnu/librt-2.13.so
b673a000-b673b000 ---p 00000000 00:00 0 
b673b000-b678b000 rwxp 00000000 00:00 0 
b678b000-b67a7000 r-xp 00000000 08:01 1704890    /lib/i386-linux-gnu/libgcc_s.so.1
b67a7000-b67a8000 r--p 0001b000 08:01 1704890    /lib/i386-linux-gnu/libgcc_s.so.1
b67a8000-b67a9000 rw-p 0001c000 08:01 1704890    /lib/i386-linux-gnu/libgcc_s.so.1
b67a9000-b67d1000 r-xp 00000000 08:01 1713720    /lib/i386-linux-gnu/libm-2.13.so
b67d1000-b67d2000 r--p 00028000 08:01 1713720    /lib/i386-linux-gnu/libm-2.13.so
b67d2000-b67d3000 rw-p 00029000 08:01 1713720    /lib/i386-linux-gnu/libm-2.13.so
b67d3000-b68b1000 r-xp 00000000 08:01 2495867    /usr/lib/i386-linux-gnu/libstdc++.so.6.0.16
b68b1000-b68b2000 ---p 000de000 08:01 2495867    /usr/lib/i386-linux-gnu/libstdc++.so.6.0.16
b68b2000-b68b6000 r--p 000de000 08:01 2495867    /usr/lib/i386-linux-gnu/libstdc++.so.6.0.16
b68b6000-b68b7000 rw-p 000e2000 08:01 2495867    /usr/lib/i386-linux-gnu/libstdc++.so.6.0.16
b68b7000-b68be000 rw-p 00000000 00:00 0 
b68be000-b70dc000 r-xp 00000000 08:01 3028099    /usr/lib/jvm/java-6-openjdk/jre/lib/i386/server/libjvm.so
b70dc000-b7121000 r--p 0081e000 08:01 3028099    /usr/lib/jvm/java-6-openjdk/jre/lib/i386/server/libjvm.so
b7121000-b7130000 rw-p 00863000 08:01 3028099    /usr/lib/jvm/java-6-openjdk/jre/lib/i386/server/libjvm.so
b7130000-b754c000 rw-p 00000000 00:00 0 
b754c000-b755f000 r-xp 00000000 08:01 1704952    /lib/i386-linux-gnu/libz.so.1.2.3.4
b755f000-b7560000 r--p 00012000 08:01 1704952    /lib/i386-linux-gnu/libz.so.1.2.3.4
b7560000-b7561000 rw-p 00013000 08:01 1704952    /lib/i386-linux-gnu/libz.so.1.2.3.4
b7561000-b76d9000 r-xp 00000000 08:01 1713716    /lib/i386-linux-gnu/libc-2.13.so
b76d9000-b76db000 r--p 00178000 08:01 1713716    /lib/i386-linux-gnu/libc-2.13.so
b76db000-b76dc000 rw-p 0017a000 08:01 1713716    /lib/i386-linux-gnu/libc-2.13.so
b76dc000-b76df000 rw-p 00000000 00:00 0 
b76df000-b76e2000 r-xp 00000000 08:01 1713719    /lib/i386-linux-gnu/libdl-2.13.so
b76e2000-b76e3000 r--p 00002000 08:01 1713719    /lib/i386-linux-gnu/libdl-2.13.so
b76e3000-b76e4000 rw-p 00003000 08:01 1713719    /lib/i386-linux-gnu/libdl-2.13.so
b76e4000-b76e8000 r-xp 00000000 08:01 2886103    /usr/lib/jvm/java-6-openjdk/jre/lib/i386/jli/libjli.so
b76e8000-b76e9000 r--p 00003000 08:01 2886103    /usr/lib/jvm/java-6-openjdk/jre/lib/i386/jli/libjli.so
b76e9000-b76ea000 rw-p 00004000 08:01 2886103    /usr/lib/jvm/java-6-openjdk/jre/lib/i386/jli/libjli.so
b76ea000-b76eb000 rw-p 00000000 00:00 0 
b76eb000-b7702000 r-xp 00000000 08:01 1713730    /lib/i386-linux-gnu/libpthread-2.13.so
b7702000-b7703000 r--p 00016000 08:01 1713730    /lib/i386-linux-gnu/libpthread-2.13.so
b7703000-b7704000 rw-p 00017000 08:01 1713730    /lib/i386-linux-gnu/libpthread-2.13.so
b7704000-b7706000 rw-p 00000000 00:00 0 
b7706000-b7709000 r--s 0007d000 08:01 2896155    /usr/lib/jvm/java-6-openjdk/jre/lib/jsse.jar
b7709000-b770b000 r--s 0000f000 08:01 2896143    /usr/lib/jvm/java-6-openjdk/jre/lib/ext/pulse-java.jar
b770b000-b770c000 rw-p 00000000 00:00 0 
b770c000-b770d000 ---p 00000000 00:00 0 
b770d000-b7718000 r-xp 00000000 08:01 2886139    /usr/lib/jvm/java-6-openjdk/jre/lib/i386/libverify.so
b7718000-b7719000 ---p 0000b000 08:01 2886139    /usr/lib/jvm/java-6-openjdk/jre/lib/i386/libverify.so
b7719000-b771a000 r--p 0000b000 08:01 2886139    /usr/lib/jvm/java-6-openjdk/jre/lib/i386/libverify.so
b771a000-b771b000 rw-p 0000c000 08:01 2886139    /usr/lib/jvm/java-6-openjdk/jre/lib/i386/libverify.so
b771b000-b771d000 rw-p 00000000 00:00 0 
b771d000-b771e000 r-xp 00000000 00:00 0          [vdso]
b771e000-b773c000 r-xp 00000000 08:01 1713713    /lib/i386-linux-gnu/ld-2.13.so
b773c000-b773d000 r--p 0001d000 08:01 1713713    /lib/i386-linux-gnu/ld-2.13.so
b773d000-b773e000 rw-p 0001e000 08:01 1713713    /lib/i386-linux-gnu/ld-2.13.so
bfe1b000-bfe3a000 rwxp 00000000 00:00 0          [stack]
bfe3a000-bfe3c000 rw-p 00000000 00:00 0 

VM Arguments:
jvm_args: -Dfile.encoding=UTF-8 
java_command: test.TestGrande
Launcher Type: SUN_STANDARD

Environment Variables:
PATH=/usr/local/sbin:/usr/local/bin:/usr/sbin:/usr/bin:/sbin:/bin:/usr/X11R6/bin
USERNAME=root
LD_LIBRARY_PATH=/usr/lib/jvm/java-6-openjdk/jre/lib/i386/server:/usr/lib/jvm/java-6-openjdk/jre/lib/i386:/usr/lib/jvm/java-6-openjdk/jre/../lib/i386:/usr/lib/jvm/java-6-openjdk/jre/lib/i386/client:/usr/lib/jvm/java-6-openjdk/jre/lib/i386:
SHELL=/bin/bash
DISPLAY=:0.0

Signal Handlers:
SIGSEGV: [libjvm.so+0x66a530], sa_mask[0]=0x7ffbfeff, sa_flags=0x10000004
SIGBUS: [libjvm.so+0x66a530], sa_mask[0]=0x7ffbfeff, sa_flags=0x10000004
SIGFPE: [libjvm.so+0x52e2c0], sa_mask[0]=0x7ffbfeff, sa_flags=0x10000004
SIGPIPE: [libjvm.so+0x52e2c0], sa_mask[0]=0x7ffbfeff, sa_flags=0x10000004
SIGXFSZ: [libjvm.so+0x52e2c0], sa_mask[0]=0x7ffbfeff, sa_flags=0x10000004
SIGILL: [libjvm.so+0x52e2c0], sa_mask[0]=0x7ffbfeff, sa_flags=0x10000004
SIGUSR1: SIG_DFL, sa_mask[0]=0x00000000, sa_flags=0x00000000
SIGUSR2: [libjvm.so+0x52e150], sa_mask[0]=0x00000004, sa_flags=0x10000004
SIGHUP: [libjvm.so+0x5311f0], sa_mask[0]=0x7ffbfeff, sa_flags=0x10000004
SIGINT: [libjvm.so+0x5311f0], sa_mask[0]=0x7ffbfeff, sa_flags=0x10000004
SIGTERM: [libjvm.so+0x5311f0], sa_mask[0]=0x7ffbfeff, sa_flags=0x10000004
SIGQUIT: [libjvm.so+0x5311f0], sa_mask[0]=0x7ffbfeff, sa_flags=0x10000004


---------------  S Y S T E M  ---------------

OS:Ubuntu 11.10 (oneiric)
uname:Linux 3.0.0-17-generic-pae #30-Ubuntu SMP Thu Mar 8 17:53:35 UTC 2012 i686
libc:glibc 2.13 NPTL 2.13 
rlimit: STACK 8192k, CORE 0k, NPROC 28837, NOFILE 4096, AS infinity
load average:0.58 0.53 0.33

/proc/meminfo:
MemTotal:        3705196 kB
MemFree:          875632 kB
Buffers:          339292 kB
Cached:          1047520 kB
SwapCached:            0 kB
Active:          1790092 kB
Inactive:         791532 kB
Active(anon):    1196028 kB
Inactive(anon):    11160 kB
Active(file):     594064 kB
Inactive(file):   780372 kB
Unevictable:          60 kB
Mlocked:              60 kB
HighTotal:       2866716 kB
HighFree:         493232 kB
LowTotal:         838480 kB
LowFree:          382400 kB
SwapTotal:       3778556 kB
SwapFree:        3778556 kB
Dirty:               424 kB
Writeback:             0 kB
AnonPages:       1195096 kB
Mapped:           215092 kB
Shmem:             12204 kB
Slab:              80768 kB
SReclaimable:      65608 kB
SUnreclaim:        15160 kB
KernelStack:        3368 kB
PageTables:        10104 kB
NFS_Unstable:          0 kB
Bounce:                0 kB
WritebackTmp:          0 kB
CommitLimit:     5631152 kB
Committed_AS:    2991896 kB
VmallocTotal:     122880 kB
VmallocUsed:       45968 kB
VmallocChunk:      73112 kB
HardwareCorrupted:     0 kB
AnonHugePages:         0 kB
HugePages_Total:       0
HugePages_Free:        0
HugePages_Rsvd:        0
HugePages_Surp:        0
Hugepagesize:       2048 kB
DirectMap4k:       10232 kB
DirectMap2M:      903168 kB


CPU:total 2 (2 cores per cpu, 1 threads per core) family 20 model 1 stepping 0, cmov, cx8, fxsr, mmx, sse, sse2, sse3, ssse3, popcnt, mmxext, lzcnt, sse4a

Memory: 4k page, physical 3705196k(875632k free), swap 3778556k(3778556k free)

vm_info: OpenJDK Server VM (20.0-b11) for linux-x86 JRE (1.6.0_23-b23), built on Feb 23 2012 06:26:43 by "buildd" with gcc 4.6.1

time: Tue Apr 17 09:32:03 2012
elapsed time: 16 seconds

