#
# A fatal error has been detected by the Java Runtime Environment:
#
#  SIGSEGV (0xb) at pc=0xb6f3ab39, pid=4612, tid=1583348592
#
# JRE version: 6.0_23-b23
# Java VM: OpenJDK Server VM (20.0-b11 mixed mode linux-x86 )
# Derivative: IcedTea6 1.11pre
# Distribution: Ubuntu 11.10, package 6b23~pre11-0ubuntu1.11.10.2
# Problematic frame:
# V  [libjvm.so+0x5fcb39]  SystemDictionary::resolve_super_or_fail(symbolHandle, symbolHandle, Handle, Handle, bool, Thread*)+0xd9
#
# If you would like to submit a bug report, please include
# instructions how to reproduce the bug and visit:
#   https://bugs.launchpad.net/ubuntu/+source/openjdk-6/
#

---------------  T H R E A D  ---------------

Current thread (0x5e621000):  JavaThread "Thread-4" [_thread_in_vm, id=4649, stack(0x5e5af000,0x5e600000)]

siginfo:si_signo=SIGSEGV: si_errno=0, si_code=1 (SEGV_MAPERR), si_addr=0x00e807a8

Registers:
EAX=0x00d89a14, EBX=0xb71a0ff4, ECX=0x00e807a8, EDX=0x00000000
ESP=0x5e5fcb70, EBP=0x09fb591c, ESI=0x5e621000, EDI=0x09fb5610
EIP=0xb6f3ab39, EFLAGS=0x00210246, CR2=0x00e807a8

Top of Stack: (sp=0x5e5fcb70)
0x5e5fcb70:   7ae75cd8 5e33fb94 00000000 5e33fe1c
0x5e5fcb80:   00560055 00000004 00000010 5e621000
0x5e5fcb90:   61aeaaf8 5e33fb78 5e33fb98 5e347b6c
0x5e5fcba0:   5e5fcd2c 00d89a14 00000002 b6b82ffc
0x5e5fcbb0:   0a623b01 00000000 00000000 b6be2c52
0x5e5fcbc0:   72c70238 00000000 00000000 b71a0ff4
0x5e5fcbd0:   5e5fce4c 5e5fcd04 5e5fcf90 b6b819f7
0x5e5fcbe0:   09fb591c 5e33fb98 09fb5610 09fb5614 

Instructions: (pc=0xb6f3ab39)
0xb6f3ab19:   63 b1 f2 ff 8b 6c 24 70 8b 54 24 34 31 d0 31 d2
0xb6f3ab29:   89 44 24 34 8b 83 28 e8 ff ff 8b 08 8b 44 24 34
0xb6f3ab39:   f7 31 89 54 24 4c 8b 55 00 8b 02 89 c1 83 e1 07
0xb6f3ab49:   49 0f 84 f0 02 00 00 89 c1 c1 e8 07 83 e1 03 89 

Register to memory mapping:

EAX=0x00d89a14 is an unknown value
EBX=0xb71a0ff4: <offset 0x862ff4> in /usr/lib/jvm/java-6-openjdk/jre/lib/i386/server/libjvm.so at 0xb693e000
ECX=0x00e807a8 is an unknown value
EDX=0x00000000 is an unknown value
ESP=0x5e5fcb70 is pointing into the stack for thread: 0x5e621000
EBP=0x09fb591c is an unknown value
ESI=0x5e621000 is a thread
EDI=0x09fb5610 is an unknown value


Stack: [0x5e5af000,0x5e600000],  sp=0x5e5fcb70,  free space=310k
Native frames: (J=compiled Java code, j=interpreted, Vv=VM code, C=native code)
V  [libjvm.so+0x5fcb39]  SystemDictionary::resolve_super_or_fail(symbolHandle, symbolHandle, Handle, Handle, bool, Thread*)+0xd9

Java frames: (J=compiled Java code, j=interpreted, Vv=VM code)
j  java.lang.ClassLoader.defineClass1(Ljava/lang/String;[BIILjava/security/ProtectionDomain;Ljava/lang/String;)Ljava/lang/Class;+0
j  java.lang.ClassLoader.defineClass(Ljava/lang/String;[BIILjava/security/ProtectionDomain;)Ljava/lang/Class;+30
j  java.security.SecureClassLoader.defineClass(Ljava/lang/String;[BIILjava/security/CodeSource;)Ljava/lang/Class;+27
j  java.net.URLClassLoader.defineClass(Ljava/lang/String;Lsun/misc/Resource;)Ljava/lang/Class;+253
j  java.net.URLClassLoader.access$000(Ljava/net/URLClassLoader;Ljava/lang/String;Lsun/misc/Resource;)Ljava/lang/Class;+3
j  java.net.URLClassLoader$1.run()Ljava/lang/Object;+43
v  ~StubRoutines::call_stub
j  java.security.AccessController.doPrivileged(Ljava/security/PrivilegedExceptionAction;Ljava/security/AccessControlContext;)Ljava/lang/Object;+0
j  java.net.URLClassLoader.findClass(Ljava/lang/String;)Ljava/lang/Class;+13
j  java.lang.ClassLoader.loadClass(Ljava/lang/String;Z)Ljava/lang/Class;+43
j  sun.misc.Launcher$AppClassLoader.loadClass(Ljava/lang/String;Z)Ljava/lang/Class;+36
j  java.lang.ClassLoader.loadClass(Ljava/lang/String;)Ljava/lang/Class;+3
v  ~StubRoutines::call_stub
j  com.google.gson.Gson.<init>(Lcom/google/gson/internal/Excluder;Lcom/google/gson/FieldNamingStrategy;Ljava/util/Map;ZZZZZZLcom/google/gson/LongSerializationPolicy;Ljava/util/List;)V+514
j  com.google.gson.Gson.<init>()V+22
j  control.SharedOutput.performTransference(Lcontrol/IEventCommModule;)V+28
j  kinectThreads.KinectEnhacedSkeletonLauncher.run()V+53
j  java.lang.Thread.run()V+11
v  ~StubRoutines::call_stub

---------------  P R O C E S S  ---------------

Java Threads: ( => current thread )
  0x5e621c00 JavaThread "Thread-14" [_thread_blocked, id=4659, stack(0x5e72c000,0x5e77d000)]
  0x5e621400 JavaThread "DestroyJavaVM" [_thread_blocked, id=4614, stack(0xb67ba000,0xb680b000)]
=>0x5e621000 JavaThread "Thread-4" [_thread_in_vm, id=4649, stack(0x5e5af000,0x5e600000)]
  0x5e60d400 JavaThread "AWT-XAWT" daemon [_thread_in_native, id=4644, stack(0x5e77d000,0x5e7ce000)]
  0x72527800 JavaThread "Java2D Disposer" daemon [_thread_blocked, id=4643, stack(0x5e7d9000,0x5e82a000)]
  0x725bd800 JavaThread "Thread-1" [_thread_in_native, id=4638, stack(0x6574d000,0x6579e000)]
  0x09f05000 JavaThread "Low Memory Detector" daemon [_thread_blocked, id=4626, stack(0x71ec8000,0x71f19000)]
  0x09f01c00 JavaThread "C2 CompilerThread1" daemon [_thread_blocked, id=4625, stack(0x71f19000,0x71f9a000)]
  0x09effc00 JavaThread "C2 CompilerThread0" daemon [_thread_blocked, id=4624, stack(0x71f9a000,0x7201b000)]
  0x09efe400 JavaThread "Signal Dispatcher" daemon [_thread_blocked, id=4623, stack(0x7201b000,0x7206c000)]
  0x09eeb800 JavaThread "Finalizer" daemon [_thread_blocked, id=4622, stack(0x723dd000,0x7242e000)]
  0x09eea000 JavaThread "Reference Handler" daemon [_thread_blocked, id=4621, stack(0x7242e000,0x7247f000)]

Other Threads:
  0x09ee6400 VMThread [stack: 0x7247f000,0x72500000] [id=4620]
  0x09f07000 WatcherThread [stack: 0x71e47000,0x71ec8000] [id=4627]

VM state:synchronizing (normal execution)

VM Mutex/Monitor currently owned by a thread:  ([mutex/lock_event])
[0x09e5f218] Threads_lock - owner thread: 0x09ee6400

Heap
 PSYoungGen      total 183360K, used 127008K [0xa0870000, 0xb34e0000, 0xb3670000)
  eden space 101056K, 45% used [0xa0870000,0xa3510358,0xa6b20000)
  from space 82304K, 98% used [0xac8b0000,0xb1817df0,0xb1910000)
  to   space 95808K, 0% used [0xa6b20000,0xa6b20000,0xac8b0000)
 PSOldGen        total 139200K, used 62181K [0x7ac70000, 0x83460000, 0xa0870000)
  object space 139200K, 44% used [0x7ac70000,0x7e9294b8,0x83460000)
 PSPermGen       total 16384K, used 9249K [0x72c70000, 0x73c70000, 0x7ac70000)
  object space 16384K, 56% used [0x72c70000,0x73578690,0x73c70000)

Code Cache  [0xb3737000, 0xb3977000, 0xb6737000)
 total_blobs=414 nmethods=103 adapters=265 free_code_cache=49794880 largest_free_block=11520

Dynamic libraries:
08048000-08051000 r-xp 00000000 08:01 3029976    /usr/lib/jvm/java-6-openjdk/jre/bin/java
08051000-08052000 r--p 00008000 08:01 3029976    /usr/lib/jvm/java-6-openjdk/jre/bin/java
08052000-08053000 rw-p 00009000 08:01 3029976    /usr/lib/jvm/java-6-openjdk/jre/bin/java
09e5a000-0a7e8000 rw-p 00000000 00:00 0          [heap]
5e300000-5e3e0000 rw-p 00000000 00:00 0 
5e3e0000-5e400000 ---p 00000000 00:00 0 
5e4c5000-5e58e000 r-xp 00000000 08:01 2624184    /usr/lib/fglrx/libGL.so.1.2
5e58e000-5e59a000 rwxp 000c8000 08:01 2624184    /usr/lib/fglrx/libGL.so.1.2
5e59a000-5e5af000 rwxp 00000000 00:00 0 
5e5af000-5e5b2000 ---p 00000000 00:00 0 
5e5b2000-5e600000 rwxp 00000000 00:00 0 
5e600000-5e700000 rw-p 00000000 00:00 0 
5e70a000-5e72b000 r-xp 00000000 08:01 2887828    /usr/lib/jvm/java-6-openjdk/jre/lib/i386/libj3dcore-ogl.so
5e72b000-5e72c000 rw-p 00021000 08:01 2887828    /usr/lib/jvm/java-6-openjdk/jre/lib/i386/libj3dcore-ogl.so
5e72c000-5e72f000 ---p 00000000 00:00 0 
5e72f000-5e77d000 rwxp 00000000 00:00 0 
5e77d000-5e780000 ---p 00000000 00:00 0 
5e780000-5e7ce000 rwxp 00000000 00:00 0 
5e7ce000-5e7d7000 r-xp 00000000 08:01 2495608    /usr/lib/i386-linux-gnu/libXcursor.so.1.0.2
5e7d7000-5e7d8000 r--p 00008000 08:01 2495608    /usr/lib/i386-linux-gnu/libXcursor.so.1.0.2
5e7d8000-5e7d9000 rw-p 00009000 08:01 2495608    /usr/lib/i386-linux-gnu/libXcursor.so.1.0.2
5e7d9000-5e7dc000 ---p 00000000 00:00 0 
5e7dc000-5e82a000 rwxp 00000000 00:00 0 
5e82a000-5e8bc000 r-xp 00000000 08:01 2492008    /usr/lib/i386-linux-gnu/libfreetype.so.6.6.2
5e8bc000-5e8c0000 r--p 00091000 08:01 2492008    /usr/lib/i386-linux-gnu/libfreetype.so.6.6.2
5e8c0000-5e8c1000 rw-p 00095000 08:01 2492008    /usr/lib/i386-linux-gnu/libfreetype.so.6.6.2
5e8c1000-5e9f2000 r-xp 00000000 08:01 2495602    /usr/lib/i386-linux-gnu/libX11.so.6.3.0
5e9f2000-5e9f3000 ---p 00131000 08:01 2495602    /usr/lib/i386-linux-gnu/libX11.so.6.3.0
5e9f3000-5e9f4000 r--p 00131000 08:01 2495602    /usr/lib/i386-linux-gnu/libX11.so.6.3.0
5e9f4000-5e9f6000 rw-p 00132000 08:01 2495602    /usr/lib/i386-linux-gnu/libX11.so.6.3.0
5e9f6000-5e9f7000 rw-p 00000000 00:00 0 
5e9f7000-5ea43000 r-xp 00000000 08:01 3542024    /usr/lib/jvm/java-6-openjdk/jre/lib/i386/xawt/libmawt.so
5ea43000-5ea44000 r--p 0004b000 08:01 3542024    /usr/lib/jvm/java-6-openjdk/jre/lib/i386/xawt/libmawt.so
5ea44000-5ea46000 rw-p 0004c000 08:01 3542024    /usr/lib/jvm/java-6-openjdk/jre/lib/i386/xawt/libmawt.so
5ea46000-5ea47000 rw-p 00000000 00:00 0 
5ea47000-5eada000 r-xp 00000000 08:01 2886106    /usr/lib/jvm/java-6-openjdk/jre/lib/i386/libawt.so
5eada000-5eadb000 r--p 00092000 08:01 2886106    /usr/lib/jvm/java-6-openjdk/jre/lib/i386/libawt.so
5eadb000-5eae2000 rw-p 00093000 08:01 2886106    /usr/lib/jvm/java-6-openjdk/jre/lib/i386/libawt.so
5eae2000-5f90a000 rw-p 00000000 00:00 0 
5f90a000-61a00000 r--s 00000000 00:12 63352      /run/shm/4629_045e.02ae@1.6_Image
61a00000-61b00000 rw-p 00000000 00:00 0 
61b07000-61b1c000 r-xp 00000000 08:01 2886130    /usr/lib/jvm/java-6-openjdk/jre/lib/i386/libnet.so
61b1c000-61b1d000 r--p 00014000 08:01 2886130    /usr/lib/jvm/java-6-openjdk/jre/lib/i386/libnet.so
61b1d000-61b1e000 rw-p 00015000 08:01 2886130    /usr/lib/jvm/java-6-openjdk/jre/lib/i386/libnet.so
61b1e000-61c00000 rw-p 00000000 00:00 0 
61c00000-61e00000 rw-p 00000000 00:00 0 
61e00000-62000000 rw-p 00000000 00:00 0 
62000000-62200000 rw-p 00000000 00:00 0 
62200000-62400000 rw-p 00000000 00:00 0 
62400000-62600000 rw-p 00000000 00:00 0 
62600000-626ff000 rw-p 00000000 00:00 0 
626ff000-62700000 ---p 00000000 00:00 0 
62700000-627ff000 rw-p 00000000 00:00 0 
627ff000-62800000 ---p 00000000 00:00 0 
62800000-62a00000 rw-p 00000000 00:00 0 
62a00000-62c00000 rw-p 00000000 00:00 0 
62c00000-62e00000 rw-p 00000000 00:00 0 
62e00000-63000000 rw-p 00000000 00:00 0 
63000000-63200000 rw-p 00000000 00:00 0 
63200000-63400000 rw-p 00000000 00:00 0 
63400000-63600000 rw-p 00000000 00:00 0 
63600000-63800000 rw-p 00000000 00:00 0 
63800000-63a00000 rw-p 00000000 00:00 0 
63a00000-63c00000 rw-p 00000000 00:00 0 
63c00000-63e00000 rw-p 00000000 00:00 0 
63e00000-64000000 rw-p 00000000 00:00 0 
64000000-64200000 rw-p 00000000 00:00 0 
64200000-642ff000 rw-p 00000000 00:00 0 
642ff000-64300000 ---p 00000000 00:00 0 
64300000-64400000 rw-p 00000000 00:00 0 
64400000-645ff000 rw-p 00000000 00:00 0 
645ff000-64600000 ---p 00000000 00:00 0 
64600000-64800000 rw-p 00000000 00:00 0 
64800000-64a00000 rw-p 00000000 00:00 0 
64a00000-64c00000 rw-p 00000000 00:00 0 
64c00000-64e00000 rw-p 00000000 00:00 0 
64e00000-65000000 rw-p 00000000 00:00 0 
65000000-65200000 rw-p 00000000 00:00 0 
65200000-65400000 rw-p 00000000 00:00 0 
65400000-65600000 rw-p 00000000 00:00 0 
65600000-65700000 rw-p 00000000 00:00 0 
65700000-65704000 r--s 00028000 08:01 272514     /home/norut/workspace/CommModule3.0/lib/gson-2.1.jar
65704000-65708000 r-xp 00000000 08:01 2495616    /usr/lib/i386-linux-gnu/libXfixes.so.3.1.0
65708000-65709000 r--p 00003000 08:01 2495616    /usr/lib/i386-linux-gnu/libXfixes.so.3.1.0
65709000-6570a000 rw-p 00004000 08:01 2495616    /usr/lib/i386-linux-gnu/libXfixes.so.3.1.0
6570a000-6570b000 r--s 00000000 08:01 2627543    /var/cache/fontconfig/c05880de57d1f5e948fdfacc138775d9-le32d4.cache-3
6570b000-65711000 r--s 00000000 08:01 2627540    /var/cache/fontconfig/945677eb7aeaf62f1d50efc3fb3ec7d8-le32d4.cache-3
65711000-6574b000 r-xp 00000000 08:01 2886111    /usr/lib/jvm/java-6-openjdk/jre/lib/i386/libfontmanager.so
6574b000-6574c000 r--p 00039000 08:01 2886111    /usr/lib/jvm/java-6-openjdk/jre/lib/i386/libfontmanager.so
6574c000-6574d000 rw-p 0003a000 08:01 2886111    /usr/lib/jvm/java-6-openjdk/jre/lib/i386/libfontmanager.so
6574d000-65750000 ---p 00000000 00:00 0 
65750000-6579e000 rwxp 00000000 00:00 0 
6579e000-65b7f000 rw-p 00000000 00:00 0 
65b80000-6be00000 rw-p 00000000 00:00 0 
6be00000-6bf00000 rw-p 00000000 00:00 0 
6bf02000-6bf04000 r--s 00000000 08:01 2627541    /var/cache/fontconfig/99e8ed0e538f840c565b6ed5dad60d56-le32d4.cache-3
6bf04000-6bf07000 r--s 00000000 08:01 2627551    /var/cache/fontconfig/e383d7ea5fbe662a33d9b44caf393297-le32d4.cache-3
6bf07000-6bf0a000 r--s 00000000 08:01 2627528    /var/cache/fontconfig/2cd17615ca594fa2959ae173292e504c-le32d4.cache-3
6bf0a000-6bf0b000 r--s 00000000 08:01 2627552    /var/cache/fontconfig/e7071f4a29fa870f4323321c154eba04-le32d4.cache-3
6bf0b000-6bf0f000 r--s 00000000 08:01 2627537    /var/cache/fontconfig/6eb3985aa4124903f6ff08ba781cd364-le32d4.cache-3
6bf0f000-6bf10000 r--s 00000000 08:01 2627532    /var/cache/fontconfig/4c73fe0c47614734b17d736dbde7580a-le32d4.cache-3
6bf10000-6bf11000 r--s 00000000 08:01 2627525    /var/cache/fontconfig/0d8c3b2ac0904cb8a57a757ad11a4a08-le32d4.cache-3
6bf11000-6bf12000 r--s 00000000 08:01 2627535    /var/cache/fontconfig/6a53c69dea097a2d716e069445527da8-le32d4.cache-3
6bf12000-6bf16000 r--s 00000000 08:01 2627542    /var/cache/fontconfig/a755afe4a08bf5b97852ceb7400b47bc-le32d4.cache-3
6bf16000-6bf1a000 r--s 00000000 08:01 2633494    /var/cache/fontconfig/515ca1ebc4b18308bea979be5704f9db-le32d4.cache-3
6bf1a000-6bf21000 r--s 00000000 08:01 2622661    /var/cache/fontconfig/6d41288fd70b0be22e8c3a91e032eec0-le32d4.cache-3
6bf21000-6c500000 rw-p 00000000 00:00 0 
6c500000-6c5ed000 rw-p 00000000 00:00 0 
6c5ed000-6c600000 ---p 00000000 00:00 0 
6c602000-6c603000 r--s 00000000 08:01 2627543    /var/cache/fontconfig/c05880de57d1f5e948fdfacc138775d9-le32d4.cache-3
6c603000-6c609000 r--s 00000000 08:01 2627540    /var/cache/fontconfig/945677eb7aeaf62f1d50efc3fb3ec7d8-le32d4.cache-3
6c609000-6c60b000 r--s 00000000 08:01 2627541    /var/cache/fontconfig/99e8ed0e538f840c565b6ed5dad60d56-le32d4.cache-3
6c60b000-6c60e000 r--s 00000000 08:01 2627551    /var/cache/fontconfig/e383d7ea5fbe662a33d9b44caf393297-le32d4.cache-3
6c60e000-6c611000 r--s 00000000 08:01 2627528    /var/cache/fontconfig/2cd17615ca594fa2959ae173292e504c-le32d4.cache-3
6c611000-6c615000 r--s 00000000 08:01 2627537    /var/cache/fontconfig/6eb3985aa4124903f6ff08ba781cd364-le32d4.cache-3
6c615000-6c619000 r--s 00000000 08:01 2627542    /var/cache/fontconfig/a755afe4a08bf5b97852ceb7400b47bc-le32d4.cache-3
6c619000-6c620000 r--s 00000000 08:01 2622661    /var/cache/fontconfig/6d41288fd70b0be22e8c3a91e032eec0-le32d4.cache-3
6c620000-6c62b000 r--s 00000000 08:01 2627526    /var/cache/fontconfig/0f34bcd4b6ee430af32735b75db7f02b-le32d4.cache-3
6c62b000-6c700000 rw-p 00000000 00:00 0 
6c700000-6c800000 rw-p 00000000 00:00 0 
6c800000-6c900000 rw-p 00000000 00:00 0 
6c901000-6c902000 r-xp 00000000 08:01 2886121    /usr/lib/jvm/java-6-openjdk/jre/lib/i386/libjawt.so
6c902000-6c903000 r--p 00000000 08:01 2886121    /usr/lib/jvm/java-6-openjdk/jre/lib/i386/libjawt.so
6c903000-6c904000 rw-p 00001000 08:01 2886121    /usr/lib/jvm/java-6-openjdk/jre/lib/i386/libjawt.so
6c904000-6c90f000 r--s 00000000 08:01 2627526    /var/cache/fontconfig/0f34bcd4b6ee430af32735b75db7f02b-le32d4.cache-3
6c90f000-6c912000 r--s 00000000 08:01 2627548    /var/cache/fontconfig/d60319d88cac85ba9e1a07bd06cfbb8c-le32d4.cache-3
6c912000-6c913000 r--s 00000000 08:01 2625030    /var/cache/fontconfig/4794a0821666d79190d59a36cb4f44b5-le32d4.cache-3
6c913000-6c920000 r--s 00000000 08:01 2627547    /var/cache/fontconfig/d52a8644073d54c13679302ca1180695-le32d4.cache-3
6c920000-6c926000 r--s 00000000 08:01 2633493    /var/cache/fontconfig/153bb866d4d26e7cd19eee2129f8d8d2-le32d4.cache-3
6c926000-6c928000 r--s 00000000 08:01 2622659    /var/cache/fontconfig/e13b20fdb08344e0e664864cc2ede53d-le32d4.cache-3
6c928000-6c92b000 r--s 00000000 08:01 2633498    /var/cache/fontconfig/7ef2298fde41cc6eeb7af42e48b7d293-le32d4.cache-3
6c92b000-6ca00000 rw-p 00000000 00:00 0 
6ca00000-6cb00000 rw-p 00000000 00:00 0 
6cb00000-6cc00000 rw-p 00000000 00:00 0 
6cc01000-6cc05000 r--s 00000000 08:01 2633494    /var/cache/fontconfig/515ca1ebc4b18308bea979be5704f9db-le32d4.cache-3
6cc05000-6cc0a000 r-xp 00000000 08:01 2495612    /usr/lib/i386-linux-gnu/libXdmcp.so.6.0.0
6cc0a000-6cc0b000 r--p 00004000 08:01 2495612    /usr/lib/i386-linux-gnu/libXdmcp.so.6.0.0
6cc0b000-6cc0c000 rw-p 00005000 08:01 2495612    /usr/lib/i386-linux-gnu/libXdmcp.so.6.0.0
6cc0c000-6cc29000 r-xp 00000000 08:01 2495900    /usr/lib/i386-linux-gnu/libxcb.so.1.1.0
6cc29000-6cc2a000 r--p 0001c000 08:01 2495900    /usr/lib/i386-linux-gnu/libxcb.so.1.1.0
6cc2a000-6cc2b000 rw-p 0001d000 08:01 2495900    /usr/lib/i386-linux-gnu/libxcb.so.1.1.0
6cc2b000-6cd00000 rw-p 00000000 00:00 0 
6cd00000-6cdfc000 rw-p 00000000 00:00 0 
6cdfc000-6ce00000 ---p 00000000 00:00 0 
6ce00000-6dee3000 rw-p 00000000 00:00 0 
6dee3000-6e267000 r--s 00000000 00:12 62148      /run/shm/4629_045e.02ae@1.6_Depth
6e267000-6e2fe000 rw-p 00000000 00:00 0 
6e2fe000-6e2ff000 ---p 00000000 00:00 0 
6e2ff000-6eaff000 rwxp 00000000 00:00 0 
6eaff000-6ef00000 rw-p 00000000 00:00 0 
6ef00000-6f000000 rw-p 00000000 00:00 0 
6f001000-6f002000 r--p 00000000 00:00 0 
6f002000-6f005000 r--s 00000000 08:01 2627548    /var/cache/fontconfig/d60319d88cac85ba9e1a07bd06cfbb8c-le32d4.cache-3
6f005000-6f013000 r-xp 00000000 08:01 2495620    /usr/lib/i386-linux-gnu/libXi.so.6.1.0
6f013000-6f014000 r--p 0000d000 08:01 2495620    /usr/lib/i386-linux-gnu/libXi.so.6.1.0
6f014000-6f015000 rw-p 0000e000 08:01 2495620    /usr/lib/i386-linux-gnu/libXi.so.6.1.0
6f015000-6f200000 rw-p 00000000 00:00 0 
6f200000-6f2fc000 rw-p 00000000 00:00 0 
6f2fc000-6f300000 ---p 00000000 00:00 0 
6f300000-6f301000 r--s 00000000 08:01 2627552    /var/cache/fontconfig/e7071f4a29fa870f4323321c154eba04-le32d4.cache-3
6f301000-6f306000 r-xp 00000000 08:01 2493164    /usr/lib/libXtst.so.6.1.0
6f306000-6f307000 r--p 00004000 08:01 2493164    /usr/lib/libXtst.so.6.1.0
6f307000-6f308000 rw-p 00005000 08:01 2493164    /usr/lib/libXtst.so.6.1.0
6f308000-6f309000 r--s 00000000 08:01 2627532    /var/cache/fontconfig/4c73fe0c47614734b17d736dbde7580a-le32d4.cache-3
6f309000-6f30a000 r--s 00000000 08:01 2627525    /var/cache/fontconfig/0d8c3b2ac0904cb8a57a757ad11a4a08-le32d4.cache-3
6f30a000-6f317000 r--s 00000000 08:01 2627547    /var/cache/fontconfig/d52a8644073d54c13679302ca1180695-le32d4.cache-3
6f317000-6f31d000 r--s 00000000 08:01 2633493    /var/cache/fontconfig/153bb866d4d26e7cd19eee2129f8d8d2-le32d4.cache-3
6f31d000-6f400000 rw-p 00000000 00:00 0 
6f400000-6f4ff000 rw-p 00000000 00:00 0 
6f4ff000-6f500000 ---p 00000000 00:00 0 
6f500000-6f511000 r-xp 00000000 08:01 2495614    /usr/lib/i386-linux-gnu/libXext.so.6.4.0
6f511000-6f512000 r--p 00010000 08:01 2495614    /usr/lib/i386-linux-gnu/libXext.so.6.4.0
6f512000-6f513000 rw-p 00011000 08:01 2495614    /usr/lib/i386-linux-gnu/libXext.so.6.4.0
6f513000-6f700000 rw-p 00000000 00:00 0 
6f700000-6f8fc000 rw-p 00000000 00:00 0 
6f8fc000-6f900000 ---p 00000000 00:00 0 
6f900000-6f9fc000 rw-p 00000000 00:00 0 
6f9fc000-6fa00000 ---p 00000000 00:00 0 
6fa00000-6faff000 rw-p 00000000 00:00 0 
6faff000-6fb00000 ---p 00000000 00:00 0 
6fb00000-6fbfd000 rw-p 00000000 00:00 0 
6fbfd000-6fc00000 ---p 00000000 00:00 0 
6fc00000-6fc01000 r--s 00000000 08:01 2627535    /var/cache/fontconfig/6a53c69dea097a2d716e069445527da8-le32d4.cache-3
6fc01000-6fc02000 r--s 00000000 08:01 2625030    /var/cache/fontconfig/4794a0821666d79190d59a36cb4f44b5-le32d4.cache-3
6fc02000-6fc04000 r-xp 00000000 08:01 2495604    /usr/lib/i386-linux-gnu/libXau.so.6.0.0
6fc04000-6fc05000 r--p 00001000 08:01 2495604    /usr/lib/i386-linux-gnu/libXau.so.6.0.0
6fc05000-6fc06000 rw-p 00002000 08:01 2495604    /usr/lib/i386-linux-gnu/libXau.so.6.0.0
6fc06000-6fcc3000 rw-p 00000000 00:00 0 
6fcc3000-70047000 r--s 00000000 00:12 62148      /run/shm/4629_045e.02ae@1.6_Depth
70047000-700de000 rw-p 00000000 00:00 0 
700de000-700df000 ---p 00000000 00:00 0 
700df000-708df000 rwxp 00000000 00:00 0 
708df000-70ce0000 rw-p 00000000 00:00 0 
70ce0000-70d6c000 r-xp 00000000 08:01 2504881    /usr/lib/libXnDeviceSensorV2KM.so
70d6c000-70d75000 r--p 0008b000 08:01 2504881    /usr/lib/libXnDeviceSensorV2KM.so
70d75000-70d76000 rw-p 00094000 08:01 2504881    /usr/lib/libXnDeviceSensorV2KM.so
70d76000-70da2000 r-xp 00000000 08:01 2504355    /usr/lib/libXnDeviceFile.so
70da2000-70da3000 ---p 0002c000 08:01 2504355    /usr/lib/libXnDeviceFile.so
70da3000-70da4000 r--p 0002c000 08:01 2504355    /usr/lib/libXnDeviceFile.so
70da4000-70da5000 rw-p 0002d000 08:01 2504355    /usr/lib/libXnDeviceFile.so
70da5000-70df7000 r-xp 00000000 08:01 2504354    /usr/lib/libXnDDK.so
70df7000-70df8000 ---p 00052000 08:01 2504354    /usr/lib/libXnDDK.so
70df8000-70dfa000 r--p 00052000 08:01 2504354    /usr/lib/libXnDDK.so
70dfa000-70dfb000 rw-p 00054000 08:01 2504354    /usr/lib/libXnDDK.so
70dfb000-70e1e000 r-xp 00000000 08:01 2504357    /usr/lib/libXnFormats.so
70e1e000-70e1f000 r--p 00022000 08:01 2504357    /usr/lib/libXnFormats.so
70e1f000-70e20000 rw-p 00023000 08:01 2504357    /usr/lib/libXnFormats.so
70e20000-70e40000 rw-p 00000000 00:00 0 
70e40000-70e43000 r-xp 00000000 08:01 2504353    /usr/lib/libXnCore.so
70e43000-70e44000 r--p 00002000 08:01 2504353    /usr/lib/libXnCore.so
70e44000-70e45000 rw-p 00003000 08:01 2504353    /usr/lib/libXnCore.so
70e45000-70ede000 r-xp 00000000 08:01 2504356    /usr/lib/libXnDeviceSensorV2.so
70ede000-70ee7000 r--p 00098000 08:01 2504356    /usr/lib/libXnDeviceSensorV2.so
70ee7000-70ee8000 rw-p 000a1000 08:01 2504356    /usr/lib/libXnDeviceSensorV2.so
70ee8000-70fcb000 r-xp 00000000 08:01 2504285    /usr/lib/libXnVHandGenerator_1_5_2.so
70fcb000-70fce000 r--p 000e3000 08:01 2504285    /usr/lib/libXnVHandGenerator_1_5_2.so
70fce000-70fcf000 rw-p 000e6000 08:01 2504285    /usr/lib/libXnVHandGenerator_1_5_2.so
70fcf000-70fdb000 rw-p 00000000 00:00 0 
70fdb000-710b0000 r-xp 00000000 08:01 2504282    /usr/lib/libXnVHandGenerator_1_4_2.so
710b0000-710b1000 ---p 000d5000 08:01 2504282    /usr/lib/libXnVHandGenerator_1_4_2.so
710b1000-710b3000 r--p 000d5000 08:01 2504282    /usr/lib/libXnVHandGenerator_1_4_2.so
710b3000-710b4000 rw-p 000d7000 08:01 2504282    /usr/lib/libXnVHandGenerator_1_4_2.so
710b4000-710b6000 rw-p 00000000 00:00 0 
710b6000-7118a000 r-xp 00000000 08:01 2504279    /usr/lib/libXnVHandGenerator_1_4_1.so
7118a000-7118b000 ---p 000d4000 08:01 2504279    /usr/lib/libXnVHandGenerator_1_4_1.so
7118b000-7118d000 r--p 000d4000 08:01 2504279    /usr/lib/libXnVHandGenerator_1_4_1.so
7118d000-7118e000 rw-p 000d6000 08:01 2504279    /usr/lib/libXnVHandGenerator_1_4_1.so
7118e000-71190000 rw-p 00000000 00:00 0 
71190000-7126e000 r-xp 00000000 08:01 2504275    /usr/lib/libXnVHandGenerator_1_3_1.so
7126e000-71271000 r--p 000dd000 08:01 2504275    /usr/lib/libXnVHandGenerator_1_3_1.so
71271000-71272000 rw-p 000e0000 08:01 2504275    /usr/lib/libXnVHandGenerator_1_3_1.so
71272000-71274000 rw-p 00000000 00:00 0 
71274000-71675000 r-xp 00000000 08:01 2504268    /usr/lib/libXnVFeatures_1_5_2.so
71675000-71676000 ---p 00401000 08:01 2504268    /usr/lib/libXnVFeatures_1_5_2.so
71676000-7167e000 r--p 00401000 08:01 2504268    /usr/lib/libXnVFeatures_1_5_2.so
7167e000-7167f000 rw-p 00409000 08:01 2504268    /usr/lib/libXnVFeatures_1_5_2.so
7167f000-71693000 rw-p 00000000 00:00 0 
71693000-7187a000 r-xp 00000000 08:01 2504257    /usr/lib/libXnVFeatures_1_4_2.so
7187a000-7187d000 r--p 001e6000 08:01 2504257    /usr/lib/libXnVFeatures_1_4_2.so
7187d000-7187e000 rw-p 001e9000 08:01 2504257    /usr/lib/libXnVFeatures_1_4_2.so
7187e000-71883000 rw-p 00000000 00:00 0 
71883000-71a6a000 r-xp 00000000 08:01 2504252    /usr/lib/libXnVFeatures_1_4_1.so
71a6a000-71a6d000 r--p 001e6000 08:01 2504252    /usr/lib/libXnVFeatures_1_4_1.so
71a6d000-71a6e000 rw-p 001e9000 08:01 2504252    /usr/lib/libXnVFeatures_1_4_1.so
71a6e000-71a73000 rw-p 00000000 00:00 0 
71a73000-71c91000 r-xp 00000000 08:01 2504247    /usr/lib/libXnVFeatures_1_3_1.so
71c91000-71c92000 ---p 0021e000 08:01 2504247    /usr/lib/libXnVFeatures_1_3_1.so
71c92000-71c95000 r--p 0021e000 08:01 2504247    /usr/lib/libXnVFeatures_1_3_1.so
71c95000-71c96000 rw-p 00221000 08:01 2504247    /usr/lib/libXnVFeatures_1_3_1.so
71c96000-71c9b000 rw-p 00000000 00:00 0 
71c9b000-71cbe000 r-xp 00000000 08:01 2503957    /usr/lib/libnimRecorder.so
71cbe000-71cbf000 r--p 00023000 08:01 2503957    /usr/lib/libnimRecorder.so
71cbf000-71cc0000 rw-p 00024000 08:01 2503957    /usr/lib/libnimRecorder.so
71cc0000-71cf4000 r-xp 00000000 08:01 2503954    /usr/lib/libnimCodecs.so
71cf4000-71cf5000 ---p 00034000 08:01 2503954    /usr/lib/libnimCodecs.so
71cf5000-71cf7000 r--p 00034000 08:01 2503954    /usr/lib/libnimCodecs.so
71cf7000-71cf8000 rw-p 00036000 08:01 2503954    /usr/lib/libnimCodecs.so
71cf8000-71d18000 rw-p 00000000 00:00 0 
71d18000-71d49000 r-xp 00000000 08:01 2503956    /usr/lib/libnimMockNodes.so
71d49000-71d4f000 r--p 00031000 08:01 2503956    /usr/lib/libnimMockNodes.so
71d4f000-71d50000 rw-p 00037000 08:01 2503956    /usr/lib/libnimMockNodes.so
71d50000-71d5d000 r-xp 00000000 08:01 1704944    /lib/i386-linux-gnu/libusb-1.0.so.0.0.0
71d5d000-71d5e000 r--p 0000c000 08:01 1704944    /lib/i386-linux-gnu/libusb-1.0.so.0.0.0
71d5e000-71d5f000 rw-p 0000d000 08:01 1704944    /lib/i386-linux-gnu/libusb-1.0.so.0.0.0
71d5f000-71ddc000 r-xp 00000000 08:01 2503960    /usr/lib/libOpenNI.so
71ddc000-71dde000 r--p 0007c000 08:01 2503960    /usr/lib/libOpenNI.so
71dde000-71de0000 rw-p 0007e000 08:01 2503960    /usr/lib/libOpenNI.so
71de0000-71dfe000 r-xp 00000000 08:01 2503959    /usr/lib/libOpenNI.jni.so
71dfe000-71dff000 r--p 0001d000 08:01 2503959    /usr/lib/libOpenNI.jni.so
71dff000-71e01000 rw-p 0001e000 08:01 2503959    /usr/lib/libOpenNI.jni.so
71e01000-71e08000 r-xp 00000000 08:01 1704036    /lib/libusb-0.1.so.4.4.4
71e08000-71e09000 r--p 00006000 08:01 1704036    /lib/libusb-0.1.so.4.4.4
71e09000-71e0a000 rw-p 00007000 08:01 1704036    /lib/libusb-0.1.so.4.4.4
71e0a000-71e0b000 rw-p 00000000 00:00 0 
71e0b000-71e0e000 r--s 00000000 08:01 2633498    /var/cache/fontconfig/7ef2298fde41cc6eeb7af42e48b7d293-le32d4.cache-3
71e0e000-71e17000 r-xp 00000000 08:01 2495626    /usr/lib/i386-linux-gnu/libXrender.so.1.3.0
71e17000-71e18000 r--p 00008000 08:01 2495626    /usr/lib/i386-linux-gnu/libXrender.so.1.3.0
71e18000-71e19000 rw-p 00009000 08:01 2495626    /usr/lib/i386-linux-gnu/libXrender.so.1.3.0
71e19000-71e20000 r--s 000fb000 08:01 2896159    /usr/lib/jvm/java-6-openjdk/jre/lib/resources.jar
71e20000-71e28000 r-xp 00000000 08:01 269300     /usr/lib/libusbJava.so.0.2.4
71e28000-71e29000 rw-p 00007000 08:01 269300     /usr/lib/libusbJava.so.0.2.4
71e29000-71e47000 r--s 0024d000 08:01 272520     /home/norut/workspace/CommModule3.0/lib/KinectLibrary.jar
71e47000-71e48000 ---p 00000000 00:00 0 
71e48000-71f19000 rwxp 00000000 00:00 0 
71f19000-71f1a000 ---p 00000000 00:00 0 
71f1a000-71f9a000 rwxp 00000000 00:00 0 
71f9a000-71f9b000 ---p 00000000 00:00 0 
71f9b000-7206c000 rwxp 00000000 00:00 0 
7206c000-7219d000 r--p 0043d000 08:01 2497487    /usr/lib/locale/locale-archive
7219d000-721dd000 r--p 002bd000 08:01 2497487    /usr/lib/locale/locale-archive
721dd000-723dd000 r--p 00000000 08:01 2497487    /usr/lib/locale/locale-archive
723dd000-7247f000 rwxp 00000000 00:00 0 
7247f000-72480000 ---p 00000000 00:00 0 
72480000-72500000 rwxp 00000000 00:00 0 
72500000-725f3000 rw-p 00000000 00:00 0 
725f3000-72600000 ---p 00000000 00:00 0 
72600000-72602000 r--s 00000000 08:01 2622659    /var/cache/fontconfig/e13b20fdb08344e0e664864cc2ede53d-le32d4.cache-3
72602000-72603000 rw-s 00000000 00:12 62154      /run/shm/045e.02ae@1.6-SM (deleted)
72603000-72611000 r--s 00193000 08:01 270161     /home/norut/workspace/CommModule3.0/lib/j3dutils.jar
72611000-7261d000 r--s 002c7000 08:01 270151     /home/norut/workspace/CommModule3.0/lib/j3dcore.jar
7261d000-72621000 r--s 000fc000 08:01 268885     /home/norut/workspace/CommModule3.0/lib/NoninLibrary.jar
72621000-72624000 r--s 00012000 08:01 268892     /home/norut/workspace/CommModule3.0/lib/IRGlanceLibrary.jar
72624000-72627000 r--s 00011000 08:01 269114     /home/norut/workspace/CommModule3.0/lib/wii-gee-plugin-wiimote-android_fat.jar
72627000-7262a000 r--s 0007d000 08:01 2896155    /usr/lib/jvm/java-6-openjdk/jre/lib/jsse.jar
7262a000-7262f000 r--s 0009b000 08:01 268849     /home/norut/workspace/CommModule3.0/lib/WiiboardSimple2.0.jar
7262f000-72637000 r--s 00066000 08:01 2895241    /usr/share/java/gnome-java-bridge.jar
72637000-7266a000 rw-p 00000000 00:00 0 
7266a000-727fa000 r--s 037ba000 08:01 2886099    /usr/lib/jvm/java-6-openjdk/jre/lib/rt.jar
727fa000-727fb000 ---p 00000000 00:00 0 
727fb000-7287b000 rwxp 00000000 00:00 0 
7287b000-7287c000 ---p 00000000 00:00 0 
7287c000-728fc000 rwxp 00000000 00:00 0 
728fc000-72904000 rw-p 00000000 00:00 0 
72904000-7293c000 rw-p 00000000 00:00 0 
7293c000-72980000 rw-p 00000000 00:00 0 
72980000-72a6a000 rw-p 00000000 00:00 0 
72a6a000-72a72000 rw-p 00000000 00:00 0 
72a72000-72aaa000 rw-p 00000000 00:00 0 
72aaa000-72aee000 rw-p 00000000 00:00 0 
72aee000-72bd8000 rw-p 00000000 00:00 0 
72bd8000-72c6f000 rw-p 00000000 00:00 0 
72c6f000-73c70000 rw-p 00000000 00:00 0 
73c70000-7ac70000 rw-p 00000000 00:00 0 
7ac70000-83460000 rw-p 00000000 00:00 0 
83460000-a0870000 rw-p 00000000 00:00 0 
a0870000-b34e0000 rw-p 00000000 00:00 0 
b34e0000-b3670000 rw-p 00000000 00:00 0 
b3670000-b3675000 r-xp 00000000 08:01 2513317    /usr/lib/libusbpp-0.1.so.4.4.4
b3675000-b3676000 r--p 00004000 08:01 2513317    /usr/lib/libusbpp-0.1.so.4.4.4
b3676000-b3677000 rw-p 00005000 08:01 2513317    /usr/lib/libusbpp-0.1.so.4.4.4
b3677000-b3680000 rw-p 00000000 00:00 0 
b3680000-b3737000 rw-p 00000000 00:00 0 
b3737000-b3977000 rwxp 00000000 00:00 0 
b3977000-b6737000 rw-p 00000000 00:00 0 
b6737000-b6742000 r-xp 00000000 08:01 1713725    /lib/i386-linux-gnu/libnss_files-2.13.so
b6742000-b6743000 r--p 0000a000 08:01 1713725    /lib/i386-linux-gnu/libnss_files-2.13.so
b6743000-b6744000 rw-p 0000b000 08:01 1713725    /lib/i386-linux-gnu/libnss_files-2.13.so
b6744000-b674e000 r-xp 00000000 08:01 1713727    /lib/i386-linux-gnu/libnss_nis-2.13.so
b674e000-b674f000 r--p 00009000 08:01 1713727    /lib/i386-linux-gnu/libnss_nis-2.13.so
b674f000-b6750000 rw-p 0000a000 08:01 1713727    /lib/i386-linux-gnu/libnss_nis-2.13.so
b6750000-b6765000 r-xp 00000000 08:01 1713722    /lib/i386-linux-gnu/libnsl-2.13.so
b6765000-b6766000 r--p 00015000 08:01 1713722    /lib/i386-linux-gnu/libnsl-2.13.so
b6766000-b6767000 rw-p 00016000 08:01 1713722    /lib/i386-linux-gnu/libnsl-2.13.so
b6767000-b6769000 rw-p 00000000 00:00 0 
b6769000-b6771000 r-xp 00000000 08:01 1713723    /lib/i386-linux-gnu/libnss_compat-2.13.so
b6771000-b6772000 r--p 00007000 08:01 1713723    /lib/i386-linux-gnu/libnss_compat-2.13.so
b6772000-b6773000 rw-p 00008000 08:01 1713723    /lib/i386-linux-gnu/libnss_compat-2.13.so
b6773000-b6777000 r--s 0001b000 08:01 270164     /home/norut/workspace/CommModule3.0/lib/org.OpenNI.jar
b6777000-b677e000 r-xp 00000000 08:01 2896164    /usr/lib/jvm/java-6-openjdk/jre/lib/i386/libzip.so
b677e000-b677f000 r--p 00006000 08:01 2896164    /usr/lib/jvm/java-6-openjdk/jre/lib/i386/libzip.so
b677f000-b6780000 rw-p 00007000 08:01 2896164    /usr/lib/jvm/java-6-openjdk/jre/lib/i386/libzip.so
b6780000-b6788000 rw-s 00000000 08:01 1582236    /tmp/hsperfdata_root/4612
b6788000-b67ae000 r-xp 00000000 08:01 2886119    /usr/lib/jvm/java-6-openjdk/jre/lib/i386/libjava.so
b67ae000-b67af000 r--p 00025000 08:01 2886119    /usr/lib/jvm/java-6-openjdk/jre/lib/i386/libjava.so
b67af000-b67b1000 rw-p 00026000 08:01 2886119    /usr/lib/jvm/java-6-openjdk/jre/lib/i386/libjava.so
b67b1000-b67b8000 r-xp 00000000 08:01 1713732    /lib/i386-linux-gnu/librt-2.13.so
b67b8000-b67b9000 r--p 00006000 08:01 1713732    /lib/i386-linux-gnu/librt-2.13.so
b67b9000-b67ba000 rw-p 00007000 08:01 1713732    /lib/i386-linux-gnu/librt-2.13.so
b67ba000-b67bd000 ---p 00000000 00:00 0 
b67bd000-b680b000 rwxp 00000000 00:00 0 
b680b000-b6827000 r-xp 00000000 08:01 1704890    /lib/i386-linux-gnu/libgcc_s.so.1
b6827000-b6828000 r--p 0001b000 08:01 1704890    /lib/i386-linux-gnu/libgcc_s.so.1
b6828000-b6829000 rw-p 0001c000 08:01 1704890    /lib/i386-linux-gnu/libgcc_s.so.1
b6829000-b6851000 r-xp 00000000 08:01 1713720    /lib/i386-linux-gnu/libm-2.13.so
b6851000-b6852000 r--p 00028000 08:01 1713720    /lib/i386-linux-gnu/libm-2.13.so
b6852000-b6853000 rw-p 00029000 08:01 1713720    /lib/i386-linux-gnu/libm-2.13.so
b6853000-b6931000 r-xp 00000000 08:01 2495867    /usr/lib/i386-linux-gnu/libstdc++.so.6.0.16
b6931000-b6932000 ---p 000de000 08:01 2495867    /usr/lib/i386-linux-gnu/libstdc++.so.6.0.16
b6932000-b6936000 r--p 000de000 08:01 2495867    /usr/lib/i386-linux-gnu/libstdc++.so.6.0.16
b6936000-b6937000 rw-p 000e2000 08:01 2495867    /usr/lib/i386-linux-gnu/libstdc++.so.6.0.16
b6937000-b693e000 rw-p 00000000 00:00 0 
b693e000-b715c000 r-xp 00000000 08:01 3028099    /usr/lib/jvm/java-6-openjdk/jre/lib/i386/server/libjvm.so
b715c000-b71a1000 r--p 0081e000 08:01 3028099    /usr/lib/jvm/java-6-openjdk/jre/lib/i386/server/libjvm.so
b71a1000-b71b0000 rw-p 00863000 08:01 3028099    /usr/lib/jvm/java-6-openjdk/jre/lib/i386/server/libjvm.so
b71b0000-b75cc000 rw-p 00000000 00:00 0 
b75cc000-b75df000 r-xp 00000000 08:01 1704952    /lib/i386-linux-gnu/libz.so.1.2.3.4
b75df000-b75e0000 r--p 00012000 08:01 1704952    /lib/i386-linux-gnu/libz.so.1.2.3.4
b75e0000-b75e1000 rw-p 00013000 08:01 1704952    /lib/i386-linux-gnu/libz.so.1.2.3.4
b75e1000-b7759000 r-xp 00000000 08:01 1713716    /lib/i386-linux-gnu/libc-2.13.so
b7759000-b775b000 r--p 00178000 08:01 1713716    /lib/i386-linux-gnu/libc-2.13.so
b775b000-b775c000 rw-p 0017a000 08:01 1713716    /lib/i386-linux-gnu/libc-2.13.so
b775c000-b775f000 rw-p 00000000 00:00 0 
b775f000-b7762000 r-xp 00000000 08:01 1713719    /lib/i386-linux-gnu/libdl-2.13.so
b7762000-b7763000 r--p 00002000 08:01 1713719    /lib/i386-linux-gnu/libdl-2.13.so
b7763000-b7764000 rw-p 00003000 08:01 1713719    /lib/i386-linux-gnu/libdl-2.13.so
b7764000-b7768000 r-xp 00000000 08:01 2886103    /usr/lib/jvm/java-6-openjdk/jre/lib/i386/jli/libjli.so
b7768000-b7769000 r--p 00003000 08:01 2886103    /usr/lib/jvm/java-6-openjdk/jre/lib/i386/jli/libjli.so
b7769000-b776a000 rw-p 00004000 08:01 2886103    /usr/lib/jvm/java-6-openjdk/jre/lib/i386/jli/libjli.so
b776a000-b776b000 rw-p 00000000 00:00 0 
b776b000-b7782000 r-xp 00000000 08:01 1713730    /lib/i386-linux-gnu/libpthread-2.13.so
b7782000-b7783000 r--p 00016000 08:01 1713730    /lib/i386-linux-gnu/libpthread-2.13.so
b7783000-b7784000 rw-p 00017000 08:01 1713730    /lib/i386-linux-gnu/libpthread-2.13.so
b7784000-b7786000 rw-p 00000000 00:00 0 
b7786000-b7788000 r--s 0004c000 08:01 270165     /home/norut/workspace/CommModule3.0/lib/vecmath.jar
b7788000-b778a000 r--s 0000f000 08:01 2896143    /usr/lib/jvm/java-6-openjdk/jre/lib/ext/pulse-java.jar
b778a000-b778b000 r--p 006a5000 08:01 2497487    /usr/lib/locale/locale-archive
b778b000-b778c000 rw-p 00000000 00:00 0 
b778c000-b778d000 ---p 00000000 00:00 0 
b778d000-b7798000 r-xp 00000000 08:01 2886139    /usr/lib/jvm/java-6-openjdk/jre/lib/i386/libverify.so
b7798000-b7799000 ---p 0000b000 08:01 2886139    /usr/lib/jvm/java-6-openjdk/jre/lib/i386/libverify.so
b7799000-b779a000 r--p 0000b000 08:01 2886139    /usr/lib/jvm/java-6-openjdk/jre/lib/i386/libverify.so
b779a000-b779b000 rw-p 0000c000 08:01 2886139    /usr/lib/jvm/java-6-openjdk/jre/lib/i386/libverify.so
b779b000-b779d000 rw-p 00000000 00:00 0 
b779d000-b779e000 r-xp 00000000 00:00 0          [vdso]
b779e000-b77bc000 r-xp 00000000 08:01 1713713    /lib/i386-linux-gnu/ld-2.13.so
b77bc000-b77bd000 r--p 0001d000 08:01 1713713    /lib/i386-linux-gnu/ld-2.13.so
b77bd000-b77be000 rw-p 0001e000 08:01 1713713    /lib/i386-linux-gnu/ld-2.13.so
bff6f000-bff8e000 rwxp 00000000 00:00 0          [stack]
bff8e000-bff90000 rw-p 00000000 00:00 0 

VM Arguments:
jvm_args: -Dfile.encoding=UTF-8 
java_command: test.TestGrande
Launcher Type: SUN_STANDARD

Environment Variables:
PATH=/usr/local/sbin:/usr/local/bin:/usr/sbin:/usr/bin:/sbin:/bin:/usr/X11R6/bin
USERNAME=root
LD_LIBRARY_PATH=/usr/lib/jvm/java-6-openjdk/jre/lib/i386/server:/usr/lib/jvm/java-6-openjdk/jre/lib/i386:/usr/lib/jvm/java-6-openjdk/jre/../lib/i386:/usr/lib/jvm/java-6-openjdk/jre/lib/i386/client:/usr/lib/jvm/java-6-openjdk/jre/lib/i386:
SHELL=/bin/bash
DISPLAY=:0.0

Signal Handlers:
SIGSEGV: [libjvm.so+0x66a530], sa_mask[0]=0x7ffbfeff, sa_flags=0x10000004
SIGBUS: [libjvm.so+0x66a530], sa_mask[0]=0x7ffbfeff, sa_flags=0x10000004
SIGFPE: [libjvm.so+0x52e2c0], sa_mask[0]=0x7ffbfeff, sa_flags=0x10000004
SIGPIPE: [libjvm.so+0x52e2c0], sa_mask[0]=0x7ffbfeff, sa_flags=0x10000004
SIGXFSZ: [libjvm.so+0x52e2c0], sa_mask[0]=0x7ffbfeff, sa_flags=0x10000004
SIGILL: [libjvm.so+0x52e2c0], sa_mask[0]=0x7ffbfeff, sa_flags=0x10000004
SIGUSR1: SIG_DFL, sa_mask[0]=0x00000000, sa_flags=0x00000000
SIGUSR2: [libjvm.so+0x52e150], sa_mask[0]=0x00000004, sa_flags=0x10000004
SIGHUP: [libjvm.so+0x5311f0], sa_mask[0]=0x7ffbfeff, sa_flags=0x10000004
SIGINT: [libjvm.so+0x5311f0], sa_mask[0]=0x7ffbfeff, sa_flags=0x10000004
SIGTERM: [libjvm.so+0x5311f0], sa_mask[0]=0x7ffbfeff, sa_flags=0x10000004
SIGQUIT: [libjvm.so+0x5311f0], sa_mask[0]=0x7ffbfeff, sa_flags=0x10000004


---------------  S Y S T E M  ---------------

OS:Ubuntu 11.10 (oneiric)
uname:Linux 3.0.0-17-generic-pae #30-Ubuntu SMP Thu Mar 8 17:53:35 UTC 2012 i686
libc:glibc 2.13 NPTL 2.13 
rlimit: STACK 8192k, CORE 0k, NPROC 28837, NOFILE 4096, AS infinity
load average:1.09 0.50 0.41

/proc/meminfo:
MemTotal:        3705196 kB
MemFree:          758008 kB
Buffers:          340900 kB
Cached:          1049708 kB
SwapCached:            0 kB
Active:          1914028 kB
Inactive:         792672 kB
Active(anon):    1317232 kB
Inactive(anon):    11156 kB
Active(file):     596796 kB
Inactive(file):   781516 kB
Unevictable:          60 kB
Mlocked:              60 kB
HighTotal:       2866716 kB
HighFree:         377540 kB
LowTotal:         838480 kB
LowFree:          380468 kB
SwapTotal:       3778556 kB
SwapFree:        3778556 kB
Dirty:               368 kB
Writeback:             0 kB
AnonPages:       1316268 kB
Mapped:           214696 kB
Shmem:             12204 kB
Slab:              80832 kB
SReclaimable:      65696 kB
SUnreclaim:        15136 kB
KernelStack:        3384 kB
PageTables:        10300 kB
NFS_Unstable:          0 kB
Bounce:                0 kB
WritebackTmp:          0 kB
CommitLimit:     5631152 kB
Committed_AS:    3041780 kB
VmallocTotal:     122880 kB
VmallocUsed:       45968 kB
VmallocChunk:      73112 kB
HardwareCorrupted:     0 kB
AnonHugePages:         0 kB
HugePages_Total:       0
HugePages_Free:        0
HugePages_Rsvd:        0
HugePages_Surp:        0
Hugepagesize:       2048 kB
DirectMap4k:       10232 kB
DirectMap2M:      903168 kB


CPU:total 2 (2 cores per cpu, 1 threads per core) family 20 model 1 stepping 0, cmov, cx8, fxsr, mmx, sse, sse2, sse3, ssse3, popcnt, mmxext, lzcnt, sse4a

Memory: 4k page, physical 3705196k(758008k free), swap 3778556k(3778556k free)

vm_info: OpenJDK Server VM (20.0-b11) for linux-x86 JRE (1.6.0_23-b23), built on Feb 23 2012 06:26:43 by "buildd" with gcc 4.6.1

time: Tue Apr 17 09:49:41 2012
elapsed time: 21 seconds

