#
# A fatal error has been detected by the Java Runtime Environment:
#
#  SIGSEGV (0xb) at pc=0x71139ddd, pid=5400, tid=3061549936
#
# JRE version: 6.0_23-b23
# Java VM: OpenJDK Server VM (20.0-b11 mixed mode linux-x86 )
# Derivative: IcedTea6 1.11pre
# Distribution: Ubuntu 11.10, package 6b23~pre11-0ubuntu1.11.10.2
# Problematic frame:
# C  [libXnVFeatures_1_5_2.so+0x39ddd]  XnVSkeletonGenerator::IsCalibrated(unsigned int)+0x2d
#
# If you would like to submit a bug report, please include
# instructions how to reproduce the bug and visit:
#   https://bugs.launchpad.net/ubuntu/+source/openjdk-6/
# The crash happened outside the Java Virtual Machine in native code.
# See problematic frame for where to report the bug.
#

---------------  T H R E A D  ---------------

Current thread (0x0932e800):  JavaThread "main" [_thread_in_native, id=5404, stack(0xb6768000,0xb67b9000)]

siginfo:si_signo=SIGSEGV: si_errno=0, si_code=1 (SEGV_MAPERR), si_addr=0x6f3560c0

Registers:
EAX=0x6f326008, EBX=0x71509ff4, ECX=0x00000001, EDX=0x00000000
ESP=0xb67b7f10, EBP=0xb67b7f28, ESI=0xb67b7fac, EDI=0x0932e800
EIP=0x71139ddd, EFLAGS=0x00210202, CR2=0x6f3560c0

Top of Stack: (sp=0xb67b7f10)
0xb67b7f10:   6c56aca0 00000001 00000000 00000000
0xb67b7f20:   b67b7fac 71509ff4 b67b7f48 711252c1
0xb67b7f30:   6c56ac58 00000001 71502698 ffffffff
0xb67b7f40:   71d89a59 71d97ff4 b67b7f68 71badf82
0xb67b7f50:   6c56ac58 00000001 6c5cbfe8 00000000
0xb67b7f60:   a4e380b8 0932e800 b67b7f88 71d87a44
0xb67b7f70:   6c5cbfe8 00000001 7ac204c0 a4e380b8
0xb67b7f80:   6c5cbfe8 00000000 b67b7fb8 b372f330 

Instructions: (pc=0x71139ddd)
0x71139dbd:   fe ff 81 c3 35 02 3d 00 89 44 24 04 8b 45 08 83
0x71139dcd:   c0 48 89 04 24 e8 49 37 16 00 31 d2 85 c0 74 13
0x71139ddd:   80 b8 b8 00 03 00 00 74 12 0f b6 90 fc 18 02 00
0x71139ded:   0f b6 d2 83 c4 14 89 d0 5b 5d c3 0f b6 90 18 4e 

Register to memory mapping:

EAX=0x6f326008 is an unknown value
EBX=0x71509ff4: <offset 0x409ff4> in /usr/lib/libXnVFeatures_1_5_2.so at 0x71100000
ECX=0x00000001 is an unknown value
EDX=0x00000000 is an unknown value
ESP=0xb67b7f10 is pointing into the stack for thread: 0x0932e800
EBP=0xb67b7f28 is pointing into the stack for thread: 0x0932e800
ESI=0xb67b7fac is pointing into the stack for thread: 0x0932e800
EDI=0x0932e800 is a thread


Stack: [0xb6768000,0xb67b9000],  sp=0xb67b7f10,  free space=319k
Native frames: (J=compiled Java code, j=interpreted, Vv=VM code, C=native code)
C  [libXnVFeatures_1_5_2.so+0x39ddd]  XnVSkeletonGenerator::IsCalibrated(unsigned int)+0x2d
C  [libXnVFeatures_1_5_2.so+0x252c1]  __ModuleIsSkeletonCalibrated(void*, unsigned int)+0x61
C  [libOpenNI.so+0x2ef82]  xnIsSkeletonCalibrated+0x42
C  [libOpenNI.jni.so+0xea44]  Java_org_OpenNI_NativeMethods_xnIsSkeletonCalibrated+0x24
J  org.OpenNI.NativeMethods.xnIsSkeletonCalibrated(JI)Z

Java frames: (J=compiled Java code, j=interpreted, Vv=VM code)
J  org.OpenNI.NativeMethods.xnIsSkeletonCalibrated(JI)Z
J  control.DeviceManager.waitForUserIsCalibrated(I)V
j  control.DeviceManager.adjustKinectForTheBestTiltWithTrigonometry(I)D+11
j  test.TestGrande.<init>()V+23
j  test.TestGrande.main([Ljava/lang/String;)V+11
v  ~StubRoutines::call_stub

---------------  P R O C E S S  ---------------

Java Threads: ( => current thread )
  0x71c6f800 JavaThread "Thread-1" [_thread_in_native, id=5427, stack(0x6fb03000,0x6fb54000)]
  0x093d2400 JavaThread "Low Memory Detector" daemon [_thread_blocked, id=5415, stack(0x71fae000,0x71fff000)]
  0x093cec00 JavaThread "C2 CompilerThread1" daemon [_thread_blocked, id=5414, stack(0x71fff000,0x72080000)]
  0x093ccc00 JavaThread "C2 CompilerThread0" daemon [_thread_blocked, id=5413, stack(0x72080000,0x72101000)]
  0x093cb400 JavaThread "Signal Dispatcher" daemon [_thread_blocked, id=5412, stack(0x72101000,0x72152000)]
  0x093b8800 JavaThread "Finalizer" daemon [_thread_in_vm, id=5411, stack(0x724c4000,0x72515000)]
  0x093b7000 JavaThread "Reference Handler" daemon [_thread_blocked, id=5410, stack(0x72515000,0x72566000)]
=>0x0932e800 JavaThread "main" [_thread_in_native, id=5404, stack(0xb6768000,0xb67b9000)]

Other Threads:
  0x093b3400 VMThread [stack: 0x72566000,0x725e7000] [id=5409]
  0x093d4000 WatcherThread [stack: 0x71f2d000,0x71fae000] [id=5416]

VM state:not at safepoint (normal execution)

VM Mutex/Monitor currently owned by a thread: None

Heap
 PSYoungGen      total 206208K, used 73712K [0xa0820000, 0xb3620000, 0xb3620000)
  eden space 103168K, 71% used [0xa0820000,0xa501c298,0xa6ce0000)
  from space 103040K, 0% used [0xa6ce0000,0xa6ce0000,0xad180000)
  to   space 103040K, 0% used [0xad180000,0xad180000,0xb3620000)
 PSOldGen        total 222912K, used 137343K [0x7ac20000, 0x885d0000, 0xa0820000)
  object space 222912K, 61% used [0x7ac20000,0x8323fff8,0x885d0000)
 PSPermGen       total 16384K, used 4031K [0x72c20000, 0x73c20000, 0x7ac20000)
  object space 16384K, 24% used [0x72c20000,0x7300fc50,0x73c20000)

Code Cache  [0xb36e5000, 0xb3925000, 0xb66e5000)
 total_blobs=181 nmethods=59 adapters=77 free_code_cache=49955840 largest_free_block=13632

Dynamic libraries:
08048000-08051000 r-xp 00000000 08:01 3029976    /usr/lib/jvm/java-6-openjdk/jre/bin/java
08051000-08052000 r--p 00008000 08:01 3029976    /usr/lib/jvm/java-6-openjdk/jre/bin/java
08052000-08053000 rw-p 00009000 08:01 3029976    /usr/lib/jvm/java-6-openjdk/jre/bin/java
09327000-096c9000 rw-p 00000000 00:00 0          [heap]
5e700000-5e7a6000 rw-p 00000000 00:00 0 
5e7a6000-5e800000 ---p 00000000 00:00 0 
5e900000-5ea00000 rw-p 00000000 00:00 0 
5f000000-5f100000 rw-p 00000000 00:00 0 
5f3ae000-5f60a000 rw-p 00000000 00:00 0 
5f60a000-61700000 r--s 00000000 00:12 55675      /run/shm/5418_045e.02ae@1.6_Image
61700000-617ff000 rw-p 00000000 00:00 0 
617ff000-61800000 ---p 00000000 00:00 0 
6181e000-61900000 rw-p 00000000 00:00 0 
61900000-61af0000 rw-p 00000000 00:00 0 
61af0000-61b00000 ---p 00000000 00:00 0 
61b00000-61d00000 rw-p 00000000 00:00 0 
61d00000-61f00000 rw-p 00000000 00:00 0 
61f00000-62100000 rw-p 00000000 00:00 0 
62100000-62300000 rw-p 00000000 00:00 0 
62300000-62500000 rw-p 00000000 00:00 0 
62500000-625ff000 rw-p 00000000 00:00 0 
625ff000-62600000 ---p 00000000 00:00 0 
62600000-62700000 rw-p 00000000 00:00 0 
62700000-628ff000 rw-p 00000000 00:00 0 
628ff000-62900000 ---p 00000000 00:00 0 
62900000-62b00000 rw-p 00000000 00:00 0 
62b00000-62d00000 rw-p 00000000 00:00 0 
62d00000-62f00000 rw-p 00000000 00:00 0 
62f00000-63100000 rw-p 00000000 00:00 0 
63100000-63300000 rw-p 00000000 00:00 0 
63300000-63500000 rw-p 00000000 00:00 0 
63500000-63700000 rw-p 00000000 00:00 0 
63700000-63900000 rw-p 00000000 00:00 0 
63900000-63b00000 rw-p 00000000 00:00 0 
63b00000-63d00000 rw-p 00000000 00:00 0 
63d00000-63f00000 rw-p 00000000 00:00 0 
63f00000-64100000 rw-p 00000000 00:00 0 
64100000-64300000 rw-p 00000000 00:00 0 
64300000-64500000 rw-p 00000000 00:00 0 
64500000-64700000 rw-p 00000000 00:00 0 
64700000-64900000 rw-p 00000000 00:00 0 
64900000-64b00000 rw-p 00000000 00:00 0 
64b00000-64d00000 rw-p 00000000 00:00 0 
64d00000-64f00000 rw-p 00000000 00:00 0 
64f00000-65100000 rw-p 00000000 00:00 0 
65100000-65300000 rw-p 00000000 00:00 0 
65300000-653ff000 rw-p 00000000 00:00 0 
653ff000-65400000 ---p 00000000 00:00 0 
6545a000-6b500000 rw-p 00000000 00:00 0 
6b500000-6b600000 rw-p 00000000 00:00 0 
6b64d000-6c400000 rw-p 00000000 00:00 0 
6c400000-6c5fd000 rw-p 00000000 00:00 0 
6c5fd000-6c600000 ---p 00000000 00:00 0 
6c600000-6c700000 rw-p 00000000 00:00 0 
6c71d000-6c800000 rw-p 00000000 00:00 0 
6c800000-6c8fa000 rw-p 00000000 00:00 0 
6c8fa000-6c900000 ---p 00000000 00:00 0 
6c969000-6ca00000 rw-p 00000000 00:00 0 
6ca00000-6caff000 rw-p 00000000 00:00 0 
6caff000-6cb00000 ---p 00000000 00:00 0 
6cb69000-6cc00000 rw-p 00000000 00:00 0 
6cc00000-6ccfd000 rw-p 00000000 00:00 0 
6ccfd000-6cd00000 ---p 00000000 00:00 0 
6cd7c000-6dde3000 rw-p 00000000 00:00 0 
6dde3000-6e167000 r--s 00000000 00:12 55673      /run/shm/5418_045e.02ae@1.6_Depth
6e167000-6e1fe000 rw-p 00000000 00:00 0 
6e1fe000-6e1ff000 ---p 00000000 00:00 0 
6e1ff000-6e9ff000 rwxp 00000000 00:00 0 
6e9ff000-6ee00000 rw-p 00000000 00:00 0 
6ee00000-6eeff000 rw-p 00000000 00:00 0 
6eeff000-6ef00000 ---p 00000000 00:00 0 
6ef1d000-6f000000 rw-p 00000000 00:00 0 
6f000000-6f0fd000 rw-p 00000000 00:00 0 
6f0fd000-6f100000 ---p 00000000 00:00 0 
6f169000-6f200000 rw-p 00000000 00:00 0 
6f200000-6f300000 rw-p 00000000 00:00 0 
6f357000-6f600000 rw-p 00000000 00:00 0 
6f600000-6f7f7000 rw-p 00000000 00:00 0 
6f7f7000-6f800000 ---p 00000000 00:00 0 
6f800000-6f8fe000 rw-p 00000000 00:00 0 
6f8fe000-6f900000 ---p 00000000 00:00 0 
6f900000-6fa00000 rw-p 00000000 00:00 0 
6fa00000-6fafe000 rw-p 00000000 00:00 0 
6fafe000-6fb00000 ---p 00000000 00:00 0 
6fb03000-6fb06000 ---p 00000000 00:00 0 
6fb06000-6fb54000 rwxp 00000000 00:00 0 
6fb54000-6fed8000 r--s 00000000 00:12 55673      /run/shm/5418_045e.02ae@1.6_Depth
6fed8000-6ff6f000 rw-p 00000000 00:00 0 
6ff6f000-6ff70000 ---p 00000000 00:00 0 
6ff70000-70770000 rwxp 00000000 00:00 0 
70770000-70b71000 rw-p 00000000 00:00 0 
70b71000-70bfd000 r-xp 00000000 08:01 2504881    /usr/lib/libXnDeviceSensorV2KM.so
70bfd000-70c06000 r--p 0008b000 08:01 2504881    /usr/lib/libXnDeviceSensorV2KM.so
70c06000-70c07000 rw-p 00094000 08:01 2504881    /usr/lib/libXnDeviceSensorV2KM.so
70c07000-70c33000 r-xp 00000000 08:01 2504355    /usr/lib/libXnDeviceFile.so
70c33000-70c34000 ---p 0002c000 08:01 2504355    /usr/lib/libXnDeviceFile.so
70c34000-70c35000 r--p 0002c000 08:01 2504355    /usr/lib/libXnDeviceFile.so
70c35000-70c36000 rw-p 0002d000 08:01 2504355    /usr/lib/libXnDeviceFile.so
70c36000-70c88000 r-xp 00000000 08:01 2504354    /usr/lib/libXnDDK.so
70c88000-70c89000 ---p 00052000 08:01 2504354    /usr/lib/libXnDDK.so
70c89000-70c8b000 r--p 00052000 08:01 2504354    /usr/lib/libXnDDK.so
70c8b000-70c8c000 rw-p 00054000 08:01 2504354    /usr/lib/libXnDDK.so
70c8c000-70caf000 r-xp 00000000 08:01 2504357    /usr/lib/libXnFormats.so
70caf000-70cb0000 r--p 00022000 08:01 2504357    /usr/lib/libXnFormats.so
70cb0000-70cb1000 rw-p 00023000 08:01 2504357    /usr/lib/libXnFormats.so
70cb1000-70cd1000 rw-p 00000000 00:00 0 
70cd1000-70d6a000 r-xp 00000000 08:01 2504356    /usr/lib/libXnDeviceSensorV2.so
70d6a000-70d73000 r--p 00098000 08:01 2504356    /usr/lib/libXnDeviceSensorV2.so
70d73000-70d74000 rw-p 000a1000 08:01 2504356    /usr/lib/libXnDeviceSensorV2.so
70d74000-70e57000 r-xp 00000000 08:01 2504285    /usr/lib/libXnVHandGenerator_1_5_2.so
70e57000-70e5a000 r--p 000e3000 08:01 2504285    /usr/lib/libXnVHandGenerator_1_5_2.so
70e5a000-70e5b000 rw-p 000e6000 08:01 2504285    /usr/lib/libXnVHandGenerator_1_5_2.so
70e5b000-70e67000 rw-p 00000000 00:00 0 
70e67000-70f3c000 r-xp 00000000 08:01 2504282    /usr/lib/libXnVHandGenerator_1_4_2.so
70f3c000-70f3d000 ---p 000d5000 08:01 2504282    /usr/lib/libXnVHandGenerator_1_4_2.so
70f3d000-70f3f000 r--p 000d5000 08:01 2504282    /usr/lib/libXnVHandGenerator_1_4_2.so
70f3f000-70f40000 rw-p 000d7000 08:01 2504282    /usr/lib/libXnVHandGenerator_1_4_2.so
70f40000-70f42000 rw-p 00000000 00:00 0 
70f42000-71016000 r-xp 00000000 08:01 2504279    /usr/lib/libXnVHandGenerator_1_4_1.so
71016000-71017000 ---p 000d4000 08:01 2504279    /usr/lib/libXnVHandGenerator_1_4_1.so
71017000-71019000 r--p 000d4000 08:01 2504279    /usr/lib/libXnVHandGenerator_1_4_1.so
71019000-7101a000 rw-p 000d6000 08:01 2504279    /usr/lib/libXnVHandGenerator_1_4_1.so
7101a000-7101c000 rw-p 00000000 00:00 0 
7101c000-710fa000 r-xp 00000000 08:01 2504275    /usr/lib/libXnVHandGenerator_1_3_1.so
710fa000-710fd000 r--p 000dd000 08:01 2504275    /usr/lib/libXnVHandGenerator_1_3_1.so
710fd000-710fe000 rw-p 000e0000 08:01 2504275    /usr/lib/libXnVHandGenerator_1_3_1.so
710fe000-71100000 rw-p 00000000 00:00 0 
71100000-71501000 r-xp 00000000 08:01 2504268    /usr/lib/libXnVFeatures_1_5_2.so
71501000-71502000 ---p 00401000 08:01 2504268    /usr/lib/libXnVFeatures_1_5_2.so
71502000-7150a000 r--p 00401000 08:01 2504268    /usr/lib/libXnVFeatures_1_5_2.so
7150a000-7150b000 rw-p 00409000 08:01 2504268    /usr/lib/libXnVFeatures_1_5_2.so
7150b000-7151f000 rw-p 00000000 00:00 0 
7151f000-71706000 r-xp 00000000 08:01 2504257    /usr/lib/libXnVFeatures_1_4_2.so
71706000-71709000 r--p 001e6000 08:01 2504257    /usr/lib/libXnVFeatures_1_4_2.so
71709000-7170a000 rw-p 001e9000 08:01 2504257    /usr/lib/libXnVFeatures_1_4_2.so
7170a000-7170f000 rw-p 00000000 00:00 0 
7170f000-718f6000 r-xp 00000000 08:01 2504252    /usr/lib/libXnVFeatures_1_4_1.so
718f6000-718f9000 r--p 001e6000 08:01 2504252    /usr/lib/libXnVFeatures_1_4_1.so
718f9000-718fa000 rw-p 001e9000 08:01 2504252    /usr/lib/libXnVFeatures_1_4_1.so
718fa000-718ff000 rw-p 00000000 00:00 0 
718ff000-71b1d000 r-xp 00000000 08:01 2504247    /usr/lib/libXnVFeatures_1_3_1.so
71b1d000-71b1e000 ---p 0021e000 08:01 2504247    /usr/lib/libXnVFeatures_1_3_1.so
71b1e000-71b21000 r--p 0021e000 08:01 2504247    /usr/lib/libXnVFeatures_1_3_1.so
71b21000-71b22000 rw-p 00221000 08:01 2504247    /usr/lib/libXnVFeatures_1_3_1.so
71b22000-71b27000 rw-p 00000000 00:00 0 
71b27000-71b5b000 r-xp 00000000 08:01 2503954    /usr/lib/libnimCodecs.so
71b5b000-71b5c000 ---p 00034000 08:01 2503954    /usr/lib/libnimCodecs.so
71b5c000-71b5e000 r--p 00034000 08:01 2503954    /usr/lib/libnimCodecs.so
71b5e000-71b5f000 rw-p 00036000 08:01 2503954    /usr/lib/libnimCodecs.so
71b5f000-71b7f000 rw-p 00000000 00:00 0 
71b7f000-71bfc000 r-xp 00000000 08:01 2503960    /usr/lib/libOpenNI.so
71bfc000-71bfe000 r--p 0007c000 08:01 2503960    /usr/lib/libOpenNI.so
71bfe000-71c00000 rw-p 0007e000 08:01 2503960    /usr/lib/libOpenNI.so
71c00000-71cf9000 rw-p 00000000 00:00 0 
71cf9000-71d00000 ---p 00000000 00:00 0 
71d08000-71d0b000 r-xp 00000000 08:01 2504353    /usr/lib/libXnCore.so
71d0b000-71d0c000 r--p 00002000 08:01 2504353    /usr/lib/libXnCore.so
71d0c000-71d0d000 rw-p 00003000 08:01 2504353    /usr/lib/libXnCore.so
71d0d000-71d30000 r-xp 00000000 08:01 2503957    /usr/lib/libnimRecorder.so
71d30000-71d31000 r--p 00023000 08:01 2503957    /usr/lib/libnimRecorder.so
71d31000-71d32000 rw-p 00024000 08:01 2503957    /usr/lib/libnimRecorder.so
71d32000-71d63000 r-xp 00000000 08:01 2503956    /usr/lib/libnimMockNodes.so
71d63000-71d69000 r--p 00031000 08:01 2503956    /usr/lib/libnimMockNodes.so
71d69000-71d6a000 rw-p 00037000 08:01 2503956    /usr/lib/libnimMockNodes.so
71d6a000-71d77000 r-xp 00000000 08:01 1704944    /lib/i386-linux-gnu/libusb-1.0.so.0.0.0
71d77000-71d78000 r--p 0000c000 08:01 1704944    /lib/i386-linux-gnu/libusb-1.0.so.0.0.0
71d78000-71d79000 rw-p 0000d000 08:01 1704944    /lib/i386-linux-gnu/libusb-1.0.so.0.0.0
71d79000-71d97000 r-xp 00000000 08:01 2503959    /usr/lib/libOpenNI.jni.so
71d97000-71d98000 r--p 0001d000 08:01 2503959    /usr/lib/libOpenNI.jni.so
71d98000-71d9a000 rw-p 0001e000 08:01 2503959    /usr/lib/libOpenNI.jni.so
71d9a000-71d9f000 r-xp 00000000 08:01 2513317    /usr/lib/libusbpp-0.1.so.4.4.4
71d9f000-71da0000 r--p 00004000 08:01 2513317    /usr/lib/libusbpp-0.1.so.4.4.4
71da0000-71da1000 rw-p 00005000 08:01 2513317    /usr/lib/libusbpp-0.1.so.4.4.4
71da1000-71da8000 r-xp 00000000 08:01 1704036    /lib/libusb-0.1.so.4.4.4
71da8000-71da9000 r--p 00006000 08:01 1704036    /lib/libusb-0.1.so.4.4.4
71da9000-71daa000 rw-p 00007000 08:01 1704036    /lib/libusb-0.1.so.4.4.4
71daa000-71dab000 rw-p 00000000 00:00 0 
71dc0000-71dc8000 r-xp 00000000 08:01 269300     /usr/lib/libusbJava.so.0.2.4
71dc8000-71dc9000 rw-p 00007000 08:01 269300     /usr/lib/libusbJava.so.0.2.4
71dc9000-71dde000 r-xp 00000000 08:01 2886130    /usr/lib/jvm/java-6-openjdk/jre/lib/i386/libnet.so
71dde000-71ddf000 r--p 00014000 08:01 2886130    /usr/lib/jvm/java-6-openjdk/jre/lib/i386/libnet.so
71ddf000-71de0000 rw-p 00015000 08:01 2886130    /usr/lib/jvm/java-6-openjdk/jre/lib/i386/libnet.so
71de0000-71dfe000 r--s 0024d000 08:01 273854     /home/norut/workspace/CommModule3.0/lib/KinectLibrary.jar
71dfe000-71e00000 r--s 0004c000 08:01 273576     /home/norut/workspace/CommModule3.0/lib/vecmath.jar
71e00000-71ec8000 rw-p 00000000 00:00 0 
71ec8000-71f00000 ---p 00000000 00:00 0 
71f00000-71f04000 r--s 0001b000 08:01 273575     /home/norut/workspace/CommModule3.0/lib/org.OpenNI.jar
71f04000-71f12000 r--s 00193000 08:01 273572     /home/norut/workspace/CommModule3.0/lib/j3dutils.jar
71f12000-71f1e000 r--s 002c7000 08:01 273571     /home/norut/workspace/CommModule3.0/lib/j3dcore.jar
71f1e000-71f22000 r--s 000fc000 08:01 272532     /home/norut/workspace/CommModule3.0/lib/NoninLibrary.jar
71f22000-71f25000 r--s 00012000 08:01 272538     /home/norut/workspace/CommModule3.0/lib/IRGlanceLibrary.jar
71f25000-71f2d000 r--s 00066000 08:01 2895241    /usr/share/java/gnome-java-bridge.jar
71f2d000-71f2e000 ---p 00000000 00:00 0 
71f2e000-71fff000 rwxp 00000000 00:00 0 
71fff000-72000000 ---p 00000000 00:00 0 
72000000-72080000 rwxp 00000000 00:00 0 
72080000-72081000 ---p 00000000 00:00 0 
72081000-72152000 rwxp 00000000 00:00 0 
72152000-72153000 r--p 006a5000 08:01 2497487    /usr/lib/locale/locale-archive
72153000-72284000 r--p 0043d000 08:01 2497487    /usr/lib/locale/locale-archive
72284000-722c4000 r--p 002bd000 08:01 2497487    /usr/lib/locale/locale-archive
722c4000-724c4000 r--p 00000000 08:01 2497487    /usr/lib/locale/locale-archive
724c4000-72566000 rwxp 00000000 00:00 0 
72566000-72567000 ---p 00000000 00:00 0 
72567000-725e7000 rwxp 00000000 00:00 0 
725e7000-7261a000 rw-p 00000000 00:00 0 
7261a000-727aa000 r--s 037ba000 08:01 2886099    /usr/lib/jvm/java-6-openjdk/jre/lib/rt.jar
727aa000-727ab000 ---p 00000000 00:00 0 
727ab000-7282b000 rwxp 00000000 00:00 0 
7282b000-7282c000 ---p 00000000 00:00 0 
7282c000-728ac000 rwxp 00000000 00:00 0 
728ac000-728b4000 rw-p 00000000 00:00 0 
728b4000-728ec000 rw-p 00000000 00:00 0 
728ec000-72959000 rw-p 00000000 00:00 0 
72959000-72a1a000 rw-p 00000000 00:00 0 
72a1a000-72a22000 rw-p 00000000 00:00 0 
72a22000-72a5a000 rw-p 00000000 00:00 0 
72a5a000-72ac7000 rw-p 00000000 00:00 0 
72ac7000-72b88000 rw-p 00000000 00:00 0 
72b88000-72c1f000 rw-p 00000000 00:00 0 
72c1f000-73c20000 rw-p 00000000 00:00 0 
73c20000-7ac20000 rw-p 00000000 00:00 0 
7ac20000-885d0000 rw-p 00000000 00:00 0 
885d0000-a0820000 rw-p 00000000 00:00 0 
a0820000-b3620000 rw-p 00000000 00:00 0 
b3620000-b3625000 r--s 0009b000 08:01 272528     /home/norut/workspace/CommModule3.0/lib/WiiboardSimple2.0.jar
b3625000-b362e000 rw-p 00000000 00:00 0 
b362e000-b36e5000 rw-p 00000000 00:00 0 
b36e5000-b3925000 rwxp 00000000 00:00 0 
b3925000-b66e5000 rw-p 00000000 00:00 0 
b66e5000-b66f0000 r-xp 00000000 08:01 1713725    /lib/i386-linux-gnu/libnss_files-2.13.so
b66f0000-b66f1000 r--p 0000a000 08:01 1713725    /lib/i386-linux-gnu/libnss_files-2.13.so
b66f1000-b66f2000 rw-p 0000b000 08:01 1713725    /lib/i386-linux-gnu/libnss_files-2.13.so
b66f2000-b66fc000 r-xp 00000000 08:01 1713727    /lib/i386-linux-gnu/libnss_nis-2.13.so
b66fc000-b66fd000 r--p 00009000 08:01 1713727    /lib/i386-linux-gnu/libnss_nis-2.13.so
b66fd000-b66fe000 rw-p 0000a000 08:01 1713727    /lib/i386-linux-gnu/libnss_nis-2.13.so
b66fe000-b6713000 r-xp 00000000 08:01 1713722    /lib/i386-linux-gnu/libnsl-2.13.so
b6713000-b6714000 r--p 00015000 08:01 1713722    /lib/i386-linux-gnu/libnsl-2.13.so
b6714000-b6715000 rw-p 00016000 08:01 1713722    /lib/i386-linux-gnu/libnsl-2.13.so
b6715000-b6717000 rw-p 00000000 00:00 0 
b6717000-b671f000 r-xp 00000000 08:01 1713723    /lib/i386-linux-gnu/libnss_compat-2.13.so
b671f000-b6720000 r--p 00007000 08:01 1713723    /lib/i386-linux-gnu/libnss_compat-2.13.so
b6720000-b6721000 rw-p 00008000 08:01 1713723    /lib/i386-linux-gnu/libnss_compat-2.13.so
b6721000-b6722000 rw-s 00000000 00:12 55679      /run/shm/045e.02ae@1.6-SM
b6722000-b6725000 r--s 00011000 08:01 273529     /home/norut/workspace/CommModule3.0/lib/wii-gee-plugin-wiimote-android_fat.jar
b6725000-b672c000 r-xp 00000000 08:01 2896164    /usr/lib/jvm/java-6-openjdk/jre/lib/i386/libzip.so
b672c000-b672d000 r--p 00006000 08:01 2896164    /usr/lib/jvm/java-6-openjdk/jre/lib/i386/libzip.so
b672d000-b672e000 rw-p 00007000 08:01 2896164    /usr/lib/jvm/java-6-openjdk/jre/lib/i386/libzip.so
b672e000-b6736000 rw-s 00000000 08:01 1580348    /tmp/hsperfdata_root/5400
b6736000-b675c000 r-xp 00000000 08:01 2886119    /usr/lib/jvm/java-6-openjdk/jre/lib/i386/libjava.so
b675c000-b675d000 r--p 00025000 08:01 2886119    /usr/lib/jvm/java-6-openjdk/jre/lib/i386/libjava.so
b675d000-b675f000 rw-p 00026000 08:01 2886119    /usr/lib/jvm/java-6-openjdk/jre/lib/i386/libjava.so
b675f000-b6766000 r-xp 00000000 08:01 1713732    /lib/i386-linux-gnu/librt-2.13.so
b6766000-b6767000 r--p 00006000 08:01 1713732    /lib/i386-linux-gnu/librt-2.13.so
b6767000-b6768000 rw-p 00007000 08:01 1713732    /lib/i386-linux-gnu/librt-2.13.so
b6768000-b6769000 ---p 00000000 00:00 0 
b6769000-b67b9000 rwxp 00000000 00:00 0 
b67b9000-b67d5000 r-xp 00000000 08:01 1704890    /lib/i386-linux-gnu/libgcc_s.so.1
b67d5000-b67d6000 r--p 0001b000 08:01 1704890    /lib/i386-linux-gnu/libgcc_s.so.1
b67d6000-b67d7000 rw-p 0001c000 08:01 1704890    /lib/i386-linux-gnu/libgcc_s.so.1
b67d7000-b67ff000 r-xp 00000000 08:01 1713720    /lib/i386-linux-gnu/libm-2.13.so
b67ff000-b6800000 r--p 00028000 08:01 1713720    /lib/i386-linux-gnu/libm-2.13.so
b6800000-b6801000 rw-p 00029000 08:01 1713720    /lib/i386-linux-gnu/libm-2.13.so
b6801000-b68df000 r-xp 00000000 08:01 2495867    /usr/lib/i386-linux-gnu/libstdc++.so.6.0.16
b68df000-b68e0000 ---p 000de000 08:01 2495867    /usr/lib/i386-linux-gnu/libstdc++.so.6.0.16
b68e0000-b68e4000 r--p 000de000 08:01 2495867    /usr/lib/i386-linux-gnu/libstdc++.so.6.0.16
b68e4000-b68e5000 rw-p 000e2000 08:01 2495867    /usr/lib/i386-linux-gnu/libstdc++.so.6.0.16
b68e5000-b68ec000 rw-p 00000000 00:00 0 
b68ec000-b710a000 r-xp 00000000 08:01 3028099    /usr/lib/jvm/java-6-openjdk/jre/lib/i386/server/libjvm.so
b710a000-b714f000 r--p 0081e000 08:01 3028099    /usr/lib/jvm/java-6-openjdk/jre/lib/i386/server/libjvm.so
b714f000-b715e000 rw-p 00863000 08:01 3028099    /usr/lib/jvm/java-6-openjdk/jre/lib/i386/server/libjvm.so
b715e000-b757a000 rw-p 00000000 00:00 0 
b757a000-b758d000 r-xp 00000000 08:01 1704952    /lib/i386-linux-gnu/libz.so.1.2.3.4
b758d000-b758e000 r--p 00012000 08:01 1704952    /lib/i386-linux-gnu/libz.so.1.2.3.4
b758e000-b758f000 rw-p 00013000 08:01 1704952    /lib/i386-linux-gnu/libz.so.1.2.3.4
b758f000-b7707000 r-xp 00000000 08:01 1713716    /lib/i386-linux-gnu/libc-2.13.so
b7707000-b7709000 r--p 00178000 08:01 1713716    /lib/i386-linux-gnu/libc-2.13.so
b7709000-b770a000 rw-p 0017a000 08:01 1713716    /lib/i386-linux-gnu/libc-2.13.so
b770a000-b770d000 rw-p 00000000 00:00 0 
b770d000-b7710000 r-xp 00000000 08:01 1713719    /lib/i386-linux-gnu/libdl-2.13.so
b7710000-b7711000 r--p 00002000 08:01 1713719    /lib/i386-linux-gnu/libdl-2.13.so
b7711000-b7712000 rw-p 00003000 08:01 1713719    /lib/i386-linux-gnu/libdl-2.13.so
b7712000-b7716000 r-xp 00000000 08:01 2886103    /usr/lib/jvm/java-6-openjdk/jre/lib/i386/jli/libjli.so
b7716000-b7717000 r--p 00003000 08:01 2886103    /usr/lib/jvm/java-6-openjdk/jre/lib/i386/jli/libjli.so
b7717000-b7718000 rw-p 00004000 08:01 2886103    /usr/lib/jvm/java-6-openjdk/jre/lib/i386/jli/libjli.so
b7718000-b7719000 rw-p 00000000 00:00 0 
b7719000-b7730000 r-xp 00000000 08:01 1713730    /lib/i386-linux-gnu/libpthread-2.13.so
b7730000-b7731000 r--p 00016000 08:01 1713730    /lib/i386-linux-gnu/libpthread-2.13.so
b7731000-b7732000 rw-p 00017000 08:01 1713730    /lib/i386-linux-gnu/libpthread-2.13.so
b7732000-b7734000 rw-p 00000000 00:00 0 
b7734000-b7737000 r--s 0007d000 08:01 2896155    /usr/lib/jvm/java-6-openjdk/jre/lib/jsse.jar
b7737000-b7739000 r--s 0000f000 08:01 2896143    /usr/lib/jvm/java-6-openjdk/jre/lib/ext/pulse-java.jar
b7739000-b773a000 rw-p 00000000 00:00 0 
b773a000-b773b000 r--p 00000000 00:00 0 
b773b000-b7746000 r-xp 00000000 08:01 2886139    /usr/lib/jvm/java-6-openjdk/jre/lib/i386/libverify.so
b7746000-b7747000 ---p 0000b000 08:01 2886139    /usr/lib/jvm/java-6-openjdk/jre/lib/i386/libverify.so
b7747000-b7748000 r--p 0000b000 08:01 2886139    /usr/lib/jvm/java-6-openjdk/jre/lib/i386/libverify.so
b7748000-b7749000 rw-p 0000c000 08:01 2886139    /usr/lib/jvm/java-6-openjdk/jre/lib/i386/libverify.so
b7749000-b774b000 rw-p 00000000 00:00 0 
b774b000-b774c000 r-xp 00000000 00:00 0          [vdso]
b774c000-b776a000 r-xp 00000000 08:01 1713713    /lib/i386-linux-gnu/ld-2.13.so
b776a000-b776b000 r--p 0001d000 08:01 1713713    /lib/i386-linux-gnu/ld-2.13.so
b776b000-b776c000 rw-p 0001e000 08:01 1713713    /lib/i386-linux-gnu/ld-2.13.so
bfcef000-bfd0e000 rwxp 00000000 00:00 0          [stack]
bfd0e000-bfd10000 rw-p 00000000 00:00 0 

VM Arguments:
jvm_args: -Dfile.encoding=UTF-8 
java_command: test.TestGrande
Launcher Type: SUN_STANDARD

Environment Variables:
PATH=/usr/local/sbin:/usr/local/bin:/usr/sbin:/usr/bin:/sbin:/bin:/usr/X11R6/bin
USERNAME=root
LD_LIBRARY_PATH=/usr/lib/jvm/java-6-openjdk/jre/lib/i386/server:/usr/lib/jvm/java-6-openjdk/jre/lib/i386:/usr/lib/jvm/java-6-openjdk/jre/../lib/i386:/usr/lib/jvm/java-6-openjdk/jre/lib/i386/client:/usr/lib/jvm/java-6-openjdk/jre/lib/i386:
SHELL=/bin/bash
DISPLAY=:0.0

Signal Handlers:
SIGSEGV: [libjvm.so+0x66a530], sa_mask[0]=0x7ffbfeff, sa_flags=0x10000004
SIGBUS: [libjvm.so+0x66a530], sa_mask[0]=0x7ffbfeff, sa_flags=0x10000004
SIGFPE: [libjvm.so+0x52e2c0], sa_mask[0]=0x7ffbfeff, sa_flags=0x10000004
SIGPIPE: [libjvm.so+0x52e2c0], sa_mask[0]=0x7ffbfeff, sa_flags=0x10000004
SIGXFSZ: [libjvm.so+0x52e2c0], sa_mask[0]=0x7ffbfeff, sa_flags=0x10000004
SIGILL: [libjvm.so+0x52e2c0], sa_mask[0]=0x7ffbfeff, sa_flags=0x10000004
SIGUSR1: SIG_DFL, sa_mask[0]=0x00000000, sa_flags=0x00000000
SIGUSR2: [libjvm.so+0x52e150], sa_mask[0]=0x00000004, sa_flags=0x10000004
SIGHUP: [libjvm.so+0x5311f0], sa_mask[0]=0x7ffbfeff, sa_flags=0x10000004
SIGINT: [libjvm.so+0x5311f0], sa_mask[0]=0x7ffbfeff, sa_flags=0x10000004
SIGTERM: [libjvm.so+0x5311f0], sa_mask[0]=0x7ffbfeff, sa_flags=0x10000004
SIGQUIT: [libjvm.so+0x5311f0], sa_mask[0]=0x7ffbfeff, sa_flags=0x10000004


---------------  S Y S T E M  ---------------

OS:Ubuntu 11.10 (oneiric)
uname:Linux 3.0.0-17-generic-pae #30-Ubuntu SMP Thu Mar 8 17:53:35 UTC 2012 i686
libc:glibc 2.13 NPTL 2.13 
rlimit: STACK 8192k, CORE 0k, NPROC 28837, NOFILE 4096, AS infinity
load average:0.70 0.52 0.40

/proc/meminfo:
MemTotal:        3705192 kB
MemFree:          829924 kB
Buffers:           95104 kB
Cached:           929584 kB
SwapCached:            0 kB
Active:          2010576 kB
Inactive:         632340 kB
Active(anon):    1619236 kB
Inactive(anon):    14416 kB
Active(file):     391340 kB
Inactive(file):   617924 kB
Unevictable:          60 kB
Mlocked:              60 kB
HighTotal:       2866712 kB
HighFree:         163140 kB
LowTotal:         838480 kB
LowFree:          666784 kB
SwapTotal:       3778556 kB
SwapFree:        3778556 kB
Dirty:               228 kB
Writeback:             0 kB
AnonPages:       1618292 kB
Mapped:           227788 kB
Shmem:             15428 kB
Slab:              40780 kB
SReclaimable:      25376 kB
SUnreclaim:        15404 kB
KernelStack:        3552 kB
PageTables:        12940 kB
NFS_Unstable:          0 kB
Bounce:                0 kB
WritebackTmp:          0 kB
CommitLimit:     5631152 kB
Committed_AS:    3657648 kB
VmallocTotal:     122880 kB
VmallocUsed:       45968 kB
VmallocChunk:      73120 kB
HardwareCorrupted:     0 kB
AnonHugePages:         0 kB
HugePages_Total:       0
HugePages_Free:        0
HugePages_Rsvd:        0
HugePages_Surp:        0
Hugepagesize:       2048 kB
DirectMap4k:       10232 kB
DirectMap2M:      903168 kB


CPU:total 2 (2 cores per cpu, 1 threads per core) family 20 model 1 stepping 0, cmov, cx8, fxsr, mmx, sse, sse2, sse3, ssse3, popcnt, mmxext, lzcnt, sse4a

Memory: 4k page, physical 3705192k(829924k free), swap 3778556k(3778556k free)

vm_info: OpenJDK Server VM (20.0-b11) for linux-x86 JRE (1.6.0_23-b23), built on Feb 23 2012 06:26:43 by "buildd" with gcc 4.6.1

time: Wed Apr 18 12:03:12 2012
elapsed time: 25 seconds

