#
# A fatal error has been detected by the Java Runtime Environment:
#
#  SIGSEGV (0xb) at pc=0x711ceddd, pid=24417, tid=3061185392
#
# JRE version: 6.0_23-b23
# Java VM: OpenJDK Server VM (20.0-b11 mixed mode linux-x86 )
# Derivative: IcedTea6 1.11pre
# Distribution: Ubuntu 11.10, package 6b23~pre11-0ubuntu1.11.10.2
# Problematic frame:
# C  [libXnVFeatures_1_5_2.so+0x39ddd]  XnVSkeletonGenerator::IsCalibrated(unsigned int)+0x2d
#
# If you would like to submit a bug report, please include
# instructions how to reproduce the bug and visit:
#   https://bugs.launchpad.net/ubuntu/+source/openjdk-6/
# The crash happened outside the Java Virtual Machine in native code.
# See problematic frame for where to report the bug.
#

---------------  T H R E A D  ---------------

Current thread (0x09418800):  JavaThread "main" [_thread_in_native, id=24420, stack(0xb670f000,0xb6760000)]

siginfo:si_signo=SIGSEGV: si_errno=0, si_code=1 (SEGV_MAPERR), si_addr=0x6422a0c0

Registers:
EAX=0x641fa008, EBX=0x7159eff4, ECX=0x00000001, EDX=0x00000000
ESP=0xb675eee0, EBP=0xb675eef8, ESI=0x72f92270, EDI=0x09418800
EIP=0x711ceddd, EFLAGS=0x00210202, CR2=0x6422a0c0

Top of Stack: (sp=0xb675eee0)
0xb675eee0:   0a43a300 00000001 00000000 00000000
0xb675eef0:   72f92270 7159eff4 b675ef18 711ba2c1
0xb675ef00:   0a43a2b8 00000001 71597698 ffffffff
0xb675ef10:   b368eee1 71e3dff4 b675ef98 71cb6b63
0xb675ef20:   0a43a2b8 00000001 b675ef48 72f9c360
0xb675ef30:   72fb30c8 72f72138 00000000 71e31623
0xb675ef40:   0a49d2f8 00000001 a0b87a28 b675ef4c
0xb675ef50:   72fa9abe b675ef78 72f92270 b369664a 

Instructions: (pc=0x711ceddd)
0x711cedbd:   fe ff 81 c3 35 02 3d 00 89 44 24 04 8b 45 08 83
0x711cedcd:   c0 48 89 04 24 e8 49 37 16 00 31 d2 85 c0 74 13
0x711ceddd:   80 b8 b8 00 03 00 00 74 12 0f b6 90 fc 18 02 00
0x711ceded:   0f b6 d2 83 c4 14 89 d0 5b 5d c3 0f b6 90 18 4e 

Register to memory mapping:

EAX=0x641fa008 is an unknown value
EBX=0x7159eff4: <offset 0x409ff4> in /usr/lib/libXnVFeatures_1_5_2.so at 0x71195000
ECX=0x00000001 is an unknown value
EDX=0x00000000 is an unknown value
ESP=0xb675eee0 is pointing into the stack for thread: 0x09418800
EBP=0xb675eef8 is pointing into the stack for thread: 0x09418800
ESI=0x72f92270 is an oop
{method} 
 - klass: {other class}
EDI=0x09418800 is a thread


Stack: [0xb670f000,0xb6760000],  sp=0xb675eee0,  free space=319k
Native frames: (J=compiled Java code, j=interpreted, Vv=VM code, C=native code)
C  [libXnVFeatures_1_5_2.so+0x39ddd]  XnVSkeletonGenerator::IsCalibrated(unsigned int)+0x2d
C  [libXnVFeatures_1_5_2.so+0x252c1]  __ModuleIsSkeletonCalibrated(void*, unsigned int)+0x61
C  [libOpenNI.so+0x40b63]  xnIsSkeletonCalibrated+0x43
j  org.OpenNI.SkeletonCapability.isSkeletonCalibrated(I)Z+5
j  control.DeviceManager.waitForUserIsCalibrated(I)V+33
j  control.DeviceManager.getKinectSkeletonLauncher(I)Llaunchers/KinectSkeletonLauncher;+10
j  test.TestGrande.<init>()V+27
j  test.TestGrande.main([Ljava/lang/String;)V+11
v  ~StubRoutines::call_stub
V  [libjvm.so+0x39a966]  JavaCalls::call_helper(JavaValue*, methodHandle*, JavaCallArguments*, Thread*)+0x2c6

Java frames: (J=compiled Java code, j=interpreted, Vv=VM code)
j  org.OpenNI.NativeMethods.xnIsSkeletonCalibrated(JI)Z+0
j  org.OpenNI.SkeletonCapability.isSkeletonCalibrated(I)Z+5
j  control.DeviceManager.waitForUserIsCalibrated(I)V+33
j  control.DeviceManager.getKinectSkeletonLauncher(I)Llaunchers/KinectSkeletonLauncher;+10
j  test.TestGrande.<init>()V+27
j  test.TestGrande.main([Ljava/lang/String;)V+11
v  ~StubRoutines::call_stub

---------------  P R O C E S S  ---------------

Java Threads: ( => current thread )
  0x09606000 JavaThread "Thread-1" [_thread_in_native, id=24443, stack(0x644ae000,0x644ff000)]
  0x094bc400 JavaThread "Low Memory Detector" daemon [_thread_blocked, id=24431, stack(0x71f4e000,0x71f9f000)]
  0x094b8c00 JavaThread "C2 CompilerThread1" daemon [_thread_blocked, id=24430, stack(0x71f9f000,0x72020000)]
  0x094b6c00 JavaThread "C2 CompilerThread0" daemon [_thread_blocked, id=24429, stack(0x72020000,0x720a1000)]
  0x094b5400 JavaThread "Signal Dispatcher" daemon [_thread_blocked, id=24428, stack(0x720a1000,0x720f2000)]
  0x094a2800 JavaThread "Finalizer" daemon [_thread_blocked, id=24427, stack(0x72464000,0x724b5000)]
  0x094a1000 JavaThread "Reference Handler" daemon [_thread_blocked, id=24426, stack(0x724b5000,0x72506000)]
=>0x09418800 JavaThread "main" [_thread_in_native, id=24420, stack(0xb670f000,0xb6760000)]

Other Threads:
  0x0949d400 VMThread [stack: 0x72506000,0x72587000] [id=24425]
  0x094be000 WatcherThread [stack: 0x71ecd000,0x71f4e000] [id=24432]

VM state:not at safepoint (normal execution)

VM Mutex/Monitor currently owned by a thread: None

Heap
 PSYoungGen      total 16896K, used 4159K [0xa07c0000, 0xa1a90000, 0xb35c0000)
  eden space 14528K, 28% used [0xa07c0000,0xa0bcfde0,0xa15f0000)
  from space 2368K, 0% used [0xa1840000,0xa1840000,0xa1a90000)
  to   space 2368K, 0% used [0xa15f0000,0xa15f0000,0xa1840000)
 PSOldGen        total 38656K, used 0K [0x7abc0000, 0x7d180000, 0xa07c0000)
  object space 38656K, 0% used [0x7abc0000,0x7abc0000,0x7d180000)
 PSPermGen       total 16384K, used 4044K [0x72bc0000, 0x73bc0000, 0x7abc0000)
  object space 16384K, 24% used [0x72bc0000,0x72fb3128,0x73bc0000)

Code Cache  [0xb368c000, 0xb38cc000, 0xb668c000)
 total_blobs=137 nmethods=15 adapters=77 free_code_cache=50006848 largest_free_block=17664

Dynamic libraries:
08048000-08051000 r-xp 00000000 08:01 3029976    /usr/lib/jvm/java-6-openjdk/jre/bin/java
08051000-08052000 r--p 00008000 08:01 3029976    /usr/lib/jvm/java-6-openjdk/jre/bin/java
08052000-08053000 rw-p 00009000 08:01 3029976    /usr/lib/jvm/java-6-openjdk/jre/bin/java
09411000-0e4d0000 rw-p 00000000 00:00 0          [heap]
6422b000-6422c000 rw-s 00000000 00:12 112593     /run/shm/045e.02ae@1.6-SM
6422c000-644ae000 rw-p 00000000 00:00 0 
644ae000-644b1000 ---p 00000000 00:00 0 
644b1000-644ff000 rwxp 00000000 00:00 0 
644ff000-665f5000 r--s 00000000 00:12 112589     /run/shm/24434_045e.02ae@1.6_Image
665f5000-66ab8000 rw-p 00000000 00:00 0 
66ab9000-6e7a9000 rw-p 00000000 00:00 0 
6e7a9000-6eb2d000 r--s 00000000 00:12 113437     /run/shm/24434_045e.02ae@1.6_Depth
6eb2d000-6ebc4000 rw-p 00000000 00:00 0 
6ebc4000-6ebc5000 ---p 00000000 00:00 0 
6ebc5000-6f3c5000 rwxp 00000000 00:00 0 
6f3c5000-6fbe9000 rw-p 00000000 00:00 0 
6fbe9000-6ff6d000 r--s 00000000 00:12 113437     /run/shm/24434_045e.02ae@1.6_Depth
6ff6d000-70004000 rw-p 00000000 00:00 0 
70004000-70005000 ---p 00000000 00:00 0 
70005000-70805000 rwxp 00000000 00:00 0 
70805000-70c06000 rw-p 00000000 00:00 0 
70c06000-70c92000 r-xp 00000000 08:01 2504881    /usr/lib/libXnDeviceSensorV2KM.so
70c92000-70c9b000 r--p 0008b000 08:01 2504881    /usr/lib/libXnDeviceSensorV2KM.so
70c9b000-70c9c000 rw-p 00094000 08:01 2504881    /usr/lib/libXnDeviceSensorV2KM.so
70c9c000-70cc8000 r-xp 00000000 08:01 2504355    /usr/lib/libXnDeviceFile.so
70cc8000-70cc9000 ---p 0002c000 08:01 2504355    /usr/lib/libXnDeviceFile.so
70cc9000-70cca000 r--p 0002c000 08:01 2504355    /usr/lib/libXnDeviceFile.so
70cca000-70ccb000 rw-p 0002d000 08:01 2504355    /usr/lib/libXnDeviceFile.so
70ccb000-70d1d000 r-xp 00000000 08:01 2504354    /usr/lib/libXnDDK.so
70d1d000-70d1e000 ---p 00052000 08:01 2504354    /usr/lib/libXnDDK.so
70d1e000-70d20000 r--p 00052000 08:01 2504354    /usr/lib/libXnDDK.so
70d20000-70d21000 rw-p 00054000 08:01 2504354    /usr/lib/libXnDDK.so
70d21000-70d44000 r-xp 00000000 08:01 2504357    /usr/lib/libXnFormats.so
70d44000-70d45000 r--p 00022000 08:01 2504357    /usr/lib/libXnFormats.so
70d45000-70d46000 rw-p 00023000 08:01 2504357    /usr/lib/libXnFormats.so
70d46000-70d66000 rw-p 00000000 00:00 0 
70d66000-70dff000 r-xp 00000000 08:01 2504356    /usr/lib/libXnDeviceSensorV2.so
70dff000-70e08000 r--p 00098000 08:01 2504356    /usr/lib/libXnDeviceSensorV2.so
70e08000-70e09000 rw-p 000a1000 08:01 2504356    /usr/lib/libXnDeviceSensorV2.so
70e09000-70eec000 r-xp 00000000 08:01 2504285    /usr/lib/libXnVHandGenerator_1_5_2.so
70eec000-70eef000 r--p 000e3000 08:01 2504285    /usr/lib/libXnVHandGenerator_1_5_2.so
70eef000-70ef0000 rw-p 000e6000 08:01 2504285    /usr/lib/libXnVHandGenerator_1_5_2.so
70ef0000-70efc000 rw-p 00000000 00:00 0 
70efc000-70fd1000 r-xp 00000000 08:01 2504282    /usr/lib/libXnVHandGenerator_1_4_2.so
70fd1000-70fd2000 ---p 000d5000 08:01 2504282    /usr/lib/libXnVHandGenerator_1_4_2.so
70fd2000-70fd4000 r--p 000d5000 08:01 2504282    /usr/lib/libXnVHandGenerator_1_4_2.so
70fd4000-70fd5000 rw-p 000d7000 08:01 2504282    /usr/lib/libXnVHandGenerator_1_4_2.so
70fd5000-70fd7000 rw-p 00000000 00:00 0 
70fd7000-710ab000 r-xp 00000000 08:01 2504279    /usr/lib/libXnVHandGenerator_1_4_1.so
710ab000-710ac000 ---p 000d4000 08:01 2504279    /usr/lib/libXnVHandGenerator_1_4_1.so
710ac000-710ae000 r--p 000d4000 08:01 2504279    /usr/lib/libXnVHandGenerator_1_4_1.so
710ae000-710af000 rw-p 000d6000 08:01 2504279    /usr/lib/libXnVHandGenerator_1_4_1.so
710af000-710b1000 rw-p 00000000 00:00 0 
710b1000-7118f000 r-xp 00000000 08:01 2504275    /usr/lib/libXnVHandGenerator_1_3_1.so
7118f000-71192000 r--p 000dd000 08:01 2504275    /usr/lib/libXnVHandGenerator_1_3_1.so
71192000-71193000 rw-p 000e0000 08:01 2504275    /usr/lib/libXnVHandGenerator_1_3_1.so
71193000-71195000 rw-p 00000000 00:00 0 
71195000-71596000 r-xp 00000000 08:01 2504268    /usr/lib/libXnVFeatures_1_5_2.so
71596000-71597000 ---p 00401000 08:01 2504268    /usr/lib/libXnVFeatures_1_5_2.so
71597000-7159f000 r--p 00401000 08:01 2504268    /usr/lib/libXnVFeatures_1_5_2.so
7159f000-715a0000 rw-p 00409000 08:01 2504268    /usr/lib/libXnVFeatures_1_5_2.so
715a0000-715b4000 rw-p 00000000 00:00 0 
715b4000-7179b000 r-xp 00000000 08:01 2504257    /usr/lib/libXnVFeatures_1_4_2.so
7179b000-7179e000 r--p 001e6000 08:01 2504257    /usr/lib/libXnVFeatures_1_4_2.so
7179e000-7179f000 rw-p 001e9000 08:01 2504257    /usr/lib/libXnVFeatures_1_4_2.so
7179f000-717a4000 rw-p 00000000 00:00 0 
717a4000-7198b000 r-xp 00000000 08:01 2504252    /usr/lib/libXnVFeatures_1_4_1.so
7198b000-7198e000 r--p 001e6000 08:01 2504252    /usr/lib/libXnVFeatures_1_4_1.so
7198e000-7198f000 rw-p 001e9000 08:01 2504252    /usr/lib/libXnVFeatures_1_4_1.so
7198f000-71994000 rw-p 00000000 00:00 0 
71994000-71bb2000 r-xp 00000000 08:01 2504247    /usr/lib/libXnVFeatures_1_3_1.so
71bb2000-71bb3000 ---p 0021e000 08:01 2504247    /usr/lib/libXnVFeatures_1_3_1.so
71bb3000-71bb6000 r--p 0021e000 08:01 2504247    /usr/lib/libXnVFeatures_1_3_1.so
71bb6000-71bb7000 rw-p 00221000 08:01 2504247    /usr/lib/libXnVFeatures_1_3_1.so
71bb7000-71bbc000 rw-p 00000000 00:00 0 
71bbc000-71be1000 r-xp 00000000 08:01 2503957    /usr/lib/libnimRecorder.so
71be1000-71be2000 r--p 00025000 08:01 2503957    /usr/lib/libnimRecorder.so
71be2000-71be3000 rw-p 00026000 08:01 2503957    /usr/lib/libnimRecorder.so
71be3000-71c18000 r-xp 00000000 08:01 2503954    /usr/lib/libnimCodecs.so
71c18000-71c1a000 r--p 00035000 08:01 2503954    /usr/lib/libnimCodecs.so
71c1a000-71c1b000 rw-p 00037000 08:01 2503954    /usr/lib/libnimCodecs.so
71c1b000-71c3b000 rw-p 00000000 00:00 0 
71c3b000-71c6e000 r-xp 00000000 08:01 2503956    /usr/lib/libnimMockNodes.so
71c6e000-71c75000 r--p 00032000 08:01 2503956    /usr/lib/libnimMockNodes.so
71c75000-71c76000 rw-p 00039000 08:01 2503956    /usr/lib/libnimMockNodes.so
71c76000-71cfc000 r-xp 00000000 08:01 2503960    /usr/lib/libOpenNI.so
71cfc000-71cfe000 r--p 00085000 08:01 2503960    /usr/lib/libOpenNI.so
71cfe000-71d00000 rw-p 00087000 08:01 2503960    /usr/lib/libOpenNI.so
71d00000-71dae000 rw-p 00000000 00:00 0 
71dae000-71e00000 ---p 00000000 00:00 0 
71e09000-71e0c000 r-xp 00000000 08:01 2504353    /usr/lib/libXnCore.so
71e0c000-71e0d000 r--p 00002000 08:01 2504353    /usr/lib/libXnCore.so
71e0d000-71e0e000 rw-p 00003000 08:01 2504353    /usr/lib/libXnCore.so
71e0e000-71e1b000 r-xp 00000000 08:01 1704944    /lib/i386-linux-gnu/libusb-1.0.so.0.0.0
71e1b000-71e1c000 r--p 0000c000 08:01 1704944    /lib/i386-linux-gnu/libusb-1.0.so.0.0.0
71e1c000-71e1d000 rw-p 0000d000 08:01 1704944    /lib/i386-linux-gnu/libusb-1.0.so.0.0.0
71e1d000-71e3d000 r-xp 00000000 08:01 2503959    /usr/lib/libOpenNI.jni.so
71e3d000-71e3e000 r--p 0001f000 08:01 2503959    /usr/lib/libOpenNI.jni.so
71e3e000-71e40000 rw-p 00020000 08:01 2503959    /usr/lib/libOpenNI.jni.so
71e40000-71e45000 r-xp 00000000 08:01 2513317    /usr/lib/libusbpp-0.1.so.4.4.4
71e45000-71e46000 r--p 00004000 08:01 2513317    /usr/lib/libusbpp-0.1.so.4.4.4
71e46000-71e47000 rw-p 00005000 08:01 2513317    /usr/lib/libusbpp-0.1.so.4.4.4
71e47000-71e4e000 r-xp 00000000 08:01 1704036    /lib/libusb-0.1.so.4.4.4
71e4e000-71e4f000 r--p 00006000 08:01 1704036    /lib/libusb-0.1.so.4.4.4
71e4f000-71e50000 rw-p 00007000 08:01 1704036    /lib/libusb-0.1.so.4.4.4
71e50000-71e51000 rw-p 00000000 00:00 0 
71e66000-71e6e000 r-xp 00000000 08:01 269300     /usr/lib/libusbJava.so.0.2.4
71e6e000-71e6f000 rw-p 00007000 08:01 269300     /usr/lib/libusbJava.so.0.2.4
71e6f000-71e84000 r-xp 00000000 08:01 2886130    /usr/lib/jvm/java-6-openjdk/jre/lib/i386/libnet.so
71e84000-71e85000 r--p 00014000 08:01 2886130    /usr/lib/jvm/java-6-openjdk/jre/lib/i386/libnet.so
71e85000-71e86000 rw-p 00015000 08:01 2886130    /usr/lib/jvm/java-6-openjdk/jre/lib/i386/libnet.so
71e86000-71ea4000 r--s 0024d000 08:01 274379     /home/norut/workspace/CommModule3.0/lib/KinectLibrary.jar
71ea4000-71ea6000 r--s 0004c000 08:01 273576     /home/norut/workspace/CommModule3.0/lib/vecmath.jar
71ea6000-71eaa000 r--s 0001b000 08:01 273575     /home/norut/workspace/CommModule3.0/lib/org.OpenNI.jar
71eaa000-71eb8000 r--s 00193000 08:01 273572     /home/norut/workspace/CommModule3.0/lib/j3dutils.jar
71eb8000-71ec4000 r--s 002c7000 08:01 273571     /home/norut/workspace/CommModule3.0/lib/j3dcore.jar
71ec4000-71ec8000 r--s 000fc000 08:01 272532     /home/norut/workspace/CommModule3.0/lib/NoninLibrary.jar
71ec8000-71ecd000 r--s 0009b000 08:01 272528     /home/norut/workspace/CommModule3.0/lib/WiiboardSimple2.0.jar
71ecd000-71ece000 ---p 00000000 00:00 0 
71ece000-71f9f000 rwxp 00000000 00:00 0 
71f9f000-71fa0000 ---p 00000000 00:00 0 
71fa0000-72020000 rwxp 00000000 00:00 0 
72020000-72021000 ---p 00000000 00:00 0 
72021000-720f2000 rwxp 00000000 00:00 0 
720f2000-720f3000 r--p 006a5000 08:01 2497487    /usr/lib/locale/locale-archive
720f3000-72224000 r--p 0043d000 08:01 2497487    /usr/lib/locale/locale-archive
72224000-72264000 r--p 002bd000 08:01 2497487    /usr/lib/locale/locale-archive
72264000-72464000 r--p 00000000 08:01 2497487    /usr/lib/locale/locale-archive
72464000-72506000 rwxp 00000000 00:00 0 
72506000-72507000 ---p 00000000 00:00 0 
72507000-72587000 rwxp 00000000 00:00 0 
72587000-725ba000 rw-p 00000000 00:00 0 
725ba000-7274a000 r--s 037ba000 08:01 2886099    /usr/lib/jvm/java-6-openjdk/jre/lib/rt.jar
7274a000-7274b000 ---p 00000000 00:00 0 
7274b000-727cb000 rwxp 00000000 00:00 0 
727cb000-727cc000 ---p 00000000 00:00 0 
727cc000-7284c000 rwxp 00000000 00:00 0 
7284c000-72854000 rw-p 00000000 00:00 0 
72854000-7288c000 rw-p 00000000 00:00 0 
7288c000-7289f000 rw-p 00000000 00:00 0 
7289f000-729ba000 rw-p 00000000 00:00 0 
729ba000-729c2000 rw-p 00000000 00:00 0 
729c2000-729fa000 rw-p 00000000 00:00 0 
729fa000-72a0d000 rw-p 00000000 00:00 0 
72a0d000-72b28000 rw-p 00000000 00:00 0 
72b28000-72b32000 rw-p 00000000 00:00 0 
72b32000-72bbf000 rw-p 00000000 00:00 0 
72bbf000-73bc0000 rw-p 00000000 00:00 0 
73bc0000-7abc0000 rw-p 00000000 00:00 0 
7abc0000-7d180000 rw-p 00000000 00:00 0 
7d180000-a07c0000 rw-p 00000000 00:00 0 
a07c0000-a1a90000 rw-p 00000000 00:00 0 
a1a90000-b35c0000 rw-p 00000000 00:00 0 
b35c1000-b35c4000 r--s 00012000 08:01 272538     /home/norut/workspace/CommModule3.0/lib/IRGlanceLibrary.jar
b35c4000-b35cc000 r--s 00066000 08:01 2895241    /usr/share/java/gnome-java-bridge.jar
b35cc000-b35d5000 rw-p 00000000 00:00 0 
b35d5000-b368c000 rw-p 00000000 00:00 0 
b368c000-b38cc000 rwxp 00000000 00:00 0 
b38cc000-b668c000 rw-p 00000000 00:00 0 
b668c000-b6697000 r-xp 00000000 08:01 1713725    /lib/i386-linux-gnu/libnss_files-2.13.so
b6697000-b6698000 r--p 0000a000 08:01 1713725    /lib/i386-linux-gnu/libnss_files-2.13.so
b6698000-b6699000 rw-p 0000b000 08:01 1713725    /lib/i386-linux-gnu/libnss_files-2.13.so
b6699000-b66a3000 r-xp 00000000 08:01 1713727    /lib/i386-linux-gnu/libnss_nis-2.13.so
b66a3000-b66a4000 r--p 00009000 08:01 1713727    /lib/i386-linux-gnu/libnss_nis-2.13.so
b66a4000-b66a5000 rw-p 0000a000 08:01 1713727    /lib/i386-linux-gnu/libnss_nis-2.13.so
b66a5000-b66ba000 r-xp 00000000 08:01 1713722    /lib/i386-linux-gnu/libnsl-2.13.so
b66ba000-b66bb000 r--p 00015000 08:01 1713722    /lib/i386-linux-gnu/libnsl-2.13.so
b66bb000-b66bc000 rw-p 00016000 08:01 1713722    /lib/i386-linux-gnu/libnsl-2.13.so
b66bc000-b66be000 rw-p 00000000 00:00 0 
b66be000-b66c6000 r-xp 00000000 08:01 1713723    /lib/i386-linux-gnu/libnss_compat-2.13.so
b66c6000-b66c7000 r--p 00007000 08:01 1713723    /lib/i386-linux-gnu/libnss_compat-2.13.so
b66c7000-b66c8000 rw-p 00008000 08:01 1713723    /lib/i386-linux-gnu/libnss_compat-2.13.so
b66c9000-b66cc000 r--s 00011000 08:01 273529     /home/norut/workspace/CommModule3.0/lib/wii-gee-plugin-wiimote-android_fat.jar
b66cc000-b66d3000 r-xp 00000000 08:01 2896164    /usr/lib/jvm/java-6-openjdk/jre/lib/i386/libzip.so
b66d3000-b66d4000 r--p 00006000 08:01 2896164    /usr/lib/jvm/java-6-openjdk/jre/lib/i386/libzip.so
b66d4000-b66d5000 rw-p 00007000 08:01 2896164    /usr/lib/jvm/java-6-openjdk/jre/lib/i386/libzip.so
b66d5000-b66dd000 rw-s 00000000 08:01 1578758    /tmp/hsperfdata_root/24417
b66dd000-b6703000 r-xp 00000000 08:01 2886119    /usr/lib/jvm/java-6-openjdk/jre/lib/i386/libjava.so
b6703000-b6704000 r--p 00025000 08:01 2886119    /usr/lib/jvm/java-6-openjdk/jre/lib/i386/libjava.so
b6704000-b6706000 rw-p 00026000 08:01 2886119    /usr/lib/jvm/java-6-openjdk/jre/lib/i386/libjava.so
b6706000-b670d000 r-xp 00000000 08:01 1713732    /lib/i386-linux-gnu/librt-2.13.so
b670d000-b670e000 r--p 00006000 08:01 1713732    /lib/i386-linux-gnu/librt-2.13.so
b670e000-b670f000 rw-p 00007000 08:01 1713732    /lib/i386-linux-gnu/librt-2.13.so
b670f000-b6710000 ---p 00000000 00:00 0 
b6710000-b6760000 rwxp 00000000 00:00 0 
b6760000-b677c000 r-xp 00000000 08:01 1704890    /lib/i386-linux-gnu/libgcc_s.so.1
b677c000-b677d000 r--p 0001b000 08:01 1704890    /lib/i386-linux-gnu/libgcc_s.so.1
b677d000-b677e000 rw-p 0001c000 08:01 1704890    /lib/i386-linux-gnu/libgcc_s.so.1
b677e000-b67a6000 r-xp 00000000 08:01 1713720    /lib/i386-linux-gnu/libm-2.13.so
b67a6000-b67a7000 r--p 00028000 08:01 1713720    /lib/i386-linux-gnu/libm-2.13.so
b67a7000-b67a8000 rw-p 00029000 08:01 1713720    /lib/i386-linux-gnu/libm-2.13.so
b67a8000-b6886000 r-xp 00000000 08:01 2495867    /usr/lib/i386-linux-gnu/libstdc++.so.6.0.16
b6886000-b6887000 ---p 000de000 08:01 2495867    /usr/lib/i386-linux-gnu/libstdc++.so.6.0.16
b6887000-b688b000 r--p 000de000 08:01 2495867    /usr/lib/i386-linux-gnu/libstdc++.so.6.0.16
b688b000-b688c000 rw-p 000e2000 08:01 2495867    /usr/lib/i386-linux-gnu/libstdc++.so.6.0.16
b688c000-b6893000 rw-p 00000000 00:00 0 
b6893000-b70b1000 r-xp 00000000 08:01 3028099    /usr/lib/jvm/java-6-openjdk/jre/lib/i386/server/libjvm.so
b70b1000-b70f6000 r--p 0081e000 08:01 3028099    /usr/lib/jvm/java-6-openjdk/jre/lib/i386/server/libjvm.so
b70f6000-b7105000 rw-p 00863000 08:01 3028099    /usr/lib/jvm/java-6-openjdk/jre/lib/i386/server/libjvm.so
b7105000-b7521000 rw-p 00000000 00:00 0 
b7521000-b7534000 r-xp 00000000 08:01 1704952    /lib/i386-linux-gnu/libz.so.1.2.3.4
b7534000-b7535000 r--p 00012000 08:01 1704952    /lib/i386-linux-gnu/libz.so.1.2.3.4
b7535000-b7536000 rw-p 00013000 08:01 1704952    /lib/i386-linux-gnu/libz.so.1.2.3.4
b7536000-b76ae000 r-xp 00000000 08:01 1713716    /lib/i386-linux-gnu/libc-2.13.so
b76ae000-b76b0000 r--p 00178000 08:01 1713716    /lib/i386-linux-gnu/libc-2.13.so
b76b0000-b76b1000 rw-p 0017a000 08:01 1713716    /lib/i386-linux-gnu/libc-2.13.so
b76b1000-b76b4000 rw-p 00000000 00:00 0 
b76b4000-b76b7000 r-xp 00000000 08:01 1713719    /lib/i386-linux-gnu/libdl-2.13.so
b76b7000-b76b8000 r--p 00002000 08:01 1713719    /lib/i386-linux-gnu/libdl-2.13.so
b76b8000-b76b9000 rw-p 00003000 08:01 1713719    /lib/i386-linux-gnu/libdl-2.13.so
b76b9000-b76bd000 r-xp 00000000 08:01 2886103    /usr/lib/jvm/java-6-openjdk/jre/lib/i386/jli/libjli.so
b76bd000-b76be000 r--p 00003000 08:01 2886103    /usr/lib/jvm/java-6-openjdk/jre/lib/i386/jli/libjli.so
b76be000-b76bf000 rw-p 00004000 08:01 2886103    /usr/lib/jvm/java-6-openjdk/jre/lib/i386/jli/libjli.so
b76bf000-b76c0000 rw-p 00000000 00:00 0 
b76c0000-b76d7000 r-xp 00000000 08:01 1713730    /lib/i386-linux-gnu/libpthread-2.13.so
b76d7000-b76d8000 r--p 00016000 08:01 1713730    /lib/i386-linux-gnu/libpthread-2.13.so
b76d8000-b76d9000 rw-p 00017000 08:01 1713730    /lib/i386-linux-gnu/libpthread-2.13.so
b76d9000-b76db000 rw-p 00000000 00:00 0 
b76db000-b76de000 r--s 0007d000 08:01 2896155    /usr/lib/jvm/java-6-openjdk/jre/lib/jsse.jar
b76de000-b76e0000 r--s 0000f000 08:01 2896143    /usr/lib/jvm/java-6-openjdk/jre/lib/ext/pulse-java.jar
b76e0000-b76e1000 rw-p 00000000 00:00 0 
b76e1000-b76e2000 r--p 00000000 00:00 0 
b76e2000-b76ed000 r-xp 00000000 08:01 2886139    /usr/lib/jvm/java-6-openjdk/jre/lib/i386/libverify.so
b76ed000-b76ee000 ---p 0000b000 08:01 2886139    /usr/lib/jvm/java-6-openjdk/jre/lib/i386/libverify.so
b76ee000-b76ef000 r--p 0000b000 08:01 2886139    /usr/lib/jvm/java-6-openjdk/jre/lib/i386/libverify.so
b76ef000-b76f0000 rw-p 0000c000 08:01 2886139    /usr/lib/jvm/java-6-openjdk/jre/lib/i386/libverify.so
b76f0000-b76f2000 rw-p 00000000 00:00 0 
b76f2000-b76f3000 r-xp 00000000 00:00 0          [vdso]
b76f3000-b7711000 r-xp 00000000 08:01 1713713    /lib/i386-linux-gnu/ld-2.13.so
b7711000-b7712000 r--p 0001d000 08:01 1713713    /lib/i386-linux-gnu/ld-2.13.so
b7712000-b7713000 rw-p 0001e000 08:01 1713713    /lib/i386-linux-gnu/ld-2.13.so
bfcdf000-bfcff000 rwxp 00000000 00:00 0          [stack]
bfcff000-bfd00000 rw-p 00000000 00:00 0 

VM Arguments:
jvm_args: -Dfile.encoding=UTF-8 
java_command: test.TestGrande
Launcher Type: SUN_STANDARD

Environment Variables:
PATH=/usr/local/sbin:/usr/local/bin:/usr/sbin:/usr/bin:/sbin:/bin:/usr/X11R6/bin
USERNAME=root
LD_LIBRARY_PATH=/usr/lib/jvm/java-6-openjdk/jre/lib/i386/server:/usr/lib/jvm/java-6-openjdk/jre/lib/i386:/usr/lib/jvm/java-6-openjdk/jre/../lib/i386:/usr/lib/jvm/java-6-openjdk/jre/lib/i386/client:/usr/lib/jvm/java-6-openjdk/jre/lib/i386:
SHELL=/bin/bash
DISPLAY=:0.0

Signal Handlers:
SIGSEGV: [libjvm.so+0x66a530], sa_mask[0]=0x7ffbfeff, sa_flags=0x10000004
SIGBUS: [libjvm.so+0x66a530], sa_mask[0]=0x7ffbfeff, sa_flags=0x10000004
SIGFPE: [libjvm.so+0x52e2c0], sa_mask[0]=0x7ffbfeff, sa_flags=0x10000004
SIGPIPE: [libjvm.so+0x52e2c0], sa_mask[0]=0x7ffbfeff, sa_flags=0x10000004
SIGXFSZ: [libjvm.so+0x52e2c0], sa_mask[0]=0x7ffbfeff, sa_flags=0x10000004
SIGILL: [libjvm.so+0x52e2c0], sa_mask[0]=0x7ffbfeff, sa_flags=0x10000004
SIGUSR1: SIG_DFL, sa_mask[0]=0x00000000, sa_flags=0x00000000
SIGUSR2: [libjvm.so+0x52e150], sa_mask[0]=0x00000004, sa_flags=0x10000004
SIGHUP: [libjvm.so+0x5311f0], sa_mask[0]=0x7ffbfeff, sa_flags=0x10000004
SIGINT: [libjvm.so+0x5311f0], sa_mask[0]=0x7ffbfeff, sa_flags=0x10000004
SIGTERM: [libjvm.so+0x5311f0], sa_mask[0]=0x7ffbfeff, sa_flags=0x10000004
SIGQUIT: [libjvm.so+0x5311f0], sa_mask[0]=0x7ffbfeff, sa_flags=0x10000004


---------------  S Y S T E M  ---------------

OS:Ubuntu 11.10 (oneiric)
uname:Linux 3.0.0-17-generic-pae #30-Ubuntu SMP Thu Mar 8 17:53:35 UTC 2012 i686
libc:glibc 2.13 NPTL 2.13 
rlimit: STACK 8192k, CORE 0k, NPROC 28837, NOFILE 4096, AS infinity
load average:0.14 0.15 0.09

/proc/meminfo:
MemTotal:        3705192 kB
MemFree:          961724 kB
Buffers:          106928 kB
Cached:          1195184 kB
SwapCached:            0 kB
Active:          1746756 kB
Inactive:         752164 kB
Active(anon):    1197848 kB
Inactive(anon):    11888 kB
Active(file):     548908 kB
Inactive(file):   740276 kB
Unevictable:          64 kB
Mlocked:              64 kB
HighTotal:       2866712 kB
HighFree:         314420 kB
LowTotal:         838480 kB
LowFree:          647304 kB
SwapTotal:       3778556 kB
SwapFree:        3778556 kB
Dirty:               280 kB
Writeback:             0 kB
AnonPages:       1196872 kB
Mapped:           222352 kB
Shmem:             12932 kB
Slab:              48060 kB
SReclaimable:      32576 kB
SUnreclaim:        15484 kB
KernelStack:        3536 kB
PageTables:        10528 kB
NFS_Unstable:          0 kB
Bounce:                0 kB
WritebackTmp:          0 kB
CommitLimit:     5631152 kB
Committed_AS:    3028500 kB
VmallocTotal:     122880 kB
VmallocUsed:       45968 kB
VmallocChunk:      73112 kB
HardwareCorrupted:     0 kB
AnonHugePages:         0 kB
HugePages_Total:       0
HugePages_Free:        0
HugePages_Rsvd:        0
HugePages_Surp:        0
Hugepagesize:       2048 kB
DirectMap4k:       10232 kB
DirectMap2M:      903168 kB


CPU:total 2 (2 cores per cpu, 1 threads per core) family 20 model 1 stepping 0, cmov, cx8, fxsr, mmx, sse, sse2, sse3, ssse3, popcnt, mmxext, lzcnt, sse4a

Memory: 4k page, physical 3705192k(961724k free), swap 3778556k(3778556k free)

vm_info: OpenJDK Server VM (20.0-b11) for linux-x86 JRE (1.6.0_23-b23), built on Feb 23 2012 06:26:43 by "buildd" with gcc 4.6.1

time: Fri Apr 27 13:38:14 2012
elapsed time: 8 seconds

