#
# A fatal error has been detected by the Java Runtime Environment:
#
#  SIGSEGV (0xb) at pc=0x71238ddd, pid=29735, tid=3061582704
#
# JRE version: 6.0_23-b23
# Java VM: OpenJDK Server VM (20.0-b11 mixed mode linux-x86 )
# Derivative: IcedTea6 1.11pre
# Distribution: Ubuntu 11.10, package 6b23~pre11-0ubuntu1.11.10.2
# Problematic frame:
# C  [libXnVFeatures_1_5_2.so+0x39ddd]  XnVSkeletonGenerator::IsCalibrated(unsigned int)+0x2d
#
# If you would like to submit a bug report, please include
# instructions how to reproduce the bug and visit:
#   https://bugs.launchpad.net/ubuntu/+source/openjdk-6/
# The crash happened outside the Java Virtual Machine in native code.
# See problematic frame for where to report the bug.
#

---------------  T H R E A D  ---------------

Current thread (0x0995a800):  JavaThread "main" [_thread_in_native, id=29739, stack(0xb6770000,0xb67c1000)]

siginfo:si_signo=SIGSEGV: si_errno=0, si_code=1 (SEGV_MAPERR), si_addr=0x668480c0

Registers:
EAX=0x66818008, EBX=0x71608ff4, ECX=0x00000001, EDX=0x00000000
ESP=0xb67bfee0, EBP=0xb67bfef8, ESI=0x72ff2270, EDI=0x0995a800
EIP=0x71238ddd, EFLAGS=0x00210202, CR2=0x668480c0

Top of Stack: (sp=0xb67bfee0)
0xb67bfee0:   6c5dfab8 00000001 00000000 00000000
0xb67bfef0:   72ff2270 71608ff4 b67bff18 712242c1
0xb67bff00:   6c5dfa70 00000001 71601698 ffffffff
0xb67bff10:   b36efee1 71d99ff4 b67bff98 71d2fb63
0xb67bff20:   6c5dfa70 00000001 b67bff48 72ffc360
0xb67bff30:   730133b0 72fd2138 00000000 71d8d623
0xb67bff40:   6be4b5e8 00000001 a0bc6828 b67bff4c
0xb67bff50:   73009abe b67bff78 72ff2270 b36f764a 

Instructions: (pc=0x71238ddd)
0x71238dbd:   fe ff 81 c3 35 02 3d 00 89 44 24 04 8b 45 08 83
0x71238dcd:   c0 48 89 04 24 e8 49 37 16 00 31 d2 85 c0 74 13
0x71238ddd:   80 b8 b8 00 03 00 00 74 12 0f b6 90 fc 18 02 00
0x71238ded:   0f b6 d2 83 c4 14 89 d0 5b 5d c3 0f b6 90 18 4e 

Register to memory mapping:

EAX=0x66818008 is an unknown value
EBX=0x71608ff4: <offset 0x409ff4> in /usr/lib/libXnVFeatures_1_5_2.so at 0x711ff000
ECX=0x00000001 is an unknown value
EDX=0x00000000 is an unknown value
ESP=0xb67bfee0 is pointing into the stack for thread: 0x0995a800
EBP=0xb67bfef8 is pointing into the stack for thread: 0x0995a800
ESI=0x72ff2270 is an oop
{method} 
 - klass: {other class}
EDI=0x0995a800 is a thread


Stack: [0xb6770000,0xb67c1000],  sp=0xb67bfee0,  free space=319k
Native frames: (J=compiled Java code, j=interpreted, Vv=VM code, C=native code)
C  [libXnVFeatures_1_5_2.so+0x39ddd]  XnVSkeletonGenerator::IsCalibrated(unsigned int)+0x2d
C  [libXnVFeatures_1_5_2.so+0x252c1]  __ModuleIsSkeletonCalibrated(void*, unsigned int)+0x61
C  [libOpenNI.so+0x40b63]  xnIsSkeletonCalibrated+0x43
j  org.OpenNI.SkeletonCapability.isSkeletonCalibrated(I)Z+5
j  control.DeviceManager.waitForUserIsCalibrated(I)V+33
j  control.DeviceManager.getKinectSkeletonLauncher(I)Llaunchers/KinectSkeletonLauncher;+10
j  test.TestGrande.<init>()V+27
j  test.TestGrande.main([Ljava/lang/String;)V+11
v  ~StubRoutines::call_stub
V  [libjvm.so+0x39a966]  JavaCalls::call_helper(JavaValue*, methodHandle*, JavaCallArguments*, Thread*)+0x2c6

Java frames: (J=compiled Java code, j=interpreted, Vv=VM code)
j  org.OpenNI.NativeMethods.xnIsSkeletonCalibrated(JI)Z+0
j  org.OpenNI.SkeletonCapability.isSkeletonCalibrated(I)Z+5
j  control.DeviceManager.waitForUserIsCalibrated(I)V+33
j  control.DeviceManager.getKinectSkeletonLauncher(I)Llaunchers/KinectSkeletonLauncher;+10
j  test.TestGrande.<init>()V+27
j  test.TestGrande.main([Ljava/lang/String;)V+11
v  ~StubRoutines::call_stub

---------------  P R O C E S S  ---------------

Java Threads: ( => current thread )
  0x61bec400 JavaThread "Thread-1" [_thread_in_native, id=29762, stack(0x5f7d7000,0x5f828000)]
  0x099fe000 JavaThread "Low Memory Detector" daemon [_thread_blocked, id=29749, stack(0x71fae000,0x71fff000)]
  0x099fac00 JavaThread "C2 CompilerThread1" daemon [_thread_blocked, id=29748, stack(0x71fff000,0x72080000)]
  0x099f8c00 JavaThread "C2 CompilerThread0" daemon [_thread_blocked, id=29747, stack(0x72080000,0x72101000)]
  0x099f7400 JavaThread "Signal Dispatcher" daemon [_thread_blocked, id=29746, stack(0x72101000,0x72152000)]
  0x099e4800 JavaThread "Finalizer" daemon [_thread_blocked, id=29745, stack(0x724c4000,0x72515000)]
  0x099e3000 JavaThread "Reference Handler" daemon [_thread_blocked, id=29744, stack(0x72515000,0x72566000)]
=>0x0995a800 JavaThread "main" [_thread_in_native, id=29739, stack(0xb6770000,0xb67c1000)]

Other Threads:
  0x099df400 VMThread [stack: 0x72566000,0x725e7000] [id=29743]
  0x09a00000 WatcherThread [stack: 0x71f2d000,0x71fae000] [id=29750]

VM state:not at safepoint (normal execution)

VM Mutex/Monitor currently owned by a thread: None

Heap
 PSYoungGen      total 16896K, used 3868K [0xa0820000, 0xa1af0000, 0xb3620000)
  eden space 14528K, 26% used [0xa0820000,0xa0be7368,0xa1650000)
  from space 2368K, 0% used [0xa18a0000,0xa18a0000,0xa1af0000)
  to   space 2368K, 0% used [0xa1650000,0xa1650000,0xa18a0000)
 PSOldGen        total 38656K, used 0K [0x7ac20000, 0x7d1e0000, 0xa0820000)
  object space 38656K, 0% used [0x7ac20000,0x7ac20000,0x7d1e0000)
 PSPermGen       total 16384K, used 4046K [0x72c20000, 0x73c20000, 0x7ac20000)
  object space 16384K, 24% used [0x72c20000,0x73013ae0,0x73c20000)

Code Cache  [0xb36ed000, 0xb392d000, 0xb66ed000)
 total_blobs=138 nmethods=16 adapters=77 free_code_cache=50006208 largest_free_block=6400

Dynamic libraries:
08048000-08051000 r-xp 00000000 08:01 3029976    /usr/lib/jvm/java-6-openjdk/jre/bin/java
08051000-08052000 r--p 00008000 08:01 3029976    /usr/lib/jvm/java-6-openjdk/jre/bin/java
08052000-08053000 rw-p 00009000 08:01 3029976    /usr/lib/jvm/java-6-openjdk/jre/bin/java
09953000-09ec5000 rw-p 00000000 00:00 0          [heap]
5f500000-5f549000 rw-p 00000000 00:00 0 
5f549000-5f600000 ---p 00000000 00:00 0 
5f612000-5f7d7000 rw-p 00000000 00:00 0 
5f7d7000-5f7da000 ---p 00000000 00:00 0 
5f7da000-5f828000 rwxp 00000000 00:00 0 
5f828000-6191e000 r--s 00000000 00:12 120465     /run/shm/29752_045e.02ae@1.6_Image
6191e000-61a00000 rw-p 00000000 00:00 0 
61a00000-61bf7000 rw-p 00000000 00:00 0 
61bf7000-61c00000 ---p 00000000 00:00 0 
61c00000-61e00000 rw-p 00000000 00:00 0 
61e00000-62000000 rw-p 00000000 00:00 0 
62000000-62200000 rw-p 00000000 00:00 0 
62200000-62400000 rw-p 00000000 00:00 0 
62400000-62600000 rw-p 00000000 00:00 0 
62600000-62800000 rw-p 00000000 00:00 0 
62800000-62a00000 rw-p 00000000 00:00 0 
62a00000-62c00000 rw-p 00000000 00:00 0 
62c00000-62e00000 rw-p 00000000 00:00 0 
62e00000-63000000 rw-p 00000000 00:00 0 
63000000-63200000 rw-p 00000000 00:00 0 
63200000-63400000 rw-p 00000000 00:00 0 
63400000-63600000 rw-p 00000000 00:00 0 
63600000-63800000 rw-p 00000000 00:00 0 
63800000-63a00000 rw-p 00000000 00:00 0 
63a00000-63c00000 rw-p 00000000 00:00 0 
63c00000-63e00000 rw-p 00000000 00:00 0 
63e00000-64000000 rw-p 00000000 00:00 0 
64000000-64200000 rw-p 00000000 00:00 0 
64200000-64400000 rw-p 00000000 00:00 0 
64400000-64600000 rw-p 00000000 00:00 0 
64600000-64800000 rw-p 00000000 00:00 0 
64800000-64a00000 rw-p 00000000 00:00 0 
64a00000-64c00000 rw-p 00000000 00:00 0 
64c00000-64e00000 rw-p 00000000 00:00 0 
64e00000-65000000 rw-p 00000000 00:00 0 
65000000-65200000 rw-p 00000000 00:00 0 
65200000-652ff000 rw-p 00000000 00:00 0 
652ff000-65300000 ---p 00000000 00:00 0 
65300000-65400000 rw-p 00000000 00:00 0 
65400000-65500000 rw-p 00000000 00:00 0 
65543000-66700000 rw-p 00000000 00:00 0 
66700000-66800000 rw-p 00000000 00:00 0 
66849000-6be00000 rw-p 00000000 00:00 0 
6be00000-6bef6000 rw-p 00000000 00:00 0 
6bef6000-6bf00000 ---p 00000000 00:00 0 
6bf21000-6c500000 rw-p 00000000 00:00 0 
6c500000-6c5f7000 rw-p 00000000 00:00 0 
6c5f7000-6c600000 ---p 00000000 00:00 0 
6c62b000-6c700000 rw-p 00000000 00:00 0 
6c700000-6c800000 rw-p 00000000 00:00 0 
6c800000-6c900000 rw-p 00000000 00:00 0 
6c92b000-6ca00000 rw-p 00000000 00:00 0 
6ca00000-6cb00000 rw-p 00000000 00:00 0 
6cb00000-6cbff000 rw-p 00000000 00:00 0 
6cbff000-6cc00000 ---p 00000000 00:00 0 
6cc04000-6cc05000 rw-s 00000000 00:12 120475     /run/shm/045e.02ae@1.6-SM
6cc05000-6cd00000 rw-p 00000000 00:00 0 
6cd00000-6cdfc000 rw-p 00000000 00:00 0 
6cdfc000-6ce00000 ---p 00000000 00:00 0 
6ce02000-6df4c000 rw-p 00000000 00:00 0 
6df4c000-6e2d0000 r--s 00000000 00:12 121214     /run/shm/29752_045e.02ae@1.6_Depth
6e2d0000-6e367000 rw-p 00000000 00:00 0 
6e367000-6e368000 ---p 00000000 00:00 0 
6e368000-6eb68000 rwxp 00000000 00:00 0 
6eb68000-6f000000 rw-p 00000000 00:00 0 
6f000000-6f0fe000 rw-p 00000000 00:00 0 
6f0fe000-6f100000 ---p 00000000 00:00 0 
6f11d000-6f200000 rw-p 00000000 00:00 0 
6f200000-6f300000 rw-p 00000000 00:00 0 
6f31d000-6f400000 rw-p 00000000 00:00 0 
6f400000-6f500000 rw-p 00000000 00:00 0 
6f500000-6f5f9000 rw-p 00000000 00:00 0 
6f5f9000-6f600000 ---p 00000000 00:00 0 
6f61d000-6f700000 rw-p 00000000 00:00 0 
6f700000-6f900000 rw-p 00000000 00:00 0 
6f900000-6f9ff000 rw-p 00000000 00:00 0 
6f9ff000-6fa00000 ---p 00000000 00:00 0 
6fa00000-6fae3000 rw-p 00000000 00:00 0 
6fae3000-6fe67000 r--s 00000000 00:12 121214     /run/shm/29752_045e.02ae@1.6_Depth
6fe67000-6fefe000 rw-p 00000000 00:00 0 
6fefe000-6feff000 ---p 00000000 00:00 0 
6feff000-706ff000 rwxp 00000000 00:00 0 
706ff000-70b00000 rw-p 00000000 00:00 0 
70b00000-70bfc000 rw-p 00000000 00:00 0 
70bfc000-70c00000 ---p 00000000 00:00 0 
70c24000-70c70000 rw-p 00000000 00:00 0 
70c70000-70cfc000 r-xp 00000000 08:01 2504881    /usr/lib/libXnDeviceSensorV2KM.so
70cfc000-70d05000 r--p 0008b000 08:01 2504881    /usr/lib/libXnDeviceSensorV2KM.so
70d05000-70d06000 rw-p 00094000 08:01 2504881    /usr/lib/libXnDeviceSensorV2KM.so
70d06000-70d32000 r-xp 00000000 08:01 2504355    /usr/lib/libXnDeviceFile.so
70d32000-70d33000 ---p 0002c000 08:01 2504355    /usr/lib/libXnDeviceFile.so
70d33000-70d34000 r--p 0002c000 08:01 2504355    /usr/lib/libXnDeviceFile.so
70d34000-70d35000 rw-p 0002d000 08:01 2504355    /usr/lib/libXnDeviceFile.so
70d35000-70d87000 r-xp 00000000 08:01 2504354    /usr/lib/libXnDDK.so
70d87000-70d88000 ---p 00052000 08:01 2504354    /usr/lib/libXnDDK.so
70d88000-70d8a000 r--p 00052000 08:01 2504354    /usr/lib/libXnDDK.so
70d8a000-70d8b000 rw-p 00054000 08:01 2504354    /usr/lib/libXnDDK.so
70d8b000-70dae000 r-xp 00000000 08:01 2504357    /usr/lib/libXnFormats.so
70dae000-70daf000 r--p 00022000 08:01 2504357    /usr/lib/libXnFormats.so
70daf000-70db0000 rw-p 00023000 08:01 2504357    /usr/lib/libXnFormats.so
70db0000-70dd0000 rw-p 00000000 00:00 0 
70dd0000-70e69000 r-xp 00000000 08:01 2504356    /usr/lib/libXnDeviceSensorV2.so
70e69000-70e72000 r--p 00098000 08:01 2504356    /usr/lib/libXnDeviceSensorV2.so
70e72000-70e73000 rw-p 000a1000 08:01 2504356    /usr/lib/libXnDeviceSensorV2.so
70e73000-70f56000 r-xp 00000000 08:01 2504285    /usr/lib/libXnVHandGenerator_1_5_2.so
70f56000-70f59000 r--p 000e3000 08:01 2504285    /usr/lib/libXnVHandGenerator_1_5_2.so
70f59000-70f5a000 rw-p 000e6000 08:01 2504285    /usr/lib/libXnVHandGenerator_1_5_2.so
70f5a000-70f66000 rw-p 00000000 00:00 0 
70f66000-7103b000 r-xp 00000000 08:01 2504282    /usr/lib/libXnVHandGenerator_1_4_2.so
7103b000-7103c000 ---p 000d5000 08:01 2504282    /usr/lib/libXnVHandGenerator_1_4_2.so
7103c000-7103e000 r--p 000d5000 08:01 2504282    /usr/lib/libXnVHandGenerator_1_4_2.so
7103e000-7103f000 rw-p 000d7000 08:01 2504282    /usr/lib/libXnVHandGenerator_1_4_2.so
7103f000-71041000 rw-p 00000000 00:00 0 
71041000-71115000 r-xp 00000000 08:01 2504279    /usr/lib/libXnVHandGenerator_1_4_1.so
71115000-71116000 ---p 000d4000 08:01 2504279    /usr/lib/libXnVHandGenerator_1_4_1.so
71116000-71118000 r--p 000d4000 08:01 2504279    /usr/lib/libXnVHandGenerator_1_4_1.so
71118000-71119000 rw-p 000d6000 08:01 2504279    /usr/lib/libXnVHandGenerator_1_4_1.so
71119000-7111b000 rw-p 00000000 00:00 0 
7111b000-711f9000 r-xp 00000000 08:01 2504275    /usr/lib/libXnVHandGenerator_1_3_1.so
711f9000-711fc000 r--p 000dd000 08:01 2504275    /usr/lib/libXnVHandGenerator_1_3_1.so
711fc000-711fd000 rw-p 000e0000 08:01 2504275    /usr/lib/libXnVHandGenerator_1_3_1.so
711fd000-711ff000 rw-p 00000000 00:00 0 
711ff000-71600000 r-xp 00000000 08:01 2504268    /usr/lib/libXnVFeatures_1_5_2.so
71600000-71601000 ---p 00401000 08:01 2504268    /usr/lib/libXnVFeatures_1_5_2.so
71601000-71609000 r--p 00401000 08:01 2504268    /usr/lib/libXnVFeatures_1_5_2.so
71609000-7160a000 rw-p 00409000 08:01 2504268    /usr/lib/libXnVFeatures_1_5_2.so
7160a000-7161e000 rw-p 00000000 00:00 0 
7161e000-71805000 r-xp 00000000 08:01 2504257    /usr/lib/libXnVFeatures_1_4_2.so
71805000-71808000 r--p 001e6000 08:01 2504257    /usr/lib/libXnVFeatures_1_4_2.so
71808000-71809000 rw-p 001e9000 08:01 2504257    /usr/lib/libXnVFeatures_1_4_2.so
71809000-7180e000 rw-p 00000000 00:00 0 
7180e000-719f5000 r-xp 00000000 08:01 2504252    /usr/lib/libXnVFeatures_1_4_1.so
719f5000-719f8000 r--p 001e6000 08:01 2504252    /usr/lib/libXnVFeatures_1_4_1.so
719f8000-719f9000 rw-p 001e9000 08:01 2504252    /usr/lib/libXnVFeatures_1_4_1.so
719f9000-719fe000 rw-p 00000000 00:00 0 
719fe000-71c1c000 r-xp 00000000 08:01 2504247    /usr/lib/libXnVFeatures_1_3_1.so
71c1c000-71c1d000 ---p 0021e000 08:01 2504247    /usr/lib/libXnVFeatures_1_3_1.so
71c1d000-71c20000 r--p 0021e000 08:01 2504247    /usr/lib/libXnVFeatures_1_3_1.so
71c20000-71c21000 rw-p 00221000 08:01 2504247    /usr/lib/libXnVFeatures_1_3_1.so
71c21000-71c26000 rw-p 00000000 00:00 0 
71c26000-71c4b000 r-xp 00000000 08:01 2503957    /usr/lib/libnimRecorder.so
71c4b000-71c4c000 r--p 00025000 08:01 2503957    /usr/lib/libnimRecorder.so
71c4c000-71c4d000 rw-p 00026000 08:01 2503957    /usr/lib/libnimRecorder.so
71c4d000-71c82000 r-xp 00000000 08:01 2503954    /usr/lib/libnimCodecs.so
71c82000-71c84000 r--p 00035000 08:01 2503954    /usr/lib/libnimCodecs.so
71c84000-71c85000 rw-p 00037000 08:01 2503954    /usr/lib/libnimCodecs.so
71c85000-71ca5000 rw-p 00000000 00:00 0 
71ca5000-71cd8000 r-xp 00000000 08:01 2503956    /usr/lib/libnimMockNodes.so
71cd8000-71cdf000 r--p 00032000 08:01 2503956    /usr/lib/libnimMockNodes.so
71cdf000-71ce0000 rw-p 00039000 08:01 2503956    /usr/lib/libnimMockNodes.so
71ce0000-71ced000 r-xp 00000000 08:01 1704944    /lib/i386-linux-gnu/libusb-1.0.so.0.0.0
71ced000-71cee000 r--p 0000c000 08:01 1704944    /lib/i386-linux-gnu/libusb-1.0.so.0.0.0
71cee000-71cef000 rw-p 0000d000 08:01 1704944    /lib/i386-linux-gnu/libusb-1.0.so.0.0.0
71cef000-71d75000 r-xp 00000000 08:01 2503960    /usr/lib/libOpenNI.so
71d75000-71d77000 r--p 00085000 08:01 2503960    /usr/lib/libOpenNI.so
71d77000-71d79000 rw-p 00087000 08:01 2503960    /usr/lib/libOpenNI.so
71d79000-71d99000 r-xp 00000000 08:01 2503959    /usr/lib/libOpenNI.jni.so
71d99000-71d9a000 r--p 0001f000 08:01 2503959    /usr/lib/libOpenNI.jni.so
71d9a000-71d9c000 rw-p 00020000 08:01 2503959    /usr/lib/libOpenNI.jni.so
71d9c000-71da1000 r-xp 00000000 08:01 2513317    /usr/lib/libusbpp-0.1.so.4.4.4
71da1000-71da2000 r--p 00004000 08:01 2513317    /usr/lib/libusbpp-0.1.so.4.4.4
71da2000-71da3000 rw-p 00005000 08:01 2513317    /usr/lib/libusbpp-0.1.so.4.4.4
71da3000-71daa000 r-xp 00000000 08:01 1704036    /lib/libusb-0.1.so.4.4.4
71daa000-71dab000 r--p 00006000 08:01 1704036    /lib/libusb-0.1.so.4.4.4
71dab000-71dac000 rw-p 00007000 08:01 1704036    /lib/libusb-0.1.so.4.4.4
71dac000-71dad000 rw-p 00000000 00:00 0 
71dc2000-71dca000 r-xp 00000000 08:01 269300     /usr/lib/libusbJava.so.0.2.4
71dca000-71dcb000 rw-p 00007000 08:01 269300     /usr/lib/libusbJava.so.0.2.4
71dcb000-71de0000 r-xp 00000000 08:01 2886130    /usr/lib/jvm/java-6-openjdk/jre/lib/i386/libnet.so
71de0000-71de1000 r--p 00014000 08:01 2886130    /usr/lib/jvm/java-6-openjdk/jre/lib/i386/libnet.so
71de1000-71de2000 rw-p 00015000 08:01 2886130    /usr/lib/jvm/java-6-openjdk/jre/lib/i386/libnet.so
71de2000-71e00000 r--s 0024d000 08:01 274379     /home/norut/workspace/CommModule3.0/lib/KinectLibrary.jar
71e00000-71efe000 rw-p 00000000 00:00 0 
71efe000-71f00000 ---p 00000000 00:00 0 
71f01000-71f04000 r-xp 00000000 08:01 2504353    /usr/lib/libXnCore.so
71f04000-71f05000 r--p 00002000 08:01 2504353    /usr/lib/libXnCore.so
71f05000-71f06000 rw-p 00003000 08:01 2504353    /usr/lib/libXnCore.so
71f06000-71f08000 r--s 0004c000 08:01 273576     /home/norut/workspace/CommModule3.0/lib/vecmath.jar
71f08000-71f0c000 r--s 0001b000 08:01 273575     /home/norut/workspace/CommModule3.0/lib/org.OpenNI.jar
71f0c000-71f1a000 r--s 00193000 08:01 273572     /home/norut/workspace/CommModule3.0/lib/j3dutils.jar
71f1a000-71f26000 r--s 002c7000 08:01 273571     /home/norut/workspace/CommModule3.0/lib/j3dcore.jar
71f26000-71f2a000 r--s 000fc000 08:01 272532     /home/norut/workspace/CommModule3.0/lib/NoninLibrary.jar
71f2a000-71f2d000 r--s 00012000 08:01 272538     /home/norut/workspace/CommModule3.0/lib/IRGlanceLibrary.jar
71f2d000-71f2e000 ---p 00000000 00:00 0 
71f2e000-71fff000 rwxp 00000000 00:00 0 
71fff000-72000000 ---p 00000000 00:00 0 
72000000-72080000 rwxp 00000000 00:00 0 
72080000-72081000 ---p 00000000 00:00 0 
72081000-72152000 rwxp 00000000 00:00 0 
72152000-72153000 r--p 006a5000 08:01 2497487    /usr/lib/locale/locale-archive
72153000-72284000 r--p 0043d000 08:01 2497487    /usr/lib/locale/locale-archive
72284000-722c4000 r--p 002bd000 08:01 2497487    /usr/lib/locale/locale-archive
722c4000-724c4000 r--p 00000000 08:01 2497487    /usr/lib/locale/locale-archive
724c4000-72566000 rwxp 00000000 00:00 0 
72566000-72567000 ---p 00000000 00:00 0 
72567000-725e7000 rwxp 00000000 00:00 0 
725e7000-7261a000 rw-p 00000000 00:00 0 
7261a000-727aa000 r--s 037ba000 08:01 2886099    /usr/lib/jvm/java-6-openjdk/jre/lib/rt.jar
727aa000-727ab000 ---p 00000000 00:00 0 
727ab000-7282b000 rwxp 00000000 00:00 0 
7282b000-7282c000 ---p 00000000 00:00 0 
7282c000-728ac000 rwxp 00000000 00:00 0 
728ac000-728b4000 rw-p 00000000 00:00 0 
728b4000-728ec000 rw-p 00000000 00:00 0 
728ec000-728ff000 rw-p 00000000 00:00 0 
728ff000-72a1a000 rw-p 00000000 00:00 0 
72a1a000-72a22000 rw-p 00000000 00:00 0 
72a22000-72a5a000 rw-p 00000000 00:00 0 
72a5a000-72a6d000 rw-p 00000000 00:00 0 
72a6d000-72b88000 rw-p 00000000 00:00 0 
72b88000-72b92000 rw-p 00000000 00:00 0 
72b92000-72c1f000 rw-p 00000000 00:00 0 
72c1f000-73c20000 rw-p 00000000 00:00 0 
73c20000-7ac20000 rw-p 00000000 00:00 0 
7ac20000-7d1e0000 rw-p 00000000 00:00 0 
7d1e0000-a0820000 rw-p 00000000 00:00 0 
a0820000-a1af0000 rw-p 00000000 00:00 0 
a1af0000-b3620000 rw-p 00000000 00:00 0 
b3620000-b3625000 r--s 0009b000 08:01 272528     /home/norut/workspace/CommModule3.0/lib/WiiboardSimple2.0.jar
b3625000-b362d000 r--s 00066000 08:01 2895241    /usr/share/java/gnome-java-bridge.jar
b362d000-b3636000 rw-p 00000000 00:00 0 
b3636000-b36ed000 rw-p 00000000 00:00 0 
b36ed000-b392d000 rwxp 00000000 00:00 0 
b392d000-b66ed000 rw-p 00000000 00:00 0 
b66ed000-b66f8000 r-xp 00000000 08:01 1713725    /lib/i386-linux-gnu/libnss_files-2.13.so
b66f8000-b66f9000 r--p 0000a000 08:01 1713725    /lib/i386-linux-gnu/libnss_files-2.13.so
b66f9000-b66fa000 rw-p 0000b000 08:01 1713725    /lib/i386-linux-gnu/libnss_files-2.13.so
b66fa000-b6704000 r-xp 00000000 08:01 1713727    /lib/i386-linux-gnu/libnss_nis-2.13.so
b6704000-b6705000 r--p 00009000 08:01 1713727    /lib/i386-linux-gnu/libnss_nis-2.13.so
b6705000-b6706000 rw-p 0000a000 08:01 1713727    /lib/i386-linux-gnu/libnss_nis-2.13.so
b6706000-b671b000 r-xp 00000000 08:01 1713722    /lib/i386-linux-gnu/libnsl-2.13.so
b671b000-b671c000 r--p 00015000 08:01 1713722    /lib/i386-linux-gnu/libnsl-2.13.so
b671c000-b671d000 rw-p 00016000 08:01 1713722    /lib/i386-linux-gnu/libnsl-2.13.so
b671d000-b671f000 rw-p 00000000 00:00 0 
b671f000-b6727000 r-xp 00000000 08:01 1713723    /lib/i386-linux-gnu/libnss_compat-2.13.so
b6727000-b6728000 r--p 00007000 08:01 1713723    /lib/i386-linux-gnu/libnss_compat-2.13.so
b6728000-b6729000 rw-p 00008000 08:01 1713723    /lib/i386-linux-gnu/libnss_compat-2.13.so
b672a000-b672d000 r--s 00011000 08:01 273529     /home/norut/workspace/CommModule3.0/lib/wii-gee-plugin-wiimote-android_fat.jar
b672d000-b6734000 r-xp 00000000 08:01 2896164    /usr/lib/jvm/java-6-openjdk/jre/lib/i386/libzip.so
b6734000-b6735000 r--p 00006000 08:01 2896164    /usr/lib/jvm/java-6-openjdk/jre/lib/i386/libzip.so
b6735000-b6736000 rw-p 00007000 08:01 2896164    /usr/lib/jvm/java-6-openjdk/jre/lib/i386/libzip.so
b6736000-b673e000 rw-s 00000000 08:01 1579865    /tmp/hsperfdata_root/29735
b673e000-b6764000 r-xp 00000000 08:01 2886119    /usr/lib/jvm/java-6-openjdk/jre/lib/i386/libjava.so
b6764000-b6765000 r--p 00025000 08:01 2886119    /usr/lib/jvm/java-6-openjdk/jre/lib/i386/libjava.so
b6765000-b6767000 rw-p 00026000 08:01 2886119    /usr/lib/jvm/java-6-openjdk/jre/lib/i386/libjava.so
b6767000-b676e000 r-xp 00000000 08:01 1713732    /lib/i386-linux-gnu/librt-2.13.so
b676e000-b676f000 r--p 00006000 08:01 1713732    /lib/i386-linux-gnu/librt-2.13.so
b676f000-b6770000 rw-p 00007000 08:01 1713732    /lib/i386-linux-gnu/librt-2.13.so
b6770000-b6771000 ---p 00000000 00:00 0 
b6771000-b67c1000 rwxp 00000000 00:00 0 
b67c1000-b67dd000 r-xp 00000000 08:01 1704890    /lib/i386-linux-gnu/libgcc_s.so.1
b67dd000-b67de000 r--p 0001b000 08:01 1704890    /lib/i386-linux-gnu/libgcc_s.so.1
b67de000-b67df000 rw-p 0001c000 08:01 1704890    /lib/i386-linux-gnu/libgcc_s.so.1
b67df000-b6807000 r-xp 00000000 08:01 1713720    /lib/i386-linux-gnu/libm-2.13.so
b6807000-b6808000 r--p 00028000 08:01 1713720    /lib/i386-linux-gnu/libm-2.13.so
b6808000-b6809000 rw-p 00029000 08:01 1713720    /lib/i386-linux-gnu/libm-2.13.so
b6809000-b68e7000 r-xp 00000000 08:01 2495867    /usr/lib/i386-linux-gnu/libstdc++.so.6.0.16
b68e7000-b68e8000 ---p 000de000 08:01 2495867    /usr/lib/i386-linux-gnu/libstdc++.so.6.0.16
b68e8000-b68ec000 r--p 000de000 08:01 2495867    /usr/lib/i386-linux-gnu/libstdc++.so.6.0.16
b68ec000-b68ed000 rw-p 000e2000 08:01 2495867    /usr/lib/i386-linux-gnu/libstdc++.so.6.0.16
b68ed000-b68f4000 rw-p 00000000 00:00 0 
b68f4000-b7112000 r-xp 00000000 08:01 3028099    /usr/lib/jvm/java-6-openjdk/jre/lib/i386/server/libjvm.so
b7112000-b7157000 r--p 0081e000 08:01 3028099    /usr/lib/jvm/java-6-openjdk/jre/lib/i386/server/libjvm.so
b7157000-b7166000 rw-p 00863000 08:01 3028099    /usr/lib/jvm/java-6-openjdk/jre/lib/i386/server/libjvm.so
b7166000-b7582000 rw-p 00000000 00:00 0 
b7582000-b7595000 r-xp 00000000 08:01 1704952    /lib/i386-linux-gnu/libz.so.1.2.3.4
b7595000-b7596000 r--p 00012000 08:01 1704952    /lib/i386-linux-gnu/libz.so.1.2.3.4
b7596000-b7597000 rw-p 00013000 08:01 1704952    /lib/i386-linux-gnu/libz.so.1.2.3.4
b7597000-b770f000 r-xp 00000000 08:01 1713716    /lib/i386-linux-gnu/libc-2.13.so
b770f000-b7711000 r--p 00178000 08:01 1713716    /lib/i386-linux-gnu/libc-2.13.so
b7711000-b7712000 rw-p 0017a000 08:01 1713716    /lib/i386-linux-gnu/libc-2.13.so
b7712000-b7715000 rw-p 00000000 00:00 0 
b7715000-b7718000 r-xp 00000000 08:01 1713719    /lib/i386-linux-gnu/libdl-2.13.so
b7718000-b7719000 r--p 00002000 08:01 1713719    /lib/i386-linux-gnu/libdl-2.13.so
b7719000-b771a000 rw-p 00003000 08:01 1713719    /lib/i386-linux-gnu/libdl-2.13.so
b771a000-b771e000 r-xp 00000000 08:01 2886103    /usr/lib/jvm/java-6-openjdk/jre/lib/i386/jli/libjli.so
b771e000-b771f000 r--p 00003000 08:01 2886103    /usr/lib/jvm/java-6-openjdk/jre/lib/i386/jli/libjli.so
b771f000-b7720000 rw-p 00004000 08:01 2886103    /usr/lib/jvm/java-6-openjdk/jre/lib/i386/jli/libjli.so
b7720000-b7721000 rw-p 00000000 00:00 0 
b7721000-b7738000 r-xp 00000000 08:01 1713730    /lib/i386-linux-gnu/libpthread-2.13.so
b7738000-b7739000 r--p 00016000 08:01 1713730    /lib/i386-linux-gnu/libpthread-2.13.so
b7739000-b773a000 rw-p 00017000 08:01 1713730    /lib/i386-linux-gnu/libpthread-2.13.so
b773a000-b773c000 rw-p 00000000 00:00 0 
b773c000-b773f000 r--s 0007d000 08:01 2896155    /usr/lib/jvm/java-6-openjdk/jre/lib/jsse.jar
b773f000-b7741000 r--s 0000f000 08:01 2896143    /usr/lib/jvm/java-6-openjdk/jre/lib/ext/pulse-java.jar
b7741000-b7742000 rw-p 00000000 00:00 0 
b7742000-b7743000 r--p 00000000 00:00 0 
b7743000-b774e000 r-xp 00000000 08:01 2886139    /usr/lib/jvm/java-6-openjdk/jre/lib/i386/libverify.so
b774e000-b774f000 ---p 0000b000 08:01 2886139    /usr/lib/jvm/java-6-openjdk/jre/lib/i386/libverify.so
b774f000-b7750000 r--p 0000b000 08:01 2886139    /usr/lib/jvm/java-6-openjdk/jre/lib/i386/libverify.so
b7750000-b7751000 rw-p 0000c000 08:01 2886139    /usr/lib/jvm/java-6-openjdk/jre/lib/i386/libverify.so
b7751000-b7753000 rw-p 00000000 00:00 0 
b7753000-b7754000 r-xp 00000000 00:00 0          [vdso]
b7754000-b7772000 r-xp 00000000 08:01 1713713    /lib/i386-linux-gnu/ld-2.13.so
b7772000-b7773000 r--p 0001d000 08:01 1713713    /lib/i386-linux-gnu/ld-2.13.so
b7773000-b7774000 rw-p 0001e000 08:01 1713713    /lib/i386-linux-gnu/ld-2.13.so
bfaee000-bfb0d000 rwxp 00000000 00:00 0          [stack]
bfb0d000-bfb0f000 rw-p 00000000 00:00 0 

VM Arguments:
jvm_args: -Dfile.encoding=UTF-8 
java_command: test.TestGrande
Launcher Type: SUN_STANDARD

Environment Variables:
PATH=/usr/local/sbin:/usr/local/bin:/usr/sbin:/usr/bin:/sbin:/bin:/usr/X11R6/bin
USERNAME=root
LD_LIBRARY_PATH=/usr/lib/jvm/java-6-openjdk/jre/lib/i386/server:/usr/lib/jvm/java-6-openjdk/jre/lib/i386:/usr/lib/jvm/java-6-openjdk/jre/../lib/i386:/usr/lib/jvm/java-6-openjdk/jre/lib/i386/client:/usr/lib/jvm/java-6-openjdk/jre/lib/i386:
SHELL=/bin/bash
DISPLAY=:0.0

Signal Handlers:
SIGSEGV: [libjvm.so+0x66a530], sa_mask[0]=0x7ffbfeff, sa_flags=0x10000004
SIGBUS: [libjvm.so+0x66a530], sa_mask[0]=0x7ffbfeff, sa_flags=0x10000004
SIGFPE: [libjvm.so+0x52e2c0], sa_mask[0]=0x7ffbfeff, sa_flags=0x10000004
SIGPIPE: [libjvm.so+0x52e2c0], sa_mask[0]=0x7ffbfeff, sa_flags=0x10000004
SIGXFSZ: [libjvm.so+0x52e2c0], sa_mask[0]=0x7ffbfeff, sa_flags=0x10000004
SIGILL: [libjvm.so+0x52e2c0], sa_mask[0]=0x7ffbfeff, sa_flags=0x10000004
SIGUSR1: SIG_DFL, sa_mask[0]=0x00000000, sa_flags=0x00000000
SIGUSR2: [libjvm.so+0x52e150], sa_mask[0]=0x00000004, sa_flags=0x10000004
SIGHUP: [libjvm.so+0x5311f0], sa_mask[0]=0x7ffbfeff, sa_flags=0x10000004
SIGINT: [libjvm.so+0x5311f0], sa_mask[0]=0x7ffbfeff, sa_flags=0x10000004
SIGTERM: [libjvm.so+0x5311f0], sa_mask[0]=0x7ffbfeff, sa_flags=0x10000004
SIGQUIT: [libjvm.so+0x5311f0], sa_mask[0]=0x7ffbfeff, sa_flags=0x10000004


---------------  S Y S T E M  ---------------

OS:Ubuntu 11.10 (oneiric)
uname:Linux 3.0.0-17-generic-pae #30-Ubuntu SMP Thu Mar 8 17:53:35 UTC 2012 i686
libc:glibc 2.13 NPTL 2.13 
rlimit: STACK 8192k, CORE 0k, NPROC 28837, NOFILE 4096, AS infinity
load average:0.08 0.37 0.38

/proc/meminfo:
MemTotal:        3705192 kB
MemFree:          899888 kB
Buffers:          108484 kB
Cached:          1197796 kB
SwapCached:            0 kB
Active:          1801808 kB
Inactive:         755332 kB
Active(anon):    1251948 kB
Inactive(anon):    12608 kB
Active(file):     549860 kB
Inactive(file):   742724 kB
Unevictable:          64 kB
Mlocked:              64 kB
HighTotal:       2866712 kB
HighFree:         255024 kB
LowTotal:         838480 kB
LowFree:          644864 kB
SwapTotal:       3778556 kB
SwapFree:        3778556 kB
Dirty:               200 kB
Writeback:             0 kB
AnonPages:       1250884 kB
Mapped:           232660 kB
Shmem:             13700 kB
Slab:              48680 kB
SReclaimable:      33192 kB
SUnreclaim:        15488 kB
KernelStack:        3688 kB
PageTables:        11196 kB
NFS_Unstable:          0 kB
Bounce:                0 kB
WritebackTmp:          0 kB
CommitLimit:     5631152 kB
Committed_AS:    3112340 kB
VmallocTotal:     122880 kB
VmallocUsed:       45968 kB
VmallocChunk:      73112 kB
HardwareCorrupted:     0 kB
AnonHugePages:         0 kB
HugePages_Total:       0
HugePages_Free:        0
HugePages_Rsvd:        0
HugePages_Surp:        0
Hugepagesize:       2048 kB
DirectMap4k:       10232 kB
DirectMap2M:      903168 kB


CPU:total 2 (2 cores per cpu, 1 threads per core) family 20 model 1 stepping 0, cmov, cx8, fxsr, mmx, sse, sse2, sse3, ssse3, popcnt, mmxext, lzcnt, sse4a

Memory: 4k page, physical 3705192k(899640k free), swap 3778556k(3778556k free)

vm_info: OpenJDK Server VM (20.0-b11) for linux-x86 JRE (1.6.0_23-b23), built on Feb 23 2012 06:26:43 by "buildd" with gcc 4.6.1

time: Fri Apr 27 13:58:08 2012
elapsed time: 8 seconds

