#
# A fatal error has been detected by the Java Runtime Environment:
#
#  SIGSEGV (0xb) at pc=0xb37054bb, pid=3919, tid=3061640048
#
# JRE version: 6.0_23-b23
# Java VM: OpenJDK Server VM (20.0-b11 mixed mode linux-x86 )
# Derivative: IcedTea6 1.11pre
# Distribution: Ubuntu 11.10, package 6b23~pre11-0ubuntu1.11.10.2
# Problematic frame:
# j  java.security.AccessController.getInheritedAccessControlContext()Ljava/security/AccessControlContext;+0
#
# If you would like to submit a bug report, please include
# instructions how to reproduce the bug and visit:
#   https://bugs.launchpad.net/ubuntu/+source/openjdk-6/
#

---------------  T H R E A D  ---------------

Current thread (0x093cb800):  JavaThread "main" [_thread_in_Java, id=3920, stack(0xb677e000,0xb67cf000)]

siginfo:si_signo=SIGSEGV: si_errno=0, si_code=2 (SEGV_ACCERR), si_addr=0xb677eff8

Registers:
EAX=0x00000000, EBX=0x72cc3e40, ECX=0x000041d1, EDX=0x72cc4298
ESP=0xb6781ff8, EBP=0xb6782018, ESI=0x72cc3e40, EDI=0xb6782024
EIP=0xb37054bb, EFLAGS=0x00210283, CR2=0xb677eff8

Top of Stack: (sp=0xb6781ff8)
0xb6781ff8:   b6781ff8 00000000 b6782024 72cc4298
0xb6782008:   00000000 72cc3e40 00000000 b6782028
0xb6782018:   b6782048 b36fe047 00000000 00000000
0xb6782028:   b6782028 72c5ddd7 b6782074 72cc4460
0xb6782038:   00000000 72c5dfd0 b6782028 b6782074
0xb6782048:   b6782098 b36fe047 00000000 00000000
0xb6782058:   00000000 00000000 00000000 00000000
0xb6782068:   00000000 00000000 00000000 a18a41e0 

Instructions: (pc=0xb37054bb)
0xb370549b:   00 00 01 ff 43 14 8b 43 34 83 c1 08 83 e0 f8 89
0xb37054ab:   4b 30 03 c8 3b 0d 50 b0 17 b7 0f 83 4f 04 00 00
0xb37054bb:   89 84 24 00 d0 ff ff 8b c4 c1 e8 0c 8b 04 85 40
0xb37054cb:   a5 18 b7 c6 80 75 01 00 00 00 80 3d a0 9c 17 b7 

Register to memory mapping:

EAX=0x00000000 is an unknown value
EBX=0x72cc3e40 is an oop
{method} 
 - klass: {other class}
ECX=0x000041d1 is an unknown value
EDX=0x72cc4298 is an oop
{constant pool cache} 
 - klass: {other class}
ESP=0xb6781ff8 is pointing into the stack for thread: 0x093cb800
EBP=0xb6782018 is pointing into the stack for thread: 0x093cb800
ESI=0x72cc3e40 is an oop
{method} 
 - klass: {other class}
EDI=0xb6782024 is pointing into the stack for thread: 0x093cb800


Stack: [0xb677e000,0xb67cf000],  sp=0xb6781ff8,  free space=15k
Native frames: (J=compiled Java code, j=interpreted, Vv=VM code, C=native code)
j  java.security.AccessController.getInheritedAccessControlContext()Ljava/security/AccessControlContext;+0
j  java.security.AccessControlContext.optimize()Ljava/security/AccessControlContext;+15
j  java.security.AccessController.getContext()Ljava/security/AccessControlContext;+19
j  java.lang.Thread.init(Ljava/lang/ThreadGroup;Ljava/lang/Runnable;Ljava/lang/String;J)V+135
j  java.lang.Thread.<init>()V+65
j  control.LauncherWrapper.<init>()V+1
j  launchers.KinectSkeletonLauncher.<init>()V+1
j  kinectThreads.KinectEnhacedSkeletonLauncher.<init>(I)V+1
j  launchers.KinectSkeletonLauncher.setUserId(I)V+11
j  launchers.KinectSkeletonLauncher.<init>()V+6
j  kinectThreads.KinectEnhacedSkeletonLauncher.<init>(I)V+1
j  launchers.KinectSkeletonLauncher.setUserId(I)V+11
j  launchers.KinectSkeletonLauncher.<init>()V+6
j  kinectThreads.KinectEnhacedSkeletonLauncher.<init>(I)V+1
j  launchers.KinectSkeletonLauncher.setUserId(I)V+11
j  launchers.KinectSkeletonLauncher.<init>()V+6
j  kinectThreads.KinectEnhacedSkeletonLauncher.<init>(I)V+1
j  launchers.KinectSkeletonLauncher.setUserId(I)V+11
j  launchers.KinectSkeletonLauncher.<init>()V+6
j  kinectThreads.KinectEnhacedSkeletonLauncher.<init>(I)V+1
j  launchers.KinectSkeletonLauncher.setUserId(I)V+11
j  launchers.KinectSkeletonLauncher.<init>()V+6
j  kinectThreads.KinectEnhacedSkeletonLauncher.<init>(I)V+1
j  launchers.KinectSkeletonLauncher.setUserId(I)V+11
j  launchers.KinectSkeletonLauncher.<init>()V+6
j  kinectThreads.KinectEnhacedSkeletonLauncher.<init>(I)V+1
j  launchers.KinectSkeletonLauncher.setUserId(I)V+11
j  launchers.KinectSkeletonLauncher.<init>()V+6
j  kinectThreads.KinectEnhacedSkeletonLauncher.<init>(I)V+1
j  launchers.KinectSkeletonLauncher.setUserId(I)V+11
j  launchers.KinectSkeletonLauncher.<init>()V+6
j  kinectThreads.KinectEnhacedSkeletonLauncher.<init>(I)V+1
j  launchers.KinectSkeletonLauncher.setUserId(I)V+11
j  launchers.KinectSkeletonLauncher.<init>()V+6
j  kinectThreads.KinectEnhacedSkeletonLauncher.<init>(I)V+1
j  launchers.KinectSkeletonLauncher.setUserId(I)V+11
j  launchers.KinectSkeletonLauncher.<init>()V+6
j  kinectThreads.KinectEnhacedSkeletonLauncher.<init>(I)V+1
j  launchers.KinectSkeletonLauncher.setUserId(I)V+11
j  launchers.KinectSkeletonLauncher.<init>()V+6
j  kinectThreads.KinectEnhacedSkeletonLauncher.<init>(I)V+1
j  launchers.KinectSkeletonLauncher.setUserId(I)V+11
j  launchers.KinectSkeletonLauncher.<init>()V+6
j  kinectThreads.KinectEnhacedSkeletonLauncher.<init>(I)V+1
j  launchers.KinectSkeletonLauncher.setUserId(I)V+11
j  launchers.KinectSkeletonLauncher.<init>()V+6
j  kinectThreads.KinectEnhacedSkeletonLauncher.<init>(I)V+1
j  launchers.KinectSkeletonLauncher.setUserId(I)V+11
j  launchers.KinectSkeletonLauncher.<init>()V+6
j  kinectThreads.KinectEnhacedSkeletonLauncher.<init>(I)V+1
j  launchers.KinectSkeletonLauncher.setUserId(I)V+11
j  launchers.KinectSkeletonLauncher.<init>()V+6
j  kinectThreads.KinectEnhacedSkeletonLauncher.<init>(I)V+1
j  launchers.KinectSkeletonLauncher.setUserId(I)V+11
j  launchers.KinectSkeletonLauncher.<init>()V+6
j  kinectThreads.KinectEnhacedSkeletonLauncher.<init>(I)V+1
j  launchers.KinectSkeletonLauncher.setUserId(I)V+11
j  launchers.KinectSkeletonLauncher.<init>()V+6
j  kinectThreads.KinectEnhacedSkeletonLauncher.<init>(I)V+1
j  launchers.KinectSkeletonLauncher.setUserId(I)V+11
j  launchers.KinectSkeletonLauncher.<init>()V+6
j  kinectThreads.KinectEnhacedSkeletonLauncher.<init>(I)V+1
j  launchers.KinectSkeletonLauncher.setUserId(I)V+11
j  launchers.KinectSkeletonLauncher.<init>()V+6
j  kinectThreads.KinectEnhacedSkeletonLauncher.<init>(I)V+1
j  launchers.KinectSkeletonLauncher.setUserId(I)V+11
j  launchers.KinectSkeletonLauncher.<init>()V+6
j  kinectThreads.KinectEnhacedSkeletonLauncher.<init>(I)V+1
j  launchers.KinectSkeletonLauncher.setUserId(I)V+11
j  launchers.KinectSkeletonLauncher.<init>()V+6
j  kinectThreads.KinectEnhacedSkeletonLauncher.<init>(I)V+1
j  launchers.KinectSkeletonLauncher.setUserId(I)V+11
j  launchers.KinectSkeletonLauncher.<init>()V+6
j  kinectThreads.KinectEnhacedSkeletonLauncher.<init>(I)V+1
j  launchers.KinectSkeletonLauncher.setUserId(I)V+11
j  launchers.KinectSkeletonLauncher.<init>()V+6
j  kinectThreads.KinectEnhacedSkeletonLauncher.<init>(I)V+1
j  launchers.KinectSkeletonLauncher.setUserId(I)V+11
j  launchers.KinectSkeletonLauncher.<init>()V+6
j  kinectThreads.KinectEnhacedSkeletonLauncher.<init>(I)V+1
j  launchers.KinectSkeletonLauncher.setUserId(I)V+11
j  launchers.KinectSkeletonLauncher.<init>()V+6
j  kinectThreads.KinectEnhacedSkeletonLauncher.<init>(I)V+1
j  launchers.KinectSkeletonLauncher.setUserId(I)V+11
j  launchers.KinectSkeletonLauncher.<init>()V+6
j  kinectThreads.KinectEnhacedSkeletonLauncher.<init>(I)V+1
j  launchers.KinectSkeletonLauncher.setUserId(I)V+11
j  launchers.KinectSkeletonLauncher.<init>()V+6
j  kinectThreads.KinectEnhacedSkeletonLauncher.<init>(I)V+1
j  launchers.KinectSkeletonLauncher.setUserId(I)V+11
j  launchers.KinectSkeletonLauncher.<init>()V+6
j  kinectThreads.KinectEnhacedSkeletonLauncher.<init>(I)V+1
j  launchers.KinectSkeletonLauncher.setUserId(I)V+11
j  launchers.KinectSkeletonLauncher.<init>()V+6
j  kinectThreads.KinectEnhacedSkeletonLauncher.<init>(I)V+1
j  launchers.KinectSkeletonLauncher.setUserId(I)V+11
j  launchers.KinectSkeletonLauncher.<init>()V+6
j  kinectThreads.KinectEnhacedSkeletonLauncher.<init>(I)V+1
j  launchers.KinectSkeletonLauncher.setUserId(I)V+11
j  launchers.KinectSkeletonLauncher.<init>()V+6
...<more frames>...


---------------  P R O C E S S  ---------------

Java Threads: ( => current thread )
  0x5e50e800 JavaThread "AWT-XAWT" daemon [_thread_in_native, id=3951, stack(0x5e205000,0x5e256000)]
  0x5e8c9400 JavaThread "Java2D Disposer" daemon [_thread_blocked, id=3950, stack(0x5e256000,0x5e2a7000)]
  0x71d08800 JavaThread "Thread-1" [_thread_in_native, id=3945, stack(0x6f406000,0x6f457000)]
  0x0946f000 JavaThread "Low Memory Detector" daemon [_thread_blocked, id=3933, stack(0x71fbe000,0x7200f000)]
  0x0946bc00 JavaThread "C2 CompilerThread1" daemon [_thread_blocked, id=3932, stack(0x7200f000,0x72090000)]
  0x09469c00 JavaThread "C2 CompilerThread0" daemon [_thread_blocked, id=3931, stack(0x72090000,0x72111000)]
  0x09468400 JavaThread "Signal Dispatcher" daemon [_thread_blocked, id=3930, stack(0x72111000,0x72162000)]
  0x09455800 JavaThread "Finalizer" daemon [_thread_blocked, id=3929, stack(0x724d4000,0x72525000)]
  0x09454000 JavaThread "Reference Handler" daemon [_thread_blocked, id=3928, stack(0x72525000,0x72576000)]
=>0x093cb800 JavaThread "main" [_thread_in_Java, id=3920, stack(0xb677e000,0xb67cf000)]

Other Threads:
  0x09450400 VMThread [stack: 0x72576000,0x725f7000] [id=3927]
  0x09471000 WatcherThread [stack: 0x71f3d000,0x71fbe000] [id=3934]

VM state:not at safepoint (normal execution)

VM Mutex/Monitor currently owned by a thread: None

Heap
 PSYoungGen      total 206208K, used 114099K [0xa0830000, 0xb3630000, 0xb3630000)
  eden space 103168K, 17% used [0xa0830000,0xa196ffc0,0xa6cf0000)
  from space 103040K, 93% used [0xa6cf0000,0xacb1cf70,0xad190000)
  to   space 103040K, 0% used [0xad190000,0xad190000,0xb3630000)
 PSOldGen        total 222976K, used 166073K [0x7ac30000, 0x885f0000, 0xa0830000)
  object space 222976K, 74% used [0x7ac30000,0x84e5e790,0x885f0000)
 PSPermGen       total 16384K, used 8593K [0x72c30000, 0x73c30000, 0x7ac30000)
  object space 16384K, 52% used [0x72c30000,0x73494780,0x73c30000)

Code Cache  [0xb36fb000, 0xb393b000, 0xb66fb000)
 total_blobs=417 nmethods=107 adapters=264 free_code_cache=49799872 largest_free_block=9024

Dynamic libraries:
08048000-08051000 r-xp 00000000 08:01 3029976    /usr/lib/jvm/java-6-openjdk/jre/bin/java
08051000-08052000 r--p 00008000 08:01 3029976    /usr/lib/jvm/java-6-openjdk/jre/bin/java
08052000-08053000 rw-p 00009000 08:01 3029976    /usr/lib/jvm/java-6-openjdk/jre/bin/java
093c4000-09843000 rw-p 00000000 00:00 0          [heap]
5e042000-5e10b000 r-xp 00000000 08:01 2624184    /usr/lib/fglrx/libGL.so.1.2
5e10b000-5e117000 rwxp 000c8000 08:01 2624184    /usr/lib/fglrx/libGL.so.1.2
5e117000-5e12c000 rwxp 00000000 00:00 0 
5e141000-5e162000 r-xp 00000000 08:01 2887828    /usr/lib/jvm/java-6-openjdk/jre/lib/i386/libj3dcore-ogl.so
5e162000-5e163000 rw-p 00021000 08:01 2887828    /usr/lib/jvm/java-6-openjdk/jre/lib/i386/libj3dcore-ogl.so
5e163000-5e166000 ---p 00000000 00:00 0 
5e166000-5e1b4000 rwxp 00000000 00:00 0 
5e1b4000-5e1b7000 ---p 00000000 00:00 0 
5e1b7000-5e205000 rwxp 00000000 00:00 0 
5e205000-5e208000 ---p 00000000 00:00 0 
5e208000-5e256000 rwxp 00000000 00:00 0 
5e256000-5e259000 ---p 00000000 00:00 0 
5e259000-5e2a7000 rwxp 00000000 00:00 0 
5e2a7000-5e339000 r-xp 00000000 08:01 2492008    /usr/lib/i386-linux-gnu/libfreetype.so.6.6.2
5e339000-5e33d000 r--p 00091000 08:01 2492008    /usr/lib/i386-linux-gnu/libfreetype.so.6.6.2
5e33d000-5e33e000 rw-p 00095000 08:01 2492008    /usr/lib/i386-linux-gnu/libfreetype.so.6.6.2
5e33e000-5e378000 r-xp 00000000 08:01 2886111    /usr/lib/jvm/java-6-openjdk/jre/lib/i386/libfontmanager.so
5e378000-5e379000 r--p 00039000 08:01 2886111    /usr/lib/jvm/java-6-openjdk/jre/lib/i386/libfontmanager.so
5e379000-5e37a000 rw-p 0003a000 08:01 2886111    /usr/lib/jvm/java-6-openjdk/jre/lib/i386/libfontmanager.so
5e37a000-5e4ab000 r-xp 00000000 08:01 2495602    /usr/lib/i386-linux-gnu/libX11.so.6.3.0
5e4ab000-5e4ac000 ---p 00131000 08:01 2495602    /usr/lib/i386-linux-gnu/libX11.so.6.3.0
5e4ac000-5e4ad000 r--p 00131000 08:01 2495602    /usr/lib/i386-linux-gnu/libX11.so.6.3.0
5e4ad000-5e4af000 rw-p 00132000 08:01 2495602    /usr/lib/i386-linux-gnu/libX11.so.6.3.0
5e4af000-5e4b0000 rw-p 00000000 00:00 0 
5e4b0000-5e4fc000 r-xp 00000000 08:01 3542024    /usr/lib/jvm/java-6-openjdk/jre/lib/i386/xawt/libmawt.so
5e4fc000-5e4fd000 r--p 0004b000 08:01 3542024    /usr/lib/jvm/java-6-openjdk/jre/lib/i386/xawt/libmawt.so
5e4fd000-5e4ff000 rw-p 0004c000 08:01 3542024    /usr/lib/jvm/java-6-openjdk/jre/lib/i386/xawt/libmawt.so
5e4ff000-5e500000 rw-p 00000000 00:00 0 
5e500000-5e600000 rw-p 00000000 00:00 0 
5e608000-5e611000 r-xp 00000000 08:01 2495608    /usr/lib/i386-linux-gnu/libXcursor.so.1.0.2
5e611000-5e612000 r--p 00008000 08:01 2495608    /usr/lib/i386-linux-gnu/libXcursor.so.1.0.2
5e612000-5e613000 rw-p 00009000 08:01 2495608    /usr/lib/i386-linux-gnu/libXcursor.so.1.0.2
5e613000-5e6a6000 r-xp 00000000 08:01 2886106    /usr/lib/jvm/java-6-openjdk/jre/lib/i386/libawt.so
5e6a6000-5e6a7000 r--p 00092000 08:01 2886106    /usr/lib/jvm/java-6-openjdk/jre/lib/i386/libawt.so
5e6a7000-5e6ae000 rw-p 00093000 08:01 2886106    /usr/lib/jvm/java-6-openjdk/jre/lib/i386/libawt.so
5e6ae000-5e800000 rw-p 00000000 00:00 0 
5e800000-5e8fd000 rw-p 00000000 00:00 0 
5e8fd000-5e900000 ---p 00000000 00:00 0 
5e900000-5e9ff000 rw-p 00000000 00:00 0 
5e9ff000-5ea00000 ---p 00000000 00:00 0 
5ea00000-5eafe000 rw-p 00000000 00:00 0 
5eafe000-5eb00000 ---p 00000000 00:00 0 
5eb03000-5eb07000 r-xp 00000000 08:01 2495616    /usr/lib/i386-linux-gnu/libXfixes.so.3.1.0
5eb07000-5eb08000 r--p 00003000 08:01 2495616    /usr/lib/i386-linux-gnu/libXfixes.so.3.1.0
5eb08000-5eb09000 rw-p 00004000 08:01 2495616    /usr/lib/i386-linux-gnu/libXfixes.so.3.1.0
5eb09000-5eb0a000 r--s 00000000 08:01 2627543    /var/cache/fontconfig/c05880de57d1f5e948fdfacc138775d9-le32d4.cache-3
5eb0a000-5eb10000 r--s 00000000 08:01 2627540    /var/cache/fontconfig/945677eb7aeaf62f1d50efc3fb3ec7d8-le32d4.cache-3
5eb10000-5eb12000 r--s 00000000 08:01 2627541    /var/cache/fontconfig/99e8ed0e538f840c565b6ed5dad60d56-le32d4.cache-3
5eb12000-5eb15000 r--s 00000000 08:01 2627551    /var/cache/fontconfig/e383d7ea5fbe662a33d9b44caf393297-le32d4.cache-3
5eb15000-5eb18000 r--s 00000000 08:01 2627528    /var/cache/fontconfig/2cd17615ca594fa2959ae173292e504c-le32d4.cache-3
5eb18000-5eb19000 r--s 00000000 08:01 2627552    /var/cache/fontconfig/e7071f4a29fa870f4323321c154eba04-le32d4.cache-3
5eb19000-5eb1d000 r--s 00000000 08:01 2627537    /var/cache/fontconfig/6eb3985aa4124903f6ff08ba781cd364-le32d4.cache-3
5eb1d000-5f200000 rw-p 00000000 00:00 0 
5f200000-5f300000 rw-p 00000000 00:00 0 
5f300000-5f304000 r--s 00000000 08:01 2627542    /var/cache/fontconfig/a755afe4a08bf5b97852ceb7400b47bc-le32d4.cache-3
5f304000-5f321000 r-xp 00000000 08:01 2495900    /usr/lib/i386-linux-gnu/libxcb.so.1.1.0
5f321000-5f322000 r--p 0001c000 08:01 2495900    /usr/lib/i386-linux-gnu/libxcb.so.1.1.0
5f322000-5f323000 rw-p 0001d000 08:01 2495900    /usr/lib/i386-linux-gnu/libxcb.so.1.1.0
5f323000-5f70a000 rw-p 00000000 00:00 0 
5f70a000-61800000 r--s 00000000 00:12 53375      /run/shm/3936_045e.02ae@1.6_Image
61800000-618fa000 rw-p 00000000 00:00 0 
618fa000-61900000 ---p 00000000 00:00 0 
61902000-61905000 r--s 00000000 08:01 2627548    /var/cache/fontconfig/d60319d88cac85ba9e1a07bd06cfbb8c-le32d4.cache-3
61905000-61906000 r--s 00000000 08:01 2625030    /var/cache/fontconfig/4794a0821666d79190d59a36cb4f44b5-le32d4.cache-3
61906000-61913000 r--s 00000000 08:01 2627547    /var/cache/fontconfig/d52a8644073d54c13679302ca1180695-le32d4.cache-3
61913000-61919000 r--s 00000000 08:01 2633493    /var/cache/fontconfig/153bb866d4d26e7cd19eee2129f8d8d2-le32d4.cache-3
61919000-6191b000 r--s 00000000 08:01 2622659    /var/cache/fontconfig/e13b20fdb08344e0e664864cc2ede53d-le32d4.cache-3
6191b000-6191e000 r--s 00000000 08:01 2633498    /var/cache/fontconfig/7ef2298fde41cc6eeb7af42e48b7d293-le32d4.cache-3
6191e000-61a00000 rw-p 00000000 00:00 0 
61a00000-61c00000 rw-p 00000000 00:00 0 
61c00000-61e00000 rw-p 00000000 00:00 0 
61e00000-62000000 rw-p 00000000 00:00 0 
62000000-62200000 rw-p 00000000 00:00 0 
62200000-622ff000 rw-p 00000000 00:00 0 
622ff000-62300000 ---p 00000000 00:00 0 
62300000-62400000 rw-p 00000000 00:00 0 
62400000-625ff000 rw-p 00000000 00:00 0 
625ff000-62600000 ---p 00000000 00:00 0 
62600000-62800000 rw-p 00000000 00:00 0 
62800000-62a00000 rw-p 00000000 00:00 0 
62a00000-62c00000 rw-p 00000000 00:00 0 
62c00000-62e00000 rw-p 00000000 00:00 0 
62e00000-63000000 rw-p 00000000 00:00 0 
63000000-63200000 rw-p 00000000 00:00 0 
63200000-63400000 rw-p 00000000 00:00 0 
63400000-63600000 rw-p 00000000 00:00 0 
63600000-63800000 rw-p 00000000 00:00 0 
63800000-63a00000 rw-p 00000000 00:00 0 
63a00000-63c00000 rw-p 00000000 00:00 0 
63c00000-63e00000 rw-p 00000000 00:00 0 
63e00000-64000000 rw-p 00000000 00:00 0 
64000000-64200000 rw-p 00000000 00:00 0 
64200000-64400000 rw-p 00000000 00:00 0 
64400000-64600000 rw-p 00000000 00:00 0 
64600000-64800000 rw-p 00000000 00:00 0 
64800000-64a00000 rw-p 00000000 00:00 0 
64a00000-64c00000 rw-p 00000000 00:00 0 
64c00000-64e00000 rw-p 00000000 00:00 0 
64e00000-65000000 rw-p 00000000 00:00 0 
65000000-65200000 rw-p 00000000 00:00 0 
65200000-65400000 rw-p 00000000 00:00 0 
65400000-65500000 rw-p 00000000 00:00 0 
65500000-65501000 r-xp 00000000 08:01 2886121    /usr/lib/jvm/java-6-openjdk/jre/lib/i386/libjawt.so
65501000-65502000 r--p 00000000 08:01 2886121    /usr/lib/jvm/java-6-openjdk/jre/lib/i386/libjawt.so
65502000-65503000 rw-p 00001000 08:01 2886121    /usr/lib/jvm/java-6-openjdk/jre/lib/i386/libjawt.so
65503000-6550e000 r--s 00000000 08:01 2627526    /var/cache/fontconfig/0f34bcd4b6ee430af32735b75db7f02b-le32d4.cache-3
6550e000-6b900000 rw-p 00000000 00:00 0 
6b900000-6ba00000 rw-p 00000000 00:00 0 
6ba02000-6ba03000 r--p 00000000 00:00 0 
6ba03000-6ba0a000 r--s 00000000 08:01 2622661    /var/cache/fontconfig/6d41288fd70b0be22e8c3a91e032eec0-le32d4.cache-3
6ba0a000-6ba10000 r--s 00000000 08:01 2627540    /var/cache/fontconfig/945677eb7aeaf62f1d50efc3fb3ec7d8-le32d4.cache-3
6ba10000-6ba1e000 r-xp 00000000 08:01 2495620    /usr/lib/i386-linux-gnu/libXi.so.6.1.0
6ba1e000-6ba1f000 r--p 0000d000 08:01 2495620    /usr/lib/i386-linux-gnu/libXi.so.6.1.0
6ba1f000-6ba20000 rw-p 0000e000 08:01 2495620    /usr/lib/i386-linux-gnu/libXi.so.6.1.0
6ba20000-6c400000 rw-p 00000000 00:00 0 
6c400000-6c4f7000 rw-p 00000000 00:00 0 
6c4f7000-6c500000 ---p 00000000 00:00 0 
6c500000-6c600000 rw-p 00000000 00:00 0 
6c600000-6c700000 rw-p 00000000 00:00 0 
6c700000-6c701000 r--s 00000000 08:01 2627532    /var/cache/fontconfig/4c73fe0c47614734b17d736dbde7580a-le32d4.cache-3
6c701000-6c705000 r--s 00000000 08:01 2633494    /var/cache/fontconfig/515ca1ebc4b18308bea979be5704f9db-le32d4.cache-3
6c705000-6c900000 rw-p 00000000 00:00 0 
6c900000-6cb00000 rw-p 00000000 00:00 0 
6cb00000-6cbff000 rw-p 00000000 00:00 0 
6cbff000-6cc00000 ---p 00000000 00:00 0 
6cc00000-6cc03000 r--s 00000000 08:01 2627551    /var/cache/fontconfig/e383d7ea5fbe662a33d9b44caf393297-le32d4.cache-3
6cc03000-6cc06000 r--s 00000000 08:01 2627528    /var/cache/fontconfig/2cd17615ca594fa2959ae173292e504c-le32d4.cache-3
6cc06000-6cc07000 r--s 00000000 08:01 2627552    /var/cache/fontconfig/e7071f4a29fa870f4323321c154eba04-le32d4.cache-3
6cc07000-6cc0b000 r--s 00000000 08:01 2627537    /var/cache/fontconfig/6eb3985aa4124903f6ff08ba781cd364-le32d4.cache-3
6cc0b000-6cd00000 rw-p 00000000 00:00 0 
6cd00000-6cdfa000 rw-p 00000000 00:00 0 
6cdfa000-6ce00000 ---p 00000000 00:00 0 
6ce00000-6ce01000 r--s 00000000 08:01 2627525    /var/cache/fontconfig/0d8c3b2ac0904cb8a57a757ad11a4a08-le32d4.cache-3
6ce01000-6ce03000 r--s 00000000 08:01 2627541    /var/cache/fontconfig/99e8ed0e538f840c565b6ed5dad60d56-le32d4.cache-3
6ce03000-6ce0e000 r--s 00000000 08:01 2627526    /var/cache/fontconfig/0f34bcd4b6ee430af32735b75db7f02b-le32d4.cache-3
6ce0e000-6dee3000 rw-p 00000000 00:00 0 
6dee3000-6e267000 r--s 00000000 00:12 54356      /run/shm/3936_045e.02ae@1.6_Depth
6e267000-6e2fe000 rw-p 00000000 00:00 0 
6e2fe000-6e2ff000 ---p 00000000 00:00 0 
6e2ff000-6eaff000 rwxp 00000000 00:00 0 
6eaff000-6ef00000 rw-p 00000000 00:00 0 
6ef00000-6effd000 rw-p 00000000 00:00 0 
6effd000-6f000000 ---p 00000000 00:00 0 
6f000000-6f001000 r--s 00000000 08:01 2627525    /var/cache/fontconfig/0d8c3b2ac0904cb8a57a757ad11a4a08-le32d4.cache-3
6f001000-6f002000 r--s 00000000 08:01 2627535    /var/cache/fontconfig/6a53c69dea097a2d716e069445527da8-le32d4.cache-3
6f002000-6f006000 r--s 00000000 08:01 2627542    /var/cache/fontconfig/a755afe4a08bf5b97852ceb7400b47bc-le32d4.cache-3
6f006000-6f00a000 r--s 00000000 08:01 2633494    /var/cache/fontconfig/515ca1ebc4b18308bea979be5704f9db-le32d4.cache-3
6f00a000-6f01b000 r-xp 00000000 08:01 2495614    /usr/lib/i386-linux-gnu/libXext.so.6.4.0
6f01b000-6f01c000 r--p 00010000 08:01 2495614    /usr/lib/i386-linux-gnu/libXext.so.6.4.0
6f01c000-6f01d000 rw-p 00011000 08:01 2495614    /usr/lib/i386-linux-gnu/libXext.so.6.4.0
6f01d000-6f100000 rw-p 00000000 00:00 0 
6f100000-6f1ff000 rw-p 00000000 00:00 0 
6f1ff000-6f200000 ---p 00000000 00:00 0 
6f200000-6f201000 r--s 00000000 08:01 2627535    /var/cache/fontconfig/6a53c69dea097a2d716e069445527da8-le32d4.cache-3
6f201000-6f208000 r--s 00000000 08:01 2622661    /var/cache/fontconfig/6d41288fd70b0be22e8c3a91e032eec0-le32d4.cache-3
6f208000-6f215000 r--s 00000000 08:01 2627547    /var/cache/fontconfig/d52a8644073d54c13679302ca1180695-le32d4.cache-3
6f215000-6f300000 rw-p 00000000 00:00 0 
6f300000-6f400000 rw-p 00000000 00:00 0 
6f400000-6f406000 r--s 00000000 08:01 2633493    /var/cache/fontconfig/153bb866d4d26e7cd19eee2129f8d8d2-le32d4.cache-3
6f406000-6f409000 ---p 00000000 00:00 0 
6f409000-6f457000 rwxp 00000000 00:00 0 
6f457000-6f700000 rw-p 00000000 00:00 0 
6f700000-6f8ff000 rw-p 00000000 00:00 0 
6f8ff000-6f900000 ---p 00000000 00:00 0 
6f900000-6f9f9000 rw-p 00000000 00:00 0 
6f9f9000-6fa00000 ---p 00000000 00:00 0 
6fa00000-6fb00000 rw-p 00000000 00:00 0 
6fb00000-6fc00000 rw-p 00000000 00:00 0 
6fc00000-6fc01000 r--s 00000000 08:01 2627543    /var/cache/fontconfig/c05880de57d1f5e948fdfacc138775d9-le32d4.cache-3
6fc01000-6fc02000 r--s 00000000 08:01 2627532    /var/cache/fontconfig/4c73fe0c47614734b17d736dbde7580a-le32d4.cache-3
6fc02000-6fc07000 r-xp 00000000 08:01 2495612    /usr/lib/i386-linux-gnu/libXdmcp.so.6.0.0
6fc07000-6fc08000 r--p 00004000 08:01 2495612    /usr/lib/i386-linux-gnu/libXdmcp.so.6.0.0
6fc08000-6fc09000 rw-p 00005000 08:01 2495612    /usr/lib/i386-linux-gnu/libXdmcp.so.6.0.0
6fc09000-6fc78000 rw-p 00000000 00:00 0 
6fc78000-6fffc000 r--s 00000000 00:12 54356      /run/shm/3936_045e.02ae@1.6_Depth
6fffc000-70093000 rw-p 00000000 00:00 0 
70093000-70094000 ---p 00000000 00:00 0 
70094000-70894000 rwxp 00000000 00:00 0 
70894000-70c95000 rw-p 00000000 00:00 0 
70c95000-70d21000 r-xp 00000000 08:01 2504881    /usr/lib/libXnDeviceSensorV2KM.so
70d21000-70d2a000 r--p 0008b000 08:01 2504881    /usr/lib/libXnDeviceSensorV2KM.so
70d2a000-70d2b000 rw-p 00094000 08:01 2504881    /usr/lib/libXnDeviceSensorV2KM.so
70d2b000-70d57000 r-xp 00000000 08:01 2504355    /usr/lib/libXnDeviceFile.so
70d57000-70d58000 ---p 0002c000 08:01 2504355    /usr/lib/libXnDeviceFile.so
70d58000-70d59000 r--p 0002c000 08:01 2504355    /usr/lib/libXnDeviceFile.so
70d59000-70d5a000 rw-p 0002d000 08:01 2504355    /usr/lib/libXnDeviceFile.so
70d5a000-70dac000 r-xp 00000000 08:01 2504354    /usr/lib/libXnDDK.so
70dac000-70dad000 ---p 00052000 08:01 2504354    /usr/lib/libXnDDK.so
70dad000-70daf000 r--p 00052000 08:01 2504354    /usr/lib/libXnDDK.so
70daf000-70db0000 rw-p 00054000 08:01 2504354    /usr/lib/libXnDDK.so
70db0000-70dd3000 r-xp 00000000 08:01 2504357    /usr/lib/libXnFormats.so
70dd3000-70dd4000 r--p 00022000 08:01 2504357    /usr/lib/libXnFormats.so
70dd4000-70dd5000 rw-p 00023000 08:01 2504357    /usr/lib/libXnFormats.so
70dd5000-70df5000 rw-p 00000000 00:00 0 
70df5000-70e8e000 r-xp 00000000 08:01 2504356    /usr/lib/libXnDeviceSensorV2.so
70e8e000-70e97000 r--p 00098000 08:01 2504356    /usr/lib/libXnDeviceSensorV2.so
70e97000-70e98000 rw-p 000a1000 08:01 2504356    /usr/lib/libXnDeviceSensorV2.so
70e98000-70f7b000 r-xp 00000000 08:01 2504285    /usr/lib/libXnVHandGenerator_1_5_2.so
70f7b000-70f7e000 r--p 000e3000 08:01 2504285    /usr/lib/libXnVHandGenerator_1_5_2.so
70f7e000-70f7f000 rw-p 000e6000 08:01 2504285    /usr/lib/libXnVHandGenerator_1_5_2.so
70f7f000-70f8b000 rw-p 00000000 00:00 0 
70f8b000-71060000 r-xp 00000000 08:01 2504282    /usr/lib/libXnVHandGenerator_1_4_2.so
71060000-71061000 ---p 000d5000 08:01 2504282    /usr/lib/libXnVHandGenerator_1_4_2.so
71061000-71063000 r--p 000d5000 08:01 2504282    /usr/lib/libXnVHandGenerator_1_4_2.so
71063000-71064000 rw-p 000d7000 08:01 2504282    /usr/lib/libXnVHandGenerator_1_4_2.so
71064000-71066000 rw-p 00000000 00:00 0 
71066000-7113a000 r-xp 00000000 08:01 2504279    /usr/lib/libXnVHandGenerator_1_4_1.so
7113a000-7113b000 ---p 000d4000 08:01 2504279    /usr/lib/libXnVHandGenerator_1_4_1.so
7113b000-7113d000 r--p 000d4000 08:01 2504279    /usr/lib/libXnVHandGenerator_1_4_1.so
7113d000-7113e000 rw-p 000d6000 08:01 2504279    /usr/lib/libXnVHandGenerator_1_4_1.so
7113e000-71140000 rw-p 00000000 00:00 0 
71140000-7121e000 r-xp 00000000 08:01 2504275    /usr/lib/libXnVHandGenerator_1_3_1.so
7121e000-71221000 r--p 000dd000 08:01 2504275    /usr/lib/libXnVHandGenerator_1_3_1.so
71221000-71222000 rw-p 000e0000 08:01 2504275    /usr/lib/libXnVHandGenerator_1_3_1.so
71222000-71224000 rw-p 00000000 00:00 0 
71224000-71625000 r-xp 00000000 08:01 2504268    /usr/lib/libXnVFeatures_1_5_2.so
71625000-71626000 ---p 00401000 08:01 2504268    /usr/lib/libXnVFeatures_1_5_2.so
71626000-7162e000 r--p 00401000 08:01 2504268    /usr/lib/libXnVFeatures_1_5_2.so
7162e000-7162f000 rw-p 00409000 08:01 2504268    /usr/lib/libXnVFeatures_1_5_2.so
7162f000-71643000 rw-p 00000000 00:00 0 
71643000-7182a000 r-xp 00000000 08:01 2504257    /usr/lib/libXnVFeatures_1_4_2.so
7182a000-7182d000 r--p 001e6000 08:01 2504257    /usr/lib/libXnVFeatures_1_4_2.so
7182d000-7182e000 rw-p 001e9000 08:01 2504257    /usr/lib/libXnVFeatures_1_4_2.so
7182e000-71833000 rw-p 00000000 00:00 0 
71833000-71a1a000 r-xp 00000000 08:01 2504252    /usr/lib/libXnVFeatures_1_4_1.so
71a1a000-71a1d000 r--p 001e6000 08:01 2504252    /usr/lib/libXnVFeatures_1_4_1.so
71a1d000-71a1e000 rw-p 001e9000 08:01 2504252    /usr/lib/libXnVFeatures_1_4_1.so
71a1e000-71a23000 rw-p 00000000 00:00 0 
71a23000-71c41000 r-xp 00000000 08:01 2504247    /usr/lib/libXnVFeatures_1_3_1.so
71c41000-71c42000 ---p 0021e000 08:01 2504247    /usr/lib/libXnVFeatures_1_3_1.so
71c42000-71c45000 r--p 0021e000 08:01 2504247    /usr/lib/libXnVFeatures_1_3_1.so
71c45000-71c46000 rw-p 00221000 08:01 2504247    /usr/lib/libXnVFeatures_1_3_1.so
71c46000-71c4b000 rw-p 00000000 00:00 0 
71c4b000-71c6e000 r-xp 00000000 08:01 2503957    /usr/lib/libnimRecorder.so
71c6e000-71c6f000 r--p 00023000 08:01 2503957    /usr/lib/libnimRecorder.so
71c6f000-71c70000 rw-p 00024000 08:01 2503957    /usr/lib/libnimRecorder.so
71c70000-71ca4000 r-xp 00000000 08:01 2503954    /usr/lib/libnimCodecs.so
71ca4000-71ca5000 ---p 00034000 08:01 2503954    /usr/lib/libnimCodecs.so
71ca5000-71ca7000 r--p 00034000 08:01 2503954    /usr/lib/libnimCodecs.so
71ca7000-71ca8000 rw-p 00036000 08:01 2503954    /usr/lib/libnimCodecs.so
71ca8000-71cc8000 rw-p 00000000 00:00 0 
71cc8000-71cf9000 r-xp 00000000 08:01 2503956    /usr/lib/libnimMockNodes.so
71cf9000-71cff000 r--p 00031000 08:01 2503956    /usr/lib/libnimMockNodes.so
71cff000-71d00000 rw-p 00037000 08:01 2503956    /usr/lib/libnimMockNodes.so
71d00000-71dfa000 rw-p 00000000 00:00 0 
71dfa000-71e00000 ---p 00000000 00:00 0 
71e00000-71e03000 r--s 00000000 08:01 2627548    /var/cache/fontconfig/d60319d88cac85ba9e1a07bd06cfbb8c-le32d4.cache-3
71e03000-71e04000 r--s 00000000 08:01 2625030    /var/cache/fontconfig/4794a0821666d79190d59a36cb4f44b5-le32d4.cache-3
71e04000-71e06000 r--s 00000000 08:01 2622659    /var/cache/fontconfig/e13b20fdb08344e0e664864cc2ede53d-le32d4.cache-3
71e06000-71e08000 r-xp 00000000 08:01 2495604    /usr/lib/i386-linux-gnu/libXau.so.6.0.0
71e08000-71e09000 r--p 00001000 08:01 2495604    /usr/lib/i386-linux-gnu/libXau.so.6.0.0
71e09000-71e0a000 rw-p 00002000 08:01 2495604    /usr/lib/i386-linux-gnu/libXau.so.6.0.0
71e0a000-71e0f000 r-xp 00000000 08:01 2493164    /usr/lib/libXtst.so.6.1.0
71e0f000-71e10000 r--p 00004000 08:01 2493164    /usr/lib/libXtst.so.6.1.0
71e10000-71e11000 rw-p 00005000 08:01 2493164    /usr/lib/libXtst.so.6.1.0
71e11000-71e14000 r-xp 00000000 08:01 2504353    /usr/lib/libXnCore.so
71e14000-71e15000 r--p 00002000 08:01 2504353    /usr/lib/libXnCore.so
71e15000-71e16000 rw-p 00003000 08:01 2504353    /usr/lib/libXnCore.so
71e16000-71e23000 r-xp 00000000 08:01 1704944    /lib/i386-linux-gnu/libusb-1.0.so.0.0.0
71e23000-71e24000 r--p 0000c000 08:01 1704944    /lib/i386-linux-gnu/libusb-1.0.so.0.0.0
71e24000-71e25000 rw-p 0000d000 08:01 1704944    /lib/i386-linux-gnu/libusb-1.0.so.0.0.0
71e25000-71ea2000 r-xp 00000000 08:01 2503960    /usr/lib/libOpenNI.so
71ea2000-71ea4000 r--p 0007c000 08:01 2503960    /usr/lib/libOpenNI.so
71ea4000-71ea6000 rw-p 0007e000 08:01 2503960    /usr/lib/libOpenNI.so
71ea6000-71ec4000 r-xp 00000000 08:01 2503959    /usr/lib/libOpenNI.jni.so
71ec4000-71ec5000 r--p 0001d000 08:01 2503959    /usr/lib/libOpenNI.jni.so
71ec5000-71ec7000 rw-p 0001e000 08:01 2503959    /usr/lib/libOpenNI.jni.so
71ec7000-71ecc000 r-xp 00000000 08:01 2513317    /usr/lib/libusbpp-0.1.so.4.4.4
71ecc000-71ecd000 r--p 00004000 08:01 2513317    /usr/lib/libusbpp-0.1.so.4.4.4
71ecd000-71ece000 rw-p 00005000 08:01 2513317    /usr/lib/libusbpp-0.1.so.4.4.4
71ece000-71ed5000 r-xp 00000000 08:01 1704036    /lib/libusb-0.1.so.4.4.4
71ed5000-71ed6000 r--p 00006000 08:01 1704036    /lib/libusb-0.1.so.4.4.4
71ed6000-71ed7000 rw-p 00007000 08:01 1704036    /lib/libusb-0.1.so.4.4.4
71ed7000-71ed8000 rw-p 00000000 00:00 0 
71ed8000-71edb000 r--s 00000000 08:01 2633498    /var/cache/fontconfig/7ef2298fde41cc6eeb7af42e48b7d293-le32d4.cache-3
71edb000-71ee4000 r-xp 00000000 08:01 2495626    /usr/lib/i386-linux-gnu/libXrender.so.1.3.0
71ee4000-71ee5000 r--p 00008000 08:01 2495626    /usr/lib/i386-linux-gnu/libXrender.so.1.3.0
71ee5000-71ee6000 rw-p 00009000 08:01 2495626    /usr/lib/i386-linux-gnu/libXrender.so.1.3.0
71ee6000-71eed000 r--s 000fb000 08:01 2896159    /usr/lib/jvm/java-6-openjdk/jre/lib/resources.jar
71eed000-71ef5000 r-xp 00000000 08:01 269300     /usr/lib/libusbJava.so.0.2.4
71ef5000-71ef6000 rw-p 00007000 08:01 269300     /usr/lib/libusbJava.so.0.2.4
71ef6000-71f14000 r--s 0024d000 08:01 272520     /home/norut/workspace/CommModule3.0/lib/KinectLibrary.jar
71f14000-71f16000 r--s 0004c000 08:01 270165     /home/norut/workspace/CommModule3.0/lib/vecmath.jar
71f16000-71f1a000 r--s 0001b000 08:01 270164     /home/norut/workspace/CommModule3.0/lib/org.OpenNI.jar
71f1a000-71f28000 r--s 00193000 08:01 270161     /home/norut/workspace/CommModule3.0/lib/j3dutils.jar
71f28000-71f34000 r--s 002c7000 08:01 270151     /home/norut/workspace/CommModule3.0/lib/j3dcore.jar
71f34000-71f38000 r--s 000fc000 08:01 268885     /home/norut/workspace/CommModule3.0/lib/NoninLibrary.jar
71f38000-71f3d000 r--s 0009b000 08:01 268849     /home/norut/workspace/CommModule3.0/lib/WiiboardSimple2.0.jar
71f3d000-71f3e000 ---p 00000000 00:00 0 
71f3e000-7200f000 rwxp 00000000 00:00 0 
7200f000-72010000 ---p 00000000 00:00 0 
72010000-72090000 rwxp 00000000 00:00 0 
72090000-72091000 ---p 00000000 00:00 0 
72091000-72162000 rwxp 00000000 00:00 0 
72162000-72163000 r--p 006a5000 08:01 2497487    /usr/lib/locale/locale-archive
72163000-72294000 r--p 0043d000 08:01 2497487    /usr/lib/locale/locale-archive
72294000-722d4000 r--p 002bd000 08:01 2497487    /usr/lib/locale/locale-archive
722d4000-724d4000 r--p 00000000 08:01 2497487    /usr/lib/locale/locale-archive
724d4000-72576000 rwxp 00000000 00:00 0 
72576000-72577000 ---p 00000000 00:00 0 
72577000-725f7000 rwxp 00000000 00:00 0 
725f7000-7262a000 rw-p 00000000 00:00 0 
7262a000-727ba000 r--s 037ba000 08:01 2886099    /usr/lib/jvm/java-6-openjdk/jre/lib/rt.jar
727ba000-727bb000 ---p 00000000 00:00 0 
727bb000-7283b000 rwxp 00000000 00:00 0 
7283b000-7283c000 ---p 00000000 00:00 0 
7283c000-728bc000 rwxp 00000000 00:00 0 
728bc000-728c4000 rw-p 00000000 00:00 0 
728c4000-728fc000 rw-p 00000000 00:00 0 
728fc000-72969000 rw-p 00000000 00:00 0 
72969000-72a2a000 rw-p 00000000 00:00 0 
72a2a000-72a32000 rw-p 00000000 00:00 0 
72a32000-72a6a000 rw-p 00000000 00:00 0 
72a6a000-72ad7000 rw-p 00000000 00:00 0 
72ad7000-72b98000 rw-p 00000000 00:00 0 
72b98000-72c2f000 rw-p 00000000 00:00 0 
72c2f000-73c30000 rw-p 00000000 00:00 0 
73c30000-7ac30000 rw-p 00000000 00:00 0 
7ac30000-885f0000 rw-p 00000000 00:00 0 
885f0000-a0830000 rw-p 00000000 00:00 0 
a0830000-b3630000 rw-p 00000000 00:00 0 
b3630000-b3633000 r--s 00012000 08:01 268892     /home/norut/workspace/CommModule3.0/lib/IRGlanceLibrary.jar
b3633000-b363b000 r--s 00066000 08:01 2895241    /usr/share/java/gnome-java-bridge.jar
b363b000-b3644000 rw-p 00000000 00:00 0 
b3644000-b36fb000 rw-p 00000000 00:00 0 
b36fb000-b393b000 rwxp 00000000 00:00 0 
b393b000-b66fb000 rw-p 00000000 00:00 0 
b66fb000-b6706000 r-xp 00000000 08:01 1713725    /lib/i386-linux-gnu/libnss_files-2.13.so
b6706000-b6707000 r--p 0000a000 08:01 1713725    /lib/i386-linux-gnu/libnss_files-2.13.so
b6707000-b6708000 rw-p 0000b000 08:01 1713725    /lib/i386-linux-gnu/libnss_files-2.13.so
b6708000-b6712000 r-xp 00000000 08:01 1713727    /lib/i386-linux-gnu/libnss_nis-2.13.so
b6712000-b6713000 r--p 00009000 08:01 1713727    /lib/i386-linux-gnu/libnss_nis-2.13.so
b6713000-b6714000 rw-p 0000a000 08:01 1713727    /lib/i386-linux-gnu/libnss_nis-2.13.so
b6714000-b6729000 r-xp 00000000 08:01 1713722    /lib/i386-linux-gnu/libnsl-2.13.so
b6729000-b672a000 r--p 00015000 08:01 1713722    /lib/i386-linux-gnu/libnsl-2.13.so
b672a000-b672b000 rw-p 00016000 08:01 1713722    /lib/i386-linux-gnu/libnsl-2.13.so
b672b000-b672d000 rw-p 00000000 00:00 0 
b672d000-b6735000 r-xp 00000000 08:01 1713723    /lib/i386-linux-gnu/libnss_compat-2.13.so
b6735000-b6736000 r--p 00007000 08:01 1713723    /lib/i386-linux-gnu/libnss_compat-2.13.so
b6736000-b6737000 rw-p 00008000 08:01 1713723    /lib/i386-linux-gnu/libnss_compat-2.13.so
b6737000-b6738000 rw-s 00000000 00:12 54368      /run/shm/045e.02ae@1.6-SM (deleted)
b6738000-b673b000 r--s 00011000 08:01 269114     /home/norut/workspace/CommModule3.0/lib/wii-gee-plugin-wiimote-android_fat.jar
b673b000-b6742000 r-xp 00000000 08:01 2896164    /usr/lib/jvm/java-6-openjdk/jre/lib/i386/libzip.so
b6742000-b6743000 r--p 00006000 08:01 2896164    /usr/lib/jvm/java-6-openjdk/jre/lib/i386/libzip.so
b6743000-b6744000 rw-p 00007000 08:01 2896164    /usr/lib/jvm/java-6-openjdk/jre/lib/i386/libzip.so
b6744000-b674c000 rw-s 00000000 08:01 1582316    /tmp/hsperfdata_root/3919
b674c000-b6772000 r-xp 00000000 08:01 2886119    /usr/lib/jvm/java-6-openjdk/jre/lib/i386/libjava.so
b6772000-b6773000 r--p 00025000 08:01 2886119    /usr/lib/jvm/java-6-openjdk/jre/lib/i386/libjava.so
b6773000-b6775000 rw-p 00026000 08:01 2886119    /usr/lib/jvm/java-6-openjdk/jre/lib/i386/libjava.so
b6775000-b677c000 r-xp 00000000 08:01 1713732    /lib/i386-linux-gnu/librt-2.13.so
b677c000-b677d000 r--p 00006000 08:01 1713732    /lib/i386-linux-gnu/librt-2.13.so
b677d000-b677e000 rw-p 00007000 08:01 1713732    /lib/i386-linux-gnu/librt-2.13.so
b677e000-b677f000 rw-p 00000000 00:00 0 
b677f000-b67cf000 rwxp 00000000 00:00 0 
b67cf000-b67eb000 r-xp 00000000 08:01 1704890    /lib/i386-linux-gnu/libgcc_s.so.1
b67eb000-b67ec000 r--p 0001b000 08:01 1704890    /lib/i386-linux-gnu/libgcc_s.so.1
b67ec000-b67ed000 rw-p 0001c000 08:01 1704890    /lib/i386-linux-gnu/libgcc_s.so.1
b67ed000-b6815000 r-xp 00000000 08:01 1713720    /lib/i386-linux-gnu/libm-2.13.so
b6815000-b6816000 r--p 00028000 08:01 1713720    /lib/i386-linux-gnu/libm-2.13.so
b6816000-b6817000 rw-p 00029000 08:01 1713720    /lib/i386-linux-gnu/libm-2.13.so
b6817000-b68f5000 r-xp 00000000 08:01 2495867    /usr/lib/i386-linux-gnu/libstdc++.so.6.0.16
b68f5000-b68f6000 ---p 000de000 08:01 2495867    /usr/lib/i386-linux-gnu/libstdc++.so.6.0.16
b68f6000-b68fa000 r--p 000de000 08:01 2495867    /usr/lib/i386-linux-gnu/libstdc++.so.6.0.16
b68fa000-b68fb000 rw-p 000e2000 08:01 2495867    /usr/lib/i386-linux-gnu/libstdc++.so.6.0.16
b68fb000-b6902000 rw-p 00000000 00:00 0 
b6902000-b7120000 r-xp 00000000 08:01 3028099    /usr/lib/jvm/java-6-openjdk/jre/lib/i386/server/libjvm.so
b7120000-b7165000 r--p 0081e000 08:01 3028099    /usr/lib/jvm/java-6-openjdk/jre/lib/i386/server/libjvm.so
b7165000-b7174000 rw-p 00863000 08:01 3028099    /usr/lib/jvm/java-6-openjdk/jre/lib/i386/server/libjvm.so
b7174000-b7590000 rw-p 00000000 00:00 0 
b7590000-b75a3000 r-xp 00000000 08:01 1704952    /lib/i386-linux-gnu/libz.so.1.2.3.4
b75a3000-b75a4000 r--p 00012000 08:01 1704952    /lib/i386-linux-gnu/libz.so.1.2.3.4
b75a4000-b75a5000 rw-p 00013000 08:01 1704952    /lib/i386-linux-gnu/libz.so.1.2.3.4
b75a5000-b771d000 r-xp 00000000 08:01 1713716    /lib/i386-linux-gnu/libc-2.13.so
b771d000-b771f000 r--p 00178000 08:01 1713716    /lib/i386-linux-gnu/libc-2.13.so
b771f000-b7720000 rw-p 0017a000 08:01 1713716    /lib/i386-linux-gnu/libc-2.13.so
b7720000-b7723000 rw-p 00000000 00:00 0 
b7723000-b7726000 r-xp 00000000 08:01 1713719    /lib/i386-linux-gnu/libdl-2.13.so
b7726000-b7727000 r--p 00002000 08:01 1713719    /lib/i386-linux-gnu/libdl-2.13.so
b7727000-b7728000 rw-p 00003000 08:01 1713719    /lib/i386-linux-gnu/libdl-2.13.so
b7728000-b772c000 r-xp 00000000 08:01 2886103    /usr/lib/jvm/java-6-openjdk/jre/lib/i386/jli/libjli.so
b772c000-b772d000 r--p 00003000 08:01 2886103    /usr/lib/jvm/java-6-openjdk/jre/lib/i386/jli/libjli.so
b772d000-b772e000 rw-p 00004000 08:01 2886103    /usr/lib/jvm/java-6-openjdk/jre/lib/i386/jli/libjli.so
b772e000-b772f000 rw-p 00000000 00:00 0 
b772f000-b7746000 r-xp 00000000 08:01 1713730    /lib/i386-linux-gnu/libpthread-2.13.so
b7746000-b7747000 r--p 00016000 08:01 1713730    /lib/i386-linux-gnu/libpthread-2.13.so
b7747000-b7748000 rw-p 00017000 08:01 1713730    /lib/i386-linux-gnu/libpthread-2.13.so
b7748000-b774a000 rw-p 00000000 00:00 0 
b774a000-b774d000 r--s 0007d000 08:01 2896155    /usr/lib/jvm/java-6-openjdk/jre/lib/jsse.jar
b774d000-b774f000 r--s 0000f000 08:01 2896143    /usr/lib/jvm/java-6-openjdk/jre/lib/ext/pulse-java.jar
b774f000-b7750000 rw-p 00000000 00:00 0 
b7750000-b7751000 r--p 00000000 00:00 0 
b7751000-b775c000 r-xp 00000000 08:01 2886139    /usr/lib/jvm/java-6-openjdk/jre/lib/i386/libverify.so
b775c000-b775d000 ---p 0000b000 08:01 2886139    /usr/lib/jvm/java-6-openjdk/jre/lib/i386/libverify.so
b775d000-b775e000 r--p 0000b000 08:01 2886139    /usr/lib/jvm/java-6-openjdk/jre/lib/i386/libverify.so
b775e000-b775f000 rw-p 0000c000 08:01 2886139    /usr/lib/jvm/java-6-openjdk/jre/lib/i386/libverify.so
b775f000-b7761000 rw-p 00000000 00:00 0 
b7761000-b7762000 r-xp 00000000 00:00 0          [vdso]
b7762000-b7780000 r-xp 00000000 08:01 1713713    /lib/i386-linux-gnu/ld-2.13.so
b7780000-b7781000 r--p 0001d000 08:01 1713713    /lib/i386-linux-gnu/ld-2.13.so
b7781000-b7782000 rw-p 0001e000 08:01 1713713    /lib/i386-linux-gnu/ld-2.13.so
bfe46000-bfe66000 rwxp 00000000 00:00 0          [stack]
bfe66000-bfe67000 rw-p 00000000 00:00 0 

VM Arguments:
jvm_args: -Dfile.encoding=UTF-8 
java_command: test.TestGrande
Launcher Type: SUN_STANDARD

Environment Variables:
PATH=/usr/local/sbin:/usr/local/bin:/usr/sbin:/usr/bin:/sbin:/bin:/usr/X11R6/bin
USERNAME=root
LD_LIBRARY_PATH=/usr/lib/jvm/java-6-openjdk/jre/lib/i386/server:/usr/lib/jvm/java-6-openjdk/jre/lib/i386:/usr/lib/jvm/java-6-openjdk/jre/../lib/i386:/usr/lib/jvm/java-6-openjdk/jre/lib/i386/client:/usr/lib/jvm/java-6-openjdk/jre/lib/i386:
SHELL=/bin/bash
DISPLAY=:0.0

Signal Handlers:
SIGSEGV: [libjvm.so+0x66a530], sa_mask[0]=0x7ffbfeff, sa_flags=0x10000004
SIGBUS: [libjvm.so+0x66a530], sa_mask[0]=0x7ffbfeff, sa_flags=0x10000004
SIGFPE: [libjvm.so+0x52e2c0], sa_mask[0]=0x7ffbfeff, sa_flags=0x10000004
SIGPIPE: [libjvm.so+0x52e2c0], sa_mask[0]=0x7ffbfeff, sa_flags=0x10000004
SIGXFSZ: [libjvm.so+0x52e2c0], sa_mask[0]=0x7ffbfeff, sa_flags=0x10000004
SIGILL: [libjvm.so+0x52e2c0], sa_mask[0]=0x7ffbfeff, sa_flags=0x10000004
SIGUSR1: SIG_DFL, sa_mask[0]=0x00000000, sa_flags=0x00000000
SIGUSR2: [libjvm.so+0x52e150], sa_mask[0]=0x00000004, sa_flags=0x10000004
SIGHUP: [libjvm.so+0x5311f0], sa_mask[0]=0x7ffbfeff, sa_flags=0x10000004
SIGINT: [libjvm.so+0x5311f0], sa_mask[0]=0x7ffbfeff, sa_flags=0x10000004
SIGTERM: [libjvm.so+0x5311f0], sa_mask[0]=0x7ffbfeff, sa_flags=0x10000004
SIGQUIT: [libjvm.so+0x5311f0], sa_mask[0]=0x7ffbfeff, sa_flags=0x10000004


---------------  S Y S T E M  ---------------

OS:Ubuntu 11.10 (oneiric)
uname:Linux 3.0.0-17-generic-pae #30-Ubuntu SMP Thu Mar 8 17:53:35 UTC 2012 i686
libc:glibc 2.13 NPTL 2.13 
rlimit: STACK 8192k, CORE 0k, NPROC 28837, NOFILE 4096, AS infinity
load average:1.35 0.51 0.22

/proc/meminfo:
MemTotal:        3705196 kB
MemFree:          637088 kB
Buffers:          338468 kB
Cached:          1044580 kB
SwapCached:            0 kB
Active:          2046788 kB
Inactive:         797684 kB
Active(anon):    1462468 kB
Inactive(anon):    11156 kB
Active(file):     584320 kB
Inactive(file):   786528 kB
Unevictable:          60 kB
Mlocked:              60 kB
HighTotal:       2866716 kB
HighFree:         253788 kB
LowTotal:         838480 kB
LowFree:          383300 kB
SwapTotal:       3778556 kB
SwapFree:        3778556 kB
Dirty:               240 kB
Writeback:             0 kB
AnonPages:       1461560 kB
Mapped:           215208 kB
Shmem:             12204 kB
Slab:              80548 kB
SReclaimable:      65528 kB
SUnreclaim:        15020 kB
KernelStack:        3352 kB
PageTables:        10608 kB
NFS_Unstable:          0 kB
Bounce:                0 kB
WritebackTmp:          0 kB
CommitLimit:     5631152 kB
Committed_AS:    3168616 kB
VmallocTotal:     122880 kB
VmallocUsed:       45968 kB
VmallocChunk:      73112 kB
HardwareCorrupted:     0 kB
AnonHugePages:         0 kB
HugePages_Total:       0
HugePages_Free:        0
HugePages_Rsvd:        0
HugePages_Surp:        0
Hugepagesize:       2048 kB
DirectMap4k:       10232 kB
DirectMap2M:      903168 kB


CPU:total 2 (2 cores per cpu, 1 threads per core) family 20 model 1 stepping 0, cmov, cx8, fxsr, mmx, sse, sse2, sse3, ssse3, popcnt, mmxext, lzcnt, sse4a

Memory: 4k page, physical 3705196k(637088k free), swap 3778556k(3778556k free)

vm_info: OpenJDK Server VM (20.0-b11) for linux-x86 JRE (1.6.0_23-b23), built on Feb 23 2012 06:26:43 by "buildd" with gcc 4.6.1

time: Tue Apr 17 09:24:43 2012
elapsed time: 34 seconds

