#
# A fatal error has been detected by the Java Runtime Environment:
#
#  SIGSEGV (0xb) at pc=0x712a5ddd, pid=2720, tid=3061992304
#
# JRE version: 6.0_23-b23
# Java VM: OpenJDK Server VM (20.0-b11 mixed mode linux-x86 )
# Derivative: IcedTea6 1.11pre
# Distribution: Ubuntu 11.10, package 6b23~pre11-0ubuntu1.11.10.2
# Problematic frame:
# C  [libXnVFeatures_1_5_2.so+0x39ddd]  XnVSkeletonGenerator::IsCalibrated(unsigned int)+0x2d
#
# If you would like to submit a bug report, please include
# instructions how to reproduce the bug and visit:
#   https://bugs.launchpad.net/ubuntu/+source/openjdk-6/
# The crash happened outside the Java Virtual Machine in native code.
# See problematic frame for where to report the bug.
#

---------------  T H R E A D  ---------------

Current thread (0x0980a800):  JavaThread "main" [_thread_in_native, id=2723, stack(0xb67d4000,0xb6825000)]

siginfo:si_signo=SIGSEGV: si_errno=0, si_code=1 (SEGV_MAPERR), si_addr=0x6574c0c0

Registers:
EAX=0x6571c008, EBX=0x71675ff4, ECX=0x00000001, EDX=0x00000000
ESP=0xb6823f40, EBP=0xb6823f58, ESI=0xb6823fdc, EDI=0x0980a800
EIP=0x712a5ddd, EFLAGS=0x00210202, CR2=0x6574c0c0

Top of Stack: (sp=0xb6823f40)
0xb6823f40:   6c5b72b0 00000001 00000000 00000000
0xb6823f50:   b6823fdc 71675ff4 b6823f78 712912c1
0xb6823f60:   6c5b7268 00000001 7166e698 ffffffff
0xb6823f70:   71de8a59 71df6ff4 b6823f98 71d85f82
0xb6823f80:   6c5b7268 00000001 6be2c948 00000000
0xb6823f90:   a424bc10 0980a800 b6823fb8 71de6a44
0xb6823fa0:   6be2c948 00000001 7afd5ab0 a424bc10
0xb6823fb0:   6be2c948 00000000 b6823fe8 b37a2570 

Instructions: (pc=0x712a5ddd)
0x712a5dbd:   fe ff 81 c3 35 02 3d 00 89 44 24 04 8b 45 08 83
0x712a5dcd:   c0 48 89 04 24 e8 49 37 16 00 31 d2 85 c0 74 13
0x712a5ddd:   80 b8 b8 00 03 00 00 74 12 0f b6 90 fc 18 02 00
0x712a5ded:   0f b6 d2 83 c4 14 89 d0 5b 5d c3 0f b6 90 18 4e 

Register to memory mapping:

EAX=0x6571c008 is an unknown value
EBX=0x71675ff4: <offset 0x409ff4> in /usr/lib/libXnVFeatures_1_5_2.so at 0x7126c000
ECX=0x00000001 is an unknown value
EDX=0x00000000 is an unknown value
ESP=0xb6823f40 is pointing into the stack for thread: 0x0980a800
EBP=0xb6823f58 is pointing into the stack for thread: 0x0980a800
ESI=0xb6823fdc is pointing into the stack for thread: 0x0980a800
EDI=0x0980a800 is a thread


Stack: [0xb67d4000,0xb6825000],  sp=0xb6823f40,  free space=319k
Native frames: (J=compiled Java code, j=interpreted, Vv=VM code, C=native code)
C  [libXnVFeatures_1_5_2.so+0x39ddd]  XnVSkeletonGenerator::IsCalibrated(unsigned int)+0x2d
C  [libXnVFeatures_1_5_2.so+0x252c1]  __ModuleIsSkeletonCalibrated(void*, unsigned int)+0x61
C  [libOpenNI.so+0x2ef82]  xnIsSkeletonCalibrated+0x42
C  [libOpenNI.jni.so+0xea44]  Java_org_OpenNI_NativeMethods_xnIsSkeletonCalibrated+0x24
J  org.OpenNI.NativeMethods.xnIsSkeletonCalibrated(JI)Z

Java frames: (J=compiled Java code, j=interpreted, Vv=VM code)
J  org.OpenNI.NativeMethods.xnIsSkeletonCalibrated(JI)Z
J  control.DeviceManager.waitForUserIsCalibrated(I)V
j  control.DeviceManager.getKinectSkeletonLauncher(I)Llaunchers/KinectSkeletonLauncher;+39
j  test.TestGrande.<init>()V+38
j  test.TestGrande.main([Ljava/lang/String;)V+11
v  ~StubRoutines::call_stub

---------------  P R O C E S S  ---------------

Java Threads: ( => current thread )
  0x61ac7800 JavaThread "Thread-1" [_thread_in_native, id=2746, stack(0x6574d000,0x6579e000)]
  0x098ae000 JavaThread "Low Memory Detector" daemon [_thread_blocked, id=2734, stack(0x7201e000,0x7206f000)]
  0x098aac00 JavaThread "C2 CompilerThread1" daemon [_thread_blocked, id=2733, stack(0x7206f000,0x720f0000)]
  0x098a8c00 JavaThread "C2 CompilerThread0" daemon [_thread_blocked, id=2732, stack(0x720f0000,0x72171000)]
  0x098a7400 JavaThread "Signal Dispatcher" daemon [_thread_blocked, id=2731, stack(0x72171000,0x721c2000)]
  0x09894800 JavaThread "Finalizer" daemon [_thread_in_Java, id=2730, stack(0x72534000,0x72585000)]
  0x09893000 JavaThread "Reference Handler" daemon [_thread_blocked, id=2729, stack(0x72585000,0x725d6000)]
=>0x0980a800 JavaThread "main" [_thread_in_native, id=2723, stack(0xb67d4000,0xb6825000)]

Other Threads:
  0x0988f400 VMThread [stack: 0x725d6000,0x72657000] [id=2728]
  0x098b0000 WatcherThread [stack: 0x71f9d000,0x7201e000] [id=2735]

VM state:not at safepoint (normal execution)

VM Mutex/Monitor currently owned by a thread: None

Heap
 PSYoungGen      total 206208K, used 163427K [0xa0890000, 0xb3690000, 0xb3690000)
  eden space 103168K, 58% used [0xa0890000,0xa4388e40,0xa6d50000)
  from space 103040K, 100% used [0xa6d50000,0xad1f0000,0xad1f0000)
  to   space 103040K, 0% used [0xad1f0000,0xad1f0000,0xb3690000)
 PSOldGen        total 449536K, used 332636K [0x7ac90000, 0x96390000, 0xa0890000)
  object space 449536K, 73% used [0x7ac90000,0x8f167000,0x96390000)
 PSPermGen       total 16384K, used 4032K [0x72c90000, 0x73c90000, 0x7ac90000)
  object space 16384K, 24% used [0x72c90000,0x73080368,0x73c90000)

Code Cache  [0xb3751000, 0xb3991000, 0xb6751000)
 total_blobs=181 nmethods=59 adapters=77 free_code_cache=49956352 largest_free_block=8320

Dynamic libraries:
08048000-08051000 r-xp 00000000 08:01 3029976    /usr/lib/jvm/java-6-openjdk/jre/bin/java
08051000-08052000 r--p 00008000 08:01 3029976    /usr/lib/jvm/java-6-openjdk/jre/bin/java
08052000-08053000 rw-p 00009000 08:01 3029976    /usr/lib/jvm/java-6-openjdk/jre/bin/java
09803000-09b06000 rw-p 00000000 00:00 0          [heap]
5e400000-5e588000 rw-p 00000000 00:00 0 
5e588000-5e600000 ---p 00000000 00:00 0 
5e600000-5e700000 rw-p 00000000 00:00 0 
5e900000-5e9e9000 rw-p 00000000 00:00 0 
5e9e9000-5ea00000 ---p 00000000 00:00 0 
5f100000-5f1f3000 rw-p 00000000 00:00 0 
5f1f3000-5f200000 ---p 00000000 00:00 0 
5f500000-5f600000 rw-p 00000000 00:00 0 
5f6ae000-5f90a000 rw-p 00000000 00:00 0 
5f90a000-61a00000 r--s 00000000 00:12 21858      /run/shm/2737_045e.02ae@1.6_Image
61a00000-61aee000 rw-p 00000000 00:00 0 
61aee000-61b00000 ---p 00000000 00:00 0 
61b1e000-61c00000 rw-p 00000000 00:00 0 
61c00000-61e00000 rw-p 00000000 00:00 0 
61e00000-62000000 rw-p 00000000 00:00 0 
62000000-62200000 rw-p 00000000 00:00 0 
62200000-62400000 rw-p 00000000 00:00 0 
62400000-62600000 rw-p 00000000 00:00 0 
62600000-62800000 rw-p 00000000 00:00 0 
62800000-62a00000 rw-p 00000000 00:00 0 
62a00000-62c00000 rw-p 00000000 00:00 0 
62c00000-62e00000 rw-p 00000000 00:00 0 
62e00000-62eff000 rw-p 00000000 00:00 0 
62eff000-62f00000 ---p 00000000 00:00 0 
62f00000-62fff000 rw-p 00000000 00:00 0 
62fff000-63000000 ---p 00000000 00:00 0 
63000000-63200000 rw-p 00000000 00:00 0 
63200000-63400000 rw-p 00000000 00:00 0 
63400000-63600000 rw-p 00000000 00:00 0 
63600000-63800000 rw-p 00000000 00:00 0 
63800000-63a00000 rw-p 00000000 00:00 0 
63a00000-63c00000 rw-p 00000000 00:00 0 
63c00000-63e00000 rw-p 00000000 00:00 0 
63e00000-64000000 rw-p 00000000 00:00 0 
64000000-64200000 rw-p 00000000 00:00 0 
64200000-64400000 rw-p 00000000 00:00 0 
64400000-64600000 rw-p 00000000 00:00 0 
64600000-64800000 rw-p 00000000 00:00 0 
64800000-64a00000 rw-p 00000000 00:00 0 
64a00000-64aff000 rw-p 00000000 00:00 0 
64aff000-64b00000 ---p 00000000 00:00 0 
64b00000-64c00000 rw-p 00000000 00:00 0 
64c00000-64dff000 rw-p 00000000 00:00 0 
64dff000-64e00000 ---p 00000000 00:00 0 
64e00000-65000000 rw-p 00000000 00:00 0 
65000000-65200000 rw-p 00000000 00:00 0 
65200000-65400000 rw-p 00000000 00:00 0 
65400000-65600000 rw-p 00000000 00:00 0 
65600000-65700000 rw-p 00000000 00:00 0 
6574d000-65750000 ---p 00000000 00:00 0 
65750000-6579e000 rwxp 00000000 00:00 0 
6579e000-65b7f000 rw-p 00000000 00:00 0 
65b80000-6be00000 rw-p 00000000 00:00 0 
6be00000-6bf00000 rw-p 00000000 00:00 0 
6bf21000-6c500000 rw-p 00000000 00:00 0 
6c500000-6c5ed000 rw-p 00000000 00:00 0 
6c5ed000-6c600000 ---p 00000000 00:00 0 
6c62b000-6c700000 rw-p 00000000 00:00 0 
6c700000-6c800000 rw-p 00000000 00:00 0 
6c800000-6c900000 rw-p 00000000 00:00 0 
6c92b000-6ca00000 rw-p 00000000 00:00 0 
6ca00000-6cb00000 rw-p 00000000 00:00 0 
6cb00000-6cc00000 rw-p 00000000 00:00 0 
6cc2b000-6cd00000 rw-p 00000000 00:00 0 
6cd00000-6cdfc000 rw-p 00000000 00:00 0 
6cdfc000-6ce00000 ---p 00000000 00:00 0 
6ce00000-6dee3000 rw-p 00000000 00:00 0 
6dee3000-6e267000 r--s 00000000 00:12 21856      /run/shm/2737_045e.02ae@1.6_Depth
6e267000-6e2fe000 rw-p 00000000 00:00 0 
6e2fe000-6e2ff000 ---p 00000000 00:00 0 
6e2ff000-6eaff000 rwxp 00000000 00:00 0 
6eaff000-6ef00000 rw-p 00000000 00:00 0 
6ef00000-6f000000 rw-p 00000000 00:00 0 
6f015000-6f200000 rw-p 00000000 00:00 0 
6f200000-6f2fc000 rw-p 00000000 00:00 0 
6f2fc000-6f300000 ---p 00000000 00:00 0 
6f31d000-6f400000 rw-p 00000000 00:00 0 
6f400000-6f4ff000 rw-p 00000000 00:00 0 
6f4ff000-6f500000 ---p 00000000 00:00 0 
6f513000-6f700000 rw-p 00000000 00:00 0 
6f700000-6f8fc000 rw-p 00000000 00:00 0 
6f8fc000-6f900000 ---p 00000000 00:00 0 
6f900000-6f9fc000 rw-p 00000000 00:00 0 
6f9fc000-6fa00000 ---p 00000000 00:00 0 
6fa00000-6faff000 rw-p 00000000 00:00 0 
6faff000-6fb00000 ---p 00000000 00:00 0 
6fb00000-6fbfd000 rw-p 00000000 00:00 0 
6fbfd000-6fc00000 ---p 00000000 00:00 0 
6fc03000-6fcc0000 rw-p 00000000 00:00 0 
6fcc0000-70044000 r--s 00000000 00:12 21856      /run/shm/2737_045e.02ae@1.6_Depth
70044000-700db000 rw-p 00000000 00:00 0 
700db000-700dc000 ---p 00000000 00:00 0 
700dc000-708dc000 rwxp 00000000 00:00 0 
708dc000-70cdd000 rw-p 00000000 00:00 0 
70cdd000-70d69000 r-xp 00000000 08:01 2504881    /usr/lib/libXnDeviceSensorV2KM.so
70d69000-70d72000 r--p 0008b000 08:01 2504881    /usr/lib/libXnDeviceSensorV2KM.so
70d72000-70d73000 rw-p 00094000 08:01 2504881    /usr/lib/libXnDeviceSensorV2KM.so
70d73000-70d9f000 r-xp 00000000 08:01 2504355    /usr/lib/libXnDeviceFile.so
70d9f000-70da0000 ---p 0002c000 08:01 2504355    /usr/lib/libXnDeviceFile.so
70da0000-70da1000 r--p 0002c000 08:01 2504355    /usr/lib/libXnDeviceFile.so
70da1000-70da2000 rw-p 0002d000 08:01 2504355    /usr/lib/libXnDeviceFile.so
70da2000-70df4000 r-xp 00000000 08:01 2504354    /usr/lib/libXnDDK.so
70df4000-70df5000 ---p 00052000 08:01 2504354    /usr/lib/libXnDDK.so
70df5000-70df7000 r--p 00052000 08:01 2504354    /usr/lib/libXnDDK.so
70df7000-70df8000 rw-p 00054000 08:01 2504354    /usr/lib/libXnDDK.so
70df8000-70e1b000 r-xp 00000000 08:01 2504357    /usr/lib/libXnFormats.so
70e1b000-70e1c000 r--p 00022000 08:01 2504357    /usr/lib/libXnFormats.so
70e1c000-70e1d000 rw-p 00023000 08:01 2504357    /usr/lib/libXnFormats.so
70e1d000-70e3d000 rw-p 00000000 00:00 0 
70e3d000-70ed6000 r-xp 00000000 08:01 2504356    /usr/lib/libXnDeviceSensorV2.so
70ed6000-70edf000 r--p 00098000 08:01 2504356    /usr/lib/libXnDeviceSensorV2.so
70edf000-70ee0000 rw-p 000a1000 08:01 2504356    /usr/lib/libXnDeviceSensorV2.so
70ee0000-70fc3000 r-xp 00000000 08:01 2504285    /usr/lib/libXnVHandGenerator_1_5_2.so
70fc3000-70fc6000 r--p 000e3000 08:01 2504285    /usr/lib/libXnVHandGenerator_1_5_2.so
70fc6000-70fc7000 rw-p 000e6000 08:01 2504285    /usr/lib/libXnVHandGenerator_1_5_2.so
70fc7000-70fd3000 rw-p 00000000 00:00 0 
70fd3000-710a8000 r-xp 00000000 08:01 2504282    /usr/lib/libXnVHandGenerator_1_4_2.so
710a8000-710a9000 ---p 000d5000 08:01 2504282    /usr/lib/libXnVHandGenerator_1_4_2.so
710a9000-710ab000 r--p 000d5000 08:01 2504282    /usr/lib/libXnVHandGenerator_1_4_2.so
710ab000-710ac000 rw-p 000d7000 08:01 2504282    /usr/lib/libXnVHandGenerator_1_4_2.so
710ac000-710ae000 rw-p 00000000 00:00 0 
710ae000-71182000 r-xp 00000000 08:01 2504279    /usr/lib/libXnVHandGenerator_1_4_1.so
71182000-71183000 ---p 000d4000 08:01 2504279    /usr/lib/libXnVHandGenerator_1_4_1.so
71183000-71185000 r--p 000d4000 08:01 2504279    /usr/lib/libXnVHandGenerator_1_4_1.so
71185000-71186000 rw-p 000d6000 08:01 2504279    /usr/lib/libXnVHandGenerator_1_4_1.so
71186000-71188000 rw-p 00000000 00:00 0 
71188000-71266000 r-xp 00000000 08:01 2504275    /usr/lib/libXnVHandGenerator_1_3_1.so
71266000-71269000 r--p 000dd000 08:01 2504275    /usr/lib/libXnVHandGenerator_1_3_1.so
71269000-7126a000 rw-p 000e0000 08:01 2504275    /usr/lib/libXnVHandGenerator_1_3_1.so
7126a000-7126c000 rw-p 00000000 00:00 0 
7126c000-7166d000 r-xp 00000000 08:01 2504268    /usr/lib/libXnVFeatures_1_5_2.so
7166d000-7166e000 ---p 00401000 08:01 2504268    /usr/lib/libXnVFeatures_1_5_2.so
7166e000-71676000 r--p 00401000 08:01 2504268    /usr/lib/libXnVFeatures_1_5_2.so
71676000-71677000 rw-p 00409000 08:01 2504268    /usr/lib/libXnVFeatures_1_5_2.so
71677000-7168b000 rw-p 00000000 00:00 0 
7168b000-71872000 r-xp 00000000 08:01 2504257    /usr/lib/libXnVFeatures_1_4_2.so
71872000-71875000 r--p 001e6000 08:01 2504257    /usr/lib/libXnVFeatures_1_4_2.so
71875000-71876000 rw-p 001e9000 08:01 2504257    /usr/lib/libXnVFeatures_1_4_2.so
71876000-7187b000 rw-p 00000000 00:00 0 
7187b000-71a62000 r-xp 00000000 08:01 2504252    /usr/lib/libXnVFeatures_1_4_1.so
71a62000-71a65000 r--p 001e6000 08:01 2504252    /usr/lib/libXnVFeatures_1_4_1.so
71a65000-71a66000 rw-p 001e9000 08:01 2504252    /usr/lib/libXnVFeatures_1_4_1.so
71a66000-71a6b000 rw-p 00000000 00:00 0 
71a6b000-71c89000 r-xp 00000000 08:01 2504247    /usr/lib/libXnVFeatures_1_3_1.so
71c89000-71c8a000 ---p 0021e000 08:01 2504247    /usr/lib/libXnVFeatures_1_3_1.so
71c8a000-71c8d000 r--p 0021e000 08:01 2504247    /usr/lib/libXnVFeatures_1_3_1.so
71c8d000-71c8e000 rw-p 00221000 08:01 2504247    /usr/lib/libXnVFeatures_1_3_1.so
71c8e000-71c93000 rw-p 00000000 00:00 0 
71c93000-71cb6000 r-xp 00000000 08:01 2503957    /usr/lib/libnimRecorder.so
71cb6000-71cb7000 r--p 00023000 08:01 2503957    /usr/lib/libnimRecorder.so
71cb7000-71cb8000 rw-p 00024000 08:01 2503957    /usr/lib/libnimRecorder.so
71cb8000-71cec000 r-xp 00000000 08:01 2503954    /usr/lib/libnimCodecs.so
71cec000-71ced000 ---p 00034000 08:01 2503954    /usr/lib/libnimCodecs.so
71ced000-71cef000 r--p 00034000 08:01 2503954    /usr/lib/libnimCodecs.so
71cef000-71cf0000 rw-p 00036000 08:01 2503954    /usr/lib/libnimCodecs.so
71cf0000-71d10000 rw-p 00000000 00:00 0 
71d10000-71d41000 r-xp 00000000 08:01 2503956    /usr/lib/libnimMockNodes.so
71d41000-71d47000 r--p 00031000 08:01 2503956    /usr/lib/libnimMockNodes.so
71d47000-71d48000 rw-p 00037000 08:01 2503956    /usr/lib/libnimMockNodes.so
71d48000-71d55000 r-xp 00000000 08:01 1704944    /lib/i386-linux-gnu/libusb-1.0.so.0.0.0
71d55000-71d56000 r--p 0000c000 08:01 1704944    /lib/i386-linux-gnu/libusb-1.0.so.0.0.0
71d56000-71d57000 rw-p 0000d000 08:01 1704944    /lib/i386-linux-gnu/libusb-1.0.so.0.0.0
71d57000-71dd4000 r-xp 00000000 08:01 2503960    /usr/lib/libOpenNI.so
71dd4000-71dd6000 r--p 0007c000 08:01 2503960    /usr/lib/libOpenNI.so
71dd6000-71dd8000 rw-p 0007e000 08:01 2503960    /usr/lib/libOpenNI.so
71dd8000-71df6000 r-xp 00000000 08:01 2503959    /usr/lib/libOpenNI.jni.so
71df6000-71df7000 r--p 0001d000 08:01 2503959    /usr/lib/libOpenNI.jni.so
71df7000-71df9000 rw-p 0001e000 08:01 2503959    /usr/lib/libOpenNI.jni.so
71df9000-71dfe000 r-xp 00000000 08:01 2513317    /usr/lib/libusbpp-0.1.so.4.4.4
71dfe000-71dff000 r--p 00004000 08:01 2513317    /usr/lib/libusbpp-0.1.so.4.4.4
71dff000-71e00000 rw-p 00005000 08:01 2513317    /usr/lib/libusbpp-0.1.so.4.4.4
71e00000-71ef9000 rw-p 00000000 00:00 0 
71ef9000-71f00000 ---p 00000000 00:00 0 
71f01000-71f04000 r-xp 00000000 08:01 2504353    /usr/lib/libXnCore.so
71f04000-71f05000 r--p 00002000 08:01 2504353    /usr/lib/libXnCore.so
71f05000-71f06000 rw-p 00003000 08:01 2504353    /usr/lib/libXnCore.so
71f06000-71f0d000 r-xp 00000000 08:01 1704036    /lib/libusb-0.1.so.4.4.4
71f0d000-71f0e000 r--p 00006000 08:01 1704036    /lib/libusb-0.1.so.4.4.4
71f0e000-71f0f000 rw-p 00007000 08:01 1704036    /lib/libusb-0.1.so.4.4.4
71f0f000-71f10000 rw-p 00000000 00:00 0 
71f25000-71f2d000 r-xp 00000000 08:01 269300     /usr/lib/libusbJava.so.0.2.4
71f2d000-71f2e000 rw-p 00007000 08:01 269300     /usr/lib/libusbJava.so.0.2.4
71f2e000-71f43000 r-xp 00000000 08:01 2886130    /usr/lib/jvm/java-6-openjdk/jre/lib/i386/libnet.so
71f43000-71f44000 r--p 00014000 08:01 2886130    /usr/lib/jvm/java-6-openjdk/jre/lib/i386/libnet.so
71f44000-71f45000 rw-p 00015000 08:01 2886130    /usr/lib/jvm/java-6-openjdk/jre/lib/i386/libnet.so
71f45000-71f63000 r--s 0024d000 08:01 273854     /home/norut/workspace/CommModule3.0/lib/KinectLibrary.jar
71f63000-71f65000 r--s 0004c000 08:01 273576     /home/norut/workspace/CommModule3.0/lib/vecmath.jar
71f65000-71f69000 r--s 0001b000 08:01 273575     /home/norut/workspace/CommModule3.0/lib/org.OpenNI.jar
71f69000-71f77000 r--s 00193000 08:01 273572     /home/norut/workspace/CommModule3.0/lib/j3dutils.jar
71f77000-71f83000 r--s 002c7000 08:01 273571     /home/norut/workspace/CommModule3.0/lib/j3dcore.jar
71f83000-71f87000 r--s 000fc000 08:01 272532     /home/norut/workspace/CommModule3.0/lib/NoninLibrary.jar
71f87000-71f8a000 r--s 00012000 08:01 272538     /home/norut/workspace/CommModule3.0/lib/IRGlanceLibrary.jar
71f8a000-71f8d000 r--s 00011000 08:01 273529     /home/norut/workspace/CommModule3.0/lib/wii-gee-plugin-wiimote-android_fat.jar
71f8d000-71f90000 r--s 0007d000 08:01 2896155    /usr/lib/jvm/java-6-openjdk/jre/lib/jsse.jar
71f90000-71f95000 r--s 0009b000 08:01 272528     /home/norut/workspace/CommModule3.0/lib/WiiboardSimple2.0.jar
71f95000-71f9d000 r--s 00066000 08:01 2895241    /usr/share/java/gnome-java-bridge.jar
71f9d000-71f9e000 ---p 00000000 00:00 0 
71f9e000-7206f000 rwxp 00000000 00:00 0 
7206f000-72070000 ---p 00000000 00:00 0 
72070000-720f0000 rwxp 00000000 00:00 0 
720f0000-720f1000 ---p 00000000 00:00 0 
720f1000-721c2000 rwxp 00000000 00:00 0 
721c2000-721c3000 r--p 006a5000 08:01 2497487    /usr/lib/locale/locale-archive
721c3000-722f4000 r--p 0043d000 08:01 2497487    /usr/lib/locale/locale-archive
722f4000-72334000 r--p 002bd000 08:01 2497487    /usr/lib/locale/locale-archive
72334000-72534000 r--p 00000000 08:01 2497487    /usr/lib/locale/locale-archive
72534000-725d6000 rwxp 00000000 00:00 0 
725d6000-725d7000 ---p 00000000 00:00 0 
725d7000-72657000 rwxp 00000000 00:00 0 
72657000-7268a000 rw-p 00000000 00:00 0 
7268a000-7281a000 r--s 037ba000 08:01 2886099    /usr/lib/jvm/java-6-openjdk/jre/lib/rt.jar
7281a000-7281b000 ---p 00000000 00:00 0 
7281b000-7289b000 rwxp 00000000 00:00 0 
7289b000-7289c000 ---p 00000000 00:00 0 
7289c000-7291c000 rwxp 00000000 00:00 0 
7291c000-72924000 rw-p 00000000 00:00 0 
72924000-7295c000 rw-p 00000000 00:00 0 
7295c000-72a38000 rw-p 00000000 00:00 0 
72a38000-72a8a000 rw-p 00000000 00:00 0 
72a8a000-72a92000 rw-p 00000000 00:00 0 
72a92000-72aca000 rw-p 00000000 00:00 0 
72aca000-72ba6000 rw-p 00000000 00:00 0 
72ba6000-72bf8000 rw-p 00000000 00:00 0 
72bf8000-72c8f000 rw-p 00000000 00:00 0 
72c8f000-73c90000 rw-p 00000000 00:00 0 
73c90000-7ac90000 rw-p 00000000 00:00 0 
7ac90000-96390000 rw-p 00000000 00:00 0 
96390000-a0890000 rw-p 00000000 00:00 0 
a0890000-b3690000 rw-p 00000000 00:00 0 
b3691000-b369a000 rw-p 00000000 00:00 0 
b369a000-b3751000 rw-p 00000000 00:00 0 
b3751000-b3991000 rwxp 00000000 00:00 0 
b3991000-b6751000 rw-p 00000000 00:00 0 
b6751000-b675c000 r-xp 00000000 08:01 1713725    /lib/i386-linux-gnu/libnss_files-2.13.so
b675c000-b675d000 r--p 0000a000 08:01 1713725    /lib/i386-linux-gnu/libnss_files-2.13.so
b675d000-b675e000 rw-p 0000b000 08:01 1713725    /lib/i386-linux-gnu/libnss_files-2.13.so
b675e000-b6768000 r-xp 00000000 08:01 1713727    /lib/i386-linux-gnu/libnss_nis-2.13.so
b6768000-b6769000 r--p 00009000 08:01 1713727    /lib/i386-linux-gnu/libnss_nis-2.13.so
b6769000-b676a000 rw-p 0000a000 08:01 1713727    /lib/i386-linux-gnu/libnss_nis-2.13.so
b676a000-b677f000 r-xp 00000000 08:01 1713722    /lib/i386-linux-gnu/libnsl-2.13.so
b677f000-b6780000 r--p 00015000 08:01 1713722    /lib/i386-linux-gnu/libnsl-2.13.so
b6780000-b6781000 rw-p 00016000 08:01 1713722    /lib/i386-linux-gnu/libnsl-2.13.so
b6781000-b6783000 rw-p 00000000 00:00 0 
b6783000-b678b000 r-xp 00000000 08:01 1713723    /lib/i386-linux-gnu/libnss_compat-2.13.so
b678b000-b678c000 r--p 00007000 08:01 1713723    /lib/i386-linux-gnu/libnss_compat-2.13.so
b678c000-b678d000 rw-p 00008000 08:01 1713723    /lib/i386-linux-gnu/libnss_compat-2.13.so
b6791000-b6798000 r-xp 00000000 08:01 2896164    /usr/lib/jvm/java-6-openjdk/jre/lib/i386/libzip.so
b6798000-b6799000 r--p 00006000 08:01 2896164    /usr/lib/jvm/java-6-openjdk/jre/lib/i386/libzip.so
b6799000-b679a000 rw-p 00007000 08:01 2896164    /usr/lib/jvm/java-6-openjdk/jre/lib/i386/libzip.so
b679a000-b67a2000 rw-s 00000000 08:01 1579588    /tmp/hsperfdata_root/2720
b67a2000-b67c8000 r-xp 00000000 08:01 2886119    /usr/lib/jvm/java-6-openjdk/jre/lib/i386/libjava.so
b67c8000-b67c9000 r--p 00025000 08:01 2886119    /usr/lib/jvm/java-6-openjdk/jre/lib/i386/libjava.so
b67c9000-b67cb000 rw-p 00026000 08:01 2886119    /usr/lib/jvm/java-6-openjdk/jre/lib/i386/libjava.so
b67cb000-b67d2000 r-xp 00000000 08:01 1713732    /lib/i386-linux-gnu/librt-2.13.so
b67d2000-b67d3000 r--p 00006000 08:01 1713732    /lib/i386-linux-gnu/librt-2.13.so
b67d3000-b67d4000 rw-p 00007000 08:01 1713732    /lib/i386-linux-gnu/librt-2.13.so
b67d4000-b67d5000 ---p 00000000 00:00 0 
b67d5000-b6825000 rwxp 00000000 00:00 0 
b6825000-b6841000 r-xp 00000000 08:01 1704890    /lib/i386-linux-gnu/libgcc_s.so.1
b6841000-b6842000 r--p 0001b000 08:01 1704890    /lib/i386-linux-gnu/libgcc_s.so.1
b6842000-b6843000 rw-p 0001c000 08:01 1704890    /lib/i386-linux-gnu/libgcc_s.so.1
b6843000-b686b000 r-xp 00000000 08:01 1713720    /lib/i386-linux-gnu/libm-2.13.so
b686b000-b686c000 r--p 00028000 08:01 1713720    /lib/i386-linux-gnu/libm-2.13.so
b686c000-b686d000 rw-p 00029000 08:01 1713720    /lib/i386-linux-gnu/libm-2.13.so
b686d000-b694b000 r-xp 00000000 08:01 2495867    /usr/lib/i386-linux-gnu/libstdc++.so.6.0.16
b694b000-b694c000 ---p 000de000 08:01 2495867    /usr/lib/i386-linux-gnu/libstdc++.so.6.0.16
b694c000-b6950000 r--p 000de000 08:01 2495867    /usr/lib/i386-linux-gnu/libstdc++.so.6.0.16
b6950000-b6951000 rw-p 000e2000 08:01 2495867    /usr/lib/i386-linux-gnu/libstdc++.so.6.0.16
b6951000-b6958000 rw-p 00000000 00:00 0 
b6958000-b7176000 r-xp 00000000 08:01 3028099    /usr/lib/jvm/java-6-openjdk/jre/lib/i386/server/libjvm.so
b7176000-b71bb000 r--p 0081e000 08:01 3028099    /usr/lib/jvm/java-6-openjdk/jre/lib/i386/server/libjvm.so
b71bb000-b71ca000 rw-p 00863000 08:01 3028099    /usr/lib/jvm/java-6-openjdk/jre/lib/i386/server/libjvm.so
b71ca000-b75e6000 rw-p 00000000 00:00 0 
b75e6000-b75f9000 r-xp 00000000 08:01 1704952    /lib/i386-linux-gnu/libz.so.1.2.3.4
b75f9000-b75fa000 r--p 00012000 08:01 1704952    /lib/i386-linux-gnu/libz.so.1.2.3.4
b75fa000-b75fb000 rw-p 00013000 08:01 1704952    /lib/i386-linux-gnu/libz.so.1.2.3.4
b75fb000-b7773000 r-xp 00000000 08:01 1713716    /lib/i386-linux-gnu/libc-2.13.so
b7773000-b7775000 r--p 00178000 08:01 1713716    /lib/i386-linux-gnu/libc-2.13.so
b7775000-b7776000 rw-p 0017a000 08:01 1713716    /lib/i386-linux-gnu/libc-2.13.so
b7776000-b7779000 rw-p 00000000 00:00 0 
b7779000-b777c000 r-xp 00000000 08:01 1713719    /lib/i386-linux-gnu/libdl-2.13.so
b777c000-b777d000 r--p 00002000 08:01 1713719    /lib/i386-linux-gnu/libdl-2.13.so
b777d000-b777e000 rw-p 00003000 08:01 1713719    /lib/i386-linux-gnu/libdl-2.13.so
b777e000-b7782000 r-xp 00000000 08:01 2886103    /usr/lib/jvm/java-6-openjdk/jre/lib/i386/jli/libjli.so
b7782000-b7783000 r--p 00003000 08:01 2886103    /usr/lib/jvm/java-6-openjdk/jre/lib/i386/jli/libjli.so
b7783000-b7784000 rw-p 00004000 08:01 2886103    /usr/lib/jvm/java-6-openjdk/jre/lib/i386/jli/libjli.so
b7784000-b7785000 rw-p 00000000 00:00 0 
b7785000-b779c000 r-xp 00000000 08:01 1713730    /lib/i386-linux-gnu/libpthread-2.13.so
b779c000-b779d000 r--p 00016000 08:01 1713730    /lib/i386-linux-gnu/libpthread-2.13.so
b779d000-b779e000 rw-p 00017000 08:01 1713730    /lib/i386-linux-gnu/libpthread-2.13.so
b779e000-b77a0000 rw-p 00000000 00:00 0 
b77a2000-b77a3000 rw-s 00000000 00:12 21319      /run/shm/045e.02ae@1.6-SM (deleted)
b77a3000-b77a5000 r--s 0000f000 08:01 2896143    /usr/lib/jvm/java-6-openjdk/jre/lib/ext/pulse-java.jar
b77a5000-b77a6000 rw-p 00000000 00:00 0 
b77a6000-b77a7000 r--p 00000000 00:00 0 
b77a7000-b77b2000 r-xp 00000000 08:01 2886139    /usr/lib/jvm/java-6-openjdk/jre/lib/i386/libverify.so
b77b2000-b77b3000 ---p 0000b000 08:01 2886139    /usr/lib/jvm/java-6-openjdk/jre/lib/i386/libverify.so
b77b3000-b77b4000 r--p 0000b000 08:01 2886139    /usr/lib/jvm/java-6-openjdk/jre/lib/i386/libverify.so
b77b4000-b77b5000 rw-p 0000c000 08:01 2886139    /usr/lib/jvm/java-6-openjdk/jre/lib/i386/libverify.so
b77b5000-b77b7000 rw-p 00000000 00:00 0 
b77b7000-b77b8000 r-xp 00000000 00:00 0          [vdso]
b77b8000-b77d6000 r-xp 00000000 08:01 1713713    /lib/i386-linux-gnu/ld-2.13.so
b77d6000-b77d7000 r--p 0001d000 08:01 1713713    /lib/i386-linux-gnu/ld-2.13.so
b77d7000-b77d8000 rw-p 0001e000 08:01 1713713    /lib/i386-linux-gnu/ld-2.13.so
bfbe9000-bfc08000 rwxp 00000000 00:00 0          [stack]
bfc08000-bfc0a000 rw-p 00000000 00:00 0 

VM Arguments:
jvm_args: -Dfile.encoding=UTF-8 
java_command: test.TestGrande
Launcher Type: SUN_STANDARD

Environment Variables:
PATH=/usr/local/sbin:/usr/local/bin:/usr/sbin:/usr/bin:/sbin:/bin:/usr/X11R6/bin
USERNAME=root
LD_LIBRARY_PATH=/usr/lib/jvm/java-6-openjdk/jre/lib/i386/server:/usr/lib/jvm/java-6-openjdk/jre/lib/i386:/usr/lib/jvm/java-6-openjdk/jre/../lib/i386:/usr/lib/jvm/java-6-openjdk/jre/lib/i386/client:/usr/lib/jvm/java-6-openjdk/jre/lib/i386:
SHELL=/bin/bash
DISPLAY=:0.0

Signal Handlers:
SIGSEGV: [libjvm.so+0x66a530], sa_mask[0]=0x7ffbfeff, sa_flags=0x10000004
SIGBUS: [libjvm.so+0x66a530], sa_mask[0]=0x7ffbfeff, sa_flags=0x10000004
SIGFPE: [libjvm.so+0x52e2c0], sa_mask[0]=0x7ffbfeff, sa_flags=0x10000004
SIGPIPE: [libjvm.so+0x52e2c0], sa_mask[0]=0x7ffbfeff, sa_flags=0x10000004
SIGXFSZ: [libjvm.so+0x52e2c0], sa_mask[0]=0x7ffbfeff, sa_flags=0x10000004
SIGILL: [libjvm.so+0x52e2c0], sa_mask[0]=0x7ffbfeff, sa_flags=0x10000004
SIGUSR1: SIG_DFL, sa_mask[0]=0x00000000, sa_flags=0x00000000
SIGUSR2: [libjvm.so+0x52e150], sa_mask[0]=0x00000004, sa_flags=0x10000004
SIGHUP: [libjvm.so+0x5311f0], sa_mask[0]=0x7ffbfeff, sa_flags=0x10000004
SIGINT: [libjvm.so+0x5311f0], sa_mask[0]=0x7ffbfeff, sa_flags=0x10000004
SIGTERM: [libjvm.so+0x5311f0], sa_mask[0]=0x7ffbfeff, sa_flags=0x10000004
SIGQUIT: [libjvm.so+0x5311f0], sa_mask[0]=0x7ffbfeff, sa_flags=0x10000004


---------------  S Y S T E M  ---------------

OS:Ubuntu 11.10 (oneiric)
uname:Linux 3.0.0-17-generic-pae #30-Ubuntu SMP Thu Mar 8 17:53:35 UTC 2012 i686
libc:glibc 2.13 NPTL 2.13 
rlimit: STACK 8192k, CORE 0k, NPROC 28837, NOFILE 4096, AS infinity
load average:1.19 0.75 0.49

/proc/meminfo:
MemTotal:        3705196 kB
MemFree:         1156720 kB
Buffers:           63560 kB
Cached:           797028 kB
SwapCached:            0 kB
Active:          1800348 kB
Inactive:         542048 kB
Active(anon):    1482640 kB
Inactive(anon):    11328 kB
Active(file):     317708 kB
Inactive(file):   530720 kB
Unevictable:          60 kB
Mlocked:              60 kB
HighTotal:       2866716 kB
HighFree:         455908 kB
LowTotal:         838480 kB
LowFree:          700812 kB
SwapTotal:       3778556 kB
SwapFree:        3778556 kB
Dirty:               268 kB
Writeback:             0 kB
AnonPages:       1481752 kB
Mapped:           215468 kB
Shmem:             12152 kB
Slab:              38208 kB
SReclaimable:      23488 kB
SUnreclaim:        14720 kB
KernelStack:        3408 kB
PageTables:        10940 kB
NFS_Unstable:          0 kB
Bounce:                0 kB
WritebackTmp:          0 kB
CommitLimit:     5631152 kB
Committed_AS:    3231000 kB
VmallocTotal:     122880 kB
VmallocUsed:       45948 kB
VmallocChunk:      73640 kB
HardwareCorrupted:     0 kB
AnonHugePages:         0 kB
HugePages_Total:       0
HugePages_Free:        0
HugePages_Rsvd:        0
HugePages_Surp:        0
Hugepagesize:       2048 kB
DirectMap4k:       10232 kB
DirectMap2M:      903168 kB


CPU:total 2 (2 cores per cpu, 1 threads per core) family 20 model 1 stepping 0, cmov, cx8, fxsr, mmx, sse, sse2, sse3, ssse3, popcnt, mmxext, lzcnt, sse4a

Memory: 4k page, physical 3705196k(1156720k free), swap 3778556k(3778556k free)

vm_info: OpenJDK Server VM (20.0-b11) for linux-x86 JRE (1.6.0_23-b23), built on Feb 23 2012 06:26:43 by "buildd" with gcc 4.6.1

time: Wed Apr 18 12:22:58 2012
elapsed time: 51 seconds

