#
# A fatal error has been detected by the Java Runtime Environment:
#
#  SIGSEGV (0xb) at pc=0xb6c448f7, pid=4671, tid=1578699632
#
# JRE version: 6.0_23-b23
# Java VM: OpenJDK Server VM (20.0-b11 mixed mode linux-x86 )
# Derivative: IcedTea6 1.11pre
# Distribution: Ubuntu 11.10, package 6b23~pre11-0ubuntu1.11.10.2
# Problematic frame:
# V  [libjvm.so+0x3738f7]  instanceKlass::get_jmethod_id(instanceKlassHandle, methodHandle)+0x257
#
# If you would like to submit a bug report, please include
# instructions how to reproduce the bug and visit:
#   https://bugs.launchpad.net/ubuntu/+source/openjdk-6/
#

---------------  T H R E A D  ---------------

Current thread (0x5e4ff800):  JavaThread "Thread-4" [_thread_in_vm, id=4709, stack(0x5e140000,0x5e191000)]

siginfo:si_signo=SIGSEGV: si_errno=0, si_code=1 (SEGV_MAPERR), si_addr=0xffffffc4

Registers:
EAX=0x08ae5930, EBX=0xb7133ff4, ECX=0x5e6cff58, EDX=0x08ae5930
ESP=0x5e18db34, EBP=0x00000001, ESI=0x5e6817a0, EDI=0x5e6817a0
EIP=0xb6c448f7, EFLAGS=0x00210202, CR2=0xffffffc4

Top of Stack: (sp=0x5e18db34)
0x5e18db34:   72da3cc0 6cbfeeb0 b6c76846 5e6817a4
0x5e18db44:   5e6817a0 72c04528 b6c67f78 b7133ff4
0x5e18db54:   b7133ff4 5e4ff800 b6c7d349 5e18dbc8
0x5e18db64:   5e681798 00000001 00000000 00000000
0x5e18db74:   00000001 b673af4f 004ff800 00000000
0x5e18db84:   b7133ff4 5e18dbac 6c5e0272 5e18dbac
0x5e18db94:   5e4ff800 00000000 b7133ff4 5e18dbd8
0x5e18dba4:   5e4ff800 5e18dc28 b6c7c693 b673b015 

Instructions: (pc=0xb6c448f7)
0xb6c448d7:   04 24 e8 c2 8b 1b 00 8b 44 24 38 85 c0 74 08 89
0xb6c448e7:   04 24 e8 52 a0 05 00 8b 44 24 34 83 c4 4c 5b 5e
0xb6c448f7:   5f 5d c3 8d b6 00 00 00 00 89 3c 24 e8 48 a9 05
0xb6c44907:   00 8b 93 fc c7 ff ff 8b 12 85 d2 0f 85 59 ff ff 

Register to memory mapping:

EAX=0x08ae5930 is a weak global jni handle
EBX=0xb7133ff4: <offset 0x862ff4> in /usr/lib/jvm/java-6-openjdk/jre/lib/i386/server/libjvm.so at 0xb68d1000
ECX=0x5e6cff58 is an unknown value
EDX=0x08ae5930 is a weak global jni handle
ESP=0x5e18db34 is pointing into the stack for thread: 0x5e4ff800
EBP=0x00000001 is an unknown value
ESI=0x5e6817a0 is an unknown value
EDI=0x5e6817a0 is an unknown value


Stack: [0x5e140000,0x5e191000],  sp=0x5e18db34,  free space=310k
Native frames: (J=compiled Java code, j=interpreted, Vv=VM code, C=native code)
V  [libjvm.so+0x3738f7]  instanceKlass::get_jmethod_id(instanceKlassHandle, methodHandle)+0x257

Java frames: (J=compiled Java code, j=interpreted, Vv=VM code)
J  java.io.FileOutputStream.writeBytes([BII)V
J  sun.nio.cs.StreamEncoder.flushBuffer()V
J  java.io.OutputStreamWriter.flushBuffer()V
j  java.io.PrintStream.write(Ljava/lang/String;)V+27
j  java.io.PrintStream.print(Ljava/lang/String;)V+9
j  java.io.PrintStream.println(Ljava/lang/String;)V+6
j  control.SharedOutput.performTransference(Lcontrol/IEventCommModule;)V+381
j  kinectThreads.KinectEnhacedSkeletonLauncher.run()V+53
j  java.lang.Thread.run()V+11
v  ~StubRoutines::call_stub

---------------  P R O C E S S  ---------------

Java Threads: ( => current thread )
  0x5e6ff400 JavaThread "DestroyJavaVM" [_thread_blocked, id=4674, stack(0xb674d000,0xb679e000)]
=>0x5e4ff800 JavaThread "Thread-4" [_thread_in_vm, id=4709, stack(0x5e140000,0x5e191000)]
  0x5e6fc000 JavaThread "AWT-XAWT" daemon [_thread_in_native, id=4704, stack(0x5e1e2000,0x5e233000)]
  0x08acac00 JavaThread "Java2D Disposer" daemon [_thread_blocked, id=4703, stack(0x5e523000,0x5e574000)]
  0x71d2b800 JavaThread "Thread-1" [_thread_in_native, id=4698, stack(0x6f406000,0x6f457000)]
  0x089fc000 JavaThread "Low Memory Detector" daemon [_thread_blocked, id=4685, stack(0x71f8e000,0x71fdf000)]
  0x089f8c00 JavaThread "C2 CompilerThread1" daemon [_thread_blocked, id=4684, stack(0x71fdf000,0x72060000)]
  0x089f6c00 JavaThread "C2 CompilerThread0" daemon [_thread_blocked, id=4683, stack(0x72060000,0x720e1000)]
  0x089f5400 JavaThread "Signal Dispatcher" daemon [_thread_blocked, id=4682, stack(0x720e1000,0x72132000)]
  0x089e2800 JavaThread "Finalizer" daemon [_thread_blocked, id=4681, stack(0x724a4000,0x724f5000)]
  0x089e1000 JavaThread "Reference Handler" daemon [_thread_blocked, id=4680, stack(0x724f5000,0x72546000)]

Other Threads:
  0x089dd400 VMThread [stack: 0x72546000,0x725c7000] [id=4679]
  0x089fe000 WatcherThread [stack: 0x71f0d000,0x71f8e000] [id=4686]

VM state:not at safepoint (normal execution)

VM Mutex/Monitor currently owned by a thread: None

Heap
 PSYoungGen      total 211072K, used 35845K [0xa0800000, 0xb3600000, 0xb3600000)
  eden space 112832K, 31% used [0xa0800000,0xa2a79708,0xa7630000)
  from space 98240K, 0% used [0xad610000,0xad698000,0xb3600000)
  to   space 98176K, 0% used [0xa7630000,0xa7630000,0xad610000)
 PSOldGen        total 140160K, used 68847K [0x7ac00000, 0x834e0000, 0xa0800000)
  object space 140160K, 49% used [0x7ac00000,0x7ef3bc08,0x834e0000)
 PSPermGen       total 16384K, used 9530K [0x72c00000, 0x73c00000, 0x7ac00000)
  object space 16384K, 58% used [0x72c00000,0x7354e800,0x73c00000)

Code Cache  [0xb36ca000, 0xb390a000, 0xb66ca000)
 total_blobs=592 nmethods=281 adapters=265 free_code_cache=49517568 largest_free_block=11840

Dynamic libraries:
08048000-08051000 r-xp 00000000 08:01 3029976    /usr/lib/jvm/java-6-openjdk/jre/bin/java
08051000-08052000 r--p 00008000 08:01 3029976    /usr/lib/jvm/java-6-openjdk/jre/bin/java
08052000-08053000 rw-p 00009000 08:01 3029976    /usr/lib/jvm/java-6-openjdk/jre/bin/java
08951000-08ee4000 rw-p 00000000 00:00 0          [heap]
5deaf000-5deb2000 ---p 00000000 00:00 0 
5deb2000-5df00000 rwxp 00000000 00:00 0 
5df00000-5dfbf000 rw-p 00000000 00:00 0 
5dfbf000-5e000000 ---p 00000000 00:00 0 
5e01d000-5e032000 r-xp 00000000 08:01 2886130    /usr/lib/jvm/java-6-openjdk/jre/lib/i386/libnet.so
5e032000-5e033000 r--p 00014000 08:01 2886130    /usr/lib/jvm/java-6-openjdk/jre/lib/i386/libnet.so
5e033000-5e034000 rw-p 00015000 08:01 2886130    /usr/lib/jvm/java-6-openjdk/jre/lib/i386/libnet.so
5e034000-5e0fd000 r-xp 00000000 08:01 2624184    /usr/lib/fglrx/libGL.so.1.2
5e0fd000-5e109000 rwxp 000c8000 08:01 2624184    /usr/lib/fglrx/libGL.so.1.2
5e109000-5e11e000 rwxp 00000000 00:00 0 
5e11e000-5e13f000 r-xp 00000000 08:01 2887828    /usr/lib/jvm/java-6-openjdk/jre/lib/i386/libj3dcore-ogl.so
5e13f000-5e140000 rw-p 00021000 08:01 2887828    /usr/lib/jvm/java-6-openjdk/jre/lib/i386/libj3dcore-ogl.so
5e140000-5e143000 ---p 00000000 00:00 0 
5e143000-5e191000 rwxp 00000000 00:00 0 
5e191000-5e194000 ---p 00000000 00:00 0 
5e194000-5e1e2000 rwxp 00000000 00:00 0 
5e1e2000-5e1e5000 ---p 00000000 00:00 0 
5e1e5000-5e233000 rwxp 00000000 00:00 0 
5e233000-5e2c5000 r-xp 00000000 08:01 2492008    /usr/lib/i386-linux-gnu/libfreetype.so.6.6.2
5e2c5000-5e2c9000 r--p 00091000 08:01 2492008    /usr/lib/i386-linux-gnu/libfreetype.so.6.6.2
5e2c9000-5e2ca000 rw-p 00095000 08:01 2492008    /usr/lib/i386-linux-gnu/libfreetype.so.6.6.2
5e2ca000-5e3fb000 r-xp 00000000 08:01 2495602    /usr/lib/i386-linux-gnu/libX11.so.6.3.0
5e3fb000-5e3fc000 ---p 00131000 08:01 2495602    /usr/lib/i386-linux-gnu/libX11.so.6.3.0
5e3fc000-5e3fd000 r--p 00131000 08:01 2495602    /usr/lib/i386-linux-gnu/libX11.so.6.3.0
5e3fd000-5e3ff000 rw-p 00132000 08:01 2495602    /usr/lib/i386-linux-gnu/libX11.so.6.3.0
5e3ff000-5e400000 rw-p 00000000 00:00 0 
5e400000-5e500000 rw-p 00000000 00:00 0 
5e508000-5e50c000 r-xp 00000000 08:01 2495616    /usr/lib/i386-linux-gnu/libXfixes.so.3.1.0
5e50c000-5e50d000 r--p 00003000 08:01 2495616    /usr/lib/i386-linux-gnu/libXfixes.so.3.1.0
5e50d000-5e50e000 rw-p 00004000 08:01 2495616    /usr/lib/i386-linux-gnu/libXfixes.so.3.1.0
5e523000-5e526000 ---p 00000000 00:00 0 
5e526000-5e574000 rwxp 00000000 00:00 0 
5e574000-5e5ae000 r-xp 00000000 08:01 2886111    /usr/lib/jvm/java-6-openjdk/jre/lib/i386/libfontmanager.so
5e5ae000-5e5af000 r--p 00039000 08:01 2886111    /usr/lib/jvm/java-6-openjdk/jre/lib/i386/libfontmanager.so
5e5af000-5e5b0000 rw-p 0003a000 08:01 2886111    /usr/lib/jvm/java-6-openjdk/jre/lib/i386/libfontmanager.so
5e5b0000-5e5fc000 r-xp 00000000 08:01 3542024    /usr/lib/jvm/java-6-openjdk/jre/lib/i386/xawt/libmawt.so
5e5fc000-5e5fd000 r--p 0004b000 08:01 3542024    /usr/lib/jvm/java-6-openjdk/jre/lib/i386/xawt/libmawt.so
5e5fd000-5e5ff000 rw-p 0004c000 08:01 3542024    /usr/lib/jvm/java-6-openjdk/jre/lib/i386/xawt/libmawt.so
5e5ff000-5e600000 rw-p 00000000 00:00 0 
5e600000-5e700000 rw-p 00000000 00:00 0 
5e702000-5e70b000 r-xp 00000000 08:01 2495608    /usr/lib/i386-linux-gnu/libXcursor.so.1.0.2
5e70b000-5e70c000 r--p 00008000 08:01 2495608    /usr/lib/i386-linux-gnu/libXcursor.so.1.0.2
5e70c000-5e70d000 rw-p 00009000 08:01 2495608    /usr/lib/i386-linux-gnu/libXcursor.so.1.0.2
5e70d000-5e713000 r--s 00000000 08:01 2627540    /var/cache/fontconfig/945677eb7aeaf62f1d50efc3fb3ec7d8-le32d4.cache-3
5e713000-5e7a6000 r-xp 00000000 08:01 2886106    /usr/lib/jvm/java-6-openjdk/jre/lib/i386/libawt.so
5e7a6000-5e7a7000 r--p 00092000 08:01 2886106    /usr/lib/jvm/java-6-openjdk/jre/lib/i386/libawt.so
5e7a7000-5e7ae000 rw-p 00093000 08:01 2886106    /usr/lib/jvm/java-6-openjdk/jre/lib/i386/libawt.so
5e7ae000-5e900000 rw-p 00000000 00:00 0 
5e900000-5ea00000 rw-p 00000000 00:00 0 
5ea00000-5ea04000 r--s 00028000 08:01 272514     /home/norut/workspace/CommModule3.0/lib/gson-2.1.jar
5ea04000-5ea06000 r--s 00000000 08:01 2627541    /var/cache/fontconfig/99e8ed0e538f840c565b6ed5dad60d56-le32d4.cache-3
5ea06000-5ea09000 r--s 00000000 08:01 2627551    /var/cache/fontconfig/e383d7ea5fbe662a33d9b44caf393297-le32d4.cache-3
5ea09000-5ea0c000 r--s 00000000 08:01 2627528    /var/cache/fontconfig/2cd17615ca594fa2959ae173292e504c-le32d4.cache-3
5ea0c000-5ea0d000 r--s 00000000 08:01 2627552    /var/cache/fontconfig/e7071f4a29fa870f4323321c154eba04-le32d4.cache-3
5ea0d000-5ea11000 r--s 00000000 08:01 2627537    /var/cache/fontconfig/6eb3985aa4124903f6ff08ba781cd364-le32d4.cache-3
5ea11000-5eb00000 rw-p 00000000 00:00 0 
5eb00000-5ebf1000 rw-p 00000000 00:00 0 
5ebf1000-5ec00000 ---p 00000000 00:00 0 
5ec00000-5ec04000 r--s 00000000 08:01 2627542    /var/cache/fontconfig/a755afe4a08bf5b97852ceb7400b47bc-le32d4.cache-3
5ec04000-5ec08000 r--s 00000000 08:01 2633494    /var/cache/fontconfig/515ca1ebc4b18308bea979be5704f9db-le32d4.cache-3
5ec08000-5f400000 rw-p 00000000 00:00 0 
5f400000-5f500000 rw-p 00000000 00:00 0 
5f500000-5f51d000 r-xp 00000000 08:01 2495900    /usr/lib/i386-linux-gnu/libxcb.so.1.1.0
5f51d000-5f51e000 r--p 0001c000 08:01 2495900    /usr/lib/i386-linux-gnu/libxcb.so.1.1.0
5f51e000-5f51f000 rw-p 0001d000 08:01 2495900    /usr/lib/i386-linux-gnu/libxcb.so.1.1.0
5f51f000-5f70a000 rw-p 00000000 00:00 0 
5f70a000-61800000 r--s 00000000 00:12 63507      /run/shm/4688_045e.02ae@1.6_Image
61800000-61900000 rw-p 00000000 00:00 0 
61902000-61905000 r--s 00000000 08:01 2627548    /var/cache/fontconfig/d60319d88cac85ba9e1a07bd06cfbb8c-le32d4.cache-3
61905000-61906000 r--s 00000000 08:01 2625030    /var/cache/fontconfig/4794a0821666d79190d59a36cb4f44b5-le32d4.cache-3
61906000-61913000 r--s 00000000 08:01 2627547    /var/cache/fontconfig/d52a8644073d54c13679302ca1180695-le32d4.cache-3
61913000-61919000 r--s 00000000 08:01 2633493    /var/cache/fontconfig/153bb866d4d26e7cd19eee2129f8d8d2-le32d4.cache-3
61919000-6191b000 r--s 00000000 08:01 2622659    /var/cache/fontconfig/e13b20fdb08344e0e664864cc2ede53d-le32d4.cache-3
6191b000-6191e000 r--s 00000000 08:01 2633498    /var/cache/fontconfig/7ef2298fde41cc6eeb7af42e48b7d293-le32d4.cache-3
6191e000-61a00000 rw-p 00000000 00:00 0 
61a00000-61c00000 rw-p 00000000 00:00 0 
61c00000-61e00000 rw-p 00000000 00:00 0 
61e00000-62000000 rw-p 00000000 00:00 0 
62000000-62200000 rw-p 00000000 00:00 0 
62200000-62400000 rw-p 00000000 00:00 0 
62400000-62600000 rw-p 00000000 00:00 0 
62600000-62800000 rw-p 00000000 00:00 0 
62800000-62a00000 rw-p 00000000 00:00 0 
62a00000-62c00000 rw-p 00000000 00:00 0 
62c00000-62e00000 rw-p 00000000 00:00 0 
62e00000-63000000 rw-p 00000000 00:00 0 
63000000-63200000 rw-p 00000000 00:00 0 
63200000-63400000 rw-p 00000000 00:00 0 
63400000-63600000 rw-p 00000000 00:00 0 
63600000-63800000 rw-p 00000000 00:00 0 
63800000-63a00000 rw-p 00000000 00:00 0 
63a00000-63c00000 rw-p 00000000 00:00 0 
63c00000-63e00000 rw-p 00000000 00:00 0 
63e00000-64000000 rw-p 00000000 00:00 0 
64000000-64200000 rw-p 00000000 00:00 0 
64200000-64400000 rw-p 00000000 00:00 0 
64400000-64600000 rw-p 00000000 00:00 0 
64600000-64800000 rw-p 00000000 00:00 0 
64800000-64a00000 rw-p 00000000 00:00 0 
64a00000-64c00000 rw-p 00000000 00:00 0 
64c00000-64e00000 rw-p 00000000 00:00 0 
64e00000-65000000 rw-p 00000000 00:00 0 
65000000-65200000 rw-p 00000000 00:00 0 
65200000-65400000 rw-p 00000000 00:00 0 
65400000-65500000 rw-p 00000000 00:00 0 
65500000-65501000 r-xp 00000000 08:01 2886121    /usr/lib/jvm/java-6-openjdk/jre/lib/i386/libjawt.so
65501000-65502000 r--p 00000000 08:01 2886121    /usr/lib/jvm/java-6-openjdk/jre/lib/i386/libjawt.so
65502000-65503000 rw-p 00001000 08:01 2886121    /usr/lib/jvm/java-6-openjdk/jre/lib/i386/libjawt.so
65503000-6550e000 r--s 00000000 08:01 2627526    /var/cache/fontconfig/0f34bcd4b6ee430af32735b75db7f02b-le32d4.cache-3
6550e000-6b900000 rw-p 00000000 00:00 0 
6b900000-6ba00000 rw-p 00000000 00:00 0 
6ba02000-6ba09000 r--s 00000000 08:01 2622661    /var/cache/fontconfig/6d41288fd70b0be22e8c3a91e032eec0-le32d4.cache-3
6ba09000-6ba0a000 r--s 00000000 08:01 2627543    /var/cache/fontconfig/c05880de57d1f5e948fdfacc138775d9-le32d4.cache-3
6ba0a000-6ba10000 r--s 00000000 08:01 2627540    /var/cache/fontconfig/945677eb7aeaf62f1d50efc3fb3ec7d8-le32d4.cache-3
6ba10000-6ba1e000 r-xp 00000000 08:01 2495620    /usr/lib/i386-linux-gnu/libXi.so.6.1.0
6ba1e000-6ba1f000 r--p 0000d000 08:01 2495620    /usr/lib/i386-linux-gnu/libXi.so.6.1.0
6ba1f000-6ba20000 rw-p 0000e000 08:01 2495620    /usr/lib/i386-linux-gnu/libXi.so.6.1.0
6ba20000-6c400000 rw-p 00000000 00:00 0 
6c400000-6c4f7000 rw-p 00000000 00:00 0 
6c4f7000-6c500000 ---p 00000000 00:00 0 
6c500000-6c501000 r--p 00000000 00:00 0 
6c501000-6c502000 r--s 00000000 08:01 2627543    /var/cache/fontconfig/c05880de57d1f5e948fdfacc138775d9-le32d4.cache-3
6c502000-6c503000 r--s 00000000 08:01 2627532    /var/cache/fontconfig/4c73fe0c47614734b17d736dbde7580a-le32d4.cache-3
6c503000-6c507000 r--s 00000000 08:01 2627537    /var/cache/fontconfig/6eb3985aa4124903f6ff08ba781cd364-le32d4.cache-3
6c507000-6c50b000 r--s 00000000 08:01 2627542    /var/cache/fontconfig/a755afe4a08bf5b97852ceb7400b47bc-le32d4.cache-3
6c50b000-6c600000 rw-p 00000000 00:00 0 
6c600000-6c700000 rw-p 00000000 00:00 0 
6c700000-6c701000 r--s 00000000 08:01 2627525    /var/cache/fontconfig/0d8c3b2ac0904cb8a57a757ad11a4a08-le32d4.cache-3
6c701000-6c705000 r--s 00000000 08:01 2633494    /var/cache/fontconfig/515ca1ebc4b18308bea979be5704f9db-le32d4.cache-3
6c705000-6c900000 rw-p 00000000 00:00 0 
6c900000-6cb00000 rw-p 00000000 00:00 0 
6cb00000-6cbff000 rw-p 00000000 00:00 0 
6cbff000-6cc00000 ---p 00000000 00:00 0 
6cc00000-6cc0b000 r--s 00000000 08:01 2627526    /var/cache/fontconfig/0f34bcd4b6ee430af32735b75db7f02b-le32d4.cache-3
6cc0b000-6cd00000 rw-p 00000000 00:00 0 
6cd00000-6cdfa000 rw-p 00000000 00:00 0 
6cdfa000-6ce00000 ---p 00000000 00:00 0 
6ce00000-6ce01000 r--s 00000000 08:01 2627535    /var/cache/fontconfig/6a53c69dea097a2d716e069445527da8-le32d4.cache-3
6ce01000-6ce0e000 r--s 00000000 08:01 2627547    /var/cache/fontconfig/d52a8644073d54c13679302ca1180695-le32d4.cache-3
6ce0e000-6dee3000 rw-p 00000000 00:00 0 
6dee3000-6e267000 r--s 00000000 00:12 64514      /run/shm/4688_045e.02ae@1.6_Depth
6e267000-6e2fe000 rw-p 00000000 00:00 0 
6e2fe000-6e2ff000 ---p 00000000 00:00 0 
6e2ff000-6eaff000 rwxp 00000000 00:00 0 
6eaff000-6ef00000 rw-p 00000000 00:00 0 
6ef00000-6effd000 rw-p 00000000 00:00 0 
6effd000-6f000000 ---p 00000000 00:00 0 
6f000000-6f003000 r--s 00000000 08:01 2627551    /var/cache/fontconfig/e383d7ea5fbe662a33d9b44caf393297-le32d4.cache-3
6f003000-6f008000 r-xp 00000000 08:01 2495612    /usr/lib/i386-linux-gnu/libXdmcp.so.6.0.0
6f008000-6f009000 r--p 00004000 08:01 2495612    /usr/lib/i386-linux-gnu/libXdmcp.so.6.0.0
6f009000-6f00a000 rw-p 00005000 08:01 2495612    /usr/lib/i386-linux-gnu/libXdmcp.so.6.0.0
6f00a000-6f01b000 r-xp 00000000 08:01 2495614    /usr/lib/i386-linux-gnu/libXext.so.6.4.0
6f01b000-6f01c000 r--p 00010000 08:01 2495614    /usr/lib/i386-linux-gnu/libXext.so.6.4.0
6f01c000-6f01d000 rw-p 00011000 08:01 2495614    /usr/lib/i386-linux-gnu/libXext.so.6.4.0
6f01d000-6f100000 rw-p 00000000 00:00 0 
6f100000-6f1ff000 rw-p 00000000 00:00 0 
6f1ff000-6f200000 ---p 00000000 00:00 0 
6f200000-6f203000 r--s 00000000 08:01 2627528    /var/cache/fontconfig/2cd17615ca594fa2959ae173292e504c-le32d4.cache-3
6f203000-6f20a000 r--s 00000000 08:01 2622661    /var/cache/fontconfig/6d41288fd70b0be22e8c3a91e032eec0-le32d4.cache-3
6f20a000-6f210000 r--s 00000000 08:01 2633493    /var/cache/fontconfig/153bb866d4d26e7cd19eee2129f8d8d2-le32d4.cache-3
6f210000-6f212000 r--s 00000000 08:01 2622659    /var/cache/fontconfig/e13b20fdb08344e0e664864cc2ede53d-le32d4.cache-3
6f212000-6f215000 r--s 00000000 08:01 2633498    /var/cache/fontconfig/7ef2298fde41cc6eeb7af42e48b7d293-le32d4.cache-3
6f215000-6f300000 rw-p 00000000 00:00 0 
6f300000-6f400000 rw-p 00000000 00:00 0 
6f400000-6f402000 r--s 00000000 08:01 2627541    /var/cache/fontconfig/99e8ed0e538f840c565b6ed5dad60d56-le32d4.cache-3
6f402000-6f404000 r-xp 00000000 08:01 2495604    /usr/lib/i386-linux-gnu/libXau.so.6.0.0
6f404000-6f405000 r--p 00001000 08:01 2495604    /usr/lib/i386-linux-gnu/libXau.so.6.0.0
6f405000-6f406000 rw-p 00002000 08:01 2495604    /usr/lib/i386-linux-gnu/libXau.so.6.0.0
6f406000-6f409000 ---p 00000000 00:00 0 
6f409000-6f457000 rwxp 00000000 00:00 0 
6f457000-6f700000 rw-p 00000000 00:00 0 
6f700000-6f8ff000 rw-p 00000000 00:00 0 
6f8ff000-6f900000 ---p 00000000 00:00 0 
6f900000-6f9fe000 rw-p 00000000 00:00 0 
6f9fe000-6fa00000 ---p 00000000 00:00 0 
6fa00000-6fb00000 rw-p 00000000 00:00 0 
6fb00000-6fbff000 rw-p 00000000 00:00 0 
6fbff000-6fc00000 ---p 00000000 00:00 0 
6fc00000-6fc01000 r--s 00000000 08:01 2627552    /var/cache/fontconfig/e7071f4a29fa870f4323321c154eba04-le32d4.cache-3
6fc01000-6fc06000 r-xp 00000000 08:01 2493164    /usr/lib/libXtst.so.6.1.0
6fc06000-6fc07000 r--p 00004000 08:01 2493164    /usr/lib/libXtst.so.6.1.0
6fc07000-6fc08000 rw-p 00005000 08:01 2493164    /usr/lib/libXtst.so.6.1.0
6fc08000-6fc54000 rw-p 00000000 00:00 0 
6fc54000-6ffd8000 r--s 00000000 00:12 64514      /run/shm/4688_045e.02ae@1.6_Depth
6ffd8000-7006f000 rw-p 00000000 00:00 0 
7006f000-70070000 ---p 00000000 00:00 0 
70070000-70870000 rwxp 00000000 00:00 0 
70870000-70c71000 rw-p 00000000 00:00 0 
70c71000-70cfd000 r-xp 00000000 08:01 2504881    /usr/lib/libXnDeviceSensorV2KM.so
70cfd000-70d06000 r--p 0008b000 08:01 2504881    /usr/lib/libXnDeviceSensorV2KM.so
70d06000-70d07000 rw-p 00094000 08:01 2504881    /usr/lib/libXnDeviceSensorV2KM.so
70d07000-70d33000 r-xp 00000000 08:01 2504355    /usr/lib/libXnDeviceFile.so
70d33000-70d34000 ---p 0002c000 08:01 2504355    /usr/lib/libXnDeviceFile.so
70d34000-70d35000 r--p 0002c000 08:01 2504355    /usr/lib/libXnDeviceFile.so
70d35000-70d36000 rw-p 0002d000 08:01 2504355    /usr/lib/libXnDeviceFile.so
70d36000-70d88000 r-xp 00000000 08:01 2504354    /usr/lib/libXnDDK.so
70d88000-70d89000 ---p 00052000 08:01 2504354    /usr/lib/libXnDDK.so
70d89000-70d8b000 r--p 00052000 08:01 2504354    /usr/lib/libXnDDK.so
70d8b000-70d8c000 rw-p 00054000 08:01 2504354    /usr/lib/libXnDDK.so
70d8c000-70daf000 r-xp 00000000 08:01 2504357    /usr/lib/libXnFormats.so
70daf000-70db0000 r--p 00022000 08:01 2504357    /usr/lib/libXnFormats.so
70db0000-70db1000 rw-p 00023000 08:01 2504357    /usr/lib/libXnFormats.so
70db1000-70dd1000 rw-p 00000000 00:00 0 
70dd1000-70e6a000 r-xp 00000000 08:01 2504356    /usr/lib/libXnDeviceSensorV2.so
70e6a000-70e73000 r--p 00098000 08:01 2504356    /usr/lib/libXnDeviceSensorV2.so
70e73000-70e74000 rw-p 000a1000 08:01 2504356    /usr/lib/libXnDeviceSensorV2.so
70e74000-70f57000 r-xp 00000000 08:01 2504285    /usr/lib/libXnVHandGenerator_1_5_2.so
70f57000-70f5a000 r--p 000e3000 08:01 2504285    /usr/lib/libXnVHandGenerator_1_5_2.so
70f5a000-70f5b000 rw-p 000e6000 08:01 2504285    /usr/lib/libXnVHandGenerator_1_5_2.so
70f5b000-70f67000 rw-p 00000000 00:00 0 
70f67000-7103c000 r-xp 00000000 08:01 2504282    /usr/lib/libXnVHandGenerator_1_4_2.so
7103c000-7103d000 ---p 000d5000 08:01 2504282    /usr/lib/libXnVHandGenerator_1_4_2.so
7103d000-7103f000 r--p 000d5000 08:01 2504282    /usr/lib/libXnVHandGenerator_1_4_2.so
7103f000-71040000 rw-p 000d7000 08:01 2504282    /usr/lib/libXnVHandGenerator_1_4_2.so
71040000-71042000 rw-p 00000000 00:00 0 
71042000-71116000 r-xp 00000000 08:01 2504279    /usr/lib/libXnVHandGenerator_1_4_1.so
71116000-71117000 ---p 000d4000 08:01 2504279    /usr/lib/libXnVHandGenerator_1_4_1.so
71117000-71119000 r--p 000d4000 08:01 2504279    /usr/lib/libXnVHandGenerator_1_4_1.so
71119000-7111a000 rw-p 000d6000 08:01 2504279    /usr/lib/libXnVHandGenerator_1_4_1.so
7111a000-7111c000 rw-p 00000000 00:00 0 
7111c000-711fa000 r-xp 00000000 08:01 2504275    /usr/lib/libXnVHandGenerator_1_3_1.so
711fa000-711fd000 r--p 000dd000 08:01 2504275    /usr/lib/libXnVHandGenerator_1_3_1.so
711fd000-711fe000 rw-p 000e0000 08:01 2504275    /usr/lib/libXnVHandGenerator_1_3_1.so
711fe000-71200000 rw-p 00000000 00:00 0 
71200000-71601000 r-xp 00000000 08:01 2504268    /usr/lib/libXnVFeatures_1_5_2.so
71601000-71602000 ---p 00401000 08:01 2504268    /usr/lib/libXnVFeatures_1_5_2.so
71602000-7160a000 r--p 00401000 08:01 2504268    /usr/lib/libXnVFeatures_1_5_2.so
7160a000-7160b000 rw-p 00409000 08:01 2504268    /usr/lib/libXnVFeatures_1_5_2.so
7160b000-7161f000 rw-p 00000000 00:00 0 
7161f000-71806000 r-xp 00000000 08:01 2504257    /usr/lib/libXnVFeatures_1_4_2.so
71806000-71809000 r--p 001e6000 08:01 2504257    /usr/lib/libXnVFeatures_1_4_2.so
71809000-7180a000 rw-p 001e9000 08:01 2504257    /usr/lib/libXnVFeatures_1_4_2.so
7180a000-7180f000 rw-p 00000000 00:00 0 
7180f000-719f6000 r-xp 00000000 08:01 2504252    /usr/lib/libXnVFeatures_1_4_1.so
719f6000-719f9000 r--p 001e6000 08:01 2504252    /usr/lib/libXnVFeatures_1_4_1.so
719f9000-719fa000 rw-p 001e9000 08:01 2504252    /usr/lib/libXnVFeatures_1_4_1.so
719fa000-719ff000 rw-p 00000000 00:00 0 
719ff000-71c1d000 r-xp 00000000 08:01 2504247    /usr/lib/libXnVFeatures_1_3_1.so
71c1d000-71c1e000 ---p 0021e000 08:01 2504247    /usr/lib/libXnVFeatures_1_3_1.so
71c1e000-71c21000 r--p 0021e000 08:01 2504247    /usr/lib/libXnVFeatures_1_3_1.so
71c21000-71c22000 rw-p 00221000 08:01 2504247    /usr/lib/libXnVFeatures_1_3_1.so
71c22000-71c27000 rw-p 00000000 00:00 0 
71c27000-71c5b000 r-xp 00000000 08:01 2503954    /usr/lib/libnimCodecs.so
71c5b000-71c5c000 ---p 00034000 08:01 2503954    /usr/lib/libnimCodecs.so
71c5c000-71c5e000 r--p 00034000 08:01 2503954    /usr/lib/libnimCodecs.so
71c5e000-71c5f000 rw-p 00036000 08:01 2503954    /usr/lib/libnimCodecs.so
71c5f000-71c7f000 rw-p 00000000 00:00 0 
71c7f000-71cfc000 r-xp 00000000 08:01 2503960    /usr/lib/libOpenNI.so
71cfc000-71cfe000 r--p 0007c000 08:01 2503960    /usr/lib/libOpenNI.so
71cfe000-71d00000 rw-p 0007e000 08:01 2503960    /usr/lib/libOpenNI.so
71d00000-71dfd000 rw-p 00000000 00:00 0 
71dfd000-71e00000 ---p 00000000 00:00 0 
71e00000-71e01000 r--s 00000000 08:01 2627532    /var/cache/fontconfig/4c73fe0c47614734b17d736dbde7580a-le32d4.cache-3
71e01000-71e02000 r--s 00000000 08:01 2627525    /var/cache/fontconfig/0d8c3b2ac0904cb8a57a757ad11a4a08-le32d4.cache-3
71e02000-71e05000 r-xp 00000000 08:01 2504353    /usr/lib/libXnCore.so
71e05000-71e06000 r--p 00002000 08:01 2504353    /usr/lib/libXnCore.so
71e06000-71e07000 rw-p 00003000 08:01 2504353    /usr/lib/libXnCore.so
71e07000-71e2a000 r-xp 00000000 08:01 2503957    /usr/lib/libnimRecorder.so
71e2a000-71e2b000 r--p 00023000 08:01 2503957    /usr/lib/libnimRecorder.so
71e2b000-71e2c000 rw-p 00024000 08:01 2503957    /usr/lib/libnimRecorder.so
71e2c000-71e5d000 r-xp 00000000 08:01 2503956    /usr/lib/libnimMockNodes.so
71e5d000-71e63000 r--p 00031000 08:01 2503956    /usr/lib/libnimMockNodes.so
71e63000-71e64000 rw-p 00037000 08:01 2503956    /usr/lib/libnimMockNodes.so
71e64000-71e71000 r-xp 00000000 08:01 1704944    /lib/i386-linux-gnu/libusb-1.0.so.0.0.0
71e71000-71e72000 r--p 0000c000 08:01 1704944    /lib/i386-linux-gnu/libusb-1.0.so.0.0.0
71e72000-71e73000 rw-p 0000d000 08:01 1704944    /lib/i386-linux-gnu/libusb-1.0.so.0.0.0
71e73000-71e91000 r-xp 00000000 08:01 2503959    /usr/lib/libOpenNI.jni.so
71e91000-71e92000 r--p 0001d000 08:01 2503959    /usr/lib/libOpenNI.jni.so
71e92000-71e94000 rw-p 0001e000 08:01 2503959    /usr/lib/libOpenNI.jni.so
71e94000-71e99000 r-xp 00000000 08:01 2513317    /usr/lib/libusbpp-0.1.so.4.4.4
71e99000-71e9a000 r--p 00004000 08:01 2513317    /usr/lib/libusbpp-0.1.so.4.4.4
71e9a000-71e9b000 rw-p 00005000 08:01 2513317    /usr/lib/libusbpp-0.1.so.4.4.4
71e9b000-71ea2000 r-xp 00000000 08:01 1704036    /lib/libusb-0.1.so.4.4.4
71ea2000-71ea3000 r--p 00006000 08:01 1704036    /lib/libusb-0.1.so.4.4.4
71ea3000-71ea4000 rw-p 00007000 08:01 1704036    /lib/libusb-0.1.so.4.4.4
71ea4000-71ea5000 rw-p 00000000 00:00 0 
71ea5000-71ea8000 r--s 00000000 08:01 2627548    /var/cache/fontconfig/d60319d88cac85ba9e1a07bd06cfbb8c-le32d4.cache-3
71ea8000-71eb1000 r-xp 00000000 08:01 2495626    /usr/lib/i386-linux-gnu/libXrender.so.1.3.0
71eb1000-71eb2000 r--p 00008000 08:01 2495626    /usr/lib/i386-linux-gnu/libXrender.so.1.3.0
71eb2000-71eb3000 rw-p 00009000 08:01 2495626    /usr/lib/i386-linux-gnu/libXrender.so.1.3.0
71eb3000-71eba000 r--s 000fb000 08:01 2896159    /usr/lib/jvm/java-6-openjdk/jre/lib/resources.jar
71eba000-71ec2000 r-xp 00000000 08:01 269300     /usr/lib/libusbJava.so.0.2.4
71ec2000-71ec3000 rw-p 00007000 08:01 269300     /usr/lib/libusbJava.so.0.2.4
71ec3000-71ee1000 r--s 0024d000 08:01 272520     /home/norut/workspace/CommModule3.0/lib/KinectLibrary.jar
71ee1000-71ee3000 r--s 0004c000 08:01 270165     /home/norut/workspace/CommModule3.0/lib/vecmath.jar
71ee3000-71ee7000 r--s 0001b000 08:01 270164     /home/norut/workspace/CommModule3.0/lib/org.OpenNI.jar
71ee7000-71ef5000 r--s 00193000 08:01 270161     /home/norut/workspace/CommModule3.0/lib/j3dutils.jar
71ef5000-71f01000 r--s 002c7000 08:01 270151     /home/norut/workspace/CommModule3.0/lib/j3dcore.jar
71f01000-71f05000 r--s 000fc000 08:01 268885     /home/norut/workspace/CommModule3.0/lib/NoninLibrary.jar
71f05000-71f08000 r--s 00012000 08:01 268892     /home/norut/workspace/CommModule3.0/lib/IRGlanceLibrary.jar
71f08000-71f0d000 r--s 0009b000 08:01 268849     /home/norut/workspace/CommModule3.0/lib/WiiboardSimple2.0.jar
71f0d000-71f0e000 ---p 00000000 00:00 0 
71f0e000-71fdf000 rwxp 00000000 00:00 0 
71fdf000-71fe0000 ---p 00000000 00:00 0 
71fe0000-72060000 rwxp 00000000 00:00 0 
72060000-72061000 ---p 00000000 00:00 0 
72061000-72132000 rwxp 00000000 00:00 0 
72132000-72133000 r--p 006a5000 08:01 2497487    /usr/lib/locale/locale-archive
72133000-72264000 r--p 0043d000 08:01 2497487    /usr/lib/locale/locale-archive
72264000-722a4000 r--p 002bd000 08:01 2497487    /usr/lib/locale/locale-archive
722a4000-724a4000 r--p 00000000 08:01 2497487    /usr/lib/locale/locale-archive
724a4000-72546000 rwxp 00000000 00:00 0 
72546000-72547000 ---p 00000000 00:00 0 
72547000-725c7000 rwxp 00000000 00:00 0 
725c7000-725fa000 rw-p 00000000 00:00 0 
725fa000-7278a000 r--s 037ba000 08:01 2886099    /usr/lib/jvm/java-6-openjdk/jre/lib/rt.jar
7278a000-7278b000 ---p 00000000 00:00 0 
7278b000-7280b000 rwxp 00000000 00:00 0 
7280b000-7280c000 ---p 00000000 00:00 0 
7280c000-7288c000 rwxp 00000000 00:00 0 
7288c000-72894000 rw-p 00000000 00:00 0 
72894000-728cc000 rw-p 00000000 00:00 0 
728cc000-72911000 rw-p 00000000 00:00 0 
72911000-729fa000 rw-p 00000000 00:00 0 
729fa000-72a02000 rw-p 00000000 00:00 0 
72a02000-72a3a000 rw-p 00000000 00:00 0 
72a3a000-72a7f000 rw-p 00000000 00:00 0 
72a7f000-72b68000 rw-p 00000000 00:00 0 
72b68000-72bff000 rw-p 00000000 00:00 0 
72bff000-73c00000 rw-p 00000000 00:00 0 
73c00000-7ac00000 rw-p 00000000 00:00 0 
7ac00000-834e0000 rw-p 00000000 00:00 0 
834e0000-a0800000 rw-p 00000000 00:00 0 
a0800000-b3600000 rw-p 00000000 00:00 0 
b3600000-b3601000 r--s 00000000 08:01 2627535    /var/cache/fontconfig/6a53c69dea097a2d716e069445527da8-le32d4.cache-3
b3601000-b3602000 r--s 00000000 08:01 2625030    /var/cache/fontconfig/4794a0821666d79190d59a36cb4f44b5-le32d4.cache-3
b3602000-b360a000 r--s 00066000 08:01 2895241    /usr/share/java/gnome-java-bridge.jar
b360a000-b3613000 rw-p 00000000 00:00 0 
b3613000-b36ca000 rw-p 00000000 00:00 0 
b36ca000-b390a000 rwxp 00000000 00:00 0 
b390a000-b66ca000 rw-p 00000000 00:00 0 
b66ca000-b66d5000 r-xp 00000000 08:01 1713725    /lib/i386-linux-gnu/libnss_files-2.13.so
b66d5000-b66d6000 r--p 0000a000 08:01 1713725    /lib/i386-linux-gnu/libnss_files-2.13.so
b66d6000-b66d7000 rw-p 0000b000 08:01 1713725    /lib/i386-linux-gnu/libnss_files-2.13.so
b66d7000-b66e1000 r-xp 00000000 08:01 1713727    /lib/i386-linux-gnu/libnss_nis-2.13.so
b66e1000-b66e2000 r--p 00009000 08:01 1713727    /lib/i386-linux-gnu/libnss_nis-2.13.so
b66e2000-b66e3000 rw-p 0000a000 08:01 1713727    /lib/i386-linux-gnu/libnss_nis-2.13.so
b66e3000-b66f8000 r-xp 00000000 08:01 1713722    /lib/i386-linux-gnu/libnsl-2.13.so
b66f8000-b66f9000 r--p 00015000 08:01 1713722    /lib/i386-linux-gnu/libnsl-2.13.so
b66f9000-b66fa000 rw-p 00016000 08:01 1713722    /lib/i386-linux-gnu/libnsl-2.13.so
b66fa000-b66fc000 rw-p 00000000 00:00 0 
b66fc000-b6704000 r-xp 00000000 08:01 1713723    /lib/i386-linux-gnu/libnss_compat-2.13.so
b6704000-b6705000 r--p 00007000 08:01 1713723    /lib/i386-linux-gnu/libnss_compat-2.13.so
b6705000-b6706000 rw-p 00008000 08:01 1713723    /lib/i386-linux-gnu/libnss_compat-2.13.so
b6706000-b6707000 rw-s 00000000 00:12 64519      /run/shm/045e.02ae@1.6-SM (deleted)
b6707000-b670a000 r--s 00011000 08:01 269114     /home/norut/workspace/CommModule3.0/lib/wii-gee-plugin-wiimote-android_fat.jar
b670a000-b6711000 r-xp 00000000 08:01 2896164    /usr/lib/jvm/java-6-openjdk/jre/lib/i386/libzip.so
b6711000-b6712000 r--p 00006000 08:01 2896164    /usr/lib/jvm/java-6-openjdk/jre/lib/i386/libzip.so
b6712000-b6713000 rw-p 00007000 08:01 2896164    /usr/lib/jvm/java-6-openjdk/jre/lib/i386/libzip.so
b6713000-b671b000 rw-s 00000000 08:01 1582236    /tmp/hsperfdata_root/4671
b671b000-b6741000 r-xp 00000000 08:01 2886119    /usr/lib/jvm/java-6-openjdk/jre/lib/i386/libjava.so
b6741000-b6742000 r--p 00025000 08:01 2886119    /usr/lib/jvm/java-6-openjdk/jre/lib/i386/libjava.so
b6742000-b6744000 rw-p 00026000 08:01 2886119    /usr/lib/jvm/java-6-openjdk/jre/lib/i386/libjava.so
b6744000-b674b000 r-xp 00000000 08:01 1713732    /lib/i386-linux-gnu/librt-2.13.so
b674b000-b674c000 r--p 00006000 08:01 1713732    /lib/i386-linux-gnu/librt-2.13.so
b674c000-b674d000 rw-p 00007000 08:01 1713732    /lib/i386-linux-gnu/librt-2.13.so
b674d000-b6750000 ---p 00000000 00:00 0 
b6750000-b679e000 rwxp 00000000 00:00 0 
b679e000-b67ba000 r-xp 00000000 08:01 1704890    /lib/i386-linux-gnu/libgcc_s.so.1
b67ba000-b67bb000 r--p 0001b000 08:01 1704890    /lib/i386-linux-gnu/libgcc_s.so.1
b67bb000-b67bc000 rw-p 0001c000 08:01 1704890    /lib/i386-linux-gnu/libgcc_s.so.1
b67bc000-b67e4000 r-xp 00000000 08:01 1713720    /lib/i386-linux-gnu/libm-2.13.so
b67e4000-b67e5000 r--p 00028000 08:01 1713720    /lib/i386-linux-gnu/libm-2.13.so
b67e5000-b67e6000 rw-p 00029000 08:01 1713720    /lib/i386-linux-gnu/libm-2.13.so
b67e6000-b68c4000 r-xp 00000000 08:01 2495867    /usr/lib/i386-linux-gnu/libstdc++.so.6.0.16
b68c4000-b68c5000 ---p 000de000 08:01 2495867    /usr/lib/i386-linux-gnu/libstdc++.so.6.0.16
b68c5000-b68c9000 r--p 000de000 08:01 2495867    /usr/lib/i386-linux-gnu/libstdc++.so.6.0.16
b68c9000-b68ca000 rw-p 000e2000 08:01 2495867    /usr/lib/i386-linux-gnu/libstdc++.so.6.0.16
b68ca000-b68d1000 rw-p 00000000 00:00 0 
b68d1000-b70ef000 r-xp 00000000 08:01 3028099    /usr/lib/jvm/java-6-openjdk/jre/lib/i386/server/libjvm.so
b70ef000-b7134000 r--p 0081e000 08:01 3028099    /usr/lib/jvm/java-6-openjdk/jre/lib/i386/server/libjvm.so
b7134000-b7143000 rw-p 00863000 08:01 3028099    /usr/lib/jvm/java-6-openjdk/jre/lib/i386/server/libjvm.so
b7143000-b755f000 rw-p 00000000 00:00 0 
b755f000-b7572000 r-xp 00000000 08:01 1704952    /lib/i386-linux-gnu/libz.so.1.2.3.4
b7572000-b7573000 r--p 00012000 08:01 1704952    /lib/i386-linux-gnu/libz.so.1.2.3.4
b7573000-b7574000 rw-p 00013000 08:01 1704952    /lib/i386-linux-gnu/libz.so.1.2.3.4
b7574000-b76ec000 r-xp 00000000 08:01 1713716    /lib/i386-linux-gnu/libc-2.13.so
b76ec000-b76ee000 r--p 00178000 08:01 1713716    /lib/i386-linux-gnu/libc-2.13.so
b76ee000-b76ef000 rw-p 0017a000 08:01 1713716    /lib/i386-linux-gnu/libc-2.13.so
b76ef000-b76f2000 rw-p 00000000 00:00 0 
b76f2000-b76f5000 r-xp 00000000 08:01 1713719    /lib/i386-linux-gnu/libdl-2.13.so
b76f5000-b76f6000 r--p 00002000 08:01 1713719    /lib/i386-linux-gnu/libdl-2.13.so
b76f6000-b76f7000 rw-p 00003000 08:01 1713719    /lib/i386-linux-gnu/libdl-2.13.so
b76f7000-b76fb000 r-xp 00000000 08:01 2886103    /usr/lib/jvm/java-6-openjdk/jre/lib/i386/jli/libjli.so
b76fb000-b76fc000 r--p 00003000 08:01 2886103    /usr/lib/jvm/java-6-openjdk/jre/lib/i386/jli/libjli.so
b76fc000-b76fd000 rw-p 00004000 08:01 2886103    /usr/lib/jvm/java-6-openjdk/jre/lib/i386/jli/libjli.so
b76fd000-b76fe000 rw-p 00000000 00:00 0 
b76fe000-b7715000 r-xp 00000000 08:01 1713730    /lib/i386-linux-gnu/libpthread-2.13.so
b7715000-b7716000 r--p 00016000 08:01 1713730    /lib/i386-linux-gnu/libpthread-2.13.so
b7716000-b7717000 rw-p 00017000 08:01 1713730    /lib/i386-linux-gnu/libpthread-2.13.so
b7717000-b7719000 rw-p 00000000 00:00 0 
b7719000-b771c000 r--s 0007d000 08:01 2896155    /usr/lib/jvm/java-6-openjdk/jre/lib/jsse.jar
b771c000-b771e000 r--s 0000f000 08:01 2896143    /usr/lib/jvm/java-6-openjdk/jre/lib/ext/pulse-java.jar
b771e000-b771f000 rw-p 00000000 00:00 0 
b771f000-b7720000 r--p 00000000 00:00 0 
b7720000-b772b000 r-xp 00000000 08:01 2886139    /usr/lib/jvm/java-6-openjdk/jre/lib/i386/libverify.so
b772b000-b772c000 ---p 0000b000 08:01 2886139    /usr/lib/jvm/java-6-openjdk/jre/lib/i386/libverify.so
b772c000-b772d000 r--p 0000b000 08:01 2886139    /usr/lib/jvm/java-6-openjdk/jre/lib/i386/libverify.so
b772d000-b772e000 rw-p 0000c000 08:01 2886139    /usr/lib/jvm/java-6-openjdk/jre/lib/i386/libverify.so
b772e000-b7730000 rw-p 00000000 00:00 0 
b7730000-b7731000 r-xp 00000000 00:00 0          [vdso]
b7731000-b774f000 r-xp 00000000 08:01 1713713    /lib/i386-linux-gnu/ld-2.13.so
b774f000-b7750000 r--p 0001d000 08:01 1713713    /lib/i386-linux-gnu/ld-2.13.so
b7750000-b7751000 rw-p 0001e000 08:01 1713713    /lib/i386-linux-gnu/ld-2.13.so
bf818000-bf838000 rwxp 00000000 00:00 0          [stack]
bf838000-bf839000 rw-p 00000000 00:00 0 

VM Arguments:
jvm_args: -Dfile.encoding=UTF-8 
java_command: test.TestGrande
Launcher Type: SUN_STANDARD

Environment Variables:
PATH=/usr/local/sbin:/usr/local/bin:/usr/sbin:/usr/bin:/sbin:/bin:/usr/X11R6/bin
USERNAME=root
LD_LIBRARY_PATH=/usr/lib/jvm/java-6-openjdk/jre/lib/i386/server:/usr/lib/jvm/java-6-openjdk/jre/lib/i386:/usr/lib/jvm/java-6-openjdk/jre/../lib/i386:/usr/lib/jvm/java-6-openjdk/jre/lib/i386/client:/usr/lib/jvm/java-6-openjdk/jre/lib/i386:
SHELL=/bin/bash
DISPLAY=:0.0

Signal Handlers:
SIGSEGV: [libjvm.so+0x66a530], sa_mask[0]=0x7ffbfeff, sa_flags=0x10000004
SIGBUS: [libjvm.so+0x66a530], sa_mask[0]=0x7ffbfeff, sa_flags=0x10000004
SIGFPE: [libjvm.so+0x52e2c0], sa_mask[0]=0x7ffbfeff, sa_flags=0x10000004
SIGPIPE: [libjvm.so+0x52e2c0], sa_mask[0]=0x7ffbfeff, sa_flags=0x10000004
SIGXFSZ: [libjvm.so+0x52e2c0], sa_mask[0]=0x7ffbfeff, sa_flags=0x10000004
SIGILL: [libjvm.so+0x52e2c0], sa_mask[0]=0x7ffbfeff, sa_flags=0x10000004
SIGUSR1: SIG_DFL, sa_mask[0]=0x00000000, sa_flags=0x00000000
SIGUSR2: [libjvm.so+0x52e150], sa_mask[0]=0x00000004, sa_flags=0x10000004
SIGHUP: [libjvm.so+0x5311f0], sa_mask[0]=0x7ffbfeff, sa_flags=0x10000004
SIGINT: [libjvm.so+0x5311f0], sa_mask[0]=0x7ffbfeff, sa_flags=0x10000004
SIGTERM: [libjvm.so+0x5311f0], sa_mask[0]=0x7ffbfeff, sa_flags=0x10000004
SIGQUIT: [libjvm.so+0x5311f0], sa_mask[0]=0x7ffbfeff, sa_flags=0x10000004


---------------  S Y S T E M  ---------------

OS:Ubuntu 11.10 (oneiric)
uname:Linux 3.0.0-17-generic-pae #30-Ubuntu SMP Thu Mar 8 17:53:35 UTC 2012 i686
libc:glibc 2.13 NPTL 2.13 
rlimit: STACK 8192k, CORE 0k, NPROC 28837, NOFILE 4096, AS infinity
load average:1.19 0.60 0.45

/proc/meminfo:
MemTotal:        3705196 kB
MemFree:          975336 kB
Buffers:          341080 kB
Cached:          1050412 kB
SwapCached:            0 kB
Active:          1711760 kB
Inactive:         770228 kB
Active(anon):    1091540 kB
Inactive(anon):    10384 kB
Active(file):     620220 kB
Inactive(file):   759844 kB
Unevictable:          60 kB
Mlocked:              60 kB
HighTotal:       2866716 kB
HighFree:         594044 kB
LowTotal:         838480 kB
LowFree:          381292 kB
SwapTotal:       3778556 kB
SwapFree:        3778556 kB
Dirty:               396 kB
Writeback:             0 kB
AnonPages:       1090460 kB
Mapped:           189368 kB
Shmem:             11432 kB
Slab:              80656 kB
SReclaimable:      65712 kB
SUnreclaim:        14944 kB
KernelStack:        2984 kB
PageTables:         9556 kB
NFS_Unstable:          0 kB
Bounce:                0 kB
WritebackTmp:          0 kB
CommitLimit:     5631152 kB
Committed_AS:    2768560 kB
VmallocTotal:     122880 kB
VmallocUsed:       45968 kB
VmallocChunk:      73112 kB
HardwareCorrupted:     0 kB
AnonHugePages:         0 kB
HugePages_Total:       0
HugePages_Free:        0
HugePages_Rsvd:        0
HugePages_Surp:        0
Hugepagesize:       2048 kB
DirectMap4k:       10232 kB
DirectMap2M:      903168 kB


CPU:total 2 (2 cores per cpu, 1 threads per core) family 20 model 1 stepping 0, cmov, cx8, fxsr, mmx, sse, sse2, sse3, ssse3, popcnt, mmxext, lzcnt, sse4a

Memory: 4k page, physical 3705196k(975336k free), swap 3778556k(3778556k free)

vm_info: OpenJDK Server VM (20.0-b11) for linux-x86 JRE (1.6.0_23-b23), built on Feb 23 2012 06:26:43 by "buildd" with gcc 4.6.1

time: Tue Apr 17 09:51:44 2012
elapsed time: 35 seconds

