#
# A fatal error has been detected by the Java Runtime Environment:
#
#  SIGSEGV (0xb) at pc=0xb36b94bb, pid=4402, tid=3061328752
#
# JRE version: 6.0_23-b23
# Java VM: OpenJDK Server VM (20.0-b11 mixed mode linux-x86 )
# Derivative: IcedTea6 1.11pre
# Distribution: Ubuntu 11.10, package 6b23~pre11-0ubuntu1.11.10.2
# Problematic frame:
# j  java.security.AccessController.getInheritedAccessControlContext()Ljava/security/AccessControlContext;+0
#
# If you would like to submit a bug report, please include
# instructions how to reproduce the bug and visit:
#   https://bugs.launchpad.net/ubuntu/+source/openjdk-6/
#

---------------  T H R E A D  ---------------

Current thread (0x08af8800):  JavaThread "main" [_thread_in_Java, id=4405, stack(0xb6732000,0xb6783000)]

siginfo:si_signo=SIGSEGV: si_errno=0, si_code=2 (SEGV_ACCERR), si_addr=0xb6732ff8

Registers:
EAX=0x00000000, EBX=0x72c73ed0, ECX=0x000041c1, EDX=0x72c74328
ESP=0xb6735ff8, EBP=0xb6736018, ESI=0x72c73ed0, EDI=0xb6736024
EIP=0xb36b94bb, EFLAGS=0x00210287, CR2=0xb6732ff8

Top of Stack: (sp=0xb6735ff8)
0xb6735ff8:   b6735ff8 00000000 b6736024 72c74328
0xb6736008:   00000000 72c73ed0 00000000 b6736028
0xb6736018:   b6736048 b36b2047 00000000 00000000
0xb6736028:   b6736028 72c0ddd7 b6736074 72c744f0
0xb6736038:   00000000 72c0dfd0 b6736028 b6736074
0xb6736048:   b6736098 b36b2047 00000000 00000000
0xb6736058:   00000000 00000000 00000000 00000000
0xb6736068:   00000000 00000000 00000000 a157f2d0 

Instructions: (pc=0xb36b94bb)
0xb36b949b:   00 00 01 ff 43 14 8b 43 34 83 c1 08 83 e0 f8 89
0xb36b94ab:   4b 30 03 c8 3b 0d 50 f0 12 b7 0f 83 4f 04 00 00
0xb36b94bb:   89 84 24 00 d0 ff ff 8b c4 c1 e8 0c 8b 04 85 40
0xb36b94cb:   e5 13 b7 c6 80 75 01 00 00 00 80 3d a0 dc 12 b7 

Register to memory mapping:

EAX=0x00000000 is an unknown value
EBX=0x72c73ed0 is an oop
{method} 
 - klass: {other class}
ECX=0x000041c1 is an unknown value
EDX=0x72c74328 is an oop
{constant pool cache} 
 - klass: {other class}
ESP=0xb6735ff8 is pointing into the stack for thread: 0x08af8800
EBP=0xb6736018 is pointing into the stack for thread: 0x08af8800
ESI=0x72c73ed0 is an oop
{method} 
 - klass: {other class}
EDI=0xb6736024 is pointing into the stack for thread: 0x08af8800


Stack: [0xb6732000,0xb6783000],  sp=0xb6735ff8,  free space=15k
Native frames: (J=compiled Java code, j=interpreted, Vv=VM code, C=native code)
j  java.security.AccessController.getInheritedAccessControlContext()Ljava/security/AccessControlContext;+0
j  java.security.AccessControlContext.optimize()Ljava/security/AccessControlContext;+15
j  java.security.AccessController.getContext()Ljava/security/AccessControlContext;+19
j  java.lang.Thread.init(Ljava/lang/ThreadGroup;Ljava/lang/Runnable;Ljava/lang/String;J)V+135
j  java.lang.Thread.<init>()V+65
j  control.LauncherWrapper.<init>()V+1
j  launchers.KinectSkeletonLauncher.<init>()V+1
j  kinectThreads.KinectEnhacedSkeletonLauncher.<init>(I)V+1
j  launchers.KinectSkeletonLauncher.setUserId(I)V+11
j  launchers.KinectSkeletonLauncher.<init>()V+6
j  kinectThreads.KinectEnhacedSkeletonLauncher.<init>(I)V+1
j  launchers.KinectSkeletonLauncher.setUserId(I)V+11
j  launchers.KinectSkeletonLauncher.<init>()V+6
j  kinectThreads.KinectEnhacedSkeletonLauncher.<init>(I)V+1
j  launchers.KinectSkeletonLauncher.setUserId(I)V+11
j  launchers.KinectSkeletonLauncher.<init>()V+6
j  kinectThreads.KinectEnhacedSkeletonLauncher.<init>(I)V+1
j  launchers.KinectSkeletonLauncher.setUserId(I)V+11
j  launchers.KinectSkeletonLauncher.<init>()V+6
j  kinectThreads.KinectEnhacedSkeletonLauncher.<init>(I)V+1
j  launchers.KinectSkeletonLauncher.setUserId(I)V+11
j  launchers.KinectSkeletonLauncher.<init>()V+6
j  kinectThreads.KinectEnhacedSkeletonLauncher.<init>(I)V+1
j  launchers.KinectSkeletonLauncher.setUserId(I)V+11
j  launchers.KinectSkeletonLauncher.<init>()V+6
j  kinectThreads.KinectEnhacedSkeletonLauncher.<init>(I)V+1
j  launchers.KinectSkeletonLauncher.setUserId(I)V+11
j  launchers.KinectSkeletonLauncher.<init>()V+6
j  kinectThreads.KinectEnhacedSkeletonLauncher.<init>(I)V+1
j  launchers.KinectSkeletonLauncher.setUserId(I)V+11
j  launchers.KinectSkeletonLauncher.<init>()V+6
j  kinectThreads.KinectEnhacedSkeletonLauncher.<init>(I)V+1
j  launchers.KinectSkeletonLauncher.setUserId(I)V+11
j  launchers.KinectSkeletonLauncher.<init>()V+6
j  kinectThreads.KinectEnhacedSkeletonLauncher.<init>(I)V+1
j  launchers.KinectSkeletonLauncher.setUserId(I)V+11
j  launchers.KinectSkeletonLauncher.<init>()V+6
j  kinectThreads.KinectEnhacedSkeletonLauncher.<init>(I)V+1
j  launchers.KinectSkeletonLauncher.setUserId(I)V+11
j  launchers.KinectSkeletonLauncher.<init>()V+6
j  kinectThreads.KinectEnhacedSkeletonLauncher.<init>(I)V+1
j  launchers.KinectSkeletonLauncher.setUserId(I)V+11
j  launchers.KinectSkeletonLauncher.<init>()V+6
j  kinectThreads.KinectEnhacedSkeletonLauncher.<init>(I)V+1
j  launchers.KinectSkeletonLauncher.setUserId(I)V+11
j  launchers.KinectSkeletonLauncher.<init>()V+6
j  kinectThreads.KinectEnhacedSkeletonLauncher.<init>(I)V+1
j  launchers.KinectSkeletonLauncher.setUserId(I)V+11
j  launchers.KinectSkeletonLauncher.<init>()V+6
j  kinectThreads.KinectEnhacedSkeletonLauncher.<init>(I)V+1
j  launchers.KinectSkeletonLauncher.setUserId(I)V+11
j  launchers.KinectSkeletonLauncher.<init>()V+6
j  kinectThreads.KinectEnhacedSkeletonLauncher.<init>(I)V+1
j  launchers.KinectSkeletonLauncher.setUserId(I)V+11
j  launchers.KinectSkeletonLauncher.<init>()V+6
j  kinectThreads.KinectEnhacedSkeletonLauncher.<init>(I)V+1
j  launchers.KinectSkeletonLauncher.setUserId(I)V+11
j  launchers.KinectSkeletonLauncher.<init>()V+6
j  kinectThreads.KinectEnhacedSkeletonLauncher.<init>(I)V+1
j  launchers.KinectSkeletonLauncher.setUserId(I)V+11
j  launchers.KinectSkeletonLauncher.<init>()V+6
j  kinectThreads.KinectEnhacedSkeletonLauncher.<init>(I)V+1
j  launchers.KinectSkeletonLauncher.setUserId(I)V+11
j  launchers.KinectSkeletonLauncher.<init>()V+6
j  kinectThreads.KinectEnhacedSkeletonLauncher.<init>(I)V+1
j  launchers.KinectSkeletonLauncher.setUserId(I)V+11
j  launchers.KinectSkeletonLauncher.<init>()V+6
j  kinectThreads.KinectEnhacedSkeletonLauncher.<init>(I)V+1
j  launchers.KinectSkeletonLauncher.setUserId(I)V+11
j  launchers.KinectSkeletonLauncher.<init>()V+6
j  kinectThreads.KinectEnhacedSkeletonLauncher.<init>(I)V+1
j  launchers.KinectSkeletonLauncher.setUserId(I)V+11
j  launchers.KinectSkeletonLauncher.<init>()V+6
j  kinectThreads.KinectEnhacedSkeletonLauncher.<init>(I)V+1
j  launchers.KinectSkeletonLauncher.setUserId(I)V+11
j  launchers.KinectSkeletonLauncher.<init>()V+6
j  kinectThreads.KinectEnhacedSkeletonLauncher.<init>(I)V+1
j  launchers.KinectSkeletonLauncher.setUserId(I)V+11
j  launchers.KinectSkeletonLauncher.<init>()V+6
j  kinectThreads.KinectEnhacedSkeletonLauncher.<init>(I)V+1
j  launchers.KinectSkeletonLauncher.setUserId(I)V+11
j  launchers.KinectSkeletonLauncher.<init>()V+6
j  kinectThreads.KinectEnhacedSkeletonLauncher.<init>(I)V+1
j  launchers.KinectSkeletonLauncher.setUserId(I)V+11
j  launchers.KinectSkeletonLauncher.<init>()V+6
j  kinectThreads.KinectEnhacedSkeletonLauncher.<init>(I)V+1
j  launchers.KinectSkeletonLauncher.setUserId(I)V+11
j  launchers.KinectSkeletonLauncher.<init>()V+6
j  kinectThreads.KinectEnhacedSkeletonLauncher.<init>(I)V+1
j  launchers.KinectSkeletonLauncher.setUserId(I)V+11
j  launchers.KinectSkeletonLauncher.<init>()V+6
j  kinectThreads.KinectEnhacedSkeletonLauncher.<init>(I)V+1
j  launchers.KinectSkeletonLauncher.setUserId(I)V+11
j  launchers.KinectSkeletonLauncher.<init>()V+6
j  kinectThreads.KinectEnhacedSkeletonLauncher.<init>(I)V+1
j  launchers.KinectSkeletonLauncher.setUserId(I)V+11
j  launchers.KinectSkeletonLauncher.<init>()V+6
j  kinectThreads.KinectEnhacedSkeletonLauncher.<init>(I)V+1
j  launchers.KinectSkeletonLauncher.setUserId(I)V+11
j  launchers.KinectSkeletonLauncher.<init>()V+6
...<more frames>...


---------------  P R O C E S S  ---------------

Java Threads: ( => current thread )
  0x08d2e400 JavaThread "AWT-XAWT" daemon [_thread_in_native, id=4434, stack(0x5e3c7000,0x5e418000)]
  0x09140000 JavaThread "Java2D Disposer" daemon [_thread_blocked, id=4433, stack(0x5e423000,0x5e474000)]
  0x71caf000 JavaThread "Thread-1" [_thread_in_native, id=4428, stack(0x6560e000,0x6565f000)]
  0x08b9a800 JavaThread "Low Memory Detector" daemon [_thread_blocked, id=4416, stack(0x71f6e000,0x71fbf000)]
  0x08b98c00 JavaThread "C2 CompilerThread1" daemon [_thread_blocked, id=4415, stack(0x71fbf000,0x72040000)]
  0x08b96c00 JavaThread "C2 CompilerThread0" daemon [_thread_blocked, id=4414, stack(0x72040000,0x720c1000)]
  0x08b95400 JavaThread "Signal Dispatcher" daemon [_thread_blocked, id=4413, stack(0x720c1000,0x72112000)]
  0x08b82800 JavaThread "Finalizer" daemon [_thread_blocked, id=4412, stack(0x72484000,0x724d5000)]
  0x08b81000 JavaThread "Reference Handler" daemon [_thread_blocked, id=4411, stack(0x724d5000,0x72526000)]
=>0x08af8800 JavaThread "main" [_thread_in_Java, id=4405, stack(0xb6732000,0xb6783000)]

Other Threads:
  0x08b7d400 VMThread [stack: 0x72526000,0x725a7000] [id=4410]
  0x71e02800 WatcherThread [stack: 0x71d7f000,0x71e00000] [id=4417]

VM state:not at safepoint (normal execution)

VM Mutex/Monitor currently owned by a thread: None

Heap
 PSYoungGen      total 138560K, used 81308K [0xa07e0000, 0xb0ea0000, 0xb35e0000)
  eden space 72576K, 21% used [0xa07e0000,0xa16d7d78,0xa4ec0000)
  from space 65984K, 99% used [0xa4ec0000,0xa8f2f528,0xa8f30000)
  to   space 79040K, 0% used [0xac170000,0xac170000,0xb0ea0000)
 PSOldGen        total 140608K, used 60818K [0x7abe0000, 0x83530000, 0xa07e0000)
  object space 140608K, 43% used [0x7abe0000,0x7e744a50,0x83530000)
 PSPermGen       total 16384K, used 8595K [0x72be0000, 0x73be0000, 0x7abe0000)
  object space 16384K, 52% used [0x72be0000,0x73444de8,0x73be0000)

Code Cache  [0xb36af000, 0xb38ef000, 0xb66af000)
 total_blobs=416 nmethods=106 adapters=264 free_code_cache=49793664 largest_free_block=17920

Dynamic libraries:
08048000-08051000 r-xp 00000000 08:01 3029976    /usr/lib/jvm/java-6-openjdk/jre/bin/java
08051000-08052000 r--p 00008000 08:01 3029976    /usr/lib/jvm/java-6-openjdk/jre/bin/java
08052000-08053000 rw-p 00009000 08:01 3029976    /usr/lib/jvm/java-6-openjdk/jre/bin/java
08af1000-09257000 rw-p 00000000 00:00 0          [heap]
5e219000-5e2e2000 r-xp 00000000 08:01 2624184    /usr/lib/fglrx/libGL.so.1.2
5e2e2000-5e2ee000 rwxp 000c8000 08:01 2624184    /usr/lib/fglrx/libGL.so.1.2
5e2ee000-5e303000 rwxp 00000000 00:00 0 
5e303000-5e324000 r-xp 00000000 08:01 2887828    /usr/lib/jvm/java-6-openjdk/jre/lib/i386/libj3dcore-ogl.so
5e324000-5e325000 rw-p 00021000 08:01 2887828    /usr/lib/jvm/java-6-openjdk/jre/lib/i386/libj3dcore-ogl.so
5e325000-5e328000 ---p 00000000 00:00 0 
5e328000-5e376000 rwxp 00000000 00:00 0 
5e376000-5e379000 ---p 00000000 00:00 0 
5e379000-5e3c7000 rwxp 00000000 00:00 0 
5e3c7000-5e3ca000 ---p 00000000 00:00 0 
5e3ca000-5e418000 rwxp 00000000 00:00 0 
5e418000-5e421000 r-xp 00000000 08:01 2495608    /usr/lib/i386-linux-gnu/libXcursor.so.1.0.2
5e421000-5e422000 r--p 00008000 08:01 2495608    /usr/lib/i386-linux-gnu/libXcursor.so.1.0.2
5e422000-5e423000 rw-p 00009000 08:01 2495608    /usr/lib/i386-linux-gnu/libXcursor.so.1.0.2
5e423000-5e426000 ---p 00000000 00:00 0 
5e426000-5e474000 rwxp 00000000 00:00 0 
5e474000-5e506000 r-xp 00000000 08:01 2492008    /usr/lib/i386-linux-gnu/libfreetype.so.6.6.2
5e506000-5e50a000 r--p 00091000 08:01 2492008    /usr/lib/i386-linux-gnu/libfreetype.so.6.6.2
5e50a000-5e50b000 rw-p 00095000 08:01 2492008    /usr/lib/i386-linux-gnu/libfreetype.so.6.6.2
5e50b000-5e63c000 r-xp 00000000 08:01 2495602    /usr/lib/i386-linux-gnu/libX11.so.6.3.0
5e63c000-5e63d000 ---p 00131000 08:01 2495602    /usr/lib/i386-linux-gnu/libX11.so.6.3.0
5e63d000-5e63e000 r--p 00131000 08:01 2495602    /usr/lib/i386-linux-gnu/libX11.so.6.3.0
5e63e000-5e640000 rw-p 00132000 08:01 2495602    /usr/lib/i386-linux-gnu/libX11.so.6.3.0
5e640000-5e641000 rw-p 00000000 00:00 0 
5e641000-5e6d4000 r-xp 00000000 08:01 2886106    /usr/lib/jvm/java-6-openjdk/jre/lib/i386/libawt.so
5e6d4000-5e6d5000 r--p 00092000 08:01 2886106    /usr/lib/jvm/java-6-openjdk/jre/lib/i386/libawt.so
5e6d5000-5e6dc000 rw-p 00093000 08:01 2886106    /usr/lib/jvm/java-6-openjdk/jre/lib/i386/libawt.so
5e6dc000-5e700000 rw-p 00000000 00:00 0 
5e700000-5e7ae000 rw-p 00000000 00:00 0 
5e7ae000-5e800000 ---p 00000000 00:00 0 
5e807000-5e841000 r-xp 00000000 08:01 2886111    /usr/lib/jvm/java-6-openjdk/jre/lib/i386/libfontmanager.so
5e841000-5e842000 r--p 00039000 08:01 2886111    /usr/lib/jvm/java-6-openjdk/jre/lib/i386/libfontmanager.so
5e842000-5e843000 rw-p 0003a000 08:01 2886111    /usr/lib/jvm/java-6-openjdk/jre/lib/i386/libfontmanager.so
5e843000-5e88f000 r-xp 00000000 08:01 3542024    /usr/lib/jvm/java-6-openjdk/jre/lib/i386/xawt/libmawt.so
5e88f000-5e890000 r--p 0004b000 08:01 3542024    /usr/lib/jvm/java-6-openjdk/jre/lib/i386/xawt/libmawt.so
5e890000-5e892000 rw-p 0004c000 08:01 3542024    /usr/lib/jvm/java-6-openjdk/jre/lib/i386/xawt/libmawt.so
5e892000-5f400000 rw-p 00000000 00:00 0 
5f400000-5f4fd000 rw-p 00000000 00:00 0 
5f4fd000-5f500000 ---p 00000000 00:00 0 
5f51c000-5f80a000 rw-p 00000000 00:00 0 
5f80a000-61900000 r--s 00000000 00:12 61104      /run/shm/4419_045e.02ae@1.6_Image
61900000-619d0000 rw-p 00000000 00:00 0 
619d0000-61a00000 ---p 00000000 00:00 0 
61a01000-61a02000 r-xp 00000000 08:01 2886121    /usr/lib/jvm/java-6-openjdk/jre/lib/i386/libjawt.so
61a02000-61a03000 r--p 00000000 08:01 2886121    /usr/lib/jvm/java-6-openjdk/jre/lib/i386/libjawt.so
61a03000-61a04000 rw-p 00001000 08:01 2886121    /usr/lib/jvm/java-6-openjdk/jre/lib/i386/libjawt.so
61a04000-61a08000 r-xp 00000000 08:01 2495616    /usr/lib/i386-linux-gnu/libXfixes.so.3.1.0
61a08000-61a09000 r--p 00003000 08:01 2495616    /usr/lib/i386-linux-gnu/libXfixes.so.3.1.0
61a09000-61a0a000 rw-p 00004000 08:01 2495616    /usr/lib/i386-linux-gnu/libXfixes.so.3.1.0
61a0a000-61a0b000 r--s 00000000 08:01 2627543    /var/cache/fontconfig/c05880de57d1f5e948fdfacc138775d9-le32d4.cache-3
61a0b000-61a11000 r--s 00000000 08:01 2627540    /var/cache/fontconfig/945677eb7aeaf62f1d50efc3fb3ec7d8-le32d4.cache-3
61a11000-61a13000 r--s 00000000 08:01 2627541    /var/cache/fontconfig/99e8ed0e538f840c565b6ed5dad60d56-le32d4.cache-3
61a13000-61a16000 r--s 00000000 08:01 2627551    /var/cache/fontconfig/e383d7ea5fbe662a33d9b44caf393297-le32d4.cache-3
61a16000-61a19000 r--s 00000000 08:01 2627528    /var/cache/fontconfig/2cd17615ca594fa2959ae173292e504c-le32d4.cache-3
61a19000-61a1a000 r--s 00000000 08:01 2627552    /var/cache/fontconfig/e7071f4a29fa870f4323321c154eba04-le32d4.cache-3
61a1a000-61a1e000 r--s 00000000 08:01 2627537    /var/cache/fontconfig/6eb3985aa4124903f6ff08ba781cd364-le32d4.cache-3
61a1e000-61b00000 rw-p 00000000 00:00 0 
61b00000-61d00000 rw-p 00000000 00:00 0 
61d00000-61f00000 rw-p 00000000 00:00 0 
61f00000-62100000 rw-p 00000000 00:00 0 
62100000-62300000 rw-p 00000000 00:00 0 
62300000-62500000 rw-p 00000000 00:00 0 
62500000-62700000 rw-p 00000000 00:00 0 
62700000-62900000 rw-p 00000000 00:00 0 
62900000-62b00000 rw-p 00000000 00:00 0 
62b00000-62d00000 rw-p 00000000 00:00 0 
62d00000-62dff000 rw-p 00000000 00:00 0 
62dff000-62e00000 ---p 00000000 00:00 0 
62e00000-62eff000 rw-p 00000000 00:00 0 
62eff000-62f00000 ---p 00000000 00:00 0 
62f00000-63100000 rw-p 00000000 00:00 0 
63100000-63300000 rw-p 00000000 00:00 0 
63300000-63500000 rw-p 00000000 00:00 0 
63500000-63700000 rw-p 00000000 00:00 0 
63700000-63900000 rw-p 00000000 00:00 0 
63900000-63b00000 rw-p 00000000 00:00 0 
63b00000-63d00000 rw-p 00000000 00:00 0 
63d00000-63f00000 rw-p 00000000 00:00 0 
63f00000-64100000 rw-p 00000000 00:00 0 
64100000-64300000 rw-p 00000000 00:00 0 
64300000-64500000 rw-p 00000000 00:00 0 
64500000-64700000 rw-p 00000000 00:00 0 
64700000-64900000 rw-p 00000000 00:00 0 
64900000-649ff000 rw-p 00000000 00:00 0 
649ff000-64a00000 ---p 00000000 00:00 0 
64a00000-64b00000 rw-p 00000000 00:00 0 
64b00000-64cff000 rw-p 00000000 00:00 0 
64cff000-64d00000 ---p 00000000 00:00 0 
64d00000-64f00000 rw-p 00000000 00:00 0 
64f00000-65100000 rw-p 00000000 00:00 0 
65100000-65300000 rw-p 00000000 00:00 0 
65300000-65500000 rw-p 00000000 00:00 0 
65500000-65600000 rw-p 00000000 00:00 0 
65600000-65601000 r--s 00000000 08:01 2627532    /var/cache/fontconfig/4c73fe0c47614734b17d736dbde7580a-le32d4.cache-3
65601000-65602000 r--s 00000000 08:01 2627525    /var/cache/fontconfig/0d8c3b2ac0904cb8a57a757ad11a4a08-le32d4.cache-3
65602000-65603000 r--s 00000000 08:01 2627535    /var/cache/fontconfig/6a53c69dea097a2d716e069445527da8-le32d4.cache-3
65603000-65607000 r--s 00000000 08:01 2627542    /var/cache/fontconfig/a755afe4a08bf5b97852ceb7400b47bc-le32d4.cache-3
65607000-6560e000 r--s 00000000 08:01 2622661    /var/cache/fontconfig/6d41288fd70b0be22e8c3a91e032eec0-le32d4.cache-3
6560e000-65611000 ---p 00000000 00:00 0 
65611000-6565f000 rwxp 00000000 00:00 0 
6565f000-6bc00000 rw-p 00000000 00:00 0 
6bc00000-6bd00000 rw-p 00000000 00:00 0 
6bd02000-6bd06000 r--s 00000000 08:01 2633494    /var/cache/fontconfig/515ca1ebc4b18308bea979be5704f9db-le32d4.cache-3
6bd06000-6bd11000 r--s 00000000 08:01 2627526    /var/cache/fontconfig/0f34bcd4b6ee430af32735b75db7f02b-le32d4.cache-3
6bd11000-6bd14000 r--s 00000000 08:01 2627548    /var/cache/fontconfig/d60319d88cac85ba9e1a07bd06cfbb8c-le32d4.cache-3
6bd14000-6bd21000 r--s 00000000 08:01 2627547    /var/cache/fontconfig/d52a8644073d54c13679302ca1180695-le32d4.cache-3
6bd21000-6c300000 rw-p 00000000 00:00 0 
6c300000-6c3ed000 rw-p 00000000 00:00 0 
6c3ed000-6c400000 ---p 00000000 00:00 0 
6c400000-6c406000 r--s 00000000 08:01 2633493    /var/cache/fontconfig/153bb866d4d26e7cd19eee2129f8d8d2-le32d4.cache-3
6c406000-6c408000 r--s 00000000 08:01 2622659    /var/cache/fontconfig/e13b20fdb08344e0e664864cc2ede53d-le32d4.cache-3
6c408000-6c409000 r--s 00000000 08:01 2627543    /var/cache/fontconfig/c05880de57d1f5e948fdfacc138775d9-le32d4.cache-3
6c409000-6c40f000 r--s 00000000 08:01 2627540    /var/cache/fontconfig/945677eb7aeaf62f1d50efc3fb3ec7d8-le32d4.cache-3
6c40f000-6c42c000 r-xp 00000000 08:01 2495900    /usr/lib/i386-linux-gnu/libxcb.so.1.1.0
6c42c000-6c42d000 r--p 0001c000 08:01 2495900    /usr/lib/i386-linux-gnu/libxcb.so.1.1.0
6c42d000-6c42e000 rw-p 0001d000 08:01 2495900    /usr/lib/i386-linux-gnu/libxcb.so.1.1.0
6c42e000-6c500000 rw-p 00000000 00:00 0 
6c500000-6c600000 rw-p 00000000 00:00 0 
6c600000-6c603000 r--s 00000000 08:01 2633498    /var/cache/fontconfig/7ef2298fde41cc6eeb7af42e48b7d293-le32d4.cache-3
6c603000-6c605000 r--s 00000000 08:01 2627541    /var/cache/fontconfig/99e8ed0e538f840c565b6ed5dad60d56-le32d4.cache-3
6c605000-6c700000 rw-p 00000000 00:00 0 
6c700000-6c800000 rw-p 00000000 00:00 0 
6c800000-6c803000 r--s 00000000 08:01 2627528    /var/cache/fontconfig/2cd17615ca594fa2959ae173292e504c-le32d4.cache-3
6c803000-6c804000 r--s 00000000 08:01 2627552    /var/cache/fontconfig/e7071f4a29fa870f4323321c154eba04-le32d4.cache-3
6c804000-6c808000 r--s 00000000 08:01 2627537    /var/cache/fontconfig/6eb3985aa4124903f6ff08ba781cd364-le32d4.cache-3
6c808000-6c816000 r-xp 00000000 08:01 2495620    /usr/lib/i386-linux-gnu/libXi.so.6.1.0
6c816000-6c817000 r--p 0000d000 08:01 2495620    /usr/lib/i386-linux-gnu/libXi.so.6.1.0
6c817000-6c818000 rw-p 0000e000 08:01 2495620    /usr/lib/i386-linux-gnu/libXi.so.6.1.0
6c818000-6c829000 r-xp 00000000 08:01 2495614    /usr/lib/i386-linux-gnu/libXext.so.6.4.0
6c829000-6c82a000 r--p 00010000 08:01 2495614    /usr/lib/i386-linux-gnu/libXext.so.6.4.0
6c82a000-6c82b000 rw-p 00011000 08:01 2495614    /usr/lib/i386-linux-gnu/libXext.so.6.4.0
6c82b000-6c900000 rw-p 00000000 00:00 0 
6c900000-6ca00000 rw-p 00000000 00:00 0 
6ca00000-6cb00000 rw-p 00000000 00:00 0 
6cb00000-6cb03000 r--s 00000000 08:01 2627551    /var/cache/fontconfig/e383d7ea5fbe662a33d9b44caf393297-le32d4.cache-3
6cb03000-6cb0a000 r--s 00000000 08:01 2622661    /var/cache/fontconfig/6d41288fd70b0be22e8c3a91e032eec0-le32d4.cache-3
6cb0a000-6cc00000 rw-p 00000000 00:00 0 
6cc00000-6ccfc000 rw-p 00000000 00:00 0 
6ccfc000-6cd00000 ---p 00000000 00:00 0 
6cd00000-6dde3000 rw-p 00000000 00:00 0 
6dde3000-6e167000 r--s 00000000 00:12 60257      /run/shm/4419_045e.02ae@1.6_Depth
6e167000-6e1fe000 rw-p 00000000 00:00 0 
6e1fe000-6e1ff000 ---p 00000000 00:00 0 
6e1ff000-6e9ff000 rwxp 00000000 00:00 0 
6e9ff000-6ee00000 rw-p 00000000 00:00 0 
6ee00000-6ef00000 rw-p 00000000 00:00 0 
6ef01000-6ef0c000 r--s 00000000 08:01 2627526    /var/cache/fontconfig/0f34bcd4b6ee430af32735b75db7f02b-le32d4.cache-3
6ef0c000-6ef0f000 r--s 00000000 08:01 2627548    /var/cache/fontconfig/d60319d88cac85ba9e1a07bd06cfbb8c-le32d4.cache-3
6ef0f000-6ef10000 r--s 00000000 08:01 2625030    /var/cache/fontconfig/4794a0821666d79190d59a36cb4f44b5-le32d4.cache-3
6ef10000-6ef1d000 r--s 00000000 08:01 2627547    /var/cache/fontconfig/d52a8644073d54c13679302ca1180695-le32d4.cache-3
6ef1d000-6f000000 rw-p 00000000 00:00 0 
6f000000-6f0fc000 rw-p 00000000 00:00 0 
6f0fc000-6f100000 ---p 00000000 00:00 0 
6f100000-6f101000 r--p 00000000 00:00 0 
6f101000-6f105000 r--s 00000000 08:01 2627542    /var/cache/fontconfig/a755afe4a08bf5b97852ceb7400b47bc-le32d4.cache-3
6f105000-6f200000 rw-p 00000000 00:00 0 
6f200000-6f2ff000 rw-p 00000000 00:00 0 
6f2ff000-6f300000 ---p 00000000 00:00 0 
6f300000-6f301000 r--s 00000000 08:01 2625030    /var/cache/fontconfig/4794a0821666d79190d59a36cb4f44b5-le32d4.cache-3
6f301000-6f305000 r--s 00000000 08:01 2633494    /var/cache/fontconfig/515ca1ebc4b18308bea979be5704f9db-le32d4.cache-3
6f305000-6f30b000 r--s 00000000 08:01 2633493    /var/cache/fontconfig/153bb866d4d26e7cd19eee2129f8d8d2-le32d4.cache-3
6f30b000-6f600000 rw-p 00000000 00:00 0 
6f600000-6f7fc000 rw-p 00000000 00:00 0 
6f7fc000-6f800000 ---p 00000000 00:00 0 
6f800000-6f8fc000 rw-p 00000000 00:00 0 
6f8fc000-6f900000 ---p 00000000 00:00 0 
6f900000-6f9ff000 rw-p 00000000 00:00 0 
6f9ff000-6fa00000 ---p 00000000 00:00 0 
6fa00000-6fafd000 rw-p 00000000 00:00 0 
6fafd000-6fb00000 ---p 00000000 00:00 0 
6fb00000-6fb01000 r--s 00000000 08:01 2627532    /var/cache/fontconfig/4c73fe0c47614734b17d736dbde7580a-le32d4.cache-3
6fb01000-6fb02000 r--s 00000000 08:01 2627525    /var/cache/fontconfig/0d8c3b2ac0904cb8a57a757ad11a4a08-le32d4.cache-3
6fb02000-6fb07000 r-xp 00000000 08:01 2495612    /usr/lib/i386-linux-gnu/libXdmcp.so.6.0.0
6fb07000-6fb08000 r--p 00004000 08:01 2495612    /usr/lib/i386-linux-gnu/libXdmcp.so.6.0.0
6fb08000-6fb09000 rw-p 00005000 08:01 2495612    /usr/lib/i386-linux-gnu/libXdmcp.so.6.0.0
6fb09000-6fb2f000 rw-p 00000000 00:00 0 
6fb2f000-6feb3000 r--s 00000000 00:12 60257      /run/shm/4419_045e.02ae@1.6_Depth
6feb3000-6ff4a000 rw-p 00000000 00:00 0 
6ff4a000-6ff4b000 ---p 00000000 00:00 0 
6ff4b000-7074b000 rwxp 00000000 00:00 0 
7074b000-70b4c000 rw-p 00000000 00:00 0 
70b4c000-70bd8000 r-xp 00000000 08:01 2504881    /usr/lib/libXnDeviceSensorV2KM.so
70bd8000-70be1000 r--p 0008b000 08:01 2504881    /usr/lib/libXnDeviceSensorV2KM.so
70be1000-70be2000 rw-p 00094000 08:01 2504881    /usr/lib/libXnDeviceSensorV2KM.so
70be2000-70c0e000 r-xp 00000000 08:01 2504355    /usr/lib/libXnDeviceFile.so
70c0e000-70c0f000 ---p 0002c000 08:01 2504355    /usr/lib/libXnDeviceFile.so
70c0f000-70c10000 r--p 0002c000 08:01 2504355    /usr/lib/libXnDeviceFile.so
70c10000-70c11000 rw-p 0002d000 08:01 2504355    /usr/lib/libXnDeviceFile.so
70c11000-70c63000 r-xp 00000000 08:01 2504354    /usr/lib/libXnDDK.so
70c63000-70c64000 ---p 00052000 08:01 2504354    /usr/lib/libXnDDK.so
70c64000-70c66000 r--p 00052000 08:01 2504354    /usr/lib/libXnDDK.so
70c66000-70c67000 rw-p 00054000 08:01 2504354    /usr/lib/libXnDDK.so
70c67000-70c8a000 r-xp 00000000 08:01 2504357    /usr/lib/libXnFormats.so
70c8a000-70c8b000 r--p 00022000 08:01 2504357    /usr/lib/libXnFormats.so
70c8b000-70c8c000 rw-p 00023000 08:01 2504357    /usr/lib/libXnFormats.so
70c8c000-70cac000 rw-p 00000000 00:00 0 
70cac000-70d45000 r-xp 00000000 08:01 2504356    /usr/lib/libXnDeviceSensorV2.so
70d45000-70d4e000 r--p 00098000 08:01 2504356    /usr/lib/libXnDeviceSensorV2.so
70d4e000-70d4f000 rw-p 000a1000 08:01 2504356    /usr/lib/libXnDeviceSensorV2.so
70d4f000-70e32000 r-xp 00000000 08:01 2504285    /usr/lib/libXnVHandGenerator_1_5_2.so
70e32000-70e35000 r--p 000e3000 08:01 2504285    /usr/lib/libXnVHandGenerator_1_5_2.so
70e35000-70e36000 rw-p 000e6000 08:01 2504285    /usr/lib/libXnVHandGenerator_1_5_2.so
70e36000-70e42000 rw-p 00000000 00:00 0 
70e42000-70f17000 r-xp 00000000 08:01 2504282    /usr/lib/libXnVHandGenerator_1_4_2.so
70f17000-70f18000 ---p 000d5000 08:01 2504282    /usr/lib/libXnVHandGenerator_1_4_2.so
70f18000-70f1a000 r--p 000d5000 08:01 2504282    /usr/lib/libXnVHandGenerator_1_4_2.so
70f1a000-70f1b000 rw-p 000d7000 08:01 2504282    /usr/lib/libXnVHandGenerator_1_4_2.so
70f1b000-70f1d000 rw-p 00000000 00:00 0 
70f1d000-70ff1000 r-xp 00000000 08:01 2504279    /usr/lib/libXnVHandGenerator_1_4_1.so
70ff1000-70ff2000 ---p 000d4000 08:01 2504279    /usr/lib/libXnVHandGenerator_1_4_1.so
70ff2000-70ff4000 r--p 000d4000 08:01 2504279    /usr/lib/libXnVHandGenerator_1_4_1.so
70ff4000-70ff5000 rw-p 000d6000 08:01 2504279    /usr/lib/libXnVHandGenerator_1_4_1.so
70ff5000-70ff7000 rw-p 00000000 00:00 0 
70ff7000-710d5000 r-xp 00000000 08:01 2504275    /usr/lib/libXnVHandGenerator_1_3_1.so
710d5000-710d8000 r--p 000dd000 08:01 2504275    /usr/lib/libXnVHandGenerator_1_3_1.so
710d8000-710d9000 rw-p 000e0000 08:01 2504275    /usr/lib/libXnVHandGenerator_1_3_1.so
710d9000-710db000 rw-p 00000000 00:00 0 
710db000-714dc000 r-xp 00000000 08:01 2504268    /usr/lib/libXnVFeatures_1_5_2.so
714dc000-714dd000 ---p 00401000 08:01 2504268    /usr/lib/libXnVFeatures_1_5_2.so
714dd000-714e5000 r--p 00401000 08:01 2504268    /usr/lib/libXnVFeatures_1_5_2.so
714e5000-714e6000 rw-p 00409000 08:01 2504268    /usr/lib/libXnVFeatures_1_5_2.so
714e6000-714fa000 rw-p 00000000 00:00 0 
714fa000-716e1000 r-xp 00000000 08:01 2504257    /usr/lib/libXnVFeatures_1_4_2.so
716e1000-716e4000 r--p 001e6000 08:01 2504257    /usr/lib/libXnVFeatures_1_4_2.so
716e4000-716e5000 rw-p 001e9000 08:01 2504257    /usr/lib/libXnVFeatures_1_4_2.so
716e5000-716ea000 rw-p 00000000 00:00 0 
716ea000-718d1000 r-xp 00000000 08:01 2504252    /usr/lib/libXnVFeatures_1_4_1.so
718d1000-718d4000 r--p 001e6000 08:01 2504252    /usr/lib/libXnVFeatures_1_4_1.so
718d4000-718d5000 rw-p 001e9000 08:01 2504252    /usr/lib/libXnVFeatures_1_4_1.so
718d5000-718da000 rw-p 00000000 00:00 0 
718da000-71af8000 r-xp 00000000 08:01 2504247    /usr/lib/libXnVFeatures_1_3_1.so
71af8000-71af9000 ---p 0021e000 08:01 2504247    /usr/lib/libXnVFeatures_1_3_1.so
71af9000-71afc000 r--p 0021e000 08:01 2504247    /usr/lib/libXnVFeatures_1_3_1.so
71afc000-71afd000 rw-p 00221000 08:01 2504247    /usr/lib/libXnVFeatures_1_3_1.so
71afd000-71b02000 rw-p 00000000 00:00 0 
71b02000-71b25000 r-xp 00000000 08:01 2503957    /usr/lib/libnimRecorder.so
71b25000-71b26000 r--p 00023000 08:01 2503957    /usr/lib/libnimRecorder.so
71b26000-71b27000 rw-p 00024000 08:01 2503957    /usr/lib/libnimRecorder.so
71b27000-71b5b000 r-xp 00000000 08:01 2503954    /usr/lib/libnimCodecs.so
71b5b000-71b5c000 ---p 00034000 08:01 2503954    /usr/lib/libnimCodecs.so
71b5c000-71b5e000 r--p 00034000 08:01 2503954    /usr/lib/libnimCodecs.so
71b5e000-71b5f000 rw-p 00036000 08:01 2503954    /usr/lib/libnimCodecs.so
71b5f000-71b7f000 rw-p 00000000 00:00 0 
71b7f000-71bfc000 r-xp 00000000 08:01 2503960    /usr/lib/libOpenNI.so
71bfc000-71bfe000 r--p 0007c000 08:01 2503960    /usr/lib/libOpenNI.so
71bfe000-71c00000 rw-p 0007e000 08:01 2503960    /usr/lib/libOpenNI.so
71c00000-71ce4000 rw-p 00000000 00:00 0 
71ce4000-71d00000 ---p 00000000 00:00 0 
71d00000-71d02000 r-xp 00000000 08:01 2495604    /usr/lib/i386-linux-gnu/libXau.so.6.0.0
71d02000-71d03000 r--p 00001000 08:01 2495604    /usr/lib/i386-linux-gnu/libXau.so.6.0.0
71d03000-71d04000 rw-p 00002000 08:01 2495604    /usr/lib/i386-linux-gnu/libXau.so.6.0.0
71d04000-71d09000 r-xp 00000000 08:01 2493164    /usr/lib/libXtst.so.6.1.0
71d09000-71d0a000 r--p 00004000 08:01 2493164    /usr/lib/libXtst.so.6.1.0
71d0a000-71d0b000 rw-p 00005000 08:01 2493164    /usr/lib/libXtst.so.6.1.0
71d0b000-71d0e000 r-xp 00000000 08:01 2504353    /usr/lib/libXnCore.so
71d0e000-71d0f000 r--p 00002000 08:01 2504353    /usr/lib/libXnCore.so
71d0f000-71d10000 rw-p 00003000 08:01 2504353    /usr/lib/libXnCore.so
71d10000-71d41000 r-xp 00000000 08:01 2503956    /usr/lib/libnimMockNodes.so
71d41000-71d47000 r--p 00031000 08:01 2503956    /usr/lib/libnimMockNodes.so
71d47000-71d48000 rw-p 00037000 08:01 2503956    /usr/lib/libnimMockNodes.so
71d48000-71d55000 r-xp 00000000 08:01 1704944    /lib/i386-linux-gnu/libusb-1.0.so.0.0.0
71d55000-71d56000 r--p 0000c000 08:01 1704944    /lib/i386-linux-gnu/libusb-1.0.so.0.0.0
71d56000-71d57000 rw-p 0000d000 08:01 1704944    /lib/i386-linux-gnu/libusb-1.0.so.0.0.0
71d57000-71d75000 r-xp 00000000 08:01 2503959    /usr/lib/libOpenNI.jni.so
71d75000-71d76000 r--p 0001d000 08:01 2503959    /usr/lib/libOpenNI.jni.so
71d76000-71d78000 rw-p 0001e000 08:01 2503959    /usr/lib/libOpenNI.jni.so
71d78000-71d7d000 r-xp 00000000 08:01 2513317    /usr/lib/libusbpp-0.1.so.4.4.4
71d7d000-71d7e000 r--p 00004000 08:01 2513317    /usr/lib/libusbpp-0.1.so.4.4.4
71d7e000-71d7f000 rw-p 00005000 08:01 2513317    /usr/lib/libusbpp-0.1.so.4.4.4
71d7f000-71d80000 ---p 00000000 00:00 0 
71d80000-71e00000 rwxp 00000000 00:00 0 
71e00000-71efa000 rw-p 00000000 00:00 0 
71efa000-71f00000 ---p 00000000 00:00 0 
71f00000-71f01000 r--s 00000000 08:01 2627535    /var/cache/fontconfig/6a53c69dea097a2d716e069445527da8-le32d4.cache-3
71f01000-71f08000 r-xp 00000000 08:01 1704036    /lib/libusb-0.1.so.4.4.4
71f08000-71f09000 r--p 00006000 08:01 1704036    /lib/libusb-0.1.so.4.4.4
71f09000-71f0a000 rw-p 00007000 08:01 1704036    /lib/libusb-0.1.so.4.4.4
71f0a000-71f0b000 rw-p 00000000 00:00 0 
71f0b000-71f0e000 r--s 00000000 08:01 2633498    /var/cache/fontconfig/7ef2298fde41cc6eeb7af42e48b7d293-le32d4.cache-3
71f0e000-71f17000 r-xp 00000000 08:01 2495626    /usr/lib/i386-linux-gnu/libXrender.so.1.3.0
71f17000-71f18000 r--p 00008000 08:01 2495626    /usr/lib/i386-linux-gnu/libXrender.so.1.3.0
71f18000-71f19000 rw-p 00009000 08:01 2495626    /usr/lib/i386-linux-gnu/libXrender.so.1.3.0
71f19000-71f20000 r--s 000fb000 08:01 2896159    /usr/lib/jvm/java-6-openjdk/jre/lib/resources.jar
71f20000-71f28000 r-xp 00000000 08:01 269300     /usr/lib/libusbJava.so.0.2.4
71f28000-71f29000 rw-p 00007000 08:01 269300     /usr/lib/libusbJava.so.0.2.4
71f29000-71f47000 r--s 0024d000 08:01 272520     /home/norut/workspace/CommModule3.0/lib/KinectLibrary.jar
71f47000-71f49000 r--s 0004c000 08:01 270165     /home/norut/workspace/CommModule3.0/lib/vecmath.jar
71f49000-71f4d000 r--s 0001b000 08:01 270164     /home/norut/workspace/CommModule3.0/lib/org.OpenNI.jar
71f4d000-71f5b000 r--s 00193000 08:01 270161     /home/norut/workspace/CommModule3.0/lib/j3dutils.jar
71f5b000-71f67000 r--s 002c7000 08:01 270151     /home/norut/workspace/CommModule3.0/lib/j3dcore.jar
71f67000-71f6b000 r--s 000fc000 08:01 268885     /home/norut/workspace/CommModule3.0/lib/NoninLibrary.jar
71f6b000-71f6e000 r--s 00012000 08:01 268892     /home/norut/workspace/CommModule3.0/lib/IRGlanceLibrary.jar
71f6e000-71fbf000 rwxp 00000000 00:00 0 
71fbf000-71fc0000 ---p 00000000 00:00 0 
71fc0000-72040000 rwxp 00000000 00:00 0 
72040000-72041000 ---p 00000000 00:00 0 
72041000-72112000 rwxp 00000000 00:00 0 
72112000-72113000 r--p 006a5000 08:01 2497487    /usr/lib/locale/locale-archive
72113000-72244000 r--p 0043d000 08:01 2497487    /usr/lib/locale/locale-archive
72244000-72284000 r--p 002bd000 08:01 2497487    /usr/lib/locale/locale-archive
72284000-72484000 r--p 00000000 08:01 2497487    /usr/lib/locale/locale-archive
72484000-72526000 rwxp 00000000 00:00 0 
72526000-72527000 ---p 00000000 00:00 0 
72527000-725a7000 rwxp 00000000 00:00 0 
725a7000-725da000 rw-p 00000000 00:00 0 
725da000-7276a000 r--s 037ba000 08:01 2886099    /usr/lib/jvm/java-6-openjdk/jre/lib/rt.jar
7276a000-7276b000 ---p 00000000 00:00 0 
7276b000-727eb000 rwxp 00000000 00:00 0 
727eb000-727ec000 ---p 00000000 00:00 0 
727ec000-7286c000 rwxp 00000000 00:00 0 
7286c000-72874000 rw-p 00000000 00:00 0 
72874000-728ac000 rw-p 00000000 00:00 0 
728ac000-728f1000 rw-p 00000000 00:00 0 
728f1000-729da000 rw-p 00000000 00:00 0 
729da000-729e2000 rw-p 00000000 00:00 0 
729e2000-72a1a000 rw-p 00000000 00:00 0 
72a1a000-72a5f000 rw-p 00000000 00:00 0 
72a5f000-72b48000 rw-p 00000000 00:00 0 
72b48000-72bcc000 rw-p 00000000 00:00 0 
72bcc000-72bdf000 rw-p 00000000 00:00 0 
72bdf000-73be0000 rw-p 00000000 00:00 0 
73be0000-7abe0000 rw-p 00000000 00:00 0 
7abe0000-83530000 rw-p 00000000 00:00 0 
83530000-a07e0000 rw-p 00000000 00:00 0 
a07e0000-b0ea0000 rw-p 00000000 00:00 0 
b0ea0000-b35e0000 rw-p 00000000 00:00 0 
b35e0000-b35e2000 r--s 00000000 08:01 2622659    /var/cache/fontconfig/e13b20fdb08344e0e664864cc2ede53d-le32d4.cache-3
b35e2000-b35e7000 r--s 0009b000 08:01 268849     /home/norut/workspace/CommModule3.0/lib/WiiboardSimple2.0.jar
b35e7000-b35ef000 r--s 00066000 08:01 2895241    /usr/share/java/gnome-java-bridge.jar
b35ef000-b35f8000 rw-p 00000000 00:00 0 
b35f8000-b36af000 rw-p 00000000 00:00 0 
b36af000-b38ef000 rwxp 00000000 00:00 0 
b38ef000-b66af000 rw-p 00000000 00:00 0 
b66af000-b66ba000 r-xp 00000000 08:01 1713725    /lib/i386-linux-gnu/libnss_files-2.13.so
b66ba000-b66bb000 r--p 0000a000 08:01 1713725    /lib/i386-linux-gnu/libnss_files-2.13.so
b66bb000-b66bc000 rw-p 0000b000 08:01 1713725    /lib/i386-linux-gnu/libnss_files-2.13.so
b66bc000-b66c6000 r-xp 00000000 08:01 1713727    /lib/i386-linux-gnu/libnss_nis-2.13.so
b66c6000-b66c7000 r--p 00009000 08:01 1713727    /lib/i386-linux-gnu/libnss_nis-2.13.so
b66c7000-b66c8000 rw-p 0000a000 08:01 1713727    /lib/i386-linux-gnu/libnss_nis-2.13.so
b66c8000-b66dd000 r-xp 00000000 08:01 1713722    /lib/i386-linux-gnu/libnsl-2.13.so
b66dd000-b66de000 r--p 00015000 08:01 1713722    /lib/i386-linux-gnu/libnsl-2.13.so
b66de000-b66df000 rw-p 00016000 08:01 1713722    /lib/i386-linux-gnu/libnsl-2.13.so
b66df000-b66e1000 rw-p 00000000 00:00 0 
b66e1000-b66e9000 r-xp 00000000 08:01 1713723    /lib/i386-linux-gnu/libnss_compat-2.13.so
b66e9000-b66ea000 r--p 00007000 08:01 1713723    /lib/i386-linux-gnu/libnss_compat-2.13.so
b66ea000-b66eb000 rw-p 00008000 08:01 1713723    /lib/i386-linux-gnu/libnss_compat-2.13.so
b66eb000-b66ec000 rw-s 00000000 00:12 60274      /run/shm/045e.02ae@1.6-SM (deleted)
b66ec000-b66ef000 r--s 00011000 08:01 269114     /home/norut/workspace/CommModule3.0/lib/wii-gee-plugin-wiimote-android_fat.jar
b66ef000-b66f6000 r-xp 00000000 08:01 2896164    /usr/lib/jvm/java-6-openjdk/jre/lib/i386/libzip.so
b66f6000-b66f7000 r--p 00006000 08:01 2896164    /usr/lib/jvm/java-6-openjdk/jre/lib/i386/libzip.so
b66f7000-b66f8000 rw-p 00007000 08:01 2896164    /usr/lib/jvm/java-6-openjdk/jre/lib/i386/libzip.so
b66f8000-b6700000 rw-s 00000000 08:01 1582236    /tmp/hsperfdata_root/4402
b6700000-b6726000 r-xp 00000000 08:01 2886119    /usr/lib/jvm/java-6-openjdk/jre/lib/i386/libjava.so
b6726000-b6727000 r--p 00025000 08:01 2886119    /usr/lib/jvm/java-6-openjdk/jre/lib/i386/libjava.so
b6727000-b6729000 rw-p 00026000 08:01 2886119    /usr/lib/jvm/java-6-openjdk/jre/lib/i386/libjava.so
b6729000-b6730000 r-xp 00000000 08:01 1713732    /lib/i386-linux-gnu/librt-2.13.so
b6730000-b6731000 r--p 00006000 08:01 1713732    /lib/i386-linux-gnu/librt-2.13.so
b6731000-b6732000 rw-p 00007000 08:01 1713732    /lib/i386-linux-gnu/librt-2.13.so
b6732000-b6733000 rw-p 00000000 00:00 0 
b6733000-b6783000 rwxp 00000000 00:00 0 
b6783000-b679f000 r-xp 00000000 08:01 1704890    /lib/i386-linux-gnu/libgcc_s.so.1
b679f000-b67a0000 r--p 0001b000 08:01 1704890    /lib/i386-linux-gnu/libgcc_s.so.1
b67a0000-b67a1000 rw-p 0001c000 08:01 1704890    /lib/i386-linux-gnu/libgcc_s.so.1
b67a1000-b67c9000 r-xp 00000000 08:01 1713720    /lib/i386-linux-gnu/libm-2.13.so
b67c9000-b67ca000 r--p 00028000 08:01 1713720    /lib/i386-linux-gnu/libm-2.13.so
b67ca000-b67cb000 rw-p 00029000 08:01 1713720    /lib/i386-linux-gnu/libm-2.13.so
b67cb000-b68a9000 r-xp 00000000 08:01 2495867    /usr/lib/i386-linux-gnu/libstdc++.so.6.0.16
b68a9000-b68aa000 ---p 000de000 08:01 2495867    /usr/lib/i386-linux-gnu/libstdc++.so.6.0.16
b68aa000-b68ae000 r--p 000de000 08:01 2495867    /usr/lib/i386-linux-gnu/libstdc++.so.6.0.16
b68ae000-b68af000 rw-p 000e2000 08:01 2495867    /usr/lib/i386-linux-gnu/libstdc++.so.6.0.16
b68af000-b68b6000 rw-p 00000000 00:00 0 
b68b6000-b70d4000 r-xp 00000000 08:01 3028099    /usr/lib/jvm/java-6-openjdk/jre/lib/i386/server/libjvm.so
b70d4000-b7119000 r--p 0081e000 08:01 3028099    /usr/lib/jvm/java-6-openjdk/jre/lib/i386/server/libjvm.so
b7119000-b7128000 rw-p 00863000 08:01 3028099    /usr/lib/jvm/java-6-openjdk/jre/lib/i386/server/libjvm.so
b7128000-b7544000 rw-p 00000000 00:00 0 
b7544000-b7557000 r-xp 00000000 08:01 1704952    /lib/i386-linux-gnu/libz.so.1.2.3.4
b7557000-b7558000 r--p 00012000 08:01 1704952    /lib/i386-linux-gnu/libz.so.1.2.3.4
b7558000-b7559000 rw-p 00013000 08:01 1704952    /lib/i386-linux-gnu/libz.so.1.2.3.4
b7559000-b76d1000 r-xp 00000000 08:01 1713716    /lib/i386-linux-gnu/libc-2.13.so
b76d1000-b76d3000 r--p 00178000 08:01 1713716    /lib/i386-linux-gnu/libc-2.13.so
b76d3000-b76d4000 rw-p 0017a000 08:01 1713716    /lib/i386-linux-gnu/libc-2.13.so
b76d4000-b76d7000 rw-p 00000000 00:00 0 
b76d7000-b76da000 r-xp 00000000 08:01 1713719    /lib/i386-linux-gnu/libdl-2.13.so
b76da000-b76db000 r--p 00002000 08:01 1713719    /lib/i386-linux-gnu/libdl-2.13.so
b76db000-b76dc000 rw-p 00003000 08:01 1713719    /lib/i386-linux-gnu/libdl-2.13.so
b76dc000-b76e0000 r-xp 00000000 08:01 2886103    /usr/lib/jvm/java-6-openjdk/jre/lib/i386/jli/libjli.so
b76e0000-b76e1000 r--p 00003000 08:01 2886103    /usr/lib/jvm/java-6-openjdk/jre/lib/i386/jli/libjli.so
b76e1000-b76e2000 rw-p 00004000 08:01 2886103    /usr/lib/jvm/java-6-openjdk/jre/lib/i386/jli/libjli.so
b76e2000-b76e3000 rw-p 00000000 00:00 0 
b76e3000-b76fa000 r-xp 00000000 08:01 1713730    /lib/i386-linux-gnu/libpthread-2.13.so
b76fa000-b76fb000 r--p 00016000 08:01 1713730    /lib/i386-linux-gnu/libpthread-2.13.so
b76fb000-b76fc000 rw-p 00017000 08:01 1713730    /lib/i386-linux-gnu/libpthread-2.13.so
b76fc000-b76fe000 rw-p 00000000 00:00 0 
b76fe000-b7701000 r--s 0007d000 08:01 2896155    /usr/lib/jvm/java-6-openjdk/jre/lib/jsse.jar
b7701000-b7703000 r--s 0000f000 08:01 2896143    /usr/lib/jvm/java-6-openjdk/jre/lib/ext/pulse-java.jar
b7703000-b7704000 rw-p 00000000 00:00 0 
b7704000-b7705000 r--p 00000000 00:00 0 
b7705000-b7710000 r-xp 00000000 08:01 2886139    /usr/lib/jvm/java-6-openjdk/jre/lib/i386/libverify.so
b7710000-b7711000 ---p 0000b000 08:01 2886139    /usr/lib/jvm/java-6-openjdk/jre/lib/i386/libverify.so
b7711000-b7712000 r--p 0000b000 08:01 2886139    /usr/lib/jvm/java-6-openjdk/jre/lib/i386/libverify.so
b7712000-b7713000 rw-p 0000c000 08:01 2886139    /usr/lib/jvm/java-6-openjdk/jre/lib/i386/libverify.so
b7713000-b7715000 rw-p 00000000 00:00 0 
b7715000-b7716000 r-xp 00000000 00:00 0          [vdso]
b7716000-b7734000 r-xp 00000000 08:01 1713713    /lib/i386-linux-gnu/ld-2.13.so
b7734000-b7735000 r--p 0001d000 08:01 1713713    /lib/i386-linux-gnu/ld-2.13.so
b7735000-b7736000 rw-p 0001e000 08:01 1713713    /lib/i386-linux-gnu/ld-2.13.so
bfdc4000-bfde5000 rwxp 00000000 00:00 0          [stack]

VM Arguments:
jvm_args: -Dfile.encoding=UTF-8 
java_command: test.TestGrande
Launcher Type: SUN_STANDARD

Environment Variables:
PATH=/usr/local/sbin:/usr/local/bin:/usr/sbin:/usr/bin:/sbin:/bin:/usr/X11R6/bin
USERNAME=root
LD_LIBRARY_PATH=/usr/lib/jvm/java-6-openjdk/jre/lib/i386/server:/usr/lib/jvm/java-6-openjdk/jre/lib/i386:/usr/lib/jvm/java-6-openjdk/jre/../lib/i386:/usr/lib/jvm/java-6-openjdk/jre/lib/i386/client:/usr/lib/jvm/java-6-openjdk/jre/lib/i386:
SHELL=/bin/bash
DISPLAY=:0.0

Signal Handlers:
SIGSEGV: [libjvm.so+0x66a530], sa_mask[0]=0x7ffbfeff, sa_flags=0x10000004
SIGBUS: [libjvm.so+0x66a530], sa_mask[0]=0x7ffbfeff, sa_flags=0x10000004
SIGFPE: [libjvm.so+0x52e2c0], sa_mask[0]=0x7ffbfeff, sa_flags=0x10000004
SIGPIPE: [libjvm.so+0x52e2c0], sa_mask[0]=0x7ffbfeff, sa_flags=0x10000004
SIGXFSZ: [libjvm.so+0x52e2c0], sa_mask[0]=0x7ffbfeff, sa_flags=0x10000004
SIGILL: [libjvm.so+0x52e2c0], sa_mask[0]=0x7ffbfeff, sa_flags=0x10000004
SIGUSR1: SIG_DFL, sa_mask[0]=0x00000000, sa_flags=0x00000000
SIGUSR2: [libjvm.so+0x52e150], sa_mask[0]=0x00000004, sa_flags=0x10000004
SIGHUP: [libjvm.so+0x5311f0], sa_mask[0]=0x7ffbfeff, sa_flags=0x10000004
SIGINT: [libjvm.so+0x5311f0], sa_mask[0]=0x7ffbfeff, sa_flags=0x10000004
SIGTERM: [libjvm.so+0x5311f0], sa_mask[0]=0x7ffbfeff, sa_flags=0x10000004
SIGQUIT: [libjvm.so+0x5311f0], sa_mask[0]=0x7ffbfeff, sa_flags=0x10000004


---------------  S Y S T E M  ---------------

OS:Ubuntu 11.10 (oneiric)
uname:Linux 3.0.0-17-generic-pae #30-Ubuntu SMP Thu Mar 8 17:53:35 UTC 2012 i686
libc:glibc 2.13 NPTL 2.13 
rlimit: STACK 8192k, CORE 0k, NPROC 28837, NOFILE 4096, AS infinity
load average:0.99 0.43 0.34

/proc/meminfo:
MemTotal:        3705196 kB
MemFree:          846600 kB
Buffers:          340180 kB
Cached:          1049240 kB
SwapCached:            0 kB
Active:          1833496 kB
Inactive:         793912 kB
Active(anon):    1239032 kB
Inactive(anon):    11480 kB
Active(file):     594464 kB
Inactive(file):   782432 kB
Unevictable:          60 kB
Mlocked:              60 kB
HighTotal:       2866716 kB
HighFree:         465084 kB
LowTotal:         838480 kB
LowFree:          381516 kB
SwapTotal:       3778556 kB
SwapFree:        3778556 kB
Dirty:               344 kB
Writeback:             0 kB
AnonPages:       1238068 kB
Mapped:           215048 kB
Shmem:             12528 kB
Slab:              80852 kB
SReclaimable:      65660 kB
SUnreclaim:        15192 kB
KernelStack:        3360 kB
PageTables:        10148 kB
NFS_Unstable:          0 kB
Bounce:                0 kB
WritebackTmp:          0 kB
CommitLimit:     5631152 kB
Committed_AS:    2993848 kB
VmallocTotal:     122880 kB
VmallocUsed:       45968 kB
VmallocChunk:      73112 kB
HardwareCorrupted:     0 kB
AnonHugePages:         0 kB
HugePages_Total:       0
HugePages_Free:        0
HugePages_Rsvd:        0
HugePages_Surp:        0
Hugepagesize:       2048 kB
DirectMap4k:       10232 kB
DirectMap2M:      903168 kB


CPU:total 2 (2 cores per cpu, 1 threads per core) family 20 model 1 stepping 0, cmov, cx8, fxsr, mmx, sse, sse2, sse3, ssse3, popcnt, mmxext, lzcnt, sse4a

Memory: 4k page, physical 3705196k(846600k free), swap 3778556k(3778556k free)

vm_info: OpenJDK Server VM (20.0-b11) for linux-x86 JRE (1.6.0_23-b23), built on Feb 23 2012 06:26:43 by "buildd" with gcc 4.6.1

time: Tue Apr 17 09:41:41 2012
elapsed time: 20 seconds

