#
# A fatal error has been detected by the Java Runtime Environment:
#
#  SIGSEGV (0xb) at pc=0xb36f64bb, pid=4144, tid=3061578608
#
# JRE version: 6.0_23-b23
# Java VM: OpenJDK Server VM (20.0-b11 mixed mode linux-x86 )
# Derivative: IcedTea6 1.11pre
# Distribution: Ubuntu 11.10, package 6b23~pre11-0ubuntu1.11.10.2
# Problematic frame:
# j  java.security.AccessController.getInheritedAccessControlContext()Ljava/security/AccessControlContext;+0
#
# If you would like to submit a bug report, please include
# instructions how to reproduce the bug and visit:
#   https://bugs.launchpad.net/ubuntu/+source/openjdk-6/
#

---------------  T H R E A D  ---------------

Current thread (0x08c98800):  JavaThread "main" [_thread_in_Java, id=4148, stack(0xb676f000,0xb67c0000)]

siginfo:si_signo=SIGSEGV: si_errno=0, si_code=2 (SEGV_ACCERR), si_addr=0xb676fffc

Registers:
EAX=0x00000000, EBX=0x72cb3ed0, ECX=0x000041d1, EDX=0x72cb4328
ESP=0xb6772ffc, EBP=0xb677301c, ESI=0x72cb3ed0, EDI=0xb6773028
EIP=0xb36f64bb, EFLAGS=0x00210283, CR2=0xb676fffc

Top of Stack: (sp=0xb6772ffc)
0xb6772ffc:   b6772ffc 00000000 b6773028 72cb4328
0xb677300c:   00000000 72cb3ed0 00000000 b677302c
0xb677301c:   b677304c b36ef047 00000000 00000000
0xb677302c:   b677302c 72c4ddd7 b6773078 72cb44f0
0xb677303c:   00000000 72c4dfd0 b677302c b6773078
0xb677304c:   b677309c b36ef047 00000000 00000000
0xb677305c:   00000000 00000000 00000000 00000000
0xb677306c:   00000000 00000000 00000000 a3bcb8d8 

Instructions: (pc=0xb36f64bb)
0xb36f649b:   00 00 01 ff 43 14 8b 43 34 83 c1 08 83 e0 f8 89
0xb36f64ab:   4b 30 03 c8 3b 0d 50 c0 16 b7 0f 83 4f 04 00 00
0xb36f64bb:   89 84 24 00 d0 ff ff 8b c4 c1 e8 0c 8b 04 85 40
0xb36f64cb:   b5 17 b7 c6 80 75 01 00 00 00 80 3d a0 ac 16 b7 

Register to memory mapping:

EAX=0x00000000 is an unknown value
EBX=0x72cb3ed0 is an oop
{method} 
 - klass: {other class}
ECX=0x000041d1 is an unknown value
EDX=0x72cb4328 is an oop
{constant pool cache} 
 - klass: {other class}
ESP=0xb6772ffc is pointing into the stack for thread: 0x08c98800
EBP=0xb677301c is pointing into the stack for thread: 0x08c98800
ESI=0x72cb3ed0 is an oop
{method} 
 - klass: {other class}
EDI=0xb6773028 is pointing into the stack for thread: 0x08c98800


Stack: [0xb676f000,0xb67c0000],  sp=0xb6772ffc,  free space=15k
Native frames: (J=compiled Java code, j=interpreted, Vv=VM code, C=native code)
j  java.security.AccessController.getInheritedAccessControlContext()Ljava/security/AccessControlContext;+0
j  java.security.AccessControlContext.optimize()Ljava/security/AccessControlContext;+15
j  java.security.AccessController.getContext()Ljava/security/AccessControlContext;+19
j  java.lang.Thread.init(Ljava/lang/ThreadGroup;Ljava/lang/Runnable;Ljava/lang/String;J)V+135
j  java.lang.Thread.<init>()V+65
j  control.LauncherWrapper.<init>()V+1
j  launchers.KinectSkeletonLauncher.<init>()V+1
j  kinectThreads.KinectEnhacedSkeletonLauncher.<init>(I)V+1
j  launchers.KinectSkeletonLauncher.setUserId(I)V+11
j  launchers.KinectSkeletonLauncher.<init>()V+6
j  kinectThreads.KinectEnhacedSkeletonLauncher.<init>(I)V+1
j  launchers.KinectSkeletonLauncher.setUserId(I)V+11
j  launchers.KinectSkeletonLauncher.<init>()V+6
j  kinectThreads.KinectEnhacedSkeletonLauncher.<init>(I)V+1
j  launchers.KinectSkeletonLauncher.setUserId(I)V+11
j  launchers.KinectSkeletonLauncher.<init>()V+6
j  kinectThreads.KinectEnhacedSkeletonLauncher.<init>(I)V+1
j  launchers.KinectSkeletonLauncher.setUserId(I)V+11
j  launchers.KinectSkeletonLauncher.<init>()V+6
j  kinectThreads.KinectEnhacedSkeletonLauncher.<init>(I)V+1
j  launchers.KinectSkeletonLauncher.setUserId(I)V+11
j  launchers.KinectSkeletonLauncher.<init>()V+6
j  kinectThreads.KinectEnhacedSkeletonLauncher.<init>(I)V+1
j  launchers.KinectSkeletonLauncher.setUserId(I)V+11
j  launchers.KinectSkeletonLauncher.<init>()V+6
j  kinectThreads.KinectEnhacedSkeletonLauncher.<init>(I)V+1
j  launchers.KinectSkeletonLauncher.setUserId(I)V+11
j  launchers.KinectSkeletonLauncher.<init>()V+6
j  kinectThreads.KinectEnhacedSkeletonLauncher.<init>(I)V+1
j  launchers.KinectSkeletonLauncher.setUserId(I)V+11
j  launchers.KinectSkeletonLauncher.<init>()V+6
j  kinectThreads.KinectEnhacedSkeletonLauncher.<init>(I)V+1
j  launchers.KinectSkeletonLauncher.setUserId(I)V+11
j  launchers.KinectSkeletonLauncher.<init>()V+6
j  kinectThreads.KinectEnhacedSkeletonLauncher.<init>(I)V+1
j  launchers.KinectSkeletonLauncher.setUserId(I)V+11
j  launchers.KinectSkeletonLauncher.<init>()V+6
j  kinectThreads.KinectEnhacedSkeletonLauncher.<init>(I)V+1
j  launchers.KinectSkeletonLauncher.setUserId(I)V+11
j  launchers.KinectSkeletonLauncher.<init>()V+6
j  kinectThreads.KinectEnhacedSkeletonLauncher.<init>(I)V+1
j  launchers.KinectSkeletonLauncher.setUserId(I)V+11
j  launchers.KinectSkeletonLauncher.<init>()V+6
j  kinectThreads.KinectEnhacedSkeletonLauncher.<init>(I)V+1
j  launchers.KinectSkeletonLauncher.setUserId(I)V+11
j  launchers.KinectSkeletonLauncher.<init>()V+6
j  kinectThreads.KinectEnhacedSkeletonLauncher.<init>(I)V+1
j  launchers.KinectSkeletonLauncher.setUserId(I)V+11
j  launchers.KinectSkeletonLauncher.<init>()V+6
j  kinectThreads.KinectEnhacedSkeletonLauncher.<init>(I)V+1
j  launchers.KinectSkeletonLauncher.setUserId(I)V+11
j  launchers.KinectSkeletonLauncher.<init>()V+6
j  kinectThreads.KinectEnhacedSkeletonLauncher.<init>(I)V+1
j  launchers.KinectSkeletonLauncher.setUserId(I)V+11
j  launchers.KinectSkeletonLauncher.<init>()V+6
j  kinectThreads.KinectEnhacedSkeletonLauncher.<init>(I)V+1
j  launchers.KinectSkeletonLauncher.setUserId(I)V+11
j  launchers.KinectSkeletonLauncher.<init>()V+6
j  kinectThreads.KinectEnhacedSkeletonLauncher.<init>(I)V+1
j  launchers.KinectSkeletonLauncher.setUserId(I)V+11
j  launchers.KinectSkeletonLauncher.<init>()V+6
j  kinectThreads.KinectEnhacedSkeletonLauncher.<init>(I)V+1
j  launchers.KinectSkeletonLauncher.setUserId(I)V+11
j  launchers.KinectSkeletonLauncher.<init>()V+6
j  kinectThreads.KinectEnhacedSkeletonLauncher.<init>(I)V+1
j  launchers.KinectSkeletonLauncher.setUserId(I)V+11
j  launchers.KinectSkeletonLauncher.<init>()V+6
j  kinectThreads.KinectEnhacedSkeletonLauncher.<init>(I)V+1
j  launchers.KinectSkeletonLauncher.setUserId(I)V+11
j  launchers.KinectSkeletonLauncher.<init>()V+6
j  kinectThreads.KinectEnhacedSkeletonLauncher.<init>(I)V+1
j  launchers.KinectSkeletonLauncher.setUserId(I)V+11
j  launchers.KinectSkeletonLauncher.<init>()V+6
j  kinectThreads.KinectEnhacedSkeletonLauncher.<init>(I)V+1
j  launchers.KinectSkeletonLauncher.setUserId(I)V+11
j  launchers.KinectSkeletonLauncher.<init>()V+6
j  kinectThreads.KinectEnhacedSkeletonLauncher.<init>(I)V+1
j  launchers.KinectSkeletonLauncher.setUserId(I)V+11
j  launchers.KinectSkeletonLauncher.<init>()V+6
j  kinectThreads.KinectEnhacedSkeletonLauncher.<init>(I)V+1
j  launchers.KinectSkeletonLauncher.setUserId(I)V+11
j  launchers.KinectSkeletonLauncher.<init>()V+6
j  kinectThreads.KinectEnhacedSkeletonLauncher.<init>(I)V+1
j  launchers.KinectSkeletonLauncher.setUserId(I)V+11
j  launchers.KinectSkeletonLauncher.<init>()V+6
j  kinectThreads.KinectEnhacedSkeletonLauncher.<init>(I)V+1
j  launchers.KinectSkeletonLauncher.setUserId(I)V+11
j  launchers.KinectSkeletonLauncher.<init>()V+6
j  kinectThreads.KinectEnhacedSkeletonLauncher.<init>(I)V+1
j  launchers.KinectSkeletonLauncher.setUserId(I)V+11
j  launchers.KinectSkeletonLauncher.<init>()V+6
j  kinectThreads.KinectEnhacedSkeletonLauncher.<init>(I)V+1
j  launchers.KinectSkeletonLauncher.setUserId(I)V+11
j  launchers.KinectSkeletonLauncher.<init>()V+6
j  kinectThreads.KinectEnhacedSkeletonLauncher.<init>(I)V+1
j  launchers.KinectSkeletonLauncher.setUserId(I)V+11
j  launchers.KinectSkeletonLauncher.<init>()V+6
j  kinectThreads.KinectEnhacedSkeletonLauncher.<init>(I)V+1
j  launchers.KinectSkeletonLauncher.setUserId(I)V+11
j  launchers.KinectSkeletonLauncher.<init>()V+6
...<more frames>...


---------------  P R O C E S S  ---------------

Java Threads: ( => current thread )
  0x0932fc00 JavaThread "AWT-XAWT" daemon [_thread_in_native, id=4176, stack(0x6c804000,0x6c855000)]
  0x08efb400 JavaThread "Java2D Disposer" daemon [_thread_blocked, id=4175, stack(0x6ee18000,0x6ee69000)]
  0x71f0a400 JavaThread "Thread-1" [_thread_in_native, id=4170, stack(0x6f434000,0x6f485000)]
  0x08d3a800 JavaThread "Low Memory Detector" daemon [_thread_blocked, id=4158, stack(0x7202f000,0x72080000)]
  0x08d38c00 JavaThread "C2 CompilerThread1" daemon [_thread_blocked, id=4157, stack(0x71e7f000,0x71f00000)]
  0x08d36c00 JavaThread "C2 CompilerThread0" daemon [_thread_blocked, id=4156, stack(0x72080000,0x72101000)]
  0x08d35400 JavaThread "Signal Dispatcher" daemon [_thread_blocked, id=4155, stack(0x72101000,0x72152000)]
  0x08d22800 JavaThread "Finalizer" daemon [_thread_blocked, id=4154, stack(0x724c4000,0x72515000)]
  0x08d21000 JavaThread "Reference Handler" daemon [_thread_blocked, id=4153, stack(0x72515000,0x72566000)]
=>0x08c98800 JavaThread "main" [_thread_in_Java, id=4148, stack(0xb676f000,0xb67c0000)]

Other Threads:
  0x08d1d400 VMThread [stack: 0x72566000,0x725e7000] [id=4152]
  0x08d3cc00 WatcherThread [stack: 0x71dfe000,0x71e7f000] [id=4159]

VM state:not at safepoint (normal execution)

VM Mutex/Monitor currently owned by a thread: None

Heap
 PSYoungGen      total 174976K, used 138307K [0xa0820000, 0xb3620000, 0xb3620000)
  eden space 91200K, 59% used [0xa0820000,0xa3d60f70,0xa6130000)
  from space 83776K, 99% used [0xac460000,0xb162fdd0,0xb1630000)
  to   space 101568K, 0% used [0xa6130000,0xa6130000,0xac460000)
 PSOldGen        total 139136K, used 70669K [0x7ac20000, 0x83400000, 0xa0820000)
  object space 139136K, 50% used [0x7ac20000,0x7f1234f0,0x83400000)
 PSPermGen       total 16384K, used 8594K [0x72c20000, 0x73c20000, 0x7ac20000)
  object space 16384K, 52% used [0x72c20000,0x73484ba8,0x73c20000)

Code Cache  [0xb36ec000, 0xb392c000, 0xb66ec000)
 total_blobs=420 nmethods=111 adapters=264 free_code_cache=49786112 largest_free_block=7168

Dynamic libraries:
08048000-08051000 r-xp 00000000 08:01 3029976    /usr/lib/jvm/java-6-openjdk/jre/bin/java
08051000-08052000 r--p 00008000 08:01 3029976    /usr/lib/jvm/java-6-openjdk/jre/bin/java
08052000-08053000 rw-p 00009000 08:01 3029976    /usr/lib/jvm/java-6-openjdk/jre/bin/java
08c91000-09474000 rw-p 00000000 00:00 0          [heap]
5e28a000-5e353000 r-xp 00000000 08:01 2624184    /usr/lib/fglrx/libGL.so.1.2
5e353000-5e35f000 rwxp 000c8000 08:01 2624184    /usr/lib/fglrx/libGL.so.1.2
5e35f000-5e374000 rwxp 00000000 00:00 0 
5e374000-5e406000 r-xp 00000000 08:01 2492008    /usr/lib/i386-linux-gnu/libfreetype.so.6.6.2
5e406000-5e40a000 r--p 00091000 08:01 2492008    /usr/lib/i386-linux-gnu/libfreetype.so.6.6.2
5e40a000-5e40b000 rw-p 00095000 08:01 2492008    /usr/lib/i386-linux-gnu/libfreetype.so.6.6.2
5e40b000-5e53c000 r-xp 00000000 08:01 2495602    /usr/lib/i386-linux-gnu/libX11.so.6.3.0
5e53c000-5e53d000 ---p 00131000 08:01 2495602    /usr/lib/i386-linux-gnu/libX11.so.6.3.0
5e53d000-5e53e000 r--p 00131000 08:01 2495602    /usr/lib/i386-linux-gnu/libX11.so.6.3.0
5e53e000-5e540000 rw-p 00132000 08:01 2495602    /usr/lib/i386-linux-gnu/libX11.so.6.3.0
5e540000-5e541000 rw-p 00000000 00:00 0 
5e541000-5e5d4000 r-xp 00000000 08:01 2886106    /usr/lib/jvm/java-6-openjdk/jre/lib/i386/libawt.so
5e5d4000-5e5d5000 r--p 00092000 08:01 2886106    /usr/lib/jvm/java-6-openjdk/jre/lib/i386/libawt.so
5e5d5000-5e5dc000 rw-p 00093000 08:01 2886106    /usr/lib/jvm/java-6-openjdk/jre/lib/i386/libawt.so
5e5dc000-5e600000 rw-p 00000000 00:00 0 
5e600000-5e6fe000 rw-p 00000000 00:00 0 
5e6fe000-5e700000 ---p 00000000 00:00 0 
5e702000-5e705000 ---p 00000000 00:00 0 
5e705000-5e753000 rwxp 00000000 00:00 0 
5e753000-5f40a000 rw-p 00000000 00:00 0 
5f40a000-61500000 r--s 00000000 00:12 57911      /run/shm/4161_045e.02ae@1.6_Image
61500000-615fd000 rw-p 00000000 00:00 0 
615fd000-61600000 ---p 00000000 00:00 0 
6161e000-61700000 rw-p 00000000 00:00 0 
61700000-618f7000 rw-p 00000000 00:00 0 
618f7000-61900000 ---p 00000000 00:00 0 
61900000-61b00000 rw-p 00000000 00:00 0 
61b00000-61d00000 rw-p 00000000 00:00 0 
61d00000-61f00000 rw-p 00000000 00:00 0 
61f00000-62100000 rw-p 00000000 00:00 0 
62100000-62300000 rw-p 00000000 00:00 0 
62300000-62500000 rw-p 00000000 00:00 0 
62500000-62700000 rw-p 00000000 00:00 0 
62700000-627ff000 rw-p 00000000 00:00 0 
627ff000-62800000 ---p 00000000 00:00 0 
62800000-628ff000 rw-p 00000000 00:00 0 
628ff000-62900000 ---p 00000000 00:00 0 
62900000-62b00000 rw-p 00000000 00:00 0 
62b00000-62d00000 rw-p 00000000 00:00 0 
62d00000-62f00000 rw-p 00000000 00:00 0 
62f00000-63100000 rw-p 00000000 00:00 0 
63100000-63300000 rw-p 00000000 00:00 0 
63300000-63500000 rw-p 00000000 00:00 0 
63500000-63700000 rw-p 00000000 00:00 0 
63700000-63900000 rw-p 00000000 00:00 0 
63900000-63b00000 rw-p 00000000 00:00 0 
63b00000-63d00000 rw-p 00000000 00:00 0 
63d00000-63f00000 rw-p 00000000 00:00 0 
63f00000-64100000 rw-p 00000000 00:00 0 
64100000-64300000 rw-p 00000000 00:00 0 
64300000-64500000 rw-p 00000000 00:00 0 
64500000-64700000 rw-p 00000000 00:00 0 
64700000-64900000 rw-p 00000000 00:00 0 
64900000-64b00000 rw-p 00000000 00:00 0 
64b00000-64d00000 rw-p 00000000 00:00 0 
64d00000-64f00000 rw-p 00000000 00:00 0 
64f00000-64fff000 rw-p 00000000 00:00 0 
64fff000-65000000 ---p 00000000 00:00 0 
65000000-65100000 rw-p 00000000 00:00 0 
65100000-65200000 rw-p 00000000 00:00 0 
65207000-65656000 rw-p 00000000 00:00 0 
65657000-6b100000 rw-p 00000000 00:00 0 
6b100000-6b200000 rw-p 00000000 00:00 0 
6b243000-6c100000 rw-p 00000000 00:00 0 
6c100000-6c200000 rw-p 00000000 00:00 0 
6c21d000-6c300000 rw-p 00000000 00:00 0 
6c300000-6c3f8000 rw-p 00000000 00:00 0 
6c3f8000-6c400000 ---p 00000000 00:00 0 
6c418000-6c41b000 ---p 00000000 00:00 0 
6c41b000-6c469000 rwxp 00000000 00:00 0 
6c469000-6c500000 rw-p 00000000 00:00 0 
6c500000-6c600000 rw-p 00000000 00:00 0 
6c61d000-6c700000 rw-p 00000000 00:00 0 
6c700000-6c7fa000 rw-p 00000000 00:00 0 
6c7fa000-6c800000 ---p 00000000 00:00 0 
6c804000-6c807000 ---p 00000000 00:00 0 
6c807000-6c855000 rwxp 00000000 00:00 0 
6c855000-6c856000 r--s 00000000 08:01 2627543    /var/cache/fontconfig/c05880de57d1f5e948fdfacc138775d9-le32d4.cache-3
6c856000-6c85c000 r--s 00000000 08:01 2627540    /var/cache/fontconfig/945677eb7aeaf62f1d50efc3fb3ec7d8-le32d4.cache-3
6c85c000-6c85e000 r--s 00000000 08:01 2627541    /var/cache/fontconfig/99e8ed0e538f840c565b6ed5dad60d56-le32d4.cache-3
6c85e000-6c861000 r--s 00000000 08:01 2627551    /var/cache/fontconfig/e383d7ea5fbe662a33d9b44caf393297-le32d4.cache-3
6c861000-6c864000 r--s 00000000 08:01 2627528    /var/cache/fontconfig/2cd17615ca594fa2959ae173292e504c-le32d4.cache-3
6c864000-6c865000 r--s 00000000 08:01 2627552    /var/cache/fontconfig/e7071f4a29fa870f4323321c154eba04-le32d4.cache-3
6c865000-6c869000 r--s 00000000 08:01 2627537    /var/cache/fontconfig/6eb3985aa4124903f6ff08ba781cd364-le32d4.cache-3
6c869000-6c900000 rw-p 00000000 00:00 0 
6c900000-6c9ff000 rw-p 00000000 00:00 0 
6c9ff000-6ca00000 ---p 00000000 00:00 0 
6ca00000-6ca01000 r--s 00000000 08:01 2627525    /var/cache/fontconfig/0d8c3b2ac0904cb8a57a757ad11a4a08-le32d4.cache-3
6ca01000-6ca02000 r--s 00000000 08:01 2627535    /var/cache/fontconfig/6a53c69dea097a2d716e069445527da8-le32d4.cache-3
6ca02000-6ca06000 r--s 00000000 08:01 2627542    /var/cache/fontconfig/a755afe4a08bf5b97852ceb7400b47bc-le32d4.cache-3
6ca06000-6ca0a000 r--s 00000000 08:01 2633494    /var/cache/fontconfig/515ca1ebc4b18308bea979be5704f9db-le32d4.cache-3
6ca21000-6ca42000 r-xp 00000000 08:01 2887828    /usr/lib/jvm/java-6-openjdk/jre/lib/i386/libj3dcore-ogl.so
6ca42000-6ca43000 rw-p 00021000 08:01 2887828    /usr/lib/jvm/java-6-openjdk/jre/lib/i386/libj3dcore-ogl.so
6ca43000-6ca47000 r-xp 00000000 08:01 2495616    /usr/lib/i386-linux-gnu/libXfixes.so.3.1.0
6ca47000-6ca48000 r--p 00003000 08:01 2495616    /usr/lib/i386-linux-gnu/libXfixes.so.3.1.0
6ca48000-6ca49000 rw-p 00004000 08:01 2495616    /usr/lib/i386-linux-gnu/libXfixes.so.3.1.0
6ca49000-6ca52000 r-xp 00000000 08:01 2495608    /usr/lib/i386-linux-gnu/libXcursor.so.1.0.2
6ca52000-6ca53000 r--p 00008000 08:01 2495608    /usr/lib/i386-linux-gnu/libXcursor.so.1.0.2
6ca53000-6ca54000 rw-p 00009000 08:01 2495608    /usr/lib/i386-linux-gnu/libXcursor.so.1.0.2
6ca69000-6cb00000 rw-p 00000000 00:00 0 
6cb00000-6cbfc000 rw-p 00000000 00:00 0 
6cbfc000-6cc00000 ---p 00000000 00:00 0 
6cc00000-6cc01000 r-xp 00000000 08:01 2886121    /usr/lib/jvm/java-6-openjdk/jre/lib/i386/libjawt.so
6cc01000-6cc02000 r--p 00000000 08:01 2886121    /usr/lib/jvm/java-6-openjdk/jre/lib/i386/libjawt.so
6cc02000-6cc03000 rw-p 00001000 08:01 2886121    /usr/lib/jvm/java-6-openjdk/jre/lib/i386/libjawt.so
6cc03000-6cc0e000 r--s 00000000 08:01 2627526    /var/cache/fontconfig/0f34bcd4b6ee430af32735b75db7f02b-le32d4.cache-3
6cc0e000-6dce3000 rw-p 00000000 00:00 0 
6dce3000-6e067000 r--s 00000000 00:12 58687      /run/shm/4161_045e.02ae@1.6_Depth
6e067000-6e0fe000 rw-p 00000000 00:00 0 
6e0fe000-6e0ff000 ---p 00000000 00:00 0 
6e0ff000-6e8ff000 rwxp 00000000 00:00 0 
6e8ff000-6ed00000 rw-p 00000000 00:00 0 
6ed00000-6edff000 rw-p 00000000 00:00 0 
6edff000-6ee00000 ---p 00000000 00:00 0 
6ee01000-6ee08000 r--s 00000000 08:01 2622661    /var/cache/fontconfig/6d41288fd70b0be22e8c3a91e032eec0-le32d4.cache-3
6ee08000-6ee0b000 r--s 00000000 08:01 2627548    /var/cache/fontconfig/d60319d88cac85ba9e1a07bd06cfbb8c-le32d4.cache-3
6ee0b000-6ee18000 r--s 00000000 08:01 2627547    /var/cache/fontconfig/d52a8644073d54c13679302ca1180695-le32d4.cache-3
6ee18000-6ee1b000 ---p 00000000 00:00 0 
6ee1b000-6ee69000 rwxp 00000000 00:00 0 
6ee69000-6ef00000 rw-p 00000000 00:00 0 
6ef00000-6effb000 rw-p 00000000 00:00 0 
6effb000-6f000000 ---p 00000000 00:00 0 
6f002000-6f008000 r--s 00000000 08:01 2633493    /var/cache/fontconfig/153bb866d4d26e7cd19eee2129f8d8d2-le32d4.cache-3
6f008000-6f00e000 r--s 00000000 08:01 2627540    /var/cache/fontconfig/945677eb7aeaf62f1d50efc3fb3ec7d8-le32d4.cache-3
6f00e000-6f048000 r-xp 00000000 08:01 2886111    /usr/lib/jvm/java-6-openjdk/jre/lib/i386/libfontmanager.so
6f048000-6f049000 r--p 00039000 08:01 2886111    /usr/lib/jvm/java-6-openjdk/jre/lib/i386/libfontmanager.so
6f049000-6f04a000 rw-p 0003a000 08:01 2886111    /usr/lib/jvm/java-6-openjdk/jre/lib/i386/libfontmanager.so
6f04a000-6f067000 r-xp 00000000 08:01 2495900    /usr/lib/i386-linux-gnu/libxcb.so.1.1.0
6f067000-6f068000 r--p 0001c000 08:01 2495900    /usr/lib/i386-linux-gnu/libxcb.so.1.1.0
6f068000-6f069000 rw-p 0001d000 08:01 2495900    /usr/lib/i386-linux-gnu/libxcb.so.1.1.0
6f069000-6f100000 rw-p 00000000 00:00 0 
6f100000-6f200000 rw-p 00000000 00:00 0 
6f200000-6f202000 r--s 00000000 08:01 2622659    /var/cache/fontconfig/e13b20fdb08344e0e664864cc2ede53d-le32d4.cache-3
6f202000-6f205000 r--s 00000000 08:01 2633498    /var/cache/fontconfig/7ef2298fde41cc6eeb7af42e48b7d293-le32d4.cache-3
6f205000-6f207000 r--s 00000000 08:01 2627541    /var/cache/fontconfig/99e8ed0e538f840c565b6ed5dad60d56-le32d4.cache-3
6f207000-6f20a000 r--s 00000000 08:01 2627551    /var/cache/fontconfig/e383d7ea5fbe662a33d9b44caf393297-le32d4.cache-3
6f20a000-6f20d000 r--s 00000000 08:01 2627528    /var/cache/fontconfig/2cd17615ca594fa2959ae173292e504c-le32d4.cache-3
6f20d000-6f20e000 r--s 00000000 08:01 2627552    /var/cache/fontconfig/e7071f4a29fa870f4323321c154eba04-le32d4.cache-3
6f20e000-6f212000 r--s 00000000 08:01 2627537    /var/cache/fontconfig/6eb3985aa4124903f6ff08ba781cd364-le32d4.cache-3
6f212000-6f219000 r--s 00000000 08:01 2622661    /var/cache/fontconfig/6d41288fd70b0be22e8c3a91e032eec0-le32d4.cache-3
6f219000-6f265000 r-xp 00000000 08:01 3542024    /usr/lib/jvm/java-6-openjdk/jre/lib/i386/xawt/libmawt.so
6f265000-6f266000 r--p 0004b000 08:01 3542024    /usr/lib/jvm/java-6-openjdk/jre/lib/i386/xawt/libmawt.so
6f266000-6f268000 rw-p 0004c000 08:01 3542024    /usr/lib/jvm/java-6-openjdk/jre/lib/i386/xawt/libmawt.so
6f268000-6f300000 rw-p 00000000 00:00 0 
6f300000-6f400000 rw-p 00000000 00:00 0 
6f402000-6f406000 r--s 00000000 08:01 2627542    /var/cache/fontconfig/a755afe4a08bf5b97852ceb7400b47bc-le32d4.cache-3
6f406000-6f411000 r--s 00000000 08:01 2627526    /var/cache/fontconfig/0f34bcd4b6ee430af32735b75db7f02b-le32d4.cache-3
6f411000-6f41f000 r-xp 00000000 08:01 2495620    /usr/lib/i386-linux-gnu/libXi.so.6.1.0
6f41f000-6f420000 r--p 0000d000 08:01 2495620    /usr/lib/i386-linux-gnu/libXi.so.6.1.0
6f420000-6f421000 rw-p 0000e000 08:01 2495620    /usr/lib/i386-linux-gnu/libXi.so.6.1.0
6f421000-6f432000 r-xp 00000000 08:01 2495614    /usr/lib/i386-linux-gnu/libXext.so.6.4.0
6f432000-6f433000 r--p 00010000 08:01 2495614    /usr/lib/i386-linux-gnu/libXext.so.6.4.0
6f433000-6f434000 rw-p 00011000 08:01 2495614    /usr/lib/i386-linux-gnu/libXext.so.6.4.0
6f434000-6f437000 ---p 00000000 00:00 0 
6f437000-6f485000 rwxp 00000000 00:00 0 
6f485000-6f600000 rw-p 00000000 00:00 0 
6f600000-6f6f8000 rw-p 00000000 00:00 0 
6f6f8000-6f700000 ---p 00000000 00:00 0 
6f701000-6f702000 r--p 00000000 00:00 0 
6f702000-6f706000 r--s 00000000 08:01 2633494    /var/cache/fontconfig/515ca1ebc4b18308bea979be5704f9db-le32d4.cache-3
6f706000-6f709000 r--s 00000000 08:01 2627548    /var/cache/fontconfig/d60319d88cac85ba9e1a07bd06cfbb8c-le32d4.cache-3
6f709000-6f800000 rw-p 00000000 00:00 0 
6f800000-6f8fd000 rw-p 00000000 00:00 0 
6f8fd000-6f900000 ---p 00000000 00:00 0 
6f900000-6fa00000 rw-p 00000000 00:00 0 
6fa00000-6faff000 rw-p 00000000 00:00 0 
6faff000-6fb00000 ---p 00000000 00:00 0 
6fb00000-6fb01000 r--s 00000000 08:01 2627532    /var/cache/fontconfig/4c73fe0c47614734b17d736dbde7580a-le32d4.cache-3
6fb01000-6fb02000 r--s 00000000 08:01 2625030    /var/cache/fontconfig/4794a0821666d79190d59a36cb4f44b5-le32d4.cache-3
6fb02000-6fb07000 r-xp 00000000 08:01 2495612    /usr/lib/i386-linux-gnu/libXdmcp.so.6.0.0
6fb07000-6fb08000 r--p 00004000 08:01 2495612    /usr/lib/i386-linux-gnu/libXdmcp.so.6.0.0
6fb08000-6fb09000 rw-p 00005000 08:01 2495612    /usr/lib/i386-linux-gnu/libXdmcp.so.6.0.0
6fb09000-6fb55000 rw-p 00000000 00:00 0 
6fb55000-6fed9000 r--s 00000000 00:12 58687      /run/shm/4161_045e.02ae@1.6_Depth
6fed9000-6ff70000 rw-p 00000000 00:00 0 
6ff70000-6ff71000 ---p 00000000 00:00 0 
6ff71000-70771000 rwxp 00000000 00:00 0 
70771000-70b72000 rw-p 00000000 00:00 0 
70b72000-70bfe000 r-xp 00000000 08:01 2504881    /usr/lib/libXnDeviceSensorV2KM.so
70bfe000-70c07000 r--p 0008b000 08:01 2504881    /usr/lib/libXnDeviceSensorV2KM.so
70c07000-70c08000 rw-p 00094000 08:01 2504881    /usr/lib/libXnDeviceSensorV2KM.so
70c08000-70c34000 r-xp 00000000 08:01 2504355    /usr/lib/libXnDeviceFile.so
70c34000-70c35000 ---p 0002c000 08:01 2504355    /usr/lib/libXnDeviceFile.so
70c35000-70c36000 r--p 0002c000 08:01 2504355    /usr/lib/libXnDeviceFile.so
70c36000-70c37000 rw-p 0002d000 08:01 2504355    /usr/lib/libXnDeviceFile.so
70c37000-70c89000 r-xp 00000000 08:01 2504354    /usr/lib/libXnDDK.so
70c89000-70c8a000 ---p 00052000 08:01 2504354    /usr/lib/libXnDDK.so
70c8a000-70c8c000 r--p 00052000 08:01 2504354    /usr/lib/libXnDDK.so
70c8c000-70c8d000 rw-p 00054000 08:01 2504354    /usr/lib/libXnDDK.so
70c8d000-70cb0000 r-xp 00000000 08:01 2504357    /usr/lib/libXnFormats.so
70cb0000-70cb1000 r--p 00022000 08:01 2504357    /usr/lib/libXnFormats.so
70cb1000-70cb2000 rw-p 00023000 08:01 2504357    /usr/lib/libXnFormats.so
70cb2000-70cd2000 rw-p 00000000 00:00 0 
70cd2000-70d6b000 r-xp 00000000 08:01 2504356    /usr/lib/libXnDeviceSensorV2.so
70d6b000-70d74000 r--p 00098000 08:01 2504356    /usr/lib/libXnDeviceSensorV2.so
70d74000-70d75000 rw-p 000a1000 08:01 2504356    /usr/lib/libXnDeviceSensorV2.so
70d75000-70e58000 r-xp 00000000 08:01 2504285    /usr/lib/libXnVHandGenerator_1_5_2.so
70e58000-70e5b000 r--p 000e3000 08:01 2504285    /usr/lib/libXnVHandGenerator_1_5_2.so
70e5b000-70e5c000 rw-p 000e6000 08:01 2504285    /usr/lib/libXnVHandGenerator_1_5_2.so
70e5c000-70e68000 rw-p 00000000 00:00 0 
70e68000-70f3d000 r-xp 00000000 08:01 2504282    /usr/lib/libXnVHandGenerator_1_4_2.so
70f3d000-70f3e000 ---p 000d5000 08:01 2504282    /usr/lib/libXnVHandGenerator_1_4_2.so
70f3e000-70f40000 r--p 000d5000 08:01 2504282    /usr/lib/libXnVHandGenerator_1_4_2.so
70f40000-70f41000 rw-p 000d7000 08:01 2504282    /usr/lib/libXnVHandGenerator_1_4_2.so
70f41000-70f43000 rw-p 00000000 00:00 0 
70f43000-71017000 r-xp 00000000 08:01 2504279    /usr/lib/libXnVHandGenerator_1_4_1.so
71017000-71018000 ---p 000d4000 08:01 2504279    /usr/lib/libXnVHandGenerator_1_4_1.so
71018000-7101a000 r--p 000d4000 08:01 2504279    /usr/lib/libXnVHandGenerator_1_4_1.so
7101a000-7101b000 rw-p 000d6000 08:01 2504279    /usr/lib/libXnVHandGenerator_1_4_1.so
7101b000-7101d000 rw-p 00000000 00:00 0 
7101d000-710fb000 r-xp 00000000 08:01 2504275    /usr/lib/libXnVHandGenerator_1_3_1.so
710fb000-710fe000 r--p 000dd000 08:01 2504275    /usr/lib/libXnVHandGenerator_1_3_1.so
710fe000-710ff000 rw-p 000e0000 08:01 2504275    /usr/lib/libXnVHandGenerator_1_3_1.so
710ff000-71101000 rw-p 00000000 00:00 0 
71101000-71502000 r-xp 00000000 08:01 2504268    /usr/lib/libXnVFeatures_1_5_2.so
71502000-71503000 ---p 00401000 08:01 2504268    /usr/lib/libXnVFeatures_1_5_2.so
71503000-7150b000 r--p 00401000 08:01 2504268    /usr/lib/libXnVFeatures_1_5_2.so
7150b000-7150c000 rw-p 00409000 08:01 2504268    /usr/lib/libXnVFeatures_1_5_2.so
7150c000-71520000 rw-p 00000000 00:00 0 
71520000-71707000 r-xp 00000000 08:01 2504257    /usr/lib/libXnVFeatures_1_4_2.so
71707000-7170a000 r--p 001e6000 08:01 2504257    /usr/lib/libXnVFeatures_1_4_2.so
7170a000-7170b000 rw-p 001e9000 08:01 2504257    /usr/lib/libXnVFeatures_1_4_2.so
7170b000-71710000 rw-p 00000000 00:00 0 
71710000-718f7000 r-xp 00000000 08:01 2504252    /usr/lib/libXnVFeatures_1_4_1.so
718f7000-718fa000 r--p 001e6000 08:01 2504252    /usr/lib/libXnVFeatures_1_4_1.so
718fa000-718fb000 rw-p 001e9000 08:01 2504252    /usr/lib/libXnVFeatures_1_4_1.so
718fb000-71900000 rw-p 00000000 00:00 0 
71900000-719f9000 rw-p 00000000 00:00 0 
719f9000-71a00000 ---p 00000000 00:00 0 
71a00000-71a01000 r--s 00000000 08:01 2627543    /var/cache/fontconfig/c05880de57d1f5e948fdfacc138775d9-le32d4.cache-3
71a01000-71a02000 r--s 00000000 08:01 2627532    /var/cache/fontconfig/4c73fe0c47614734b17d736dbde7580a-le32d4.cache-3
71a02000-71a07000 r-xp 00000000 08:01 2493164    /usr/lib/libXtst.so.6.1.0
71a07000-71a08000 r--p 00004000 08:01 2493164    /usr/lib/libXtst.so.6.1.0
71a08000-71a09000 rw-p 00005000 08:01 2493164    /usr/lib/libXtst.so.6.1.0
71a09000-71a0a000 r--s 00000000 08:01 2627525    /var/cache/fontconfig/0d8c3b2ac0904cb8a57a757ad11a4a08-le32d4.cache-3
71a0a000-71a0b000 r--s 00000000 08:01 2627535    /var/cache/fontconfig/6a53c69dea097a2d716e069445527da8-le32d4.cache-3
71a0b000-71a18000 r--s 00000000 08:01 2627547    /var/cache/fontconfig/d52a8644073d54c13679302ca1180695-le32d4.cache-3
71a18000-71a1e000 r--s 00000000 08:01 2633493    /var/cache/fontconfig/153bb866d4d26e7cd19eee2129f8d8d2-le32d4.cache-3
71a1e000-71a21000 r-xp 00000000 08:01 2504353    /usr/lib/libXnCore.so
71a21000-71a22000 r--p 00002000 08:01 2504353    /usr/lib/libXnCore.so
71a22000-71a23000 rw-p 00003000 08:01 2504353    /usr/lib/libXnCore.so
71a23000-71c41000 r-xp 00000000 08:01 2504247    /usr/lib/libXnVFeatures_1_3_1.so
71c41000-71c42000 ---p 0021e000 08:01 2504247    /usr/lib/libXnVFeatures_1_3_1.so
71c42000-71c45000 r--p 0021e000 08:01 2504247    /usr/lib/libXnVFeatures_1_3_1.so
71c45000-71c46000 rw-p 00221000 08:01 2504247    /usr/lib/libXnVFeatures_1_3_1.so
71c46000-71c4b000 rw-p 00000000 00:00 0 
71c4b000-71c6e000 r-xp 00000000 08:01 2503957    /usr/lib/libnimRecorder.so
71c6e000-71c6f000 r--p 00023000 08:01 2503957    /usr/lib/libnimRecorder.so
71c6f000-71c70000 rw-p 00024000 08:01 2503957    /usr/lib/libnimRecorder.so
71c70000-71ca4000 r-xp 00000000 08:01 2503954    /usr/lib/libnimCodecs.so
71ca4000-71ca5000 ---p 00034000 08:01 2503954    /usr/lib/libnimCodecs.so
71ca5000-71ca7000 r--p 00034000 08:01 2503954    /usr/lib/libnimCodecs.so
71ca7000-71ca8000 rw-p 00036000 08:01 2503954    /usr/lib/libnimCodecs.so
71ca8000-71cc8000 rw-p 00000000 00:00 0 
71cc8000-71cf9000 r-xp 00000000 08:01 2503956    /usr/lib/libnimMockNodes.so
71cf9000-71cff000 r--p 00031000 08:01 2503956    /usr/lib/libnimMockNodes.so
71cff000-71d00000 rw-p 00037000 08:01 2503956    /usr/lib/libnimMockNodes.so
71d00000-71d0d000 r-xp 00000000 08:01 1704944    /lib/i386-linux-gnu/libusb-1.0.so.0.0.0
71d0d000-71d0e000 r--p 0000c000 08:01 1704944    /lib/i386-linux-gnu/libusb-1.0.so.0.0.0
71d0e000-71d0f000 rw-p 0000d000 08:01 1704944    /lib/i386-linux-gnu/libusb-1.0.so.0.0.0
71d0f000-71d8c000 r-xp 00000000 08:01 2503960    /usr/lib/libOpenNI.so
71d8c000-71d8e000 r--p 0007c000 08:01 2503960    /usr/lib/libOpenNI.so
71d8e000-71d90000 rw-p 0007e000 08:01 2503960    /usr/lib/libOpenNI.so
71d90000-71dae000 r-xp 00000000 08:01 2503959    /usr/lib/libOpenNI.jni.so
71dae000-71daf000 r--p 0001d000 08:01 2503959    /usr/lib/libOpenNI.jni.so
71daf000-71db1000 rw-p 0001e000 08:01 2503959    /usr/lib/libOpenNI.jni.so
71db1000-71db6000 r-xp 00000000 08:01 2513317    /usr/lib/libusbpp-0.1.so.4.4.4
71db6000-71db7000 r--p 00004000 08:01 2513317    /usr/lib/libusbpp-0.1.so.4.4.4
71db7000-71db8000 rw-p 00005000 08:01 2513317    /usr/lib/libusbpp-0.1.so.4.4.4
71db8000-71dbf000 r-xp 00000000 08:01 1704036    /lib/libusb-0.1.so.4.4.4
71dbf000-71dc0000 r--p 00006000 08:01 1704036    /lib/libusb-0.1.so.4.4.4
71dc0000-71dc1000 rw-p 00007000 08:01 1704036    /lib/libusb-0.1.so.4.4.4
71dc1000-71dc2000 rw-p 00000000 00:00 0 
71dc2000-71dc3000 r--s 00000000 08:01 2625030    /var/cache/fontconfig/4794a0821666d79190d59a36cb4f44b5-le32d4.cache-3
71dc3000-71dc5000 r--s 00000000 08:01 2622659    /var/cache/fontconfig/e13b20fdb08344e0e664864cc2ede53d-le32d4.cache-3
71dc5000-71dce000 r-xp 00000000 08:01 2495626    /usr/lib/i386-linux-gnu/libXrender.so.1.3.0
71dce000-71dcf000 r--p 00008000 08:01 2495626    /usr/lib/i386-linux-gnu/libXrender.so.1.3.0
71dcf000-71dd0000 rw-p 00009000 08:01 2495626    /usr/lib/i386-linux-gnu/libXrender.so.1.3.0
71dd0000-71dd7000 r--s 000fb000 08:01 2896159    /usr/lib/jvm/java-6-openjdk/jre/lib/resources.jar
71dd7000-71ddf000 r-xp 00000000 08:01 269300     /usr/lib/libusbJava.so.0.2.4
71ddf000-71de0000 rw-p 00007000 08:01 269300     /usr/lib/libusbJava.so.0.2.4
71de0000-71dfe000 r--s 0024d000 08:01 272520     /home/norut/workspace/CommModule3.0/lib/KinectLibrary.jar
71dfe000-71dff000 ---p 00000000 00:00 0 
71dff000-71e7f000 rwxp 00000000 00:00 0 
71e7f000-71e80000 ---p 00000000 00:00 0 
71e80000-71f00000 rwxp 00000000 00:00 0 
71f00000-72000000 rw-p 00000000 00:00 0 
72000000-72003000 r--s 00000000 08:01 2633498    /var/cache/fontconfig/7ef2298fde41cc6eeb7af42e48b7d293-le32d4.cache-3
72003000-72011000 r--s 00193000 08:01 270161     /home/norut/workspace/CommModule3.0/lib/j3dutils.jar
72011000-7201d000 r--s 002c7000 08:01 270151     /home/norut/workspace/CommModule3.0/lib/j3dcore.jar
7201d000-72021000 r--s 000fc000 08:01 268885     /home/norut/workspace/CommModule3.0/lib/NoninLibrary.jar
72021000-72024000 r--s 00012000 08:01 268892     /home/norut/workspace/CommModule3.0/lib/IRGlanceLibrary.jar
72024000-72027000 r--s 00011000 08:01 269114     /home/norut/workspace/CommModule3.0/lib/wii-gee-plugin-wiimote-android_fat.jar
72027000-7202a000 r--s 0007d000 08:01 2896155    /usr/lib/jvm/java-6-openjdk/jre/lib/jsse.jar
7202a000-7202f000 r--s 0009b000 08:01 268849     /home/norut/workspace/CommModule3.0/lib/WiiboardSimple2.0.jar
7202f000-72080000 rwxp 00000000 00:00 0 
72080000-72081000 ---p 00000000 00:00 0 
72081000-72152000 rwxp 00000000 00:00 0 
72152000-72153000 r--p 006a5000 08:01 2497487    /usr/lib/locale/locale-archive
72153000-72284000 r--p 0043d000 08:01 2497487    /usr/lib/locale/locale-archive
72284000-722c4000 r--p 002bd000 08:01 2497487    /usr/lib/locale/locale-archive
722c4000-724c4000 r--p 00000000 08:01 2497487    /usr/lib/locale/locale-archive
724c4000-72566000 rwxp 00000000 00:00 0 
72566000-72567000 ---p 00000000 00:00 0 
72567000-725e7000 rwxp 00000000 00:00 0 
725e7000-7261a000 rw-p 00000000 00:00 0 
7261a000-727aa000 r--s 037ba000 08:01 2886099    /usr/lib/jvm/java-6-openjdk/jre/lib/rt.jar
727aa000-727ab000 ---p 00000000 00:00 0 
727ab000-7282b000 rwxp 00000000 00:00 0 
7282b000-7282c000 ---p 00000000 00:00 0 
7282c000-728ac000 rwxp 00000000 00:00 0 
728ac000-728b4000 rw-p 00000000 00:00 0 
728b4000-728ec000 rw-p 00000000 00:00 0 
728ec000-72930000 rw-p 00000000 00:00 0 
72930000-72a1a000 rw-p 00000000 00:00 0 
72a1a000-72a22000 rw-p 00000000 00:00 0 
72a22000-72a5a000 rw-p 00000000 00:00 0 
72a5a000-72a9e000 rw-p 00000000 00:00 0 
72a9e000-72b88000 rw-p 00000000 00:00 0 
72b88000-72c1f000 rw-p 00000000 00:00 0 
72c1f000-73c20000 rw-p 00000000 00:00 0 
73c20000-7ac20000 rw-p 00000000 00:00 0 
7ac20000-83400000 rw-p 00000000 00:00 0 
83400000-a0820000 rw-p 00000000 00:00 0 
a0820000-b3620000 rw-p 00000000 00:00 0 
b3620000-b3622000 r-xp 00000000 08:01 2495604    /usr/lib/i386-linux-gnu/libXau.so.6.0.0
b3622000-b3623000 r--p 00001000 08:01 2495604    /usr/lib/i386-linux-gnu/libXau.so.6.0.0
b3623000-b3624000 rw-p 00002000 08:01 2495604    /usr/lib/i386-linux-gnu/libXau.so.6.0.0
b3624000-b362c000 r--s 00066000 08:01 2895241    /usr/share/java/gnome-java-bridge.jar
b362c000-b3635000 rw-p 00000000 00:00 0 
b3635000-b36ec000 rw-p 00000000 00:00 0 
b36ec000-b392c000 rwxp 00000000 00:00 0 
b392c000-b66ec000 rw-p 00000000 00:00 0 
b66ec000-b66f7000 r-xp 00000000 08:01 1713725    /lib/i386-linux-gnu/libnss_files-2.13.so
b66f7000-b66f8000 r--p 0000a000 08:01 1713725    /lib/i386-linux-gnu/libnss_files-2.13.so
b66f8000-b66f9000 rw-p 0000b000 08:01 1713725    /lib/i386-linux-gnu/libnss_files-2.13.so
b66f9000-b6703000 r-xp 00000000 08:01 1713727    /lib/i386-linux-gnu/libnss_nis-2.13.so
b6703000-b6704000 r--p 00009000 08:01 1713727    /lib/i386-linux-gnu/libnss_nis-2.13.so
b6704000-b6705000 rw-p 0000a000 08:01 1713727    /lib/i386-linux-gnu/libnss_nis-2.13.so
b6705000-b671a000 r-xp 00000000 08:01 1713722    /lib/i386-linux-gnu/libnsl-2.13.so
b671a000-b671b000 r--p 00015000 08:01 1713722    /lib/i386-linux-gnu/libnsl-2.13.so
b671b000-b671c000 rw-p 00016000 08:01 1713722    /lib/i386-linux-gnu/libnsl-2.13.so
b671c000-b671e000 rw-p 00000000 00:00 0 
b671e000-b6726000 r-xp 00000000 08:01 1713723    /lib/i386-linux-gnu/libnss_compat-2.13.so
b6726000-b6727000 r--p 00007000 08:01 1713723    /lib/i386-linux-gnu/libnss_compat-2.13.so
b6727000-b6728000 rw-p 00008000 08:01 1713723    /lib/i386-linux-gnu/libnss_compat-2.13.so
b6728000-b672c000 r--s 0001b000 08:01 270164     /home/norut/workspace/CommModule3.0/lib/org.OpenNI.jar
b672c000-b6733000 r-xp 00000000 08:01 2896164    /usr/lib/jvm/java-6-openjdk/jre/lib/i386/libzip.so
b6733000-b6734000 r--p 00006000 08:01 2896164    /usr/lib/jvm/java-6-openjdk/jre/lib/i386/libzip.so
b6734000-b6735000 rw-p 00007000 08:01 2896164    /usr/lib/jvm/java-6-openjdk/jre/lib/i386/libzip.so
b6735000-b673d000 rw-s 00000000 08:01 1582241    /tmp/hsperfdata_root/4144
b673d000-b6763000 r-xp 00000000 08:01 2886119    /usr/lib/jvm/java-6-openjdk/jre/lib/i386/libjava.so
b6763000-b6764000 r--p 00025000 08:01 2886119    /usr/lib/jvm/java-6-openjdk/jre/lib/i386/libjava.so
b6764000-b6766000 rw-p 00026000 08:01 2886119    /usr/lib/jvm/java-6-openjdk/jre/lib/i386/libjava.so
b6766000-b676d000 r-xp 00000000 08:01 1713732    /lib/i386-linux-gnu/librt-2.13.so
b676d000-b676e000 r--p 00006000 08:01 1713732    /lib/i386-linux-gnu/librt-2.13.so
b676e000-b676f000 rw-p 00007000 08:01 1713732    /lib/i386-linux-gnu/librt-2.13.so
b676f000-b6770000 rw-p 00000000 00:00 0 
b6770000-b67c0000 rwxp 00000000 00:00 0 
b67c0000-b67dc000 r-xp 00000000 08:01 1704890    /lib/i386-linux-gnu/libgcc_s.so.1
b67dc000-b67dd000 r--p 0001b000 08:01 1704890    /lib/i386-linux-gnu/libgcc_s.so.1
b67dd000-b67de000 rw-p 0001c000 08:01 1704890    /lib/i386-linux-gnu/libgcc_s.so.1
b67de000-b6806000 r-xp 00000000 08:01 1713720    /lib/i386-linux-gnu/libm-2.13.so
b6806000-b6807000 r--p 00028000 08:01 1713720    /lib/i386-linux-gnu/libm-2.13.so
b6807000-b6808000 rw-p 00029000 08:01 1713720    /lib/i386-linux-gnu/libm-2.13.so
b6808000-b68e6000 r-xp 00000000 08:01 2495867    /usr/lib/i386-linux-gnu/libstdc++.so.6.0.16
b68e6000-b68e7000 ---p 000de000 08:01 2495867    /usr/lib/i386-linux-gnu/libstdc++.so.6.0.16
b68e7000-b68eb000 r--p 000de000 08:01 2495867    /usr/lib/i386-linux-gnu/libstdc++.so.6.0.16
b68eb000-b68ec000 rw-p 000e2000 08:01 2495867    /usr/lib/i386-linux-gnu/libstdc++.so.6.0.16
b68ec000-b68f3000 rw-p 00000000 00:00 0 
b68f3000-b7111000 r-xp 00000000 08:01 3028099    /usr/lib/jvm/java-6-openjdk/jre/lib/i386/server/libjvm.so
b7111000-b7156000 r--p 0081e000 08:01 3028099    /usr/lib/jvm/java-6-openjdk/jre/lib/i386/server/libjvm.so
b7156000-b7165000 rw-p 00863000 08:01 3028099    /usr/lib/jvm/java-6-openjdk/jre/lib/i386/server/libjvm.so
b7165000-b7581000 rw-p 00000000 00:00 0 
b7581000-b7594000 r-xp 00000000 08:01 1704952    /lib/i386-linux-gnu/libz.so.1.2.3.4
b7594000-b7595000 r--p 00012000 08:01 1704952    /lib/i386-linux-gnu/libz.so.1.2.3.4
b7595000-b7596000 rw-p 00013000 08:01 1704952    /lib/i386-linux-gnu/libz.so.1.2.3.4
b7596000-b770e000 r-xp 00000000 08:01 1713716    /lib/i386-linux-gnu/libc-2.13.so
b770e000-b7710000 r--p 00178000 08:01 1713716    /lib/i386-linux-gnu/libc-2.13.so
b7710000-b7711000 rw-p 0017a000 08:01 1713716    /lib/i386-linux-gnu/libc-2.13.so
b7711000-b7714000 rw-p 00000000 00:00 0 
b7714000-b7717000 r-xp 00000000 08:01 1713719    /lib/i386-linux-gnu/libdl-2.13.so
b7717000-b7718000 r--p 00002000 08:01 1713719    /lib/i386-linux-gnu/libdl-2.13.so
b7718000-b7719000 rw-p 00003000 08:01 1713719    /lib/i386-linux-gnu/libdl-2.13.so
b7719000-b771d000 r-xp 00000000 08:01 2886103    /usr/lib/jvm/java-6-openjdk/jre/lib/i386/jli/libjli.so
b771d000-b771e000 r--p 00003000 08:01 2886103    /usr/lib/jvm/java-6-openjdk/jre/lib/i386/jli/libjli.so
b771e000-b771f000 rw-p 00004000 08:01 2886103    /usr/lib/jvm/java-6-openjdk/jre/lib/i386/jli/libjli.so
b771f000-b7720000 rw-p 00000000 00:00 0 
b7720000-b7737000 r-xp 00000000 08:01 1713730    /lib/i386-linux-gnu/libpthread-2.13.so
b7737000-b7738000 r--p 00016000 08:01 1713730    /lib/i386-linux-gnu/libpthread-2.13.so
b7738000-b7739000 rw-p 00017000 08:01 1713730    /lib/i386-linux-gnu/libpthread-2.13.so
b7739000-b773b000 rw-p 00000000 00:00 0 
b773b000-b773c000 rw-s 00000000 00:12 57912      /run/shm/045e.02ae@1.6-SM (deleted)
b773c000-b773e000 r--s 0004c000 08:01 270165     /home/norut/workspace/CommModule3.0/lib/vecmath.jar
b773e000-b7740000 r--s 0000f000 08:01 2896143    /usr/lib/jvm/java-6-openjdk/jre/lib/ext/pulse-java.jar
b7740000-b7741000 rw-p 00000000 00:00 0 
b7741000-b7742000 r--p 00000000 00:00 0 
b7742000-b774d000 r-xp 00000000 08:01 2886139    /usr/lib/jvm/java-6-openjdk/jre/lib/i386/libverify.so
b774d000-b774e000 ---p 0000b000 08:01 2886139    /usr/lib/jvm/java-6-openjdk/jre/lib/i386/libverify.so
b774e000-b774f000 r--p 0000b000 08:01 2886139    /usr/lib/jvm/java-6-openjdk/jre/lib/i386/libverify.so
b774f000-b7750000 rw-p 0000c000 08:01 2886139    /usr/lib/jvm/java-6-openjdk/jre/lib/i386/libverify.so
b7750000-b7752000 rw-p 00000000 00:00 0 
b7752000-b7753000 r-xp 00000000 00:00 0          [vdso]
b7753000-b7771000 r-xp 00000000 08:01 1713713    /lib/i386-linux-gnu/ld-2.13.so
b7771000-b7772000 r--p 0001d000 08:01 1713713    /lib/i386-linux-gnu/ld-2.13.so
b7772000-b7773000 rw-p 0001e000 08:01 1713713    /lib/i386-linux-gnu/ld-2.13.so
bfd21000-bfd41000 rwxp 00000000 00:00 0          [stack]
bfd41000-bfd42000 rw-p 00000000 00:00 0 

VM Arguments:
jvm_args: -Dfile.encoding=UTF-8 
java_command: test.TestGrande
Launcher Type: SUN_STANDARD

Environment Variables:
PATH=/usr/local/sbin:/usr/local/bin:/usr/sbin:/usr/bin:/sbin:/bin:/usr/X11R6/bin
USERNAME=root
LD_LIBRARY_PATH=/usr/lib/jvm/java-6-openjdk/jre/lib/i386/server:/usr/lib/jvm/java-6-openjdk/jre/lib/i386:/usr/lib/jvm/java-6-openjdk/jre/../lib/i386:/usr/lib/jvm/java-6-openjdk/jre/lib/i386/client:/usr/lib/jvm/java-6-openjdk/jre/lib/i386:
SHELL=/bin/bash
DISPLAY=:0.0

Signal Handlers:
SIGSEGV: [libjvm.so+0x66a530], sa_mask[0]=0x7ffbfeff, sa_flags=0x10000004
SIGBUS: [libjvm.so+0x66a530], sa_mask[0]=0x7ffbfeff, sa_flags=0x10000004
SIGFPE: [libjvm.so+0x52e2c0], sa_mask[0]=0x7ffbfeff, sa_flags=0x10000004
SIGPIPE: [libjvm.so+0x52e2c0], sa_mask[0]=0x7ffbfeff, sa_flags=0x10000004
SIGXFSZ: [libjvm.so+0x52e2c0], sa_mask[0]=0x7ffbfeff, sa_flags=0x10000004
SIGILL: [libjvm.so+0x52e2c0], sa_mask[0]=0x7ffbfeff, sa_flags=0x10000004
SIGUSR1: SIG_DFL, sa_mask[0]=0x00000000, sa_flags=0x00000000
SIGUSR2: [libjvm.so+0x52e150], sa_mask[0]=0x00000004, sa_flags=0x10000004
SIGHUP: [libjvm.so+0x5311f0], sa_mask[0]=0x7ffbfeff, sa_flags=0x10000004
SIGINT: [libjvm.so+0x5311f0], sa_mask[0]=0x7ffbfeff, sa_flags=0x10000004
SIGTERM: [libjvm.so+0x5311f0], sa_mask[0]=0x7ffbfeff, sa_flags=0x10000004
SIGQUIT: [libjvm.so+0x5311f0], sa_mask[0]=0x7ffbfeff, sa_flags=0x10000004


---------------  S Y S T E M  ---------------

OS:Ubuntu 11.10 (oneiric)
uname:Linux 3.0.0-17-generic-pae #30-Ubuntu SMP Thu Mar 8 17:53:35 UTC 2012 i686
libc:glibc 2.13 NPTL 2.13 
rlimit: STACK 8192k, CORE 0k, NPROC 28837, NOFILE 4096, AS infinity
load average:0.83 0.57 0.33

/proc/meminfo:
MemTotal:        3705196 kB
MemFree:          746632 kB
Buffers:          339208 kB
Cached:          1045668 kB
SwapCached:            0 kB
Active:          1920360 kB
Inactive:         789784 kB
Active(anon):    1326312 kB
Inactive(anon):    11156 kB
Active(file):     594048 kB
Inactive(file):   778628 kB
Unevictable:          60 kB
Mlocked:              60 kB
HighTotal:       2866716 kB
HighFree:         364272 kB
LowTotal:         838480 kB
LowFree:          382360 kB
SwapTotal:       3778556 kB
SwapFree:        3778556 kB
Dirty:               136 kB
Writeback:             0 kB
AnonPages:       1325352 kB
Mapped:           215416 kB
Shmem:             12204 kB
Slab:              80744 kB
SReclaimable:      65604 kB
SUnreclaim:        15140 kB
KernelStack:        3344 kB
PageTables:        10292 kB
NFS_Unstable:          0 kB
Bounce:                0 kB
WritebackTmp:          0 kB
CommitLimit:     5631152 kB
Committed_AS:    3036244 kB
VmallocTotal:     122880 kB
VmallocUsed:       45968 kB
VmallocChunk:      73112 kB
HardwareCorrupted:     0 kB
AnonHugePages:         0 kB
HugePages_Total:       0
HugePages_Free:        0
HugePages_Rsvd:        0
HugePages_Surp:        0
Hugepagesize:       2048 kB
DirectMap4k:       10232 kB
DirectMap2M:      903168 kB


CPU:total 2 (2 cores per cpu, 1 threads per core) family 20 model 1 stepping 0, cmov, cx8, fxsr, mmx, sse, sse2, sse3, ssse3, popcnt, mmxext, lzcnt, sse4a

Memory: 4k page, physical 3705196k(746632k free), swap 3778556k(3778556k free)

vm_info: OpenJDK Server VM (20.0-b11) for linux-x86 JRE (1.6.0_23-b23), built on Feb 23 2012 06:26:43 by "buildd" with gcc 4.6.1

time: Tue Apr 17 09:31:05 2012
elapsed time: 23 seconds

