#
# A fatal error has been detected by the Java Runtime Environment:
#
#  SIGSEGV (0xb) at pc=0xb368c4bb, pid=4458, tid=3061144432
#
# JRE version: 6.0_23-b23
# Java VM: OpenJDK Server VM (20.0-b11 mixed mode linux-x86 )
# Derivative: IcedTea6 1.11pre
# Distribution: Ubuntu 11.10, package 6b23~pre11-0ubuntu1.11.10.2
# Problematic frame:
# j  java.security.AccessController.getInheritedAccessControlContext()Ljava/security/AccessControlContext;+0
#
# If you would like to submit a bug report, please include
# instructions how to reproduce the bug and visit:
#   https://bugs.launchpad.net/ubuntu/+source/openjdk-6/
#

---------------  T H R E A D  ---------------

Current thread (0x08b40800):  JavaThread "main" [_thread_in_Java, id=4460, stack(0xb6705000,0xb6756000)]

siginfo:si_signo=SIGSEGV: si_errno=0, si_code=2 (SEGV_ACCERR), si_addr=0xb6705ff8

Registers:
EAX=0x00000000, EBX=0x72c53ed0, ECX=0x000041d1, EDX=0x72c54328
ESP=0xb6708ff8, EBP=0xb6709018, ESI=0x72c53ed0, EDI=0xb6709024
EIP=0xb368c4bb, EFLAGS=0x00210283, CR2=0xb6705ff8

Top of Stack: (sp=0xb6708ff8)
0xb6708ff8:   b6708ff8 00000000 b6709024 72c54328
0xb6709008:   00000000 72c53ed0 00000000 b6709028
0xb6709018:   b6709048 b3685047 00000000 00000000
0xb6709028:   b6709028 72beddd7 b6709074 72c544f0
0xb6709038:   00000000 72bedfd0 b6709028 b6709074
0xb6709048:   b6709098 b3685047 00000000 00000000
0xb6709058:   00000000 00000000 00000000 00000000
0xb6709068:   00000000 00000000 00000000 a202e1c0 

Instructions: (pc=0xb368c4bb)
0xb368c49b:   00 00 01 ff 43 14 8b 43 34 83 c1 08 83 e0 f8 89
0xb368c4ab:   4b 30 03 c8 3b 0d 50 20 10 b7 0f 83 4f 04 00 00
0xb368c4bb:   89 84 24 00 d0 ff ff 8b c4 c1 e8 0c 8b 04 85 40
0xb368c4cb:   15 11 b7 c6 80 75 01 00 00 00 80 3d a0 0c 10 b7 

Register to memory mapping:

EAX=0x00000000 is an unknown value
EBX=0x72c53ed0 is an oop
{method} 
 - klass: {other class}
ECX=0x000041d1 is an unknown value
EDX=0x72c54328 is an oop
{constant pool cache} 
 - klass: {other class}
ESP=0xb6708ff8 is pointing into the stack for thread: 0x08b40800
EBP=0xb6709018 is pointing into the stack for thread: 0x08b40800
ESI=0x72c53ed0 is an oop
{method} 
 - klass: {other class}
EDI=0xb6709024 is pointing into the stack for thread: 0x08b40800


Stack: [0xb6705000,0xb6756000],  sp=0xb6708ff8,  free space=15k
Native frames: (J=compiled Java code, j=interpreted, Vv=VM code, C=native code)
j  java.security.AccessController.getInheritedAccessControlContext()Ljava/security/AccessControlContext;+0
j  java.security.AccessControlContext.optimize()Ljava/security/AccessControlContext;+15
j  java.security.AccessController.getContext()Ljava/security/AccessControlContext;+19
j  java.lang.Thread.init(Ljava/lang/ThreadGroup;Ljava/lang/Runnable;Ljava/lang/String;J)V+135
j  java.lang.Thread.<init>()V+65
j  control.LauncherWrapper.<init>()V+1
j  launchers.KinectSkeletonLauncher.<init>()V+1
j  kinectThreads.KinectEnhacedSkeletonLauncher.<init>(I)V+1
j  launchers.KinectSkeletonLauncher.setUserId(I)V+11
j  launchers.KinectSkeletonLauncher.<init>()V+6
j  kinectThreads.KinectEnhacedSkeletonLauncher.<init>(I)V+1
j  launchers.KinectSkeletonLauncher.setUserId(I)V+11
j  launchers.KinectSkeletonLauncher.<init>()V+6
j  kinectThreads.KinectEnhacedSkeletonLauncher.<init>(I)V+1
j  launchers.KinectSkeletonLauncher.setUserId(I)V+11
j  launchers.KinectSkeletonLauncher.<init>()V+6
j  kinectThreads.KinectEnhacedSkeletonLauncher.<init>(I)V+1
j  launchers.KinectSkeletonLauncher.setUserId(I)V+11
j  launchers.KinectSkeletonLauncher.<init>()V+6
j  kinectThreads.KinectEnhacedSkeletonLauncher.<init>(I)V+1
j  launchers.KinectSkeletonLauncher.setUserId(I)V+11
j  launchers.KinectSkeletonLauncher.<init>()V+6
j  kinectThreads.KinectEnhacedSkeletonLauncher.<init>(I)V+1
j  launchers.KinectSkeletonLauncher.setUserId(I)V+11
j  launchers.KinectSkeletonLauncher.<init>()V+6
j  kinectThreads.KinectEnhacedSkeletonLauncher.<init>(I)V+1
j  launchers.KinectSkeletonLauncher.setUserId(I)V+11
j  launchers.KinectSkeletonLauncher.<init>()V+6
j  kinectThreads.KinectEnhacedSkeletonLauncher.<init>(I)V+1
j  launchers.KinectSkeletonLauncher.setUserId(I)V+11
j  launchers.KinectSkeletonLauncher.<init>()V+6
j  kinectThreads.KinectEnhacedSkeletonLauncher.<init>(I)V+1
j  launchers.KinectSkeletonLauncher.setUserId(I)V+11
j  launchers.KinectSkeletonLauncher.<init>()V+6
j  kinectThreads.KinectEnhacedSkeletonLauncher.<init>(I)V+1
j  launchers.KinectSkeletonLauncher.setUserId(I)V+11
j  launchers.KinectSkeletonLauncher.<init>()V+6
j  kinectThreads.KinectEnhacedSkeletonLauncher.<init>(I)V+1
j  launchers.KinectSkeletonLauncher.setUserId(I)V+11
j  launchers.KinectSkeletonLauncher.<init>()V+6
j  kinectThreads.KinectEnhacedSkeletonLauncher.<init>(I)V+1
j  launchers.KinectSkeletonLauncher.setUserId(I)V+11
j  launchers.KinectSkeletonLauncher.<init>()V+6
j  kinectThreads.KinectEnhacedSkeletonLauncher.<init>(I)V+1
j  launchers.KinectSkeletonLauncher.setUserId(I)V+11
j  launchers.KinectSkeletonLauncher.<init>()V+6
j  kinectThreads.KinectEnhacedSkeletonLauncher.<init>(I)V+1
j  launchers.KinectSkeletonLauncher.setUserId(I)V+11
j  launchers.KinectSkeletonLauncher.<init>()V+6
j  kinectThreads.KinectEnhacedSkeletonLauncher.<init>(I)V+1
j  launchers.KinectSkeletonLauncher.setUserId(I)V+11
j  launchers.KinectSkeletonLauncher.<init>()V+6
j  kinectThreads.KinectEnhacedSkeletonLauncher.<init>(I)V+1
j  launchers.KinectSkeletonLauncher.setUserId(I)V+11
j  launchers.KinectSkeletonLauncher.<init>()V+6
j  kinectThreads.KinectEnhacedSkeletonLauncher.<init>(I)V+1
j  launchers.KinectSkeletonLauncher.setUserId(I)V+11
j  launchers.KinectSkeletonLauncher.<init>()V+6
j  kinectThreads.KinectEnhacedSkeletonLauncher.<init>(I)V+1
j  launchers.KinectSkeletonLauncher.setUserId(I)V+11
j  launchers.KinectSkeletonLauncher.<init>()V+6
j  kinectThreads.KinectEnhacedSkeletonLauncher.<init>(I)V+1
j  launchers.KinectSkeletonLauncher.setUserId(I)V+11
j  launchers.KinectSkeletonLauncher.<init>()V+6
j  kinectThreads.KinectEnhacedSkeletonLauncher.<init>(I)V+1
j  launchers.KinectSkeletonLauncher.setUserId(I)V+11
j  launchers.KinectSkeletonLauncher.<init>()V+6
j  kinectThreads.KinectEnhacedSkeletonLauncher.<init>(I)V+1
j  launchers.KinectSkeletonLauncher.setUserId(I)V+11
j  launchers.KinectSkeletonLauncher.<init>()V+6
j  kinectThreads.KinectEnhacedSkeletonLauncher.<init>(I)V+1
j  launchers.KinectSkeletonLauncher.setUserId(I)V+11
j  launchers.KinectSkeletonLauncher.<init>()V+6
j  kinectThreads.KinectEnhacedSkeletonLauncher.<init>(I)V+1
j  launchers.KinectSkeletonLauncher.setUserId(I)V+11
j  launchers.KinectSkeletonLauncher.<init>()V+6
j  kinectThreads.KinectEnhacedSkeletonLauncher.<init>(I)V+1
j  launchers.KinectSkeletonLauncher.setUserId(I)V+11
j  launchers.KinectSkeletonLauncher.<init>()V+6
j  kinectThreads.KinectEnhacedSkeletonLauncher.<init>(I)V+1
j  launchers.KinectSkeletonLauncher.setUserId(I)V+11
j  launchers.KinectSkeletonLauncher.<init>()V+6
j  kinectThreads.KinectEnhacedSkeletonLauncher.<init>(I)V+1
j  launchers.KinectSkeletonLauncher.setUserId(I)V+11
j  launchers.KinectSkeletonLauncher.<init>()V+6
j  kinectThreads.KinectEnhacedSkeletonLauncher.<init>(I)V+1
j  launchers.KinectSkeletonLauncher.setUserId(I)V+11
j  launchers.KinectSkeletonLauncher.<init>()V+6
j  kinectThreads.KinectEnhacedSkeletonLauncher.<init>(I)V+1
j  launchers.KinectSkeletonLauncher.setUserId(I)V+11
j  launchers.KinectSkeletonLauncher.<init>()V+6
j  kinectThreads.KinectEnhacedSkeletonLauncher.<init>(I)V+1
j  launchers.KinectSkeletonLauncher.setUserId(I)V+11
j  launchers.KinectSkeletonLauncher.<init>()V+6
j  kinectThreads.KinectEnhacedSkeletonLauncher.<init>(I)V+1
j  launchers.KinectSkeletonLauncher.setUserId(I)V+11
j  launchers.KinectSkeletonLauncher.<init>()V+6
j  kinectThreads.KinectEnhacedSkeletonLauncher.<init>(I)V+1
j  launchers.KinectSkeletonLauncher.setUserId(I)V+11
j  launchers.KinectSkeletonLauncher.<init>()V+6
...<more frames>...


---------------  P R O C E S S  ---------------

Java Threads: ( => current thread )
  0x5e487c00 JavaThread "AWT-XAWT" daemon [_thread_in_native, id=4490, stack(0x5dfe2000,0x5e033000)]
  0x5e43d000 JavaThread "Java2D Disposer" daemon [_thread_blocked, id=4489, stack(0x5e531000,0x5e582000)]
  0x71d53400 JavaThread "Thread-1" [_thread_in_native, id=4484, stack(0x6550f000,0x65560000)]
  0x08be4000 JavaThread "Low Memory Detector" daemon [_thread_blocked, id=4472, stack(0x71f4e000,0x71f9f000)]
  0x08be0c00 JavaThread "C2 CompilerThread1" daemon [_thread_blocked, id=4471, stack(0x71f9f000,0x72020000)]
  0x08bdec00 JavaThread "C2 CompilerThread0" daemon [_thread_blocked, id=4470, stack(0x72020000,0x720a1000)]
  0x08bdd400 JavaThread "Signal Dispatcher" daemon [_thread_blocked, id=4469, stack(0x720a1000,0x720f2000)]
  0x08bca800 JavaThread "Finalizer" daemon [_thread_blocked, id=4468, stack(0x72464000,0x724b5000)]
  0x08bc9000 JavaThread "Reference Handler" daemon [_thread_blocked, id=4467, stack(0x724b5000,0x72506000)]
=>0x08b40800 JavaThread "main" [_thread_in_Java, id=4460, stack(0xb6705000,0xb6756000)]

Other Threads:
  0x08bc5400 VMThread [stack: 0x72506000,0x72587000] [id=4466]
  0x08be6000 WatcherThread [stack: 0x71ecd000,0x71f4e000] [id=4473]

VM state:not at safepoint (normal execution)

VM Mutex/Monitor currently owned by a thread: None

Heap
 PSYoungGen      total 189952K, used 123797K [0xa07c0000, 0xb35c0000, 0xb35c0000)
  eden space 92864K, 28% used [0xa07c0000,0xa21d63c0,0xa6270000)
  from space 97088K, 99% used [0xa6270000,0xac13f1e8,0xac140000)
  to   space 103040K, 0% used [0xad120000,0xad120000,0xb35c0000)
 PSOldGen        total 142400K, used 73276K [0x7abc0000, 0x836d0000, 0xa07c0000)
  object space 142400K, 51% used [0x7abc0000,0x7f34f180,0x836d0000)
 PSPermGen       total 16384K, used 8595K [0x72bc0000, 0x73bc0000, 0x7abc0000)
  object space 16384K, 52% used [0x72bc0000,0x73424c98,0x73bc0000)

Code Cache  [0xb3682000, 0xb38c2000, 0xb6682000)
 total_blobs=416 nmethods=106 adapters=264 free_code_cache=49793856 largest_free_block=17920

Dynamic libraries:
08048000-08051000 r-xp 00000000 08:01 3029976    /usr/lib/jvm/java-6-openjdk/jre/bin/java
08051000-08052000 r--p 00008000 08:01 3029976    /usr/lib/jvm/java-6-openjdk/jre/bin/java
08052000-08053000 rw-p 00009000 08:01 3029976    /usr/lib/jvm/java-6-openjdk/jre/bin/java
08b39000-08f7d000 rw-p 00000000 00:00 0          [heap]
5de56000-5df1f000 r-xp 00000000 08:01 2624184    /usr/lib/fglrx/libGL.so.1.2
5df1f000-5df2b000 rwxp 000c8000 08:01 2624184    /usr/lib/fglrx/libGL.so.1.2
5df2b000-5df40000 rwxp 00000000 00:00 0 
5df40000-5df43000 ---p 00000000 00:00 0 
5df43000-5df91000 rwxp 00000000 00:00 0 
5df91000-5df94000 ---p 00000000 00:00 0 
5df94000-5dfe2000 rwxp 00000000 00:00 0 
5dfe2000-5dfe5000 ---p 00000000 00:00 0 
5dfe5000-5e033000 rwxp 00000000 00:00 0 
5e033000-5e0c5000 r-xp 00000000 08:01 2492008    /usr/lib/i386-linux-gnu/libfreetype.so.6.6.2
5e0c5000-5e0c9000 r--p 00091000 08:01 2492008    /usr/lib/i386-linux-gnu/libfreetype.so.6.6.2
5e0c9000-5e0ca000 rw-p 00095000 08:01 2492008    /usr/lib/i386-linux-gnu/libfreetype.so.6.6.2
5e0ca000-5e1fb000 r-xp 00000000 08:01 2495602    /usr/lib/i386-linux-gnu/libX11.so.6.3.0
5e1fb000-5e1fc000 ---p 00131000 08:01 2495602    /usr/lib/i386-linux-gnu/libX11.so.6.3.0
5e1fc000-5e1fd000 r--p 00131000 08:01 2495602    /usr/lib/i386-linux-gnu/libX11.so.6.3.0
5e1fd000-5e1ff000 rw-p 00132000 08:01 2495602    /usr/lib/i386-linux-gnu/libX11.so.6.3.0
5e1ff000-5e200000 rw-p 00000000 00:00 0 
5e200000-5e2a0000 rw-p 00000000 00:00 0 
5e2a0000-5e300000 ---p 00000000 00:00 0 
5e341000-5e3d4000 r-xp 00000000 08:01 2886106    /usr/lib/jvm/java-6-openjdk/jre/lib/i386/libawt.so
5e3d4000-5e3d5000 r--p 00092000 08:01 2886106    /usr/lib/jvm/java-6-openjdk/jre/lib/i386/libawt.so
5e3d5000-5e3dc000 rw-p 00093000 08:01 2886106    /usr/lib/jvm/java-6-openjdk/jre/lib/i386/libawt.so
5e3dc000-5e400000 rw-p 00000000 00:00 0 
5e400000-5e500000 rw-p 00000000 00:00 0 
5e50f000-5e530000 r-xp 00000000 08:01 2887828    /usr/lib/jvm/java-6-openjdk/jre/lib/i386/libj3dcore-ogl.so
5e530000-5e531000 rw-p 00021000 08:01 2887828    /usr/lib/jvm/java-6-openjdk/jre/lib/i386/libj3dcore-ogl.so
5e531000-5e534000 ---p 00000000 00:00 0 
5e534000-5e582000 rwxp 00000000 00:00 0 
5e582000-5e5ce000 r-xp 00000000 08:01 3542024    /usr/lib/jvm/java-6-openjdk/jre/lib/i386/xawt/libmawt.so
5e5ce000-5e5cf000 r--p 0004b000 08:01 3542024    /usr/lib/jvm/java-6-openjdk/jre/lib/i386/xawt/libmawt.so
5e5cf000-5e5d1000 rw-p 0004c000 08:01 3542024    /usr/lib/jvm/java-6-openjdk/jre/lib/i386/xawt/libmawt.so
5e5d1000-5e700000 rw-p 00000000 00:00 0 
5e700000-5e7f7000 rw-p 00000000 00:00 0 
5e7f7000-5e800000 ---p 00000000 00:00 0 
5e80c000-5e846000 r-xp 00000000 08:01 2886111    /usr/lib/jvm/java-6-openjdk/jre/lib/i386/libfontmanager.so
5e846000-5e847000 r--p 00039000 08:01 2886111    /usr/lib/jvm/java-6-openjdk/jre/lib/i386/libfontmanager.so
5e847000-5e848000 rw-p 0003a000 08:01 2886111    /usr/lib/jvm/java-6-openjdk/jre/lib/i386/libfontmanager.so
5e848000-5ec00000 rw-p 00000000 00:00 0 
5ec00000-5ecf1000 rw-p 00000000 00:00 0 
5ecf1000-5ed00000 ---p 00000000 00:00 0 
5ed0e000-5f100000 rw-p 00000000 00:00 0 
5f100000-5f200000 rw-p 00000000 00:00 0 
5f213000-5f70a000 rw-p 00000000 00:00 0 
5f70a000-61800000 r--s 00000000 00:12 61333      /run/shm/4475_045e.02ae@1.6_Image
61800000-61900000 rw-p 00000000 00:00 0 
6191e000-61a00000 rw-p 00000000 00:00 0 
61a00000-61c00000 rw-p 00000000 00:00 0 
61c00000-61e00000 rw-p 00000000 00:00 0 
61e00000-62000000 rw-p 00000000 00:00 0 
62000000-62200000 rw-p 00000000 00:00 0 
62200000-62400000 rw-p 00000000 00:00 0 
62400000-62600000 rw-p 00000000 00:00 0 
62600000-62800000 rw-p 00000000 00:00 0 
62800000-62a00000 rw-p 00000000 00:00 0 
62a00000-62c00000 rw-p 00000000 00:00 0 
62c00000-62e00000 rw-p 00000000 00:00 0 
62e00000-63000000 rw-p 00000000 00:00 0 
63000000-630ff000 rw-p 00000000 00:00 0 
630ff000-63100000 ---p 00000000 00:00 0 
63100000-631ff000 rw-p 00000000 00:00 0 
631ff000-63200000 ---p 00000000 00:00 0 
63200000-63400000 rw-p 00000000 00:00 0 
63400000-63600000 rw-p 00000000 00:00 0 
63600000-63800000 rw-p 00000000 00:00 0 
63800000-63a00000 rw-p 00000000 00:00 0 
63a00000-63c00000 rw-p 00000000 00:00 0 
63c00000-63e00000 rw-p 00000000 00:00 0 
63e00000-64000000 rw-p 00000000 00:00 0 
64000000-64200000 rw-p 00000000 00:00 0 
64200000-64400000 rw-p 00000000 00:00 0 
64400000-64600000 rw-p 00000000 00:00 0 
64600000-64800000 rw-p 00000000 00:00 0 
64800000-64a00000 rw-p 00000000 00:00 0 
64a00000-64c00000 rw-p 00000000 00:00 0 
64c00000-64cff000 rw-p 00000000 00:00 0 
64cff000-64d00000 ---p 00000000 00:00 0 
64d00000-64e00000 rw-p 00000000 00:00 0 
64e00000-64fff000 rw-p 00000000 00:00 0 
64fff000-65000000 ---p 00000000 00:00 0 
65000000-65200000 rw-p 00000000 00:00 0 
65200000-65400000 rw-p 00000000 00:00 0 
65400000-65500000 rw-p 00000000 00:00 0 
65504000-6550d000 r-xp 00000000 08:01 2495608    /usr/lib/i386-linux-gnu/libXcursor.so.1.0.2
6550d000-6550e000 r--p 00008000 08:01 2495608    /usr/lib/i386-linux-gnu/libXcursor.so.1.0.2
6550e000-6550f000 rw-p 00009000 08:01 2495608    /usr/lib/i386-linux-gnu/libXcursor.so.1.0.2
6550f000-65512000 ---p 00000000 00:00 0 
65512000-65560000 rwxp 00000000 00:00 0 
65560000-65941000 rw-p 00000000 00:00 0 
65942000-6bc00000 rw-p 00000000 00:00 0 
6bc00000-6bd00000 rw-p 00000000 00:00 0 
6bd02000-6bd1f000 r-xp 00000000 08:01 2495900    /usr/lib/i386-linux-gnu/libxcb.so.1.1.0
6bd1f000-6bd20000 r--p 0001c000 08:01 2495900    /usr/lib/i386-linux-gnu/libxcb.so.1.1.0
6bd20000-6bd21000 rw-p 0001d000 08:01 2495900    /usr/lib/i386-linux-gnu/libxcb.so.1.1.0
6bd21000-6c300000 rw-p 00000000 00:00 0 
6c300000-6c3f7000 rw-p 00000000 00:00 0 
6c3f7000-6c400000 ---p 00000000 00:00 0 
6c408000-6c500000 rw-p 00000000 00:00 0 
6c500000-6c600000 rw-p 00000000 00:00 0 
6c608000-6c700000 rw-p 00000000 00:00 0 
6c700000-6c800000 rw-p 00000000 00:00 0 
6c808000-6c900000 rw-p 00000000 00:00 0 
6c900000-6ca00000 rw-p 00000000 00:00 0 
6ca00000-6cb00000 rw-p 00000000 00:00 0 
6cb02000-6cb06000 r-xp 00000000 08:01 2495616    /usr/lib/i386-linux-gnu/libXfixes.so.3.1.0
6cb06000-6cb07000 r--p 00003000 08:01 2495616    /usr/lib/i386-linux-gnu/libXfixes.so.3.1.0
6cb07000-6cb08000 rw-p 00004000 08:01 2495616    /usr/lib/i386-linux-gnu/libXfixes.so.3.1.0
6cb08000-6cc00000 rw-p 00000000 00:00 0 
6cc00000-6ccfc000 rw-p 00000000 00:00 0 
6ccfc000-6cd00000 ---p 00000000 00:00 0 
6cd00000-6cd01000 r-xp 00000000 08:01 2886121    /usr/lib/jvm/java-6-openjdk/jre/lib/i386/libjawt.so
6cd01000-6cd02000 r--p 00000000 08:01 2886121    /usr/lib/jvm/java-6-openjdk/jre/lib/i386/libjawt.so
6cd02000-6cd03000 rw-p 00001000 08:01 2886121    /usr/lib/jvm/java-6-openjdk/jre/lib/i386/libjawt.so
6cd03000-6cd04000 r--s 00000000 08:01 2627543    /var/cache/fontconfig/c05880de57d1f5e948fdfacc138775d9-le32d4.cache-3
6cd04000-6cd0a000 r--s 00000000 08:01 2627540    /var/cache/fontconfig/945677eb7aeaf62f1d50efc3fb3ec7d8-le32d4.cache-3
6cd0a000-6cd0c000 r--s 00000000 08:01 2627541    /var/cache/fontconfig/99e8ed0e538f840c565b6ed5dad60d56-le32d4.cache-3
6cd0c000-6cd0f000 r--s 00000000 08:01 2627551    /var/cache/fontconfig/e383d7ea5fbe662a33d9b44caf393297-le32d4.cache-3
6cd0f000-6cd13000 r--s 00000000 08:01 2627537    /var/cache/fontconfig/6eb3985aa4124903f6ff08ba781cd364-le32d4.cache-3
6cd13000-6dd7a000 rw-p 00000000 00:00 0 
6dd7a000-6e0fe000 r--s 00000000 00:12 61554      /run/shm/4475_045e.02ae@1.6_Depth
6e0fe000-6e0ff000 ---p 00000000 00:00 0 
6e0ff000-6e8ff000 rwxp 00000000 00:00 0 
6e8ff000-6ed00000 rw-p 00000000 00:00 0 
6ed00000-6ee00000 rw-p 00000000 00:00 0 
6ee00000-6ee03000 r--s 00000000 08:01 2627528    /var/cache/fontconfig/2cd17615ca594fa2959ae173292e504c-le32d4.cache-3
6ee03000-6ee04000 r--s 00000000 08:01 2627532    /var/cache/fontconfig/4c73fe0c47614734b17d736dbde7580a-le32d4.cache-3
6ee04000-6ee05000 r--s 00000000 08:01 2627525    /var/cache/fontconfig/0d8c3b2ac0904cb8a57a757ad11a4a08-le32d4.cache-3
6ee05000-6ee06000 r--s 00000000 08:01 2627535    /var/cache/fontconfig/6a53c69dea097a2d716e069445527da8-le32d4.cache-3
6ee06000-6ee0a000 r--s 00000000 08:01 2627542    /var/cache/fontconfig/a755afe4a08bf5b97852ceb7400b47bc-le32d4.cache-3
6ee0a000-6ee0e000 r--s 00000000 08:01 2633494    /var/cache/fontconfig/515ca1ebc4b18308bea979be5704f9db-le32d4.cache-3
6ee0e000-6ee15000 r--s 00000000 08:01 2622661    /var/cache/fontconfig/6d41288fd70b0be22e8c3a91e032eec0-le32d4.cache-3
6ee15000-6f000000 rw-p 00000000 00:00 0 
6f000000-6f0fb000 rw-p 00000000 00:00 0 
6f0fb000-6f100000 ---p 00000000 00:00 0 
6f101000-6f102000 r--p 00000000 00:00 0 
6f102000-6f10d000 r--s 00000000 08:01 2627526    /var/cache/fontconfig/0f34bcd4b6ee430af32735b75db7f02b-le32d4.cache-3
6f10d000-6f110000 r--s 00000000 08:01 2627548    /var/cache/fontconfig/d60319d88cac85ba9e1a07bd06cfbb8c-le32d4.cache-3
6f110000-6f11d000 r--s 00000000 08:01 2627547    /var/cache/fontconfig/d52a8644073d54c13679302ca1180695-le32d4.cache-3
6f11d000-6f200000 rw-p 00000000 00:00 0 
6f200000-6f300000 rw-p 00000000 00:00 0 
6f300000-6f301000 r--s 00000000 08:01 2627552    /var/cache/fontconfig/e7071f4a29fa870f4323321c154eba04-le32d4.cache-3
6f301000-6f307000 r--s 00000000 08:01 2633493    /var/cache/fontconfig/153bb866d4d26e7cd19eee2129f8d8d2-le32d4.cache-3
6f307000-6f30d000 r--s 00000000 08:01 2627540    /var/cache/fontconfig/945677eb7aeaf62f1d50efc3fb3ec7d8-le32d4.cache-3
6f30d000-6f31b000 r-xp 00000000 08:01 2495620    /usr/lib/i386-linux-gnu/libXi.so.6.1.0
6f31b000-6f31c000 r--p 0000d000 08:01 2495620    /usr/lib/i386-linux-gnu/libXi.so.6.1.0
6f31c000-6f31d000 rw-p 0000e000 08:01 2495620    /usr/lib/i386-linux-gnu/libXi.so.6.1.0
6f31d000-6f400000 rw-p 00000000 00:00 0 
6f400000-6f4fb000 rw-p 00000000 00:00 0 
6f4fb000-6f500000 ---p 00000000 00:00 0 
6f500000-6f501000 r--s 00000000 08:01 2625030    /var/cache/fontconfig/4794a0821666d79190d59a36cb4f44b5-le32d4.cache-3
6f501000-6f502000 r--s 00000000 08:01 2627552    /var/cache/fontconfig/e7071f4a29fa870f4323321c154eba04-le32d4.cache-3
6f502000-6f506000 r--s 00000000 08:01 2627537    /var/cache/fontconfig/6eb3985aa4124903f6ff08ba781cd364-le32d4.cache-3
6f506000-6f50a000 r--s 00000000 08:01 2627542    /var/cache/fontconfig/a755afe4a08bf5b97852ceb7400b47bc-le32d4.cache-3
6f50a000-6f51b000 r-xp 00000000 08:01 2495614    /usr/lib/i386-linux-gnu/libXext.so.6.4.0
6f51b000-6f51c000 r--p 00010000 08:01 2495614    /usr/lib/i386-linux-gnu/libXext.so.6.4.0
6f51c000-6f51d000 rw-p 00011000 08:01 2495614    /usr/lib/i386-linux-gnu/libXext.so.6.4.0
6f51d000-6f600000 rw-p 00000000 00:00 0 
6f600000-6f800000 rw-p 00000000 00:00 0 
6f800000-6f8f8000 rw-p 00000000 00:00 0 
6f8f8000-6f900000 ---p 00000000 00:00 0 
6f900000-6f902000 r--s 00000000 08:01 2622659    /var/cache/fontconfig/e13b20fdb08344e0e664864cc2ede53d-le32d4.cache-3
6f902000-6f909000 r--s 00000000 08:01 2622661    /var/cache/fontconfig/6d41288fd70b0be22e8c3a91e032eec0-le32d4.cache-3
6f909000-6f97b000 rw-p 00000000 00:00 0 
6f97b000-6fcff000 r--s 00000000 00:12 61554      /run/shm/4475_045e.02ae@1.6_Depth
6fcff000-6fd00000 ---p 00000000 00:00 0 
6fd00000-70500000 rwxp 00000000 00:00 0 
70500000-705fd000 rw-p 00000000 00:00 0 
705fd000-70600000 ---p 00000000 00:00 0 
70600000-70603000 r--s 00000000 08:01 2633498    /var/cache/fontconfig/7ef2298fde41cc6eeb7af42e48b7d293-le32d4.cache-3
70603000-7060e000 r--s 00000000 08:01 2627526    /var/cache/fontconfig/0f34bcd4b6ee430af32735b75db7f02b-le32d4.cache-3
7060e000-70af2000 rw-p 00000000 00:00 0 
70af2000-70b7e000 r-xp 00000000 08:01 2504881    /usr/lib/libXnDeviceSensorV2KM.so
70b7e000-70b87000 r--p 0008b000 08:01 2504881    /usr/lib/libXnDeviceSensorV2KM.so
70b87000-70b88000 rw-p 00094000 08:01 2504881    /usr/lib/libXnDeviceSensorV2KM.so
70b88000-70bb4000 r-xp 00000000 08:01 2504355    /usr/lib/libXnDeviceFile.so
70bb4000-70bb5000 ---p 0002c000 08:01 2504355    /usr/lib/libXnDeviceFile.so
70bb5000-70bb6000 r--p 0002c000 08:01 2504355    /usr/lib/libXnDeviceFile.so
70bb6000-70bb7000 rw-p 0002d000 08:01 2504355    /usr/lib/libXnDeviceFile.so
70bb7000-70c09000 r-xp 00000000 08:01 2504354    /usr/lib/libXnDDK.so
70c09000-70c0a000 ---p 00052000 08:01 2504354    /usr/lib/libXnDDK.so
70c0a000-70c0c000 r--p 00052000 08:01 2504354    /usr/lib/libXnDDK.so
70c0c000-70c0d000 rw-p 00054000 08:01 2504354    /usr/lib/libXnDDK.so
70c0d000-70c30000 r-xp 00000000 08:01 2504357    /usr/lib/libXnFormats.so
70c30000-70c31000 r--p 00022000 08:01 2504357    /usr/lib/libXnFormats.so
70c31000-70c32000 rw-p 00023000 08:01 2504357    /usr/lib/libXnFormats.so
70c32000-70c52000 rw-p 00000000 00:00 0 
70c52000-70ceb000 r-xp 00000000 08:01 2504356    /usr/lib/libXnDeviceSensorV2.so
70ceb000-70cf4000 r--p 00098000 08:01 2504356    /usr/lib/libXnDeviceSensorV2.so
70cf4000-70cf5000 rw-p 000a1000 08:01 2504356    /usr/lib/libXnDeviceSensorV2.so
70cf5000-70dd8000 r-xp 00000000 08:01 2504285    /usr/lib/libXnVHandGenerator_1_5_2.so
70dd8000-70ddb000 r--p 000e3000 08:01 2504285    /usr/lib/libXnVHandGenerator_1_5_2.so
70ddb000-70ddc000 rw-p 000e6000 08:01 2504285    /usr/lib/libXnVHandGenerator_1_5_2.so
70ddc000-70de8000 rw-p 00000000 00:00 0 
70de8000-70ebd000 r-xp 00000000 08:01 2504282    /usr/lib/libXnVHandGenerator_1_4_2.so
70ebd000-70ebe000 ---p 000d5000 08:01 2504282    /usr/lib/libXnVHandGenerator_1_4_2.so
70ebe000-70ec0000 r--p 000d5000 08:01 2504282    /usr/lib/libXnVHandGenerator_1_4_2.so
70ec0000-70ec1000 rw-p 000d7000 08:01 2504282    /usr/lib/libXnVHandGenerator_1_4_2.so
70ec1000-70ec3000 rw-p 00000000 00:00 0 
70ec3000-70f97000 r-xp 00000000 08:01 2504279    /usr/lib/libXnVHandGenerator_1_4_1.so
70f97000-70f98000 ---p 000d4000 08:01 2504279    /usr/lib/libXnVHandGenerator_1_4_1.so
70f98000-70f9a000 r--p 000d4000 08:01 2504279    /usr/lib/libXnVHandGenerator_1_4_1.so
70f9a000-70f9b000 rw-p 000d6000 08:01 2504279    /usr/lib/libXnVHandGenerator_1_4_1.so
70f9b000-70f9d000 rw-p 00000000 00:00 0 
70f9d000-7107b000 r-xp 00000000 08:01 2504275    /usr/lib/libXnVHandGenerator_1_3_1.so
7107b000-7107e000 r--p 000dd000 08:01 2504275    /usr/lib/libXnVHandGenerator_1_3_1.so
7107e000-7107f000 rw-p 000e0000 08:01 2504275    /usr/lib/libXnVHandGenerator_1_3_1.so
7107f000-71081000 rw-p 00000000 00:00 0 
71081000-71482000 r-xp 00000000 08:01 2504268    /usr/lib/libXnVFeatures_1_5_2.so
71482000-71483000 ---p 00401000 08:01 2504268    /usr/lib/libXnVFeatures_1_5_2.so
71483000-7148b000 r--p 00401000 08:01 2504268    /usr/lib/libXnVFeatures_1_5_2.so
7148b000-7148c000 rw-p 00409000 08:01 2504268    /usr/lib/libXnVFeatures_1_5_2.so
7148c000-714a0000 rw-p 00000000 00:00 0 
714a0000-71687000 r-xp 00000000 08:01 2504257    /usr/lib/libXnVFeatures_1_4_2.so
71687000-7168a000 r--p 001e6000 08:01 2504257    /usr/lib/libXnVFeatures_1_4_2.so
7168a000-7168b000 rw-p 001e9000 08:01 2504257    /usr/lib/libXnVFeatures_1_4_2.so
7168b000-71690000 rw-p 00000000 00:00 0 
71690000-71877000 r-xp 00000000 08:01 2504252    /usr/lib/libXnVFeatures_1_4_1.so
71877000-7187a000 r--p 001e6000 08:01 2504252    /usr/lib/libXnVFeatures_1_4_1.so
7187a000-7187b000 rw-p 001e9000 08:01 2504252    /usr/lib/libXnVFeatures_1_4_1.so
7187b000-71880000 rw-p 00000000 00:00 0 
71880000-71a9e000 r-xp 00000000 08:01 2504247    /usr/lib/libXnVFeatures_1_3_1.so
71a9e000-71a9f000 ---p 0021e000 08:01 2504247    /usr/lib/libXnVFeatures_1_3_1.so
71a9f000-71aa2000 r--p 0021e000 08:01 2504247    /usr/lib/libXnVFeatures_1_3_1.so
71aa2000-71aa3000 rw-p 00221000 08:01 2504247    /usr/lib/libXnVFeatures_1_3_1.so
71aa3000-71aa8000 rw-p 00000000 00:00 0 
71aa8000-71adc000 r-xp 00000000 08:01 2503954    /usr/lib/libnimCodecs.so
71adc000-71add000 ---p 00034000 08:01 2503954    /usr/lib/libnimCodecs.so
71add000-71adf000 r--p 00034000 08:01 2503954    /usr/lib/libnimCodecs.so
71adf000-71ae0000 rw-p 00036000 08:01 2503954    /usr/lib/libnimCodecs.so
71ae0000-71b00000 rw-p 00000000 00:00 0 
71b00000-71bfe000 rw-p 00000000 00:00 0 
71bfe000-71c00000 ---p 00000000 00:00 0 
71c00000-71c02000 r--s 00000000 08:01 2627541    /var/cache/fontconfig/99e8ed0e538f840c565b6ed5dad60d56-le32d4.cache-3
71c02000-71c06000 r--s 00000000 08:01 2633494    /var/cache/fontconfig/515ca1ebc4b18308bea979be5704f9db-le32d4.cache-3
71c06000-71c09000 r--s 00000000 08:01 2627548    /var/cache/fontconfig/d60319d88cac85ba9e1a07bd06cfbb8c-le32d4.cache-3
71c09000-71c0a000 r--s 00000000 08:01 2625030    /var/cache/fontconfig/4794a0821666d79190d59a36cb4f44b5-le32d4.cache-3
71c0a000-71c17000 r--s 00000000 08:01 2627547    /var/cache/fontconfig/d52a8644073d54c13679302ca1180695-le32d4.cache-3
71c17000-71c1d000 r--s 00000000 08:01 2633493    /var/cache/fontconfig/153bb866d4d26e7cd19eee2129f8d8d2-le32d4.cache-3
71c1d000-71c1f000 r--s 00000000 08:01 2622659    /var/cache/fontconfig/e13b20fdb08344e0e664864cc2ede53d-le32d4.cache-3
71c1f000-71c22000 r--s 00000000 08:01 2633498    /var/cache/fontconfig/7ef2298fde41cc6eeb7af42e48b7d293-le32d4.cache-3
71c22000-71c45000 r-xp 00000000 08:01 2503957    /usr/lib/libnimRecorder.so
71c45000-71c46000 r--p 00023000 08:01 2503957    /usr/lib/libnimRecorder.so
71c46000-71c47000 rw-p 00024000 08:01 2503957    /usr/lib/libnimRecorder.so
71c47000-71c78000 r-xp 00000000 08:01 2503956    /usr/lib/libnimMockNodes.so
71c78000-71c7e000 r--p 00031000 08:01 2503956    /usr/lib/libnimMockNodes.so
71c7e000-71c7f000 rw-p 00037000 08:01 2503956    /usr/lib/libnimMockNodes.so
71c7f000-71cfc000 r-xp 00000000 08:01 2503960    /usr/lib/libOpenNI.so
71cfc000-71cfe000 r--p 0007c000 08:01 2503960    /usr/lib/libOpenNI.so
71cfe000-71d00000 rw-p 0007e000 08:01 2503960    /usr/lib/libOpenNI.so
71d00000-71e00000 rw-p 00000000 00:00 0 
71e00000-71e03000 r--s 00000000 08:01 2627551    /var/cache/fontconfig/e383d7ea5fbe662a33d9b44caf393297-le32d4.cache-3
71e03000-71e08000 r-xp 00000000 08:01 2495612    /usr/lib/i386-linux-gnu/libXdmcp.so.6.0.0
71e08000-71e09000 r--p 00004000 08:01 2495612    /usr/lib/i386-linux-gnu/libXdmcp.so.6.0.0
71e09000-71e0a000 rw-p 00005000 08:01 2495612    /usr/lib/i386-linux-gnu/libXdmcp.so.6.0.0
71e0a000-71e0f000 r-xp 00000000 08:01 2493164    /usr/lib/libXtst.so.6.1.0
71e0f000-71e10000 r--p 00004000 08:01 2493164    /usr/lib/libXtst.so.6.1.0
71e10000-71e11000 rw-p 00005000 08:01 2493164    /usr/lib/libXtst.so.6.1.0
71e11000-71e14000 r-xp 00000000 08:01 2504353    /usr/lib/libXnCore.so
71e14000-71e15000 r--p 00002000 08:01 2504353    /usr/lib/libXnCore.so
71e15000-71e16000 rw-p 00003000 08:01 2504353    /usr/lib/libXnCore.so
71e16000-71e23000 r-xp 00000000 08:01 1704944    /lib/i386-linux-gnu/libusb-1.0.so.0.0.0
71e23000-71e24000 r--p 0000c000 08:01 1704944    /lib/i386-linux-gnu/libusb-1.0.so.0.0.0
71e24000-71e25000 rw-p 0000d000 08:01 1704944    /lib/i386-linux-gnu/libusb-1.0.so.0.0.0
71e25000-71e43000 r-xp 00000000 08:01 2503959    /usr/lib/libOpenNI.jni.so
71e43000-71e44000 r--p 0001d000 08:01 2503959    /usr/lib/libOpenNI.jni.so
71e44000-71e46000 rw-p 0001e000 08:01 2503959    /usr/lib/libOpenNI.jni.so
71e46000-71e4b000 r-xp 00000000 08:01 2513317    /usr/lib/libusbpp-0.1.so.4.4.4
71e4b000-71e4c000 r--p 00004000 08:01 2513317    /usr/lib/libusbpp-0.1.so.4.4.4
71e4c000-71e4d000 rw-p 00005000 08:01 2513317    /usr/lib/libusbpp-0.1.so.4.4.4
71e4d000-71e54000 r-xp 00000000 08:01 1704036    /lib/libusb-0.1.so.4.4.4
71e54000-71e55000 r--p 00006000 08:01 1704036    /lib/libusb-0.1.so.4.4.4
71e55000-71e56000 rw-p 00007000 08:01 1704036    /lib/libusb-0.1.so.4.4.4
71e56000-71e57000 rw-p 00000000 00:00 0 
71e57000-71e5a000 r--s 00000000 08:01 2627528    /var/cache/fontconfig/2cd17615ca594fa2959ae173292e504c-le32d4.cache-3
71e5a000-71e63000 r-xp 00000000 08:01 2495626    /usr/lib/i386-linux-gnu/libXrender.so.1.3.0
71e63000-71e64000 r--p 00008000 08:01 2495626    /usr/lib/i386-linux-gnu/libXrender.so.1.3.0
71e64000-71e65000 rw-p 00009000 08:01 2495626    /usr/lib/i386-linux-gnu/libXrender.so.1.3.0
71e65000-71e6c000 r--s 000fb000 08:01 2896159    /usr/lib/jvm/java-6-openjdk/jre/lib/resources.jar
71e6c000-71e74000 r-xp 00000000 08:01 269300     /usr/lib/libusbJava.so.0.2.4
71e74000-71e75000 rw-p 00007000 08:01 269300     /usr/lib/libusbJava.so.0.2.4
71e75000-71e93000 r--s 0024d000 08:01 272520     /home/norut/workspace/CommModule3.0/lib/KinectLibrary.jar
71e93000-71e95000 r--s 0004c000 08:01 270165     /home/norut/workspace/CommModule3.0/lib/vecmath.jar
71e95000-71e99000 r--s 0001b000 08:01 270164     /home/norut/workspace/CommModule3.0/lib/org.OpenNI.jar
71e99000-71ea7000 r--s 00193000 08:01 270161     /home/norut/workspace/CommModule3.0/lib/j3dutils.jar
71ea7000-71eb3000 r--s 002c7000 08:01 270151     /home/norut/workspace/CommModule3.0/lib/j3dcore.jar
71eb3000-71eb7000 r--s 000fc000 08:01 268885     /home/norut/workspace/CommModule3.0/lib/NoninLibrary.jar
71eb7000-71eba000 r--s 00012000 08:01 268892     /home/norut/workspace/CommModule3.0/lib/IRGlanceLibrary.jar
71eba000-71ebd000 r--s 00011000 08:01 269114     /home/norut/workspace/CommModule3.0/lib/wii-gee-plugin-wiimote-android_fat.jar
71ebd000-71ec0000 r--s 0007d000 08:01 2896155    /usr/lib/jvm/java-6-openjdk/jre/lib/jsse.jar
71ec0000-71ec5000 r--s 0009b000 08:01 268849     /home/norut/workspace/CommModule3.0/lib/WiiboardSimple2.0.jar
71ec5000-71ecd000 r--s 00066000 08:01 2895241    /usr/share/java/gnome-java-bridge.jar
71ecd000-71ece000 ---p 00000000 00:00 0 
71ece000-71f9f000 rwxp 00000000 00:00 0 
71f9f000-71fa0000 ---p 00000000 00:00 0 
71fa0000-72020000 rwxp 00000000 00:00 0 
72020000-72021000 ---p 00000000 00:00 0 
72021000-720f2000 rwxp 00000000 00:00 0 
720f2000-720f3000 r--p 006a5000 08:01 2497487    /usr/lib/locale/locale-archive
720f3000-72224000 r--p 0043d000 08:01 2497487    /usr/lib/locale/locale-archive
72224000-72264000 r--p 002bd000 08:01 2497487    /usr/lib/locale/locale-archive
72264000-72464000 r--p 00000000 08:01 2497487    /usr/lib/locale/locale-archive
72464000-72506000 rwxp 00000000 00:00 0 
72506000-72507000 ---p 00000000 00:00 0 
72507000-72587000 rwxp 00000000 00:00 0 
72587000-725ba000 rw-p 00000000 00:00 0 
725ba000-7274a000 r--s 037ba000 08:01 2886099    /usr/lib/jvm/java-6-openjdk/jre/lib/rt.jar
7274a000-7274b000 ---p 00000000 00:00 0 
7274b000-727cb000 rwxp 00000000 00:00 0 
727cb000-727cc000 ---p 00000000 00:00 0 
727cc000-7284c000 rwxp 00000000 00:00 0 
7284c000-72854000 rw-p 00000000 00:00 0 
72854000-7288c000 rw-p 00000000 00:00 0 
7288c000-728d2000 rw-p 00000000 00:00 0 
728d2000-729ba000 rw-p 00000000 00:00 0 
729ba000-729c2000 rw-p 00000000 00:00 0 
729c2000-729fa000 rw-p 00000000 00:00 0 
729fa000-72a40000 rw-p 00000000 00:00 0 
72a40000-72b28000 rw-p 00000000 00:00 0 
72b28000-72bbf000 rw-p 00000000 00:00 0 
72bbf000-73bc0000 rw-p 00000000 00:00 0 
73bc0000-7abc0000 rw-p 00000000 00:00 0 
7abc0000-836d0000 rw-p 00000000 00:00 0 
836d0000-a07c0000 rw-p 00000000 00:00 0 
a07c0000-b35c0000 rw-p 00000000 00:00 0 
b35c0000-b35c1000 r--s 00000000 08:01 2627543    /var/cache/fontconfig/c05880de57d1f5e948fdfacc138775d9-le32d4.cache-3
b35c1000-b35c2000 r--s 00000000 08:01 2627532    /var/cache/fontconfig/4c73fe0c47614734b17d736dbde7580a-le32d4.cache-3
b35c2000-b35cb000 rw-p 00000000 00:00 0 
b35cb000-b3682000 rw-p 00000000 00:00 0 
b3682000-b38c2000 rwxp 00000000 00:00 0 
b38c2000-b6682000 rw-p 00000000 00:00 0 
b6682000-b668d000 r-xp 00000000 08:01 1713725    /lib/i386-linux-gnu/libnss_files-2.13.so
b668d000-b668e000 r--p 0000a000 08:01 1713725    /lib/i386-linux-gnu/libnss_files-2.13.so
b668e000-b668f000 rw-p 0000b000 08:01 1713725    /lib/i386-linux-gnu/libnss_files-2.13.so
b668f000-b6699000 r-xp 00000000 08:01 1713727    /lib/i386-linux-gnu/libnss_nis-2.13.so
b6699000-b669a000 r--p 00009000 08:01 1713727    /lib/i386-linux-gnu/libnss_nis-2.13.so
b669a000-b669b000 rw-p 0000a000 08:01 1713727    /lib/i386-linux-gnu/libnss_nis-2.13.so
b669b000-b66b0000 r-xp 00000000 08:01 1713722    /lib/i386-linux-gnu/libnsl-2.13.so
b66b0000-b66b1000 r--p 00015000 08:01 1713722    /lib/i386-linux-gnu/libnsl-2.13.so
b66b1000-b66b2000 rw-p 00016000 08:01 1713722    /lib/i386-linux-gnu/libnsl-2.13.so
b66b2000-b66b4000 rw-p 00000000 00:00 0 
b66b4000-b66bc000 r-xp 00000000 08:01 1713723    /lib/i386-linux-gnu/libnss_compat-2.13.so
b66bc000-b66bd000 r--p 00007000 08:01 1713723    /lib/i386-linux-gnu/libnss_compat-2.13.so
b66bd000-b66be000 rw-p 00008000 08:01 1713723    /lib/i386-linux-gnu/libnss_compat-2.13.so
b66be000-b66c0000 r-xp 00000000 08:01 2495604    /usr/lib/i386-linux-gnu/libXau.so.6.0.0
b66c0000-b66c1000 r--p 00001000 08:01 2495604    /usr/lib/i386-linux-gnu/libXau.so.6.0.0
b66c1000-b66c2000 rw-p 00002000 08:01 2495604    /usr/lib/i386-linux-gnu/libXau.so.6.0.0
b66c2000-b66c9000 r-xp 00000000 08:01 2896164    /usr/lib/jvm/java-6-openjdk/jre/lib/i386/libzip.so
b66c9000-b66ca000 r--p 00006000 08:01 2896164    /usr/lib/jvm/java-6-openjdk/jre/lib/i386/libzip.so
b66ca000-b66cb000 rw-p 00007000 08:01 2896164    /usr/lib/jvm/java-6-openjdk/jre/lib/i386/libzip.so
b66cb000-b66d3000 rw-s 00000000 08:01 1582258    /tmp/hsperfdata_root/4458
b66d3000-b66f9000 r-xp 00000000 08:01 2886119    /usr/lib/jvm/java-6-openjdk/jre/lib/i386/libjava.so
b66f9000-b66fa000 r--p 00025000 08:01 2886119    /usr/lib/jvm/java-6-openjdk/jre/lib/i386/libjava.so
b66fa000-b66fc000 rw-p 00026000 08:01 2886119    /usr/lib/jvm/java-6-openjdk/jre/lib/i386/libjava.so
b66fc000-b6703000 r-xp 00000000 08:01 1713732    /lib/i386-linux-gnu/librt-2.13.so
b6703000-b6704000 r--p 00006000 08:01 1713732    /lib/i386-linux-gnu/librt-2.13.so
b6704000-b6705000 rw-p 00007000 08:01 1713732    /lib/i386-linux-gnu/librt-2.13.so
b6705000-b6706000 rw-p 00000000 00:00 0 
b6706000-b6756000 rwxp 00000000 00:00 0 
b6756000-b6772000 r-xp 00000000 08:01 1704890    /lib/i386-linux-gnu/libgcc_s.so.1
b6772000-b6773000 r--p 0001b000 08:01 1704890    /lib/i386-linux-gnu/libgcc_s.so.1
b6773000-b6774000 rw-p 0001c000 08:01 1704890    /lib/i386-linux-gnu/libgcc_s.so.1
b6774000-b679c000 r-xp 00000000 08:01 1713720    /lib/i386-linux-gnu/libm-2.13.so
b679c000-b679d000 r--p 00028000 08:01 1713720    /lib/i386-linux-gnu/libm-2.13.so
b679d000-b679e000 rw-p 00029000 08:01 1713720    /lib/i386-linux-gnu/libm-2.13.so
b679e000-b687c000 r-xp 00000000 08:01 2495867    /usr/lib/i386-linux-gnu/libstdc++.so.6.0.16
b687c000-b687d000 ---p 000de000 08:01 2495867    /usr/lib/i386-linux-gnu/libstdc++.so.6.0.16
b687d000-b6881000 r--p 000de000 08:01 2495867    /usr/lib/i386-linux-gnu/libstdc++.so.6.0.16
b6881000-b6882000 rw-p 000e2000 08:01 2495867    /usr/lib/i386-linux-gnu/libstdc++.so.6.0.16
b6882000-b6889000 rw-p 00000000 00:00 0 
b6889000-b70a7000 r-xp 00000000 08:01 3028099    /usr/lib/jvm/java-6-openjdk/jre/lib/i386/server/libjvm.so
b70a7000-b70ec000 r--p 0081e000 08:01 3028099    /usr/lib/jvm/java-6-openjdk/jre/lib/i386/server/libjvm.so
b70ec000-b70fb000 rw-p 00863000 08:01 3028099    /usr/lib/jvm/java-6-openjdk/jre/lib/i386/server/libjvm.so
b70fb000-b7517000 rw-p 00000000 00:00 0 
b7517000-b752a000 r-xp 00000000 08:01 1704952    /lib/i386-linux-gnu/libz.so.1.2.3.4
b752a000-b752b000 r--p 00012000 08:01 1704952    /lib/i386-linux-gnu/libz.so.1.2.3.4
b752b000-b752c000 rw-p 00013000 08:01 1704952    /lib/i386-linux-gnu/libz.so.1.2.3.4
b752c000-b76a4000 r-xp 00000000 08:01 1713716    /lib/i386-linux-gnu/libc-2.13.so
b76a4000-b76a6000 r--p 00178000 08:01 1713716    /lib/i386-linux-gnu/libc-2.13.so
b76a6000-b76a7000 rw-p 0017a000 08:01 1713716    /lib/i386-linux-gnu/libc-2.13.so
b76a7000-b76aa000 rw-p 00000000 00:00 0 
b76aa000-b76ad000 r-xp 00000000 08:01 1713719    /lib/i386-linux-gnu/libdl-2.13.so
b76ad000-b76ae000 r--p 00002000 08:01 1713719    /lib/i386-linux-gnu/libdl-2.13.so
b76ae000-b76af000 rw-p 00003000 08:01 1713719    /lib/i386-linux-gnu/libdl-2.13.so
b76af000-b76b3000 r-xp 00000000 08:01 2886103    /usr/lib/jvm/java-6-openjdk/jre/lib/i386/jli/libjli.so
b76b3000-b76b4000 r--p 00003000 08:01 2886103    /usr/lib/jvm/java-6-openjdk/jre/lib/i386/jli/libjli.so
b76b4000-b76b5000 rw-p 00004000 08:01 2886103    /usr/lib/jvm/java-6-openjdk/jre/lib/i386/jli/libjli.so
b76b5000-b76b6000 rw-p 00000000 00:00 0 
b76b6000-b76cd000 r-xp 00000000 08:01 1713730    /lib/i386-linux-gnu/libpthread-2.13.so
b76cd000-b76ce000 r--p 00016000 08:01 1713730    /lib/i386-linux-gnu/libpthread-2.13.so
b76ce000-b76cf000 rw-p 00017000 08:01 1713730    /lib/i386-linux-gnu/libpthread-2.13.so
b76cf000-b76d1000 rw-p 00000000 00:00 0 
b76d1000-b76d2000 r--s 00000000 08:01 2627525    /var/cache/fontconfig/0d8c3b2ac0904cb8a57a757ad11a4a08-le32d4.cache-3
b76d2000-b76d3000 r--s 00000000 08:01 2627535    /var/cache/fontconfig/6a53c69dea097a2d716e069445527da8-le32d4.cache-3
b76d3000-b76d4000 rw-s 00000000 00:12 61337      /run/shm/045e.02ae@1.6-SM (deleted)
b76d4000-b76d6000 r--s 0000f000 08:01 2896143    /usr/lib/jvm/java-6-openjdk/jre/lib/ext/pulse-java.jar
b76d6000-b76d7000 rw-p 00000000 00:00 0 
b76d7000-b76d8000 r--p 00000000 00:00 0 
b76d8000-b76e3000 r-xp 00000000 08:01 2886139    /usr/lib/jvm/java-6-openjdk/jre/lib/i386/libverify.so
b76e3000-b76e4000 ---p 0000b000 08:01 2886139    /usr/lib/jvm/java-6-openjdk/jre/lib/i386/libverify.so
b76e4000-b76e5000 r--p 0000b000 08:01 2886139    /usr/lib/jvm/java-6-openjdk/jre/lib/i386/libverify.so
b76e5000-b76e6000 rw-p 0000c000 08:01 2886139    /usr/lib/jvm/java-6-openjdk/jre/lib/i386/libverify.so
b76e6000-b76e8000 rw-p 00000000 00:00 0 
b76e8000-b76e9000 r-xp 00000000 00:00 0          [vdso]
b76e9000-b7707000 r-xp 00000000 08:01 1713713    /lib/i386-linux-gnu/ld-2.13.so
b7707000-b7708000 r--p 0001d000 08:01 1713713    /lib/i386-linux-gnu/ld-2.13.so
b7708000-b7709000 rw-p 0001e000 08:01 1713713    /lib/i386-linux-gnu/ld-2.13.so
bfe5f000-bfe80000 rwxp 00000000 00:00 0          [stack]

VM Arguments:
jvm_args: -Dfile.encoding=UTF-8 
java_command: test.TestGrande
Launcher Type: SUN_STANDARD

Environment Variables:
PATH=/usr/local/sbin:/usr/local/bin:/usr/sbin:/usr/bin:/sbin:/bin:/usr/X11R6/bin
USERNAME=root
LD_LIBRARY_PATH=/usr/lib/jvm/java-6-openjdk/jre/lib/i386/server:/usr/lib/jvm/java-6-openjdk/jre/lib/i386:/usr/lib/jvm/java-6-openjdk/jre/../lib/i386:/usr/lib/jvm/java-6-openjdk/jre/lib/i386/client:/usr/lib/jvm/java-6-openjdk/jre/lib/i386:
SHELL=/bin/bash
DISPLAY=:0.0

Signal Handlers:
SIGSEGV: [libjvm.so+0x66a530], sa_mask[0]=0x7ffbfeff, sa_flags=0x10000004
SIGBUS: [libjvm.so+0x66a530], sa_mask[0]=0x7ffbfeff, sa_flags=0x10000004
SIGFPE: [libjvm.so+0x52e2c0], sa_mask[0]=0x7ffbfeff, sa_flags=0x10000004
SIGPIPE: [libjvm.so+0x52e2c0], sa_mask[0]=0x7ffbfeff, sa_flags=0x10000004
SIGXFSZ: [libjvm.so+0x52e2c0], sa_mask[0]=0x7ffbfeff, sa_flags=0x10000004
SIGILL: [libjvm.so+0x52e2c0], sa_mask[0]=0x7ffbfeff, sa_flags=0x10000004
SIGUSR1: SIG_DFL, sa_mask[0]=0x00000000, sa_flags=0x00000000
SIGUSR2: [libjvm.so+0x52e150], sa_mask[0]=0x00000004, sa_flags=0x10000004
SIGHUP: [libjvm.so+0x5311f0], sa_mask[0]=0x7ffbfeff, sa_flags=0x10000004
SIGINT: [libjvm.so+0x5311f0], sa_mask[0]=0x7ffbfeff, sa_flags=0x10000004
SIGTERM: [libjvm.so+0x5311f0], sa_mask[0]=0x7ffbfeff, sa_flags=0x10000004
SIGQUIT: [libjvm.so+0x5311f0], sa_mask[0]=0x7ffbfeff, sa_flags=0x10000004


---------------  S Y S T E M  ---------------

OS:Ubuntu 11.10 (oneiric)
uname:Linux 3.0.0-17-generic-pae #30-Ubuntu SMP Thu Mar 8 17:53:35 UTC 2012 i686
libc:glibc 2.13 NPTL 2.13 
rlimit: STACK 8192k, CORE 0k, NPROC 28837, NOFILE 4096, AS infinity
load average:1.52 0.62 0.40

/proc/meminfo:
MemTotal:        3705196 kB
MemFree:          764960 kB
Buffers:          340308 kB
Cached:          1049032 kB
SwapCached:            0 kB
Active:          1914480 kB
Inactive:         793784 kB
Active(anon):    1319968 kB
Inactive(anon):    11156 kB
Active(file):     594512 kB
Inactive(file):   782628 kB
Unevictable:          60 kB
Mlocked:              60 kB
HighTotal:       2866716 kB
HighFree:         383740 kB
LowTotal:         838480 kB
LowFree:          381220 kB
SwapTotal:       3778556 kB
SwapFree:        3778556 kB
Dirty:              8256 kB
Writeback:             0 kB
AnonPages:       1319012 kB
Mapped:           214712 kB
Shmem:             12204 kB
Slab:              80824 kB
SReclaimable:      65672 kB
SUnreclaim:        15152 kB
KernelStack:        3376 kB
PageTables:        10336 kB
NFS_Unstable:          0 kB
Bounce:                0 kB
WritebackTmp:          0 kB
CommitLimit:     5631152 kB
Committed_AS:    3039100 kB
VmallocTotal:     122880 kB
VmallocUsed:       45968 kB
VmallocChunk:      73112 kB
HardwareCorrupted:     0 kB
AnonHugePages:         0 kB
HugePages_Total:       0
HugePages_Free:        0
HugePages_Rsvd:        0
HugePages_Surp:        0
Hugepagesize:       2048 kB
DirectMap4k:       10232 kB
DirectMap2M:      903168 kB


CPU:total 2 (2 cores per cpu, 1 threads per core) family 20 model 1 stepping 0, cmov, cx8, fxsr, mmx, sse, sse2, sse3, ssse3, popcnt, mmxext, lzcnt, sse4a

Memory: 4k page, physical 3705196k(764960k free), swap 3778556k(3778556k free)

vm_info: OpenJDK Server VM (20.0-b11) for linux-x86 JRE (1.6.0_23-b23), built on Feb 23 2012 06:26:43 by "buildd" with gcc 4.6.1

time: Tue Apr 17 09:43:03 2012
elapsed time: 27 seconds

