#
# A fatal error has been detected by the Java Runtime Environment:
#
#  SIGSEGV (0xb) at pc=0x70f58ddd, pid=18274, tid=3061521216
#
# JRE version: 6.0_24-b24
# Java VM: OpenJDK Server VM (20.0-b12 mixed mode linux-x86 )
# Derivative: IcedTea6 1.11.1
# Distribution: Ubuntu precise (development branch), package 6b24-1.11.1-4ubuntu2
# Problematic frame:
# C  [libXnVFeatures_1_5_2.so+0x39ddd]  XnVSkeletonGenerator::IsCalibrated(unsigned int)+0x2d
#
# If you would like to submit a bug report, please include
# instructions how to reproduce the bug and visit:
#   https://bugs.launchpad.net/ubuntu/+source/openjdk-6/
# The crash happened outside the Java Virtual Machine in native code.
# See problematic frame for where to report the bug.
#

---------------  T H R E A D  ---------------

Current thread (0xb6605800):  JavaThread "main" [_thread_in_native, id=18278, stack(0xb6761000,0xb67b2000)]

siginfo:si_signo=SIGSEGV: si_errno=0, si_code=1 (SEGV_MAPERR), si_addr=0x6ef680c0

Registers:
EAX=0x6ef38008, EBX=0x71328ff4, ECX=0x00000001, EDX=0x00000000
ESP=0xb67b0e90, EBP=0xb67b0ea8, ESI=0x72ee27e0, EDI=0xb6605800
EIP=0x70f58ddd, EFLAGS=0x00010202, CR2=0x6ef680c0

Top of Stack: (sp=0xb67b0e90)
0xb67b0e90:   6c183d40 00000001 00000000 00000000
0xb67b0ea0:   72ee27e0 71328ff4 b67b0ec8 70f442c1
0xb67b0eb0:   6c183cf8 00000001 71321698 ffffffff
0xb67b0ec0:   b35dbee1 71bc2ff4 b67b0f48 71b58b63
0xb67b0ed0:   6c183cf8 00000001 b67b0ef8 72eec908
0xb67b0ee0:   72f08ab0 72ec27b0 00000000 71bb6623
0xb67b0ef0:   6c1e55b8 00000001 a0a571a8 b67b0efc
0xb67b0f00:   72efe5f6 b67b0f28 72ee27e0 b35e364a 

Instructions: (pc=0x70f58ddd)
0x70f58dbd:   fe ff 81 c3 35 02 3d 00 89 44 24 04 8b 45 08 83
0x70f58dcd:   c0 48 89 04 24 e8 49 37 16 00 31 d2 85 c0 74 13
0x70f58ddd:   80 b8 b8 00 03 00 00 74 12 0f b6 90 fc 18 02 00
0x70f58ded:   0f b6 d2 83 c4 14 89 d0 5b 5d c3 0f b6 90 18 4e 

Register to memory mapping:

EAX=0x6ef38008 is an unknown value
EBX=0x71328ff4: <offset 0x409ff4> in /usr/lib/libXnVFeatures_1_5_2.so at 0x70f1f000
ECX=0x00000001 is an unknown value
EDX=0x00000000 is an unknown value
ESP=0xb67b0e90 is pointing into the stack for thread: 0xb6605800
EBP=0xb67b0ea8 is pointing into the stack for thread: 0xb6605800
ESI=0x72ee27e0 is an oop
{method} 
 - klass: {other class}
EDI=0xb6605800 is a thread


Stack: [0xb6761000,0xb67b2000],  sp=0xb67b0e90,  free space=319k
Native frames: (J=compiled Java code, j=interpreted, Vv=VM code, C=native code)
C  [libXnVFeatures_1_5_2.so+0x39ddd]  XnVSkeletonGenerator::IsCalibrated(unsigned int)+0x2d
C  [libXnVFeatures_1_5_2.so+0x252c1]  __ModuleIsSkeletonCalibrated(void*, unsigned int)+0x61
C  [libOpenNI.so+0x40b63]  xnIsSkeletonCalibrated+0x43
j  org.OpenNI.SkeletonCapability.isSkeletonCalibrated(I)Z+5
j  control.DeviceManager.waitForUserIsCalibrated(I)V+33
j  control.DeviceManager.getKinectPoseLauncher(ILkinectThreads/KinectPoseEnum;)Llaunchers/KinectPoseLauncher;+10
j  test.TestGrande.<init>()V+29
j  test.TestGrande.main([Ljava/lang/String;)V+11
v  ~StubRoutines::call_stub
V  [libjvm.so+0x39a7d6]  JavaCalls::call_helper(JavaValue*, methodHandle*, JavaCallArguments*, Thread*)+0x2c6

Java frames: (J=compiled Java code, j=interpreted, Vv=VM code)
j  org.OpenNI.NativeMethods.xnIsSkeletonCalibrated(JI)Z+0
j  org.OpenNI.SkeletonCapability.isSkeletonCalibrated(I)Z+5
j  control.DeviceManager.waitForUserIsCalibrated(I)V+33
j  control.DeviceManager.getKinectPoseLauncher(ILkinectThreads/KinectPoseEnum;)Llaunchers/KinectPoseLauncher;+10
j  test.TestGrande.<init>()V+29
j  test.TestGrande.main([Ljava/lang/String;)V+11
v  ~StubRoutines::call_stub

---------------  P R O C E S S  ---------------

Java Threads: ( => current thread )
  0x71a61000 JavaThread "Thread-1" [_thread_in_native, id=18300, stack(0x6f106000,0x6f157000)]
  0xb66a4400 JavaThread "Low Memory Detector" daemon [_thread_blocked, id=18288, stack(0x71c78000,0x71cc9000)]
  0xb66a2800 JavaThread "C2 CompilerThread1" daemon [_thread_blocked, id=18287, stack(0x71cc9000,0x71d4a000)]
  0xb66a0800 JavaThread "C2 CompilerThread0" daemon [_thread_blocked, id=18286, stack(0x71d4a000,0x71dcb000)]
  0xb669f400 JavaThread "Signal Dispatcher" daemon [_thread_blocked, id=18285, stack(0x71dcb000,0x71e1c000)]
  0xb668f800 JavaThread "Finalizer" daemon [_thread_blocked, id=18284, stack(0x7214d000,0x7219e000)]
  0xb668e000 JavaThread "Reference Handler" daemon [_thread_blocked, id=18283, stack(0x7219e000,0x721ef000)]
=>0xb6605800 JavaThread "main" [_thread_in_native, id=18278, stack(0xb6761000,0xb67b2000)]

Other Threads:
  0xb668a400 VMThread [stack: 0x721ef000,0x72270000] [id=18282]
  0xb66a6000 WatcherThread [stack: 0x71bf7000,0x71c78000] [id=18289]

VM state:not at safepoint (normal execution)

VM Mutex/Monitor currently owned by a thread: None

Heap
 PSYoungGen      total 16896K, used 3601K [0xa0710000, 0xa19e0000, 0xb3510000)
  eden space 14528K, 24% used [0xa0710000,0xa0a94410,0xa1540000)
  from space 2368K, 0% used [0xa1790000,0xa1790000,0xa19e0000)
  to   space 2368K, 0% used [0xa1540000,0xa1540000,0xa1790000)
 PSOldGen        total 38656K, used 0K [0x7ab10000, 0x7d0d0000, 0xa0710000)
  object space 38656K, 0% used [0x7ab10000,0x7ab10000,0x7d0d0000)
 PSPermGen       total 16384K, used 4066K [0x72b10000, 0x73b10000, 0x7ab10000)
  object space 16384K, 24% used [0x72b10000,0x72f08ba0,0x73b10000)

Code Cache  [0xb35d9000, 0xb3819000, 0xb65d9000)
 total_blobs=137 nmethods=15 adapters=77 free_code_cache=50007168 largest_free_block=11712

Dynamic libraries:
08048000-08051000 r-xp 00000000 08:01 399016     /usr/lib/jvm/java-6-openjdk-i386/jre/bin/java
08051000-08052000 r--p 00008000 08:01 399016     /usr/lib/jvm/java-6-openjdk-i386/jre/bin/java
08052000-08053000 rw-p 00009000 08:01 399016     /usr/lib/jvm/java-6-openjdk-i386/jre/bin/java
0910f000-09211000 rw-p 00000000 00:00 0          [heap]
5e500000-5e5b5000 rw-p 00000000 00:00 0 
5e5b5000-5e600000 ---p 00000000 00:00 0 
5e700000-5e7f6000 rw-p 00000000 00:00 0 
5e7f6000-5e800000 ---p 00000000 00:00 0 
5ef00000-5f000000 rw-p 00000000 00:00 0 
5f1f9000-5f40a000 rw-p 00000000 00:00 0 
5f40a000-61500000 r--s 00000000 00:12 56553      /run/shm/18291_045e.02ae@1.6_Image
61500000-615dd000 rw-p 00000000 00:00 0 
615dd000-61600000 ---p 00000000 00:00 0 
6161e000-61700000 rw-p 00000000 00:00 0 
61700000-61900000 rw-p 00000000 00:00 0 
61900000-61b00000 rw-p 00000000 00:00 0 
61b00000-61bff000 rw-p 00000000 00:00 0 
61bff000-61c00000 ---p 00000000 00:00 0 
61c00000-61d00000 rw-p 00000000 00:00 0 
61d00000-61eff000 rw-p 00000000 00:00 0 
61eff000-61f00000 ---p 00000000 00:00 0 
61f00000-62100000 rw-p 00000000 00:00 0 
62100000-62300000 rw-p 00000000 00:00 0 
62300000-62500000 rw-p 00000000 00:00 0 
62500000-62700000 rw-p 00000000 00:00 0 
62700000-62900000 rw-p 00000000 00:00 0 
62900000-62b00000 rw-p 00000000 00:00 0 
62b00000-62d00000 rw-p 00000000 00:00 0 
62d00000-62f00000 rw-p 00000000 00:00 0 
62f00000-63100000 rw-p 00000000 00:00 0 
63100000-63300000 rw-p 00000000 00:00 0 
63300000-63500000 rw-p 00000000 00:00 0 
63500000-63700000 rw-p 00000000 00:00 0 
63700000-63900000 rw-p 00000000 00:00 0 
63900000-63b00000 rw-p 00000000 00:00 0 
63b00000-63d00000 rw-p 00000000 00:00 0 
63d00000-63f00000 rw-p 00000000 00:00 0 
63f00000-64100000 rw-p 00000000 00:00 0 
64100000-64300000 rw-p 00000000 00:00 0 
64300000-64500000 rw-p 00000000 00:00 0 
64500000-64700000 rw-p 00000000 00:00 0 
64700000-64900000 rw-p 00000000 00:00 0 
64900000-64b00000 rw-p 00000000 00:00 0 
64b00000-64d00000 rw-p 00000000 00:00 0 
64d00000-64f00000 rw-p 00000000 00:00 0 
64f00000-65100000 rw-p 00000000 00:00 0 
65100000-65200000 rw-p 00000000 00:00 0 
6520e000-6b600000 rw-p 00000000 00:00 0 
6b600000-6b700000 rw-p 00000000 00:00 0 
6b766000-6c100000 rw-p 00000000 00:00 0 
6c100000-6c1ec000 rw-p 00000000 00:00 0 
6c1ec000-6c200000 ---p 00000000 00:00 0 
6c269000-6c300000 rw-p 00000000 00:00 0 
6c300000-6c400000 rw-p 00000000 00:00 0 
6c405000-6c600000 rw-p 00000000 00:00 0 
6c600000-6c800000 rw-p 00000000 00:00 0 
6c800000-6c900000 rw-p 00000000 00:00 0 
6c969000-6ca00000 rw-p 00000000 00:00 0 
6ca00000-6cafa000 rw-p 00000000 00:00 0 
6cafa000-6cb00000 ---p 00000000 00:00 0 
6cb7c000-6dbe3000 rw-p 00000000 00:00 0 
6dbe3000-6df67000 r--s 00000000 00:12 55877      /run/shm/18291_045e.02ae@1.6_Depth
6df67000-6dffe000 rw-p 00000000 00:00 0 
6dffe000-6dfff000 ---p 00000000 00:00 0 
6dfff000-6e7ff000 rwxp 00000000 00:00 0 
6e7ff000-6ec00000 rw-p 00000000 00:00 0 
6ec00000-6ecfe000 rw-p 00000000 00:00 0 
6ecfe000-6ed00000 ---p 00000000 00:00 0 
6ed1d000-6ee00000 rw-p 00000000 00:00 0 
6ee00000-6eefe000 rw-p 00000000 00:00 0 
6eefe000-6ef00000 ---p 00000000 00:00 0 
6ef69000-6f000000 rw-p 00000000 00:00 0 
6f000000-6f100000 rw-p 00000000 00:00 0 
6f106000-6f109000 ---p 00000000 00:00 0 
6f109000-6f157000 rwxp 00000000 00:00 0 
6f157000-6f400000 rw-p 00000000 00:00 0 
6f400000-6f5ff000 rw-p 00000000 00:00 0 
6f5ff000-6f600000 ---p 00000000 00:00 0 
6f600000-6f6fe000 rw-p 00000000 00:00 0 
6f6fe000-6f700000 ---p 00000000 00:00 0 
6f700000-6f800000 rw-p 00000000 00:00 0 
6f800000-6f8fd000 rw-p 00000000 00:00 0 
6f8fd000-6f900000 ---p 00000000 00:00 0 
6f927000-6f973000 rw-p 00000000 00:00 0 
6f973000-6fcf7000 r--s 00000000 00:12 55877      /run/shm/18291_045e.02ae@1.6_Depth
6fcf7000-6fd8e000 rw-p 00000000 00:00 0 
6fd8e000-6fd8f000 ---p 00000000 00:00 0 
6fd8f000-7058f000 rwxp 00000000 00:00 0 
7058f000-70990000 rw-p 00000000 00:00 0 
70990000-70a1c000 r-xp 00000000 08:01 2504881    /usr/lib/libXnDeviceSensorV2KM.so
70a1c000-70a25000 r--p 0008b000 08:01 2504881    /usr/lib/libXnDeviceSensorV2KM.so
70a25000-70a26000 rw-p 00094000 08:01 2504881    /usr/lib/libXnDeviceSensorV2KM.so
70a26000-70a52000 r-xp 00000000 08:01 2504355    /usr/lib/libXnDeviceFile.so
70a52000-70a53000 ---p 0002c000 08:01 2504355    /usr/lib/libXnDeviceFile.so
70a53000-70a54000 r--p 0002c000 08:01 2504355    /usr/lib/libXnDeviceFile.so
70a54000-70a55000 rw-p 0002d000 08:01 2504355    /usr/lib/libXnDeviceFile.so
70a55000-70aa7000 r-xp 00000000 08:01 2504354    /usr/lib/libXnDDK.so
70aa7000-70aa8000 ---p 00052000 08:01 2504354    /usr/lib/libXnDDK.so
70aa8000-70aaa000 r--p 00052000 08:01 2504354    /usr/lib/libXnDDK.so
70aaa000-70aab000 rw-p 00054000 08:01 2504354    /usr/lib/libXnDDK.so
70aab000-70ace000 r-xp 00000000 08:01 2504357    /usr/lib/libXnFormats.so
70ace000-70acf000 r--p 00022000 08:01 2504357    /usr/lib/libXnFormats.so
70acf000-70ad0000 rw-p 00023000 08:01 2504357    /usr/lib/libXnFormats.so
70ad0000-70af0000 rw-p 00000000 00:00 0 
70af0000-70b89000 r-xp 00000000 08:01 2504356    /usr/lib/libXnDeviceSensorV2.so
70b89000-70b92000 r--p 00098000 08:01 2504356    /usr/lib/libXnDeviceSensorV2.so
70b92000-70b93000 rw-p 000a1000 08:01 2504356    /usr/lib/libXnDeviceSensorV2.so
70b93000-70c76000 r-xp 00000000 08:01 2504285    /usr/lib/libXnVHandGenerator_1_5_2.so
70c76000-70c79000 r--p 000e3000 08:01 2504285    /usr/lib/libXnVHandGenerator_1_5_2.so
70c79000-70c7a000 rw-p 000e6000 08:01 2504285    /usr/lib/libXnVHandGenerator_1_5_2.so
70c7a000-70c86000 rw-p 00000000 00:00 0 
70c86000-70d5b000 r-xp 00000000 08:01 2504282    /usr/lib/libXnVHandGenerator_1_4_2.so
70d5b000-70d5c000 ---p 000d5000 08:01 2504282    /usr/lib/libXnVHandGenerator_1_4_2.so
70d5c000-70d5e000 r--p 000d5000 08:01 2504282    /usr/lib/libXnVHandGenerator_1_4_2.so
70d5e000-70d5f000 rw-p 000d7000 08:01 2504282    /usr/lib/libXnVHandGenerator_1_4_2.so
70d5f000-70d61000 rw-p 00000000 00:00 0 
70d61000-70e35000 r-xp 00000000 08:01 2504279    /usr/lib/libXnVHandGenerator_1_4_1.so
70e35000-70e36000 ---p 000d4000 08:01 2504279    /usr/lib/libXnVHandGenerator_1_4_1.so
70e36000-70e38000 r--p 000d4000 08:01 2504279    /usr/lib/libXnVHandGenerator_1_4_1.so
70e38000-70e39000 rw-p 000d6000 08:01 2504279    /usr/lib/libXnVHandGenerator_1_4_1.so
70e39000-70e3b000 rw-p 00000000 00:00 0 
70e3b000-70f19000 r-xp 00000000 08:01 2504275    /usr/lib/libXnVHandGenerator_1_3_1.so
70f19000-70f1c000 r--p 000dd000 08:01 2504275    /usr/lib/libXnVHandGenerator_1_3_1.so
70f1c000-70f1d000 rw-p 000e0000 08:01 2504275    /usr/lib/libXnVHandGenerator_1_3_1.so
70f1d000-70f1f000 rw-p 00000000 00:00 0 
70f1f000-71320000 r-xp 00000000 08:01 2504268    /usr/lib/libXnVFeatures_1_5_2.so
71320000-71321000 ---p 00401000 08:01 2504268    /usr/lib/libXnVFeatures_1_5_2.so
71321000-71329000 r--p 00401000 08:01 2504268    /usr/lib/libXnVFeatures_1_5_2.so
71329000-7132a000 rw-p 00409000 08:01 2504268    /usr/lib/libXnVFeatures_1_5_2.so
7132a000-7133e000 rw-p 00000000 00:00 0 
7133e000-71525000 r-xp 00000000 08:01 2504257    /usr/lib/libXnVFeatures_1_4_2.so
71525000-71528000 r--p 001e6000 08:01 2504257    /usr/lib/libXnVFeatures_1_4_2.so
71528000-71529000 rw-p 001e9000 08:01 2504257    /usr/lib/libXnVFeatures_1_4_2.so
71529000-7152e000 rw-p 00000000 00:00 0 
7152e000-71715000 r-xp 00000000 08:01 2504252    /usr/lib/libXnVFeatures_1_4_1.so
71715000-71718000 r--p 001e6000 08:01 2504252    /usr/lib/libXnVFeatures_1_4_1.so
71718000-71719000 rw-p 001e9000 08:01 2504252    /usr/lib/libXnVFeatures_1_4_1.so
71719000-7171e000 rw-p 00000000 00:00 0 
7171e000-7193c000 r-xp 00000000 08:01 2504247    /usr/lib/libXnVFeatures_1_3_1.so
7193c000-7193d000 ---p 0021e000 08:01 2504247    /usr/lib/libXnVFeatures_1_3_1.so
7193d000-71940000 r--p 0021e000 08:01 2504247    /usr/lib/libXnVFeatures_1_3_1.so
71940000-71941000 rw-p 00221000 08:01 2504247    /usr/lib/libXnVFeatures_1_3_1.so
71941000-71946000 rw-p 00000000 00:00 0 
71946000-7196b000 r-xp 00000000 08:01 2503957    /usr/lib/libnimRecorder.so
7196b000-7196c000 r--p 00025000 08:01 2503957    /usr/lib/libnimRecorder.so
7196c000-7196d000 rw-p 00026000 08:01 2503957    /usr/lib/libnimRecorder.so
7196d000-719a2000 r-xp 00000000 08:01 2503954    /usr/lib/libnimCodecs.so
719a2000-719a4000 r--p 00035000 08:01 2503954    /usr/lib/libnimCodecs.so
719a4000-719a5000 rw-p 00037000 08:01 2503954    /usr/lib/libnimCodecs.so
719a5000-719c5000 rw-p 00000000 00:00 0 
719c5000-719f8000 r-xp 00000000 08:01 2503956    /usr/lib/libnimMockNodes.so
719f8000-719ff000 r--p 00032000 08:01 2503956    /usr/lib/libnimMockNodes.so
719ff000-71a00000 rw-p 00039000 08:01 2503956    /usr/lib/libnimMockNodes.so
71a00000-71afc000 rw-p 00000000 00:00 0 
71afc000-71b00000 ---p 00000000 00:00 0 
71b03000-71b06000 r-xp 00000000 08:01 2504353    /usr/lib/libXnCore.so
71b06000-71b07000 r--p 00002000 08:01 2504353    /usr/lib/libXnCore.so
71b07000-71b08000 rw-p 00003000 08:01 2504353    /usr/lib/libXnCore.so
71b08000-71b16000 r-xp 00000000 08:01 1703979    /lib/i386-linux-gnu/libusb-1.0.so.0.1.0
71b16000-71b17000 r--p 0000d000 08:01 1703979    /lib/i386-linux-gnu/libusb-1.0.so.0.1.0
71b17000-71b18000 rw-p 0000e000 08:01 1703979    /lib/i386-linux-gnu/libusb-1.0.so.0.1.0
71b18000-71b9e000 r-xp 00000000 08:01 2503960    /usr/lib/libOpenNI.so
71b9e000-71ba0000 r--p 00085000 08:01 2503960    /usr/lib/libOpenNI.so
71ba0000-71ba2000 rw-p 00087000 08:01 2503960    /usr/lib/libOpenNI.so
71ba2000-71bc2000 r-xp 00000000 08:01 2503959    /usr/lib/libOpenNI.jni.so
71bc2000-71bc3000 r--p 0001f000 08:01 2503959    /usr/lib/libOpenNI.jni.so
71bc3000-71bc5000 rw-p 00020000 08:01 2503959    /usr/lib/libOpenNI.jni.so
71bc5000-71bca000 r-xp 00000000 08:01 2494804    /usr/lib/i386-linux-gnu/libusbpp-0.1.so.4.4.4
71bca000-71bcb000 r--p 00004000 08:01 2494804    /usr/lib/i386-linux-gnu/libusbpp-0.1.so.4.4.4
71bcb000-71bcc000 rw-p 00005000 08:01 2494804    /usr/lib/i386-linux-gnu/libusbpp-0.1.so.4.4.4
71bcc000-71bd3000 r-xp 00000000 08:01 1704027    /lib/i386-linux-gnu/libusb-0.1.so.4.4.4
71bd3000-71bd4000 r--p 00006000 08:01 1704027    /lib/i386-linux-gnu/libusb-0.1.so.4.4.4
71bd4000-71bd5000 rw-p 00007000 08:01 1704027    /lib/i386-linux-gnu/libusb-0.1.so.4.4.4
71bd5000-71bd6000 rw-p 00000000 00:00 0 
71bee000-71bf6000 r-xp 00000000 08:01 269300     /usr/lib/libusbJava.so.0.2.4
71bf6000-71bf7000 rw-p 00007000 08:01 269300     /usr/lib/libusbJava.so.0.2.4
71bf7000-71bf8000 ---p 00000000 00:00 0 
71bf8000-71cc9000 rwxp 00000000 00:00 0 
71cc9000-71cca000 ---p 00000000 00:00 0 
71cca000-71d4a000 rwxp 00000000 00:00 0 
71d4a000-71d4b000 ---p 00000000 00:00 0 
71d4b000-71e1c000 rwxp 00000000 00:00 0 
71e1c000-71f4d000 r--p 002c8000 08:01 2490495    /usr/lib/locale/locale-archive
71f4d000-7214d000 r--p 00000000 08:01 2490495    /usr/lib/locale/locale-archive
7214d000-721ef000 rwxp 00000000 00:00 0 
721ef000-721f0000 ---p 00000000 00:00 0 
721f0000-72270000 rwxp 00000000 00:00 0 
72270000-72400000 r--s 037ba000 08:01 3546529    /usr/lib/jvm/java-6-openjdk-i386/jre/lib/rt.jar
72400000-7247d000 rw-p 00000000 00:00 0 
7247d000-72500000 ---p 00000000 00:00 0 
72502000-72509000 r--s 000fb000 08:01 3546516    /usr/lib/jvm/java-6-openjdk-common/jre/lib/resources.jar
72509000-7251e000 r-xp 00000000 08:01 3546552    /usr/lib/jvm/java-6-openjdk-i386/jre/lib/i386/libnet.so
7251e000-7251f000 r--p 00014000 08:01 3546552    /usr/lib/jvm/java-6-openjdk-i386/jre/lib/i386/libnet.so
7251f000-72520000 rw-p 00015000 08:01 3546552    /usr/lib/jvm/java-6-openjdk-i386/jre/lib/i386/libnet.so
72520000-7253e000 r--s 0024d000 08:01 274379     /home/norut/workspace/CommModule3.0/lib/KinectLibrary.jar
7253e000-7254c000 r--s 00193000 08:01 273572     /home/norut/workspace/CommModule3.0/lib/j3dutils.jar
7254c000-7257f000 rw-p 00000000 00:00 0 
7257f000-72580000 ---p 00000000 00:00 0 
72580000-72600000 rwxp 00000000 00:00 0 
72600000-726ff000 rw-p 00000000 00:00 0 
726ff000-72700000 ---p 00000000 00:00 0 
72703000-72705000 r--s 0004c000 08:01 273576     /home/norut/workspace/CommModule3.0/lib/vecmath.jar
72705000-72711000 r--s 002c7000 08:01 273571     /home/norut/workspace/CommModule3.0/lib/j3dcore.jar
72711000-72715000 r--s 000fc000 08:01 272532     /home/norut/workspace/CommModule3.0/lib/NoninLibrary.jar
72715000-72718000 r--s 00012000 08:01 272538     /home/norut/workspace/CommModule3.0/lib/IRGlanceLibrary.jar
72718000-7271b000 r--s 00011000 08:01 273529     /home/norut/workspace/CommModule3.0/lib/wii-gee-plugin-wiimote-android_fat.jar
7271b000-7271c000 ---p 00000000 00:00 0 
7271c000-7279c000 rwxp 00000000 00:00 0 
7279c000-727a4000 rw-p 00000000 00:00 0 
727a4000-727dc000 rw-p 00000000 00:00 0 
727dc000-727ef000 rw-p 00000000 00:00 0 
727ef000-7290a000 rw-p 00000000 00:00 0 
7290a000-72912000 rw-p 00000000 00:00 0 
72912000-7294a000 rw-p 00000000 00:00 0 
7294a000-7295d000 rw-p 00000000 00:00 0 
7295d000-72a78000 rw-p 00000000 00:00 0 
72a78000-72a82000 rw-p 00000000 00:00 0 
72a82000-72b0f000 rw-p 00000000 00:00 0 
72b0f000-73b10000 rw-p 00000000 00:00 0 
73b10000-7ab10000 rw-p 00000000 00:00 0 
7ab10000-7d0d0000 rw-p 00000000 00:00 0 
7d0d0000-a0710000 rw-p 00000000 00:00 0 
a0710000-a19e0000 rw-p 00000000 00:00 0 
a19e0000-b3510000 rw-p 00000000 00:00 0 
b3511000-b3514000 r--s 0007d000 08:01 3546513    /usr/lib/jvm/java-6-openjdk-common/jre/lib/jsse.jar
b3514000-b3519000 r--s 0009b000 08:01 272528     /home/norut/workspace/CommModule3.0/lib/WiiboardSimple2.0.jar
b3519000-b3522000 rw-p 00000000 00:00 0 
b3522000-b35d9000 rw-p 00000000 00:00 0 
b35d9000-b3819000 rwxp 00000000 00:00 0 
b3819000-b65d9000 rw-p 00000000 00:00 0 
b65d9000-b65e4000 r-xp 00000000 08:01 1718823    /lib/i386-linux-gnu/libnss_files-2.15.so
b65e4000-b65e5000 r--p 0000a000 08:01 1718823    /lib/i386-linux-gnu/libnss_files-2.15.so
b65e5000-b65e6000 rw-p 0000b000 08:01 1718823    /lib/i386-linux-gnu/libnss_files-2.15.so
b65e6000-b65fc000 r-xp 00000000 08:01 1718820    /lib/i386-linux-gnu/libnsl-2.15.so
b65fc000-b65fd000 r--p 00015000 08:01 1718820    /lib/i386-linux-gnu/libnsl-2.15.so
b65fd000-b65fe000 rw-p 00016000 08:01 1718820    /lib/i386-linux-gnu/libnsl-2.15.so
b65fe000-b6600000 rw-p 00000000 00:00 0 
b6600000-b66ff000 rw-p 00000000 00:00 0 
b66ff000-b6700000 ---p 00000000 00:00 0 
b6700000-b6702000 r--s 00001000 08:01 3546504    /usr/lib/jvm/java-6-openjdk-common/jre/lib/ext/dnsns.jar
b6702000-b670c000 r-xp 00000000 08:01 1718825    /lib/i386-linux-gnu/libnss_nis-2.15.so
b670c000-b670d000 r--p 00009000 08:01 1718825    /lib/i386-linux-gnu/libnss_nis-2.15.so
b670d000-b670e000 rw-p 0000a000 08:01 1718825    /lib/i386-linux-gnu/libnss_nis-2.15.so
b670e000-b6715000 r-xp 00000000 08:01 1718821    /lib/i386-linux-gnu/libnss_compat-2.15.so
b6715000-b6716000 r--p 00006000 08:01 1718821    /lib/i386-linux-gnu/libnss_compat-2.15.so
b6716000-b6717000 rw-p 00007000 08:01 1718821    /lib/i386-linux-gnu/libnss_compat-2.15.so
b6717000-b6718000 rw-s 00000000 00:12 55893      /run/shm/045e.02ae@1.6-SM
b6718000-b6719000 r--s 00007000 08:01 2886125    /usr/share/java/java-atk-wrapper.jar
b6719000-b671b000 r--s 0000f000 08:01 3546507    /usr/lib/jvm/java-6-openjdk-common/jre/lib/ext/pulse-java.jar
b671b000-b671e000 r--s 00031000 08:01 3546506    /usr/lib/jvm/java-6-openjdk-common/jre/lib/ext/sunjce_provider.jar
b671e000-b6721000 r--s 00077000 08:01 3546505    /usr/lib/jvm/java-6-openjdk-common/jre/lib/ext/localedata.jar
b6721000-b6725000 r--s 00038000 08:01 3546503    /usr/lib/jvm/java-6-openjdk-common/jre/lib/ext/sunpkcs11.jar
b6725000-b6726000 r--p 00545000 08:01 2490495    /usr/lib/locale/locale-archive
b6726000-b672d000 r-xp 00000000 08:01 3546559    /usr/lib/jvm/java-6-openjdk-i386/jre/lib/i386/libzip.so
b672d000-b672e000 r--p 00006000 08:01 3546559    /usr/lib/jvm/java-6-openjdk-i386/jre/lib/i386/libzip.so
b672e000-b672f000 rw-p 00007000 08:01 3546559    /usr/lib/jvm/java-6-openjdk-i386/jre/lib/i386/libzip.so
b672f000-b6755000 r-xp 00000000 08:01 3546542    /usr/lib/jvm/java-6-openjdk-i386/jre/lib/i386/libjava.so
b6755000-b6756000 r--p 00025000 08:01 3546542    /usr/lib/jvm/java-6-openjdk-i386/jre/lib/i386/libjava.so
b6756000-b6758000 rw-p 00026000 08:01 3546542    /usr/lib/jvm/java-6-openjdk-i386/jre/lib/i386/libjava.so
b6758000-b675f000 r-xp 00000000 08:01 1718830    /lib/i386-linux-gnu/librt-2.15.so
b675f000-b6760000 r--p 00006000 08:01 1718830    /lib/i386-linux-gnu/librt-2.15.so
b6760000-b6761000 rw-p 00007000 08:01 1718830    /lib/i386-linux-gnu/librt-2.15.so
b6761000-b6762000 ---p 00000000 00:00 0 
b6762000-b67b2000 rwxp 00000000 00:00 0 
b67b2000-b67ce000 r-xp 00000000 08:01 1704088    /lib/i386-linux-gnu/libgcc_s.so.1
b67ce000-b67cf000 r--p 0001b000 08:01 1704088    /lib/i386-linux-gnu/libgcc_s.so.1
b67cf000-b67d0000 rw-p 0001c000 08:01 1704088    /lib/i386-linux-gnu/libgcc_s.so.1
b67d0000-b67fa000 r-xp 00000000 08:01 1718818    /lib/i386-linux-gnu/libm-2.15.so
b67fa000-b67fb000 r--p 00029000 08:01 1718818    /lib/i386-linux-gnu/libm-2.15.so
b67fb000-b67fc000 rw-p 0002a000 08:01 1718818    /lib/i386-linux-gnu/libm-2.15.so
b67fc000-b68d4000 r-xp 00000000 08:01 2490721    /usr/lib/i386-linux-gnu/libstdc++.so.6.0.16
b68d4000-b68d5000 ---p 000d8000 08:01 2490721    /usr/lib/i386-linux-gnu/libstdc++.so.6.0.16
b68d5000-b68d9000 r--p 000d8000 08:01 2490721    /usr/lib/i386-linux-gnu/libstdc++.so.6.0.16
b68d9000-b68da000 rw-p 000dc000 08:01 2490721    /usr/lib/i386-linux-gnu/libstdc++.so.6.0.16
b68da000-b68e1000 rw-p 00000000 00:00 0 
b68e1000-b70ff000 r-xp 00000000 08:01 141902     /usr/lib/jvm/java-6-openjdk-i386/jre/lib/i386/server/libjvm.so
b70ff000-b7144000 r--p 0081e000 08:01 141902     /usr/lib/jvm/java-6-openjdk-i386/jre/lib/i386/server/libjvm.so
b7144000-b7153000 rw-p 00863000 08:01 141902     /usr/lib/jvm/java-6-openjdk-i386/jre/lib/i386/server/libjvm.so
b7153000-b756f000 rw-p 00000000 00:00 0 
b756f000-b7583000 r-xp 00000000 08:01 1703956    /lib/i386-linux-gnu/libz.so.1.2.3.4
b7583000-b7584000 r--p 00013000 08:01 1703956    /lib/i386-linux-gnu/libz.so.1.2.3.4
b7584000-b7585000 rw-p 00014000 08:01 1703956    /lib/i386-linux-gnu/libz.so.1.2.3.4
b7585000-b7724000 r-xp 00000000 08:01 1718814    /lib/i386-linux-gnu/libc-2.15.so
b7724000-b7726000 r--p 0019f000 08:01 1718814    /lib/i386-linux-gnu/libc-2.15.so
b7726000-b7727000 rw-p 001a1000 08:01 1718814    /lib/i386-linux-gnu/libc-2.15.so
b7727000-b772a000 rw-p 00000000 00:00 0 
b772a000-b772d000 r-xp 00000000 08:01 1718817    /lib/i386-linux-gnu/libdl-2.15.so
b772d000-b772e000 r--p 00002000 08:01 1718817    /lib/i386-linux-gnu/libdl-2.15.so
b772e000-b772f000 rw-p 00003000 08:01 1718817    /lib/i386-linux-gnu/libdl-2.15.so
b772f000-b7733000 r-xp 00000000 08:01 141897     /usr/lib/jvm/java-6-openjdk-i386/jre/lib/i386/jli/libjli.so
b7733000-b7734000 r--p 00003000 08:01 141897     /usr/lib/jvm/java-6-openjdk-i386/jre/lib/i386/jli/libjli.so
b7734000-b7735000 rw-p 00004000 08:01 141897     /usr/lib/jvm/java-6-openjdk-i386/jre/lib/i386/jli/libjli.so
b7735000-b7736000 rw-p 00000000 00:00 0 
b7736000-b774d000 r-xp 00000000 08:01 1718828    /lib/i386-linux-gnu/libpthread-2.15.so
b774d000-b774e000 r--p 00016000 08:01 1718828    /lib/i386-linux-gnu/libpthread-2.15.so
b774e000-b774f000 rw-p 00017000 08:01 1718828    /lib/i386-linux-gnu/libpthread-2.15.so
b774f000-b7751000 rw-p 00000000 00:00 0 
b7751000-b7759000 rw-s 00000000 08:01 1456474    /tmp/hsperfdata_root/18274
b7759000-b775a000 rw-p 00000000 00:00 0 
b775a000-b775b000 r--p 00000000 00:00 0 
b775b000-b7766000 r-xp 00000000 08:01 3546558    /usr/lib/jvm/java-6-openjdk-i386/jre/lib/i386/libverify.so
b7766000-b7767000 ---p 0000b000 08:01 3546558    /usr/lib/jvm/java-6-openjdk-i386/jre/lib/i386/libverify.so
b7767000-b7768000 r--p 0000b000 08:01 3546558    /usr/lib/jvm/java-6-openjdk-i386/jre/lib/i386/libverify.so
b7768000-b7769000 rw-p 0000c000 08:01 3546558    /usr/lib/jvm/java-6-openjdk-i386/jre/lib/i386/libverify.so
b7769000-b776b000 rw-p 00000000 00:00 0 
b776b000-b776c000 r-xp 00000000 00:00 0          [vdso]
b776c000-b778c000 r-xp 00000000 08:01 1703996    /lib/i386-linux-gnu/ld-2.15.so
b778c000-b778d000 r--p 0001f000 08:01 1703996    /lib/i386-linux-gnu/ld-2.15.so
b778d000-b778e000 rw-p 00020000 08:01 1703996    /lib/i386-linux-gnu/ld-2.15.so
bfe64000-bfe84000 rwxp 00000000 00:00 0          [stack]
bfe84000-bfe85000 rw-p 00000000 00:00 0 

VM Arguments:
jvm_args: -Dfile.encoding=UTF-8 
java_command: test.TestGrande
Launcher Type: SUN_STANDARD

Environment Variables:
PATH=/usr/local/sbin:/usr/local/bin:/usr/sbin:/usr/bin:/sbin:/bin
USERNAME=root
LD_LIBRARY_PATH=/usr/lib/jvm/java-6-openjdk-i386/jre/lib/i386/server:/usr/lib/jvm/java-6-openjdk-i386/jre/lib/i386:/usr/lib/jvm/java-6-openjdk-i386/jre/../lib/i386:/usr/lib/jvm/java-6-openjdk-i386/jre/lib/i386/client:/usr/lib/jvm/java-6-openjdk-i386/jre/lib/i386:
SHELL=/bin/bash
DISPLAY=:0.0

Signal Handlers:
SIGSEGV: [libjvm.so+0x66a190], sa_mask[0]=0x7ffbfeff, sa_flags=0x10000004
SIGBUS: [libjvm.so+0x66a190], sa_mask[0]=0x7ffbfeff, sa_flags=0x10000004
SIGFPE: [libjvm.so+0x52e0f0], sa_mask[0]=0x7ffbfeff, sa_flags=0x10000004
SIGPIPE: [libjvm.so+0x52e0f0], sa_mask[0]=0x7ffbfeff, sa_flags=0x10000004
SIGXFSZ: [libjvm.so+0x52e0f0], sa_mask[0]=0x7ffbfeff, sa_flags=0x10000004
SIGILL: [libjvm.so+0x52e0f0], sa_mask[0]=0x7ffbfeff, sa_flags=0x10000004
SIGUSR1: SIG_DFL, sa_mask[0]=0x00000000, sa_flags=0x00000000
SIGUSR2: [libjvm.so+0x52df80], sa_mask[0]=0x00000004, sa_flags=0x10000004
SIGHUP: [libjvm.so+0x531020], sa_mask[0]=0x7ffbfeff, sa_flags=0x10000004
SIGINT: [libjvm.so+0x531020], sa_mask[0]=0x7ffbfeff, sa_flags=0x10000004
SIGTERM: [libjvm.so+0x531020], sa_mask[0]=0x7ffbfeff, sa_flags=0x10000004
SIGQUIT: [libjvm.so+0x531020], sa_mask[0]=0x7ffbfeff, sa_flags=0x10000004


---------------  S Y S T E M  ---------------

OS:Ubuntu 12.04 (precise)
uname:Linux 3.2.0-24-generic-pae #37-Ubuntu SMP Wed Apr 25 10:47:59 UTC 2012 i686
libc:glibc 2.15 NPTL 2.15 
rlimit: STACK 8192k, CORE 0k, NPROC 28829, NOFILE 4096, AS infinity
load average:1.61 1.67 1.76

/proc/meminfo:
MemTotal:        3704712 kB
MemFree:         1022204 kB
Buffers:          139300 kB
Cached:          1157024 kB
SwapCached:            0 kB
Active:          1660120 kB
Inactive:         743300 kB
Active(anon):    1118968 kB
Inactive(anon):    27452 kB
Active(file):     541152 kB
Inactive(file):   715848 kB
Unevictable:          16 kB
Mlocked:              16 kB
HighTotal:       2866716 kB
HighFree:         400480 kB
LowTotal:         837996 kB
LowFree:          621724 kB
SwapTotal:       3778556 kB
SwapFree:        3778556 kB
Dirty:               652 kB
Writeback:             0 kB
AnonPages:       1107036 kB
Mapped:           270780 kB
Shmem:             39260 kB
Slab:              51696 kB
SReclaimable:      33520 kB
SUnreclaim:        18176 kB
KernelStack:        3936 kB
PageTables:        12204 kB
NFS_Unstable:          0 kB
Bounce:                0 kB
WritebackTmp:          0 kB
CommitLimit:     5630912 kB
Committed_AS:    3622676 kB
VmallocTotal:     122880 kB
VmallocUsed:       34208 kB
VmallocChunk:      85408 kB
HardwareCorrupted:     0 kB
AnonHugePages:         0 kB
HugePages_Total:       0
HugePages_Free:        0
HugePages_Rsvd:        0
HugePages_Surp:        0
Hugepagesize:       2048 kB
DirectMap4k:        8184 kB
DirectMap2M:      905216 kB


CPU:total 2 (2 cores per cpu, 1 threads per core) family 20 model 1 stepping 0, cmov, cx8, fxsr, mmx, sse, sse2, sse3, ssse3, popcnt, mmxext, lzcnt, sse4a

Memory: 4k page, physical 3704712k(1022300k free), swap 3778556k(3778556k free)

vm_info: OpenJDK Server VM (20.0-b12) for linux-x86 JRE (1.6.0_24-b24), built on Apr 13 2012 01:06:51 by "buildd" with gcc 4.6.3

time: Wed May  2 16:57:21 2012
elapsed time: 11 seconds

