#
# A fatal error has been detected by the Java Runtime Environment:
#
#  SIGSEGV (0xb) at pc=0xb368b4bb, pid=4294, tid=3061140336
#
# JRE version: 6.0_23-b23
# Java VM: OpenJDK Server VM (20.0-b11 mixed mode linux-x86 )
# Derivative: IcedTea6 1.11pre
# Distribution: Ubuntu 11.10, package 6b23~pre11-0ubuntu1.11.10.2
# Problematic frame:
# j  java.security.AccessController.getInheritedAccessControlContext()Ljava/security/AccessControlContext;+0
#
# If you would like to submit a bug report, please include
# instructions how to reproduce the bug and visit:
#   https://bugs.launchpad.net/ubuntu/+source/openjdk-6/
#

---------------  T H R E A D  ---------------

Current thread (0x096c6800):  JavaThread "main" [_thread_in_Java, id=4299, stack(0xb6704000,0xb6755000)]

siginfo:si_signo=SIGSEGV: si_errno=0, si_code=2 (SEGV_ACCERR), si_addr=0xb6704ff8

Registers:
EAX=0x00000000, EBX=0x72c53ed0, ECX=0x000041d1, EDX=0x72c54328
ESP=0xb6707ff8, EBP=0xb6708018, ESI=0x72c53ed0, EDI=0xb6708024
EIP=0xb368b4bb, EFLAGS=0x00210283, CR2=0xb6704ff8

Top of Stack: (sp=0xb6707ff8)
0xb6707ff8:   b6707ff8 00000000 b6708024 72c54328
0xb6708008:   00000000 72c53ed0 00000000 b6708028
0xb6708018:   b6708048 b3684047 00000000 00000000
0xb6708028:   b6708028 72beddd7 b6708074 72c544f0
0xb6708038:   00000000 72bedfd0 b6708028 b6708074
0xb6708048:   b6708098 b3684047 00000000 00000000
0xb6708058:   00000000 00000000 00000000 00000000
0xb6708068:   00000000 00000000 00000000 a2ec6c18 

Instructions: (pc=0xb368b4bb)
0xb368b49b:   00 00 01 ff 43 14 8b 43 34 83 c1 08 83 e0 f8 89
0xb368b4ab:   4b 30 03 c8 3b 0d 50 10 10 b7 0f 83 4f 04 00 00
0xb368b4bb:   89 84 24 00 d0 ff ff 8b c4 c1 e8 0c 8b 04 85 40
0xb368b4cb:   05 11 b7 c6 80 75 01 00 00 00 80 3d a0 fc 0f b7 

Register to memory mapping:

EAX=0x00000000 is an unknown value
EBX=0x72c53ed0 is an oop
{method} 
 - klass: {other class}
ECX=0x000041d1 is an unknown value
EDX=0x72c54328 is an oop
{constant pool cache} 
 - klass: {other class}
ESP=0xb6707ff8 is pointing into the stack for thread: 0x096c6800
EBP=0xb6708018 is pointing into the stack for thread: 0x096c6800
ESI=0x72c53ed0 is an oop
{method} 
 - klass: {other class}
EDI=0xb6708024 is pointing into the stack for thread: 0x096c6800


Stack: [0xb6704000,0xb6755000],  sp=0xb6707ff8,  free space=15k
Native frames: (J=compiled Java code, j=interpreted, Vv=VM code, C=native code)
j  java.security.AccessController.getInheritedAccessControlContext()Ljava/security/AccessControlContext;+0
j  java.security.AccessControlContext.optimize()Ljava/security/AccessControlContext;+15
j  java.security.AccessController.getContext()Ljava/security/AccessControlContext;+19
j  java.lang.Thread.init(Ljava/lang/ThreadGroup;Ljava/lang/Runnable;Ljava/lang/String;J)V+135
j  java.lang.Thread.<init>()V+65
j  control.LauncherWrapper.<init>()V+1
j  launchers.KinectSkeletonLauncher.<init>()V+1
j  kinectThreads.KinectEnhacedSkeletonLauncher.<init>(I)V+1
j  launchers.KinectSkeletonLauncher.setUserId(I)V+11
j  launchers.KinectSkeletonLauncher.<init>()V+6
j  kinectThreads.KinectEnhacedSkeletonLauncher.<init>(I)V+1
j  launchers.KinectSkeletonLauncher.setUserId(I)V+11
j  launchers.KinectSkeletonLauncher.<init>()V+6
j  kinectThreads.KinectEnhacedSkeletonLauncher.<init>(I)V+1
j  launchers.KinectSkeletonLauncher.setUserId(I)V+11
j  launchers.KinectSkeletonLauncher.<init>()V+6
j  kinectThreads.KinectEnhacedSkeletonLauncher.<init>(I)V+1
j  launchers.KinectSkeletonLauncher.setUserId(I)V+11
j  launchers.KinectSkeletonLauncher.<init>()V+6
j  kinectThreads.KinectEnhacedSkeletonLauncher.<init>(I)V+1
j  launchers.KinectSkeletonLauncher.setUserId(I)V+11
j  launchers.KinectSkeletonLauncher.<init>()V+6
j  kinectThreads.KinectEnhacedSkeletonLauncher.<init>(I)V+1
j  launchers.KinectSkeletonLauncher.setUserId(I)V+11
j  launchers.KinectSkeletonLauncher.<init>()V+6
j  kinectThreads.KinectEnhacedSkeletonLauncher.<init>(I)V+1
j  launchers.KinectSkeletonLauncher.setUserId(I)V+11
j  launchers.KinectSkeletonLauncher.<init>()V+6
j  kinectThreads.KinectEnhacedSkeletonLauncher.<init>(I)V+1
j  launchers.KinectSkeletonLauncher.setUserId(I)V+11
j  launchers.KinectSkeletonLauncher.<init>()V+6
j  kinectThreads.KinectEnhacedSkeletonLauncher.<init>(I)V+1
j  launchers.KinectSkeletonLauncher.setUserId(I)V+11
j  launchers.KinectSkeletonLauncher.<init>()V+6
j  kinectThreads.KinectEnhacedSkeletonLauncher.<init>(I)V+1
j  launchers.KinectSkeletonLauncher.setUserId(I)V+11
j  launchers.KinectSkeletonLauncher.<init>()V+6
j  kinectThreads.KinectEnhacedSkeletonLauncher.<init>(I)V+1
j  launchers.KinectSkeletonLauncher.setUserId(I)V+11
j  launchers.KinectSkeletonLauncher.<init>()V+6
j  kinectThreads.KinectEnhacedSkeletonLauncher.<init>(I)V+1
j  launchers.KinectSkeletonLauncher.setUserId(I)V+11
j  launchers.KinectSkeletonLauncher.<init>()V+6
j  kinectThreads.KinectEnhacedSkeletonLauncher.<init>(I)V+1
j  launchers.KinectSkeletonLauncher.setUserId(I)V+11
j  launchers.KinectSkeletonLauncher.<init>()V+6
j  kinectThreads.KinectEnhacedSkeletonLauncher.<init>(I)V+1
j  launchers.KinectSkeletonLauncher.setUserId(I)V+11
j  launchers.KinectSkeletonLauncher.<init>()V+6
j  kinectThreads.KinectEnhacedSkeletonLauncher.<init>(I)V+1
j  launchers.KinectSkeletonLauncher.setUserId(I)V+11
j  launchers.KinectSkeletonLauncher.<init>()V+6
j  kinectThreads.KinectEnhacedSkeletonLauncher.<init>(I)V+1
j  launchers.KinectSkeletonLauncher.setUserId(I)V+11
j  launchers.KinectSkeletonLauncher.<init>()V+6
j  kinectThreads.KinectEnhacedSkeletonLauncher.<init>(I)V+1
j  launchers.KinectSkeletonLauncher.setUserId(I)V+11
j  launchers.KinectSkeletonLauncher.<init>()V+6
j  kinectThreads.KinectEnhacedSkeletonLauncher.<init>(I)V+1
j  launchers.KinectSkeletonLauncher.setUserId(I)V+11
j  launchers.KinectSkeletonLauncher.<init>()V+6
j  kinectThreads.KinectEnhacedSkeletonLauncher.<init>(I)V+1
j  launchers.KinectSkeletonLauncher.setUserId(I)V+11
j  launchers.KinectSkeletonLauncher.<init>()V+6
j  kinectThreads.KinectEnhacedSkeletonLauncher.<init>(I)V+1
j  launchers.KinectSkeletonLauncher.setUserId(I)V+11
j  launchers.KinectSkeletonLauncher.<init>()V+6
j  kinectThreads.KinectEnhacedSkeletonLauncher.<init>(I)V+1
j  launchers.KinectSkeletonLauncher.setUserId(I)V+11
j  launchers.KinectSkeletonLauncher.<init>()V+6
j  kinectThreads.KinectEnhacedSkeletonLauncher.<init>(I)V+1
j  launchers.KinectSkeletonLauncher.setUserId(I)V+11
j  launchers.KinectSkeletonLauncher.<init>()V+6
j  kinectThreads.KinectEnhacedSkeletonLauncher.<init>(I)V+1
j  launchers.KinectSkeletonLauncher.setUserId(I)V+11
j  launchers.KinectSkeletonLauncher.<init>()V+6
j  kinectThreads.KinectEnhacedSkeletonLauncher.<init>(I)V+1
j  launchers.KinectSkeletonLauncher.setUserId(I)V+11
j  launchers.KinectSkeletonLauncher.<init>()V+6
j  kinectThreads.KinectEnhacedSkeletonLauncher.<init>(I)V+1
j  launchers.KinectSkeletonLauncher.setUserId(I)V+11
j  launchers.KinectSkeletonLauncher.<init>()V+6
j  kinectThreads.KinectEnhacedSkeletonLauncher.<init>(I)V+1
j  launchers.KinectSkeletonLauncher.setUserId(I)V+11
j  launchers.KinectSkeletonLauncher.<init>()V+6
j  kinectThreads.KinectEnhacedSkeletonLauncher.<init>(I)V+1
j  launchers.KinectSkeletonLauncher.setUserId(I)V+11
j  launchers.KinectSkeletonLauncher.<init>()V+6
j  kinectThreads.KinectEnhacedSkeletonLauncher.<init>(I)V+1
j  launchers.KinectSkeletonLauncher.setUserId(I)V+11
j  launchers.KinectSkeletonLauncher.<init>()V+6
j  kinectThreads.KinectEnhacedSkeletonLauncher.<init>(I)V+1
j  launchers.KinectSkeletonLauncher.setUserId(I)V+11
j  launchers.KinectSkeletonLauncher.<init>()V+6
j  kinectThreads.KinectEnhacedSkeletonLauncher.<init>(I)V+1
j  launchers.KinectSkeletonLauncher.setUserId(I)V+11
j  launchers.KinectSkeletonLauncher.<init>()V+6
j  kinectThreads.KinectEnhacedSkeletonLauncher.<init>(I)V+1
j  launchers.KinectSkeletonLauncher.setUserId(I)V+11
j  launchers.KinectSkeletonLauncher.<init>()V+6
...<more frames>...


---------------  P R O C E S S  ---------------

Java Threads: ( => current thread )
  0x5e52d400 JavaThread "AWT-XAWT" daemon [_thread_in_native, id=4327, stack(0x5e6ca000,0x5e71b000)]
  0x61ae8400 JavaThread "Java2D Disposer" daemon [_thread_blocked, id=4326, stack(0x5e71b000,0x5e76c000)]
  0x71d79000 JavaThread "Thread-1" [_thread_in_native, id=4321, stack(0x5f8b9000,0x5f90a000)]
  0x0976a000 JavaThread "Low Memory Detector" daemon [_thread_blocked, id=4308, stack(0x71f4e000,0x71f9f000)]
  0x09766c00 JavaThread "C2 CompilerThread1" daemon [_thread_blocked, id=4307, stack(0x71f9f000,0x72020000)]
  0x09764c00 JavaThread "C2 CompilerThread0" daemon [_thread_blocked, id=4306, stack(0x72020000,0x720a1000)]
  0x09763400 JavaThread "Signal Dispatcher" daemon [_thread_blocked, id=4305, stack(0x720a1000,0x720f2000)]
  0x09750800 JavaThread "Finalizer" daemon [_thread_blocked, id=4304, stack(0x72464000,0x724b5000)]
  0x0974f000 JavaThread "Reference Handler" daemon [_thread_blocked, id=4303, stack(0x724b5000,0x72506000)]
=>0x096c6800 JavaThread "main" [_thread_in_Java, id=4299, stack(0xb6704000,0xb6755000)]

Other Threads:
  0x0974b400 VMThread [stack: 0x72506000,0x72587000] [id=4302]
  0x0976c000 WatcherThread [stack: 0x71ecd000,0x71f4e000] [id=4309]

VM state:not at safepoint (normal execution)

VM Mutex/Monitor currently owned by a thread: None

Heap
 PSYoungGen      total 126208K, used 94710K [0xa07c0000, 0xade50000, 0xb35c0000)
  eden space 71872K, 56% used [0xa07c0000,0xa2f318b0,0xa4df0000)
  from space 54336K, 99% used [0xa8e20000,0xac32c098,0xac330000)
  to   space 65728K, 0% used [0xa4df0000,0xa4df0000,0xa8e20000)
 PSOldGen        total 142976K, used 60817K [0x7abc0000, 0x83760000, 0xa07c0000)
  object space 142976K, 42% used [0x7abc0000,0x7e724648,0x83760000)
 PSPermGen       total 16384K, used 8594K [0x72bc0000, 0x73bc0000, 0x7abc0000)
  object space 16384K, 52% used [0x72bc0000,0x734249a0,0x73bc0000)

Code Cache  [0xb3681000, 0xb38c1000, 0xb6681000)
 total_blobs=415 nmethods=105 adapters=264 free_code_cache=49801728 largest_free_block=9024

Dynamic libraries:
08048000-08051000 r-xp 00000000 08:01 3029976    /usr/lib/jvm/java-6-openjdk/jre/bin/java
08051000-08052000 r--p 00008000 08:01 3029976    /usr/lib/jvm/java-6-openjdk/jre/bin/java
08052000-08053000 rw-p 00009000 08:01 3029976    /usr/lib/jvm/java-6-openjdk/jre/bin/java
096bf000-09f8d000 rw-p 00000000 00:00 0          [heap]
5e100000-5e133000 rw-p 00000000 00:00 0 
5e133000-5e200000 ---p 00000000 00:00 0 
5e300000-5e3fe000 rw-p 00000000 00:00 0 
5e3fe000-5e400000 ---p 00000000 00:00 0 
5e416000-5e4df000 r-xp 00000000 08:01 2624184    /usr/lib/fglrx/libGL.so.1.2
5e4df000-5e4eb000 rwxp 000c8000 08:01 2624184    /usr/lib/fglrx/libGL.so.1.2
5e4eb000-5e500000 rwxp 00000000 00:00 0 
5e500000-5e5ec000 rw-p 00000000 00:00 0 
5e5ec000-5e600000 ---p 00000000 00:00 0 
5e606000-5e627000 r-xp 00000000 08:01 2887828    /usr/lib/jvm/java-6-openjdk/jre/lib/i386/libj3dcore-ogl.so
5e627000-5e628000 rw-p 00021000 08:01 2887828    /usr/lib/jvm/java-6-openjdk/jre/lib/i386/libj3dcore-ogl.so
5e628000-5e62b000 ---p 00000000 00:00 0 
5e62b000-5e679000 rwxp 00000000 00:00 0 
5e679000-5e67c000 ---p 00000000 00:00 0 
5e67c000-5e6ca000 rwxp 00000000 00:00 0 
5e6ca000-5e6cd000 ---p 00000000 00:00 0 
5e6cd000-5e71b000 rwxp 00000000 00:00 0 
5e71b000-5e71e000 ---p 00000000 00:00 0 
5e71e000-5e76c000 rwxp 00000000 00:00 0 
5e76c000-5e7fe000 r-xp 00000000 08:01 2492008    /usr/lib/i386-linux-gnu/libfreetype.so.6.6.2
5e7fe000-5e802000 r--p 00091000 08:01 2492008    /usr/lib/i386-linux-gnu/libfreetype.so.6.6.2
5e802000-5e803000 rw-p 00095000 08:01 2492008    /usr/lib/i386-linux-gnu/libfreetype.so.6.6.2
5e803000-5e83d000 r-xp 00000000 08:01 2886111    /usr/lib/jvm/java-6-openjdk/jre/lib/i386/libfontmanager.so
5e83d000-5e83e000 r--p 00039000 08:01 2886111    /usr/lib/jvm/java-6-openjdk/jre/lib/i386/libfontmanager.so
5e83e000-5e83f000 rw-p 0003a000 08:01 2886111    /usr/lib/jvm/java-6-openjdk/jre/lib/i386/libfontmanager.so
5e83f000-5e970000 r-xp 00000000 08:01 2495602    /usr/lib/i386-linux-gnu/libX11.so.6.3.0
5e970000-5e971000 ---p 00131000 08:01 2495602    /usr/lib/i386-linux-gnu/libX11.so.6.3.0
5e971000-5e972000 r--p 00131000 08:01 2495602    /usr/lib/i386-linux-gnu/libX11.so.6.3.0
5e972000-5e974000 rw-p 00132000 08:01 2495602    /usr/lib/i386-linux-gnu/libX11.so.6.3.0
5e974000-5e975000 rw-p 00000000 00:00 0 
5e975000-5e9c1000 r-xp 00000000 08:01 3542024    /usr/lib/jvm/java-6-openjdk/jre/lib/i386/xawt/libmawt.so
5e9c1000-5e9c2000 r--p 0004b000 08:01 3542024    /usr/lib/jvm/java-6-openjdk/jre/lib/i386/xawt/libmawt.so
5e9c2000-5e9c4000 rw-p 0004c000 08:01 3542024    /usr/lib/jvm/java-6-openjdk/jre/lib/i386/xawt/libmawt.so
5e9c4000-5e9c5000 rw-p 00000000 00:00 0 
5e9c5000-5ea58000 r-xp 00000000 08:01 2886106    /usr/lib/jvm/java-6-openjdk/jre/lib/i386/libawt.so
5ea58000-5ea59000 r--p 00092000 08:01 2886106    /usr/lib/jvm/java-6-openjdk/jre/lib/i386/libawt.so
5ea59000-5ea60000 rw-p 00093000 08:01 2886106    /usr/lib/jvm/java-6-openjdk/jre/lib/i386/libawt.so
5ea60000-5f8b9000 rw-p 00000000 00:00 0 
5f8b9000-5f8bc000 ---p 00000000 00:00 0 
5f8bc000-5f90a000 rwxp 00000000 00:00 0 
5f90a000-61a00000 r--s 00000000 00:12 58361      /run/shm/4311_045e.02ae@1.6_Image
61a00000-61b00000 rw-p 00000000 00:00 0 
61b1b000-61b1c000 r-xp 00000000 08:01 2886121    /usr/lib/jvm/java-6-openjdk/jre/lib/i386/libjawt.so
61b1c000-61b1d000 r--p 00000000 08:01 2886121    /usr/lib/jvm/java-6-openjdk/jre/lib/i386/libjawt.so
61b1d000-61b1e000 rw-p 00001000 08:01 2886121    /usr/lib/jvm/java-6-openjdk/jre/lib/i386/libjawt.so
61b1e000-61c00000 rw-p 00000000 00:00 0 
61c00000-61e00000 rw-p 00000000 00:00 0 
61e00000-61eff000 rw-p 00000000 00:00 0 
61eff000-61f00000 ---p 00000000 00:00 0 
61f00000-62000000 rw-p 00000000 00:00 0 
62000000-621ff000 rw-p 00000000 00:00 0 
621ff000-62200000 ---p 00000000 00:00 0 
62200000-62400000 rw-p 00000000 00:00 0 
62400000-62600000 rw-p 00000000 00:00 0 
62600000-62800000 rw-p 00000000 00:00 0 
62800000-62a00000 rw-p 00000000 00:00 0 
62a00000-62c00000 rw-p 00000000 00:00 0 
62c00000-62e00000 rw-p 00000000 00:00 0 
62e00000-63000000 rw-p 00000000 00:00 0 
63000000-63200000 rw-p 00000000 00:00 0 
63200000-63400000 rw-p 00000000 00:00 0 
63400000-63600000 rw-p 00000000 00:00 0 
63600000-63800000 rw-p 00000000 00:00 0 
63800000-63a00000 rw-p 00000000 00:00 0 
63a00000-63c00000 rw-p 00000000 00:00 0 
63c00000-63e00000 rw-p 00000000 00:00 0 
63e00000-64000000 rw-p 00000000 00:00 0 
64000000-64200000 rw-p 00000000 00:00 0 
64200000-64400000 rw-p 00000000 00:00 0 
64400000-64600000 rw-p 00000000 00:00 0 
64600000-64800000 rw-p 00000000 00:00 0 
64800000-64a00000 rw-p 00000000 00:00 0 
64a00000-64c00000 rw-p 00000000 00:00 0 
64c00000-64e00000 rw-p 00000000 00:00 0 
64e00000-65000000 rw-p 00000000 00:00 0 
65000000-65200000 rw-p 00000000 00:00 0 
65200000-65400000 rw-p 00000000 00:00 0 
65400000-655ff000 rw-p 00000000 00:00 0 
655ff000-65600000 ---p 00000000 00:00 0 
65600000-65700000 rw-p 00000000 00:00 0 
65700000-65704000 r-xp 00000000 08:01 2495616    /usr/lib/i386-linux-gnu/libXfixes.so.3.1.0
65704000-65705000 r--p 00003000 08:01 2495616    /usr/lib/i386-linux-gnu/libXfixes.so.3.1.0
65705000-65706000 rw-p 00004000 08:01 2495616    /usr/lib/i386-linux-gnu/libXfixes.so.3.1.0
65706000-6570f000 r-xp 00000000 08:01 2495608    /usr/lib/i386-linux-gnu/libXcursor.so.1.0.2
6570f000-65710000 r--p 00008000 08:01 2495608    /usr/lib/i386-linux-gnu/libXcursor.so.1.0.2
65710000-65711000 rw-p 00009000 08:01 2495608    /usr/lib/i386-linux-gnu/libXcursor.so.1.0.2
65711000-65712000 r--s 00000000 08:01 2627543    /var/cache/fontconfig/c05880de57d1f5e948fdfacc138775d9-le32d4.cache-3
65712000-65718000 r--s 00000000 08:01 2627540    /var/cache/fontconfig/945677eb7aeaf62f1d50efc3fb3ec7d8-le32d4.cache-3
65718000-6571a000 r--s 00000000 08:01 2627541    /var/cache/fontconfig/99e8ed0e538f840c565b6ed5dad60d56-le32d4.cache-3
6571a000-6571d000 r--s 00000000 08:01 2627551    /var/cache/fontconfig/e383d7ea5fbe662a33d9b44caf393297-le32d4.cache-3
6571d000-65720000 r--s 00000000 08:01 2627528    /var/cache/fontconfig/2cd17615ca594fa2959ae173292e504c-le32d4.cache-3
65720000-65724000 r--s 00000000 08:01 2627537    /var/cache/fontconfig/6eb3985aa4124903f6ff08ba781cd364-le32d4.cache-3
65724000-6bd00000 rw-p 00000000 00:00 0 
6bd00000-6be00000 rw-p 00000000 00:00 0 
6be01000-6be02000 r--p 00000000 00:00 0 
6be02000-6be03000 r--s 00000000 08:01 2627552    /var/cache/fontconfig/e7071f4a29fa870f4323321c154eba04-le32d4.cache-3
6be03000-6be04000 r--s 00000000 08:01 2627532    /var/cache/fontconfig/4c73fe0c47614734b17d736dbde7580a-le32d4.cache-3
6be04000-6be05000 r--s 00000000 08:01 2627525    /var/cache/fontconfig/0d8c3b2ac0904cb8a57a757ad11a4a08-le32d4.cache-3
6be05000-6be09000 r--s 00000000 08:01 2627542    /var/cache/fontconfig/a755afe4a08bf5b97852ceb7400b47bc-le32d4.cache-3
6be09000-6be0d000 r--s 00000000 08:01 2633494    /var/cache/fontconfig/515ca1ebc4b18308bea979be5704f9db-le32d4.cache-3
6be0d000-6be0e000 r--s 00000000 08:01 2627543    /var/cache/fontconfig/c05880de57d1f5e948fdfacc138775d9-le32d4.cache-3
6be0e000-6be14000 r--s 00000000 08:01 2627540    /var/cache/fontconfig/945677eb7aeaf62f1d50efc3fb3ec7d8-le32d4.cache-3
6be14000-6be16000 r--s 00000000 08:01 2627541    /var/cache/fontconfig/99e8ed0e538f840c565b6ed5dad60d56-le32d4.cache-3
6be16000-6be19000 r--s 00000000 08:01 2627551    /var/cache/fontconfig/e383d7ea5fbe662a33d9b44caf393297-le32d4.cache-3
6be19000-6be1c000 r--s 00000000 08:01 2627528    /var/cache/fontconfig/2cd17615ca594fa2959ae173292e504c-le32d4.cache-3
6be1c000-6be1d000 r--s 00000000 08:01 2627552    /var/cache/fontconfig/e7071f4a29fa870f4323321c154eba04-le32d4.cache-3
6be1d000-6be21000 r--s 00000000 08:01 2627537    /var/cache/fontconfig/6eb3985aa4124903f6ff08ba781cd364-le32d4.cache-3
6be21000-6c400000 rw-p 00000000 00:00 0 
6c400000-6c4ee000 rw-p 00000000 00:00 0 
6c4ee000-6c500000 ---p 00000000 00:00 0 
6c500000-6c501000 r--s 00000000 08:01 2627535    /var/cache/fontconfig/6a53c69dea097a2d716e069445527da8-le32d4.cache-3
6c501000-6c505000 r--s 00000000 08:01 2627542    /var/cache/fontconfig/a755afe4a08bf5b97852ceb7400b47bc-le32d4.cache-3
6c505000-6c600000 rw-p 00000000 00:00 0 
6c600000-6c700000 rw-p 00000000 00:00 0 
6c700000-6c800000 rw-p 00000000 00:00 0 
6c800000-6c807000 r--s 00000000 08:01 2622661    /var/cache/fontconfig/6d41288fd70b0be22e8c3a91e032eec0-le32d4.cache-3
6c807000-6c812000 r--s 00000000 08:01 2627526    /var/cache/fontconfig/0f34bcd4b6ee430af32735b75db7f02b-le32d4.cache-3
6c812000-6c815000 r--s 00000000 08:01 2627548    /var/cache/fontconfig/d60319d88cac85ba9e1a07bd06cfbb8c-le32d4.cache-3
6c815000-6c822000 r--s 00000000 08:01 2627547    /var/cache/fontconfig/d52a8644073d54c13679302ca1180695-le32d4.cache-3
6c822000-6c828000 r--s 00000000 08:01 2633493    /var/cache/fontconfig/153bb866d4d26e7cd19eee2129f8d8d2-le32d4.cache-3
6c828000-6c82b000 r--s 00000000 08:01 2633498    /var/cache/fontconfig/7ef2298fde41cc6eeb7af42e48b7d293-le32d4.cache-3
6c82b000-6c900000 rw-p 00000000 00:00 0 
6c900000-6ca00000 rw-p 00000000 00:00 0 
6ca00000-6cb00000 rw-p 00000000 00:00 0 
6cb00000-6cb01000 r--s 00000000 08:01 2627535    /var/cache/fontconfig/6a53c69dea097a2d716e069445527da8-le32d4.cache-3
6cb01000-6cb0c000 r--s 00000000 08:01 2627526    /var/cache/fontconfig/0f34bcd4b6ee430af32735b75db7f02b-le32d4.cache-3
6cb0c000-6cb29000 r-xp 00000000 08:01 2495900    /usr/lib/i386-linux-gnu/libxcb.so.1.1.0
6cb29000-6cb2a000 r--p 0001c000 08:01 2495900    /usr/lib/i386-linux-gnu/libxcb.so.1.1.0
6cb2a000-6cb2b000 rw-p 0001d000 08:01 2495900    /usr/lib/i386-linux-gnu/libxcb.so.1.1.0
6cb2b000-6cc00000 rw-p 00000000 00:00 0 
6cc00000-6ccfc000 rw-p 00000000 00:00 0 
6ccfc000-6cd00000 ---p 00000000 00:00 0 
6cd00000-6dde3000 rw-p 00000000 00:00 0 
6dde3000-6e167000 r--s 00000000 00:12 59661      /run/shm/4311_045e.02ae@1.6_Depth
6e167000-6e1fe000 rw-p 00000000 00:00 0 
6e1fe000-6e1ff000 ---p 00000000 00:00 0 
6e1ff000-6e9ff000 rwxp 00000000 00:00 0 
6e9ff000-6ee00000 rw-p 00000000 00:00 0 
6ee00000-6eeff000 rw-p 00000000 00:00 0 
6eeff000-6ef00000 ---p 00000000 00:00 0 
6ef00000-6ef07000 r--s 00000000 08:01 2622661    /var/cache/fontconfig/6d41288fd70b0be22e8c3a91e032eec0-le32d4.cache-3
6ef07000-6ef14000 r--s 00000000 08:01 2627547    /var/cache/fontconfig/d52a8644073d54c13679302ca1180695-le32d4.cache-3
6ef14000-6ef1a000 r--s 00000000 08:01 2633493    /var/cache/fontconfig/153bb866d4d26e7cd19eee2129f8d8d2-le32d4.cache-3
6ef1a000-6f100000 rw-p 00000000 00:00 0 
6f100000-6f1fc000 rw-p 00000000 00:00 0 
6f1fc000-6f200000 ---p 00000000 00:00 0 
6f200000-6f201000 r--s 00000000 08:01 2625030    /var/cache/fontconfig/4794a0821666d79190d59a36cb4f44b5-le32d4.cache-3
6f201000-6f205000 r--s 00000000 08:01 2633494    /var/cache/fontconfig/515ca1ebc4b18308bea979be5704f9db-le32d4.cache-3
6f205000-6f300000 rw-p 00000000 00:00 0 
6f300000-6f3ff000 rw-p 00000000 00:00 0 
6f3ff000-6f400000 ---p 00000000 00:00 0 
6f400000-6f402000 r--s 00000000 08:01 2622659    /var/cache/fontconfig/e13b20fdb08344e0e664864cc2ede53d-le32d4.cache-3
6f402000-6f403000 r--s 00000000 08:01 2627532    /var/cache/fontconfig/4c73fe0c47614734b17d736dbde7580a-le32d4.cache-3
6f403000-6f411000 r-xp 00000000 08:01 2495620    /usr/lib/i386-linux-gnu/libXi.so.6.1.0
6f411000-6f412000 r--p 0000d000 08:01 2495620    /usr/lib/i386-linux-gnu/libXi.so.6.1.0
6f412000-6f413000 rw-p 0000e000 08:01 2495620    /usr/lib/i386-linux-gnu/libXi.so.6.1.0
6f413000-6f600000 rw-p 00000000 00:00 0 
6f600000-6f7fb000 rw-p 00000000 00:00 0 
6f7fb000-6f800000 ---p 00000000 00:00 0 
6f800000-6f8fd000 rw-p 00000000 00:00 0 
6f8fd000-6f900000 ---p 00000000 00:00 0 
6f900000-6fa00000 rw-p 00000000 00:00 0 
6fa00000-6fafd000 rw-p 00000000 00:00 0 
6fafd000-6fb00000 ---p 00000000 00:00 0 
6fb00000-6fb01000 r--s 00000000 08:01 2627525    /var/cache/fontconfig/0d8c3b2ac0904cb8a57a757ad11a4a08-le32d4.cache-3
6fb01000-6fb12000 r-xp 00000000 08:01 2495614    /usr/lib/i386-linux-gnu/libXext.so.6.4.0
6fb12000-6fb13000 r--p 00010000 08:01 2495614    /usr/lib/i386-linux-gnu/libXext.so.6.4.0
6fb13000-6fb14000 rw-p 00011000 08:01 2495614    /usr/lib/i386-linux-gnu/libXext.so.6.4.0
6fb14000-6fbf7000 rw-p 00000000 00:00 0 
6fbf7000-6ff7b000 r--s 00000000 00:12 59661      /run/shm/4311_045e.02ae@1.6_Depth
6ff7b000-70012000 rw-p 00000000 00:00 0 
70012000-70013000 ---p 00000000 00:00 0 
70013000-70813000 rwxp 00000000 00:00 0 
70813000-70c14000 rw-p 00000000 00:00 0 
70c14000-70ca0000 r-xp 00000000 08:01 2504881    /usr/lib/libXnDeviceSensorV2KM.so
70ca0000-70ca9000 r--p 0008b000 08:01 2504881    /usr/lib/libXnDeviceSensorV2KM.so
70ca9000-70caa000 rw-p 00094000 08:01 2504881    /usr/lib/libXnDeviceSensorV2KM.so
70caa000-70cd6000 r-xp 00000000 08:01 2504355    /usr/lib/libXnDeviceFile.so
70cd6000-70cd7000 ---p 0002c000 08:01 2504355    /usr/lib/libXnDeviceFile.so
70cd7000-70cd8000 r--p 0002c000 08:01 2504355    /usr/lib/libXnDeviceFile.so
70cd8000-70cd9000 rw-p 0002d000 08:01 2504355    /usr/lib/libXnDeviceFile.so
70cd9000-70d2b000 r-xp 00000000 08:01 2504354    /usr/lib/libXnDDK.so
70d2b000-70d2c000 ---p 00052000 08:01 2504354    /usr/lib/libXnDDK.so
70d2c000-70d2e000 r--p 00052000 08:01 2504354    /usr/lib/libXnDDK.so
70d2e000-70d2f000 rw-p 00054000 08:01 2504354    /usr/lib/libXnDDK.so
70d2f000-70d52000 r-xp 00000000 08:01 2504357    /usr/lib/libXnFormats.so
70d52000-70d53000 r--p 00022000 08:01 2504357    /usr/lib/libXnFormats.so
70d53000-70d54000 rw-p 00023000 08:01 2504357    /usr/lib/libXnFormats.so
70d54000-70d74000 rw-p 00000000 00:00 0 
70d74000-70e0d000 r-xp 00000000 08:01 2504356    /usr/lib/libXnDeviceSensorV2.so
70e0d000-70e16000 r--p 00098000 08:01 2504356    /usr/lib/libXnDeviceSensorV2.so
70e16000-70e17000 rw-p 000a1000 08:01 2504356    /usr/lib/libXnDeviceSensorV2.so
70e17000-70efa000 r-xp 00000000 08:01 2504285    /usr/lib/libXnVHandGenerator_1_5_2.so
70efa000-70efd000 r--p 000e3000 08:01 2504285    /usr/lib/libXnVHandGenerator_1_5_2.so
70efd000-70efe000 rw-p 000e6000 08:01 2504285    /usr/lib/libXnVHandGenerator_1_5_2.so
70efe000-70f0a000 rw-p 00000000 00:00 0 
70f0a000-70fdf000 r-xp 00000000 08:01 2504282    /usr/lib/libXnVHandGenerator_1_4_2.so
70fdf000-70fe0000 ---p 000d5000 08:01 2504282    /usr/lib/libXnVHandGenerator_1_4_2.so
70fe0000-70fe2000 r--p 000d5000 08:01 2504282    /usr/lib/libXnVHandGenerator_1_4_2.so
70fe2000-70fe3000 rw-p 000d7000 08:01 2504282    /usr/lib/libXnVHandGenerator_1_4_2.so
70fe3000-70fe5000 rw-p 00000000 00:00 0 
70fe5000-710b9000 r-xp 00000000 08:01 2504279    /usr/lib/libXnVHandGenerator_1_4_1.so
710b9000-710ba000 ---p 000d4000 08:01 2504279    /usr/lib/libXnVHandGenerator_1_4_1.so
710ba000-710bc000 r--p 000d4000 08:01 2504279    /usr/lib/libXnVHandGenerator_1_4_1.so
710bc000-710bd000 rw-p 000d6000 08:01 2504279    /usr/lib/libXnVHandGenerator_1_4_1.so
710bd000-710bf000 rw-p 00000000 00:00 0 
710bf000-7119d000 r-xp 00000000 08:01 2504275    /usr/lib/libXnVHandGenerator_1_3_1.so
7119d000-711a0000 r--p 000dd000 08:01 2504275    /usr/lib/libXnVHandGenerator_1_3_1.so
711a0000-711a1000 rw-p 000e0000 08:01 2504275    /usr/lib/libXnVHandGenerator_1_3_1.so
711a1000-711a3000 rw-p 00000000 00:00 0 
711a3000-715a4000 r-xp 00000000 08:01 2504268    /usr/lib/libXnVFeatures_1_5_2.so
715a4000-715a5000 ---p 00401000 08:01 2504268    /usr/lib/libXnVFeatures_1_5_2.so
715a5000-715ad000 r--p 00401000 08:01 2504268    /usr/lib/libXnVFeatures_1_5_2.so
715ad000-715ae000 rw-p 00409000 08:01 2504268    /usr/lib/libXnVFeatures_1_5_2.so
715ae000-715c2000 rw-p 00000000 00:00 0 
715c2000-717a9000 r-xp 00000000 08:01 2504257    /usr/lib/libXnVFeatures_1_4_2.so
717a9000-717ac000 r--p 001e6000 08:01 2504257    /usr/lib/libXnVFeatures_1_4_2.so
717ac000-717ad000 rw-p 001e9000 08:01 2504257    /usr/lib/libXnVFeatures_1_4_2.so
717ad000-717b2000 rw-p 00000000 00:00 0 
717b2000-71999000 r-xp 00000000 08:01 2504252    /usr/lib/libXnVFeatures_1_4_1.so
71999000-7199c000 r--p 001e6000 08:01 2504252    /usr/lib/libXnVFeatures_1_4_1.so
7199c000-7199d000 rw-p 001e9000 08:01 2504252    /usr/lib/libXnVFeatures_1_4_1.so
7199d000-719a2000 rw-p 00000000 00:00 0 
719a2000-71bc0000 r-xp 00000000 08:01 2504247    /usr/lib/libXnVFeatures_1_3_1.so
71bc0000-71bc1000 ---p 0021e000 08:01 2504247    /usr/lib/libXnVFeatures_1_3_1.so
71bc1000-71bc4000 r--p 0021e000 08:01 2504247    /usr/lib/libXnVFeatures_1_3_1.so
71bc4000-71bc5000 rw-p 00221000 08:01 2504247    /usr/lib/libXnVFeatures_1_3_1.so
71bc5000-71bca000 rw-p 00000000 00:00 0 
71bca000-71bed000 r-xp 00000000 08:01 2503957    /usr/lib/libnimRecorder.so
71bed000-71bee000 r--p 00023000 08:01 2503957    /usr/lib/libnimRecorder.so
71bee000-71bef000 rw-p 00024000 08:01 2503957    /usr/lib/libnimRecorder.so
71bef000-71c23000 r-xp 00000000 08:01 2503954    /usr/lib/libnimCodecs.so
71c23000-71c24000 ---p 00034000 08:01 2503954    /usr/lib/libnimCodecs.so
71c24000-71c26000 r--p 00034000 08:01 2503954    /usr/lib/libnimCodecs.so
71c26000-71c27000 rw-p 00036000 08:01 2503954    /usr/lib/libnimCodecs.so
71c27000-71c47000 rw-p 00000000 00:00 0 
71c47000-71c78000 r-xp 00000000 08:01 2503956    /usr/lib/libnimMockNodes.so
71c78000-71c7e000 r--p 00031000 08:01 2503956    /usr/lib/libnimMockNodes.so
71c7e000-71c7f000 rw-p 00037000 08:01 2503956    /usr/lib/libnimMockNodes.so
71c7f000-71cfc000 r-xp 00000000 08:01 2503960    /usr/lib/libOpenNI.so
71cfc000-71cfe000 r--p 0007c000 08:01 2503960    /usr/lib/libOpenNI.so
71cfe000-71d00000 rw-p 0007e000 08:01 2503960    /usr/lib/libOpenNI.so
71d00000-71df8000 rw-p 00000000 00:00 0 
71df8000-71e00000 ---p 00000000 00:00 0 
71e00000-71e03000 r--s 00000000 08:01 2627548    /var/cache/fontconfig/d60319d88cac85ba9e1a07bd06cfbb8c-le32d4.cache-3
71e03000-71e08000 r-xp 00000000 08:01 2495612    /usr/lib/i386-linux-gnu/libXdmcp.so.6.0.0
71e08000-71e09000 r--p 00004000 08:01 2495612    /usr/lib/i386-linux-gnu/libXdmcp.so.6.0.0
71e09000-71e0a000 rw-p 00005000 08:01 2495612    /usr/lib/i386-linux-gnu/libXdmcp.so.6.0.0
71e0a000-71e0f000 r-xp 00000000 08:01 2493164    /usr/lib/libXtst.so.6.1.0
71e0f000-71e10000 r--p 00004000 08:01 2493164    /usr/lib/libXtst.so.6.1.0
71e10000-71e11000 rw-p 00005000 08:01 2493164    /usr/lib/libXtst.so.6.1.0
71e11000-71e14000 r-xp 00000000 08:01 2504353    /usr/lib/libXnCore.so
71e14000-71e15000 r--p 00002000 08:01 2504353    /usr/lib/libXnCore.so
71e15000-71e16000 rw-p 00003000 08:01 2504353    /usr/lib/libXnCore.so
71e16000-71e23000 r-xp 00000000 08:01 1704944    /lib/i386-linux-gnu/libusb-1.0.so.0.0.0
71e23000-71e24000 r--p 0000c000 08:01 1704944    /lib/i386-linux-gnu/libusb-1.0.so.0.0.0
71e24000-71e25000 rw-p 0000d000 08:01 1704944    /lib/i386-linux-gnu/libusb-1.0.so.0.0.0
71e25000-71e43000 r-xp 00000000 08:01 2503959    /usr/lib/libOpenNI.jni.so
71e43000-71e44000 r--p 0001d000 08:01 2503959    /usr/lib/libOpenNI.jni.so
71e44000-71e46000 rw-p 0001e000 08:01 2503959    /usr/lib/libOpenNI.jni.so
71e46000-71e4b000 r-xp 00000000 08:01 2513317    /usr/lib/libusbpp-0.1.so.4.4.4
71e4b000-71e4c000 r--p 00004000 08:01 2513317    /usr/lib/libusbpp-0.1.so.4.4.4
71e4c000-71e4d000 rw-p 00005000 08:01 2513317    /usr/lib/libusbpp-0.1.so.4.4.4
71e4d000-71e54000 r-xp 00000000 08:01 1704036    /lib/libusb-0.1.so.4.4.4
71e54000-71e55000 r--p 00006000 08:01 1704036    /lib/libusb-0.1.so.4.4.4
71e55000-71e56000 rw-p 00007000 08:01 1704036    /lib/libusb-0.1.so.4.4.4
71e56000-71e57000 rw-p 00000000 00:00 0 
71e57000-71e5a000 r--s 00000000 08:01 2633498    /var/cache/fontconfig/7ef2298fde41cc6eeb7af42e48b7d293-le32d4.cache-3
71e5a000-71e63000 r-xp 00000000 08:01 2495626    /usr/lib/i386-linux-gnu/libXrender.so.1.3.0
71e63000-71e64000 r--p 00008000 08:01 2495626    /usr/lib/i386-linux-gnu/libXrender.so.1.3.0
71e64000-71e65000 rw-p 00009000 08:01 2495626    /usr/lib/i386-linux-gnu/libXrender.so.1.3.0
71e65000-71e6c000 r--s 000fb000 08:01 2896159    /usr/lib/jvm/java-6-openjdk/jre/lib/resources.jar
71e6c000-71e74000 r-xp 00000000 08:01 269300     /usr/lib/libusbJava.so.0.2.4
71e74000-71e75000 rw-p 00007000 08:01 269300     /usr/lib/libusbJava.so.0.2.4
71e75000-71e93000 r--s 0024d000 08:01 272520     /home/norut/workspace/CommModule3.0/lib/KinectLibrary.jar
71e93000-71e95000 r--s 0004c000 08:01 270165     /home/norut/workspace/CommModule3.0/lib/vecmath.jar
71e95000-71e99000 r--s 0001b000 08:01 270164     /home/norut/workspace/CommModule3.0/lib/org.OpenNI.jar
71e99000-71ea7000 r--s 00193000 08:01 270161     /home/norut/workspace/CommModule3.0/lib/j3dutils.jar
71ea7000-71eb3000 r--s 002c7000 08:01 270151     /home/norut/workspace/CommModule3.0/lib/j3dcore.jar
71eb3000-71eb7000 r--s 000fc000 08:01 268885     /home/norut/workspace/CommModule3.0/lib/NoninLibrary.jar
71eb7000-71eba000 r--s 00012000 08:01 268892     /home/norut/workspace/CommModule3.0/lib/IRGlanceLibrary.jar
71eba000-71ebd000 r--s 00011000 08:01 269114     /home/norut/workspace/CommModule3.0/lib/wii-gee-plugin-wiimote-android_fat.jar
71ebd000-71ec0000 r--s 0007d000 08:01 2896155    /usr/lib/jvm/java-6-openjdk/jre/lib/jsse.jar
71ec0000-71ec5000 r--s 0009b000 08:01 268849     /home/norut/workspace/CommModule3.0/lib/WiiboardSimple2.0.jar
71ec5000-71ecd000 r--s 00066000 08:01 2895241    /usr/share/java/gnome-java-bridge.jar
71ecd000-71ece000 ---p 00000000 00:00 0 
71ece000-71f9f000 rwxp 00000000 00:00 0 
71f9f000-71fa0000 ---p 00000000 00:00 0 
71fa0000-72020000 rwxp 00000000 00:00 0 
72020000-72021000 ---p 00000000 00:00 0 
72021000-720f2000 rwxp 00000000 00:00 0 
720f2000-720f3000 r--p 006a5000 08:01 2497487    /usr/lib/locale/locale-archive
720f3000-72224000 r--p 0043d000 08:01 2497487    /usr/lib/locale/locale-archive
72224000-72264000 r--p 002bd000 08:01 2497487    /usr/lib/locale/locale-archive
72264000-72464000 r--p 00000000 08:01 2497487    /usr/lib/locale/locale-archive
72464000-72506000 rwxp 00000000 00:00 0 
72506000-72507000 ---p 00000000 00:00 0 
72507000-72587000 rwxp 00000000 00:00 0 
72587000-725ba000 rw-p 00000000 00:00 0 
725ba000-7274a000 r--s 037ba000 08:01 2886099    /usr/lib/jvm/java-6-openjdk/jre/lib/rt.jar
7274a000-7274b000 ---p 00000000 00:00 0 
7274b000-727cb000 rwxp 00000000 00:00 0 
727cb000-727cc000 ---p 00000000 00:00 0 
727cc000-7284c000 rwxp 00000000 00:00 0 
7284c000-72854000 rw-p 00000000 00:00 0 
72854000-7288c000 rw-p 00000000 00:00 0 
7288c000-728d2000 rw-p 00000000 00:00 0 
728d2000-729ba000 rw-p 00000000 00:00 0 
729ba000-729c2000 rw-p 00000000 00:00 0 
729c2000-729fa000 rw-p 00000000 00:00 0 
729fa000-72a40000 rw-p 00000000 00:00 0 
72a40000-72b28000 rw-p 00000000 00:00 0 
72b28000-72b94000 rw-p 00000000 00:00 0 
72b94000-72bbf000 rw-p 00000000 00:00 0 
72bbf000-73bc0000 rw-p 00000000 00:00 0 
73bc0000-7abc0000 rw-p 00000000 00:00 0 
7abc0000-83760000 rw-p 00000000 00:00 0 
83760000-a07c0000 rw-p 00000000 00:00 0 
a07c0000-ade50000 rw-p 00000000 00:00 0 
ade50000-b35c0000 rw-p 00000000 00:00 0 
b35c0000-b35c1000 r--s 00000000 08:01 2625030    /var/cache/fontconfig/4794a0821666d79190d59a36cb4f44b5-le32d4.cache-3
b35c1000-b35ca000 rw-p 00000000 00:00 0 
b35ca000-b3681000 rw-p 00000000 00:00 0 
b3681000-b38c1000 rwxp 00000000 00:00 0 
b38c1000-b6681000 rw-p 00000000 00:00 0 
b6681000-b668c000 r-xp 00000000 08:01 1713725    /lib/i386-linux-gnu/libnss_files-2.13.so
b668c000-b668d000 r--p 0000a000 08:01 1713725    /lib/i386-linux-gnu/libnss_files-2.13.so
b668d000-b668e000 rw-p 0000b000 08:01 1713725    /lib/i386-linux-gnu/libnss_files-2.13.so
b668e000-b6698000 r-xp 00000000 08:01 1713727    /lib/i386-linux-gnu/libnss_nis-2.13.so
b6698000-b6699000 r--p 00009000 08:01 1713727    /lib/i386-linux-gnu/libnss_nis-2.13.so
b6699000-b669a000 rw-p 0000a000 08:01 1713727    /lib/i386-linux-gnu/libnss_nis-2.13.so
b669a000-b66af000 r-xp 00000000 08:01 1713722    /lib/i386-linux-gnu/libnsl-2.13.so
b66af000-b66b0000 r--p 00015000 08:01 1713722    /lib/i386-linux-gnu/libnsl-2.13.so
b66b0000-b66b1000 rw-p 00016000 08:01 1713722    /lib/i386-linux-gnu/libnsl-2.13.so
b66b1000-b66b3000 rw-p 00000000 00:00 0 
b66b3000-b66bb000 r-xp 00000000 08:01 1713723    /lib/i386-linux-gnu/libnss_compat-2.13.so
b66bb000-b66bc000 r--p 00007000 08:01 1713723    /lib/i386-linux-gnu/libnss_compat-2.13.so
b66bc000-b66bd000 rw-p 00008000 08:01 1713723    /lib/i386-linux-gnu/libnss_compat-2.13.so
b66bd000-b66bf000 r-xp 00000000 08:01 2495604    /usr/lib/i386-linux-gnu/libXau.so.6.0.0
b66bf000-b66c0000 r--p 00001000 08:01 2495604    /usr/lib/i386-linux-gnu/libXau.so.6.0.0
b66c0000-b66c1000 rw-p 00002000 08:01 2495604    /usr/lib/i386-linux-gnu/libXau.so.6.0.0
b66c1000-b66c8000 r-xp 00000000 08:01 2896164    /usr/lib/jvm/java-6-openjdk/jre/lib/i386/libzip.so
b66c8000-b66c9000 r--p 00006000 08:01 2896164    /usr/lib/jvm/java-6-openjdk/jre/lib/i386/libzip.so
b66c9000-b66ca000 rw-p 00007000 08:01 2896164    /usr/lib/jvm/java-6-openjdk/jre/lib/i386/libzip.so
b66ca000-b66d2000 rw-s 00000000 08:01 1582236    /tmp/hsperfdata_root/4294
b66d2000-b66f8000 r-xp 00000000 08:01 2886119    /usr/lib/jvm/java-6-openjdk/jre/lib/i386/libjava.so
b66f8000-b66f9000 r--p 00025000 08:01 2886119    /usr/lib/jvm/java-6-openjdk/jre/lib/i386/libjava.so
b66f9000-b66fb000 rw-p 00026000 08:01 2886119    /usr/lib/jvm/java-6-openjdk/jre/lib/i386/libjava.so
b66fb000-b6702000 r-xp 00000000 08:01 1713732    /lib/i386-linux-gnu/librt-2.13.so
b6702000-b6703000 r--p 00006000 08:01 1713732    /lib/i386-linux-gnu/librt-2.13.so
b6703000-b6704000 rw-p 00007000 08:01 1713732    /lib/i386-linux-gnu/librt-2.13.so
b6704000-b6705000 rw-p 00000000 00:00 0 
b6705000-b6755000 rwxp 00000000 00:00 0 
b6755000-b6771000 r-xp 00000000 08:01 1704890    /lib/i386-linux-gnu/libgcc_s.so.1
b6771000-b6772000 r--p 0001b000 08:01 1704890    /lib/i386-linux-gnu/libgcc_s.so.1
b6772000-b6773000 rw-p 0001c000 08:01 1704890    /lib/i386-linux-gnu/libgcc_s.so.1
b6773000-b679b000 r-xp 00000000 08:01 1713720    /lib/i386-linux-gnu/libm-2.13.so
b679b000-b679c000 r--p 00028000 08:01 1713720    /lib/i386-linux-gnu/libm-2.13.so
b679c000-b679d000 rw-p 00029000 08:01 1713720    /lib/i386-linux-gnu/libm-2.13.so
b679d000-b687b000 r-xp 00000000 08:01 2495867    /usr/lib/i386-linux-gnu/libstdc++.so.6.0.16
b687b000-b687c000 ---p 000de000 08:01 2495867    /usr/lib/i386-linux-gnu/libstdc++.so.6.0.16
b687c000-b6880000 r--p 000de000 08:01 2495867    /usr/lib/i386-linux-gnu/libstdc++.so.6.0.16
b6880000-b6881000 rw-p 000e2000 08:01 2495867    /usr/lib/i386-linux-gnu/libstdc++.so.6.0.16
b6881000-b6888000 rw-p 00000000 00:00 0 
b6888000-b70a6000 r-xp 00000000 08:01 3028099    /usr/lib/jvm/java-6-openjdk/jre/lib/i386/server/libjvm.so
b70a6000-b70eb000 r--p 0081e000 08:01 3028099    /usr/lib/jvm/java-6-openjdk/jre/lib/i386/server/libjvm.so
b70eb000-b70fa000 rw-p 00863000 08:01 3028099    /usr/lib/jvm/java-6-openjdk/jre/lib/i386/server/libjvm.so
b70fa000-b7516000 rw-p 00000000 00:00 0 
b7516000-b7529000 r-xp 00000000 08:01 1704952    /lib/i386-linux-gnu/libz.so.1.2.3.4
b7529000-b752a000 r--p 00012000 08:01 1704952    /lib/i386-linux-gnu/libz.so.1.2.3.4
b752a000-b752b000 rw-p 00013000 08:01 1704952    /lib/i386-linux-gnu/libz.so.1.2.3.4
b752b000-b76a3000 r-xp 00000000 08:01 1713716    /lib/i386-linux-gnu/libc-2.13.so
b76a3000-b76a5000 r--p 00178000 08:01 1713716    /lib/i386-linux-gnu/libc-2.13.so
b76a5000-b76a6000 rw-p 0017a000 08:01 1713716    /lib/i386-linux-gnu/libc-2.13.so
b76a6000-b76a9000 rw-p 00000000 00:00 0 
b76a9000-b76ac000 r-xp 00000000 08:01 1713719    /lib/i386-linux-gnu/libdl-2.13.so
b76ac000-b76ad000 r--p 00002000 08:01 1713719    /lib/i386-linux-gnu/libdl-2.13.so
b76ad000-b76ae000 rw-p 00003000 08:01 1713719    /lib/i386-linux-gnu/libdl-2.13.so
b76ae000-b76b2000 r-xp 00000000 08:01 2886103    /usr/lib/jvm/java-6-openjdk/jre/lib/i386/jli/libjli.so
b76b2000-b76b3000 r--p 00003000 08:01 2886103    /usr/lib/jvm/java-6-openjdk/jre/lib/i386/jli/libjli.so
b76b3000-b76b4000 rw-p 00004000 08:01 2886103    /usr/lib/jvm/java-6-openjdk/jre/lib/i386/jli/libjli.so
b76b4000-b76b5000 rw-p 00000000 00:00 0 
b76b5000-b76cc000 r-xp 00000000 08:01 1713730    /lib/i386-linux-gnu/libpthread-2.13.so
b76cc000-b76cd000 r--p 00016000 08:01 1713730    /lib/i386-linux-gnu/libpthread-2.13.so
b76cd000-b76ce000 rw-p 00017000 08:01 1713730    /lib/i386-linux-gnu/libpthread-2.13.so
b76ce000-b76d0000 rw-p 00000000 00:00 0 
b76d0000-b76d2000 r--s 00000000 08:01 2622659    /var/cache/fontconfig/e13b20fdb08344e0e664864cc2ede53d-le32d4.cache-3
b76d2000-b76d3000 rw-s 00000000 00:12 58366      /run/shm/045e.02ae@1.6-SM (deleted)
b76d3000-b76d5000 r--s 0000f000 08:01 2896143    /usr/lib/jvm/java-6-openjdk/jre/lib/ext/pulse-java.jar
b76d5000-b76d6000 rw-p 00000000 00:00 0 
b76d6000-b76d7000 r--p 00000000 00:00 0 
b76d7000-b76e2000 r-xp 00000000 08:01 2886139    /usr/lib/jvm/java-6-openjdk/jre/lib/i386/libverify.so
b76e2000-b76e3000 ---p 0000b000 08:01 2886139    /usr/lib/jvm/java-6-openjdk/jre/lib/i386/libverify.so
b76e3000-b76e4000 r--p 0000b000 08:01 2886139    /usr/lib/jvm/java-6-openjdk/jre/lib/i386/libverify.so
b76e4000-b76e5000 rw-p 0000c000 08:01 2886139    /usr/lib/jvm/java-6-openjdk/jre/lib/i386/libverify.so
b76e5000-b76e7000 rw-p 00000000 00:00 0 
b76e7000-b76e8000 r-xp 00000000 00:00 0          [vdso]
b76e8000-b7706000 r-xp 00000000 08:01 1713713    /lib/i386-linux-gnu/ld-2.13.so
b7706000-b7707000 r--p 0001d000 08:01 1713713    /lib/i386-linux-gnu/ld-2.13.so
b7707000-b7708000 rw-p 0001e000 08:01 1713713    /lib/i386-linux-gnu/ld-2.13.so
bf83a000-bf859000 rwxp 00000000 00:00 0          [stack]
bf859000-bf85b000 rw-p 00000000 00:00 0 

VM Arguments:
jvm_args: -Dfile.encoding=UTF-8 
java_command: test.TestGrande
Launcher Type: SUN_STANDARD

Environment Variables:
PATH=/usr/local/sbin:/usr/local/bin:/usr/sbin:/usr/bin:/sbin:/bin:/usr/X11R6/bin
USERNAME=root
LD_LIBRARY_PATH=/usr/lib/jvm/java-6-openjdk/jre/lib/i386/server:/usr/lib/jvm/java-6-openjdk/jre/lib/i386:/usr/lib/jvm/java-6-openjdk/jre/../lib/i386:/usr/lib/jvm/java-6-openjdk/jre/lib/i386/client:/usr/lib/jvm/java-6-openjdk/jre/lib/i386:
SHELL=/bin/bash
DISPLAY=:0.0

Signal Handlers:
SIGSEGV: [libjvm.so+0x66a530], sa_mask[0]=0x7ffbfeff, sa_flags=0x10000004
SIGBUS: [libjvm.so+0x66a530], sa_mask[0]=0x7ffbfeff, sa_flags=0x10000004
SIGFPE: [libjvm.so+0x52e2c0], sa_mask[0]=0x7ffbfeff, sa_flags=0x10000004
SIGPIPE: [libjvm.so+0x52e2c0], sa_mask[0]=0x7ffbfeff, sa_flags=0x10000004
SIGXFSZ: [libjvm.so+0x52e2c0], sa_mask[0]=0x7ffbfeff, sa_flags=0x10000004
SIGILL: [libjvm.so+0x52e2c0], sa_mask[0]=0x7ffbfeff, sa_flags=0x10000004
SIGUSR1: SIG_DFL, sa_mask[0]=0x00000000, sa_flags=0x00000000
SIGUSR2: [libjvm.so+0x52e150], sa_mask[0]=0x00000004, sa_flags=0x10000004
SIGHUP: [libjvm.so+0x5311f0], sa_mask[0]=0x7ffbfeff, sa_flags=0x10000004
SIGINT: [libjvm.so+0x5311f0], sa_mask[0]=0x7ffbfeff, sa_flags=0x10000004
SIGTERM: [libjvm.so+0x5311f0], sa_mask[0]=0x7ffbfeff, sa_flags=0x10000004
SIGQUIT: [libjvm.so+0x5311f0], sa_mask[0]=0x7ffbfeff, sa_flags=0x10000004


---------------  S Y S T E M  ---------------

OS:Ubuntu 11.10 (oneiric)
uname:Linux 3.0.0-17-generic-pae #30-Ubuntu SMP Thu Mar 8 17:53:35 UTC 2012 i686
libc:glibc 2.13 NPTL 2.13 
rlimit: STACK 8192k, CORE 0k, NPROC 28837, NOFILE 4096, AS infinity
load average:0.66 0.44 0.33

/proc/meminfo:
MemTotal:        3705196 kB
MemFree:          932236 kB
Buffers:          339692 kB
Cached:          1047776 kB
SwapCached:            0 kB
Active:          1749756 kB
Inactive:         792224 kB
Active(anon):    1155556 kB
Inactive(anon):    11156 kB
Active(file):     594200 kB
Inactive(file):   781068 kB
Unevictable:          60 kB
Mlocked:              60 kB
HighTotal:       2866716 kB
HighFree:         550272 kB
LowTotal:         838480 kB
LowFree:          381964 kB
SwapTotal:       3778556 kB
SwapFree:        3778556 kB
Dirty:               324 kB
Writeback:             0 kB
AnonPages:       1154608 kB
Mapped:           214720 kB
Shmem:             12204 kB
Slab:              80760 kB
SReclaimable:      65624 kB
SUnreclaim:        15136 kB
KernelStack:        3352 kB
PageTables:         9976 kB
NFS_Unstable:          0 kB
Bounce:                0 kB
WritebackTmp:          0 kB
CommitLimit:     5631152 kB
Committed_AS:    2947100 kB
VmallocTotal:     122880 kB
VmallocUsed:       45968 kB
VmallocChunk:      73112 kB
HardwareCorrupted:     0 kB
AnonHugePages:         0 kB
HugePages_Total:       0
HugePages_Free:        0
HugePages_Rsvd:        0
HugePages_Surp:        0
Hugepagesize:       2048 kB
DirectMap4k:       10232 kB
DirectMap2M:      903168 kB


CPU:total 2 (2 cores per cpu, 1 threads per core) family 20 model 1 stepping 0, cmov, cx8, fxsr, mmx, sse, sse2, sse3, ssse3, popcnt, mmxext, lzcnt, sse4a

Memory: 4k page, physical 3705196k(932236k free), swap 3778556k(3778556k free)

vm_info: OpenJDK Server VM (20.0-b11) for linux-x86 JRE (1.6.0_23-b23), built on Feb 23 2012 06:26:43 by "buildd" with gcc 4.6.1

time: Tue Apr 17 09:36:45 2012
elapsed time: 18 seconds

