#
# A fatal error has been detected by the Java Runtime Environment:
#
#  SIGSEGV (0xb) at pc=0x70f94ddd, pid=12039, tid=3061754688
#
# JRE version: 6.0_24-b24
# Java VM: OpenJDK Server VM (20.0-b12 mixed mode linux-x86 )
# Derivative: IcedTea6 1.11.1
# Distribution: Ubuntu precise (development branch), package 6b24-1.11.1-4ubuntu2
# Problematic frame:
# C  [libXnVFeatures_1_5_2.so+0x39ddd]  XnVSkeletonGenerator::IsCalibrated(unsigned int)+0x2d
#
# If you would like to submit a bug report, please include
# instructions how to reproduce the bug and visit:
#   https://bugs.launchpad.net/ubuntu/+source/openjdk-6/
# The crash happened outside the Java Virtual Machine in native code.
# See problematic frame for where to report the bug.
#

---------------  T H R E A D  ---------------

Current thread (0xb6605800):  JavaThread "main" [_thread_in_native, id=12045, stack(0xb679a000,0xb67eb000)]

siginfo:si_signo=SIGSEGV: si_errno=0, si_code=1 (SEGV_MAPERR), si_addr=0x5f3600c0

Registers:
EAX=0x5f330008, EBX=0x71364ff4, ECX=0x00000001, EDX=0x00000000
ESP=0xb67e9e90, EBP=0xb67e9ea8, ESI=0x72f127d0, EDI=0xb6605800
EIP=0x70f94ddd, EFLAGS=0x00010202, CR2=0x5f3600c0

Top of Stack: (sp=0xb67e9e90)
0xb67e9e90:   6c2c12f0 00000001 00000000 00000000
0xb67e9ea0:   72f127d0 71364ff4 b67e9ec8 70f802c1
0xb67e9eb0:   6c2c12a8 00000001 7135d698 ffffffff
0xb67e9ec0:   b3602ee1 71af6ff4 b67e9f48 71a8cb63
0xb67e9ed0:   6c2c12a8 00000001 a0cc0cf8 72f25578
0xb67e9ee0:   72f39ac8 72f21df0 b67e9f1c 71aea623
0xb67e9ef0:   6bb2c728 00000001 a0cc0cd0 b67e9efc
0xb67e9f00:   72f2e5e6 b67e9f28 72f127d0 b360a64a 

Instructions: (pc=0x70f94ddd)
0x70f94dbd:   fe ff 81 c3 35 02 3d 00 89 44 24 04 8b 45 08 83
0x70f94dcd:   c0 48 89 04 24 e8 49 37 16 00 31 d2 85 c0 74 13
0x70f94ddd:   80 b8 b8 00 03 00 00 74 12 0f b6 90 fc 18 02 00
0x70f94ded:   0f b6 d2 83 c4 14 89 d0 5b 5d c3 0f b6 90 18 4e 

Register to memory mapping:

EAX=0x5f330008 is an unknown value
EBX=0x71364ff4: <offset 0x409ff4> in /usr/lib/libXnVFeatures_1_5_2.so at 0x70f5b000
ECX=0x00000001 is an unknown value
EDX=0x00000000 is an unknown value
ESP=0xb67e9e90 is pointing into the stack for thread: 0xb6605800
EBP=0xb67e9ea8 is pointing into the stack for thread: 0xb6605800
ESI=0x72f127d0 is an oop
{method} 
 - klass: {other class}
EDI=0xb6605800 is a thread


Stack: [0xb679a000,0xb67eb000],  sp=0xb67e9e90,  free space=319k
Native frames: (J=compiled Java code, j=interpreted, Vv=VM code, C=native code)
C  [libXnVFeatures_1_5_2.so+0x39ddd]  XnVSkeletonGenerator::IsCalibrated(unsigned int)+0x2d
C  [libXnVFeatures_1_5_2.so+0x252c1]  __ModuleIsSkeletonCalibrated(void*, unsigned int)+0x61
C  [libOpenNI.so+0x40b63]  xnIsSkeletonCalibrated+0x43
j  org.OpenNI.SkeletonCapability.isSkeletonCalibrated(I)Z+5
j  control.DeviceManager.waitForUserIsCalibrated(I)V+33
j  control.DeviceManager.getKinectPoseLauncher(ILkinectThreads/KinectPoseEnum;)Llaunchers/KinectPoseLauncher;+10
j  test.TestGrande.<init>()V+29
j  test.TestGrande.main([Ljava/lang/String;)V+11
v  ~StubRoutines::call_stub
V  [libjvm.so+0x39a7d6]  JavaCalls::call_helper(JavaValue*, methodHandle*, JavaCallArguments*, Thread*)+0x2c6

Java frames: (J=compiled Java code, j=interpreted, Vv=VM code)
j  org.OpenNI.NativeMethods.xnIsSkeletonCalibrated(JI)Z+0
j  org.OpenNI.SkeletonCapability.isSkeletonCalibrated(I)Z+5
j  control.DeviceManager.waitForUserIsCalibrated(I)V+33
j  control.DeviceManager.getKinectPoseLauncher(ILkinectThreads/KinectPoseEnum;)Llaunchers/KinectPoseLauncher;+10
j  test.TestGrande.<init>()V+29
j  test.TestGrande.main([Ljava/lang/String;)V+11
v  ~StubRoutines::call_stub

---------------  P R O C E S S  ---------------

Java Threads: ( => current thread )
  0x617c6800 JavaThread "Thread-1" [_thread_in_native, id=12067, stack(0x6540f000,0x65460000)]
  0xb66a4400 JavaThread "Low Memory Detector" daemon [_thread_blocked, id=12054, stack(0x71cc9000,0x71d1a000)]
  0xb66a2800 JavaThread "C2 CompilerThread1" daemon [_thread_blocked, id=12053, stack(0x71d1a000,0x71d9b000)]
  0xb66a0800 JavaThread "C2 CompilerThread0" daemon [_thread_blocked, id=12052, stack(0x71d9b000,0x71e1c000)]
  0xb669f400 JavaThread "Signal Dispatcher" daemon [_thread_blocked, id=12051, stack(0x7252e000,0x7257f000)]
  0xb668f800 JavaThread "Finalizer" daemon [_thread_blocked, id=12050, stack(0x7214d000,0x7219e000)]
  0xb668e000 JavaThread "Reference Handler" daemon [_thread_blocked, id=12049, stack(0x7219e000,0x721ef000)]
=>0xb6605800 JavaThread "main" [_thread_in_native, id=12045, stack(0xb679a000,0xb67eb000)]

Other Threads:
  0xb668a400 VMThread [stack: 0x721ef000,0x72270000] [id=12048]
  0xb66a6400 WatcherThread [stack: 0x71c48000,0x71cc9000] [id=12055]

VM state:not at safepoint (normal execution)

VM Mutex/Monitor currently owned by a thread: None

Heap
 PSYoungGen      total 16896K, used 5925K [0xa0740000, 0xa1a10000, 0xb3540000)
  eden space 14528K, 40% used [0xa0740000,0xa0d09770,0xa1570000)
  from space 2368K, 0% used [0xa17c0000,0xa17c0000,0xa1a10000)
  to   space 2368K, 0% used [0xa1570000,0xa1570000,0xa17c0000)
 PSOldGen        total 38656K, used 0K [0x7ab40000, 0x7d100000, 0xa0740000)
  object space 38656K, 0% used [0x7ab40000,0x7ab40000,0x7d100000)
 PSPermGen       total 16384K, used 4072K [0x72b40000, 0x73b40000, 0x7ab40000)
  object space 16384K, 24% used [0x72b40000,0x72f3a078,0x73b40000)

Code Cache  [0xb3600000, 0xb3840000, 0xb6600000)
 total_blobs=145 nmethods=23 adapters=77 free_code_cache=50002176 largest_free_block=17216

Dynamic libraries:
08048000-08051000 r-xp 00000000 08:01 399016     /usr/lib/jvm/java-6-openjdk-i386/jre/bin/java
08051000-08052000 r--p 00008000 08:01 399016     /usr/lib/jvm/java-6-openjdk-i386/jre/bin/java
08052000-08053000 rw-p 00009000 08:01 399016     /usr/lib/jvm/java-6-openjdk-i386/jre/bin/java
0a009000-0a0df000 rw-p 00000000 00:00 0          [heap]
5e600000-5e6b7000 rw-p 00000000 00:00 0 
5e6b7000-5e700000 ---p 00000000 00:00 0 
5e800000-5e8f6000 rw-p 00000000 00:00 0 
5e8f6000-5e900000 ---p 00000000 00:00 0 
5ef00000-5f000000 rw-p 00000000 00:00 0 
5f361000-5f362000 rw-s 00000000 00:12 71208      /run/shm/045e.02ae@1.6-SM
5f362000-5f60a000 rw-p 00000000 00:00 0 
5f60a000-61700000 r--s 00000000 00:12 69907      /run/shm/12058_045e.02ae@1.6_Image
61700000-617fb000 rw-p 00000000 00:00 0 
617fb000-61800000 ---p 00000000 00:00 0 
6181e000-61900000 rw-p 00000000 00:00 0 
61900000-61b00000 rw-p 00000000 00:00 0 
61b00000-61d00000 rw-p 00000000 00:00 0 
61d00000-61f00000 rw-p 00000000 00:00 0 
61f00000-62100000 rw-p 00000000 00:00 0 
62100000-62300000 rw-p 00000000 00:00 0 
62300000-62500000 rw-p 00000000 00:00 0 
62500000-62700000 rw-p 00000000 00:00 0 
62700000-62900000 rw-p 00000000 00:00 0 
62900000-62b00000 rw-p 00000000 00:00 0 
62b00000-62d00000 rw-p 00000000 00:00 0 
62d00000-62f00000 rw-p 00000000 00:00 0 
62f00000-62fff000 rw-p 00000000 00:00 0 
62fff000-63000000 ---p 00000000 00:00 0 
63000000-630ff000 rw-p 00000000 00:00 0 
630ff000-63100000 ---p 00000000 00:00 0 
63100000-63300000 rw-p 00000000 00:00 0 
63300000-63500000 rw-p 00000000 00:00 0 
63500000-63700000 rw-p 00000000 00:00 0 
63700000-63900000 rw-p 00000000 00:00 0 
63900000-63b00000 rw-p 00000000 00:00 0 
63b00000-63d00000 rw-p 00000000 00:00 0 
63d00000-63f00000 rw-p 00000000 00:00 0 
63f00000-64100000 rw-p 00000000 00:00 0 
64100000-64300000 rw-p 00000000 00:00 0 
64300000-64500000 rw-p 00000000 00:00 0 
64500000-64700000 rw-p 00000000 00:00 0 
64700000-64900000 rw-p 00000000 00:00 0 
64900000-64b00000 rw-p 00000000 00:00 0 
64b00000-64bff000 rw-p 00000000 00:00 0 
64bff000-64c00000 ---p 00000000 00:00 0 
64c00000-64d00000 rw-p 00000000 00:00 0 
64d00000-64eff000 rw-p 00000000 00:00 0 
64eff000-64f00000 ---p 00000000 00:00 0 
64f00000-65100000 rw-p 00000000 00:00 0 
65100000-65300000 rw-p 00000000 00:00 0 
65300000-65400000 rw-p 00000000 00:00 0 
6540f000-65412000 ---p 00000000 00:00 0 
65412000-65460000 rwxp 00000000 00:00 0 
65460000-65841000 rw-p 00000000 00:00 0 
65842000-6bb00000 rw-p 00000000 00:00 0 
6bb00000-6bc00000 rw-p 00000000 00:00 0 
6bc21000-6c200000 rw-p 00000000 00:00 0 
6c200000-6c2f7000 rw-p 00000000 00:00 0 
6c2f7000-6c300000 ---p 00000000 00:00 0 
6c32b000-6c400000 rw-p 00000000 00:00 0 
6c400000-6c500000 rw-p 00000000 00:00 0 
6c52b000-6c600000 rw-p 00000000 00:00 0 
6c600000-6c700000 rw-p 00000000 00:00 0 
6c72b000-6c800000 rw-p 00000000 00:00 0 
6c800000-6c900000 rw-p 00000000 00:00 0 
6c900000-6ca00000 rw-p 00000000 00:00 0 
6ca05000-6cb00000 rw-p 00000000 00:00 0 
6cb00000-6cbfc000 rw-p 00000000 00:00 0 
6cbfc000-6cc00000 ---p 00000000 00:00 0 
6cc13000-6dc7a000 rw-p 00000000 00:00 0 
6dc7a000-6dffe000 r--s 00000000 00:12 71199      /run/shm/12058_045e.02ae@1.6_Depth
6dffe000-6dfff000 ---p 00000000 00:00 0 
6dfff000-6e7ff000 rwxp 00000000 00:00 0 
6e7ff000-6ec00000 rw-p 00000000 00:00 0 
6ec00000-6ed00000 rw-p 00000000 00:00 0 
6ed15000-6ef00000 rw-p 00000000 00:00 0 
6ef00000-6effb000 rw-p 00000000 00:00 0 
6effb000-6f000000 ---p 00000000 00:00 0 
6f01d000-6f100000 rw-p 00000000 00:00 0 
6f100000-6f200000 rw-p 00000000 00:00 0 
6f21d000-6f300000 rw-p 00000000 00:00 0 
6f300000-6f3fb000 rw-p 00000000 00:00 0 
6f3fb000-6f400000 ---p 00000000 00:00 0 
6f41d000-6f500000 rw-p 00000000 00:00 0 
6f500000-6f700000 rw-p 00000000 00:00 0 
6f700000-6f7f8000 rw-p 00000000 00:00 0 
6f7f8000-6f800000 ---p 00000000 00:00 0 
6f809000-6f87b000 rw-p 00000000 00:00 0 
6f87b000-6fbff000 r--s 00000000 00:12 71199      /run/shm/12058_045e.02ae@1.6_Depth
6fbff000-6fc00000 ---p 00000000 00:00 0 
6fc00000-70400000 rwxp 00000000 00:00 0 
70400000-704fd000 rw-p 00000000 00:00 0 
704fd000-70500000 ---p 00000000 00:00 0 
7050e000-709cc000 rw-p 00000000 00:00 0 
709cc000-70a58000 r-xp 00000000 08:01 2504881    /usr/lib/libXnDeviceSensorV2KM.so
70a58000-70a61000 r--p 0008b000 08:01 2504881    /usr/lib/libXnDeviceSensorV2KM.so
70a61000-70a62000 rw-p 00094000 08:01 2504881    /usr/lib/libXnDeviceSensorV2KM.so
70a62000-70a8e000 r-xp 00000000 08:01 2504355    /usr/lib/libXnDeviceFile.so
70a8e000-70a8f000 ---p 0002c000 08:01 2504355    /usr/lib/libXnDeviceFile.so
70a8f000-70a90000 r--p 0002c000 08:01 2504355    /usr/lib/libXnDeviceFile.so
70a90000-70a91000 rw-p 0002d000 08:01 2504355    /usr/lib/libXnDeviceFile.so
70a91000-70ae3000 r-xp 00000000 08:01 2504354    /usr/lib/libXnDDK.so
70ae3000-70ae4000 ---p 00052000 08:01 2504354    /usr/lib/libXnDDK.so
70ae4000-70ae6000 r--p 00052000 08:01 2504354    /usr/lib/libXnDDK.so
70ae6000-70ae7000 rw-p 00054000 08:01 2504354    /usr/lib/libXnDDK.so
70ae7000-70b0a000 r-xp 00000000 08:01 2504357    /usr/lib/libXnFormats.so
70b0a000-70b0b000 r--p 00022000 08:01 2504357    /usr/lib/libXnFormats.so
70b0b000-70b0c000 rw-p 00023000 08:01 2504357    /usr/lib/libXnFormats.so
70b0c000-70b2c000 rw-p 00000000 00:00 0 
70b2c000-70bc5000 r-xp 00000000 08:01 2504356    /usr/lib/libXnDeviceSensorV2.so
70bc5000-70bce000 r--p 00098000 08:01 2504356    /usr/lib/libXnDeviceSensorV2.so
70bce000-70bcf000 rw-p 000a1000 08:01 2504356    /usr/lib/libXnDeviceSensorV2.so
70bcf000-70cb2000 r-xp 00000000 08:01 2504285    /usr/lib/libXnVHandGenerator_1_5_2.so
70cb2000-70cb5000 r--p 000e3000 08:01 2504285    /usr/lib/libXnVHandGenerator_1_5_2.so
70cb5000-70cb6000 rw-p 000e6000 08:01 2504285    /usr/lib/libXnVHandGenerator_1_5_2.so
70cb6000-70cc2000 rw-p 00000000 00:00 0 
70cc2000-70d97000 r-xp 00000000 08:01 2504282    /usr/lib/libXnVHandGenerator_1_4_2.so
70d97000-70d98000 ---p 000d5000 08:01 2504282    /usr/lib/libXnVHandGenerator_1_4_2.so
70d98000-70d9a000 r--p 000d5000 08:01 2504282    /usr/lib/libXnVHandGenerator_1_4_2.so
70d9a000-70d9b000 rw-p 000d7000 08:01 2504282    /usr/lib/libXnVHandGenerator_1_4_2.so
70d9b000-70d9d000 rw-p 00000000 00:00 0 
70d9d000-70e71000 r-xp 00000000 08:01 2504279    /usr/lib/libXnVHandGenerator_1_4_1.so
70e71000-70e72000 ---p 000d4000 08:01 2504279    /usr/lib/libXnVHandGenerator_1_4_1.so
70e72000-70e74000 r--p 000d4000 08:01 2504279    /usr/lib/libXnVHandGenerator_1_4_1.so
70e74000-70e75000 rw-p 000d6000 08:01 2504279    /usr/lib/libXnVHandGenerator_1_4_1.so
70e75000-70e77000 rw-p 00000000 00:00 0 
70e77000-70f55000 r-xp 00000000 08:01 2504275    /usr/lib/libXnVHandGenerator_1_3_1.so
70f55000-70f58000 r--p 000dd000 08:01 2504275    /usr/lib/libXnVHandGenerator_1_3_1.so
70f58000-70f59000 rw-p 000e0000 08:01 2504275    /usr/lib/libXnVHandGenerator_1_3_1.so
70f59000-70f5b000 rw-p 00000000 00:00 0 
70f5b000-7135c000 r-xp 00000000 08:01 2504268    /usr/lib/libXnVFeatures_1_5_2.so
7135c000-7135d000 ---p 00401000 08:01 2504268    /usr/lib/libXnVFeatures_1_5_2.so
7135d000-71365000 r--p 00401000 08:01 2504268    /usr/lib/libXnVFeatures_1_5_2.so
71365000-71366000 rw-p 00409000 08:01 2504268    /usr/lib/libXnVFeatures_1_5_2.so
71366000-7137a000 rw-p 00000000 00:00 0 
7137a000-71561000 r-xp 00000000 08:01 2504257    /usr/lib/libXnVFeatures_1_4_2.so
71561000-71564000 r--p 001e6000 08:01 2504257    /usr/lib/libXnVFeatures_1_4_2.so
71564000-71565000 rw-p 001e9000 08:01 2504257    /usr/lib/libXnVFeatures_1_4_2.so
71565000-7156a000 rw-p 00000000 00:00 0 
7156a000-71751000 r-xp 00000000 08:01 2504252    /usr/lib/libXnVFeatures_1_4_1.so
71751000-71754000 r--p 001e6000 08:01 2504252    /usr/lib/libXnVFeatures_1_4_1.so
71754000-71755000 rw-p 001e9000 08:01 2504252    /usr/lib/libXnVFeatures_1_4_1.so
71755000-7175a000 rw-p 00000000 00:00 0 
7175a000-71978000 r-xp 00000000 08:01 2504247    /usr/lib/libXnVFeatures_1_3_1.so
71978000-71979000 ---p 0021e000 08:01 2504247    /usr/lib/libXnVFeatures_1_3_1.so
71979000-7197c000 r--p 0021e000 08:01 2504247    /usr/lib/libXnVFeatures_1_3_1.so
7197c000-7197d000 rw-p 00221000 08:01 2504247    /usr/lib/libXnVFeatures_1_3_1.so
7197d000-71982000 rw-p 00000000 00:00 0 
71982000-719a7000 r-xp 00000000 08:01 2503957    /usr/lib/libnimRecorder.so
719a7000-719a8000 r--p 00025000 08:01 2503957    /usr/lib/libnimRecorder.so
719a8000-719a9000 rw-p 00026000 08:01 2503957    /usr/lib/libnimRecorder.so
719a9000-719de000 r-xp 00000000 08:01 2503954    /usr/lib/libnimCodecs.so
719de000-719e0000 r--p 00035000 08:01 2503954    /usr/lib/libnimCodecs.so
719e0000-719e1000 rw-p 00037000 08:01 2503954    /usr/lib/libnimCodecs.so
719e1000-71a01000 rw-p 00000000 00:00 0 
71a01000-71a34000 r-xp 00000000 08:01 2503956    /usr/lib/libnimMockNodes.so
71a34000-71a3b000 r--p 00032000 08:01 2503956    /usr/lib/libnimMockNodes.so
71a3b000-71a3c000 rw-p 00039000 08:01 2503956    /usr/lib/libnimMockNodes.so
71a3c000-71a4a000 r-xp 00000000 08:01 1703979    /lib/i386-linux-gnu/libusb-1.0.so.0.1.0
71a4a000-71a4b000 r--p 0000d000 08:01 1703979    /lib/i386-linux-gnu/libusb-1.0.so.0.1.0
71a4b000-71a4c000 rw-p 0000e000 08:01 1703979    /lib/i386-linux-gnu/libusb-1.0.so.0.1.0
71a4c000-71ad2000 r-xp 00000000 08:01 2503960    /usr/lib/libOpenNI.so
71ad2000-71ad4000 r--p 00085000 08:01 2503960    /usr/lib/libOpenNI.so
71ad4000-71ad6000 rw-p 00087000 08:01 2503960    /usr/lib/libOpenNI.so
71ad6000-71af6000 r-xp 00000000 08:01 2503959    /usr/lib/libOpenNI.jni.so
71af6000-71af7000 r--p 0001f000 08:01 2503959    /usr/lib/libOpenNI.jni.so
71af7000-71af9000 rw-p 00020000 08:01 2503959    /usr/lib/libOpenNI.jni.so
71af9000-71afe000 r-xp 00000000 08:01 2494804    /usr/lib/i386-linux-gnu/libusbpp-0.1.so.4.4.4
71afe000-71aff000 r--p 00004000 08:01 2494804    /usr/lib/i386-linux-gnu/libusbpp-0.1.so.4.4.4
71aff000-71b00000 rw-p 00005000 08:01 2494804    /usr/lib/i386-linux-gnu/libusbpp-0.1.so.4.4.4
71b00000-71c00000 rw-p 00000000 00:00 0 
71c01000-71c04000 r-xp 00000000 08:01 2504353    /usr/lib/libXnCore.so
71c04000-71c05000 r--p 00002000 08:01 2504353    /usr/lib/libXnCore.so
71c05000-71c06000 rw-p 00003000 08:01 2504353    /usr/lib/libXnCore.so
71c06000-71c0d000 r-xp 00000000 08:01 1704027    /lib/i386-linux-gnu/libusb-0.1.so.4.4.4
71c0d000-71c0e000 r--p 00006000 08:01 1704027    /lib/i386-linux-gnu/libusb-0.1.so.4.4.4
71c0e000-71c0f000 rw-p 00007000 08:01 1704027    /lib/i386-linux-gnu/libusb-0.1.so.4.4.4
71c0f000-71c10000 rw-p 00000000 00:00 0 
71c28000-71c30000 r-xp 00000000 08:01 269300     /usr/lib/libusbJava.so.0.2.4
71c30000-71c31000 rw-p 00007000 08:01 269300     /usr/lib/libusbJava.so.0.2.4
71c31000-71c46000 r-xp 00000000 08:01 3546552    /usr/lib/jvm/java-6-openjdk-i386/jre/lib/i386/libnet.so
71c46000-71c47000 r--p 00014000 08:01 3546552    /usr/lib/jvm/java-6-openjdk-i386/jre/lib/i386/libnet.so
71c47000-71c48000 rw-p 00015000 08:01 3546552    /usr/lib/jvm/java-6-openjdk-i386/jre/lib/i386/libnet.so
71c48000-71c49000 ---p 00000000 00:00 0 
71c49000-71d1a000 rwxp 00000000 00:00 0 
71d1a000-71d1b000 ---p 00000000 00:00 0 
71d1b000-71d9b000 rwxp 00000000 00:00 0 
71d9b000-71d9c000 ---p 00000000 00:00 0 
71d9c000-71e1c000 rwxp 00000000 00:00 0 
71e1c000-71f4d000 r--p 002c8000 08:01 2490495    /usr/lib/locale/locale-archive
71f4d000-7214d000 r--p 00000000 08:01 2490495    /usr/lib/locale/locale-archive
7214d000-721ef000 rwxp 00000000 00:00 0 
721ef000-721f0000 ---p 00000000 00:00 0 
721f0000-72270000 rwxp 00000000 00:00 0 
72270000-72400000 r--s 037ba000 08:01 3546529    /usr/lib/jvm/java-6-openjdk-i386/jre/lib/rt.jar
72400000-724a2000 rw-p 00000000 00:00 0 
724a2000-72500000 ---p 00000000 00:00 0 
72502000-72520000 r--s 0024d000 08:01 274379     /home/norut/workspace/CommModule3.0/lib/KinectLibrary.jar
72520000-7252e000 r--s 00193000 08:01 273572     /home/norut/workspace/CommModule3.0/lib/j3dutils.jar
7252e000-7257f000 rwxp 00000000 00:00 0 
7257f000-72580000 ---p 00000000 00:00 0 
72580000-72600000 rwxp 00000000 00:00 0 
72600000-726ff000 rw-p 00000000 00:00 0 
726ff000-72700000 ---p 00000000 00:00 0 
72703000-7270a000 r--s 000fb000 08:01 3546516    /usr/lib/jvm/java-6-openjdk-common/jre/lib/resources.jar
7270a000-7270c000 r--s 0004c000 08:01 273576     /home/norut/workspace/CommModule3.0/lib/vecmath.jar
7270c000-72718000 r--s 002c7000 08:01 273571     /home/norut/workspace/CommModule3.0/lib/j3dcore.jar
72718000-7274b000 rw-p 00000000 00:00 0 
7274b000-7274c000 ---p 00000000 00:00 0 
7274c000-727cc000 rwxp 00000000 00:00 0 
727cc000-727d4000 rw-p 00000000 00:00 0 
727d4000-7280c000 rw-p 00000000 00:00 0 
7280c000-7281f000 rw-p 00000000 00:00 0 
7281f000-7293a000 rw-p 00000000 00:00 0 
7293a000-72942000 rw-p 00000000 00:00 0 
72942000-7297a000 rw-p 00000000 00:00 0 
7297a000-7298d000 rw-p 00000000 00:00 0 
7298d000-72aa8000 rw-p 00000000 00:00 0 
72aa8000-72ab2000 rw-p 00000000 00:00 0 
72ab2000-72b3f000 rw-p 00000000 00:00 0 
72b3f000-73b40000 rw-p 00000000 00:00 0 
73b40000-7ab40000 rw-p 00000000 00:00 0 
7ab40000-7d100000 rw-p 00000000 00:00 0 
7d100000-a0740000 rw-p 00000000 00:00 0 
a0740000-a1a10000 rw-p 00000000 00:00 0 
a1a10000-b3540000 rw-p 00000000 00:00 0 
b3540000-b3549000 rw-p 00000000 00:00 0 
b3549000-b3600000 rw-p 00000000 00:00 0 
b3600000-b3840000 rwxp 00000000 00:00 0 
b3840000-b66fe000 rw-p 00000000 00:00 0 
b66fe000-b6700000 ---p 00000000 00:00 0 
b6700000-b6704000 r--s 000fc000 08:01 272532     /home/norut/workspace/CommModule3.0/lib/NoninLibrary.jar
b6704000-b6707000 r--s 00012000 08:01 272538     /home/norut/workspace/CommModule3.0/lib/IRGlanceLibrary.jar
b6707000-b670a000 r--s 00011000 08:01 273529     /home/norut/workspace/CommModule3.0/lib/wii-gee-plugin-wiimote-android_fat.jar
b670a000-b670d000 r--s 0007d000 08:01 3546513    /usr/lib/jvm/java-6-openjdk-common/jre/lib/jsse.jar
b670d000-b6712000 r--s 0009b000 08:01 272528     /home/norut/workspace/CommModule3.0/lib/WiiboardSimple2.0.jar
b6712000-b6714000 r--s 00001000 08:01 3546504    /usr/lib/jvm/java-6-openjdk-common/jre/lib/ext/dnsns.jar
b6714000-b671f000 r-xp 00000000 08:01 1718823    /lib/i386-linux-gnu/libnss_files-2.15.so
b671f000-b6720000 r--p 0000a000 08:01 1718823    /lib/i386-linux-gnu/libnss_files-2.15.so
b6720000-b6721000 rw-p 0000b000 08:01 1718823    /lib/i386-linux-gnu/libnss_files-2.15.so
b6721000-b672b000 r-xp 00000000 08:01 1718825    /lib/i386-linux-gnu/libnss_nis-2.15.so
b672b000-b672c000 r--p 00009000 08:01 1718825    /lib/i386-linux-gnu/libnss_nis-2.15.so
b672c000-b672d000 rw-p 0000a000 08:01 1718825    /lib/i386-linux-gnu/libnss_nis-2.15.so
b672d000-b6743000 r-xp 00000000 08:01 1718820    /lib/i386-linux-gnu/libnsl-2.15.so
b6743000-b6744000 r--p 00015000 08:01 1718820    /lib/i386-linux-gnu/libnsl-2.15.so
b6744000-b6745000 rw-p 00016000 08:01 1718820    /lib/i386-linux-gnu/libnsl-2.15.so
b6745000-b6747000 rw-p 00000000 00:00 0 
b6747000-b674e000 r-xp 00000000 08:01 1718821    /lib/i386-linux-gnu/libnss_compat-2.15.so
b674e000-b674f000 r--p 00006000 08:01 1718821    /lib/i386-linux-gnu/libnss_compat-2.15.so
b674f000-b6750000 rw-p 00007000 08:01 1718821    /lib/i386-linux-gnu/libnss_compat-2.15.so
b6751000-b6752000 r--s 00007000 08:01 2886125    /usr/share/java/java-atk-wrapper.jar
b6752000-b6754000 r--s 0000f000 08:01 3546507    /usr/lib/jvm/java-6-openjdk-common/jre/lib/ext/pulse-java.jar
b6754000-b6757000 r--s 00031000 08:01 3546506    /usr/lib/jvm/java-6-openjdk-common/jre/lib/ext/sunjce_provider.jar
b6757000-b675a000 r--s 00077000 08:01 3546505    /usr/lib/jvm/java-6-openjdk-common/jre/lib/ext/localedata.jar
b675a000-b675e000 r--s 00038000 08:01 3546503    /usr/lib/jvm/java-6-openjdk-common/jre/lib/ext/sunpkcs11.jar
b675e000-b675f000 r--p 00545000 08:01 2490495    /usr/lib/locale/locale-archive
b675f000-b6766000 r-xp 00000000 08:01 3546559    /usr/lib/jvm/java-6-openjdk-i386/jre/lib/i386/libzip.so
b6766000-b6767000 r--p 00006000 08:01 3546559    /usr/lib/jvm/java-6-openjdk-i386/jre/lib/i386/libzip.so
b6767000-b6768000 rw-p 00007000 08:01 3546559    /usr/lib/jvm/java-6-openjdk-i386/jre/lib/i386/libzip.so
b6768000-b678e000 r-xp 00000000 08:01 3546542    /usr/lib/jvm/java-6-openjdk-i386/jre/lib/i386/libjava.so
b678e000-b678f000 r--p 00025000 08:01 3546542    /usr/lib/jvm/java-6-openjdk-i386/jre/lib/i386/libjava.so
b678f000-b6791000 rw-p 00026000 08:01 3546542    /usr/lib/jvm/java-6-openjdk-i386/jre/lib/i386/libjava.so
b6791000-b6798000 r-xp 00000000 08:01 1718830    /lib/i386-linux-gnu/librt-2.15.so
b6798000-b6799000 r--p 00006000 08:01 1718830    /lib/i386-linux-gnu/librt-2.15.so
b6799000-b679a000 rw-p 00007000 08:01 1718830    /lib/i386-linux-gnu/librt-2.15.so
b679a000-b679b000 ---p 00000000 00:00 0 
b679b000-b67eb000 rwxp 00000000 00:00 0 
b67eb000-b6807000 r-xp 00000000 08:01 1704088    /lib/i386-linux-gnu/libgcc_s.so.1
b6807000-b6808000 r--p 0001b000 08:01 1704088    /lib/i386-linux-gnu/libgcc_s.so.1
b6808000-b6809000 rw-p 0001c000 08:01 1704088    /lib/i386-linux-gnu/libgcc_s.so.1
b6809000-b6833000 r-xp 00000000 08:01 1718818    /lib/i386-linux-gnu/libm-2.15.so
b6833000-b6834000 r--p 00029000 08:01 1718818    /lib/i386-linux-gnu/libm-2.15.so
b6834000-b6835000 rw-p 0002a000 08:01 1718818    /lib/i386-linux-gnu/libm-2.15.so
b6835000-b690d000 r-xp 00000000 08:01 2490721    /usr/lib/i386-linux-gnu/libstdc++.so.6.0.16
b690d000-b690e000 ---p 000d8000 08:01 2490721    /usr/lib/i386-linux-gnu/libstdc++.so.6.0.16
b690e000-b6912000 r--p 000d8000 08:01 2490721    /usr/lib/i386-linux-gnu/libstdc++.so.6.0.16
b6912000-b6913000 rw-p 000dc000 08:01 2490721    /usr/lib/i386-linux-gnu/libstdc++.so.6.0.16
b6913000-b691a000 rw-p 00000000 00:00 0 
b691a000-b7138000 r-xp 00000000 08:01 141902     /usr/lib/jvm/java-6-openjdk-i386/jre/lib/i386/server/libjvm.so
b7138000-b717d000 r--p 0081e000 08:01 141902     /usr/lib/jvm/java-6-openjdk-i386/jre/lib/i386/server/libjvm.so
b717d000-b718c000 rw-p 00863000 08:01 141902     /usr/lib/jvm/java-6-openjdk-i386/jre/lib/i386/server/libjvm.so
b718c000-b75a8000 rw-p 00000000 00:00 0 
b75a8000-b75bc000 r-xp 00000000 08:01 1703956    /lib/i386-linux-gnu/libz.so.1.2.3.4
b75bc000-b75bd000 r--p 00013000 08:01 1703956    /lib/i386-linux-gnu/libz.so.1.2.3.4
b75bd000-b75be000 rw-p 00014000 08:01 1703956    /lib/i386-linux-gnu/libz.so.1.2.3.4
b75be000-b775d000 r-xp 00000000 08:01 1718814    /lib/i386-linux-gnu/libc-2.15.so
b775d000-b775f000 r--p 0019f000 08:01 1718814    /lib/i386-linux-gnu/libc-2.15.so
b775f000-b7760000 rw-p 001a1000 08:01 1718814    /lib/i386-linux-gnu/libc-2.15.so
b7760000-b7763000 rw-p 00000000 00:00 0 
b7763000-b7766000 r-xp 00000000 08:01 1718817    /lib/i386-linux-gnu/libdl-2.15.so
b7766000-b7767000 r--p 00002000 08:01 1718817    /lib/i386-linux-gnu/libdl-2.15.so
b7767000-b7768000 rw-p 00003000 08:01 1718817    /lib/i386-linux-gnu/libdl-2.15.so
b7768000-b776c000 r-xp 00000000 08:01 141897     /usr/lib/jvm/java-6-openjdk-i386/jre/lib/i386/jli/libjli.so
b776c000-b776d000 r--p 00003000 08:01 141897     /usr/lib/jvm/java-6-openjdk-i386/jre/lib/i386/jli/libjli.so
b776d000-b776e000 rw-p 00004000 08:01 141897     /usr/lib/jvm/java-6-openjdk-i386/jre/lib/i386/jli/libjli.so
b776e000-b776f000 rw-p 00000000 00:00 0 
b776f000-b7786000 r-xp 00000000 08:01 1718828    /lib/i386-linux-gnu/libpthread-2.15.so
b7786000-b7787000 r--p 00016000 08:01 1718828    /lib/i386-linux-gnu/libpthread-2.15.so
b7787000-b7788000 rw-p 00017000 08:01 1718828    /lib/i386-linux-gnu/libpthread-2.15.so
b7788000-b778a000 rw-p 00000000 00:00 0 
b778a000-b7792000 rw-s 00000000 08:01 1455643    /tmp/hsperfdata_root/12039
b7792000-b7793000 rw-p 00000000 00:00 0 
b7793000-b7794000 r--p 00000000 00:00 0 
b7794000-b779f000 r-xp 00000000 08:01 3546558    /usr/lib/jvm/java-6-openjdk-i386/jre/lib/i386/libverify.so
b779f000-b77a0000 ---p 0000b000 08:01 3546558    /usr/lib/jvm/java-6-openjdk-i386/jre/lib/i386/libverify.so
b77a0000-b77a1000 r--p 0000b000 08:01 3546558    /usr/lib/jvm/java-6-openjdk-i386/jre/lib/i386/libverify.so
b77a1000-b77a2000 rw-p 0000c000 08:01 3546558    /usr/lib/jvm/java-6-openjdk-i386/jre/lib/i386/libverify.so
b77a2000-b77a4000 rw-p 00000000 00:00 0 
b77a4000-b77a5000 r-xp 00000000 00:00 0          [vdso]
b77a5000-b77c5000 r-xp 00000000 08:01 1703996    /lib/i386-linux-gnu/ld-2.15.so
b77c5000-b77c6000 r--p 0001f000 08:01 1703996    /lib/i386-linux-gnu/ld-2.15.so
b77c6000-b77c7000 rw-p 00020000 08:01 1703996    /lib/i386-linux-gnu/ld-2.15.so
bfc6c000-bfc8b000 rwxp 00000000 00:00 0          [stack]
bfc8b000-bfc8d000 rw-p 00000000 00:00 0 

VM Arguments:
jvm_args: -Dfile.encoding=UTF-8 
java_command: test.TestGrande
Launcher Type: SUN_STANDARD

Environment Variables:
PATH=/usr/local/sbin:/usr/local/bin:/usr/sbin:/usr/bin:/sbin:/bin
USERNAME=root
LD_LIBRARY_PATH=/usr/lib/jvm/java-6-openjdk-i386/jre/lib/i386/server:/usr/lib/jvm/java-6-openjdk-i386/jre/lib/i386:/usr/lib/jvm/java-6-openjdk-i386/jre/../lib/i386:/usr/lib/jvm/java-6-openjdk-i386/jre/lib/i386/client:/usr/lib/jvm/java-6-openjdk-i386/jre/lib/i386:
SHELL=/bin/bash
DISPLAY=:0.0

Signal Handlers:
SIGSEGV: [libjvm.so+0x66a190], sa_mask[0]=0x7ffbfeff, sa_flags=0x10000004
SIGBUS: [libjvm.so+0x66a190], sa_mask[0]=0x7ffbfeff, sa_flags=0x10000004
SIGFPE: [libjvm.so+0x52e0f0], sa_mask[0]=0x7ffbfeff, sa_flags=0x10000004
SIGPIPE: [libjvm.so+0x52e0f0], sa_mask[0]=0x7ffbfeff, sa_flags=0x10000004
SIGXFSZ: [libjvm.so+0x52e0f0], sa_mask[0]=0x7ffbfeff, sa_flags=0x10000004
SIGILL: [libjvm.so+0x52e0f0], sa_mask[0]=0x7ffbfeff, sa_flags=0x10000004
SIGUSR1: SIG_DFL, sa_mask[0]=0x00000000, sa_flags=0x00000000
SIGUSR2: [libjvm.so+0x52df80], sa_mask[0]=0x00000004, sa_flags=0x10000004
SIGHUP: [libjvm.so+0x531020], sa_mask[0]=0x7ffbfeff, sa_flags=0x10000004
SIGINT: [libjvm.so+0x531020], sa_mask[0]=0x7ffbfeff, sa_flags=0x10000004
SIGTERM: [libjvm.so+0x531020], sa_mask[0]=0x7ffbfeff, sa_flags=0x10000004
SIGQUIT: [libjvm.so+0x531020], sa_mask[0]=0x7ffbfeff, sa_flags=0x10000004


---------------  S Y S T E M  ---------------

OS:Ubuntu 12.04 (precise)
uname:Linux 3.2.0-24-generic-pae #37-Ubuntu SMP Wed Apr 25 10:47:59 UTC 2012 i686
libc:glibc 2.15 NPTL 2.15 
rlimit: STACK 8192k, CORE 0k, NPROC 28829, NOFILE 4096, AS infinity
load average:1.52 1.32 1.27

/proc/meminfo:
MemTotal:        3704708 kB
MemFree:          724804 kB
Buffers:          292236 kB
Cached:          1430676 kB
SwapCached:            0 kB
Active:          1643840 kB
Inactive:        1027856 kB
Active(anon):     904700 kB
Inactive(anon):    56160 kB
Active(file):     739140 kB
Inactive(file):   971696 kB
Unevictable:          96 kB
Mlocked:              96 kB
HighTotal:       2866712 kB
HighFree:         313028 kB
LowTotal:         837996 kB
LowFree:          411776 kB
SwapTotal:       3778556 kB
SwapFree:        3778556 kB
Dirty:               600 kB
Writeback:             0 kB
AnonPages:        948916 kB
Mapped:           235280 kB
Shmem:             12048 kB
Slab:             108156 kB
SReclaimable:      89736 kB
SUnreclaim:        18420 kB
KernelStack:        3624 kB
PageTables:        10876 kB
NFS_Unstable:          0 kB
Bounce:                0 kB
WritebackTmp:          0 kB
CommitLimit:     5630908 kB
Committed_AS:    3096704 kB
VmallocTotal:     122880 kB
VmallocUsed:       34208 kB
VmallocChunk:      85188 kB
HardwareCorrupted:     0 kB
AnonHugePages:         0 kB
HugePages_Total:       0
HugePages_Free:        0
HugePages_Rsvd:        0
HugePages_Surp:        0
Hugepagesize:       2048 kB
DirectMap4k:        8184 kB
DirectMap2M:      905216 kB


CPU:total 2 (2 cores per cpu, 1 threads per core) family 20 model 1 stepping 0, cmov, cx8, fxsr, mmx, sse, sse2, sse3, ssse3, popcnt, mmxext, lzcnt, sse4a

Memory: 4k page, physical 3704708k(724804k free), swap 3778556k(3778556k free)

vm_info: OpenJDK Server VM (20.0-b12) for linux-x86 JRE (1.6.0_24-b24), built on Apr 13 2012 01:06:51 by "buildd" with gcc 4.6.3

time: Thu May  3 08:45:42 2012
elapsed time: 9 seconds

