#
# A fatal error has been detected by the Java Runtime Environment:
#
#  SIGSEGV (0xb) at pc=0xb37404bb, pid=4063, tid=3061881712
#
# JRE version: 6.0_23-b23
# Java VM: OpenJDK Server VM (20.0-b11 mixed mode linux-x86 )
# Derivative: IcedTea6 1.11pre
# Distribution: Ubuntu 11.10, package 6b23~pre11-0ubuntu1.11.10.2
# Problematic frame:
# j  java.security.AccessController.getInheritedAccessControlContext()Ljava/security/AccessControlContext;+0
#
# If you would like to submit a bug report, please include
# instructions how to reproduce the bug and visit:
#   https://bugs.launchpad.net/ubuntu/+source/openjdk-6/
#

---------------  T H R E A D  ---------------

Current thread (0x08a6b800):  JavaThread "main" [_thread_in_Java, id=4066, stack(0xb67b9000,0xb680a000)]

siginfo:si_signo=SIGSEGV: si_errno=0, si_code=2 (SEGV_ACCERR), si_addr=0xb67b9ffc

Registers:
EAX=0x00000000, EBX=0x72d03ed0, ECX=0x000041d1, EDX=0x72d04328
ESP=0xb67bcffc, EBP=0xb67bd01c, ESI=0x72d03ed0, EDI=0xb67bd028
EIP=0xb37404bb, EFLAGS=0x00210283, CR2=0xb67b9ffc

Top of Stack: (sp=0xb67bcffc)
0xb67bcffc:   b67bcffc 00000000 b67bd028 72d04328
0xb67bd00c:   00000000 72d03ed0 00000000 b67bd02c
0xb67bd01c:   b67bd04c b3739047 00000000 00000000
0xb67bd02c:   b67bd02c 72c9ddd7 b67bd078 72d044f0
0xb67bd03c:   00000000 72c9dfd0 b67bd02c b67bd078
0xb67bd04c:   b67bd09c b3739047 00000000 00000000
0xb67bd05c:   00000000 00000000 00000000 00000000
0xb67bd06c:   00000000 00000000 00000000 a2da7cb0 

Instructions: (pc=0xb37404bb)
0xb374049b:   00 00 01 ff 43 14 8b 43 34 83 c1 08 83 e0 f8 89
0xb37404ab:   4b 30 03 c8 3b 0d 50 60 1b b7 0f 83 4f 04 00 00
0xb37404bb:   89 84 24 00 d0 ff ff 8b c4 c1 e8 0c 8b 04 85 40
0xb37404cb:   55 1c b7 c6 80 75 01 00 00 00 80 3d a0 4c 1b b7 

Register to memory mapping:

EAX=0x00000000 is an unknown value
EBX=0x72d03ed0 is an oop
{method} 
 - klass: {other class}
ECX=0x000041d1 is an unknown value
EDX=0x72d04328 is an oop
{constant pool cache} 
 - klass: {other class}
ESP=0xb67bcffc is pointing into the stack for thread: 0x08a6b800
EBP=0xb67bd01c is pointing into the stack for thread: 0x08a6b800
ESI=0x72d03ed0 is an oop
{method} 
 - klass: {other class}
EDI=0xb67bd028 is pointing into the stack for thread: 0x08a6b800


Stack: [0xb67b9000,0xb680a000],  sp=0xb67bcffc,  free space=15k
Native frames: (J=compiled Java code, j=interpreted, Vv=VM code, C=native code)
j  java.security.AccessController.getInheritedAccessControlContext()Ljava/security/AccessControlContext;+0
j  java.security.AccessControlContext.optimize()Ljava/security/AccessControlContext;+15
j  java.security.AccessController.getContext()Ljava/security/AccessControlContext;+19
j  java.lang.Thread.init(Ljava/lang/ThreadGroup;Ljava/lang/Runnable;Ljava/lang/String;J)V+135
j  java.lang.Thread.<init>()V+65
j  control.LauncherWrapper.<init>()V+1
j  launchers.KinectSkeletonLauncher.<init>()V+1
j  kinectThreads.KinectEnhacedSkeletonLauncher.<init>(I)V+1
j  launchers.KinectSkeletonLauncher.setUserId(I)V+11
j  launchers.KinectSkeletonLauncher.<init>()V+6
j  kinectThreads.KinectEnhacedSkeletonLauncher.<init>(I)V+1
j  launchers.KinectSkeletonLauncher.setUserId(I)V+11
j  launchers.KinectSkeletonLauncher.<init>()V+6
j  kinectThreads.KinectEnhacedSkeletonLauncher.<init>(I)V+1
j  launchers.KinectSkeletonLauncher.setUserId(I)V+11
j  launchers.KinectSkeletonLauncher.<init>()V+6
j  kinectThreads.KinectEnhacedSkeletonLauncher.<init>(I)V+1
j  launchers.KinectSkeletonLauncher.setUserId(I)V+11
j  launchers.KinectSkeletonLauncher.<init>()V+6
j  kinectThreads.KinectEnhacedSkeletonLauncher.<init>(I)V+1
j  launchers.KinectSkeletonLauncher.setUserId(I)V+11
j  launchers.KinectSkeletonLauncher.<init>()V+6
j  kinectThreads.KinectEnhacedSkeletonLauncher.<init>(I)V+1
j  launchers.KinectSkeletonLauncher.setUserId(I)V+11
j  launchers.KinectSkeletonLauncher.<init>()V+6
j  kinectThreads.KinectEnhacedSkeletonLauncher.<init>(I)V+1
j  launchers.KinectSkeletonLauncher.setUserId(I)V+11
j  launchers.KinectSkeletonLauncher.<init>()V+6
j  kinectThreads.KinectEnhacedSkeletonLauncher.<init>(I)V+1
j  launchers.KinectSkeletonLauncher.setUserId(I)V+11
j  launchers.KinectSkeletonLauncher.<init>()V+6
j  kinectThreads.KinectEnhacedSkeletonLauncher.<init>(I)V+1
j  launchers.KinectSkeletonLauncher.setUserId(I)V+11
j  launchers.KinectSkeletonLauncher.<init>()V+6
j  kinectThreads.KinectEnhacedSkeletonLauncher.<init>(I)V+1
j  launchers.KinectSkeletonLauncher.setUserId(I)V+11
j  launchers.KinectSkeletonLauncher.<init>()V+6
j  kinectThreads.KinectEnhacedSkeletonLauncher.<init>(I)V+1
j  launchers.KinectSkeletonLauncher.setUserId(I)V+11
j  launchers.KinectSkeletonLauncher.<init>()V+6
j  kinectThreads.KinectEnhacedSkeletonLauncher.<init>(I)V+1
j  launchers.KinectSkeletonLauncher.setUserId(I)V+11
j  launchers.KinectSkeletonLauncher.<init>()V+6
j  kinectThreads.KinectEnhacedSkeletonLauncher.<init>(I)V+1
j  launchers.KinectSkeletonLauncher.setUserId(I)V+11
j  launchers.KinectSkeletonLauncher.<init>()V+6
j  kinectThreads.KinectEnhacedSkeletonLauncher.<init>(I)V+1
j  launchers.KinectSkeletonLauncher.setUserId(I)V+11
j  launchers.KinectSkeletonLauncher.<init>()V+6
j  kinectThreads.KinectEnhacedSkeletonLauncher.<init>(I)V+1
j  launchers.KinectSkeletonLauncher.setUserId(I)V+11
j  launchers.KinectSkeletonLauncher.<init>()V+6
j  kinectThreads.KinectEnhacedSkeletonLauncher.<init>(I)V+1
j  launchers.KinectSkeletonLauncher.setUserId(I)V+11
j  launchers.KinectSkeletonLauncher.<init>()V+6
j  kinectThreads.KinectEnhacedSkeletonLauncher.<init>(I)V+1
j  launchers.KinectSkeletonLauncher.setUserId(I)V+11
j  launchers.KinectSkeletonLauncher.<init>()V+6
j  kinectThreads.KinectEnhacedSkeletonLauncher.<init>(I)V+1
j  launchers.KinectSkeletonLauncher.setUserId(I)V+11
j  launchers.KinectSkeletonLauncher.<init>()V+6
j  kinectThreads.KinectEnhacedSkeletonLauncher.<init>(I)V+1
j  launchers.KinectSkeletonLauncher.setUserId(I)V+11
j  launchers.KinectSkeletonLauncher.<init>()V+6
j  kinectThreads.KinectEnhacedSkeletonLauncher.<init>(I)V+1
j  launchers.KinectSkeletonLauncher.setUserId(I)V+11
j  launchers.KinectSkeletonLauncher.<init>()V+6
j  kinectThreads.KinectEnhacedSkeletonLauncher.<init>(I)V+1
j  launchers.KinectSkeletonLauncher.setUserId(I)V+11
j  launchers.KinectSkeletonLauncher.<init>()V+6
j  kinectThreads.KinectEnhacedSkeletonLauncher.<init>(I)V+1
j  launchers.KinectSkeletonLauncher.setUserId(I)V+11
j  launchers.KinectSkeletonLauncher.<init>()V+6
j  kinectThreads.KinectEnhacedSkeletonLauncher.<init>(I)V+1
j  launchers.KinectSkeletonLauncher.setUserId(I)V+11
j  launchers.KinectSkeletonLauncher.<init>()V+6
j  kinectThreads.KinectEnhacedSkeletonLauncher.<init>(I)V+1
j  launchers.KinectSkeletonLauncher.setUserId(I)V+11
j  launchers.KinectSkeletonLauncher.<init>()V+6
j  kinectThreads.KinectEnhacedSkeletonLauncher.<init>(I)V+1
j  launchers.KinectSkeletonLauncher.setUserId(I)V+11
j  launchers.KinectSkeletonLauncher.<init>()V+6
j  kinectThreads.KinectEnhacedSkeletonLauncher.<init>(I)V+1
j  launchers.KinectSkeletonLauncher.setUserId(I)V+11
j  launchers.KinectSkeletonLauncher.<init>()V+6
j  kinectThreads.KinectEnhacedSkeletonLauncher.<init>(I)V+1
j  launchers.KinectSkeletonLauncher.setUserId(I)V+11
j  launchers.KinectSkeletonLauncher.<init>()V+6
j  kinectThreads.KinectEnhacedSkeletonLauncher.<init>(I)V+1
j  launchers.KinectSkeletonLauncher.setUserId(I)V+11
j  launchers.KinectSkeletonLauncher.<init>()V+6
j  kinectThreads.KinectEnhacedSkeletonLauncher.<init>(I)V+1
j  launchers.KinectSkeletonLauncher.setUserId(I)V+11
j  launchers.KinectSkeletonLauncher.<init>()V+6
j  kinectThreads.KinectEnhacedSkeletonLauncher.<init>(I)V+1
j  launchers.KinectSkeletonLauncher.setUserId(I)V+11
j  launchers.KinectSkeletonLauncher.<init>()V+6
j  kinectThreads.KinectEnhacedSkeletonLauncher.<init>(I)V+1
j  launchers.KinectSkeletonLauncher.setUserId(I)V+11
j  launchers.KinectSkeletonLauncher.<init>()V+6
...<more frames>...


---------------  P R O C E S S  ---------------

Java Threads: ( => current thread )
  0x0db50400 JavaThread "AWT-XAWT" daemon [_thread_in_native, id=4098, stack(0x62f19000,0x62f6a000)]
  0x0db0c000 JavaThread "Java2D Disposer" daemon [_thread_blocked, id=4097, stack(0x63037000,0x63088000)]
  0x08b22c00 JavaThread "Thread-1" [_thread_in_native, id=4090, stack(0x64587000,0x645d8000)]
  0x08b0f400 JavaThread "Low Memory Detector" daemon [_thread_blocked, id=4077, stack(0x71ffe000,0x7204f000)]
  0x08b0bc00 JavaThread "C2 CompilerThread1" daemon [_thread_in_native, id=4076, stack(0x7204f000,0x720d0000)]
  0x08b09c00 JavaThread "C2 CompilerThread0" daemon [_thread_blocked, id=4075, stack(0x720d0000,0x72151000)]
  0x08b08400 JavaThread "Signal Dispatcher" daemon [_thread_blocked, id=4074, stack(0x72151000,0x721a2000)]
  0x08af5800 JavaThread "Finalizer" daemon [_thread_blocked, id=4073, stack(0x72514000,0x72565000)]
  0x08af4000 JavaThread "Reference Handler" daemon [_thread_blocked, id=4072, stack(0x72565000,0x725b6000)]
=>0x08a6b800 JavaThread "main" [_thread_in_Java, id=4066, stack(0xb67b9000,0xb680a000)]

Other Threads:
  0x08af0400 VMThread [stack: 0x725b6000,0x72637000] [id=4071]
  0x08b11000 WatcherThread [stack: 0x71f7d000,0x71ffe000] [id=4078]

VM state:not at safepoint (normal execution)

VM Mutex/Monitor currently owned by a thread: None

Heap
 PSYoungGen      total 184512K, used 123791K [0xa0870000, 0xb3670000, 0xb3670000)
  eden space 99968K, 39% used [0xa0870000,0xa2ec6bd8,0xa6a10000)
  from space 84544K, 99% used [0xacb40000,0xb1dcd250,0xb1dd0000)
  to   space 99520K, 0% used [0xa6a10000,0xa6a10000,0xacb40000)
 PSOldGen        total 139648K, used 68279K [0x7ac70000, 0x834d0000, 0xa0870000)
  object space 139648K, 48% used [0x7ac70000,0x7ef1de88,0x834d0000)
 PSPermGen       total 16384K, used 8594K [0x72c70000, 0x73c70000, 0x7ac70000)
  object space 16384K, 52% used [0x72c70000,0x734d4a30,0x73c70000)

Code Cache  [0xb3736000, 0xb3976000, 0xb6736000)
 total_blobs=419 nmethods=109 adapters=264 free_code_cache=49791232 largest_free_block=11200

Dynamic libraries:
08048000-08051000 r-xp 00000000 08:01 3029976    /usr/lib/jvm/java-6-openjdk/jre/bin/java
08051000-08052000 r--p 00008000 08:01 3029976    /usr/lib/jvm/java-6-openjdk/jre/bin/java
08052000-08053000 rw-p 00009000 08:01 3029976    /usr/lib/jvm/java-6-openjdk/jre/bin/java
08a64000-0dd1e000 rw-p 00000000 00:00 0          [heap]
62d8d000-62e56000 r-xp 00000000 08:01 2624184    /usr/lib/fglrx/libGL.so.1.2
62e56000-62e62000 rwxp 000c8000 08:01 2624184    /usr/lib/fglrx/libGL.so.1.2
62e62000-62e77000 rwxp 00000000 00:00 0 
62e77000-62e7a000 ---p 00000000 00:00 0 
62e7a000-62ec8000 rwxp 00000000 00:00 0 
62ec8000-62ecb000 ---p 00000000 00:00 0 
62ecb000-62f19000 rwxp 00000000 00:00 0 
62f19000-62f1c000 ---p 00000000 00:00 0 
62f1c000-62f6a000 rwxp 00000000 00:00 0 
62f6a000-62f6b000 r--s 00000000 08:01 2627543    /var/cache/fontconfig/c05880de57d1f5e948fdfacc138775d9-le32d4.cache-3
62f6b000-62f71000 r--s 00000000 08:01 2627540    /var/cache/fontconfig/945677eb7aeaf62f1d50efc3fb3ec7d8-le32d4.cache-3
62f71000-62f73000 r--s 00000000 08:01 2627541    /var/cache/fontconfig/99e8ed0e538f840c565b6ed5dad60d56-le32d4.cache-3
62f73000-62f76000 r--s 00000000 08:01 2627551    /var/cache/fontconfig/e383d7ea5fbe662a33d9b44caf393297-le32d4.cache-3
62f76000-62f79000 r--s 00000000 08:01 2627528    /var/cache/fontconfig/2cd17615ca594fa2959ae173292e504c-le32d4.cache-3
62f79000-62f7a000 r--s 00000000 08:01 2627552    /var/cache/fontconfig/e7071f4a29fa870f4323321c154eba04-le32d4.cache-3
62f7a000-62f7e000 r--s 00000000 08:01 2627537    /var/cache/fontconfig/6eb3985aa4124903f6ff08ba781cd364-le32d4.cache-3
62f7e000-62f7f000 r--s 00000000 08:01 2627532    /var/cache/fontconfig/4c73fe0c47614734b17d736dbde7580a-le32d4.cache-3
62f7f000-62f80000 r--s 00000000 08:01 2627525    /var/cache/fontconfig/0d8c3b2ac0904cb8a57a757ad11a4a08-le32d4.cache-3
62f80000-62f81000 r--s 00000000 08:01 2627535    /var/cache/fontconfig/6a53c69dea097a2d716e069445527da8-le32d4.cache-3
62f81000-62f85000 r--s 00000000 08:01 2627542    /var/cache/fontconfig/a755afe4a08bf5b97852ceb7400b47bc-le32d4.cache-3
62f85000-62f89000 r--s 00000000 08:01 2633494    /var/cache/fontconfig/515ca1ebc4b18308bea979be5704f9db-le32d4.cache-3
62f89000-62f90000 r--s 00000000 08:01 2622661    /var/cache/fontconfig/6d41288fd70b0be22e8c3a91e032eec0-le32d4.cache-3
62f90000-62f9b000 r--s 00000000 08:01 2627526    /var/cache/fontconfig/0f34bcd4b6ee430af32735b75db7f02b-le32d4.cache-3
62fa3000-62fc4000 r-xp 00000000 08:01 2887828    /usr/lib/jvm/java-6-openjdk/jre/lib/i386/libj3dcore-ogl.so
62fc4000-62fc5000 rw-p 00021000 08:01 2887828    /usr/lib/jvm/java-6-openjdk/jre/lib/i386/libj3dcore-ogl.so
62fc5000-62fc6000 r--s 00000000 08:01 2627543    /var/cache/fontconfig/c05880de57d1f5e948fdfacc138775d9-le32d4.cache-3
62fc6000-62fcc000 r--s 00000000 08:01 2627540    /var/cache/fontconfig/945677eb7aeaf62f1d50efc3fb3ec7d8-le32d4.cache-3
62fcc000-62fce000 r--s 00000000 08:01 2627541    /var/cache/fontconfig/99e8ed0e538f840c565b6ed5dad60d56-le32d4.cache-3
62fce000-62fd1000 r--s 00000000 08:01 2627551    /var/cache/fontconfig/e383d7ea5fbe662a33d9b44caf393297-le32d4.cache-3
62fd1000-62fd4000 r--s 00000000 08:01 2627528    /var/cache/fontconfig/2cd17615ca594fa2959ae173292e504c-le32d4.cache-3
62fd4000-62fd8000 r--s 00000000 08:01 2627537    /var/cache/fontconfig/6eb3985aa4124903f6ff08ba781cd364-le32d4.cache-3
62fe0000-62fed000 r--s 00000000 08:01 2627547    /var/cache/fontconfig/d52a8644073d54c13679302ca1180695-le32d4.cache-3
63003000-63007000 r-xp 00000000 08:01 2495616    /usr/lib/i386-linux-gnu/libXfixes.so.3.1.0
63007000-63008000 r--p 00003000 08:01 2495616    /usr/lib/i386-linux-gnu/libXfixes.so.3.1.0
63008000-63009000 rw-p 00004000 08:01 2495616    /usr/lib/i386-linux-gnu/libXfixes.so.3.1.0
63009000-63012000 r-xp 00000000 08:01 2495608    /usr/lib/i386-linux-gnu/libXcursor.so.1.0.2
63012000-63013000 r--p 00008000 08:01 2495608    /usr/lib/i386-linux-gnu/libXcursor.so.1.0.2
63013000-63014000 rw-p 00009000 08:01 2495608    /usr/lib/i386-linux-gnu/libXcursor.so.1.0.2
63026000-63027000 r-xp 00000000 08:01 2886121    /usr/lib/jvm/java-6-openjdk/jre/lib/i386/libjawt.so
63027000-63028000 r--p 00000000 08:01 2886121    /usr/lib/jvm/java-6-openjdk/jre/lib/i386/libjawt.so
63028000-63029000 rw-p 00001000 08:01 2886121    /usr/lib/jvm/java-6-openjdk/jre/lib/i386/libjawt.so
63029000-6302c000 r--s 00000000 08:01 2627548    /var/cache/fontconfig/d60319d88cac85ba9e1a07bd06cfbb8c-le32d4.cache-3
6302c000-63032000 r--s 00000000 08:01 2633493    /var/cache/fontconfig/153bb866d4d26e7cd19eee2129f8d8d2-le32d4.cache-3
63032000-63034000 r--s 00000000 08:01 2622659    /var/cache/fontconfig/e13b20fdb08344e0e664864cc2ede53d-le32d4.cache-3
63034000-63037000 r--s 00000000 08:01 2633498    /var/cache/fontconfig/7ef2298fde41cc6eeb7af42e48b7d293-le32d4.cache-3
63037000-6303a000 ---p 00000000 00:00 0 
6303a000-63088000 rwxp 00000000 00:00 0 
63088000-6311a000 r-xp 00000000 08:01 2492008    /usr/lib/i386-linux-gnu/libfreetype.so.6.6.2
6311a000-6311e000 r--p 00091000 08:01 2492008    /usr/lib/i386-linux-gnu/libfreetype.so.6.6.2
6311e000-6311f000 rw-p 00095000 08:01 2492008    /usr/lib/i386-linux-gnu/libfreetype.so.6.6.2
6311f000-63159000 r-xp 00000000 08:01 2886111    /usr/lib/jvm/java-6-openjdk/jre/lib/i386/libfontmanager.so
63159000-6315a000 r--p 00039000 08:01 2886111    /usr/lib/jvm/java-6-openjdk/jre/lib/i386/libfontmanager.so
6315a000-6315b000 rw-p 0003a000 08:01 2886111    /usr/lib/jvm/java-6-openjdk/jre/lib/i386/libfontmanager.so
6315b000-63178000 r-xp 00000000 08:01 2495900    /usr/lib/i386-linux-gnu/libxcb.so.1.1.0
63178000-63179000 r--p 0001c000 08:01 2495900    /usr/lib/i386-linux-gnu/libxcb.so.1.1.0
63179000-6317a000 rw-p 0001d000 08:01 2495900    /usr/lib/i386-linux-gnu/libxcb.so.1.1.0
6317a000-632ab000 r-xp 00000000 08:01 2495602    /usr/lib/i386-linux-gnu/libX11.so.6.3.0
632ab000-632ac000 ---p 00131000 08:01 2495602    /usr/lib/i386-linux-gnu/libX11.so.6.3.0
632ac000-632ad000 r--p 00131000 08:01 2495602    /usr/lib/i386-linux-gnu/libX11.so.6.3.0
632ad000-632af000 rw-p 00132000 08:01 2495602    /usr/lib/i386-linux-gnu/libX11.so.6.3.0
632af000-632b0000 rw-p 00000000 00:00 0 
632b0000-632fc000 r-xp 00000000 08:01 3542024    /usr/lib/jvm/java-6-openjdk/jre/lib/i386/xawt/libmawt.so
632fc000-632fd000 r--p 0004b000 08:01 3542024    /usr/lib/jvm/java-6-openjdk/jre/lib/i386/xawt/libmawt.so
632fd000-632ff000 rw-p 0004c000 08:01 3542024    /usr/lib/jvm/java-6-openjdk/jre/lib/i386/xawt/libmawt.so
632ff000-63300000 rw-p 00000000 00:00 0 
63300000-633e2000 rw-p 00000000 00:00 0 
633e2000-63400000 ---p 00000000 00:00 0 
63401000-63402000 r--s 00000000 08:01 2627532    /var/cache/fontconfig/4c73fe0c47614734b17d736dbde7580a-le32d4.cache-3
63402000-63403000 r--s 00000000 08:01 2627525    /var/cache/fontconfig/0d8c3b2ac0904cb8a57a757ad11a4a08-le32d4.cache-3
63403000-63404000 r--s 00000000 08:01 2627535    /var/cache/fontconfig/6a53c69dea097a2d716e069445527da8-le32d4.cache-3
63404000-63408000 r--s 00000000 08:01 2627542    /var/cache/fontconfig/a755afe4a08bf5b97852ceb7400b47bc-le32d4.cache-3
63408000-6340c000 r--s 00000000 08:01 2633494    /var/cache/fontconfig/515ca1ebc4b18308bea979be5704f9db-le32d4.cache-3
6340c000-63413000 r--s 00000000 08:01 2622661    /var/cache/fontconfig/6d41288fd70b0be22e8c3a91e032eec0-le32d4.cache-3
63413000-6341e000 r--s 00000000 08:01 2627526    /var/cache/fontconfig/0f34bcd4b6ee430af32735b75db7f02b-le32d4.cache-3
6341e000-6342c000 r-xp 00000000 08:01 2495620    /usr/lib/i386-linux-gnu/libXi.so.6.1.0
6342c000-6342d000 r--p 0000d000 08:01 2495620    /usr/lib/i386-linux-gnu/libXi.so.6.1.0
6342d000-6342e000 rw-p 0000e000 08:01 2495620    /usr/lib/i386-linux-gnu/libXi.so.6.1.0
6342e000-6343f000 r-xp 00000000 08:01 2495614    /usr/lib/i386-linux-gnu/libXext.so.6.4.0
6343f000-63440000 r--p 00010000 08:01 2495614    /usr/lib/i386-linux-gnu/libXext.so.6.4.0
63440000-63441000 rw-p 00011000 08:01 2495614    /usr/lib/i386-linux-gnu/libXext.so.6.4.0
63441000-634d4000 r-xp 00000000 08:01 2886106    /usr/lib/jvm/java-6-openjdk/jre/lib/i386/libawt.so
634d4000-634d5000 r--p 00092000 08:01 2886106    /usr/lib/jvm/java-6-openjdk/jre/lib/i386/libawt.so
634d5000-634dc000 rw-p 00093000 08:01 2886106    /usr/lib/jvm/java-6-openjdk/jre/lib/i386/libawt.so
634dc000-63500000 rw-p 00000000 00:00 0 
63500000-635fc000 rw-p 00000000 00:00 0 
635fc000-63600000 ---p 00000000 00:00 0 
63601000-63604000 r--s 00000000 08:01 2627548    /var/cache/fontconfig/d60319d88cac85ba9e1a07bd06cfbb8c-le32d4.cache-3
63604000-63609000 r-xp 00000000 08:01 2495612    /usr/lib/i386-linux-gnu/libXdmcp.so.6.0.0
63609000-6360a000 r--p 00004000 08:01 2495612    /usr/lib/i386-linux-gnu/libXdmcp.so.6.0.0
6360a000-6360b000 rw-p 00005000 08:01 2495612    /usr/lib/i386-linux-gnu/libXdmcp.so.6.0.0
6360b000-63610000 r-xp 00000000 08:01 2493164    /usr/lib/libXtst.so.6.1.0
63610000-63611000 r--p 00004000 08:01 2493164    /usr/lib/libXtst.so.6.1.0
63611000-63612000 rw-p 00005000 08:01 2493164    /usr/lib/libXtst.so.6.1.0
63612000-6361f000 r--s 00000000 08:01 2627547    /var/cache/fontconfig/d52a8644073d54c13679302ca1180695-le32d4.cache-3
6361f000-63625000 r--s 00000000 08:01 2633493    /var/cache/fontconfig/153bb866d4d26e7cd19eee2129f8d8d2-le32d4.cache-3
63625000-63627000 r--s 00000000 08:01 2622659    /var/cache/fontconfig/e13b20fdb08344e0e664864cc2ede53d-le32d4.cache-3
63627000-64200000 rw-p 00000000 00:00 0 
64200000-642fd000 rw-p 00000000 00:00 0 
642fd000-64300000 ---p 00000000 00:00 0 
64300000-64301000 r--p 00000000 00:00 0 
64301000-64303000 r-xp 00000000 08:01 2495604    /usr/lib/i386-linux-gnu/libXau.so.6.0.0
64303000-64304000 r--p 00001000 08:01 2495604    /usr/lib/i386-linux-gnu/libXau.so.6.0.0
64304000-64305000 rw-p 00002000 08:01 2495604    /usr/lib/i386-linux-gnu/libXau.so.6.0.0
64305000-64587000 rw-p 00000000 00:00 0 
64587000-6458a000 ---p 00000000 00:00 0 
6458a000-645d8000 rwxp 00000000 00:00 0 
645d8000-666ce000 r--s 00000000 00:12 57783      /run/shm/4080_045e.02ae@1.6_Image
666ce000-66b91000 rw-p 00000000 00:00 0 
66b91000-66b92000 r--s 00000000 08:01 2625030    /var/cache/fontconfig/4794a0821666d79190d59a36cb4f44b5-le32d4.cache-3
66b92000-6e882000 rw-p 00000000 00:00 0 
6e882000-6ec06000 r--s 00000000 00:12 57105      /run/shm/4080_045e.02ae@1.6_Depth
6ec06000-6ec9d000 rw-p 00000000 00:00 0 
6ec9d000-6ec9e000 ---p 00000000 00:00 0 
6ec9e000-6f49e000 rwxp 00000000 00:00 0 
6f49e000-6fcc2000 rw-p 00000000 00:00 0 
6fcc2000-70046000 r--s 00000000 00:12 57105      /run/shm/4080_045e.02ae@1.6_Depth
70046000-700dd000 rw-p 00000000 00:00 0 
700dd000-700de000 ---p 00000000 00:00 0 
700de000-708de000 rwxp 00000000 00:00 0 
708de000-70cdf000 rw-p 00000000 00:00 0 
70cdf000-70d6b000 r-xp 00000000 08:01 2504881    /usr/lib/libXnDeviceSensorV2KM.so
70d6b000-70d74000 r--p 0008b000 08:01 2504881    /usr/lib/libXnDeviceSensorV2KM.so
70d74000-70d75000 rw-p 00094000 08:01 2504881    /usr/lib/libXnDeviceSensorV2KM.so
70d75000-70da1000 r-xp 00000000 08:01 2504355    /usr/lib/libXnDeviceFile.so
70da1000-70da2000 ---p 0002c000 08:01 2504355    /usr/lib/libXnDeviceFile.so
70da2000-70da3000 r--p 0002c000 08:01 2504355    /usr/lib/libXnDeviceFile.so
70da3000-70da4000 rw-p 0002d000 08:01 2504355    /usr/lib/libXnDeviceFile.so
70da4000-70df6000 r-xp 00000000 08:01 2504354    /usr/lib/libXnDDK.so
70df6000-70df7000 ---p 00052000 08:01 2504354    /usr/lib/libXnDDK.so
70df7000-70df9000 r--p 00052000 08:01 2504354    /usr/lib/libXnDDK.so
70df9000-70dfa000 rw-p 00054000 08:01 2504354    /usr/lib/libXnDDK.so
70dfa000-70e1d000 r-xp 00000000 08:01 2504357    /usr/lib/libXnFormats.so
70e1d000-70e1e000 r--p 00022000 08:01 2504357    /usr/lib/libXnFormats.so
70e1e000-70e1f000 rw-p 00023000 08:01 2504357    /usr/lib/libXnFormats.so
70e1f000-70e3f000 rw-p 00000000 00:00 0 
70e3f000-70e42000 r-xp 00000000 08:01 2504353    /usr/lib/libXnCore.so
70e42000-70e43000 r--p 00002000 08:01 2504353    /usr/lib/libXnCore.so
70e43000-70e44000 rw-p 00003000 08:01 2504353    /usr/lib/libXnCore.so
70e44000-70edd000 r-xp 00000000 08:01 2504356    /usr/lib/libXnDeviceSensorV2.so
70edd000-70ee6000 r--p 00098000 08:01 2504356    /usr/lib/libXnDeviceSensorV2.so
70ee6000-70ee7000 rw-p 000a1000 08:01 2504356    /usr/lib/libXnDeviceSensorV2.so
70ee7000-70fca000 r-xp 00000000 08:01 2504285    /usr/lib/libXnVHandGenerator_1_5_2.so
70fca000-70fcd000 r--p 000e3000 08:01 2504285    /usr/lib/libXnVHandGenerator_1_5_2.so
70fcd000-70fce000 rw-p 000e6000 08:01 2504285    /usr/lib/libXnVHandGenerator_1_5_2.so
70fce000-70fda000 rw-p 00000000 00:00 0 
70fda000-710af000 r-xp 00000000 08:01 2504282    /usr/lib/libXnVHandGenerator_1_4_2.so
710af000-710b0000 ---p 000d5000 08:01 2504282    /usr/lib/libXnVHandGenerator_1_4_2.so
710b0000-710b2000 r--p 000d5000 08:01 2504282    /usr/lib/libXnVHandGenerator_1_4_2.so
710b2000-710b3000 rw-p 000d7000 08:01 2504282    /usr/lib/libXnVHandGenerator_1_4_2.so
710b3000-710b5000 rw-p 00000000 00:00 0 
710b5000-71189000 r-xp 00000000 08:01 2504279    /usr/lib/libXnVHandGenerator_1_4_1.so
71189000-7118a000 ---p 000d4000 08:01 2504279    /usr/lib/libXnVHandGenerator_1_4_1.so
7118a000-7118c000 r--p 000d4000 08:01 2504279    /usr/lib/libXnVHandGenerator_1_4_1.so
7118c000-7118d000 rw-p 000d6000 08:01 2504279    /usr/lib/libXnVHandGenerator_1_4_1.so
7118d000-7118f000 rw-p 00000000 00:00 0 
7118f000-7126d000 r-xp 00000000 08:01 2504275    /usr/lib/libXnVHandGenerator_1_3_1.so
7126d000-71270000 r--p 000dd000 08:01 2504275    /usr/lib/libXnVHandGenerator_1_3_1.so
71270000-71271000 rw-p 000e0000 08:01 2504275    /usr/lib/libXnVHandGenerator_1_3_1.so
71271000-71273000 rw-p 00000000 00:00 0 
71273000-71674000 r-xp 00000000 08:01 2504268    /usr/lib/libXnVFeatures_1_5_2.so
71674000-71675000 ---p 00401000 08:01 2504268    /usr/lib/libXnVFeatures_1_5_2.so
71675000-7167d000 r--p 00401000 08:01 2504268    /usr/lib/libXnVFeatures_1_5_2.so
7167d000-7167e000 rw-p 00409000 08:01 2504268    /usr/lib/libXnVFeatures_1_5_2.so
7167e000-71692000 rw-p 00000000 00:00 0 
71692000-71879000 r-xp 00000000 08:01 2504257    /usr/lib/libXnVFeatures_1_4_2.so
71879000-7187c000 r--p 001e6000 08:01 2504257    /usr/lib/libXnVFeatures_1_4_2.so
7187c000-7187d000 rw-p 001e9000 08:01 2504257    /usr/lib/libXnVFeatures_1_4_2.so
7187d000-71882000 rw-p 00000000 00:00 0 
71882000-71a69000 r-xp 00000000 08:01 2504252    /usr/lib/libXnVFeatures_1_4_1.so
71a69000-71a6c000 r--p 001e6000 08:01 2504252    /usr/lib/libXnVFeatures_1_4_1.so
71a6c000-71a6d000 rw-p 001e9000 08:01 2504252    /usr/lib/libXnVFeatures_1_4_1.so
71a6d000-71a72000 rw-p 00000000 00:00 0 
71a72000-71c90000 r-xp 00000000 08:01 2504247    /usr/lib/libXnVFeatures_1_3_1.so
71c90000-71c91000 ---p 0021e000 08:01 2504247    /usr/lib/libXnVFeatures_1_3_1.so
71c91000-71c94000 r--p 0021e000 08:01 2504247    /usr/lib/libXnVFeatures_1_3_1.so
71c94000-71c95000 rw-p 00221000 08:01 2504247    /usr/lib/libXnVFeatures_1_3_1.so
71c95000-71c9a000 rw-p 00000000 00:00 0 
71c9a000-71cbd000 r-xp 00000000 08:01 2503957    /usr/lib/libnimRecorder.so
71cbd000-71cbe000 r--p 00023000 08:01 2503957    /usr/lib/libnimRecorder.so
71cbe000-71cbf000 rw-p 00024000 08:01 2503957    /usr/lib/libnimRecorder.so
71cbf000-71cf3000 r-xp 00000000 08:01 2503954    /usr/lib/libnimCodecs.so
71cf3000-71cf4000 ---p 00034000 08:01 2503954    /usr/lib/libnimCodecs.so
71cf4000-71cf6000 r--p 00034000 08:01 2503954    /usr/lib/libnimCodecs.so
71cf6000-71cf7000 rw-p 00036000 08:01 2503954    /usr/lib/libnimCodecs.so
71cf7000-71d17000 rw-p 00000000 00:00 0 
71d17000-71d48000 r-xp 00000000 08:01 2503956    /usr/lib/libnimMockNodes.so
71d48000-71d4e000 r--p 00031000 08:01 2503956    /usr/lib/libnimMockNodes.so
71d4e000-71d4f000 rw-p 00037000 08:01 2503956    /usr/lib/libnimMockNodes.so
71d4f000-71d5c000 r-xp 00000000 08:01 1704944    /lib/i386-linux-gnu/libusb-1.0.so.0.0.0
71d5c000-71d5d000 r--p 0000c000 08:01 1704944    /lib/i386-linux-gnu/libusb-1.0.so.0.0.0
71d5d000-71d5e000 rw-p 0000d000 08:01 1704944    /lib/i386-linux-gnu/libusb-1.0.so.0.0.0
71d5e000-71ddb000 r-xp 00000000 08:01 2503960    /usr/lib/libOpenNI.so
71ddb000-71ddd000 r--p 0007c000 08:01 2503960    /usr/lib/libOpenNI.so
71ddd000-71ddf000 rw-p 0007e000 08:01 2503960    /usr/lib/libOpenNI.so
71ddf000-71dfd000 r-xp 00000000 08:01 2503959    /usr/lib/libOpenNI.jni.so
71dfd000-71dfe000 r--p 0001d000 08:01 2503959    /usr/lib/libOpenNI.jni.so
71dfe000-71e00000 rw-p 0001e000 08:01 2503959    /usr/lib/libOpenNI.jni.so
71e00000-71efc000 rw-p 00000000 00:00 0 
71efc000-71f00000 ---p 00000000 00:00 0 
71f00000-71f01000 r--s 00000000 08:01 2627552    /var/cache/fontconfig/e7071f4a29fa870f4323321c154eba04-le32d4.cache-3
71f01000-71f06000 r-xp 00000000 08:01 2513317    /usr/lib/libusbpp-0.1.so.4.4.4
71f06000-71f07000 r--p 00004000 08:01 2513317    /usr/lib/libusbpp-0.1.so.4.4.4
71f07000-71f08000 rw-p 00005000 08:01 2513317    /usr/lib/libusbpp-0.1.so.4.4.4
71f08000-71f0f000 r-xp 00000000 08:01 1704036    /lib/libusb-0.1.so.4.4.4
71f0f000-71f10000 r--p 00006000 08:01 1704036    /lib/libusb-0.1.so.4.4.4
71f10000-71f11000 rw-p 00007000 08:01 1704036    /lib/libusb-0.1.so.4.4.4
71f11000-71f12000 rw-p 00000000 00:00 0 
71f12000-71f15000 r--s 00000000 08:01 2633498    /var/cache/fontconfig/7ef2298fde41cc6eeb7af42e48b7d293-le32d4.cache-3
71f15000-71f1e000 r-xp 00000000 08:01 2495626    /usr/lib/i386-linux-gnu/libXrender.so.1.3.0
71f1e000-71f1f000 r--p 00008000 08:01 2495626    /usr/lib/i386-linux-gnu/libXrender.so.1.3.0
71f1f000-71f20000 rw-p 00009000 08:01 2495626    /usr/lib/i386-linux-gnu/libXrender.so.1.3.0
71f20000-71f27000 r--s 000fb000 08:01 2896159    /usr/lib/jvm/java-6-openjdk/jre/lib/resources.jar
71f27000-71f2f000 r-xp 00000000 08:01 269300     /usr/lib/libusbJava.so.0.2.4
71f2f000-71f30000 rw-p 00007000 08:01 269300     /usr/lib/libusbJava.so.0.2.4
71f30000-71f4e000 r--s 0024d000 08:01 272520     /home/norut/workspace/CommModule3.0/lib/KinectLibrary.jar
71f4e000-71f50000 r--s 0004c000 08:01 270165     /home/norut/workspace/CommModule3.0/lib/vecmath.jar
71f50000-71f54000 r--s 0001b000 08:01 270164     /home/norut/workspace/CommModule3.0/lib/org.OpenNI.jar
71f54000-71f62000 r--s 00193000 08:01 270161     /home/norut/workspace/CommModule3.0/lib/j3dutils.jar
71f62000-71f6e000 r--s 002c7000 08:01 270151     /home/norut/workspace/CommModule3.0/lib/j3dcore.jar
71f6e000-71f72000 r--s 000fc000 08:01 268885     /home/norut/workspace/CommModule3.0/lib/NoninLibrary.jar
71f72000-71f75000 r--s 00012000 08:01 268892     /home/norut/workspace/CommModule3.0/lib/IRGlanceLibrary.jar
71f75000-71f7d000 r--s 00066000 08:01 2895241    /usr/share/java/gnome-java-bridge.jar
71f7d000-71f7e000 ---p 00000000 00:00 0 
71f7e000-7204f000 rwxp 00000000 00:00 0 
7204f000-72050000 ---p 00000000 00:00 0 
72050000-720d0000 rwxp 00000000 00:00 0 
720d0000-720d1000 ---p 00000000 00:00 0 
720d1000-721a2000 rwxp 00000000 00:00 0 
721a2000-721a3000 r--p 006a5000 08:01 2497487    /usr/lib/locale/locale-archive
721a3000-722d4000 r--p 0043d000 08:01 2497487    /usr/lib/locale/locale-archive
722d4000-72314000 r--p 002bd000 08:01 2497487    /usr/lib/locale/locale-archive
72314000-72514000 r--p 00000000 08:01 2497487    /usr/lib/locale/locale-archive
72514000-725b6000 rwxp 00000000 00:00 0 
725b6000-725b7000 ---p 00000000 00:00 0 
725b7000-72637000 rwxp 00000000 00:00 0 
72637000-7266a000 rw-p 00000000 00:00 0 
7266a000-727fa000 r--s 037ba000 08:01 2886099    /usr/lib/jvm/java-6-openjdk/jre/lib/rt.jar
727fa000-727fb000 ---p 00000000 00:00 0 
727fb000-7287b000 rwxp 00000000 00:00 0 
7287b000-7287c000 ---p 00000000 00:00 0 
7287c000-728fc000 rwxp 00000000 00:00 0 
728fc000-72904000 rw-p 00000000 00:00 0 
72904000-7293c000 rw-p 00000000 00:00 0 
7293c000-72981000 rw-p 00000000 00:00 0 
72981000-72a6a000 rw-p 00000000 00:00 0 
72a6a000-72a72000 rw-p 00000000 00:00 0 
72a72000-72aaa000 rw-p 00000000 00:00 0 
72aaa000-72aef000 rw-p 00000000 00:00 0 
72aef000-72bd8000 rw-p 00000000 00:00 0 
72bd8000-72c6f000 rw-p 00000000 00:00 0 
72c6f000-73c70000 rw-p 00000000 00:00 0 
73c70000-7ac70000 rw-p 00000000 00:00 0 
7ac70000-834d0000 rw-p 00000000 00:00 0 
834d0000-a0870000 rw-p 00000000 00:00 0 
a0870000-b3670000 rw-p 00000000 00:00 0 
b3670000-b3671000 r--s 00000000 08:01 2625030    /var/cache/fontconfig/4794a0821666d79190d59a36cb4f44b5-le32d4.cache-3
b3671000-b3676000 r--s 0009b000 08:01 268849     /home/norut/workspace/CommModule3.0/lib/WiiboardSimple2.0.jar
b3676000-b367f000 rw-p 00000000 00:00 0 
b367f000-b3736000 rw-p 00000000 00:00 0 
b3736000-b3976000 rwxp 00000000 00:00 0 
b3976000-b6736000 rw-p 00000000 00:00 0 
b6736000-b6741000 r-xp 00000000 08:01 1713725    /lib/i386-linux-gnu/libnss_files-2.13.so
b6741000-b6742000 r--p 0000a000 08:01 1713725    /lib/i386-linux-gnu/libnss_files-2.13.so
b6742000-b6743000 rw-p 0000b000 08:01 1713725    /lib/i386-linux-gnu/libnss_files-2.13.so
b6743000-b674d000 r-xp 00000000 08:01 1713727    /lib/i386-linux-gnu/libnss_nis-2.13.so
b674d000-b674e000 r--p 00009000 08:01 1713727    /lib/i386-linux-gnu/libnss_nis-2.13.so
b674e000-b674f000 rw-p 0000a000 08:01 1713727    /lib/i386-linux-gnu/libnss_nis-2.13.so
b674f000-b6764000 r-xp 00000000 08:01 1713722    /lib/i386-linux-gnu/libnsl-2.13.so
b6764000-b6765000 r--p 00015000 08:01 1713722    /lib/i386-linux-gnu/libnsl-2.13.so
b6765000-b6766000 rw-p 00016000 08:01 1713722    /lib/i386-linux-gnu/libnsl-2.13.so
b6766000-b6768000 rw-p 00000000 00:00 0 
b6768000-b6770000 r-xp 00000000 08:01 1713723    /lib/i386-linux-gnu/libnss_compat-2.13.so
b6770000-b6771000 r--p 00007000 08:01 1713723    /lib/i386-linux-gnu/libnss_compat-2.13.so
b6771000-b6772000 rw-p 00008000 08:01 1713723    /lib/i386-linux-gnu/libnss_compat-2.13.so
b6772000-b6773000 rw-s 00000000 00:12 57112      /run/shm/045e.02ae@1.6-SM (deleted)
b6773000-b6776000 r--s 00011000 08:01 269114     /home/norut/workspace/CommModule3.0/lib/wii-gee-plugin-wiimote-android_fat.jar
b6776000-b677d000 r-xp 00000000 08:01 2896164    /usr/lib/jvm/java-6-openjdk/jre/lib/i386/libzip.so
b677d000-b677e000 r--p 00006000 08:01 2896164    /usr/lib/jvm/java-6-openjdk/jre/lib/i386/libzip.so
b677e000-b677f000 rw-p 00007000 08:01 2896164    /usr/lib/jvm/java-6-openjdk/jre/lib/i386/libzip.so
b677f000-b6787000 rw-s 00000000 08:01 1582241    /tmp/hsperfdata_root/4063
b6787000-b67ad000 r-xp 00000000 08:01 2886119    /usr/lib/jvm/java-6-openjdk/jre/lib/i386/libjava.so
b67ad000-b67ae000 r--p 00025000 08:01 2886119    /usr/lib/jvm/java-6-openjdk/jre/lib/i386/libjava.so
b67ae000-b67b0000 rw-p 00026000 08:01 2886119    /usr/lib/jvm/java-6-openjdk/jre/lib/i386/libjava.so
b67b0000-b67b7000 r-xp 00000000 08:01 1713732    /lib/i386-linux-gnu/librt-2.13.so
b67b7000-b67b8000 r--p 00006000 08:01 1713732    /lib/i386-linux-gnu/librt-2.13.so
b67b8000-b67b9000 rw-p 00007000 08:01 1713732    /lib/i386-linux-gnu/librt-2.13.so
b67b9000-b67ba000 rw-p 00000000 00:00 0 
b67ba000-b680a000 rwxp 00000000 00:00 0 
b680a000-b6826000 r-xp 00000000 08:01 1704890    /lib/i386-linux-gnu/libgcc_s.so.1
b6826000-b6827000 r--p 0001b000 08:01 1704890    /lib/i386-linux-gnu/libgcc_s.so.1
b6827000-b6828000 rw-p 0001c000 08:01 1704890    /lib/i386-linux-gnu/libgcc_s.so.1
b6828000-b6850000 r-xp 00000000 08:01 1713720    /lib/i386-linux-gnu/libm-2.13.so
b6850000-b6851000 r--p 00028000 08:01 1713720    /lib/i386-linux-gnu/libm-2.13.so
b6851000-b6852000 rw-p 00029000 08:01 1713720    /lib/i386-linux-gnu/libm-2.13.so
b6852000-b6930000 r-xp 00000000 08:01 2495867    /usr/lib/i386-linux-gnu/libstdc++.so.6.0.16
b6930000-b6931000 ---p 000de000 08:01 2495867    /usr/lib/i386-linux-gnu/libstdc++.so.6.0.16
b6931000-b6935000 r--p 000de000 08:01 2495867    /usr/lib/i386-linux-gnu/libstdc++.so.6.0.16
b6935000-b6936000 rw-p 000e2000 08:01 2495867    /usr/lib/i386-linux-gnu/libstdc++.so.6.0.16
b6936000-b693d000 rw-p 00000000 00:00 0 
b693d000-b715b000 r-xp 00000000 08:01 3028099    /usr/lib/jvm/java-6-openjdk/jre/lib/i386/server/libjvm.so
b715b000-b71a0000 r--p 0081e000 08:01 3028099    /usr/lib/jvm/java-6-openjdk/jre/lib/i386/server/libjvm.so
b71a0000-b71af000 rw-p 00863000 08:01 3028099    /usr/lib/jvm/java-6-openjdk/jre/lib/i386/server/libjvm.so
b71af000-b75cb000 rw-p 00000000 00:00 0 
b75cb000-b75de000 r-xp 00000000 08:01 1704952    /lib/i386-linux-gnu/libz.so.1.2.3.4
b75de000-b75df000 r--p 00012000 08:01 1704952    /lib/i386-linux-gnu/libz.so.1.2.3.4
b75df000-b75e0000 rw-p 00013000 08:01 1704952    /lib/i386-linux-gnu/libz.so.1.2.3.4
b75e0000-b7758000 r-xp 00000000 08:01 1713716    /lib/i386-linux-gnu/libc-2.13.so
b7758000-b775a000 r--p 00178000 08:01 1713716    /lib/i386-linux-gnu/libc-2.13.so
b775a000-b775b000 rw-p 0017a000 08:01 1713716    /lib/i386-linux-gnu/libc-2.13.so
b775b000-b775e000 rw-p 00000000 00:00 0 
b775e000-b7761000 r-xp 00000000 08:01 1713719    /lib/i386-linux-gnu/libdl-2.13.so
b7761000-b7762000 r--p 00002000 08:01 1713719    /lib/i386-linux-gnu/libdl-2.13.so
b7762000-b7763000 rw-p 00003000 08:01 1713719    /lib/i386-linux-gnu/libdl-2.13.so
b7763000-b7767000 r-xp 00000000 08:01 2886103    /usr/lib/jvm/java-6-openjdk/jre/lib/i386/jli/libjli.so
b7767000-b7768000 r--p 00003000 08:01 2886103    /usr/lib/jvm/java-6-openjdk/jre/lib/i386/jli/libjli.so
b7768000-b7769000 rw-p 00004000 08:01 2886103    /usr/lib/jvm/java-6-openjdk/jre/lib/i386/jli/libjli.so
b7769000-b776a000 rw-p 00000000 00:00 0 
b776a000-b7781000 r-xp 00000000 08:01 1713730    /lib/i386-linux-gnu/libpthread-2.13.so
b7781000-b7782000 r--p 00016000 08:01 1713730    /lib/i386-linux-gnu/libpthread-2.13.so
b7782000-b7783000 rw-p 00017000 08:01 1713730    /lib/i386-linux-gnu/libpthread-2.13.so
b7783000-b7785000 rw-p 00000000 00:00 0 
b7785000-b7788000 r--s 0007d000 08:01 2896155    /usr/lib/jvm/java-6-openjdk/jre/lib/jsse.jar
b7788000-b778a000 r--s 0000f000 08:01 2896143    /usr/lib/jvm/java-6-openjdk/jre/lib/ext/pulse-java.jar
b778a000-b778b000 rw-p 00000000 00:00 0 
b778b000-b778c000 r--p 00000000 00:00 0 
b778c000-b7797000 r-xp 00000000 08:01 2886139    /usr/lib/jvm/java-6-openjdk/jre/lib/i386/libverify.so
b7797000-b7798000 ---p 0000b000 08:01 2886139    /usr/lib/jvm/java-6-openjdk/jre/lib/i386/libverify.so
b7798000-b7799000 r--p 0000b000 08:01 2886139    /usr/lib/jvm/java-6-openjdk/jre/lib/i386/libverify.so
b7799000-b779a000 rw-p 0000c000 08:01 2886139    /usr/lib/jvm/java-6-openjdk/jre/lib/i386/libverify.so
b779a000-b779c000 rw-p 00000000 00:00 0 
b779c000-b779d000 r-xp 00000000 00:00 0          [vdso]
b779d000-b77bb000 r-xp 00000000 08:01 1713713    /lib/i386-linux-gnu/ld-2.13.so
b77bb000-b77bc000 r--p 0001d000 08:01 1713713    /lib/i386-linux-gnu/ld-2.13.so
b77bc000-b77bd000 rw-p 0001e000 08:01 1713713    /lib/i386-linux-gnu/ld-2.13.so
bfd5a000-bfd79000 rwxp 00000000 00:00 0          [stack]
bfd79000-bfd7b000 rw-p 00000000 00:00 0 

VM Arguments:
jvm_args: -Dfile.encoding=UTF-8 
java_command: test.TestGrande
Launcher Type: SUN_STANDARD

Environment Variables:
PATH=/usr/local/sbin:/usr/local/bin:/usr/sbin:/usr/bin:/sbin:/bin:/usr/X11R6/bin
USERNAME=root
LD_LIBRARY_PATH=/usr/lib/jvm/java-6-openjdk/jre/lib/i386/server:/usr/lib/jvm/java-6-openjdk/jre/lib/i386:/usr/lib/jvm/java-6-openjdk/jre/../lib/i386:/usr/lib/jvm/java-6-openjdk/jre/lib/i386/client:/usr/lib/jvm/java-6-openjdk/jre/lib/i386:
SHELL=/bin/bash
DISPLAY=:0.0

Signal Handlers:
SIGSEGV: [libjvm.so+0x66a530], sa_mask[0]=0x7ffbfeff, sa_flags=0x10000004
SIGBUS: [libjvm.so+0x66a530], sa_mask[0]=0x7ffbfeff, sa_flags=0x10000004
SIGFPE: [libjvm.so+0x52e2c0], sa_mask[0]=0x7ffbfeff, sa_flags=0x10000004
SIGPIPE: [libjvm.so+0x52e2c0], sa_mask[0]=0x7ffbfeff, sa_flags=0x10000004
SIGXFSZ: [libjvm.so+0x52e2c0], sa_mask[0]=0x7ffbfeff, sa_flags=0x10000004
SIGILL: [libjvm.so+0x52e2c0], sa_mask[0]=0x7ffbfeff, sa_flags=0x10000004
SIGUSR1: SIG_DFL, sa_mask[0]=0x00000000, sa_flags=0x00000000
SIGUSR2: [libjvm.so+0x52e150], sa_mask[0]=0x00000004, sa_flags=0x10000004
SIGHUP: [libjvm.so+0x5311f0], sa_mask[0]=0x7ffbfeff, sa_flags=0x10000004
SIGINT: [libjvm.so+0x5311f0], sa_mask[0]=0x7ffbfeff, sa_flags=0x10000004
SIGTERM: [libjvm.so+0x5311f0], sa_mask[0]=0x7ffbfeff, sa_flags=0x10000004
SIGQUIT: [libjvm.so+0x5311f0], sa_mask[0]=0x7ffbfeff, sa_flags=0x10000004


---------------  S Y S T E M  ---------------

OS:Ubuntu 11.10 (oneiric)
uname:Linux 3.0.0-17-generic-pae #30-Ubuntu SMP Thu Mar 8 17:53:35 UTC 2012 i686
libc:glibc 2.13 NPTL 2.13 
rlimit: STACK 8192k, CORE 0k, NPROC 28837, NOFILE 4096, AS infinity
load average:1.30 0.55 0.30

/proc/meminfo:
MemTotal:        3705196 kB
MemFree:          764676 kB
Buffers:          339024 kB
Cached:          1045516 kB
SwapCached:            0 kB
Active:          1903024 kB
Inactive:         789552 kB
Active(anon):    1309080 kB
Inactive(anon):    11156 kB
Active(file):     593944 kB
Inactive(file):   778396 kB
Unevictable:          60 kB
Mlocked:              60 kB
HighTotal:       2866716 kB
HighFree:         381880 kB
LowTotal:         838480 kB
LowFree:          382796 kB
SwapTotal:       3778556 kB
SwapFree:        3778556 kB
Dirty:               280 kB
Writeback:             0 kB
AnonPages:       1308096 kB
Mapped:           214100 kB
Shmem:             12204 kB
Slab:              80692 kB
SReclaimable:      65596 kB
SUnreclaim:        15096 kB
KernelStack:        3368 kB
PageTables:        10244 kB
NFS_Unstable:          0 kB
Bounce:                0 kB
WritebackTmp:          0 kB
CommitLimit:     5631152 kB
Committed_AS:    3098280 kB
VmallocTotal:     122880 kB
VmallocUsed:       45968 kB
VmallocChunk:      73112 kB
HardwareCorrupted:     0 kB
AnonHugePages:         0 kB
HugePages_Total:       0
HugePages_Free:        0
HugePages_Rsvd:        0
HugePages_Surp:        0
Hugepagesize:       2048 kB
DirectMap4k:       10232 kB
DirectMap2M:      903168 kB


CPU:total 2 (2 cores per cpu, 1 threads per core) family 20 model 1 stepping 0, cmov, cx8, fxsr, mmx, sse, sse2, sse3, ssse3, popcnt, mmxext, lzcnt, sse4a

Memory: 4k page, physical 3705196k(764772k free), swap 3778556k(3778556k free)

vm_info: OpenJDK Server VM (20.0-b11) for linux-x86 JRE (1.6.0_23-b23), built on Feb 23 2012 06:26:43 by "buildd" with gcc 4.6.1

time: Tue Apr 17 09:29:29 2012
elapsed time: 23 seconds

