#
# A fatal error has been detected by the Java Runtime Environment:
#
#  SIGSEGV (0xb) at pc=0xb75f5268, pid=12439, tid=1603312496
#
# JRE version: 6.0_23-b23
# Java VM: OpenJDK Server VM (20.0-b11 mixed mode linux-x86 )
# Derivative: IcedTea6 1.11pre
# Distribution: Ubuntu 11.10, package 6b23~pre11-0ubuntu1.11.10.2
# Problematic frame:
# C  [libc.so.6+0x70268]  _IO_str_pbackfail+0x1588
#
# If you would like to submit a bug report, please include
# instructions how to reproduce the bug and visit:
#   https://bugs.launchpad.net/ubuntu/+source/openjdk-6/
# The crash happened outside the Java Virtual Machine in native code.
# See problematic frame for where to report the bug.
#

---------------  T H R E A D  ---------------

Current thread (0x726d9800):  JavaThread "Thread-1" [_thread_in_native, id=12465, stack(0x5f8b9000,0x5f90a000)]

siginfo:si_signo=SIGSEGV: si_errno=0, si_code=1 (SEGV_MAPERR), si_addr=0xbc20952c

Registers:
EAX=0x5e1094e8, EBX=0xb76feff4, ECX=0x5e100010, EDX=0x5e11c258
ESP=0x5f90843c, EBP=0x5e1094e8, ESI=0x5e100040, EDI=0xbc209528
EIP=0xb75f5268, EFLAGS=0x00210246, CR2=0xbc20952c

Top of Stack: (sp=0x5f90843c)
0x5f90843c:   7fffffff 80000000 80000000 b75f60ee
0x5f90844c:   5e11c258 0000061c 5e100040 5e100018
0x5f90845c:   00000003 5e10003c b76bfcf5 b76feff4
0x5f90846c:   5e100010 5e100010 00000fa0 b75f620c
0x5f90847c:   5f38e000 0000b000 00000003 00000008
0x5f90848c:   00000002 00000020 00000002 5f300000
0x5f90849c:   b76feff4 00001320 00000fff 00000fa8
0x5f9084ac:   5e100040 0008e000 00002700 00000fa0 

Instructions: (pc=0xb75f5268)
0xb75f5248:   85 c0 0f 84 b8 00 00 00 8b 74 24 10 8b 46 04 8b
0xb75f5258:   56 08 89 c5 83 e5 fa a8 01 8d 3c 2e 89 54 24 10
0xb75f5268:   8b 57 04 89 54 24 14 75 3c 8b 06 29 c6 01 c5 8b
0xb75f5278:   46 08 8b 56 0c 3b 70 0c 0f 85 c4 00 00 00 3b 72 

Register to memory mapping:

EAX=0x5e1094e8 is an unknown value
EBX=0xb76feff4: <offset 0x179ff4> in /lib/i386-linux-gnu/libc.so.6 at 0xb7585000
ECX=0x5e100010 is an unknown value
EDX=0x5e11c258 is an unknown value
ESP=0x5f90843c is pointing into the stack for thread: 0x726d9800
EBP=0x5e1094e8 is an unknown value
ESI=0x5e100040 is an unknown value
EDI=0xbc209528 is an unknown value


Stack: [0x5f8b9000,0x5f90a000],  sp=0x5f90843c,  free space=317k
Native frames: (J=compiled Java code, j=interpreted, Vv=VM code, C=native code)
C  [libc.so.6+0x70268]  _IO_str_pbackfail+0x1588

Java frames: (J=compiled Java code, j=interpreted, Vv=VM code)
j  org.OpenNI.NativeMethods.xnWaitAnyUpdateAll(J)I+0
j  org.OpenNI.Context.waitAnyUpdateAll()V+4
j  KinectPackage.KinectManager.run()V+12
j  java.lang.Thread.run()V+11
v  ~StubRoutines::call_stub

---------------  P R O C E S S  ---------------

Java Threads: ( => current thread )
  0x5e11e000 JavaThread "Thread-42" [_thread_in_native, id=12515, stack(0x5e0af000,0x5e100000)]
  0x5e101000 JavaThread "Thread-41" [_thread_in_native, id=12514, stack(0x5dc92000,0x5dce3000)]
  0x5e11c800 JavaThread "Thread-40" [_thread_in_native, id=12513, stack(0x5dbf0000,0x5dc41000)]
  0x09d46000 JavaThread "Thread-39" [_thread_in_native, id=12512, stack(0x5dc41000,0x5dc92000)]
  0x09d4dc00 JavaThread "Thread-38" [_thread_in_native, id=12511, stack(0x5db4e000,0x5db9f000)]
  0x09d43c00 JavaThread "Thread-37" [_thread_in_native, id=12510, stack(0x5dafd000,0x5db4e000)]
  0x09d43800 JavaThread "Thread-36" [_thread_in_vm, id=12509, stack(0x5db9f000,0x5dbf0000)]
  0x094a1800 JavaThread "DestroyJavaVM" [_thread_blocked, id=12441, stack(0xb675e000,0xb67af000)]
=>0x726d9800 JavaThread "Thread-1" [_thread_in_native, id=12465, stack(0x5f8b9000,0x5f90a000)]
  0x09545000 JavaThread "Low Memory Detector" daemon [_thread_blocked, id=12453, stack(0x71e85000,0x71ed6000)]
  0x09541c00 JavaThread "C2 CompilerThread1" daemon [_thread_blocked, id=12452, stack(0x71ed6000,0x71f57000)]
  0x0953fc00 JavaThread "C2 CompilerThread0" daemon [_thread_blocked, id=12451, stack(0x71f57000,0x71fd8000)]
  0x0953e400 JavaThread "Signal Dispatcher" daemon [_thread_blocked, id=12450, stack(0x71fd8000,0x72029000)]
  0x0952b800 JavaThread "Finalizer" daemon [_thread_blocked, id=12449, stack(0x7239b000,0x723ec000)]
  0x0952a000 JavaThread "Reference Handler" daemon [_thread_blocked, id=12448, stack(0x723ec000,0x7243d000)]

Other Threads:
  0x09526000 VMThread [stack: 0x72719000,0x7279a000] [id=12447]
  0x09547000 WatcherThread [stack: 0x71e04000,0x71e85000] [id=12454]

VM state:not at safepoint (normal execution)

VM Mutex/Monitor currently owned by a thread: None

Heap
 PSYoungGen      total 16896K, used 6105K [0xa0810000, 0xa2910000, 0xb3610000)
  eden space 14528K, 37% used [0xa0810000,0xa0d6eee0,0xa1640000)
  from space 2368K, 25% used [0xa1640000,0xa16d7608,0xa1890000)
  to   space 2368K, 0% used [0xa26c0000,0xa26c0000,0xa2910000)
 PSOldGen        total 38656K, used 0K [0x7ac10000, 0x7d1d0000, 0xa0810000)
  object space 38656K, 0% used [0x7ac10000,0x7ac10000,0x7d1d0000)
 PSPermGen       total 16384K, used 4288K [0x72c10000, 0x73c10000, 0x7ac10000)
  object space 16384K, 26% used [0x72c10000,0x73040338,0x73c10000)

Code Cache  [0xb36dc000, 0xb391c000, 0xb66dc000)
 total_blobs=207 nmethods=75 adapters=87 free_code_cache=49878656 largest_free_block=6208

Dynamic libraries:
08048000-08051000 r-xp 00000000 08:01 3029976    /usr/lib/jvm/java-6-openjdk/jre/bin/java
08051000-08052000 r--p 00008000 08:01 3029976    /usr/lib/jvm/java-6-openjdk/jre/bin/java
08052000-08053000 rw-p 00009000 08:01 3029976    /usr/lib/jvm/java-6-openjdk/jre/bin/java
0949a000-09d7f000 rw-p 00000000 00:00 0          [heap]
5dafd000-5db00000 ---p 00000000 00:00 0 
5db00000-5db4e000 rwxp 00000000 00:00 0 
5db4e000-5db51000 ---p 00000000 00:00 0 
5db51000-5db9f000 rwxp 00000000 00:00 0 
5db9f000-5dba2000 ---p 00000000 00:00 0 
5dba2000-5dbf0000 rwxp 00000000 00:00 0 
5dbf0000-5dbf3000 ---p 00000000 00:00 0 
5dbf3000-5dc41000 rwxp 00000000 00:00 0 
5dc41000-5dc44000 ---p 00000000 00:00 0 
5dc44000-5dc92000 rwxp 00000000 00:00 0 
5dc92000-5dc95000 ---p 00000000 00:00 0 
5dc95000-5dce3000 rwxp 00000000 00:00 0 
5dce3000-5dce6000 ---p 00000000 00:00 0 
5dce6000-5dd34000 rwxp 00000000 00:00 0 
5dd34000-5dd37000 ---p 00000000 00:00 0 
5dd37000-5dd85000 rwxp 00000000 00:00 0 
5dd85000-5dd88000 ---p 00000000 00:00 0 
5dd88000-5ddd6000 rwxp 00000000 00:00 0 
5ddd6000-5ddd9000 ---p 00000000 00:00 0 
5ddd9000-5de27000 rwxp 00000000 00:00 0 
5de27000-5de2a000 ---p 00000000 00:00 0 
5de2a000-5de78000 rwxp 00000000 00:00 0 
5de78000-5de7b000 ---p 00000000 00:00 0 
5de7b000-5dec9000 rwxp 00000000 00:00 0 
5dec9000-5decc000 ---p 00000000 00:00 0 
5decc000-5df1a000 rwxp 00000000 00:00 0 
5df1a000-5df1d000 ---p 00000000 00:00 0 
5df1d000-5df6b000 rwxp 00000000 00:00 0 
5df6b000-5df6e000 ---p 00000000 00:00 0 
5df6e000-5dfbc000 rwxp 00000000 00:00 0 
5dfbc000-5dfbf000 ---p 00000000 00:00 0 
5dfbf000-5e00d000 rwxp 00000000 00:00 0 
5e00d000-5e010000 ---p 00000000 00:00 0 
5e010000-5e05e000 rwxp 00000000 00:00 0 
5e05e000-5e061000 ---p 00000000 00:00 0 
5e061000-5e0af000 rwxp 00000000 00:00 0 
5e0af000-5e0b2000 ---p 00000000 00:00 0 
5e0b2000-5e100000 rwxp 00000000 00:00 0 
5e100000-5e1f3000 rw-p 00000000 00:00 0 
5e1f3000-5e200000 ---p 00000000 00:00 0 
5e22d000-5e230000 ---p 00000000 00:00 0 
5e230000-5e27e000 rwxp 00000000 00:00 0 
5e27e000-5e281000 ---p 00000000 00:00 0 
5e281000-5e2cf000 rwxp 00000000 00:00 0 
5e2cf000-5e2d2000 ---p 00000000 00:00 0 
5e2d2000-5e320000 rwxp 00000000 00:00 0 
5e320000-5e323000 ---p 00000000 00:00 0 
5e323000-5e371000 rwxp 00000000 00:00 0 
5e371000-5e374000 ---p 00000000 00:00 0 
5e374000-5e3c2000 rwxp 00000000 00:00 0 
5e3c2000-5e3c5000 ---p 00000000 00:00 0 
5e3c5000-5e413000 rwxp 00000000 00:00 0 
5e413000-5e416000 ---p 00000000 00:00 0 
5e416000-5e464000 rwxp 00000000 00:00 0 
5e464000-5e467000 ---p 00000000 00:00 0 
5e467000-5e4b5000 rwxp 00000000 00:00 0 
5e4b5000-5e4b8000 ---p 00000000 00:00 0 
5e4b8000-5e506000 rwxp 00000000 00:00 0 
5e506000-5e509000 ---p 00000000 00:00 0 
5e509000-5e557000 rwxp 00000000 00:00 0 
5e557000-5e55e000 r--s 000fb000 08:01 2896159    /usr/lib/jvm/java-6-openjdk/jre/lib/resources.jar
5e55e000-5e561000 ---p 00000000 00:00 0 
5e561000-5e5af000 rwxp 00000000 00:00 0 
5e5af000-5e5b2000 ---p 00000000 00:00 0 
5e5b2000-5e600000 rwxp 00000000 00:00 0 
5e600000-5e6bc000 rw-p 00000000 00:00 0 
5e6bc000-5e700000 ---p 00000000 00:00 0 
5e730000-5e733000 ---p 00000000 00:00 0 
5e733000-5e781000 rwxp 00000000 00:00 0 
5e781000-5e784000 ---p 00000000 00:00 0 
5e784000-5e7d2000 rwxp 00000000 00:00 0 
5e900000-5e9f9000 rw-p 00000000 00:00 0 
5e9f9000-5ea00000 ---p 00000000 00:00 0 
5ee00000-5eef1000 rw-p 00000000 00:00 0 
5eef1000-5ef00000 ---p 00000000 00:00 0 
5f24c000-5f300000 rw-p 00000000 00:00 0 
5f300000-5f399000 rw-p 00000000 00:00 0 
5f399000-5f400000 ---p 00000000 00:00 0 
5f44c000-5f500000 rw-p 00000000 00:00 0 
5f500000-5f5f6000 rw-p 00000000 00:00 0 
5f5f6000-5f600000 ---p 00000000 00:00 0 
5f65d000-5f8b9000 rw-p 00000000 00:00 0 
5f8b9000-5f8bc000 ---p 00000000 00:00 0 
5f8bc000-5f90a000 rwxp 00000000 00:00 0 
5f90a000-61a00000 r--s 00000000 00:12 143100     /run/shm/12456_045e.02ae@1.6_Image
61a00000-61afe000 rw-p 00000000 00:00 0 
61afe000-61b00000 ---p 00000000 00:00 0 
61b1e000-61c00000 rw-p 00000000 00:00 0 
61c00000-61e00000 rw-p 00000000 00:00 0 
61e00000-62000000 rw-p 00000000 00:00 0 
62000000-620ff000 rw-p 00000000 00:00 0 
620ff000-62100000 ---p 00000000 00:00 0 
62100000-62200000 rw-p 00000000 00:00 0 
62200000-623ff000 rw-p 00000000 00:00 0 
623ff000-62400000 ---p 00000000 00:00 0 
62400000-62600000 rw-p 00000000 00:00 0 
62600000-62800000 rw-p 00000000 00:00 0 
62800000-62a00000 rw-p 00000000 00:00 0 
62a00000-62c00000 rw-p 00000000 00:00 0 
62c00000-62e00000 rw-p 00000000 00:00 0 
62e00000-63000000 rw-p 00000000 00:00 0 
63000000-63200000 rw-p 00000000 00:00 0 
63200000-63400000 rw-p 00000000 00:00 0 
63400000-63600000 rw-p 00000000 00:00 0 
63600000-63800000 rw-p 00000000 00:00 0 
63800000-63a00000 rw-p 00000000 00:00 0 
63a00000-63c00000 rw-p 00000000 00:00 0 
63c00000-63e00000 rw-p 00000000 00:00 0 
63e00000-63eff000 rw-p 00000000 00:00 0 
63eff000-63f00000 ---p 00000000 00:00 0 
63f00000-63fff000 rw-p 00000000 00:00 0 
63fff000-64000000 ---p 00000000 00:00 0 
64000000-64200000 rw-p 00000000 00:00 0 
64200000-64400000 rw-p 00000000 00:00 0 
64400000-64600000 rw-p 00000000 00:00 0 
64600000-64800000 rw-p 00000000 00:00 0 
64800000-64a00000 rw-p 00000000 00:00 0 
64a00000-64c00000 rw-p 00000000 00:00 0 
64c00000-64e00000 rw-p 00000000 00:00 0 
64e00000-65000000 rw-p 00000000 00:00 0 
65000000-65200000 rw-p 00000000 00:00 0 
65200000-652ff000 rw-p 00000000 00:00 0 
652ff000-65300000 ---p 00000000 00:00 0 
65300000-65400000 rw-p 00000000 00:00 0 
65400000-65600000 rw-p 00000000 00:00 0 
65600000-65700000 rw-p 00000000 00:00 0 
65723000-6be00000 rw-p 00000000 00:00 0 
6be00000-6bf00000 rw-p 00000000 00:00 0 
6bf21000-6c500000 rw-p 00000000 00:00 0 
6c500000-6c5fc000 rw-p 00000000 00:00 0 
6c5fc000-6c600000 ---p 00000000 00:00 0 
6c62b000-6c700000 rw-p 00000000 00:00 0 
6c700000-6c800000 rw-p 00000000 00:00 0 
6c800000-6c900000 rw-p 00000000 00:00 0 
6c92b000-6ca00000 rw-p 00000000 00:00 0 
6ca00000-6cb00000 rw-p 00000000 00:00 0 
6cb00000-6cc00000 rw-p 00000000 00:00 0 
6cc2b000-6cd00000 rw-p 00000000 00:00 0 
6cd00000-6cdfa000 rw-p 00000000 00:00 0 
6cdfa000-6ce00000 ---p 00000000 00:00 0 
6ce28000-6df4c000 rw-p 00000000 00:00 0 
6df4c000-6e2d0000 r--s 00000000 00:12 143092     /run/shm/12456_045e.02ae@1.6_Depth
6e2d0000-6e367000 rw-p 00000000 00:00 0 
6e367000-6e368000 ---p 00000000 00:00 0 
6e368000-6eb68000 rwxp 00000000 00:00 0 
6eb68000-6f000000 rw-p 00000000 00:00 0 
6f000000-6f0ff000 rw-p 00000000 00:00 0 
6f0ff000-6f100000 ---p 00000000 00:00 0 
6f11d000-6f200000 rw-p 00000000 00:00 0 
6f200000-6f300000 rw-p 00000000 00:00 0 
6f31d000-6f400000 rw-p 00000000 00:00 0 
6f400000-6f4ff000 rw-p 00000000 00:00 0 
6f4ff000-6f500000 ---p 00000000 00:00 0 
6f500000-6f600000 rw-p 00000000 00:00 0 
6f61d000-6f700000 rw-p 00000000 00:00 0 
6f700000-6f900000 rw-p 00000000 00:00 0 
6f900000-6f9fe000 rw-p 00000000 00:00 0 
6f9fe000-6fa00000 ---p 00000000 00:00 0 
6fa00000-6fae3000 rw-p 00000000 00:00 0 
6fae3000-6fe67000 r--s 00000000 00:12 143092     /run/shm/12456_045e.02ae@1.6_Depth
6fe67000-6fefe000 rw-p 00000000 00:00 0 
6fefe000-6feff000 ---p 00000000 00:00 0 
6feff000-706ff000 rwxp 00000000 00:00 0 
706ff000-70b00000 rw-p 00000000 00:00 0 
70b00000-70bfd000 rw-p 00000000 00:00 0 
70bfd000-70c00000 ---p 00000000 00:00 0 
70c11000-70c83000 rw-p 00000000 00:00 0 
70c83000-70d0f000 r-xp 00000000 08:01 2504881    /usr/lib/libXnDeviceSensorV2KM.so
70d0f000-70d18000 r--p 0008b000 08:01 2504881    /usr/lib/libXnDeviceSensorV2KM.so
70d18000-70d19000 rw-p 00094000 08:01 2504881    /usr/lib/libXnDeviceSensorV2KM.so
70d19000-70d45000 r-xp 00000000 08:01 2504355    /usr/lib/libXnDeviceFile.so
70d45000-70d46000 ---p 0002c000 08:01 2504355    /usr/lib/libXnDeviceFile.so
70d46000-70d47000 r--p 0002c000 08:01 2504355    /usr/lib/libXnDeviceFile.so
70d47000-70d48000 rw-p 0002d000 08:01 2504355    /usr/lib/libXnDeviceFile.so
70d48000-70d9a000 r-xp 00000000 08:01 2504354    /usr/lib/libXnDDK.so
70d9a000-70d9b000 ---p 00052000 08:01 2504354    /usr/lib/libXnDDK.so
70d9b000-70d9d000 r--p 00052000 08:01 2504354    /usr/lib/libXnDDK.so
70d9d000-70d9e000 rw-p 00054000 08:01 2504354    /usr/lib/libXnDDK.so
70d9e000-70dc1000 r-xp 00000000 08:01 2504357    /usr/lib/libXnFormats.so
70dc1000-70dc2000 r--p 00022000 08:01 2504357    /usr/lib/libXnFormats.so
70dc2000-70dc3000 rw-p 00023000 08:01 2504357    /usr/lib/libXnFormats.so
70dc3000-70de3000 rw-p 00000000 00:00 0 
70de3000-70de6000 r-xp 00000000 08:01 2504353    /usr/lib/libXnCore.so
70de6000-70de7000 r--p 00002000 08:01 2504353    /usr/lib/libXnCore.so
70de7000-70de8000 rw-p 00003000 08:01 2504353    /usr/lib/libXnCore.so
70de8000-70e81000 r-xp 00000000 08:01 2504356    /usr/lib/libXnDeviceSensorV2.so
70e81000-70e8a000 r--p 00098000 08:01 2504356    /usr/lib/libXnDeviceSensorV2.so
70e8a000-70e8b000 rw-p 000a1000 08:01 2504356    /usr/lib/libXnDeviceSensorV2.so
70e8b000-70f6e000 r-xp 00000000 08:01 2504285    /usr/lib/libXnVHandGenerator_1_5_2.so
70f6e000-70f71000 r--p 000e3000 08:01 2504285    /usr/lib/libXnVHandGenerator_1_5_2.so
70f71000-70f72000 rw-p 000e6000 08:01 2504285    /usr/lib/libXnVHandGenerator_1_5_2.so
70f72000-70f7e000 rw-p 00000000 00:00 0 
70f7e000-71053000 r-xp 00000000 08:01 2504282    /usr/lib/libXnVHandGenerator_1_4_2.so
71053000-71054000 ---p 000d5000 08:01 2504282    /usr/lib/libXnVHandGenerator_1_4_2.so
71054000-71056000 r--p 000d5000 08:01 2504282    /usr/lib/libXnVHandGenerator_1_4_2.so
71056000-71057000 rw-p 000d7000 08:01 2504282    /usr/lib/libXnVHandGenerator_1_4_2.so
71057000-71059000 rw-p 00000000 00:00 0 
71059000-7112d000 r-xp 00000000 08:01 2504279    /usr/lib/libXnVHandGenerator_1_4_1.so
7112d000-7112e000 ---p 000d4000 08:01 2504279    /usr/lib/libXnVHandGenerator_1_4_1.so
7112e000-71130000 r--p 000d4000 08:01 2504279    /usr/lib/libXnVHandGenerator_1_4_1.so
71130000-71131000 rw-p 000d6000 08:01 2504279    /usr/lib/libXnVHandGenerator_1_4_1.so
71131000-71133000 rw-p 00000000 00:00 0 
71133000-71211000 r-xp 00000000 08:01 2504275    /usr/lib/libXnVHandGenerator_1_3_1.so
71211000-71214000 r--p 000dd000 08:01 2504275    /usr/lib/libXnVHandGenerator_1_3_1.so
71214000-71215000 rw-p 000e0000 08:01 2504275    /usr/lib/libXnVHandGenerator_1_3_1.so
71215000-71217000 rw-p 00000000 00:00 0 
71217000-71618000 r-xp 00000000 08:01 2504268    /usr/lib/libXnVFeatures_1_5_2.so
71618000-71619000 ---p 00401000 08:01 2504268    /usr/lib/libXnVFeatures_1_5_2.so
71619000-71621000 r--p 00401000 08:01 2504268    /usr/lib/libXnVFeatures_1_5_2.so
71621000-71622000 rw-p 00409000 08:01 2504268    /usr/lib/libXnVFeatures_1_5_2.so
71622000-71636000 rw-p 00000000 00:00 0 
71636000-7181d000 r-xp 00000000 08:01 2504257    /usr/lib/libXnVFeatures_1_4_2.so
7181d000-71820000 r--p 001e6000 08:01 2504257    /usr/lib/libXnVFeatures_1_4_2.so
71820000-71821000 rw-p 001e9000 08:01 2504257    /usr/lib/libXnVFeatures_1_4_2.so
71821000-71826000 rw-p 00000000 00:00 0 
71826000-71a0d000 r-xp 00000000 08:01 2504252    /usr/lib/libXnVFeatures_1_4_1.so
71a0d000-71a10000 r--p 001e6000 08:01 2504252    /usr/lib/libXnVFeatures_1_4_1.so
71a10000-71a11000 rw-p 001e9000 08:01 2504252    /usr/lib/libXnVFeatures_1_4_1.so
71a11000-71a16000 rw-p 00000000 00:00 0 
71a16000-71c34000 r-xp 00000000 08:01 2504247    /usr/lib/libXnVFeatures_1_3_1.so
71c34000-71c35000 ---p 0021e000 08:01 2504247    /usr/lib/libXnVFeatures_1_3_1.so
71c35000-71c38000 r--p 0021e000 08:01 2504247    /usr/lib/libXnVFeatures_1_3_1.so
71c38000-71c39000 rw-p 00221000 08:01 2504247    /usr/lib/libXnVFeatures_1_3_1.so
71c39000-71c3e000 rw-p 00000000 00:00 0 
71c3e000-71c61000 r-xp 00000000 08:01 2503957    /usr/lib/libnimRecorder.so
71c61000-71c62000 r--p 00023000 08:01 2503957    /usr/lib/libnimRecorder.so
71c62000-71c63000 rw-p 00024000 08:01 2503957    /usr/lib/libnimRecorder.so
71c63000-71c97000 r-xp 00000000 08:01 2503954    /usr/lib/libnimCodecs.so
71c97000-71c98000 ---p 00034000 08:01 2503954    /usr/lib/libnimCodecs.so
71c98000-71c9a000 r--p 00034000 08:01 2503954    /usr/lib/libnimCodecs.so
71c9a000-71c9b000 rw-p 00036000 08:01 2503954    /usr/lib/libnimCodecs.so
71c9b000-71cbb000 rw-p 00000000 00:00 0 
71cbb000-71cec000 r-xp 00000000 08:01 2503956    /usr/lib/libnimMockNodes.so
71cec000-71cf2000 r--p 00031000 08:01 2503956    /usr/lib/libnimMockNodes.so
71cf2000-71cf3000 rw-p 00037000 08:01 2503956    /usr/lib/libnimMockNodes.so
71cf3000-71d00000 r-xp 00000000 08:01 1704944    /lib/i386-linux-gnu/libusb-1.0.so.0.0.0
71d00000-71d01000 r--p 0000c000 08:01 1704944    /lib/i386-linux-gnu/libusb-1.0.so.0.0.0
71d01000-71d02000 rw-p 0000d000 08:01 1704944    /lib/i386-linux-gnu/libusb-1.0.so.0.0.0
71d02000-71d7f000 r-xp 00000000 08:01 2503960    /usr/lib/libOpenNI.so
71d7f000-71d81000 r--p 0007c000 08:01 2503960    /usr/lib/libOpenNI.so
71d81000-71d83000 rw-p 0007e000 08:01 2503960    /usr/lib/libOpenNI.so
71d83000-71da1000 r-xp 00000000 08:01 2503959    /usr/lib/libOpenNI.jni.so
71da1000-71da2000 r--p 0001d000 08:01 2503959    /usr/lib/libOpenNI.jni.so
71da2000-71da4000 rw-p 0001e000 08:01 2503959    /usr/lib/libOpenNI.jni.so
71da4000-71da9000 r-xp 00000000 08:01 2513317    /usr/lib/libusbpp-0.1.so.4.4.4
71da9000-71daa000 r--p 00004000 08:01 2513317    /usr/lib/libusbpp-0.1.so.4.4.4
71daa000-71dab000 rw-p 00005000 08:01 2513317    /usr/lib/libusbpp-0.1.so.4.4.4
71dab000-71db2000 r-xp 00000000 08:01 1704036    /lib/libusb-0.1.so.4.4.4
71db2000-71db3000 r--p 00006000 08:01 1704036    /lib/libusb-0.1.so.4.4.4
71db3000-71db4000 rw-p 00007000 08:01 1704036    /lib/libusb-0.1.so.4.4.4
71db4000-71db5000 rw-p 00000000 00:00 0 
71dc9000-71dd1000 r-xp 00000000 08:01 269300     /usr/lib/libusbJava.so.0.2.4
71dd1000-71dd2000 rw-p 00007000 08:01 269300     /usr/lib/libusbJava.so.0.2.4
71dd2000-71df0000 r--s 0024d000 08:01 270057     /home/norut/workspace/CommModule3.0/lib/KinectLibrary.jar
71df0000-71df2000 r--s 0004c000 08:01 270165     /home/norut/workspace/CommModule3.0/lib/vecmath.jar
71df2000-71df6000 r--s 0001b000 08:01 270164     /home/norut/workspace/CommModule3.0/lib/org.OpenNI.jar
71df6000-71e04000 r--s 00193000 08:01 270161     /home/norut/workspace/CommModule3.0/lib/j3dutils.jar
71e04000-71e05000 ---p 00000000 00:00 0 
71e05000-71ed6000 rwxp 00000000 00:00 0 
71ed6000-71ed7000 ---p 00000000 00:00 0 
71ed7000-71f57000 rwxp 00000000 00:00 0 
71f57000-71f58000 ---p 00000000 00:00 0 
71f58000-72029000 rwxp 00000000 00:00 0 
72029000-7202a000 r--p 006a5000 08:01 2497487    /usr/lib/locale/locale-archive
7202a000-7215b000 r--p 0043d000 08:01 2497487    /usr/lib/locale/locale-archive
7215b000-7219b000 r--p 002bd000 08:01 2497487    /usr/lib/locale/locale-archive
7219b000-7239b000 r--p 00000000 08:01 2497487    /usr/lib/locale/locale-archive
7239b000-7243d000 rwxp 00000000 00:00 0 
7243d000-72470000 rw-p 00000000 00:00 0 
72470000-72600000 r--s 037ba000 08:01 2886099    /usr/lib/jvm/java-6-openjdk/jre/lib/rt.jar
72600000-726ea000 rw-p 00000000 00:00 0 
726ea000-72700000 ---p 00000000 00:00 0 
72701000-7270d000 r--s 002c7000 08:01 270151     /home/norut/workspace/CommModule3.0/lib/j3dcore.jar
7270d000-72711000 r--s 000fc000 08:01 268885     /home/norut/workspace/CommModule3.0/lib/NoninLibrary.jar
72711000-72714000 r--s 00012000 08:01 268892     /home/norut/workspace/CommModule3.0/lib/IRGlanceLibrary.jar
72714000-72719000 r--s 0009b000 08:01 268849     /home/norut/workspace/CommModule3.0/lib/WiiboardSimple2.0.jar
72719000-7271a000 ---p 00000000 00:00 0 
7271a000-7279a000 rwxp 00000000 00:00 0 
7279a000-7279b000 ---p 00000000 00:00 0 
7279b000-7281b000 rwxp 00000000 00:00 0 
7281b000-7281c000 ---p 00000000 00:00 0 
7281c000-7289c000 rwxp 00000000 00:00 0 
7289c000-728a4000 rw-p 00000000 00:00 0 
728a4000-728dc000 rw-p 00000000 00:00 0 
728dc000-728ef000 rw-p 00000000 00:00 0 
728ef000-72a0a000 rw-p 00000000 00:00 0 
72a0a000-72a12000 rw-p 00000000 00:00 0 
72a12000-72a4a000 rw-p 00000000 00:00 0 
72a4a000-72a5d000 rw-p 00000000 00:00 0 
72a5d000-72b78000 rw-p 00000000 00:00 0 
72b78000-72b89000 rw-p 00000000 00:00 0 
72b89000-72c0f000 rw-p 00000000 00:00 0 
72c0f000-73c10000 rw-p 00000000 00:00 0 
73c10000-7ac10000 rw-p 00000000 00:00 0 
7ac10000-7d1d0000 rw-p 00000000 00:00 0 
7d1d0000-a0810000 rw-p 00000000 00:00 0 
a0810000-a2910000 rw-p 00000000 00:00 0 
a2910000-b3610000 rw-p 00000000 00:00 0 
b3611000-b3614000 r--s 00011000 08:01 269114     /home/norut/workspace/CommModule3.0/lib/wii-gee-plugin-wiimote-android_fat.jar
b3614000-b361c000 r--s 00066000 08:01 2895241    /usr/share/java/gnome-java-bridge.jar
b361c000-b3625000 rw-p 00000000 00:00 0 
b3625000-b36dc000 rw-p 00000000 00:00 0 
b36dc000-b391c000 rwxp 00000000 00:00 0 
b391c000-b66dc000 rw-p 00000000 00:00 0 
b66dc000-b66e7000 r-xp 00000000 08:01 1713725    /lib/i386-linux-gnu/libnss_files-2.13.so
b66e7000-b66e8000 r--p 0000a000 08:01 1713725    /lib/i386-linux-gnu/libnss_files-2.13.so
b66e8000-b66e9000 rw-p 0000b000 08:01 1713725    /lib/i386-linux-gnu/libnss_files-2.13.so
b66e9000-b66f3000 r-xp 00000000 08:01 1713727    /lib/i386-linux-gnu/libnss_nis-2.13.so
b66f3000-b66f4000 r--p 00009000 08:01 1713727    /lib/i386-linux-gnu/libnss_nis-2.13.so
b66f4000-b66f5000 rw-p 0000a000 08:01 1713727    /lib/i386-linux-gnu/libnss_nis-2.13.so
b66f5000-b670a000 r-xp 00000000 08:01 1713722    /lib/i386-linux-gnu/libnsl-2.13.so
b670a000-b670b000 r--p 00015000 08:01 1713722    /lib/i386-linux-gnu/libnsl-2.13.so
b670b000-b670c000 rw-p 00016000 08:01 1713722    /lib/i386-linux-gnu/libnsl-2.13.so
b670c000-b670e000 rw-p 00000000 00:00 0 
b670e000-b6716000 r-xp 00000000 08:01 1713723    /lib/i386-linux-gnu/libnss_compat-2.13.so
b6716000-b6717000 r--p 00007000 08:01 1713723    /lib/i386-linux-gnu/libnss_compat-2.13.so
b6717000-b6718000 rw-p 00008000 08:01 1713723    /lib/i386-linux-gnu/libnss_compat-2.13.so
b6718000-b671b000 r--s 0007d000 08:01 2896155    /usr/lib/jvm/java-6-openjdk/jre/lib/jsse.jar
b671b000-b6722000 r-xp 00000000 08:01 2896164    /usr/lib/jvm/java-6-openjdk/jre/lib/i386/libzip.so
b6722000-b6723000 r--p 00006000 08:01 2896164    /usr/lib/jvm/java-6-openjdk/jre/lib/i386/libzip.so
b6723000-b6724000 rw-p 00007000 08:01 2896164    /usr/lib/jvm/java-6-openjdk/jre/lib/i386/libzip.so
b6724000-b672c000 rw-s 00000000 08:01 1574072    /tmp/hsperfdata_root/12439
b672c000-b6752000 r-xp 00000000 08:01 2886119    /usr/lib/jvm/java-6-openjdk/jre/lib/i386/libjava.so
b6752000-b6753000 r--p 00025000 08:01 2886119    /usr/lib/jvm/java-6-openjdk/jre/lib/i386/libjava.so
b6753000-b6755000 rw-p 00026000 08:01 2886119    /usr/lib/jvm/java-6-openjdk/jre/lib/i386/libjava.so
b6755000-b675c000 r-xp 00000000 08:01 1713732    /lib/i386-linux-gnu/librt-2.13.so
b675c000-b675d000 r--p 00006000 08:01 1713732    /lib/i386-linux-gnu/librt-2.13.so
b675d000-b675e000 rw-p 00007000 08:01 1713732    /lib/i386-linux-gnu/librt-2.13.so
b675e000-b6761000 ---p 00000000 00:00 0 
b6761000-b67af000 rwxp 00000000 00:00 0 
b67af000-b67cb000 r-xp 00000000 08:01 1704890    /lib/i386-linux-gnu/libgcc_s.so.1
b67cb000-b67cc000 r--p 0001b000 08:01 1704890    /lib/i386-linux-gnu/libgcc_s.so.1
b67cc000-b67cd000 rw-p 0001c000 08:01 1704890    /lib/i386-linux-gnu/libgcc_s.so.1
b67cd000-b67f5000 r-xp 00000000 08:01 1713720    /lib/i386-linux-gnu/libm-2.13.so
b67f5000-b67f6000 r--p 00028000 08:01 1713720    /lib/i386-linux-gnu/libm-2.13.so
b67f6000-b67f7000 rw-p 00029000 08:01 1713720    /lib/i386-linux-gnu/libm-2.13.so
b67f7000-b68d5000 r-xp 00000000 08:01 2495867    /usr/lib/i386-linux-gnu/libstdc++.so.6.0.16
b68d5000-b68d6000 ---p 000de000 08:01 2495867    /usr/lib/i386-linux-gnu/libstdc++.so.6.0.16
b68d6000-b68da000 r--p 000de000 08:01 2495867    /usr/lib/i386-linux-gnu/libstdc++.so.6.0.16
b68da000-b68db000 rw-p 000e2000 08:01 2495867    /usr/lib/i386-linux-gnu/libstdc++.so.6.0.16
b68db000-b68e2000 rw-p 00000000 00:00 0 
b68e2000-b7100000 r-xp 00000000 08:01 3028099    /usr/lib/jvm/java-6-openjdk/jre/lib/i386/server/libjvm.so
b7100000-b7145000 r--p 0081e000 08:01 3028099    /usr/lib/jvm/java-6-openjdk/jre/lib/i386/server/libjvm.so
b7145000-b7154000 rw-p 00863000 08:01 3028099    /usr/lib/jvm/java-6-openjdk/jre/lib/i386/server/libjvm.so
b7154000-b7570000 rw-p 00000000 00:00 0 
b7570000-b7583000 r-xp 00000000 08:01 1704952    /lib/i386-linux-gnu/libz.so.1.2.3.4
b7583000-b7584000 r--p 00012000 08:01 1704952    /lib/i386-linux-gnu/libz.so.1.2.3.4
b7584000-b7585000 rw-p 00013000 08:01 1704952    /lib/i386-linux-gnu/libz.so.1.2.3.4
b7585000-b76fd000 r-xp 00000000 08:01 1713716    /lib/i386-linux-gnu/libc-2.13.so
b76fd000-b76ff000 r--p 00178000 08:01 1713716    /lib/i386-linux-gnu/libc-2.13.so
b76ff000-b7700000 rw-p 0017a000 08:01 1713716    /lib/i386-linux-gnu/libc-2.13.so
b7700000-b7703000 rw-p 00000000 00:00 0 
b7703000-b7706000 r-xp 00000000 08:01 1713719    /lib/i386-linux-gnu/libdl-2.13.so
b7706000-b7707000 r--p 00002000 08:01 1713719    /lib/i386-linux-gnu/libdl-2.13.so
b7707000-b7708000 rw-p 00003000 08:01 1713719    /lib/i386-linux-gnu/libdl-2.13.so
b7708000-b770c000 r-xp 00000000 08:01 2886103    /usr/lib/jvm/java-6-openjdk/jre/lib/i386/jli/libjli.so
b770c000-b770d000 r--p 00003000 08:01 2886103    /usr/lib/jvm/java-6-openjdk/jre/lib/i386/jli/libjli.so
b770d000-b770e000 rw-p 00004000 08:01 2886103    /usr/lib/jvm/java-6-openjdk/jre/lib/i386/jli/libjli.so
b770e000-b770f000 rw-p 00000000 00:00 0 
b770f000-b7726000 r-xp 00000000 08:01 1713730    /lib/i386-linux-gnu/libpthread-2.13.so
b7726000-b7727000 r--p 00016000 08:01 1713730    /lib/i386-linux-gnu/libpthread-2.13.so
b7727000-b7728000 rw-p 00017000 08:01 1713730    /lib/i386-linux-gnu/libpthread-2.13.so
b7728000-b772a000 rw-p 00000000 00:00 0 
b772b000-b772c000 rw-s 00000000 00:12 143844     /run/shm/045e.02ae@1.6-SM
b772c000-b772e000 r--s 0000f000 08:01 2896143    /usr/lib/jvm/java-6-openjdk/jre/lib/ext/pulse-java.jar
b772e000-b772f000 rw-p 00000000 00:00 0 
b772f000-b7730000 r--p 00000000 00:00 0 
b7730000-b773b000 r-xp 00000000 08:01 2886139    /usr/lib/jvm/java-6-openjdk/jre/lib/i386/libverify.so
b773b000-b773c000 ---p 0000b000 08:01 2886139    /usr/lib/jvm/java-6-openjdk/jre/lib/i386/libverify.so
b773c000-b773d000 r--p 0000b000 08:01 2886139    /usr/lib/jvm/java-6-openjdk/jre/lib/i386/libverify.so
b773d000-b773e000 rw-p 0000c000 08:01 2886139    /usr/lib/jvm/java-6-openjdk/jre/lib/i386/libverify.so
b773e000-b7740000 rw-p 00000000 00:00 0 
b7740000-b7741000 r-xp 00000000 00:00 0          [vdso]
b7741000-b775f000 r-xp 00000000 08:01 1713713    /lib/i386-linux-gnu/ld-2.13.so
b775f000-b7760000 r--p 0001d000 08:01 1713713    /lib/i386-linux-gnu/ld-2.13.so
b7760000-b7761000 rw-p 0001e000 08:01 1713713    /lib/i386-linux-gnu/ld-2.13.so
bfc02000-bfc21000 rwxp 00000000 00:00 0          [stack]
bfc21000-bfc23000 rw-p 00000000 00:00 0 

VM Arguments:
jvm_args: -Dfile.encoding=UTF-8 
java_command: test.TestGrande
Launcher Type: SUN_STANDARD

Environment Variables:
PATH=/usr/local/sbin:/usr/local/bin:/usr/sbin:/usr/bin:/sbin:/bin:/usr/X11R6/bin
USERNAME=root
LD_LIBRARY_PATH=/usr/lib/jvm/java-6-openjdk/jre/lib/i386/server:/usr/lib/jvm/java-6-openjdk/jre/lib/i386:/usr/lib/jvm/java-6-openjdk/jre/../lib/i386:/usr/lib/jvm/java-6-openjdk/jre/lib/i386/client:/usr/lib/jvm/java-6-openjdk/jre/lib/i386:
SHELL=/bin/bash
DISPLAY=:0.0

Signal Handlers:
SIGSEGV: [libjvm.so+0x66a530], sa_mask[0]=0x7ffbfeff, sa_flags=0x10000004
SIGBUS: [libjvm.so+0x66a530], sa_mask[0]=0x7ffbfeff, sa_flags=0x10000004
SIGFPE: [libjvm.so+0x52e2c0], sa_mask[0]=0x7ffbfeff, sa_flags=0x10000004
SIGPIPE: [libjvm.so+0x52e2c0], sa_mask[0]=0x7ffbfeff, sa_flags=0x10000004
SIGXFSZ: [libjvm.so+0x52e2c0], sa_mask[0]=0x7ffbfeff, sa_flags=0x10000004
SIGILL: [libjvm.so+0x52e2c0], sa_mask[0]=0x7ffbfeff, sa_flags=0x10000004
SIGUSR1: SIG_DFL, sa_mask[0]=0x00000000, sa_flags=0x00000000
SIGUSR2: [libjvm.so+0x52e150], sa_mask[0]=0x00000004, sa_flags=0x10000004
SIGHUP: [libjvm.so+0x5311f0], sa_mask[0]=0x7ffbfeff, sa_flags=0x10000004
SIGINT: [libjvm.so+0x5311f0], sa_mask[0]=0x7ffbfeff, sa_flags=0x10000004
SIGTERM: [libjvm.so+0x5311f0], sa_mask[0]=0x7ffbfeff, sa_flags=0x10000004
SIGQUIT: [libjvm.so+0x5311f0], sa_mask[0]=0x7ffbfeff, sa_flags=0x10000004


---------------  S Y S T E M  ---------------

OS:Ubuntu 11.10 (oneiric)
uname:Linux 3.0.0-17-generic-pae #30-Ubuntu SMP Thu Mar 8 17:53:35 UTC 2012 i686
libc:glibc 2.13 NPTL 2.13 
rlimit: STACK 8192k, CORE 0k, NPROC 28837, NOFILE 4096, AS infinity
load average:0.56 0.49 0.61

/proc/meminfo:
MemTotal:        3705192 kB
MemFree:         1346432 kB
Buffers:           91920 kB
Cached:           997784 kB
SwapCached:            0 kB
Active:          1463912 kB
Inactive:         656520 kB
Active(anon):    1031644 kB
Inactive(anon):    14080 kB
Active(file):     432268 kB
Inactive(file):   642440 kB
Unevictable:          60 kB
Mlocked:              60 kB
HighTotal:       2866712 kB
HighFree:         682328 kB
LowTotal:         838480 kB
LowFree:          664104 kB
SwapTotal:       3778556 kB
SwapFree:        3778556 kB
Dirty:               380 kB
Writeback:             0 kB
AnonPages:       1030796 kB
Mapped:           228908 kB
Shmem:             14988 kB
Slab:              46024 kB
SReclaimable:      30500 kB
SUnreclaim:        15524 kB
KernelStack:        3352 kB
PageTables:        10324 kB
NFS_Unstable:          0 kB
Bounce:                0 kB
WritebackTmp:          0 kB
CommitLimit:     5631152 kB
Committed_AS:    2812356 kB
VmallocTotal:     122880 kB
VmallocUsed:       45948 kB
VmallocChunk:      73112 kB
HardwareCorrupted:     0 kB
AnonHugePages:         0 kB
HugePages_Total:       0
HugePages_Free:        0
HugePages_Rsvd:        0
HugePages_Surp:        0
Hugepagesize:       2048 kB
DirectMap4k:       10232 kB
DirectMap2M:      903168 kB


CPU:total 2 (2 cores per cpu, 1 threads per core) family 20 model 1 stepping 0, cmov, cx8, fxsr, mmx, sse, sse2, sse3, ssse3, popcnt, mmxext, lzcnt, sse4a

Memory: 4k page, physical 3705192k(1346432k free), swap 3778556k(3778556k free)

vm_info: OpenJDK Server VM (20.0-b11) for linux-x86 JRE (1.6.0_23-b23), built on Feb 23 2012 06:26:43 by "buildd" with gcc 4.6.1

time: Fri Mar 30 15:19:26 2012
elapsed time: 16 seconds

