#
# A fatal error has been detected by the Java Runtime Environment:
#
#  SIGSEGV (0xb) at pc=0xb7649268, pid=11730, tid=1563798384
#
# JRE version: 6.0_23-b23
# Java VM: OpenJDK Server VM (20.0-b11 mixed mode linux-x86 )
# Derivative: IcedTea6 1.11pre
# Distribution: Ubuntu 11.10, package 6b23~pre11-0ubuntu1.11.10.2
# Problematic frame:
# C  [libc.so.6+0x70268]  _IO_str_pbackfail+0x1588
#
# If you would like to submit a bug report, please include
# instructions how to reproduce the bug and visit:
#   https://bugs.launchpad.net/ubuntu/+source/openjdk-6/
# The crash happened outside the Java Virtual Machine in native code.
# See problematic frame for where to report the bug.
#

---------------  T H R E A D  ---------------

Current thread (0x5dfa4000):  JavaThread "Thread-40" [_thread_in_native, id=11805, stack(0x5d30a000,0x5d35b000)]

siginfo:si_signo=SIGSEGV: si_errno=0, si_code=1 (SEGV_MAPERR), si_addr=0xc179c71c

Registers:
EAX=0x0a0482e8, EBX=0xb7752ff4, ECX=0xb7754400, EDX=0x0a048a18
ESP=0x5d359650, EBP=0x0a0482e8, ESI=0xb7754430, EDI=0xc179c718
EIP=0xb7649268, EFLAGS=0x00210246, CR2=0xc179c71c

Top of Stack: (sp=0x5d359650)
0x5d359650:   00000000 00000000 00000000 00000000
0x5d359660:   0a048a18 00000018 b7754430 b7754408
0x5d359670:   00000000 b775442c b7713cf5 b7752ff4
0x5d359680:   00000998 b7754400 00049e60 b764a20c
0x5d359690:   00000000 00000000 00000000 00000000
0x5d3596a0:   00000000 00000000 00000000 00000000
0x5d3596b0:   00000000 00000000 00000000 000009a0
0x5d3596c0:   00000000 00000000 00000000 00000998 

Instructions: (pc=0xb7649268)
0xb7649248:   85 c0 0f 84 b8 00 00 00 8b 74 24 10 8b 46 04 8b
0xb7649258:   56 08 89 c5 83 e5 fa a8 01 8d 3c 2e 89 54 24 10
0xb7649268:   8b 57 04 89 54 24 14 75 3c 8b 06 29 c6 01 c5 8b
0xb7649278:   46 08 8b 56 0c 3b 70 0c 0f 85 c4 00 00 00 3b 72 

Register to memory mapping:

EAX=0x0a0482e8 is an unknown value
EBX=0xb7752ff4: <offset 0x179ff4> in /lib/i386-linux-gnu/libc.so.6 at 0xb75d9000
ECX=0xb7754400: <offset 0x17b400> in /lib/i386-linux-gnu/libc.so.6 at 0xb75d9000
EDX=0x0a048a18 is an unknown value
ESP=0x5d359650 is pointing into the stack for thread: 0x5dfa4000
EBP=0x0a0482e8 is an unknown value
ESI=0xb7754430: <offset 0x17b430> in /lib/i386-linux-gnu/libc.so.6 at 0xb75d9000
EDI=0xc179c718 is an unknown value


Stack: [0x5d30a000,0x5d35b000],  sp=0x5d359650,  free space=317k
Native frames: (J=compiled Java code, j=interpreted, Vv=VM code, C=native code)
C  [libc.so.6+0x70268]  _IO_str_pbackfail+0x1588

Java frames: (J=compiled Java code, j=interpreted, Vv=VM code)
j  org.OpenNI.NativeMethods.xnCreateDepthGenerator(JLorg/OpenNI/OutArg;JJ)I+0
j  org.OpenNI.DepthGenerator.create(Lorg/OpenNI/Context;Lorg/OpenNI/Query;Lorg/OpenNI/EnumerationErrors;)Lorg/OpenNI/DepthGenerator;+37
j  org.OpenNI.DepthGenerator.create(Lorg/OpenNI/Context;)Lorg/OpenNI/DepthGenerator;+3
j  KinectPackage.KinectManager.getYResolution()I+6
J  control.DeviceManager.adjustKinectForTheBestTilt()V
j  test.ClaseQueImplementaAKinectSkeleton.kinectUpdate(Lservices/KinectSkeletonServiceEvent;)V+45
j  launchers.KinectSkeletonLauncher.kinectUpdate(LKinectPackage/KinectEvent;)V+43
j  KinectPackage.KinectManager$EventLauncher.run()V+8
j  java.lang.Thread.run()V+11
v  ~StubRoutines::call_stub

---------------  P R O C E S S  ---------------

Java Threads: ( => current thread )
=>0x5dfa4000 JavaThread "Thread-40" [_thread_in_native, id=11805, stack(0x5d30a000,0x5d35b000)]
  0x5dfa2800 JavaThread "Thread-39" [_thread_in_native, id=11804, stack(0x5d35b000,0x5d3ac000)]
  0x5dfa0800 JavaThread "Thread-38" [_thread_in_native, id=11803, stack(0x5d3ac000,0x5d3fd000)]
  0x5df9f400 JavaThread "Thread-37" [_thread_in_native, id=11802, stack(0x5d3fd000,0x5d44e000)]
  0x5df9dc00 JavaThread "Thread-36" [_thread_in_native, id=11801, stack(0x5d44e000,0x5d49f000)]
  0x5df32400 JavaThread "Thread-35" [_thread_in_native, id=11800, stack(0x5d49f000,0x5d4f0000)]
  0x5df31000 JavaThread "Thread-34" [_thread_in_native, id=11799, stack(0x5d4f0000,0x5d541000)]
  0x5df2f000 JavaThread "Thread-33" [_thread_in_native, id=11798, stack(0x5d541000,0x5d592000)]
  0x5df2d800 JavaThread "Thread-32" [_thread_in_native, id=11797, stack(0x5d592000,0x5d5e3000)]
  0x5df2c400 JavaThread "Thread-31" [_thread_in_native, id=11796, stack(0x5d5e3000,0x5d634000)]
  0x619b2800 JavaThread "Thread-30" [_thread_in_vm, id=11795, stack(0x5d634000,0x5d685000)]
  0x71e29400 JavaThread "Thread-29" [_thread_in_native, id=11794, stack(0x5d685000,0x5d6d6000)]
  0x619b5400 JavaThread "Thread-28" [_thread_in_native, id=11793, stack(0x5d6d6000,0x5d727000)]
  0x619b7000 JavaThread "Thread-27" [_thread_in_native, id=11792, stack(0x5d727000,0x5d778000)]
  0x619af400 JavaThread "Thread-26" [_thread_in_vm, id=11791, stack(0x5d778000,0x5d7c9000)]
  0x5dffdc00 JavaThread "Thread-25" [_thread_in_vm, id=11790, stack(0x5d7c9000,0x5d81a000)]
  0x6199f000 JavaThread "Thread-24" [_thread_in_native, id=11789, stack(0x5d81a000,0x5d86b000)]
  0x5e79c800 JavaThread "Thread-23" [_thread_in_native, id=11788, stack(0x5d86b000,0x5d8bc000)]
  0x5e021800 JavaThread "Thread-22" [_thread_in_native, id=11787, stack(0x5d8bc000,0x5d90d000)]
  0x5e0f9800 JavaThread "Thread-21" [_thread_in_vm, id=11786, stack(0x5d90d000,0x5d95e000)]
  0x5e020000 JavaThread "Thread-20" [_thread_in_vm, id=11785, stack(0x5d95e000,0x5d9af000)]
  0x09fd7800 JavaThread "Thread-19" [_thread_in_vm, id=11784, stack(0x5d9af000,0x5da00000)]
  0x09f83000 JavaThread "Thread-18" [_thread_in_vm, id=11783, stack(0x5e134000,0x5e185000)]
  0x09f81400 JavaThread "Thread-17" [_thread_in_vm, id=11782, stack(0x5e185000,0x5e1d6000)]
  0x09f80800 JavaThread "Thread-16" [_thread_in_native, id=11781, stack(0x6ca18000,0x6ca69000)]
  0x09fd9000 JavaThread "Thread-15" [_thread_in_native, id=11780, stack(0x5e2e2000,0x5e333000)]
  0x5e541c00 JavaThread "AWT-XAWT" daemon [_thread_in_native, id=11775, stack(0x5e9fc000,0x5ea4d000)]
  0x5e7f9000 JavaThread "Java2D Disposer" daemon [_thread_blocked, id=11774, stack(0x6c618000,0x6c669000)]
  0x5e701400 JavaThread "Thread-14" [_thread_in_vm, id=11773, stack(0x6bb15000,0x6bb66000)]
  0x5e700800 JavaThread "Thread-13" [_thread_in_native, id=11772, stack(0x6c818000,0x6c869000)]
  0x619b1c00 JavaThread "DestroyJavaVM" [_thread_blocked, id=11735, stack(0xb67b2000,0xb6803000)]
  0x619b0400 JavaThread "Thread-12" [_thread_in_native, id=11771, stack(0x5e867000,0x5e8b8000)]
  0x619b9c00 JavaThread "Thread-11" [_thread_in_native, id=11770, stack(0x5e8b8000,0x5e909000)]
  0x619b8400 JavaThread "Thread-10" [_thread_in_vm, id=11769, stack(0x5e909000,0x5e95a000)]
  0x619ae000 JavaThread "Thread-9" [_thread_in_native, id=11768, stack(0x5e95a000,0x5e9ab000)]
  0x619a2400 JavaThread "Thread-8" [_thread_in_native, id=11767, stack(0x5e9ab000,0x5e9fc000)]
  0x61993c00 JavaThread "Thread-1" [_thread_in_native, id=11756, stack(0x6ce2b000,0x6ce7c000)]
  0x09975000 JavaThread "Low Memory Detector" daemon [_thread_blocked, id=11744, stack(0x71ffe000,0x7204f000)]
  0x09971c00 JavaThread "C2 CompilerThread1" daemon [_thread_blocked, id=11743, stack(0x7204f000,0x720d0000)]
  0x0996fc00 JavaThread "C2 CompilerThread0" daemon [_thread_blocked, id=11742, stack(0x720d0000,0x72151000)]
  0x0996e400 JavaThread "Signal Dispatcher" daemon [_thread_blocked, id=11741, stack(0x72151000,0x721a2000)]
  0x0995b800 JavaThread "Finalizer" daemon [_thread_blocked, id=11740, stack(0x72514000,0x72565000)]
  0x0995a000 JavaThread "Reference Handler" daemon [_thread_blocked, id=11739, stack(0x72565000,0x725b6000)]

Other Threads:
  0x09956000 VMThread [stack: 0x725b6000,0x72637000] [id=11738]
  0x09976c00 WatcherThread [stack: 0x71f7d000,0x71ffe000] [id=11745]

VM state:not at safepoint (normal execution)

VM Mutex/Monitor currently owned by a thread: None

Heap
 PSYoungGen      total 16896K, used 11686K [0xa0870000, 0xa1b40000, 0xb3670000)
  eden space 14528K, 74% used [0xa0870000,0xa1313330,0xa16a0000)
  from space 2368K, 33% used [0xa16a0000,0xa17666d8,0xa18f0000)
  to   space 2368K, 0% used [0xa18f0000,0xa18f0000,0xa1b40000)
 PSOldGen        total 38656K, used 0K [0x7ac70000, 0x7d230000, 0xa0870000)
  object space 38656K, 0% used [0x7ac70000,0x7ac70000,0x7d230000)
 PSPermGen       total 16384K, used 8601K [0x72c70000, 0x73c70000, 0x7ac70000)
  object space 16384K, 52% used [0x72c70000,0x734d6700,0x73c70000)

Code Cache  [0xb3730000, 0xb3970000, 0xb6730000)
 total_blobs=419 nmethods=109 adapters=264 free_code_cache=49709376 largest_free_block=23552

Dynamic libraries:
08048000-08051000 r-xp 00000000 08:01 3029976    /usr/lib/jvm/java-6-openjdk/jre/bin/java
08051000-08052000 r--p 00008000 08:01 3029976    /usr/lib/jvm/java-6-openjdk/jre/bin/java
08052000-08053000 rw-p 00009000 08:01 3029976    /usr/lib/jvm/java-6-openjdk/jre/bin/java
098ca000-0a0d5000 rw-p 00000000 00:00 0          [heap]
5d30a000-5d30d000 ---p 00000000 00:00 0 
5d30d000-5d35b000 rwxp 00000000 00:00 0 
5d35b000-5d35e000 ---p 00000000 00:00 0 
5d35e000-5d3ac000 rwxp 00000000 00:00 0 
5d3ac000-5d3af000 ---p 00000000 00:00 0 
5d3af000-5d3fd000 rwxp 00000000 00:00 0 
5d3fd000-5d400000 ---p 00000000 00:00 0 
5d400000-5d44e000 rwxp 00000000 00:00 0 
5d44e000-5d451000 ---p 00000000 00:00 0 
5d451000-5d49f000 rwxp 00000000 00:00 0 
5d49f000-5d4a2000 ---p 00000000 00:00 0 
5d4a2000-5d4f0000 rwxp 00000000 00:00 0 
5d4f0000-5d4f3000 ---p 00000000 00:00 0 
5d4f3000-5d541000 rwxp 00000000 00:00 0 
5d541000-5d544000 ---p 00000000 00:00 0 
5d544000-5d592000 rwxp 00000000 00:00 0 
5d592000-5d595000 ---p 00000000 00:00 0 
5d595000-5d5e3000 rwxp 00000000 00:00 0 
5d5e3000-5d5e6000 ---p 00000000 00:00 0 
5d5e6000-5d634000 rwxp 00000000 00:00 0 
5d634000-5d637000 ---p 00000000 00:00 0 
5d637000-5d685000 rwxp 00000000 00:00 0 
5d685000-5d688000 ---p 00000000 00:00 0 
5d688000-5d6d6000 rwxp 00000000 00:00 0 
5d6d6000-5d6d9000 ---p 00000000 00:00 0 
5d6d9000-5d727000 rwxp 00000000 00:00 0 
5d727000-5d72a000 ---p 00000000 00:00 0 
5d72a000-5d778000 rwxp 00000000 00:00 0 
5d778000-5d77b000 ---p 00000000 00:00 0 
5d77b000-5d7c9000 rwxp 00000000 00:00 0 
5d7c9000-5d7cc000 ---p 00000000 00:00 0 
5d7cc000-5d81a000 rwxp 00000000 00:00 0 
5d81a000-5d81d000 ---p 00000000 00:00 0 
5d81d000-5d86b000 rwxp 00000000 00:00 0 
5d86b000-5d86e000 ---p 00000000 00:00 0 
5d86e000-5d8bc000 rwxp 00000000 00:00 0 
5d8bc000-5d8bf000 ---p 00000000 00:00 0 
5d8bf000-5d90d000 rwxp 00000000 00:00 0 
5d90d000-5d910000 ---p 00000000 00:00 0 
5d910000-5d95e000 rwxp 00000000 00:00 0 
5d95e000-5d961000 ---p 00000000 00:00 0 
5d961000-5d9af000 rwxp 00000000 00:00 0 
5d9af000-5d9b2000 ---p 00000000 00:00 0 
5d9b2000-5da00000 rwxp 00000000 00:00 0 
5da00000-5da29000 rw-p 00000000 00:00 0 
5da29000-5db00000 ---p 00000000 00:00 0 
5db00000-5dbf4000 rw-p 00000000 00:00 0 
5dbf4000-5dc00000 ---p 00000000 00:00 0 
5dc00000-5dcfe000 rw-p 00000000 00:00 0 
5dcfe000-5dd00000 ---p 00000000 00:00 0 
5dd00000-5ddf6000 rw-p 00000000 00:00 0 
5ddf6000-5de00000 ---p 00000000 00:00 0 
5de00000-5defb000 rw-p 00000000 00:00 0 
5defb000-5df00000 ---p 00000000 00:00 0 
5df00000-5dffe000 rw-p 00000000 00:00 0 
5dffe000-5e000000 ---p 00000000 00:00 0 
5e000000-5e0fa000 rw-p 00000000 00:00 0 
5e0fa000-5e100000 ---p 00000000 00:00 0 
5e134000-5e137000 ---p 00000000 00:00 0 
5e137000-5e185000 rwxp 00000000 00:00 0 
5e185000-5e188000 ---p 00000000 00:00 0 
5e188000-5e1d6000 rwxp 00000000 00:00 0 
5e1d6000-5e29f000 r-xp 00000000 08:01 2624184    /usr/lib/fglrx/libGL.so.1.2
5e29f000-5e2ab000 rwxp 000c8000 08:01 2624184    /usr/lib/fglrx/libGL.so.1.2
5e2ab000-5e2c0000 rwxp 00000000 00:00 0 
5e2c0000-5e2e1000 r-xp 00000000 08:01 2887828    /usr/lib/jvm/java-6-openjdk/jre/lib/i386/libj3dcore-ogl.so
5e2e1000-5e2e2000 rw-p 00021000 08:01 2887828    /usr/lib/jvm/java-6-openjdk/jre/lib/i386/libj3dcore-ogl.so
5e2e2000-5e2e5000 ---p 00000000 00:00 0 
5e2e5000-5e333000 rwxp 00000000 00:00 0 
5e333000-5e3c5000 r-xp 00000000 08:01 2492008    /usr/lib/i386-linux-gnu/libfreetype.so.6.6.2
5e3c5000-5e3c9000 r--p 00091000 08:01 2492008    /usr/lib/i386-linux-gnu/libfreetype.so.6.6.2
5e3c9000-5e3ca000 rw-p 00095000 08:01 2492008    /usr/lib/i386-linux-gnu/libfreetype.so.6.6.2
5e3ca000-5e4fb000 r-xp 00000000 08:01 2495602    /usr/lib/i386-linux-gnu/libX11.so.6.3.0
5e4fb000-5e4fc000 ---p 00131000 08:01 2495602    /usr/lib/i386-linux-gnu/libX11.so.6.3.0
5e4fc000-5e4fd000 r--p 00131000 08:01 2495602    /usr/lib/i386-linux-gnu/libX11.so.6.3.0
5e4fd000-5e4ff000 rw-p 00132000 08:01 2495602    /usr/lib/i386-linux-gnu/libX11.so.6.3.0
5e4ff000-5e500000 rw-p 00000000 00:00 0 
5e500000-5e5f1000 rw-p 00000000 00:00 0 
5e5f1000-5e600000 ---p 00000000 00:00 0 
5e605000-5e63f000 r-xp 00000000 08:01 2886111    /usr/lib/jvm/java-6-openjdk/jre/lib/i386/libfontmanager.so
5e63f000-5e640000 r--p 00039000 08:01 2886111    /usr/lib/jvm/java-6-openjdk/jre/lib/i386/libfontmanager.so
5e640000-5e641000 rw-p 0003a000 08:01 2886111    /usr/lib/jvm/java-6-openjdk/jre/lib/i386/libfontmanager.so
5e641000-5e6d4000 r-xp 00000000 08:01 2886106    /usr/lib/jvm/java-6-openjdk/jre/lib/i386/libawt.so
5e6d4000-5e6d5000 r--p 00092000 08:01 2886106    /usr/lib/jvm/java-6-openjdk/jre/lib/i386/libawt.so
5e6d5000-5e6dc000 rw-p 00093000 08:01 2886106    /usr/lib/jvm/java-6-openjdk/jre/lib/i386/libawt.so
5e6dc000-5e700000 rw-p 00000000 00:00 0 
5e700000-5e7fa000 rw-p 00000000 00:00 0 
5e7fa000-5e800000 ---p 00000000 00:00 0 
5e817000-5e863000 r-xp 00000000 08:01 3542024    /usr/lib/jvm/java-6-openjdk/jre/lib/i386/xawt/libmawt.so
5e863000-5e864000 r--p 0004b000 08:01 3542024    /usr/lib/jvm/java-6-openjdk/jre/lib/i386/xawt/libmawt.so
5e864000-5e866000 rw-p 0004c000 08:01 3542024    /usr/lib/jvm/java-6-openjdk/jre/lib/i386/xawt/libmawt.so
5e866000-5e867000 rw-p 00000000 00:00 0 
5e867000-5e86a000 ---p 00000000 00:00 0 
5e86a000-5e8b8000 rwxp 00000000 00:00 0 
5e8b8000-5e8bb000 ---p 00000000 00:00 0 
5e8bb000-5e909000 rwxp 00000000 00:00 0 
5e909000-5e90c000 ---p 00000000 00:00 0 
5e90c000-5e95a000 rwxp 00000000 00:00 0 
5e95a000-5e95d000 ---p 00000000 00:00 0 
5e95d000-5e9ab000 rwxp 00000000 00:00 0 
5e9ab000-5e9ae000 ---p 00000000 00:00 0 
5e9ae000-5e9fc000 rwxp 00000000 00:00 0 
5e9fc000-5e9ff000 ---p 00000000 00:00 0 
5e9ff000-5ea4d000 rwxp 00000000 00:00 0 
5ea4d000-5f587000 rw-p 00000000 00:00 0 
5f587000-5f588000 rw-s 00000000 00:12 137343     /run/shm/045e.02ae@1.6-SM
5f588000-5f80a000 rw-p 00000000 00:00 0 
5f80a000-61900000 r--s 00000000 00:12 137179     /run/shm/11747_045e.02ae@1.6_Image
61900000-619f7000 rw-p 00000000 00:00 0 
619f7000-61a00000 ---p 00000000 00:00 0 
61a1e000-61b00000 rw-p 00000000 00:00 0 
61b00000-61cff000 rw-p 00000000 00:00 0 
61cff000-61d00000 ---p 00000000 00:00 0 
61d00000-61f00000 rw-p 00000000 00:00 0 
61f00000-62100000 rw-p 00000000 00:00 0 
62100000-62300000 rw-p 00000000 00:00 0 
62300000-62500000 rw-p 00000000 00:00 0 
62500000-62700000 rw-p 00000000 00:00 0 
62700000-62900000 rw-p 00000000 00:00 0 
62900000-62b00000 rw-p 00000000 00:00 0 
62b00000-62d00000 rw-p 00000000 00:00 0 
62d00000-62f00000 rw-p 00000000 00:00 0 
62f00000-63100000 rw-p 00000000 00:00 0 
63100000-63300000 rw-p 00000000 00:00 0 
63300000-63500000 rw-p 00000000 00:00 0 
63500000-63700000 rw-p 00000000 00:00 0 
63700000-63900000 rw-p 00000000 00:00 0 
63900000-63b00000 rw-p 00000000 00:00 0 
63b00000-63bff000 rw-p 00000000 00:00 0 
63bff000-63c00000 ---p 00000000 00:00 0 
63c00000-63cff000 rw-p 00000000 00:00 0 
63cff000-63d00000 ---p 00000000 00:00 0 
63d00000-63f00000 rw-p 00000000 00:00 0 
63f00000-64100000 rw-p 00000000 00:00 0 
64100000-64300000 rw-p 00000000 00:00 0 
64300000-64500000 rw-p 00000000 00:00 0 
64500000-64700000 rw-p 00000000 00:00 0 
64700000-64900000 rw-p 00000000 00:00 0 
64900000-64b00000 rw-p 00000000 00:00 0 
64b00000-64d00000 rw-p 00000000 00:00 0 
64d00000-64f00000 rw-p 00000000 00:00 0 
64f00000-65100000 rw-p 00000000 00:00 0 
65100000-65300000 rw-p 00000000 00:00 0 
65300000-653ff000 rw-p 00000000 00:00 0 
653ff000-65400000 ---p 00000000 00:00 0 
65400000-65500000 rw-p 00000000 00:00 0 
65500000-65600000 rw-p 00000000 00:00 0 
65605000-6560e000 r-xp 00000000 08:01 2495608    /usr/lib/i386-linux-gnu/libXcursor.so.1.0.2
6560e000-6560f000 r--p 00008000 08:01 2495608    /usr/lib/i386-linux-gnu/libXcursor.so.1.0.2
6560f000-65610000 rw-p 00009000 08:01 2495608    /usr/lib/i386-linux-gnu/libXcursor.so.1.0.2
65621000-65622000 r-xp 00000000 08:01 2886121    /usr/lib/jvm/java-6-openjdk/jre/lib/i386/libjawt.so
65622000-65623000 r--p 00000000 08:01 2886121    /usr/lib/jvm/java-6-openjdk/jre/lib/i386/libjawt.so
65623000-65624000 rw-p 00001000 08:01 2886121    /usr/lib/jvm/java-6-openjdk/jre/lib/i386/libjawt.so
65624000-6ba00000 rw-p 00000000 00:00 0 
6ba00000-6bb00000 rw-p 00000000 00:00 0 
6bb00000-6bb04000 r-xp 00000000 08:01 2495616    /usr/lib/i386-linux-gnu/libXfixes.so.3.1.0
6bb04000-6bb05000 r--p 00003000 08:01 2495616    /usr/lib/i386-linux-gnu/libXfixes.so.3.1.0
6bb05000-6bb06000 rw-p 00004000 08:01 2495616    /usr/lib/i386-linux-gnu/libXfixes.so.3.1.0
6bb06000-6bb07000 r--s 00000000 08:01 2627543    /var/cache/fontconfig/c05880de57d1f5e948fdfacc138775d9-le32d4.cache-3
6bb07000-6bb0d000 r--s 00000000 08:01 2627540    /var/cache/fontconfig/945677eb7aeaf62f1d50efc3fb3ec7d8-le32d4.cache-3
6bb0d000-6bb0f000 r--s 00000000 08:01 2627541    /var/cache/fontconfig/99e8ed0e538f840c565b6ed5dad60d56-le32d4.cache-3
6bb0f000-6bb12000 r--s 00000000 08:01 2627551    /var/cache/fontconfig/e383d7ea5fbe662a33d9b44caf393297-le32d4.cache-3
6bb12000-6bb15000 r--s 00000000 08:01 2627528    /var/cache/fontconfig/2cd17615ca594fa2959ae173292e504c-le32d4.cache-3
6bb15000-6bb18000 ---p 00000000 00:00 0 
6bb18000-6bb66000 rwxp 00000000 00:00 0 
6bb66000-6c500000 rw-p 00000000 00:00 0 
6c500000-6c5f7000 rw-p 00000000 00:00 0 
6c5f7000-6c600000 ---p 00000000 00:00 0 
6c601000-6c602000 r--s 00000000 08:01 2627552    /var/cache/fontconfig/e7071f4a29fa870f4323321c154eba04-le32d4.cache-3
6c602000-6c606000 r--s 00000000 08:01 2627537    /var/cache/fontconfig/6eb3985aa4124903f6ff08ba781cd364-le32d4.cache-3
6c606000-6c607000 r--s 00000000 08:01 2627532    /var/cache/fontconfig/4c73fe0c47614734b17d736dbde7580a-le32d4.cache-3
6c607000-6c608000 r--s 00000000 08:01 2627525    /var/cache/fontconfig/0d8c3b2ac0904cb8a57a757ad11a4a08-le32d4.cache-3
6c608000-6c609000 r--s 00000000 08:01 2627535    /var/cache/fontconfig/6a53c69dea097a2d716e069445527da8-le32d4.cache-3
6c609000-6c60d000 r--s 00000000 08:01 2627542    /var/cache/fontconfig/a755afe4a08bf5b97852ceb7400b47bc-le32d4.cache-3
6c60d000-6c611000 r--s 00000000 08:01 2633494    /var/cache/fontconfig/515ca1ebc4b18308bea979be5704f9db-le32d4.cache-3
6c611000-6c618000 r--s 00000000 08:01 2622661    /var/cache/fontconfig/6d41288fd70b0be22e8c3a91e032eec0-le32d4.cache-3
6c618000-6c61b000 ---p 00000000 00:00 0 
6c61b000-6c669000 rwxp 00000000 00:00 0 
6c669000-6c700000 rw-p 00000000 00:00 0 
6c700000-6c800000 rw-p 00000000 00:00 0 
6c800000-6c80b000 r--s 00000000 08:01 2627526    /var/cache/fontconfig/0f34bcd4b6ee430af32735b75db7f02b-le32d4.cache-3
6c80b000-6c818000 r--s 00000000 08:01 2627547    /var/cache/fontconfig/d52a8644073d54c13679302ca1180695-le32d4.cache-3
6c818000-6c81b000 ---p 00000000 00:00 0 
6c81b000-6c869000 rwxp 00000000 00:00 0 
6c869000-6c900000 rw-p 00000000 00:00 0 
6c900000-6ca00000 rw-p 00000000 00:00 0 
6ca00000-6ca01000 r--p 00000000 00:00 0 
6ca01000-6ca04000 r--s 00000000 08:01 2627548    /var/cache/fontconfig/d60319d88cac85ba9e1a07bd06cfbb8c-le32d4.cache-3
6ca04000-6ca05000 r--s 00000000 08:01 2625030    /var/cache/fontconfig/4794a0821666d79190d59a36cb4f44b5-le32d4.cache-3
6ca05000-6ca0b000 r--s 00000000 08:01 2633493    /var/cache/fontconfig/153bb866d4d26e7cd19eee2129f8d8d2-le32d4.cache-3
6ca0b000-6ca0d000 r--s 00000000 08:01 2622659    /var/cache/fontconfig/e13b20fdb08344e0e664864cc2ede53d-le32d4.cache-3
6ca0d000-6ca10000 r--s 00000000 08:01 2633498    /var/cache/fontconfig/7ef2298fde41cc6eeb7af42e48b7d293-le32d4.cache-3
6ca10000-6ca16000 r--s 00000000 08:01 2627540    /var/cache/fontconfig/945677eb7aeaf62f1d50efc3fb3ec7d8-le32d4.cache-3
6ca16000-6ca18000 r--s 00000000 08:01 2627541    /var/cache/fontconfig/99e8ed0e538f840c565b6ed5dad60d56-le32d4.cache-3
6ca18000-6ca1b000 ---p 00000000 00:00 0 
6ca1b000-6ca69000 rwxp 00000000 00:00 0 
6ca69000-6cb00000 rw-p 00000000 00:00 0 
6cb00000-6cbff000 rw-p 00000000 00:00 0 
6cbff000-6cc00000 ---p 00000000 00:00 0 
6cc00000-6cd00000 rw-p 00000000 00:00 0 
6cd00000-6cdfa000 rw-p 00000000 00:00 0 
6cdfa000-6ce00000 ---p 00000000 00:00 0 
6ce00000-6ce04000 r--s 00000000 08:01 2627537    /var/cache/fontconfig/6eb3985aa4124903f6ff08ba781cd364-le32d4.cache-3
6ce04000-6ce08000 r--s 00000000 08:01 2627542    /var/cache/fontconfig/a755afe4a08bf5b97852ceb7400b47bc-le32d4.cache-3
6ce08000-6ce0c000 r--s 00000000 08:01 2633494    /var/cache/fontconfig/515ca1ebc4b18308bea979be5704f9db-le32d4.cache-3
6ce0c000-6ce29000 r-xp 00000000 08:01 2495900    /usr/lib/i386-linux-gnu/libxcb.so.1.1.0
6ce29000-6ce2a000 r--p 0001c000 08:01 2495900    /usr/lib/i386-linux-gnu/libxcb.so.1.1.0
6ce2a000-6ce2b000 rw-p 0001d000 08:01 2495900    /usr/lib/i386-linux-gnu/libxcb.so.1.1.0
6ce2b000-6ce2e000 ---p 00000000 00:00 0 
6ce2e000-6ce7c000 rwxp 00000000 00:00 0 
6ce7c000-6dee3000 rw-p 00000000 00:00 0 
6dee3000-6e267000 r--s 00000000 00:12 137330     /run/shm/11747_045e.02ae@1.6_Depth
6e267000-6e2fe000 rw-p 00000000 00:00 0 
6e2fe000-6e2ff000 ---p 00000000 00:00 0 
6e2ff000-6eaff000 rwxp 00000000 00:00 0 
6eaff000-6ef00000 rw-p 00000000 00:00 0 
6ef00000-6effc000 rw-p 00000000 00:00 0 
6effc000-6f000000 ---p 00000000 00:00 0 
6f000000-6f003000 r--s 00000000 08:01 2627551    /var/cache/fontconfig/e383d7ea5fbe662a33d9b44caf393297-le32d4.cache-3
6f003000-6f00a000 r--s 00000000 08:01 2622661    /var/cache/fontconfig/6d41288fd70b0be22e8c3a91e032eec0-le32d4.cache-3
6f00a000-6f015000 r--s 00000000 08:01 2627526    /var/cache/fontconfig/0f34bcd4b6ee430af32735b75db7f02b-le32d4.cache-3
6f015000-6f200000 rw-p 00000000 00:00 0 
6f200000-6f2ff000 rw-p 00000000 00:00 0 
6f2ff000-6f300000 ---p 00000000 00:00 0 
6f300000-6f303000 r--s 00000000 08:01 2627528    /var/cache/fontconfig/2cd17615ca594fa2959ae173292e504c-le32d4.cache-3
6f303000-6f306000 r--s 00000000 08:01 2627548    /var/cache/fontconfig/d60319d88cac85ba9e1a07bd06cfbb8c-le32d4.cache-3
6f306000-6f30b000 r-xp 00000000 08:01 2495612    /usr/lib/i386-linux-gnu/libXdmcp.so.6.0.0
6f30b000-6f30c000 r--p 00004000 08:01 2495612    /usr/lib/i386-linux-gnu/libXdmcp.so.6.0.0
6f30c000-6f30d000 rw-p 00005000 08:01 2495612    /usr/lib/i386-linux-gnu/libXdmcp.so.6.0.0
6f30d000-6f31b000 r-xp 00000000 08:01 2495620    /usr/lib/i386-linux-gnu/libXi.so.6.1.0
6f31b000-6f31c000 r--p 0000d000 08:01 2495620    /usr/lib/i386-linux-gnu/libXi.so.6.1.0
6f31c000-6f31d000 rw-p 0000e000 08:01 2495620    /usr/lib/i386-linux-gnu/libXi.so.6.1.0
6f31d000-6f400000 rw-p 00000000 00:00 0 
6f400000-6f500000 rw-p 00000000 00:00 0 
6f500000-6f511000 r-xp 00000000 08:01 2495614    /usr/lib/i386-linux-gnu/libXext.so.6.4.0
6f511000-6f512000 r--p 00010000 08:01 2495614    /usr/lib/i386-linux-gnu/libXext.so.6.4.0
6f512000-6f513000 rw-p 00011000 08:01 2495614    /usr/lib/i386-linux-gnu/libXext.so.6.4.0
6f513000-6f700000 rw-p 00000000 00:00 0 
6f700000-6f8ff000 rw-p 00000000 00:00 0 
6f8ff000-6f900000 ---p 00000000 00:00 0 
6f900000-6f9fa000 rw-p 00000000 00:00 0 
6f9fa000-6fa00000 ---p 00000000 00:00 0 
6fa00000-6fb00000 rw-p 00000000 00:00 0 
6fb00000-6fc00000 rw-p 00000000 00:00 0 
6fc00000-6fc01000 r--s 00000000 08:01 2627543    /var/cache/fontconfig/c05880de57d1f5e948fdfacc138775d9-le32d4.cache-3
6fc01000-6fc02000 r--s 00000000 08:01 2627552    /var/cache/fontconfig/e7071f4a29fa870f4323321c154eba04-le32d4.cache-3
6fc02000-6fc04000 r-xp 00000000 08:01 2495604    /usr/lib/i386-linux-gnu/libXau.so.6.0.0
6fc04000-6fc05000 r--p 00001000 08:01 2495604    /usr/lib/i386-linux-gnu/libXau.so.6.0.0
6fc05000-6fc06000 rw-p 00002000 08:01 2495604    /usr/lib/i386-linux-gnu/libXau.so.6.0.0
6fc06000-6fc0b000 r-xp 00000000 08:01 2493164    /usr/lib/libXtst.so.6.1.0
6fc0b000-6fc0c000 r--p 00004000 08:01 2493164    /usr/lib/libXtst.so.6.1.0
6fc0c000-6fc0d000 rw-p 00005000 08:01 2493164    /usr/lib/libXtst.so.6.1.0
6fc0d000-6fc0e000 r--s 00000000 08:01 2625030    /var/cache/fontconfig/4794a0821666d79190d59a36cb4f44b5-le32d4.cache-3
6fc0e000-6fc1b000 r--s 00000000 08:01 2627547    /var/cache/fontconfig/d52a8644073d54c13679302ca1180695-le32d4.cache-3
6fc1b000-6fc21000 r--s 00000000 08:01 2633493    /var/cache/fontconfig/153bb866d4d26e7cd19eee2129f8d8d2-le32d4.cache-3
6fc21000-6fcb8000 rw-p 00000000 00:00 0 
6fcb8000-7003c000 r--s 00000000 00:12 137330     /run/shm/11747_045e.02ae@1.6_Depth
7003c000-700d3000 rw-p 00000000 00:00 0 
700d3000-700d4000 ---p 00000000 00:00 0 
700d4000-708d4000 rwxp 00000000 00:00 0 
708d4000-70cd5000 rw-p 00000000 00:00 0 
70cd5000-70d61000 r-xp 00000000 08:01 2504881    /usr/lib/libXnDeviceSensorV2KM.so
70d61000-70d6a000 r--p 0008b000 08:01 2504881    /usr/lib/libXnDeviceSensorV2KM.so
70d6a000-70d6b000 rw-p 00094000 08:01 2504881    /usr/lib/libXnDeviceSensorV2KM.so
70d6b000-70d97000 r-xp 00000000 08:01 2504355    /usr/lib/libXnDeviceFile.so
70d97000-70d98000 ---p 0002c000 08:01 2504355    /usr/lib/libXnDeviceFile.so
70d98000-70d99000 r--p 0002c000 08:01 2504355    /usr/lib/libXnDeviceFile.so
70d99000-70d9a000 rw-p 0002d000 08:01 2504355    /usr/lib/libXnDeviceFile.so
70d9a000-70dec000 r-xp 00000000 08:01 2504354    /usr/lib/libXnDDK.so
70dec000-70ded000 ---p 00052000 08:01 2504354    /usr/lib/libXnDDK.so
70ded000-70def000 r--p 00052000 08:01 2504354    /usr/lib/libXnDDK.so
70def000-70df0000 rw-p 00054000 08:01 2504354    /usr/lib/libXnDDK.so
70df0000-70e13000 r-xp 00000000 08:01 2504357    /usr/lib/libXnFormats.so
70e13000-70e14000 r--p 00022000 08:01 2504357    /usr/lib/libXnFormats.so
70e14000-70e15000 rw-p 00023000 08:01 2504357    /usr/lib/libXnFormats.so
70e15000-70e35000 rw-p 00000000 00:00 0 
70e35000-70e38000 r-xp 00000000 08:01 2504353    /usr/lib/libXnCore.so
70e38000-70e39000 r--p 00002000 08:01 2504353    /usr/lib/libXnCore.so
70e39000-70e3a000 rw-p 00003000 08:01 2504353    /usr/lib/libXnCore.so
70e3a000-70ed3000 r-xp 00000000 08:01 2504356    /usr/lib/libXnDeviceSensorV2.so
70ed3000-70edc000 r--p 00098000 08:01 2504356    /usr/lib/libXnDeviceSensorV2.so
70edc000-70edd000 rw-p 000a1000 08:01 2504356    /usr/lib/libXnDeviceSensorV2.so
70edd000-70fc0000 r-xp 00000000 08:01 2504285    /usr/lib/libXnVHandGenerator_1_5_2.so
70fc0000-70fc3000 r--p 000e3000 08:01 2504285    /usr/lib/libXnVHandGenerator_1_5_2.so
70fc3000-70fc4000 rw-p 000e6000 08:01 2504285    /usr/lib/libXnVHandGenerator_1_5_2.so
70fc4000-70fd0000 rw-p 00000000 00:00 0 
70fd0000-710a5000 r-xp 00000000 08:01 2504282    /usr/lib/libXnVHandGenerator_1_4_2.so
710a5000-710a6000 ---p 000d5000 08:01 2504282    /usr/lib/libXnVHandGenerator_1_4_2.so
710a6000-710a8000 r--p 000d5000 08:01 2504282    /usr/lib/libXnVHandGenerator_1_4_2.so
710a8000-710a9000 rw-p 000d7000 08:01 2504282    /usr/lib/libXnVHandGenerator_1_4_2.so
710a9000-710ab000 rw-p 00000000 00:00 0 
710ab000-7117f000 r-xp 00000000 08:01 2504279    /usr/lib/libXnVHandGenerator_1_4_1.so
7117f000-71180000 ---p 000d4000 08:01 2504279    /usr/lib/libXnVHandGenerator_1_4_1.so
71180000-71182000 r--p 000d4000 08:01 2504279    /usr/lib/libXnVHandGenerator_1_4_1.so
71182000-71183000 rw-p 000d6000 08:01 2504279    /usr/lib/libXnVHandGenerator_1_4_1.so
71183000-71185000 rw-p 00000000 00:00 0 
71185000-71263000 r-xp 00000000 08:01 2504275    /usr/lib/libXnVHandGenerator_1_3_1.so
71263000-71266000 r--p 000dd000 08:01 2504275    /usr/lib/libXnVHandGenerator_1_3_1.so
71266000-71267000 rw-p 000e0000 08:01 2504275    /usr/lib/libXnVHandGenerator_1_3_1.so
71267000-71269000 rw-p 00000000 00:00 0 
71269000-7166a000 r-xp 00000000 08:01 2504268    /usr/lib/libXnVFeatures_1_5_2.so
7166a000-7166b000 ---p 00401000 08:01 2504268    /usr/lib/libXnVFeatures_1_5_2.so
7166b000-71673000 r--p 00401000 08:01 2504268    /usr/lib/libXnVFeatures_1_5_2.so
71673000-71674000 rw-p 00409000 08:01 2504268    /usr/lib/libXnVFeatures_1_5_2.so
71674000-71688000 rw-p 00000000 00:00 0 
71688000-7186f000 r-xp 00000000 08:01 2504257    /usr/lib/libXnVFeatures_1_4_2.so
7186f000-71872000 r--p 001e6000 08:01 2504257    /usr/lib/libXnVFeatures_1_4_2.so
71872000-71873000 rw-p 001e9000 08:01 2504257    /usr/lib/libXnVFeatures_1_4_2.so
71873000-71878000 rw-p 00000000 00:00 0 
71878000-71a5f000 r-xp 00000000 08:01 2504252    /usr/lib/libXnVFeatures_1_4_1.so
71a5f000-71a62000 r--p 001e6000 08:01 2504252    /usr/lib/libXnVFeatures_1_4_1.so
71a62000-71a63000 rw-p 001e9000 08:01 2504252    /usr/lib/libXnVFeatures_1_4_1.so
71a63000-71a68000 rw-p 00000000 00:00 0 
71a68000-71c86000 r-xp 00000000 08:01 2504247    /usr/lib/libXnVFeatures_1_3_1.so
71c86000-71c87000 ---p 0021e000 08:01 2504247    /usr/lib/libXnVFeatures_1_3_1.so
71c87000-71c8a000 r--p 0021e000 08:01 2504247    /usr/lib/libXnVFeatures_1_3_1.so
71c8a000-71c8b000 rw-p 00221000 08:01 2504247    /usr/lib/libXnVFeatures_1_3_1.so
71c8b000-71c90000 rw-p 00000000 00:00 0 
71c90000-71cb3000 r-xp 00000000 08:01 2503957    /usr/lib/libnimRecorder.so
71cb3000-71cb4000 r--p 00023000 08:01 2503957    /usr/lib/libnimRecorder.so
71cb4000-71cb5000 rw-p 00024000 08:01 2503957    /usr/lib/libnimRecorder.so
71cb5000-71ce9000 r-xp 00000000 08:01 2503954    /usr/lib/libnimCodecs.so
71ce9000-71cea000 ---p 00034000 08:01 2503954    /usr/lib/libnimCodecs.so
71cea000-71cec000 r--p 00034000 08:01 2503954    /usr/lib/libnimCodecs.so
71cec000-71ced000 rw-p 00036000 08:01 2503954    /usr/lib/libnimCodecs.so
71ced000-71d0d000 rw-p 00000000 00:00 0 
71d0d000-71d3e000 r-xp 00000000 08:01 2503956    /usr/lib/libnimMockNodes.so
71d3e000-71d44000 r--p 00031000 08:01 2503956    /usr/lib/libnimMockNodes.so
71d44000-71d45000 rw-p 00037000 08:01 2503956    /usr/lib/libnimMockNodes.so
71d45000-71d52000 r-xp 00000000 08:01 1704944    /lib/i386-linux-gnu/libusb-1.0.so.0.0.0
71d52000-71d53000 r--p 0000c000 08:01 1704944    /lib/i386-linux-gnu/libusb-1.0.so.0.0.0
71d53000-71d54000 rw-p 0000d000 08:01 1704944    /lib/i386-linux-gnu/libusb-1.0.so.0.0.0
71d54000-71dd1000 r-xp 00000000 08:01 2503960    /usr/lib/libOpenNI.so
71dd1000-71dd3000 r--p 0007c000 08:01 2503960    /usr/lib/libOpenNI.so
71dd3000-71dd5000 rw-p 0007e000 08:01 2503960    /usr/lib/libOpenNI.so
71dd5000-71df3000 r-xp 00000000 08:01 2503959    /usr/lib/libOpenNI.jni.so
71df3000-71df4000 r--p 0001d000 08:01 2503959    /usr/lib/libOpenNI.jni.so
71df4000-71df6000 rw-p 0001e000 08:01 2503959    /usr/lib/libOpenNI.jni.so
71df6000-71dfd000 r-xp 00000000 08:01 1704036    /lib/libusb-0.1.so.4.4.4
71dfd000-71dfe000 r--p 00006000 08:01 1704036    /lib/libusb-0.1.so.4.4.4
71dfe000-71dff000 rw-p 00007000 08:01 1704036    /lib/libusb-0.1.so.4.4.4
71dff000-71e00000 rw-p 00000000 00:00 0 
71e00000-71efa000 rw-p 00000000 00:00 0 
71efa000-71f00000 ---p 00000000 00:00 0 
71f00000-71f01000 r--s 00000000 08:01 2627532    /var/cache/fontconfig/4c73fe0c47614734b17d736dbde7580a-le32d4.cache-3
71f01000-71f06000 r-xp 00000000 08:01 2513317    /usr/lib/libusbpp-0.1.so.4.4.4
71f06000-71f07000 r--p 00004000 08:01 2513317    /usr/lib/libusbpp-0.1.so.4.4.4
71f07000-71f08000 rw-p 00005000 08:01 2513317    /usr/lib/libusbpp-0.1.so.4.4.4
71f08000-71f09000 r--s 00000000 08:01 2627525    /var/cache/fontconfig/0d8c3b2ac0904cb8a57a757ad11a4a08-le32d4.cache-3
71f09000-71f0a000 r--s 00000000 08:01 2627535    /var/cache/fontconfig/6a53c69dea097a2d716e069445527da8-le32d4.cache-3
71f0a000-71f13000 r-xp 00000000 08:01 2495626    /usr/lib/i386-linux-gnu/libXrender.so.1.3.0
71f13000-71f14000 r--p 00008000 08:01 2495626    /usr/lib/i386-linux-gnu/libXrender.so.1.3.0
71f14000-71f15000 rw-p 00009000 08:01 2495626    /usr/lib/i386-linux-gnu/libXrender.so.1.3.0
71f15000-71f1c000 r--s 000fb000 08:01 2896159    /usr/lib/jvm/java-6-openjdk/jre/lib/resources.jar
71f1c000-71f24000 r-xp 00000000 08:01 269300     /usr/lib/libusbJava.so.0.2.4
71f24000-71f25000 rw-p 00007000 08:01 269300     /usr/lib/libusbJava.so.0.2.4
71f25000-71f43000 r--s 0024d000 08:01 270057     /home/norut/workspace/CommModule3.0/lib/KinectLibrary.jar
71f43000-71f45000 r--s 0004c000 08:01 270165     /home/norut/workspace/CommModule3.0/lib/vecmath.jar
71f45000-71f49000 r--s 0001b000 08:01 270164     /home/norut/workspace/CommModule3.0/lib/org.OpenNI.jar
71f49000-71f57000 r--s 00193000 08:01 270161     /home/norut/workspace/CommModule3.0/lib/j3dutils.jar
71f57000-71f63000 r--s 002c7000 08:01 270151     /home/norut/workspace/CommModule3.0/lib/j3dcore.jar
71f63000-71f67000 r--s 000fc000 08:01 268885     /home/norut/workspace/CommModule3.0/lib/NoninLibrary.jar
71f67000-71f6a000 r--s 00012000 08:01 268892     /home/norut/workspace/CommModule3.0/lib/IRGlanceLibrary.jar
71f6a000-71f6d000 r--s 00011000 08:01 269114     /home/norut/workspace/CommModule3.0/lib/wii-gee-plugin-wiimote-android_fat.jar
71f6d000-71f70000 r--s 0007d000 08:01 2896155    /usr/lib/jvm/java-6-openjdk/jre/lib/jsse.jar
71f70000-71f75000 r--s 0009b000 08:01 268849     /home/norut/workspace/CommModule3.0/lib/WiiboardSimple2.0.jar
71f75000-71f7d000 r--s 00066000 08:01 2895241    /usr/share/java/gnome-java-bridge.jar
71f7d000-71f7e000 ---p 00000000 00:00 0 
71f7e000-7204f000 rwxp 00000000 00:00 0 
7204f000-72050000 ---p 00000000 00:00 0 
72050000-720d0000 rwxp 00000000 00:00 0 
720d0000-720d1000 ---p 00000000 00:00 0 
720d1000-721a2000 rwxp 00000000 00:00 0 
721a2000-721a3000 r--p 006a5000 08:01 2497487    /usr/lib/locale/locale-archive
721a3000-722d4000 r--p 0043d000 08:01 2497487    /usr/lib/locale/locale-archive
722d4000-72314000 r--p 002bd000 08:01 2497487    /usr/lib/locale/locale-archive
72314000-72514000 r--p 00000000 08:01 2497487    /usr/lib/locale/locale-archive
72514000-725b6000 rwxp 00000000 00:00 0 
725b6000-725b7000 ---p 00000000 00:00 0 
725b7000-72637000 rwxp 00000000 00:00 0 
72637000-7266a000 rw-p 00000000 00:00 0 
7266a000-727fa000 r--s 037ba000 08:01 2886099    /usr/lib/jvm/java-6-openjdk/jre/lib/rt.jar
727fa000-727fb000 ---p 00000000 00:00 0 
727fb000-7287b000 rwxp 00000000 00:00 0 
7287b000-7287c000 ---p 00000000 00:00 0 
7287c000-728fc000 rwxp 00000000 00:00 0 
728fc000-72904000 rw-p 00000000 00:00 0 
72904000-7293c000 rw-p 00000000 00:00 0 
7293c000-7294f000 rw-p 00000000 00:00 0 
7294f000-72a6a000 rw-p 00000000 00:00 0 
72a6a000-72a72000 rw-p 00000000 00:00 0 
72a72000-72aaa000 rw-p 00000000 00:00 0 
72aaa000-72abd000 rw-p 00000000 00:00 0 
72abd000-72bd8000 rw-p 00000000 00:00 0 
72bd8000-72be2000 rw-p 00000000 00:00 0 
72be2000-72c6f000 rw-p 00000000 00:00 0 
72c6f000-73c70000 rw-p 00000000 00:00 0 
73c70000-7ac70000 rw-p 00000000 00:00 0 
7ac70000-7d230000 rw-p 00000000 00:00 0 
7d230000-a0870000 rw-p 00000000 00:00 0 
a0870000-a1b40000 rw-p 00000000 00:00 0 
a1b40000-b3670000 rw-p 00000000 00:00 0 
b3670000-b3679000 rw-p 00000000 00:00 0 
b3679000-b3730000 rw-p 00000000 00:00 0 
b3730000-b3970000 rwxp 00000000 00:00 0 
b3970000-b6730000 rw-p 00000000 00:00 0 
b6730000-b673b000 r-xp 00000000 08:01 1713725    /lib/i386-linux-gnu/libnss_files-2.13.so
b673b000-b673c000 r--p 0000a000 08:01 1713725    /lib/i386-linux-gnu/libnss_files-2.13.so
b673c000-b673d000 rw-p 0000b000 08:01 1713725    /lib/i386-linux-gnu/libnss_files-2.13.so
b673d000-b6747000 r-xp 00000000 08:01 1713727    /lib/i386-linux-gnu/libnss_nis-2.13.so
b6747000-b6748000 r--p 00009000 08:01 1713727    /lib/i386-linux-gnu/libnss_nis-2.13.so
b6748000-b6749000 rw-p 0000a000 08:01 1713727    /lib/i386-linux-gnu/libnss_nis-2.13.so
b6749000-b675e000 r-xp 00000000 08:01 1713722    /lib/i386-linux-gnu/libnsl-2.13.so
b675e000-b675f000 r--p 00015000 08:01 1713722    /lib/i386-linux-gnu/libnsl-2.13.so
b675f000-b6760000 rw-p 00016000 08:01 1713722    /lib/i386-linux-gnu/libnsl-2.13.so
b6760000-b6762000 rw-p 00000000 00:00 0 
b6762000-b676a000 r-xp 00000000 08:01 1713723    /lib/i386-linux-gnu/libnss_compat-2.13.so
b676a000-b676b000 r--p 00007000 08:01 1713723    /lib/i386-linux-gnu/libnss_compat-2.13.so
b676b000-b676c000 rw-p 00008000 08:01 1713723    /lib/i386-linux-gnu/libnss_compat-2.13.so
b676c000-b676f000 r--s 00000000 08:01 2633498    /var/cache/fontconfig/7ef2298fde41cc6eeb7af42e48b7d293-le32d4.cache-3
b676f000-b6776000 r-xp 00000000 08:01 2896164    /usr/lib/jvm/java-6-openjdk/jre/lib/i386/libzip.so
b6776000-b6777000 r--p 00006000 08:01 2896164    /usr/lib/jvm/java-6-openjdk/jre/lib/i386/libzip.so
b6777000-b6778000 rw-p 00007000 08:01 2896164    /usr/lib/jvm/java-6-openjdk/jre/lib/i386/libzip.so
b6778000-b6780000 rw-s 00000000 08:01 1574072    /tmp/hsperfdata_root/11730
b6780000-b67a6000 r-xp 00000000 08:01 2886119    /usr/lib/jvm/java-6-openjdk/jre/lib/i386/libjava.so
b67a6000-b67a7000 r--p 00025000 08:01 2886119    /usr/lib/jvm/java-6-openjdk/jre/lib/i386/libjava.so
b67a7000-b67a9000 rw-p 00026000 08:01 2886119    /usr/lib/jvm/java-6-openjdk/jre/lib/i386/libjava.so
b67a9000-b67b0000 r-xp 00000000 08:01 1713732    /lib/i386-linux-gnu/librt-2.13.so
b67b0000-b67b1000 r--p 00006000 08:01 1713732    /lib/i386-linux-gnu/librt-2.13.so
b67b1000-b67b2000 rw-p 00007000 08:01 1713732    /lib/i386-linux-gnu/librt-2.13.so
b67b2000-b67b5000 ---p 00000000 00:00 0 
b67b5000-b6803000 rwxp 00000000 00:00 0 
b6803000-b681f000 r-xp 00000000 08:01 1704890    /lib/i386-linux-gnu/libgcc_s.so.1
b681f000-b6820000 r--p 0001b000 08:01 1704890    /lib/i386-linux-gnu/libgcc_s.so.1
b6820000-b6821000 rw-p 0001c000 08:01 1704890    /lib/i386-linux-gnu/libgcc_s.so.1
b6821000-b6849000 r-xp 00000000 08:01 1713720    /lib/i386-linux-gnu/libm-2.13.so
b6849000-b684a000 r--p 00028000 08:01 1713720    /lib/i386-linux-gnu/libm-2.13.so
b684a000-b684b000 rw-p 00029000 08:01 1713720    /lib/i386-linux-gnu/libm-2.13.so
b684b000-b6929000 r-xp 00000000 08:01 2495867    /usr/lib/i386-linux-gnu/libstdc++.so.6.0.16
b6929000-b692a000 ---p 000de000 08:01 2495867    /usr/lib/i386-linux-gnu/libstdc++.so.6.0.16
b692a000-b692e000 r--p 000de000 08:01 2495867    /usr/lib/i386-linux-gnu/libstdc++.so.6.0.16
b692e000-b692f000 rw-p 000e2000 08:01 2495867    /usr/lib/i386-linux-gnu/libstdc++.so.6.0.16
b692f000-b6936000 rw-p 00000000 00:00 0 
b6936000-b7154000 r-xp 00000000 08:01 3028099    /usr/lib/jvm/java-6-openjdk/jre/lib/i386/server/libjvm.so
b7154000-b7199000 r--p 0081e000 08:01 3028099    /usr/lib/jvm/java-6-openjdk/jre/lib/i386/server/libjvm.so
b7199000-b71a8000 rw-p 00863000 08:01 3028099    /usr/lib/jvm/java-6-openjdk/jre/lib/i386/server/libjvm.so
b71a8000-b75c4000 rw-p 00000000 00:00 0 
b75c4000-b75d7000 r-xp 00000000 08:01 1704952    /lib/i386-linux-gnu/libz.so.1.2.3.4
b75d7000-b75d8000 r--p 00012000 08:01 1704952    /lib/i386-linux-gnu/libz.so.1.2.3.4
b75d8000-b75d9000 rw-p 00013000 08:01 1704952    /lib/i386-linux-gnu/libz.so.1.2.3.4
b75d9000-b7751000 r-xp 00000000 08:01 1713716    /lib/i386-linux-gnu/libc-2.13.so
b7751000-b7753000 r--p 00178000 08:01 1713716    /lib/i386-linux-gnu/libc-2.13.so
b7753000-b7754000 rw-p 0017a000 08:01 1713716    /lib/i386-linux-gnu/libc-2.13.so
b7754000-b7757000 rw-p 00000000 00:00 0 
b7757000-b775a000 r-xp 00000000 08:01 1713719    /lib/i386-linux-gnu/libdl-2.13.so
b775a000-b775b000 r--p 00002000 08:01 1713719    /lib/i386-linux-gnu/libdl-2.13.so
b775b000-b775c000 rw-p 00003000 08:01 1713719    /lib/i386-linux-gnu/libdl-2.13.so
b775c000-b7760000 r-xp 00000000 08:01 2886103    /usr/lib/jvm/java-6-openjdk/jre/lib/i386/jli/libjli.so
b7760000-b7761000 r--p 00003000 08:01 2886103    /usr/lib/jvm/java-6-openjdk/jre/lib/i386/jli/libjli.so
b7761000-b7762000 rw-p 00004000 08:01 2886103    /usr/lib/jvm/java-6-openjdk/jre/lib/i386/jli/libjli.so
b7762000-b7763000 rw-p 00000000 00:00 0 
b7763000-b777a000 r-xp 00000000 08:01 1713730    /lib/i386-linux-gnu/libpthread-2.13.so
b777a000-b777b000 r--p 00016000 08:01 1713730    /lib/i386-linux-gnu/libpthread-2.13.so
b777b000-b777c000 rw-p 00017000 08:01 1713730    /lib/i386-linux-gnu/libpthread-2.13.so
b777c000-b777e000 rw-p 00000000 00:00 0 
b777e000-b7780000 r--s 00000000 08:01 2622659    /var/cache/fontconfig/e13b20fdb08344e0e664864cc2ede53d-le32d4.cache-3
b7780000-b7782000 r--s 0000f000 08:01 2896143    /usr/lib/jvm/java-6-openjdk/jre/lib/ext/pulse-java.jar
b7782000-b7783000 rw-p 00000000 00:00 0 
b7783000-b7784000 ---p 00000000 00:00 0 
b7784000-b778f000 r-xp 00000000 08:01 2886139    /usr/lib/jvm/java-6-openjdk/jre/lib/i386/libverify.so
b778f000-b7790000 ---p 0000b000 08:01 2886139    /usr/lib/jvm/java-6-openjdk/jre/lib/i386/libverify.so
b7790000-b7791000 r--p 0000b000 08:01 2886139    /usr/lib/jvm/java-6-openjdk/jre/lib/i386/libverify.so
b7791000-b7792000 rw-p 0000c000 08:01 2886139    /usr/lib/jvm/java-6-openjdk/jre/lib/i386/libverify.so
b7792000-b7794000 rw-p 00000000 00:00 0 
b7794000-b7795000 r-xp 00000000 00:00 0          [vdso]
b7795000-b77b3000 r-xp 00000000 08:01 1713713    /lib/i386-linux-gnu/ld-2.13.so
b77b3000-b77b4000 r--p 0001d000 08:01 1713713    /lib/i386-linux-gnu/ld-2.13.so
b77b4000-b77b5000 rw-p 0001e000 08:01 1713713    /lib/i386-linux-gnu/ld-2.13.so
bf9bd000-bf9dc000 rwxp 00000000 00:00 0          [stack]
bf9dc000-bf9de000 rw-p 00000000 00:00 0 

VM Arguments:
jvm_args: -Dfile.encoding=UTF-8 
java_command: test.TestGrande
Launcher Type: SUN_STANDARD

Environment Variables:
PATH=/usr/local/sbin:/usr/local/bin:/usr/sbin:/usr/bin:/sbin:/bin:/usr/X11R6/bin
USERNAME=root
LD_LIBRARY_PATH=/usr/lib/jvm/java-6-openjdk/jre/lib/i386/server:/usr/lib/jvm/java-6-openjdk/jre/lib/i386:/usr/lib/jvm/java-6-openjdk/jre/../lib/i386:/usr/lib/jvm/java-6-openjdk/jre/lib/i386/client:/usr/lib/jvm/java-6-openjdk/jre/lib/i386:
SHELL=/bin/bash
DISPLAY=:0.0

Signal Handlers:
SIGSEGV: [libjvm.so+0x66a530], sa_mask[0]=0x7ffbfeff, sa_flags=0x10000004
SIGBUS: [libjvm.so+0x66a530], sa_mask[0]=0x7ffbfeff, sa_flags=0x10000004
SIGFPE: [libjvm.so+0x52e2c0], sa_mask[0]=0x7ffbfeff, sa_flags=0x10000004
SIGPIPE: [libjvm.so+0x52e2c0], sa_mask[0]=0x7ffbfeff, sa_flags=0x10000004
SIGXFSZ: [libjvm.so+0x52e2c0], sa_mask[0]=0x7ffbfeff, sa_flags=0x10000004
SIGILL: [libjvm.so+0x52e2c0], sa_mask[0]=0x7ffbfeff, sa_flags=0x10000004
SIGUSR1: SIG_DFL, sa_mask[0]=0x00000000, sa_flags=0x00000000
SIGUSR2: [libjvm.so+0x52e150], sa_mask[0]=0x00000004, sa_flags=0x10000004
SIGHUP: [libjvm.so+0x5311f0], sa_mask[0]=0x7ffbfeff, sa_flags=0x10000004
SIGINT: [libjvm.so+0x5311f0], sa_mask[0]=0x7ffbfeff, sa_flags=0x10000004
SIGTERM: [libjvm.so+0x5311f0], sa_mask[0]=0x7ffbfeff, sa_flags=0x10000004
SIGQUIT: [libjvm.so+0x5311f0], sa_mask[0]=0x7ffbfeff, sa_flags=0x10000004


---------------  S Y S T E M  ---------------

OS:Ubuntu 11.10 (oneiric)
uname:Linux 3.0.0-17-generic-pae #30-Ubuntu SMP Thu Mar 8 17:53:35 UTC 2012 i686
libc:glibc 2.13 NPTL 2.13 
rlimit: STACK 8192k, CORE 0k, NPROC 28837, NOFILE 4096, AS infinity
load average:2.41 0.75 0.41

/proc/meminfo:
MemTotal:        3705192 kB
MemFree:         1386012 kB
Buffers:           90404 kB
Cached:           990476 kB
SwapCached:            0 kB
Active:          1447460 kB
Inactive:         649584 kB
Active(anon):    1017068 kB
Inactive(anon):    11100 kB
Active(file):     430392 kB
Inactive(file):   638484 kB
Unevictable:          60 kB
Mlocked:              60 kB
HighTotal:       2866712 kB
HighFree:         720396 kB
LowTotal:         838480 kB
LowFree:          665616 kB
SwapTotal:       3778556 kB
SwapFree:        3778556 kB
Dirty:               124 kB
Writeback:             0 kB
AnonPages:       1016268 kB
Mapped:           228544 kB
Shmem:             12008 kB
Slab:              45644 kB
SReclaimable:      30432 kB
SUnreclaim:        15212 kB
KernelStack:        3552 kB
PageTables:        10340 kB
NFS_Unstable:          0 kB
Bounce:                0 kB
WritebackTmp:          0 kB
CommitLimit:     5631152 kB
Committed_AS:    2795216 kB
VmallocTotal:     122880 kB
VmallocUsed:       45948 kB
VmallocChunk:      73112 kB
HardwareCorrupted:     0 kB
AnonHugePages:         0 kB
HugePages_Total:       0
HugePages_Free:        0
HugePages_Rsvd:        0
HugePages_Surp:        0
Hugepagesize:       2048 kB
DirectMap4k:       10232 kB
DirectMap2M:      903168 kB


CPU:total 2 (2 cores per cpu, 1 threads per core) family 20 model 1 stepping 0, cmov, cx8, fxsr, mmx, sse, sse2, sse3, ssse3, popcnt, mmxext, lzcnt, sse4a

Memory: 4k page, physical 3705192k(1386012k free), swap 3778556k(3778556k free)

vm_info: OpenJDK Server VM (20.0-b11) for linux-x86 JRE (1.6.0_23-b23), built on Feb 23 2012 06:26:43 by "buildd" with gcc 4.6.1

