#
# A fatal error has been detected by the Java Runtime Environment:
#
#  SIGSEGV (0xb) at pc=0xb75f6750, pid=12177, tid=1913060208
#
# JRE version: 6.0_23-b23
# Java VM: OpenJDK Server VM (20.0-b11 mixed mode linux-x86 )
# Derivative: IcedTea6 1.11pre
# Distribution: Ubuntu 11.10, package 6b23~pre11-0ubuntu1.11.10.2
# Problematic frame:
# C  [libc.so.6+0x71750]  _IO_str_pbackfail+0x2a70
#
# If you would like to submit a bug report, please include
# instructions how to reproduce the bug and visit:
#   https://bugs.launchpad.net/ubuntu/+source/openjdk-6/
#

---------------  T H R E A D  ---------------

Current thread (0x09a47c00):  JavaThread "C2 CompilerThread1" daemon [_thread_in_vm, id=12190, stack(0x71fef000,0x72070000)]

siginfo:si_signo=SIGSEGV: si_errno=0, si_code=1 (SEGV_MAPERR), si_addr=0x0000000e

Registers:
EAX=0x00000002, EBX=0xb76feff4, ECX=0x09d644e0, EDX=0xb7700478
ESP=0x7206e2ac, EBP=0x00000050, ESI=0x00000051, EDI=0xb7700400
EIP=0xb75f6750, EFLAGS=0x00210287, CR2=0x0000000e

Top of Stack: (sp=0x7206e2ac)
0x7206e2ac:   b7144ff4 0000000e 72f3ba08 b374c038
0x7206e2bc:   b6c41722 b374bd80 000000ae baadbf29
0x7206e2cc:   b6df501a 00000010 00002710 00000010
0x7206e2dc:   b7700430 b7700438 000000ae 0000000c
0x7206e2ec:   00000002 00000020 00000002 00000004
0x7206e2fc:   b76feff4 b7700400 72f8cf88 0000000c
0x7206e30c:   b75f87f8 b374bc08 72e56b70 099ac5d8
0x7206e31c:   b68d9ff4 0000000c 72f8cf88 7206e3cc 

Instructions: (pc=0xb75f6750)
0xb75f6730:   44 24 40 e9 c7 fa ff ff 8b 71 04 89 f5 83 e5 f8
0xb75f6740:   39 6c 24 2c 0f 87 64 08 00 00 8b 41 08 8b 51 0c
0xb75f6750:   3b 48 0c 0f 85 34 08 00 00 3b 4a 08 0f 85 2b 08
0xb75f6760:   00 00 81 fe ff 01 00 00 89 50 0c 89 42 08 76 2f 

Register to memory mapping:

EAX=0x00000002 is an unknown value
EBX=0xb76feff4: <offset 0x179ff4> in /lib/i386-linux-gnu/libc.so.6 at 0xb7585000
ECX=0x09d644e0 is an unknown value
EDX=0xb7700478: <offset 0x17b478> in /lib/i386-linux-gnu/libc.so.6 at 0xb7585000
ESP=0x7206e2ac is pointing into the stack for thread: 0x09a47c00
EBP=0x00000050 is an unknown value
ESI=0x00000051 is an unknown value
EDI=0xb7700400: <offset 0x17b400> in /lib/i386-linux-gnu/libc.so.6 at 0xb7585000


Stack: [0x71fef000,0x72070000],  sp=0x7206e2ac,  free space=508k
Native frames: (J=compiled Java code, j=interpreted, Vv=VM code, C=native code)
C  [libc.so.6+0x71750]  _IO_str_pbackfail+0x2a70

[error occurred during error reporting (printing native stack), id 0xb]


Current CompileTask:
C2:  10842  68  !   control.DeviceManager.adjustKinectForTheBestTilt()V (97 bytes)


---------------  P R O C E S S  ---------------

Java Threads: ( => current thread )
  0x5e522800 JavaThread "Thread-10" [_thread_in_native, id=12215, stack(0x5e40d000,0x5e45e000)]
  0x71d2ac00 JavaThread "Thread-9" [_thread_in_native, id=12214, stack(0x5e45e000,0x5e4af000)]
  0x71d2a000 JavaThread "Thread-8" [_thread_in_native, id=12213, stack(0x5e4af000,0x5e500000)]
  0x5e8aa000 JavaThread "Thread-7" [_thread_in_native, id=12212, stack(0x5e630000,0x5e681000)]
  0x71d28800 JavaThread "Thread-6" [_thread_in_native, id=12211, stack(0x5e681000,0x5e6d2000)]
  0x71d26c00 JavaThread "Thread-5" [_thread_in_native, id=12210, stack(0x5e90d000,0x5e95e000)]
  0x71d26000 JavaThread "Thread-4" [_thread_in_native, id=12209, stack(0x5e95e000,0x5e9af000)]
  0x5e8ab000 JavaThread "Thread-3" [_thread_in_native, id=12208, stack(0x5e9af000,0x5ea00000)]
  0x71d6f000 JavaThread "Thread-1" [_thread_in_vm, id=12203, stack(0x6f406000,0x6f457000)]
  0x09a4b000 JavaThread "Low Memory Detector" daemon [_thread_blocked, id=12191, stack(0x71f9e000,0x71fef000)]
=>0x09a47c00 JavaThread "C2 CompilerThread1" daemon [_thread_in_vm, id=12190, stack(0x71fef000,0x72070000)]
  0x09a45c00 JavaThread "C2 CompilerThread0" daemon [_thread_in_native, id=12189, stack(0x72070000,0x720f1000)]
  0x09a44400 JavaThread "Signal Dispatcher" daemon [_thread_blocked, id=12188, stack(0x720f1000,0x72142000)]
  0x09a31800 JavaThread "Finalizer" daemon [_thread_blocked, id=12187, stack(0x724b4000,0x72505000)]
  0x09a30000 JavaThread "Reference Handler" daemon [_thread_blocked, id=12186, stack(0x72505000,0x72556000)]
  0x099a7800 JavaThread "main" [_thread_in_native, id=12182, stack(0xb675e000,0xb67af000)]

Other Threads:
  0x09a2c000 VMThread [stack: 0x72556000,0x725d7000] [id=12185]
  0x09a4d000 WatcherThread [stack: 0x71f1d000,0x71f9e000] [id=12192]

VM state:not at safepoint (normal execution)

VM Mutex/Monitor currently owned by a thread:  ([mutex/lock_event])
[0x099a4758] CodeCache_lock - owner thread: 0x09a47c00
[0x099a5180] Threads_lock - owner thread: 0x71d6f000
[0x099a59a0] Compile_lock - owner thread: 0x09a47c00
[0x099a5a70] MethodCompileQueue_lock - owner thread: 0x09a47c00

Heap
 PSYoungGen      total 16896K, used 7971K [0xa0810000, 0xa1ae0000, 0xb3610000)
  eden space 14528K, 54% used [0xa0810000,0xa0fd8f78,0xa1640000)
  from space 2368K, 0% used [0xa1890000,0xa1890000,0xa1ae0000)
  to   space 2368K, 0% used [0xa1640000,0xa1640000,0xa1890000)
 PSOldGen        total 38656K, used 0K [0x7ac10000, 0x7d1d0000, 0xa0810000)
  object space 38656K, 0% used [0x7ac10000,0x7ac10000,0x7d1d0000)
 PSPermGen       total 16384K, used 4276K [0x72c10000, 0x73c10000, 0x7ac10000)
  object space 16384K, 26% used [0x72c10000,0x7303d0f0,0x73c10000)

Code Cache  [0xb36dc000, 0xb391c000, 0xb66dc000)
 total_blobs=206 nmethods=72 adapters=87 free_code_cache=49870144 largest_free_block=6208

Dynamic libraries:
08048000-08051000 r-xp 00000000 08:01 3029976    /usr/lib/jvm/java-6-openjdk/jre/bin/java
08051000-08052000 r--p 00008000 08:01 3029976    /usr/lib/jvm/java-6-openjdk/jre/bin/java
08052000-08053000 rw-p 00009000 08:01 3029976    /usr/lib/jvm/java-6-openjdk/jre/bin/java
099a0000-09e78000 rw-p 00000000 00:00 0          [heap]
5e2af000-5e300000 rwxp 00000000 00:00 0 
5e300000-5e321000 rw-p 00000000 00:00 0 
5e321000-5e400000 ---p 00000000 00:00 0 
5e40d000-5e410000 ---p 00000000 00:00 0 
5e410000-5e45e000 rwxp 00000000 00:00 0 
5e45e000-5e461000 ---p 00000000 00:00 0 
5e461000-5e4af000 rwxp 00000000 00:00 0 
5e4af000-5e4b2000 ---p 00000000 00:00 0 
5e4b2000-5e500000 rwxp 00000000 00:00 0 
5e500000-5e566000 rw-p 00000000 00:00 0 
5e566000-5e600000 ---p 00000000 00:00 0 
5e630000-5e633000 ---p 00000000 00:00 0 
5e633000-5e681000 rwxp 00000000 00:00 0 
5e681000-5e684000 ---p 00000000 00:00 0 
5e684000-5e6d2000 rwxp 00000000 00:00 0 
5e6d2000-5e800000 rw-p 00000000 00:00 0 
5e800000-5e8ff000 rw-p 00000000 00:00 0 
5e8ff000-5e900000 ---p 00000000 00:00 0 
5e90d000-5e910000 ---p 00000000 00:00 0 
5e910000-5e95e000 rwxp 00000000 00:00 0 
5e95e000-5e961000 ---p 00000000 00:00 0 
5e961000-5e9af000 rwxp 00000000 00:00 0 
5e9af000-5e9b2000 ---p 00000000 00:00 0 
5e9b2000-5ea00000 rwxp 00000000 00:00 0 
5ea00000-5eaff000 rw-p 00000000 00:00 0 
5eaff000-5eb00000 ---p 00000000 00:00 0 
5eb17000-5f200000 rw-p 00000000 00:00 0 
5f200000-5f300000 rw-p 00000000 00:00 0 
5f335000-5f70a000 rw-p 00000000 00:00 0 
5f70a000-61800000 r--s 00000000 00:12 139257     /run/shm/12194_045e.02ae@1.6_Image
61800000-618fe000 rw-p 00000000 00:00 0 
618fe000-61900000 ---p 00000000 00:00 0 
6191e000-61a00000 rw-p 00000000 00:00 0 
61a00000-61c00000 rw-p 00000000 00:00 0 
61c00000-61e00000 rw-p 00000000 00:00 0 
61e00000-62000000 rw-p 00000000 00:00 0 
62000000-62200000 rw-p 00000000 00:00 0 
62200000-62400000 rw-p 00000000 00:00 0 
62400000-62600000 rw-p 00000000 00:00 0 
62600000-62800000 rw-p 00000000 00:00 0 
62800000-62a00000 rw-p 00000000 00:00 0 
62a00000-62c00000 rw-p 00000000 00:00 0 
62c00000-62e00000 rw-p 00000000 00:00 0 
62e00000-63000000 rw-p 00000000 00:00 0 
63000000-63200000 rw-p 00000000 00:00 0 
63200000-63400000 rw-p 00000000 00:00 0 
63400000-63600000 rw-p 00000000 00:00 0 
63600000-63800000 rw-p 00000000 00:00 0 
63800000-63a00000 rw-p 00000000 00:00 0 
63a00000-63c00000 rw-p 00000000 00:00 0 
63c00000-63e00000 rw-p 00000000 00:00 0 
63e00000-64000000 rw-p 00000000 00:00 0 
64000000-64200000 rw-p 00000000 00:00 0 
64200000-64400000 rw-p 00000000 00:00 0 
64400000-64600000 rw-p 00000000 00:00 0 
64600000-64800000 rw-p 00000000 00:00 0 
64800000-64a00000 rw-p 00000000 00:00 0 
64a00000-64c00000 rw-p 00000000 00:00 0 
64c00000-64e00000 rw-p 00000000 00:00 0 
64e00000-65000000 rw-p 00000000 00:00 0 
65000000-65200000 rw-p 00000000 00:00 0 
65200000-65400000 rw-p 00000000 00:00 0 
65400000-65500000 rw-p 00000000 00:00 0 
6550e000-6b900000 rw-p 00000000 00:00 0 
6b900000-6ba00000 rw-p 00000000 00:00 0 
6ba1a000-6c400000 rw-p 00000000 00:00 0 
6c400000-6c4f7000 rw-p 00000000 00:00 0 
6c4f7000-6c500000 ---p 00000000 00:00 0 
6c523000-6c600000 rw-p 00000000 00:00 0 
6c600000-6c700000 rw-p 00000000 00:00 0 
6c705000-6c900000 rw-p 00000000 00:00 0 
6c900000-6cb00000 rw-p 00000000 00:00 0 
6cb00000-6cbff000 rw-p 00000000 00:00 0 
6cbff000-6cc00000 ---p 00000000 00:00 0 
6cc0b000-6cd00000 rw-p 00000000 00:00 0 
6cd00000-6cdfa000 rw-p 00000000 00:00 0 
6cdfa000-6ce00000 ---p 00000000 00:00 0 
6ce0e000-6dee3000 rw-p 00000000 00:00 0 
6dee3000-6e267000 r--s 00000000 00:12 140471     /run/shm/12194_045e.02ae@1.6_Depth
6e267000-6e2fe000 rw-p 00000000 00:00 0 
6e2fe000-6e2ff000 ---p 00000000 00:00 0 
6e2ff000-6eaff000 rwxp 00000000 00:00 0 
6eaff000-6ef00000 rw-p 00000000 00:00 0 
6ef00000-6effd000 rw-p 00000000 00:00 0 
6effd000-6f000000 ---p 00000000 00:00 0 
6f01d000-6f100000 rw-p 00000000 00:00 0 
6f100000-6f1ff000 rw-p 00000000 00:00 0 
6f1ff000-6f200000 ---p 00000000 00:00 0 
6f215000-6f300000 rw-p 00000000 00:00 0 
6f300000-6f400000 rw-p 00000000 00:00 0 
6f406000-6f409000 ---p 00000000 00:00 0 
6f409000-6f457000 rwxp 00000000 00:00 0 
6f457000-6f700000 rw-p 00000000 00:00 0 
6f700000-6f8ff000 rw-p 00000000 00:00 0 
6f8ff000-6f900000 ---p 00000000 00:00 0 
6f900000-6f9fe000 rw-p 00000000 00:00 0 
6f9fe000-6fa00000 ---p 00000000 00:00 0 
6fa00000-6fb00000 rw-p 00000000 00:00 0 
6fb00000-6fbff000 rw-p 00000000 00:00 0 
6fbff000-6fc00000 ---p 00000000 00:00 0 
6fc18000-6fc64000 rw-p 00000000 00:00 0 
6fc64000-6ffe8000 r--s 00000000 00:12 140471     /run/shm/12194_045e.02ae@1.6_Depth
6ffe8000-7007f000 rw-p 00000000 00:00 0 
7007f000-70080000 ---p 00000000 00:00 0 
70080000-70880000 rwxp 00000000 00:00 0 
70880000-70c81000 rw-p 00000000 00:00 0 
70c81000-70d0d000 r-xp 00000000 08:01 2504881    /usr/lib/libXnDeviceSensorV2KM.so
70d0d000-70d16000 r--p 0008b000 08:01 2504881    /usr/lib/libXnDeviceSensorV2KM.so
70d16000-70d17000 rw-p 00094000 08:01 2504881    /usr/lib/libXnDeviceSensorV2KM.so
70d17000-70d43000 r-xp 00000000 08:01 2504355    /usr/lib/libXnDeviceFile.so
70d43000-70d44000 ---p 0002c000 08:01 2504355    /usr/lib/libXnDeviceFile.so
70d44000-70d45000 r--p 0002c000 08:01 2504355    /usr/lib/libXnDeviceFile.so
70d45000-70d46000 rw-p 0002d000 08:01 2504355    /usr/lib/libXnDeviceFile.so
70d46000-70d98000 r-xp 00000000 08:01 2504354    /usr/lib/libXnDDK.so
70d98000-70d99000 ---p 00052000 08:01 2504354    /usr/lib/libXnDDK.so
70d99000-70d9b000 r--p 00052000 08:01 2504354    /usr/lib/libXnDDK.so
70d9b000-70d9c000 rw-p 00054000 08:01 2504354    /usr/lib/libXnDDK.so
70d9c000-70dbf000 r-xp 00000000 08:01 2504357    /usr/lib/libXnFormats.so
70dbf000-70dc0000 r--p 00022000 08:01 2504357    /usr/lib/libXnFormats.so
70dc0000-70dc1000 rw-p 00023000 08:01 2504357    /usr/lib/libXnFormats.so
70dc1000-70de1000 rw-p 00000000 00:00 0 
70de1000-70de4000 r-xp 00000000 08:01 2504353    /usr/lib/libXnCore.so
70de4000-70de5000 r--p 00002000 08:01 2504353    /usr/lib/libXnCore.so
70de5000-70de6000 rw-p 00003000 08:01 2504353    /usr/lib/libXnCore.so
70de6000-70e7f000 r-xp 00000000 08:01 2504356    /usr/lib/libXnDeviceSensorV2.so
70e7f000-70e88000 r--p 00098000 08:01 2504356    /usr/lib/libXnDeviceSensorV2.so
70e88000-70e89000 rw-p 000a1000 08:01 2504356    /usr/lib/libXnDeviceSensorV2.so
70e89000-70f6c000 r-xp 00000000 08:01 2504285    /usr/lib/libXnVHandGenerator_1_5_2.so
70f6c000-70f6f000 r--p 000e3000 08:01 2504285    /usr/lib/libXnVHandGenerator_1_5_2.so
70f6f000-70f70000 rw-p 000e6000 08:01 2504285    /usr/lib/libXnVHandGenerator_1_5_2.so
70f70000-70f7c000 rw-p 00000000 00:00 0 
70f7c000-71051000 r-xp 00000000 08:01 2504282    /usr/lib/libXnVHandGenerator_1_4_2.so
71051000-71052000 ---p 000d5000 08:01 2504282    /usr/lib/libXnVHandGenerator_1_4_2.so
71052000-71054000 r--p 000d5000 08:01 2504282    /usr/lib/libXnVHandGenerator_1_4_2.so
71054000-71055000 rw-p 000d7000 08:01 2504282    /usr/lib/libXnVHandGenerator_1_4_2.so
71055000-71057000 rw-p 00000000 00:00 0 
71057000-7112b000 r-xp 00000000 08:01 2504279    /usr/lib/libXnVHandGenerator_1_4_1.so
7112b000-7112c000 ---p 000d4000 08:01 2504279    /usr/lib/libXnVHandGenerator_1_4_1.so
7112c000-7112e000 r--p 000d4000 08:01 2504279    /usr/lib/libXnVHandGenerator_1_4_1.so
7112e000-7112f000 rw-p 000d6000 08:01 2504279    /usr/lib/libXnVHandGenerator_1_4_1.so
7112f000-71131000 rw-p 00000000 00:00 0 
71131000-7120f000 r-xp 00000000 08:01 2504275    /usr/lib/libXnVHandGenerator_1_3_1.so
7120f000-71212000 r--p 000dd000 08:01 2504275    /usr/lib/libXnVHandGenerator_1_3_1.so
71212000-71213000 rw-p 000e0000 08:01 2504275    /usr/lib/libXnVHandGenerator_1_3_1.so
71213000-71215000 rw-p 00000000 00:00 0 
71215000-71616000 r-xp 00000000 08:01 2504268    /usr/lib/libXnVFeatures_1_5_2.so
71616000-71617000 ---p 00401000 08:01 2504268    /usr/lib/libXnVFeatures_1_5_2.so
71617000-7161f000 r--p 00401000 08:01 2504268    /usr/lib/libXnVFeatures_1_5_2.so
7161f000-71620000 rw-p 00409000 08:01 2504268    /usr/lib/libXnVFeatures_1_5_2.so
71620000-71634000 rw-p 00000000 00:00 0 
71634000-7181b000 r-xp 00000000 08:01 2504257    /usr/lib/libXnVFeatures_1_4_2.so
7181b000-7181e000 r--p 001e6000 08:01 2504257    /usr/lib/libXnVFeatures_1_4_2.so
7181e000-7181f000 rw-p 001e9000 08:01 2504257    /usr/lib/libXnVFeatures_1_4_2.so
7181f000-71824000 rw-p 00000000 00:00 0 
71824000-71a0b000 r-xp 00000000 08:01 2504252    /usr/lib/libXnVFeatures_1_4_1.so
71a0b000-71a0e000 r--p 001e6000 08:01 2504252    /usr/lib/libXnVFeatures_1_4_1.so
71a0e000-71a0f000 rw-p 001e9000 08:01 2504252    /usr/lib/libXnVFeatures_1_4_1.so
71a0f000-71a14000 rw-p 00000000 00:00 0 
71a14000-71c32000 r-xp 00000000 08:01 2504247    /usr/lib/libXnVFeatures_1_3_1.so
71c32000-71c33000 ---p 0021e000 08:01 2504247    /usr/lib/libXnVFeatures_1_3_1.so
71c33000-71c36000 r--p 0021e000 08:01 2504247    /usr/lib/libXnVFeatures_1_3_1.so
71c36000-71c37000 rw-p 00221000 08:01 2504247    /usr/lib/libXnVFeatures_1_3_1.so
71c37000-71c3c000 rw-p 00000000 00:00 0 
71c3c000-71c5f000 r-xp 00000000 08:01 2503957    /usr/lib/libnimRecorder.so
71c5f000-71c60000 r--p 00023000 08:01 2503957    /usr/lib/libnimRecorder.so
71c60000-71c61000 rw-p 00024000 08:01 2503957    /usr/lib/libnimRecorder.so
71c61000-71c95000 r-xp 00000000 08:01 2503954    /usr/lib/libnimCodecs.so
71c95000-71c96000 ---p 00034000 08:01 2503954    /usr/lib/libnimCodecs.so
71c96000-71c98000 r--p 00034000 08:01 2503954    /usr/lib/libnimCodecs.so
71c98000-71c99000 rw-p 00036000 08:01 2503954    /usr/lib/libnimCodecs.so
71c99000-71cb9000 rw-p 00000000 00:00 0 
71cb9000-71cea000 r-xp 00000000 08:01 2503956    /usr/lib/libnimMockNodes.so
71cea000-71cf0000 r--p 00031000 08:01 2503956    /usr/lib/libnimMockNodes.so
71cf0000-71cf1000 rw-p 00037000 08:01 2503956    /usr/lib/libnimMockNodes.so
71cf1000-71cfe000 r-xp 00000000 08:01 1704944    /lib/i386-linux-gnu/libusb-1.0.so.0.0.0
71cfe000-71cff000 r--p 0000c000 08:01 1704944    /lib/i386-linux-gnu/libusb-1.0.so.0.0.0
71cff000-71d00000 rw-p 0000d000 08:01 1704944    /lib/i386-linux-gnu/libusb-1.0.so.0.0.0
71d00000-71dfe000 rw-p 00000000 00:00 0 
71dfe000-71e00000 ---p 00000000 00:00 0 
71e03000-71e80000 r-xp 00000000 08:01 2503960    /usr/lib/libOpenNI.so
71e80000-71e82000 r--p 0007c000 08:01 2503960    /usr/lib/libOpenNI.so
71e82000-71e84000 rw-p 0007e000 08:01 2503960    /usr/lib/libOpenNI.so
71e84000-71ea2000 r-xp 00000000 08:01 2503959    /usr/lib/libOpenNI.jni.so
71ea2000-71ea3000 r--p 0001d000 08:01 2503959    /usr/lib/libOpenNI.jni.so
71ea3000-71ea5000 rw-p 0001e000 08:01 2503959    /usr/lib/libOpenNI.jni.so
71ea5000-71eaa000 r-xp 00000000 08:01 2513317    /usr/lib/libusbpp-0.1.so.4.4.4
71eaa000-71eab000 r--p 00004000 08:01 2513317    /usr/lib/libusbpp-0.1.so.4.4.4
71eab000-71eac000 rw-p 00005000 08:01 2513317    /usr/lib/libusbpp-0.1.so.4.4.4
71eac000-71eb3000 r-xp 00000000 08:01 1704036    /lib/libusb-0.1.so.4.4.4
71eb3000-71eb4000 r--p 00006000 08:01 1704036    /lib/libusb-0.1.so.4.4.4
71eb4000-71eb5000 rw-p 00007000 08:01 1704036    /lib/libusb-0.1.so.4.4.4
71eb5000-71eb6000 rw-p 00000000 00:00 0 
71ec3000-71eca000 r--s 000fb000 08:01 2896159    /usr/lib/jvm/java-6-openjdk/jre/lib/resources.jar
71eca000-71ed2000 r-xp 00000000 08:01 269300     /usr/lib/libusbJava.so.0.2.4
71ed2000-71ed3000 rw-p 00007000 08:01 269300     /usr/lib/libusbJava.so.0.2.4
71ed3000-71ef1000 r--s 0024d000 08:01 270057     /home/norut/workspace/CommModule3.0/lib/KinectLibrary.jar
71ef1000-71ef3000 r--s 0004c000 08:01 270165     /home/norut/workspace/CommModule3.0/lib/vecmath.jar
71ef3000-71ef7000 r--s 0001b000 08:01 270164     /home/norut/workspace/CommModule3.0/lib/org.OpenNI.jar
71ef7000-71f05000 r--s 00193000 08:01 270161     /home/norut/workspace/CommModule3.0/lib/j3dutils.jar
71f05000-71f11000 r--s 002c7000 08:01 270151     /home/norut/workspace/CommModule3.0/lib/j3dcore.jar
71f11000-71f15000 r--s 000fc000 08:01 268885     /home/norut/workspace/CommModule3.0/lib/NoninLibrary.jar
71f15000-71f18000 r--s 00012000 08:01 268892     /home/norut/workspace/CommModule3.0/lib/IRGlanceLibrary.jar
71f18000-71f1d000 r--s 0009b000 08:01 268849     /home/norut/workspace/CommModule3.0/lib/WiiboardSimple2.0.jar
71f1d000-71f1e000 ---p 00000000 00:00 0 
71f1e000-71fef000 rwxp 00000000 00:00 0 
71fef000-71ff0000 ---p 00000000 00:00 0 
71ff0000-72070000 rwxp 00000000 00:00 0 
72070000-72071000 ---p 00000000 00:00 0 
72071000-72142000 rwxp 00000000 00:00 0 
72142000-72143000 r--p 006a5000 08:01 2497487    /usr/lib/locale/locale-archive
72143000-72274000 r--p 0043d000 08:01 2497487    /usr/lib/locale/locale-archive
72274000-722b4000 r--p 002bd000 08:01 2497487    /usr/lib/locale/locale-archive
722b4000-724b4000 r--p 00000000 08:01 2497487    /usr/lib/locale/locale-archive
724b4000-72556000 rwxp 00000000 00:00 0 
72556000-72557000 ---p 00000000 00:00 0 
72557000-725d7000 rwxp 00000000 00:00 0 
725d7000-7260a000 rw-p 00000000 00:00 0 
7260a000-7279a000 r--s 037ba000 08:01 2886099    /usr/lib/jvm/java-6-openjdk/jre/lib/rt.jar
7279a000-7279b000 ---p 00000000 00:00 0 
7279b000-7281b000 rwxp 00000000 00:00 0 
7281b000-7281c000 ---p 00000000 00:00 0 
7281c000-7289c000 rwxp 00000000 00:00 0 
7289c000-728a4000 rw-p 00000000 00:00 0 
728a4000-728dc000 rw-p 00000000 00:00 0 
728dc000-728ef000 rw-p 00000000 00:00 0 
728ef000-72a0a000 rw-p 00000000 00:00 0 
72a0a000-72a12000 rw-p 00000000 00:00 0 
72a12000-72a4a000 rw-p 00000000 00:00 0 
72a4a000-72a5d000 rw-p 00000000 00:00 0 
72a5d000-72b78000 rw-p 00000000 00:00 0 
72b78000-72b82000 rw-p 00000000 00:00 0 
72b82000-72c0f000 rw-p 00000000 00:00 0 
72c0f000-73c10000 rw-p 00000000 00:00 0 
73c10000-7ac10000 rw-p 00000000 00:00 0 
7ac10000-7d1d0000 rw-p 00000000 00:00 0 
7d1d0000-a0810000 rw-p 00000000 00:00 0 
a0810000-a1ae0000 rw-p 00000000 00:00 0 
a1ae0000-b3610000 rw-p 00000000 00:00 0 
b3610000-b3611000 rw-p 00000000 00:00 0 
b3611000-b3614000 r--s 00011000 08:01 269114     /home/norut/workspace/CommModule3.0/lib/wii-gee-plugin-wiimote-android_fat.jar
b3614000-b361c000 r--s 00066000 08:01 2895241    /usr/share/java/gnome-java-bridge.jar
b361c000-b3625000 rw-p 00000000 00:00 0 
b3625000-b36dc000 rw-p 00000000 00:00 0 
b36dc000-b391c000 rwxp 00000000 00:00 0 
b391c000-b66dc000 rw-p 00000000 00:00 0 
b66dc000-b66e7000 r-xp 00000000 08:01 1713725    /lib/i386-linux-gnu/libnss_files-2.13.so
b66e7000-b66e8000 r--p 0000a000 08:01 1713725    /lib/i386-linux-gnu/libnss_files-2.13.so
b66e8000-b66e9000 rw-p 0000b000 08:01 1713725    /lib/i386-linux-gnu/libnss_files-2.13.so
b66e9000-b66f3000 r-xp 00000000 08:01 1713727    /lib/i386-linux-gnu/libnss_nis-2.13.so
b66f3000-b66f4000 r--p 00009000 08:01 1713727    /lib/i386-linux-gnu/libnss_nis-2.13.so
b66f4000-b66f5000 rw-p 0000a000 08:01 1713727    /lib/i386-linux-gnu/libnss_nis-2.13.so
b66f5000-b670a000 r-xp 00000000 08:01 1713722    /lib/i386-linux-gnu/libnsl-2.13.so
b670a000-b670b000 r--p 00015000 08:01 1713722    /lib/i386-linux-gnu/libnsl-2.13.so
b670b000-b670c000 rw-p 00016000 08:01 1713722    /lib/i386-linux-gnu/libnsl-2.13.so
b670c000-b670e000 rw-p 00000000 00:00 0 
b670e000-b6716000 r-xp 00000000 08:01 1713723    /lib/i386-linux-gnu/libnss_compat-2.13.so
b6716000-b6717000 r--p 00007000 08:01 1713723    /lib/i386-linux-gnu/libnss_compat-2.13.so
b6717000-b6718000 rw-p 00008000 08:01 1713723    /lib/i386-linux-gnu/libnss_compat-2.13.so
b6718000-b671b000 r--s 0007d000 08:01 2896155    /usr/lib/jvm/java-6-openjdk/jre/lib/jsse.jar
b671b000-b6722000 r-xp 00000000 08:01 2896164    /usr/lib/jvm/java-6-openjdk/jre/lib/i386/libzip.so
b6722000-b6723000 r--p 00006000 08:01 2896164    /usr/lib/jvm/java-6-openjdk/jre/lib/i386/libzip.so
b6723000-b6724000 rw-p 00007000 08:01 2896164    /usr/lib/jvm/java-6-openjdk/jre/lib/i386/libzip.so
b6724000-b672c000 rw-s 00000000 08:01 1574072    /tmp/hsperfdata_root/12177
b672c000-b6752000 r-xp 00000000 08:01 2886119    /usr/lib/jvm/java-6-openjdk/jre/lib/i386/libjava.so
b6752000-b6753000 r--p 00025000 08:01 2886119    /usr/lib/jvm/java-6-openjdk/jre/lib/i386/libjava.so
b6753000-b6755000 rw-p 00026000 08:01 2886119    /usr/lib/jvm/java-6-openjdk/jre/lib/i386/libjava.so
b6755000-b675c000 r-xp 00000000 08:01 1713732    /lib/i386-linux-gnu/librt-2.13.so
b675c000-b675d000 r--p 00006000 08:01 1713732    /lib/i386-linux-gnu/librt-2.13.so
b675d000-b675e000 rw-p 00007000 08:01 1713732    /lib/i386-linux-gnu/librt-2.13.so
b675e000-b675f000 ---p 00000000 00:00 0 
b675f000-b67af000 rwxp 00000000 00:00 0 
b67af000-b67cb000 r-xp 00000000 08:01 1704890    /lib/i386-linux-gnu/libgcc_s.so.1
b67cb000-b67cc000 r--p 0001b000 08:01 1704890    /lib/i386-linux-gnu/libgcc_s.so.1
b67cc000-b67cd000 rw-p 0001c000 08:01 1704890    /lib/i386-linux-gnu/libgcc_s.so.1
b67cd000-b67f5000 r-xp 00000000 08:01 1713720    /lib/i386-linux-gnu/libm-2.13.so
b67f5000-b67f6000 r--p 00028000 08:01 1713720    /lib/i386-linux-gnu/libm-2.13.so
b67f6000-b67f7000 rw-p 00029000 08:01 1713720    /lib/i386-linux-gnu/libm-2.13.so
b67f7000-b68d5000 r-xp 00000000 08:01 2495867    /usr/lib/i386-linux-gnu/libstdc++.so.6.0.16
b68d5000-b68d6000 ---p 000de000 08:01 2495867    /usr/lib/i386-linux-gnu/libstdc++.so.6.0.16
b68d6000-b68da000 r--p 000de000 08:01 2495867    /usr/lib/i386-linux-gnu/libstdc++.so.6.0.16
b68da000-b68db000 rw-p 000e2000 08:01 2495867    /usr/lib/i386-linux-gnu/libstdc++.so.6.0.16
b68db000-b68e2000 rw-p 00000000 00:00 0 
b68e2000-b7100000 r-xp 00000000 08:01 3028099    /usr/lib/jvm/java-6-openjdk/jre/lib/i386/server/libjvm.so
b7100000-b7145000 r--p 0081e000 08:01 3028099    /usr/lib/jvm/java-6-openjdk/jre/lib/i386/server/libjvm.so
b7145000-b7154000 rw-p 00863000 08:01 3028099    /usr/lib/jvm/java-6-openjdk/jre/lib/i386/server/libjvm.so
b7154000-b7570000 rw-p 00000000 00:00 0 
b7570000-b7583000 r-xp 00000000 08:01 1704952    /lib/i386-linux-gnu/libz.so.1.2.3.4
b7583000-b7584000 r--p 00012000 08:01 1704952    /lib/i386-linux-gnu/libz.so.1.2.3.4
b7584000-b7585000 rw-p 00013000 08:01 1704952    /lib/i386-linux-gnu/libz.so.1.2.3.4
b7585000-b76fd000 r-xp 00000000 08:01 1713716    /lib/i386-linux-gnu/libc-2.13.so
b76fd000-b76ff000 r--p 00178000 08:01 1713716    /lib/i386-linux-gnu/libc-2.13.so
b76ff000-b7700000 rw-p 0017a000 08:01 1713716    /lib/i386-linux-gnu/libc-2.13.so
b7700000-b7703000 rw-p 00000000 00:00 0 
b7703000-b7706000 r-xp 00000000 08:01 1713719    /lib/i386-linux-gnu/libdl-2.13.so
b7706000-b7707000 r--p 00002000 08:01 1713719    /lib/i386-linux-gnu/libdl-2.13.so
b7707000-b7708000 rw-p 00003000 08:01 1713719    /lib/i386-linux-gnu/libdl-2.13.so
b7708000-b770c000 r-xp 00000000 08:01 2886103    /usr/lib/jvm/java-6-openjdk/jre/lib/i386/jli/libjli.so
b770c000-b770d000 r--p 00003000 08:01 2886103    /usr/lib/jvm/java-6-openjdk/jre/lib/i386/jli/libjli.so
b770d000-b770e000 rw-p 00004000 08:01 2886103    /usr/lib/jvm/java-6-openjdk/jre/lib/i386/jli/libjli.so
b770e000-b770f000 rw-p 00000000 00:00 0 
b770f000-b7726000 r-xp 00000000 08:01 1713730    /lib/i386-linux-gnu/libpthread-2.13.so
b7726000-b7727000 r--p 00016000 08:01 1713730    /lib/i386-linux-gnu/libpthread-2.13.so
b7727000-b7728000 rw-p 00017000 08:01 1713730    /lib/i386-linux-gnu/libpthread-2.13.so
b7728000-b772b000 rw-p 00000000 00:00 0 
b772b000-b772c000 rw-s 00000000 00:12 139262     /run/shm/045e.02ae@1.6-SM
b772c000-b772e000 r--s 0000f000 08:01 2896143    /usr/lib/jvm/java-6-openjdk/jre/lib/ext/pulse-java.jar
b772e000-b772f000 rw-p 00000000 00:00 0 
b772f000-b7730000 r--p 00000000 00:00 0 
b7730000-b773b000 r-xp 00000000 08:01 2886139    /usr/lib/jvm/java-6-openjdk/jre/lib/i386/libverify.so
b773b000-b773c000 ---p 0000b000 08:01 2886139    /usr/lib/jvm/java-6-openjdk/jre/lib/i386/libverify.so
b773c000-b773d000 r--p 0000b000 08:01 2886139    /usr/lib/jvm/java-6-openjdk/jre/lib/i386/libverify.so
b773d000-b773e000 rw-p 0000c000 08:01 2886139    /usr/lib/jvm/java-6-openjdk/jre/lib/i386/libverify.so
b773e000-b7740000 rw-p 00000000 00:00 0 
b7740000-b7741000 r-xp 00000000 00:00 0          [vdso]
b7741000-b775f000 r-xp 00000000 08:01 1713713    /lib/i386-linux-gnu/ld-2.13.so
b775f000-b7760000 r--p 0001d000 08:01 1713713    /lib/i386-linux-gnu/ld-2.13.so
b7760000-b7761000 rw-p 0001e000 08:01 1713713    /lib/i386-linux-gnu/ld-2.13.so
bfac9000-bfae9000 rwxp 00000000 00:00 0          [stack]
bfae9000-bfaea000 rw-p 00000000 00:00 0 

VM Arguments:
jvm_args: -Dfile.encoding=UTF-8 
java_command: test.TestGrande
Launcher Type: SUN_STANDARD

Environment Variables:
PATH=/usr/local/sbin:/usr/local/bin:/usr/sbin:/usr/bin:/sbin:/bin:/usr/X11R6/bin
USERNAME=root
LD_LIBRARY_PATH=/usr/lib/jvm/java-6-openjdk/jre/lib/i386/server:/usr/lib/jvm/java-6-openjdk/jre/lib/i386:/usr/lib/jvm/java-6-openjdk/jre/../lib/i386:/usr/lib/jvm/java-6-openjdk/jre/lib/i386/client:/usr/lib/jvm/java-6-openjdk/jre/lib/i386:
SHELL=/bin/bash
DISPLAY=:0.0

Signal Handlers:
SIGSEGV: [libjvm.so+0x66a530], sa_mask[0]=0x7ffbfeff, sa_flags=0x10000004
SIGBUS: [libjvm.so+0x66a530], sa_mask[0]=0x7ffbfeff, sa_flags=0x10000004
SIGFPE: [libjvm.so+0x52e2c0], sa_mask[0]=0x7ffbfeff, sa_flags=0x10000004
SIGPIPE: [libjvm.so+0x52e2c0], sa_mask[0]=0x7ffbfeff, sa_flags=0x10000004
SIGXFSZ: [libjvm.so+0x52e2c0], sa_mask[0]=0x7ffbfeff, sa_flags=0x10000004
SIGILL: [libjvm.so+0x52e2c0], sa_mask[0]=0x7ffbfeff, sa_flags=0x10000004
SIGUSR1: SIG_DFL, sa_mask[0]=0x00000000, sa_flags=0x00000000
SIGUSR2: [libjvm.so+0x52e150], sa_mask[0]=0x00000004, sa_flags=0x10000004
SIGHUP: [libjvm.so+0x5311f0], sa_mask[0]=0x7ffbfeff, sa_flags=0x10000004
SIGINT: [libjvm.so+0x5311f0], sa_mask[0]=0x7ffbfeff, sa_flags=0x10000004
SIGTERM: [libjvm.so+0x5311f0], sa_mask[0]=0x7ffbfeff, sa_flags=0x10000004
SIGQUIT: [libjvm.so+0x5311f0], sa_mask[0]=0x7ffbfeff, sa_flags=0x10000004


---------------  S Y S T E M  ---------------

OS:Ubuntu 11.10 (oneiric)
uname:Linux 3.0.0-17-generic-pae #30-Ubuntu SMP Thu Mar 8 17:53:35 UTC 2012 i686
libc:glibc 2.13 NPTL 2.13 
rlimit: STACK 8192k, CORE 0k, NPROC 28837, NOFILE 4096, AS infinity
load average:1.39 1.29 0.85

/proc/meminfo:
MemTotal:        3705192 kB
MemFree:         1387796 kB
Buffers:           91268 kB
Cached:           994684 kB
SwapCached:            0 kB
Active:          1425616 kB
Inactive:         653508 kB
Active(anon):     994076 kB
Inactive(anon):    14080 kB
Active(file):     431540 kB
Inactive(file):   639428 kB
Unevictable:          60 kB
Mlocked:              60 kB
HighTotal:       2866712 kB
HighFree:         722876 kB
LowTotal:         838480 kB
LowFree:          664920 kB
SwapTotal:       3778556 kB
SwapFree:        3778556 kB
Dirty:               232 kB
Writeback:             0 kB
AnonPages:        993424 kB
Mapped:           234788 kB
Shmem:             14988 kB
Slab:              45768 kB
SReclaimable:      30480 kB
SUnreclaim:        15288 kB
KernelStack:        3344 kB
PageTables:        10224 kB
NFS_Unstable:          0 kB
Bounce:                0 kB
WritebackTmp:          0 kB
CommitLimit:     5631152 kB
Committed_AS:    2765180 kB
VmallocTotal:     122880 kB
VmallocUsed:       45948 kB
VmallocChunk:      73112 kB
HardwareCorrupted:     0 kB
AnonHugePages:         0 kB
HugePages_Total:       0
HugePages_Free:        0
HugePages_Rsvd:        0
HugePages_Surp:        0
Hugepagesize:       2048 kB
DirectMap4k:       10232 kB
DirectMap2M:      903168 kB


CPU:total 2 (2 cores per cpu, 1 threads per core) family 20 model 1 stepping 0, cmov, cx8, fxsr, mmx, sse, sse2, sse3, ssse3, popcnt, mmxext, lzcnt, sse4a

Memory: 4k page, physical 3705192k(1387796k free), swap 3778556k(3778556k free)

vm_info: OpenJDK Server VM (20.0-b11) for linux-x86 JRE (1.6.0_23-b23), built on Feb 23 2012 06:26:43 by "buildd" with gcc 4.6.1

