#
# A fatal error has been detected by the Java Runtime Environment:
#
#  SIGSEGV (0xb) at pc=0xb7707d87, pid=6562, tid=1581886320
#
# JRE version: 6.0_23-b23
# Java VM: OpenJDK Server VM (20.0-b11 mixed mode linux-x86 )
# Derivative: IcedTea6 1.11pre
# Distribution: Ubuntu 11.10, package 6b23~pre11-0ubuntu1.11.10.2
# Problematic frame:
# C  [libpthread.so.0+0x8d87]  __pthread_mutex_lock+0x17
#
# If you would like to submit a bug report, please include
# instructions how to reproduce the bug and visit:
#   https://bugs.launchpad.net/ubuntu/+source/openjdk-6/
# The crash happened outside the Java Virtual Machine in native code.
# See problematic frame for where to report the bug.
#

---------------  T H R E A D  ---------------

Current thread (0x091a2000):  JavaThread "Thread-12" [_thread_in_native, id=6604, stack(0x5e44a000,0x5e49b000)]

siginfo:si_signo=SIGSEGV: si_errno=0, si_code=1 (SEGV_MAPERR), si_addr=0x00000024

Registers:
EAX=0x00000018, EBX=0x71e72ff4, ECX=0x00000000, EDX=0x00000001
ESP=0x5e499288, EBP=0x00000010, ESI=0x00000018, EDI=0x00000000
EIP=0xb7707d87, EFLAGS=0x00210206, CR2=0x00000024

Top of Stack: (sp=0x5e499288)
0x5e499288:   00000044 71e6b46c 00000058 00000009
0x5e499298:   00000076 71e72ff4 09272c28 00000000
0x5e4992a8:   00000010 71e66ccf 00000018 b7707d8f
0x5e4992b8:   71e6e2e9 71e72ff4 71e72ff4 092729d8
0x5e4992c8:   0000000e 71e66ec7 09272c28 5e4992fc
0x5e4992d8:   b76eeff4 b76f0400 092de6f0 5e4993a8
0x5e4992e8:   09312210 00000010 71e72ff4 71e72ff4
0x5e4992f8:   092de730 092729d8 092de6f0 00000100 

Instructions: (pc=0xb7707d87)
0xb7707d67:   90 90 90 90 90 90 90 90 90 83 ec 24 89 74 24 18
0xb7707d77:   8b 74 24 28 89 5c 24 14 89 7c 24 1c 89 6c 24 20
0xb7707d87:   8b 7e 0c e8 d9 c6 ff ff 81 c3 65 f2 00 00 89 f9
0xb7707d97:   89 f8 83 e1 7f 83 e0 7c 75 46 65 8b 2d 68 00 00 

Register to memory mapping:

EAX=0x00000018 is an unknown value
EBX=0x71e72ff4: <offset 0xdff4> in /lib/i386-linux-gnu/libusb-1.0.so.0 at 0x71e65000
ECX=0x00000000 is an unknown value
EDX=0x00000001 is an unknown value
ESP=0x5e499288 is pointing into the stack for thread: 0x091a2000
EBP=0x00000010 is an unknown value
ESI=0x00000018 is an unknown value
EDI=0x00000000 is an unknown value


Stack: [0x5e44a000,0x5e49b000],  sp=0x5e499288,  free space=316k
Native frames: (J=compiled Java code, j=interpreted, Vv=VM code, C=native code)
C  [libpthread.so.0+0x8d87]  __pthread_mutex_lock+0x17

[error occurred during error reporting (printing native stack), id 0xb]

Java frames: (J=compiled Java code, j=interpreted, Vv=VM code)
j  org.OpenNI.NativeMethods.xnCreateDepthGenerator(JLorg/OpenNI/OutArg;JJ)I+0
j  org.OpenNI.DepthGenerator.create(Lorg/OpenNI/Context;Lorg/OpenNI/Query;Lorg/OpenNI/EnumerationErrors;)Lorg/OpenNI/DepthGenerator;+37
j  org.OpenNI.DepthGenerator.create(Lorg/OpenNI/Context;)Lorg/OpenNI/DepthGenerator;+3
j  KinectPackage.KinectManager.getXResolution()I+6
j  control.DeviceManager.adjustKinectForTheBestTilt()V+26
j  test.ClaseQueImplementaAKinectSkeleton.kinectUpdate(Lservices/KinectSkeletonServiceEvent;)V+45
j  launchers.KinectSkeletonLauncher.kinectUpdate(LKinectPackage/KinectEvent;)V+43
j  KinectPackage.KinectManager$EventLauncher.run()V+8
j  java.lang.Thread.run()V+11
v  ~StubRoutines::call_stub

---------------  P R O C E S S  ---------------

Java Threads: ( => current thread )
  0x5e214000 JavaThread "Thread-23" [_thread_in_native, id=6615, stack(0x5debc000,0x5df0d000)]
  0x5e013c00 JavaThread "Thread-22" [_thread_in_native, id=6614, stack(0x5df0d000,0x5df5e000)]
  0x5e012c00 JavaThread "Thread-21" [_thread_in_native, id=6613, stack(0x5df5e000,0x5dfaf000)]
  0x5e01c400 JavaThread "Thread-20" [_thread_in_native, id=6612, stack(0x5dfaf000,0x5e000000)]
  0x5e01ac00 JavaThread "Thread-19" [_thread_in_native, id=6611, stack(0x5e10d000,0x5e15e000)]
  0x5e894c00 JavaThread "Thread-18" [_thread_in_native, id=6610, stack(0x5e15e000,0x5e1af000)]
  0x5e8b0000 JavaThread "Thread-17" [_thread_in_native, id=6609, stack(0x5e1af000,0x5e200000)]
  0x5e8ae800 JavaThread "Thread-16" [_thread_in_native, id=6608, stack(0x5e306000,0x5e357000)]
  0x5e209c00 JavaThread "Thread-15" [_thread_in_native, id=6607, stack(0x5e357000,0x5e3a8000)]
  0x09240800 JavaThread "Thread-14" [_thread_in_native, id=6606, stack(0x5e3a8000,0x5e3f9000)]
  0x0923ac00 JavaThread "Thread-13" [_thread_in_native, id=6605, stack(0x5e3f9000,0x5e44a000)]
=>0x091a2000 JavaThread "Thread-12" [_thread_in_native, id=6604, stack(0x5e44a000,0x5e49b000)]
  0x091a0800 JavaThread "Thread-11" [_thread_in_native, id=6603, stack(0x5e49b000,0x5e4ec000)]
  0x0919f000 JavaThread "Thread-10" [_thread_in_native, id=6602, stack(0x5e4ec000,0x5e53d000)]
  0x09102800 JavaThread "Thread-9" [_thread_in_native, id=6601, stack(0x5e53d000,0x5e58e000)]
  0x090ffc00 JavaThread "Thread-8" [_thread_in_native, id=6600, stack(0x5e58e000,0x5e5df000)]
  0x09142800 JavaThread "Thread-7" [_thread_in_native, id=6599, stack(0x5e5df000,0x5e630000)]
  0x5e891400 JavaThread "Thread-6" [_thread_in_native, id=6598, stack(0x5e630000,0x5e681000)]
  0x5e890000 JavaThread "Thread-5" [_thread_in_native, id=6597, stack(0x5e681000,0x5e6d2000)]
  0x5e88f400 JavaThread "Thread-4" [_thread_in_native, id=6596, stack(0x5e924000,0x5e975000)]
  0x5e88d400 JavaThread "Thread-3" [_thread_in_native, id=6595, stack(0x5e975000,0x5e9c6000)]
  0x61881c00 JavaThread "DestroyJavaVM" [_thread_blocked, id=6567, stack(0xb674e000,0xb679f000)]
  0x61881400 JavaThread "Thread-1" [_thread_in_vm, id=6590, stack(0x6f406000,0x6f457000)]
  0x09043000 JavaThread "Low Memory Detector" daemon [_thread_blocked, id=6577, stack(0x71f8e000,0x71fdf000)]
  0x0903fc00 JavaThread "C2 CompilerThread1" daemon [_thread_blocked, id=6576, stack(0x71fdf000,0x72060000)]
  0x0903dc00 JavaThread "C2 CompilerThread0" daemon [_thread_blocked, id=6575, stack(0x72060000,0x720e1000)]
  0x0903c400 JavaThread "Signal Dispatcher" daemon [_thread_blocked, id=6574, stack(0x720e1000,0x72132000)]
  0x09029800 JavaThread "Finalizer" daemon [_thread_blocked, id=6573, stack(0x724a4000,0x724f5000)]
  0x09028000 JavaThread "Reference Handler" daemon [_thread_blocked, id=6572, stack(0x724f5000,0x72546000)]

Other Threads:
  0x09024000 VMThread [stack: 0x72546000,0x725c7000] [id=6571]
  0x09044c00 WatcherThread [stack: 0x71f0d000,0x71f8e000] [id=6578]

VM state:not at safepoint (normal execution)

VM Mutex/Monitor currently owned by a thread:  ([mutex/lock_event])
[0x08f9d180] Threads_lock - owner thread: 0x61881400

Heap
 PSYoungGen      total 16896K, used 9750K [0xa0800000, 0xa1ad0000, 0xb3600000)
  eden space 14528K, 67% used [0xa0800000,0xa1185ae0,0xa1630000)
  from space 2368K, 0% used [0xa1880000,0xa1880000,0xa1ad0000)
  to   space 2368K, 0% used [0xa1630000,0xa1630000,0xa1880000)
 PSOldGen        total 38656K, used 0K [0x7ac00000, 0x7d1c0000, 0xa0800000)
  object space 38656K, 0% used [0x7ac00000,0x7ac00000,0x7d1c0000)
 PSPermGen       total 16384K, used 4245K [0x72c00000, 0x73c00000, 0x7ac00000)
  object space 16384K, 25% used [0x72c00000,0x73025658,0x73c00000)

Code Cache  [0xb36cc000, 0xb390c000, 0xb66cc000)
 total_blobs=156 nmethods=25 adapters=86 free_code_cache=49979456 largest_free_block=7232

Dynamic libraries:
08048000-08051000 r-xp 00000000 08:01 3029976    /usr/lib/jvm/java-6-openjdk/jre/bin/java
08051000-08052000 r--p 00008000 08:01 3029976    /usr/lib/jvm/java-6-openjdk/jre/bin/java
08052000-08053000 rw-p 00009000 08:01 3029976    /usr/lib/jvm/java-6-openjdk/jre/bin/java
08f98000-09386000 rw-p 00000000 00:00 0          [heap]
5de6b000-5de6e000 ---p 00000000 00:00 0 
5de6e000-5debc000 rwxp 00000000 00:00 0 
5debc000-5debf000 ---p 00000000 00:00 0 
5debf000-5df0d000 rwxp 00000000 00:00 0 
5df0d000-5df10000 ---p 00000000 00:00 0 
5df10000-5df5e000 rwxp 00000000 00:00 0 
5df5e000-5df61000 ---p 00000000 00:00 0 
5df61000-5dfaf000 rwxp 00000000 00:00 0 
5dfaf000-5dfb2000 ---p 00000000 00:00 0 
5dfb2000-5e000000 rwxp 00000000 00:00 0 
5e000000-5e02e000 rw-p 00000000 00:00 0 
5e02e000-5e100000 ---p 00000000 00:00 0 
5e10d000-5e110000 ---p 00000000 00:00 0 
5e110000-5e15e000 rwxp 00000000 00:00 0 
5e15e000-5e161000 ---p 00000000 00:00 0 
5e161000-5e1af000 rwxp 00000000 00:00 0 
5e1af000-5e1b2000 ---p 00000000 00:00 0 
5e1b2000-5e200000 rwxp 00000000 00:00 0 
5e200000-5e221000 rw-p 00000000 00:00 0 
5e221000-5e300000 ---p 00000000 00:00 0 
5e306000-5e309000 ---p 00000000 00:00 0 
5e309000-5e357000 rwxp 00000000 00:00 0 
5e357000-5e35a000 ---p 00000000 00:00 0 
5e35a000-5e3a8000 rwxp 00000000 00:00 0 
5e3a8000-5e3ab000 ---p 00000000 00:00 0 
5e3ab000-5e3f9000 rwxp 00000000 00:00 0 
5e3f9000-5e3fc000 ---p 00000000 00:00 0 
5e3fc000-5e44a000 rwxp 00000000 00:00 0 
5e44a000-5e44d000 ---p 00000000 00:00 0 
5e44d000-5e49b000 rwxp 00000000 00:00 0 
5e49b000-5e49e000 ---p 00000000 00:00 0 
5e49e000-5e4ec000 rwxp 00000000 00:00 0 
5e4ec000-5e4ef000 ---p 00000000 00:00 0 
5e4ef000-5e53d000 rwxp 00000000 00:00 0 
5e53d000-5e540000 ---p 00000000 00:00 0 
5e540000-5e58e000 rwxp 00000000 00:00 0 
5e58e000-5e591000 ---p 00000000 00:00 0 
5e591000-5e5df000 rwxp 00000000 00:00 0 
5e5df000-5e5e2000 ---p 00000000 00:00 0 
5e5e2000-5e630000 rwxp 00000000 00:00 0 
5e630000-5e633000 ---p 00000000 00:00 0 
5e633000-5e681000 rwxp 00000000 00:00 0 
5e681000-5e684000 ---p 00000000 00:00 0 
5e684000-5e6d2000 rwxp 00000000 00:00 0 
5e6d2000-5e800000 rw-p 00000000 00:00 0 
5e800000-5e8b9000 rw-p 00000000 00:00 0 
5e8b9000-5e900000 ---p 00000000 00:00 0 
5e924000-5e927000 ---p 00000000 00:00 0 
5e927000-5e975000 rwxp 00000000 00:00 0 
5e975000-5e978000 ---p 00000000 00:00 0 
5e978000-5e9c6000 rwxp 00000000 00:00 0 
5e9c6000-5ea00000 rw-p 00000000 00:00 0 
5ea00000-5eafb000 rw-p 00000000 00:00 0 
5eafb000-5eb00000 ---p 00000000 00:00 0 
5eb09000-5f100000 rw-p 00000000 00:00 0 
5f100000-5f200000 rw-p 00000000 00:00 0 
5f231000-5f70a000 rw-p 00000000 00:00 0 
5f70a000-61800000 r--s 00000000 00:12 117918     /run/shm/6580_045e.02ae@1.6_Image
61800000-61900000 rw-p 00000000 00:00 0 
6191e000-61a00000 rw-p 00000000 00:00 0 
61a00000-61bfd000 rw-p 00000000 00:00 0 
61bfd000-61c00000 ---p 00000000 00:00 0 
61c00000-61e00000 rw-p 00000000 00:00 0 
61e00000-62000000 rw-p 00000000 00:00 0 
62000000-62200000 rw-p 00000000 00:00 0 
62200000-62400000 rw-p 00000000 00:00 0 
62400000-62600000 rw-p 00000000 00:00 0 
62600000-62800000 rw-p 00000000 00:00 0 
62800000-62a00000 rw-p 00000000 00:00 0 
62a00000-62c00000 rw-p 00000000 00:00 0 
62c00000-62e00000 rw-p 00000000 00:00 0 
62e00000-63000000 rw-p 00000000 00:00 0 
63000000-63200000 rw-p 00000000 00:00 0 
63200000-632ff000 rw-p 00000000 00:00 0 
632ff000-63300000 ---p 00000000 00:00 0 
63300000-633ff000 rw-p 00000000 00:00 0 
633ff000-63400000 ---p 00000000 00:00 0 
63400000-63600000 rw-p 00000000 00:00 0 
63600000-63800000 rw-p 00000000 00:00 0 
63800000-63a00000 rw-p 00000000 00:00 0 
63a00000-63c00000 rw-p 00000000 00:00 0 
63c00000-63e00000 rw-p 00000000 00:00 0 
63e00000-64000000 rw-p 00000000 00:00 0 
64000000-64200000 rw-p 00000000 00:00 0 
64200000-64400000 rw-p 00000000 00:00 0 
64400000-64600000 rw-p 00000000 00:00 0 
64600000-64800000 rw-p 00000000 00:00 0 
64800000-64a00000 rw-p 00000000 00:00 0 
64a00000-64c00000 rw-p 00000000 00:00 0 
64c00000-64e00000 rw-p 00000000 00:00 0 
64e00000-64eff000 rw-p 00000000 00:00 0 
64eff000-64f00000 ---p 00000000 00:00 0 
64f00000-65000000 rw-p 00000000 00:00 0 
65000000-651ff000 rw-p 00000000 00:00 0 
651ff000-65200000 ---p 00000000 00:00 0 
65200000-65400000 rw-p 00000000 00:00 0 
65400000-654ff000 rw-p 00000000 00:00 0 
654ff000-65500000 ---p 00000000 00:00 0 
65536000-6593a000 rw-p 00000000 00:00 0 
6593b000-6b600000 rw-p 00000000 00:00 0 
6b600000-6b6ff000 rw-p 00000000 00:00 0 
6b6ff000-6b700000 ---p 00000000 00:00 0 
6b70d000-6c400000 rw-p 00000000 00:00 0 
6c400000-6c4f5000 rw-p 00000000 00:00 0 
6c4f5000-6c500000 ---p 00000000 00:00 0 
6c50b000-6c600000 rw-p 00000000 00:00 0 
6c600000-6c700000 rw-p 00000000 00:00 0 
6c718000-6c900000 rw-p 00000000 00:00 0 
6c900000-6cb00000 rw-p 00000000 00:00 0 
6cb00000-6cc00000 rw-p 00000000 00:00 0 
6cc1a000-6cd00000 rw-p 00000000 00:00 0 
6cd00000-6cdff000 rw-p 00000000 00:00 0 
6cdff000-6ce00000 ---p 00000000 00:00 0 
6ce0e000-6dee3000 rw-p 00000000 00:00 0 
6dee3000-6e267000 r--s 00000000 00:12 117916     /run/shm/6580_045e.02ae@1.6_Depth
6e267000-6e2fe000 rw-p 00000000 00:00 0 
6e2fe000-6e2ff000 ---p 00000000 00:00 0 
6e2ff000-6eaff000 rwxp 00000000 00:00 0 
6eaff000-6ef00000 rw-p 00000000 00:00 0 
6ef00000-6effd000 rw-p 00000000 00:00 0 
6effd000-6f000000 ---p 00000000 00:00 0 
6f01d000-6f100000 rw-p 00000000 00:00 0 
6f100000-6f1ff000 rw-p 00000000 00:00 0 
6f1ff000-6f200000 ---p 00000000 00:00 0 
6f215000-6f300000 rw-p 00000000 00:00 0 
6f300000-6f3ff000 rw-p 00000000 00:00 0 
6f3ff000-6f400000 ---p 00000000 00:00 0 
6f406000-6f409000 ---p 00000000 00:00 0 
6f409000-6f457000 rwxp 00000000 00:00 0 
6f457000-6f700000 rw-p 00000000 00:00 0 
6f700000-6f8f7000 rw-p 00000000 00:00 0 
6f8f7000-6f900000 ---p 00000000 00:00 0 
6f900000-6fb00000 rw-p 00000000 00:00 0 
6fb00000-6fc00000 rw-p 00000000 00:00 0 
6fc06000-6fc54000 rw-p 00000000 00:00 0 
6fc54000-6ffd8000 r--s 00000000 00:12 117916     /run/shm/6580_045e.02ae@1.6_Depth
6ffd8000-7006f000 rw-p 00000000 00:00 0 
7006f000-70070000 ---p 00000000 00:00 0 
70070000-70870000 rwxp 00000000 00:00 0 
70870000-70c71000 rw-p 00000000 00:00 0 
70c71000-70cfd000 r-xp 00000000 08:01 2504881    /usr/lib/libXnDeviceSensorV2KM.so
70cfd000-70d06000 r--p 0008b000 08:01 2504881    /usr/lib/libXnDeviceSensorV2KM.so
70d06000-70d07000 rw-p 00094000 08:01 2504881    /usr/lib/libXnDeviceSensorV2KM.so
70d07000-70d33000 r-xp 00000000 08:01 2504355    /usr/lib/libXnDeviceFile.so
70d33000-70d34000 ---p 0002c000 08:01 2504355    /usr/lib/libXnDeviceFile.so
70d34000-70d35000 r--p 0002c000 08:01 2504355    /usr/lib/libXnDeviceFile.so
70d35000-70d36000 rw-p 0002d000 08:01 2504355    /usr/lib/libXnDeviceFile.so
70d36000-70d88000 r-xp 00000000 08:01 2504354    /usr/lib/libXnDDK.so
70d88000-70d89000 ---p 00052000 08:01 2504354    /usr/lib/libXnDDK.so
70d89000-70d8b000 r--p 00052000 08:01 2504354    /usr/lib/libXnDDK.so
70d8b000-70d8c000 rw-p 00054000 08:01 2504354    /usr/lib/libXnDDK.so
70d8c000-70daf000 r-xp 00000000 08:01 2504357    /usr/lib/libXnFormats.so
70daf000-70db0000 r--p 00022000 08:01 2504357    /usr/lib/libXnFormats.so
70db0000-70db1000 rw-p 00023000 08:01 2504357    /usr/lib/libXnFormats.so
70db1000-70dd1000 rw-p 00000000 00:00 0 
70dd1000-70e6a000 r-xp 00000000 08:01 2504356    /usr/lib/libXnDeviceSensorV2.so
70e6a000-70e73000 r--p 00098000 08:01 2504356    /usr/lib/libXnDeviceSensorV2.so
70e73000-70e74000 rw-p 000a1000 08:01 2504356    /usr/lib/libXnDeviceSensorV2.so
70e74000-70f57000 r-xp 00000000 08:01 2504285    /usr/lib/libXnVHandGenerator_1_5_2.so
70f57000-70f5a000 r--p 000e3000 08:01 2504285    /usr/lib/libXnVHandGenerator_1_5_2.so
70f5a000-70f5b000 rw-p 000e6000 08:01 2504285    /usr/lib/libXnVHandGenerator_1_5_2.so
70f5b000-70f67000 rw-p 00000000 00:00 0 
70f67000-7103c000 r-xp 00000000 08:01 2504282    /usr/lib/libXnVHandGenerator_1_4_2.so
7103c000-7103d000 ---p 000d5000 08:01 2504282    /usr/lib/libXnVHandGenerator_1_4_2.so
7103d000-7103f000 r--p 000d5000 08:01 2504282    /usr/lib/libXnVHandGenerator_1_4_2.so
7103f000-71040000 rw-p 000d7000 08:01 2504282    /usr/lib/libXnVHandGenerator_1_4_2.so
71040000-71042000 rw-p 00000000 00:00 0 
71042000-71116000 r-xp 00000000 08:01 2504279    /usr/lib/libXnVHandGenerator_1_4_1.so
71116000-71117000 ---p 000d4000 08:01 2504279    /usr/lib/libXnVHandGenerator_1_4_1.so
71117000-71119000 r--p 000d4000 08:01 2504279    /usr/lib/libXnVHandGenerator_1_4_1.so
71119000-7111a000 rw-p 000d6000 08:01 2504279    /usr/lib/libXnVHandGenerator_1_4_1.so
7111a000-7111c000 rw-p 00000000 00:00 0 
7111c000-711fa000 r-xp 00000000 08:01 2504275    /usr/lib/libXnVHandGenerator_1_3_1.so
711fa000-711fd000 r--p 000dd000 08:01 2504275    /usr/lib/libXnVHandGenerator_1_3_1.so
711fd000-711fe000 rw-p 000e0000 08:01 2504275    /usr/lib/libXnVHandGenerator_1_3_1.so
711fe000-71200000 rw-p 00000000 00:00 0 
71200000-71601000 r-xp 00000000 08:01 2504268    /usr/lib/libXnVFeatures_1_5_2.so
71601000-71602000 ---p 00401000 08:01 2504268    /usr/lib/libXnVFeatures_1_5_2.so
71602000-7160a000 r--p 00401000 08:01 2504268    /usr/lib/libXnVFeatures_1_5_2.so
7160a000-7160b000 rw-p 00409000 08:01 2504268    /usr/lib/libXnVFeatures_1_5_2.so
7160b000-7161f000 rw-p 00000000 00:00 0 
7161f000-71806000 r-xp 00000000 08:01 2504257    /usr/lib/libXnVFeatures_1_4_2.so
71806000-71809000 r--p 001e6000 08:01 2504257    /usr/lib/libXnVFeatures_1_4_2.so
71809000-7180a000 rw-p 001e9000 08:01 2504257    /usr/lib/libXnVFeatures_1_4_2.so
7180a000-7180f000 rw-p 00000000 00:00 0 
7180f000-719f6000 r-xp 00000000 08:01 2504252    /usr/lib/libXnVFeatures_1_4_1.so
719f6000-719f9000 r--p 001e6000 08:01 2504252    /usr/lib/libXnVFeatures_1_4_1.so
719f9000-719fa000 rw-p 001e9000 08:01 2504252    /usr/lib/libXnVFeatures_1_4_1.so
719fa000-719ff000 rw-p 00000000 00:00 0 
719ff000-71c1d000 r-xp 00000000 08:01 2504247    /usr/lib/libXnVFeatures_1_3_1.so
71c1d000-71c1e000 ---p 0021e000 08:01 2504247    /usr/lib/libXnVFeatures_1_3_1.so
71c1e000-71c21000 r--p 0021e000 08:01 2504247    /usr/lib/libXnVFeatures_1_3_1.so
71c21000-71c22000 rw-p 00221000 08:01 2504247    /usr/lib/libXnVFeatures_1_3_1.so
71c22000-71c27000 rw-p 00000000 00:00 0 
71c27000-71c5b000 r-xp 00000000 08:01 2503954    /usr/lib/libnimCodecs.so
71c5b000-71c5c000 ---p 00034000 08:01 2503954    /usr/lib/libnimCodecs.so
71c5c000-71c5e000 r--p 00034000 08:01 2503954    /usr/lib/libnimCodecs.so
71c5e000-71c5f000 rw-p 00036000 08:01 2503954    /usr/lib/libnimCodecs.so
71c5f000-71c7f000 rw-p 00000000 00:00 0 
71c7f000-71cfc000 r-xp 00000000 08:01 2503960    /usr/lib/libOpenNI.so
71cfc000-71cfe000 r--p 0007c000 08:01 2503960    /usr/lib/libOpenNI.so
71cfe000-71d00000 rw-p 0007e000 08:01 2503960    /usr/lib/libOpenNI.so
71d00000-71dff000 rw-p 00000000 00:00 0 
71dff000-71e00000 ---p 00000000 00:00 0 
71e03000-71e06000 r-xp 00000000 08:01 2504353    /usr/lib/libXnCore.so
71e06000-71e07000 r--p 00002000 08:01 2504353    /usr/lib/libXnCore.so
71e07000-71e08000 rw-p 00003000 08:01 2504353    /usr/lib/libXnCore.so
71e08000-71e2b000 r-xp 00000000 08:01 2503957    /usr/lib/libnimRecorder.so
71e2b000-71e2c000 r--p 00023000 08:01 2503957    /usr/lib/libnimRecorder.so
71e2c000-71e2d000 rw-p 00024000 08:01 2503957    /usr/lib/libnimRecorder.so
71e2d000-71e5e000 r-xp 00000000 08:01 2503956    /usr/lib/libnimMockNodes.so
71e5e000-71e64000 r--p 00031000 08:01 2503956    /usr/lib/libnimMockNodes.so
71e64000-71e65000 rw-p 00037000 08:01 2503956    /usr/lib/libnimMockNodes.so
71e65000-71e72000 r-xp 00000000 08:01 1704944    /lib/i386-linux-gnu/libusb-1.0.so.0.0.0
71e72000-71e73000 r--p 0000c000 08:01 1704944    /lib/i386-linux-gnu/libusb-1.0.so.0.0.0
71e73000-71e74000 rw-p 0000d000 08:01 1704944    /lib/i386-linux-gnu/libusb-1.0.so.0.0.0
71e74000-71e92000 r-xp 00000000 08:01 2503959    /usr/lib/libOpenNI.jni.so
71e92000-71e93000 r--p 0001d000 08:01 2503959    /usr/lib/libOpenNI.jni.so
71e93000-71e95000 rw-p 0001e000 08:01 2503959    /usr/lib/libOpenNI.jni.so
71e95000-71e9a000 r-xp 00000000 08:01 2513317    /usr/lib/libusbpp-0.1.so.4.4.4
71e9a000-71e9b000 r--p 00004000 08:01 2513317    /usr/lib/libusbpp-0.1.so.4.4.4
71e9b000-71e9c000 rw-p 00005000 08:01 2513317    /usr/lib/libusbpp-0.1.so.4.4.4
71e9c000-71ea3000 r-xp 00000000 08:01 1704036    /lib/libusb-0.1.so.4.4.4
71ea3000-71ea4000 r--p 00006000 08:01 1704036    /lib/libusb-0.1.so.4.4.4
71ea4000-71ea5000 rw-p 00007000 08:01 1704036    /lib/libusb-0.1.so.4.4.4
71ea5000-71ea6000 rw-p 00000000 00:00 0 
71ea7000-71eb3000 rw-p 00000000 00:00 0 
71eac000-71eb3000 rw-p 00000000 00:00 0 
71eb3000-71eba000 r--s 000fb000 08:01 2896159    /usr/lib/jvm/java-6-openjdk/jre/lib/resources.jar
71eba000-71ec2000 r-xp 00000000 08:01 269300     /usr/lib/libusbJava.so.0.2.4
71ec2000-71ec3000 rw-p 00007000 08:01 269300     /usr/lib/libusbJava.so.0.2.4
71ec3000-71ee1000 r--s 0024d000 08:01 270057     /home/norut/workspace/CommModule3.0/lib/KinectLibrary.jar
71ee1000-71ee3000 r--s 0004c000 08:01 270165     /home/norut/workspace/CommModule3.0/lib/vecmath.jar
71ee3000-71ee7000 r--s 0001b000 08:01 270164     /home/norut/workspace/CommModule3.0/lib/org.OpenNI.jar
71ee7000-71ef5000 r--s 00193000 08:01 270161     /home/norut/workspace/CommModule3.0/lib/j3dutils.jar
71ef5000-71f01000 r--s 002c7000 08:01 270151     /home/norut/workspace/CommModule3.0/lib/j3dcore.jar
71f01000-71f05000 r--s 000fc000 08:01 268885     /home/norut/workspace/CommModule3.0/lib/NoninLibrary.jar
71f05000-71f08000 r--s 00012000 08:01 268892     /home/norut/workspace/CommModule3.0/lib/IRGlanceLibrary.jar
71f08000-71f0d000 r--s 0009b000 08:01 268849     /home/norut/workspace/CommModule3.0/lib/WiiboardSimple2.0.jar
71f0d000-71f0e000 ---p 00000000 00:00 0 
71f0e000-71fdf000 rwxp 00000000 00:00 0 
71fdf000-71fe0000 ---p 00000000 00:00 0 
71fe0000-72060000 rwxp 00000000 00:00 0 
72060000-72061000 ---p 00000000 00:00 0 
72061000-72132000 rwxp 00000000 00:00 0 
72132000-72133000 r--p 006a5000 08:01 2497487    /usr/lib/locale/locale-archive
72133000-72264000 r--p 0043d000 08:01 2497487    /usr/lib/locale/locale-archive
72264000-722a4000 r--p 002bd000 08:01 2497487    /usr/lib/locale/locale-archive
722a4000-724a4000 r--p 00000000 08:01 2497487    /usr/lib/locale/locale-archive
724a4000-72546000 rwxp 00000000 00:00 0 
72546000-72547000 ---p 00000000 00:00 0 
72547000-725c7000 rwxp 00000000 00:00 0 
725c7000-725fa000 rw-p 00000000 00:00 0 
725fa000-7278a000 r--s 037ba000 08:01 2886099    /usr/lib/jvm/java-6-openjdk/jre/lib/rt.jar
7278a000-7278b000 ---p 00000000 00:00 0 
7278b000-7280b000 rwxp 00000000 00:00 0 
7280b000-7280c000 ---p 00000000 00:00 0 
7280c000-7288c000 rwxp 00000000 00:00 0 
7288c000-72894000 rw-p 00000000 00:00 0 
72894000-728cc000 rw-p 00000000 00:00 0 
728cc000-728df000 rw-p 00000000 00:00 0 
728df000-729fa000 rw-p 00000000 00:00 0 
729fa000-72a02000 rw-p 00000000 00:00 0 
72a02000-72a3a000 rw-p 00000000 00:00 0 
72a3a000-72a4d000 rw-p 00000000 00:00 0 
72a4d000-72b68000 rw-p 00000000 00:00 0 
72b68000-72b72000 rw-p 00000000 00:00 0 
72b72000-72bff000 rw-p 00000000 00:00 0 
72bff000-73c00000 rw-p 00000000 00:00 0 
73c00000-7ac00000 rw-p 00000000 00:00 0 
7ac00000-7d1c0000 rw-p 00000000 00:00 0 
7d1c0000-a0800000 rw-p 00000000 00:00 0 
a0800000-a1ad0000 rw-p 00000000 00:00 0 
a1ad0000-b3600000 rw-p 00000000 00:00 0 
b3600000-b3601000 rw-p 00000000 00:00 0 
b3601000-b3604000 r--s 00011000 08:01 269114     /home/norut/workspace/CommModule3.0/lib/wii-gee-plugin-wiimote-android_fat.jar
b3604000-b360c000 r--s 00066000 08:01 2895241    /usr/share/java/gnome-java-bridge.jar
b360c000-b3615000 rw-p 00000000 00:00 0 
b3615000-b36cc000 rw-p 00000000 00:00 0 
b36cc000-b390c000 rwxp 00000000 00:00 0 
b390c000-b66cc000 rw-p 00000000 00:00 0 
b66cc000-b66d7000 r-xp 00000000 08:01 1713725    /lib/i386-linux-gnu/libnss_files-2.13.so
b66d7000-b66d8000 r--p 0000a000 08:01 1713725    /lib/i386-linux-gnu/libnss_files-2.13.so
b66d8000-b66d9000 rw-p 0000b000 08:01 1713725    /lib/i386-linux-gnu/libnss_files-2.13.so
b66d9000-b66e3000 r-xp 00000000 08:01 1713727    /lib/i386-linux-gnu/libnss_nis-2.13.so
b66e3000-b66e4000 r--p 00009000 08:01 1713727    /lib/i386-linux-gnu/libnss_nis-2.13.so
b66e4000-b66e5000 rw-p 0000a000 08:01 1713727    /lib/i386-linux-gnu/libnss_nis-2.13.so
b66e5000-b66fa000 r-xp 00000000 08:01 1713722    /lib/i386-linux-gnu/libnsl-2.13.so
b66fa000-b66fb000 r--p 00015000 08:01 1713722    /lib/i386-linux-gnu/libnsl-2.13.so
b66fb000-b66fc000 rw-p 00016000 08:01 1713722    /lib/i386-linux-gnu/libnsl-2.13.so
b66fc000-b66fe000 rw-p 00000000 00:00 0 
b66fe000-b6706000 r-xp 00000000 08:01 1713723    /lib/i386-linux-gnu/libnss_compat-2.13.so
b6706000-b6707000 r--p 00007000 08:01 1713723    /lib/i386-linux-gnu/libnss_compat-2.13.so
b6707000-b6708000 rw-p 00008000 08:01 1713723    /lib/i386-linux-gnu/libnss_compat-2.13.so
b6708000-b670b000 r--s 0007d000 08:01 2896155    /usr/lib/jvm/java-6-openjdk/jre/lib/jsse.jar
b670b000-b6712000 r-xp 00000000 08:01 2896164    /usr/lib/jvm/java-6-openjdk/jre/lib/i386/libzip.so
b6712000-b6713000 r--p 00006000 08:01 2896164    /usr/lib/jvm/java-6-openjdk/jre/lib/i386/libzip.so
b6713000-b6714000 rw-p 00007000 08:01 2896164    /usr/lib/jvm/java-6-openjdk/jre/lib/i386/libzip.so
b6714000-b671c000 rw-s 00000000 08:01 1573935    /tmp/hsperfdata_root/6562
b671c000-b6742000 r-xp 00000000 08:01 2886119    /usr/lib/jvm/java-6-openjdk/jre/lib/i386/libjava.so
b6742000-b6743000 r--p 00025000 08:01 2886119    /usr/lib/jvm/java-6-openjdk/jre/lib/i386/libjava.so
b6743000-b6745000 rw-p 00026000 08:01 2886119    /usr/lib/jvm/java-6-openjdk/jre/lib/i386/libjava.so
b6745000-b674c000 r-xp 00000000 08:01 1713732    /lib/i386-linux-gnu/librt-2.13.so
b674c000-b674d000 r--p 00006000 08:01 1713732    /lib/i386-linux-gnu/librt-2.13.so
b674d000-b674e000 rw-p 00007000 08:01 1713732    /lib/i386-linux-gnu/librt-2.13.so
b674e000-b6751000 ---p 00000000 00:00 0 
b6751000-b679f000 rwxp 00000000 00:00 0 
b679f000-b67bb000 r-xp 00000000 08:01 1704890    /lib/i386-linux-gnu/libgcc_s.so.1
b67bb000-b67bc000 r--p 0001b000 08:01 1704890    /lib/i386-linux-gnu/libgcc_s.so.1
b67bc000-b67bd000 rw-p 0001c000 08:01 1704890    /lib/i386-linux-gnu/libgcc_s.so.1
b67bd000-b67e5000 r-xp 00000000 08:01 1713720    /lib/i386-linux-gnu/libm-2.13.so
b67e5000-b67e6000 r--p 00028000 08:01 1713720    /lib/i386-linux-gnu/libm-2.13.so
b67e6000-b67e7000 rw-p 00029000 08:01 1713720    /lib/i386-linux-gnu/libm-2.13.so
b67e7000-b68c5000 r-xp 00000000 08:01 2495867    /usr/lib/i386-linux-gnu/libstdc++.so.6.0.16
b68c5000-b68c6000 ---p 000de000 08:01 2495867    /usr/lib/i386-linux-gnu/libstdc++.so.6.0.16
b68c6000-b68ca000 r--p 000de000 08:01 2495867    /usr/lib/i386-linux-gnu/libstdc++.so.6.0.16
b68ca000-b68cb000 rw-p 000e2000 08:01 2495867    /usr/lib/i386-linux-gnu/libstdc++.so.6.0.16
b68cb000-b68d2000 rw-p 00000000 00:00 0 
b68d2000-b70f0000 r-xp 00000000 08:01 3028099    /usr/lib/jvm/java-6-openjdk/jre/lib/i386/server/libjvm.so
b70f0000-b7135000 r--p 0081e000 08:01 3028099    /usr/lib/jvm/java-6-openjdk/jre/lib/i386/server/libjvm.so
b7135000-b7144000 rw-p 00863000 08:01 3028099    /usr/lib/jvm/java-6-openjdk/jre/lib/i386/server/libjvm.so
b7144000-b7560000 rw-p 00000000 00:00 0 
b7560000-b7573000 r-xp 00000000 08:01 1704952    /lib/i386-linux-gnu/libz.so.1.2.3.4
b7573000-b7574000 r--p 00012000 08:01 1704952    /lib/i386-linux-gnu/libz.so.1.2.3.4
b7574000-b7575000 rw-p 00013000 08:01 1704952    /lib/i386-linux-gnu/libz.so.1.2.3.4
b7575000-b76ed000 r-xp 00000000 08:01 1713716    /lib/i386-linux-gnu/libc-2.13.so
b76ed000-b76ef000 r--p 00178000 08:01 1713716    /lib/i386-linux-gnu/libc-2.13.so
b76ef000-b76f0000 rw-p 0017a000 08:01 1713716    /lib/i386-linux-gnu/libc-2.13.so
b76f0000-b76f3000 rw-p 00000000 00:00 0 
b76f3000-b76f6000 r-xp 00000000 08:01 1713719    /lib/i386-linux-gnu/libdl-2.13.so
b76f6000-b76f7000 r--p 00002000 08:01 1713719    /lib/i386-linux-gnu/libdl-2.13.so
b76f7000-b76f8000 rw-p 00003000 08:01 1713719    /lib/i386-linux-gnu/libdl-2.13.so
b76f8000-b76fc000 r-xp 00000000 08:01 2886103    /usr/lib/jvm/java-6-openjdk/jre/lib/i386/jli/libjli.so
b76fc000-b76fd000 r--p 00003000 08:01 2886103    /usr/lib/jvm/java-6-openjdk/jre/lib/i386/jli/libjli.so
b76fd000-b76fe000 rw-p 00004000 08:01 2886103    /usr/lib/jvm/java-6-openjdk/jre/lib/i386/jli/libjli.so
b76fe000-b76ff000 rw-p 00000000 00:00 0 
b76ff000-b7716000 r-xp 00000000 08:01 1713730    /lib/i386-linux-gnu/libpthread-2.13.so
b7716000-b7717000 r--p 00016000 08:01 1713730    /lib/i386-linux-gnu/libpthread-2.13.so
b7717000-b7718000 rw-p 00017000 08:01 1713730    /lib/i386-linux-gnu/libpthread-2.13.so
b7718000-b771b000 rw-p 00000000 00:00 0 
b771b000-b771c000 rw-s 00000000 00:12 117542     /run/shm/045e.02ae@1.6-SM
b771c000-b771e000 r--s 0000f000 08:01 2896143    /usr/lib/jvm/java-6-openjdk/jre/lib/ext/pulse-java.jar
b771e000-b771f000 rw-p 00000000 00:00 0 
b771f000-b7720000 r--p 00000000 00:00 0 
b7720000-b772b000 r-xp 00000000 08:01 2886139    /usr/lib/jvm/java-6-openjdk/jre/lib/i386/libverify.so
b772b000-b772c000 ---p 0000b000 08:01 2886139    /usr/lib/jvm/java-6-openjdk/jre/lib/i386/libverify.so
b772c000-b772d000 r--p 0000b000 08:01 2886139    /usr/lib/jvm/java-6-openjdk/jre/lib/i386/libverify.so
b772d000-b772e000 rw-p 0000c000 08:01 2886139    /usr/lib/jvm/java-6-openjdk/jre/lib/i386/libverify.so
b772e000-b7730000 rw-p 00000000 00:00 0 
b7730000-b7731000 r-xp 00000000 00:00 0          [vdso]
b7731000-b774f000 r-xp 00000000 08:01 1713713    /lib/i386-linux-gnu/ld-2.13.so
b774f000-b7750000 r--p 0001d000 08:01 1713713    /lib/i386-linux-gnu/ld-2.13.so
b7750000-b7751000 rw-p 0001e000 08:01 1713713    /lib/i386-linux-gnu/ld-2.13.so
bfc90000-bfcb1000 rwxp 00000000 00:00 0          [stack]

VM Arguments:
jvm_args: -Dfile.encoding=UTF-8 
java_command: test.TestGrande
Launcher Type: SUN_STANDARD

Environment Variables:
PATH=/usr/local/sbin:/usr/local/bin:/usr/sbin:/usr/bin:/sbin:/bin:/usr/X11R6/bin
USERNAME=root
LD_LIBRARY_PATH=/usr/lib/jvm/java-6-openjdk/jre/lib/i386/server:/usr/lib/jvm/java-6-openjdk/jre/lib/i386:/usr/lib/jvm/java-6-openjdk/jre/../lib/i386:/usr/lib/jvm/java-6-openjdk/jre/lib/i386/client:/usr/lib/jvm/java-6-openjdk/jre/lib/i386:
SHELL=/bin/bash
DISPLAY=:0.0

Signal Handlers:
SIGSEGV: [libjvm.so+0x66a530], sa_mask[0]=0x7ffbfeff, sa_flags=0x10000004
SIGBUS: [libjvm.so+0x66a530], sa_mask[0]=0x7ffbfeff, sa_flags=0x10000004
SIGFPE: [libjvm.so+0x52e2c0], sa_mask[0]=0x7ffbfeff, sa_flags=0x10000004
SIGPIPE: [libjvm.so+0x52e2c0], sa_mask[0]=0x7ffbfeff, sa_flags=0x10000004
SIGXFSZ: [libjvm.so+0x52e2c0], sa_mask[0]=0x7ffbfeff, sa_flags=0x10000004
SIGILL: [libjvm.so+0x52e2c0], sa_mask[0]=0x7ffbfeff, sa_flags=0x10000004
SIGUSR1: SIG_DFL, sa_mask[0]=0x00000000, sa_flags=0x00000000
SIGUSR2: [libjvm.so+0x52e150], sa_mask[0]=0x00000004, sa_flags=0x10000004
SIGHUP: [libjvm.so+0x5311f0], sa_mask[0]=0x7ffbfeff, sa_flags=0x10000004
SIGINT: [libjvm.so+0x5311f0], sa_mask[0]=0x7ffbfeff, sa_flags=0x10000004
SIGTERM: [libjvm.so+0x5311f0], sa_mask[0]=0x7ffbfeff, sa_flags=0x10000004
SIGQUIT: [libjvm.so+0x5311f0], sa_mask[0]=0x7ffbfeff, sa_flags=0x10000004


---------------  S Y S T E M  ---------------

OS:Ubuntu 11.10 (oneiric)
uname:Linux 3.0.0-17-generic-pae #30-Ubuntu SMP Thu Mar 8 17:53:35 UTC 2012 i686
libc:glibc 2.13 NPTL 2.13 
rlimit: STACK 8192k, CORE 0k, NPROC 28837, NOFILE 4096, AS infinity
load average:0.12 0.11 0.08

/proc/meminfo:
MemTotal:        3705192 kB
MemFree:         1524552 kB
Buffers:           86724 kB
Cached:           955448 kB
SwapCached:            0 kB
Active:          1356436 kB
Inactive:         616776 kB
Active(anon):     931944 kB
Inactive(anon):    11092 kB
Active(file):     424492 kB
Inactive(file):   605684 kB
Unevictable:          60 kB
Mlocked:              60 kB
HighTotal:       2866712 kB
HighFree:         853944 kB
LowTotal:         838480 kB
LowFree:          670608 kB
SwapTotal:       3778556 kB
SwapFree:        3778556 kB
Dirty:               172 kB
Writeback:             0 kB
AnonPages:        931228 kB
Mapped:           209196 kB
Shmem:             12000 kB
Slab:              44528 kB
SReclaimable:      29480 kB
SUnreclaim:        15048 kB
KernelStack:        3560 kB
PageTables:         9664 kB
NFS_Unstable:          0 kB
Bounce:                0 kB
WritebackTmp:          0 kB
CommitLimit:     5631152 kB
Committed_AS:    2682320 kB
VmallocTotal:     122880 kB
VmallocUsed:       45948 kB
VmallocChunk:      73112 kB
HardwareCorrupted:     0 kB
AnonHugePages:         0 kB
HugePages_Total:       0
HugePages_Free:        0
HugePages_Rsvd:        0
HugePages_Surp:        0
Hugepagesize:       2048 kB
DirectMap4k:       10232 kB
DirectMap2M:      903168 kB


CPU:total 2 (2 cores per cpu, 1 threads per core) family 20 model 1 stepping 0, cmov, cx8, fxsr, mmx, sse, sse2, sse3, ssse3, popcnt, mmxext, lzcnt, sse4a

Memory: 4k page, physical 3705192k(1524552k free), swap 3778556k(3778556k free)

vm_info: OpenJDK Server VM (20.0-b11) for linux-x86 JRE (1.6.0_23-b23), built on Feb 23 2012 06:26:43 by "buildd" with gcc 4.6.1

time: Fri Mar 30 14:14:26 2012
elapsed time: 22 seconds

