#
# A fatal error has been detected by the Java Runtime Environment:
#
#  SIGSEGV (0xb) at pc=0x713276a6, pid=19527, tid=1658792816
#
# JRE version: 6.0_23-b23
# Java VM: OpenJDK Server VM (20.0-b11 mixed mode linux-x86 )
# Derivative: IcedTea6 1.11pre
# Distribution: Ubuntu 11.10, package 6b23~pre11-0ubuntu1.11.10.2
# Problematic frame:
# C  [libXnVFeatures_1_5_2.so+0x1006a6]  FeatureExtractor::IsCalibrating() const+0x6
#
# If you would like to submit a bug report, please include
# instructions how to reproduce the bug and visit:
#   https://bugs.launchpad.net/ubuntu/+source/openjdk-6/
# The crash happened outside the Java Virtual Machine in native code.
# See problematic frame for where to report the bug.
#

---------------  T H R E A D  ---------------

Current thread (0x0e6d9400):  JavaThread "Thread-116" [_thread_in_native, id=19672, stack(0x62da2000,0x62df3000)]

siginfo:si_signo=SIGSEGV: si_errno=0, si_code=1 (SEGV_MAPERR), si_addr=0x642bd0c0

Registers:
EAX=0x00000000, EBX=0x71630ff4, ECX=0x00000001, EDX=0x6428d008
ESP=0x62df1ed8, EBP=0x62df1ed8, ESI=0x62df1f7c, EDI=0x0e6d9400
EIP=0x713276a6, EFLAGS=0x00210202, CR2=0x642bd0c0

Top of Stack: (sp=0x62df1ed8)
0x62df1ed8:   62df1ef8 71261697 6428d008 00000001
0x62df1ee8:   00000000 00000000 62df1f7c 71630ff4
0x62df1ef8:   62df1f18 7124c251 0a669ea8 00000001
0x62df1f08:   71629698 ffffffff 635f5ed8 71db1ff4
0x62df1f18:   62df1f38 71d40fd2 0a669ea8 00000001
0x62df1f28:   09805fd4 635f5ed8 0963e6f8 0e6d9400
0x62df1f38:   62df1f58 71da1a14 0a6ccee8 00000001
0x62df1f48:   71da1feb 00000000 62df1f7c 00000000 

Instructions: (pc=0x713276a6)
0x71327686:   52 08 8b 75 f8 8b 7d fc 89 ec 5d c3 8d b4 26 00
0x71327696:   00 00 00 8d bc 27 00 00 00 00 55 89 e5 8b 55 08
0x713276a6:   80 ba b8 00 03 00 00 74 21 31 c0 80 ba b9 00 03
0x713276b6:   00 00 75 06 5d c3 8d 74 26 00 0f b6 82 fc 18 02 

Register to memory mapping:

EAX=0x00000000 is an unknown value
EBX=0x71630ff4: <offset 0x409ff4> in /usr/lib/libXnVFeatures_1_5_2.so at 0x71227000
ECX=0x00000001 is an unknown value
EDX=0x6428d008 is an unknown value
ESP=0x62df1ed8 is pointing into the stack for thread: 0x0e6d9400
EBP=0x62df1ed8 is pointing into the stack for thread: 0x0e6d9400
ESI=0x62df1f7c is pointing into the stack for thread: 0x0e6d9400
EDI=0x0e6d9400 is a thread


Stack: [0x62da2000,0x62df3000],  sp=0x62df1ed8,  free space=319k
Native frames: (J=compiled Java code, j=interpreted, Vv=VM code, C=native code)
C  [libXnVFeatures_1_5_2.so+0x1006a6]  FeatureExtractor::IsCalibrating() const+0x6
C  [libXnVFeatures_1_5_2.so+0x3a697]  XnVSkeletonGenerator::IsCalibrating(unsigned int)+0x37
C  [libXnVFeatures_1_5_2.so+0x25251]  __ModuleIsSkeletonCalibrating(void*, unsigned int)+0x61
C  [libOpenNI.so+0x2efd2]  xnIsSkeletonCalibrating+0x42
C  [libOpenNI.jni.so+0xea14]  Java_org_OpenNI_NativeMethods_xnIsSkeletonCalibrating+0x24
J  org.OpenNI.NativeMethods.xnIsSkeletonCalibrating(JI)Z

Java frames: (J=compiled Java code, j=interpreted, Vv=VM code)
J  org.OpenNI.NativeMethods.xnIsSkeletonCalibrating(JI)Z
J  KinectPackage.SkeletonManager.getJoint3D(ILorg/OpenNI/SkeletonJoint;)Ljavax/vecmath/Vector3d;
J  kinect.KinectUserJointReachPoint.run()V
j  java.lang.Thread.run()V+11
v  ~StubRoutines::call_stub

---------------  P R O C E S S  ---------------

Java Threads: ( => current thread )
  0x0e688000 JavaThread "Thread-844" [_thread_blocked, id=20401, stack(0x62a27000,0x62a78000)]
  0x0e722c00 JavaThread "Thread-843" [_thread_blocked, id=20400, stack(0x5fc87000,0x5fcd8000)]
  0x0ec80c00 JavaThread "Thread-842" [_thread_blocked, id=20399, stack(0x5df6b000,0x5dfbc000)]
  0x0e686400 JavaThread "Thread-841" [_thread_blocked, id=20398, stack(0x60e9f000,0x60ef0000)]
  0x0e81d000 JavaThread "Thread-840" [_thread_blocked, id=20397, stack(0x6175d000,0x617ae000)]
  0x0ec7f400 JavaThread "Thread-839" [_thread_blocked, id=20396, stack(0x5dfbc000,0x5e00d000)]
  0x0e721400 JavaThread "Thread-838" [_thread_blocked, id=20395, stack(0x5fcd8000,0x5fd29000)]
  0x0e94d800 JavaThread "Thread-837" [_thread_blocked, id=20394, stack(0x60ef0000,0x60f41000)]
  0x0ec7d800 JavaThread "Thread-836" [_thread_blocked, id=20393, stack(0x5e00d000,0x5e05e000)]
  0x0e71f800 JavaThread "Thread-835" [_thread_blocked, id=20392, stack(0x5fd29000,0x5fd7a000)]
  0x0e81cc00 JavaThread "Thread-834" [_thread_blocked, id=20391, stack(0x627bc000,0x6280d000)]
  0x0eaa5000 JavaThread "Thread-833" [_thread_blocked, id=20390, stack(0x5e05e000,0x5e0af000)]
  0x0e81b000 JavaThread "Thread-832" [_thread_blocked, id=20389, stack(0x617ae000,0x617ff000)]
  0x0e71e400 JavaThread "Thread-831" [_thread_blocked, id=20388, stack(0x5fd7a000,0x5fdcb000)]
  0x0eaa3800 JavaThread "Thread-830" [_thread_blocked, id=20387, stack(0x5e0af000,0x5e100000)]
  0x0e94c400 JavaThread "Thread-829" [_thread_blocked, id=20386, stack(0x60f41000,0x60f92000)]
  0x0e819800 JavaThread "Thread-828" [_thread_blocked, id=20385, stack(0x617ff000,0x61850000)]
  0x0eaa1c00 JavaThread "Thread-827" [_thread_blocked, id=20384, stack(0x5e100000,0x5e151000)]
  0x0e87e400 JavaThread "Thread-826" [_thread_blocked, id=20383, stack(0x5fdcb000,0x5fe1c000)]
  0x0e817c00 JavaThread "Thread-825" [_thread_blocked, id=20382, stack(0x61850000,0x618a1000)]
  0x0eaa0000 JavaThread "Thread-824" [_thread_blocked, id=20381, stack(0x5e151000,0x5e1a2000)]
  0x0e94b800 JavaThread "Thread-823" [_thread_blocked, id=20380, stack(0x60f92000,0x60fe3000)]
  0x0e87cc00 JavaThread "Thread-822" [_thread_blocked, id=20379, stack(0x5fe1c000,0x5fe6d000)]
  0x0ea9e800 JavaThread "Thread-821" [_thread_blocked, id=20378, stack(0x5e1a2000,0x5e1f3000)]
  0x0e73dc00 JavaThread "Thread-820" [_thread_blocked, id=20377, stack(0x6276b000,0x627bc000)]
  0x0e7cf800 JavaThread "Thread-819" [_thread_blocked, id=20376, stack(0x618a1000,0x618f2000)]
  0x0ea9cc00 JavaThread "Thread-818" [_thread_blocked, id=20374, stack(0x5e1f3000,0x5e244000)]
  0x0e7cd400 JavaThread "Thread-817" [_thread_blocked, id=20373, stack(0x60fe3000,0x61034000)]
  0x0e87b000 JavaThread "Thread-816" [_thread_blocked, id=20372, stack(0x5fe6d000,0x5febe000)]
  0x0ea9b000 JavaThread "Thread-815" [_thread_blocked, id=20371, stack(0x5e244000,0x5e295000)]
  0x0e815c00 JavaThread "Thread-814" [_thread_blocked, id=20370, stack(0x618f2000,0x61943000)]
  0x0ea99800 JavaThread "Thread-813" [_thread_blocked, id=20369, stack(0x5e295000,0x5e2e6000)]
  0x0e87a000 JavaThread "Thread-812" [_thread_blocked, id=20368, stack(0x5febe000,0x5ff0f000)]
  0x0e73cc00 JavaThread "Thread-811" [_thread_blocked, id=20367, stack(0x62d00000,0x62d51000)]
  0x0ea97c00 JavaThread "Thread-810" [_thread_blocked, id=20366, stack(0x5e2e6000,0x5e337000)]
  0x0e877400 JavaThread "Thread-809" [_thread_blocked, id=20365, stack(0x5ff0f000,0x5ff60000)]
  0x096e8800 JavaThread "Thread-808" [_thread_blocked, id=20364, stack(0x61034000,0x61085000)]
  0x0ea96000 JavaThread "Thread-807" [_thread_blocked, id=20363, stack(0x5e337000,0x5e388000)]
  0x0e74ec00 JavaThread "Thread-806" [_thread_blocked, id=20362, stack(0x63278000,0x632c9000)]
  0x0e810c00 JavaThread "Thread-805" [_thread_blocked, id=20361, stack(0x61943000,0x61994000)]
  0x0ea94400 JavaThread "Thread-804" [_thread_blocked, id=20360, stack(0x5e388000,0x5e3d9000)]
  0x0973f000 JavaThread "Thread-803" [_thread_blocked, id=20359, stack(0x5ff60000,0x5ffb1000)]
  0x0e6bd800 JavaThread "Thread-802" [_thread_blocked, id=20358, stack(0x61085000,0x610d6000)]
  0x0ea92c00 JavaThread "Thread-801" [_thread_blocked, id=20357, stack(0x5e3d9000,0x5e42a000)]
  0x0973e000 JavaThread "Thread-800" [_thread_blocked, id=20356, stack(0x5ffb1000,0x60002000)]
  0x0e810800 JavaThread "Thread-799" [_thread_blocked, id=20355, stack(0x62b6b000,0x62bbc000)]
  0x0ea91400 JavaThread "Thread-798" [_thread_blocked, id=20354, stack(0x5e42a000,0x5e47b000)]
  0x0e6bd000 JavaThread "Thread-797" [_thread_blocked, id=20353, stack(0x61994000,0x619e5000)]
  0x0973c800 JavaThread "Thread-796" [_thread_blocked, id=20352, stack(0x60002000,0x60053000)]
  0x0ec53400 JavaThread "Thread-795" [_thread_blocked, id=20351, stack(0x5e47b000,0x5e4cc000)]
  0x0e684c00 JavaThread "Thread-794" [_thread_blocked, id=20350, stack(0x610d6000,0x61127000)]
  0x0e73b800 JavaThread "Thread-793" [_thread_blocked, id=20349, stack(0x63643000,0x63694000)]
  0x0ec51800 JavaThread "Thread-792" [_thread_blocked, id=20348, stack(0x5e4cc000,0x5e51d000)]
  0x0973b400 JavaThread "Thread-791" [_thread_blocked, id=20347, stack(0x60053000,0x600a4000)]
  0x0e71b800 JavaThread "Thread-790" [_thread_blocked, id=20346, stack(0x6271a000,0x6276b000)]
  0x0ec50000 JavaThread "Thread-789" [_thread_blocked, id=20345, stack(0x5e51d000,0x5e56e000)]
  0x0e719c00 JavaThread "Thread-788" [_thread_blocked, id=20344, stack(0x61127000,0x61178000)]
  0x0973a400 JavaThread "Thread-787" [_thread_blocked, id=20343, stack(0x600a4000,0x600f5000)]
  0x0ec4f000 JavaThread "Thread-786" [_thread_blocked, id=20342, stack(0x5e56e000,0x5e5bf000)]
  0x0e699000 JavaThread "Thread-785" [_thread_blocked, id=20341, stack(0x619e5000,0x61a36000)]
  0x0ec4dc00 JavaThread "Thread-784" [_thread_blocked, id=20340, stack(0x5e5bf000,0x5e610000)]
  0x0e683800 JavaThread "Thread-783" [_thread_blocked, id=20339, stack(0x6331a000,0x6336b000)]
  0x0ec4c400 JavaThread "Thread-782" [_thread_blocked, id=20338, stack(0x5e610000,0x5e661000)]
  0x09787400 JavaThread "Thread-781" [_thread_blocked, id=20337, stack(0x600f5000,0x60146000)]
  0x0eb8cc00 JavaThread "Thread-780" [_thread_blocked, id=20336, stack(0x5e661000,0x5e6b2000)]
  0x0e718400 JavaThread "Thread-779" [_thread_blocked, id=20335, stack(0x61178000,0x611c9000)]
  0x0e698c00 JavaThread "Thread-778" [_thread_blocked, id=20334, stack(0x630e3000,0x63134000)]
  0x09785c00 JavaThread "Thread-777" [_thread_blocked, id=20333, stack(0x60146000,0x60197000)]
  0x0eb8b400 JavaThread "Thread-776" [_thread_blocked, id=20332, stack(0x5e6b2000,0x5e703000)]
  0x0e718000 JavaThread "Thread-775" [_thread_blocked, id=20331, stack(0x6345e000,0x634af000)]
  0x0eb89800 JavaThread "Thread-774" [_thread_blocked, id=20330, stack(0x5e703000,0x5e754000)]
  0x09707400 JavaThread "Thread-773" [_thread_blocked, id=20329, stack(0x5e754000,0x5e7a5000)]
  0x09784000 JavaThread "Thread-772" [_thread_blocked, id=20328, stack(0x60197000,0x601e8000)]
  0x63524800 JavaThread "Thread-771" [_thread_blocked, id=20327, stack(0x611c9000,0x6121a000)]
  0x71ecfc00 JavaThread "Thread-770" [_thread_blocked, id=20326, stack(0x5e7a5000,0x5e7f6000)]
  0x71ecf800 JavaThread "Thread-769" [_thread_blocked, id=20325, stack(0x626c9000,0x6271a000)]
  0x6350ac00 JavaThread "Thread-768" [_thread_blocked, id=20324, stack(0x5e7f6000,0x5e847000)]
  0x6350a800 JavaThread "Thread-767" [_thread_blocked, id=20323, stack(0x62a78000,0x62ac9000)]
  0x71e73800 JavaThread "Thread-766" [_thread_blocked, id=20322, stack(0x5e847000,0x5e898000)]
  0x63522c00 JavaThread "Thread-765" [_thread_blocked, id=20321, stack(0x5e898000,0x5e8e9000)]
  0x71ecc800 JavaThread "Thread-764" [_thread_blocked, id=20320, stack(0x5e8e9000,0x5e93a000)]
  0x09782400 JavaThread "Thread-763" [_thread_blocked, id=20319, stack(0x601e8000,0x60239000)]
  0x0e80ac00 JavaThread "Thread-762" [_thread_blocked, id=20318, stack(0x6121a000,0x6126b000)]
  0x0eb87000 JavaThread "Thread-761" [_thread_blocked, id=20317, stack(0x5e93a000,0x5e98b000)]
  0x09780c00 JavaThread "Thread-760" [_thread_blocked, id=20316, stack(0x60239000,0x6028a000)]
  0x0e718c00 JavaThread "Thread-759" [_thread_blocked, id=20315, stack(0x62627000,0x62678000)]
  0x0ec21c00 JavaThread "Thread-758" [_thread_blocked, id=20314, stack(0x5e98b000,0x5e9dc000)]
  0x09740800 JavaThread "Thread-757" [_thread_blocked, id=20313, stack(0x633bc000,0x6340d000)]
  0x0ec20400 JavaThread "Thread-756" [_thread_blocked, id=20312, stack(0x5e9dc000,0x5ea2d000)]
  0x0ea35000 JavaThread "Thread-755" [_thread_blocked, id=20311, stack(0x6028a000,0x602db000)]
  0x0e8cb000 JavaThread "Thread-754" [_thread_blocked, id=20310, stack(0x6126b000,0x612bc000)]
  0x097e2400 JavaThread "Thread-753" [_thread_blocked, id=20309, stack(0x5ea2d000,0x5ea7e000)]
  0x0ea34000 JavaThread "Thread-752" [_thread_blocked, id=20308, stack(0x602db000,0x6032c000)]
  0x097e1400 JavaThread "Thread-751" [_thread_blocked, id=20307, stack(0x5ea7e000,0x5eacf000)]
  0x0ea32c00 JavaThread "Thread-750" [_thread_blocked, id=20306, stack(0x6032c000,0x6037d000)]
  0x09735800 JavaThread "Thread-749" [_thread_blocked, id=20305, stack(0x62ac9000,0x62b1a000)]
  0x0ebe6400 JavaThread "Thread-748" [_thread_blocked, id=20304, stack(0x5eacf000,0x5eb20000)]
  0x0ea31000 JavaThread "Thread-747" [_thread_blocked, id=20303, stack(0x6037d000,0x603ce000)]
  0x0ea2f400 JavaThread "Thread-746" [_thread_blocked, id=20302, stack(0x603ce000,0x6041f000)]
  0x0e6d6800 JavaThread "Thread-745" [_thread_blocked, id=20301, stack(0x612bc000,0x6130d000)]
  0x097dfc00 JavaThread "Thread-744" [_thread_blocked, id=20300, stack(0x5eb20000,0x5eb71000)]
  0x0ea2d800 JavaThread "Thread-743" [_thread_blocked, id=20299, stack(0x6041f000,0x60470000)]
  0x097d7000 JavaThread "Thread-742" [_thread_blocked, id=20298, stack(0x61a36000,0x61a87000)]
  0x097d4c00 JavaThread "Thread-741" [_thread_blocked, id=20297, stack(0x5eb71000,0x5ebc2000)]
  0x0e99ac00 JavaThread "Thread-740" [_thread_blocked, id=20296, stack(0x5ebc2000,0x5ec13000)]
  0x0ea2c000 JavaThread "Thread-739" [_thread_blocked, id=20295, stack(0x60470000,0x604c1000)]
  0x0e945800 JavaThread "Thread-738" [_thread_blocked, id=20294, stack(0x604c1000,0x60512000)]
  0x0e999000 JavaThread "Thread-737" [_thread_blocked, id=20293, stack(0x5ec13000,0x5ec64000)]
  0x0e8c1000 JavaThread "Thread-736" [_thread_blocked, id=20292, stack(0x62585000,0x625d6000)]
  0x0e997c00 JavaThread "Thread-735" [_thread_blocked, id=20291, stack(0x5ec64000,0x5ecb5000)]
  0x0e69a400 JavaThread "Thread-734" [_thread_blocked, id=20290, stack(0x6130d000,0x6135e000)]
  0x0e944800 JavaThread "Thread-733" [_thread_blocked, id=20289, stack(0x60512000,0x60563000)]
  0x0e996800 JavaThread "Thread-732" [_thread_blocked, id=20288, stack(0x5ecb5000,0x5ed06000)]
  0x0e943400 JavaThread "Thread-731" [_thread_blocked, id=20287, stack(0x60563000,0x605b4000)]
  0x09736000 JavaThread "Thread-730" [_thread_blocked, id=20286, stack(0x6340d000,0x6345e000)]
  0x0e995400 JavaThread "Thread-729" [_thread_blocked, id=20285, stack(0x5ed06000,0x5ed57000)]
  0x09732000 JavaThread "Thread-728" [_thread_blocked, id=20284, stack(0x6135e000,0x613af000)]
  0x0e940400 JavaThread "Thread-727" [_thread_blocked, id=20283, stack(0x605b4000,0x60605000)]
  0x0e8fa800 JavaThread "Thread-726" [_thread_blocked, id=20282, stack(0x5ed57000,0x5eda8000)]
  0x0970a800 JavaThread "Thread-725" [_thread_blocked, id=20281, stack(0x62441000,0x62492000)]
  0x0e6c1c00 JavaThread "Thread-724" [_thread_blocked, id=20280, stack(0x62c5e000,0x62caf000)]
  0x0e8f9000 JavaThread "Thread-723" [_thread_blocked, id=20279, stack(0x5eda8000,0x5edf9000)]
  0x0e93ec00 JavaThread "Thread-722" [_thread_blocked, id=20278, stack(0x60605000,0x60656000)]
  0x0e8f7400 JavaThread "Thread-721" [_thread_blocked, id=20277, stack(0x5edf9000,0x5ee4a000)]
  0x0e69d400 JavaThread "Thread-720" [_thread_blocked, id=20276, stack(0x613af000,0x61400000)]
  0x0e8f5800 JavaThread "Thread-719" [_thread_blocked, id=20275, stack(0x5ee4a000,0x5ee9b000)]
  0x0e93e000 JavaThread "Thread-718" [_thread_blocked, id=20274, stack(0x62df3000,0x62e44000)]
  0x0e93c800 JavaThread "Thread-717" [_thread_blocked, id=20273, stack(0x60656000,0x606a7000)]
  0x0e8f4000 JavaThread "Thread-716" [_thread_blocked, id=20272, stack(0x5ee9b000,0x5eeec000)]
  0x0e93c000 JavaThread "Thread-715" [_thread_blocked, id=20271, stack(0x634af000,0x63500000)]
  0x0e93b400 JavaThread "Thread-714" [_thread_blocked, id=20270, stack(0x61c6d000,0x61cbe000)]
  0x0e846000 JavaThread "Thread-713" [_thread_blocked, id=20269, stack(0x5eeec000,0x5ef3d000)]
  0x0e939c00 JavaThread "Thread-712" [_thread_blocked, id=20268, stack(0x606a7000,0x606f8000)]
  0x0e939400 JavaThread "Thread-711" [_thread_blocked, id=20267, stack(0x6302a000,0x6307b000)]
  0x0e844400 JavaThread "Thread-710" [_thread_blocked, id=20266, stack(0x5ef3d000,0x5ef8e000)]
  0x0e937800 JavaThread "Thread-709" [_thread_blocked, id=20265, stack(0x606f8000,0x60749000)]
  0x0e842800 JavaThread "Thread-708" [_thread_blocked, id=20264, stack(0x5ef8e000,0x5efdf000)]
  0x0e841400 JavaThread "Thread-707" [_thread_blocked, id=20263, stack(0x5efdf000,0x5f030000)]
  0x0e937000 JavaThread "Thread-706" [_thread_blocked, id=20262, stack(0x63227000,0x63278000)]
  0x0e936800 JavaThread "Thread-705" [_thread_blocked, id=20261, stack(0x62678000,0x626c9000)]
  0x0e83f400 JavaThread "Thread-704" [_thread_blocked, id=20260, stack(0x5f030000,0x5f081000)]
  0x0e800400 JavaThread "Thread-703" [_thread_blocked, id=20259, stack(0x60749000,0x6079a000)]
  0x0e800000 JavaThread "Thread-702" [_thread_blocked, id=20258, stack(0x62ee6000,0x62f37000)]
  0x0e7ff400 JavaThread "Thread-701" [_thread_blocked, id=20257, stack(0x61a87000,0x61ad8000)]
  0x0e7fd800 JavaThread "Thread-700" [_thread_blocked, id=20256, stack(0x6079a000,0x607eb000)]
  0x0e7fd000 JavaThread "Thread-699" [_thread_blocked, id=20255, stack(0x63694000,0x636e5000)]
  0x0ea4f800 JavaThread "Thread-698" [_thread_blocked, id=20254, stack(0x5f081000,0x5f0d2000)]
  0x0ea4e000 JavaThread "Thread-697" [_thread_blocked, id=20253, stack(0x5f0d2000,0x5f123000)]
  0x0e7fc800 JavaThread "Thread-696" [_thread_blocked, id=20252, stack(0x62534000,0x62585000)]
  0x0ea4c400 JavaThread "Thread-695" [_thread_blocked, id=20251, stack(0x5f123000,0x5f174000)]
  0x0e7fb000 JavaThread "Thread-694" [_thread_blocked, id=20250, stack(0x607eb000,0x6083c000)]
  0x0ea4a800 JavaThread "Thread-693" [_thread_blocked, id=20249, stack(0x5f174000,0x5f1c5000)]
  0x0e7fac00 JavaThread "Thread-692" [_thread_blocked, id=20248, stack(0x62f37000,0x62f88000)]
  0x0ea48c00 JavaThread "Thread-691" [_thread_blocked, id=20247, stack(0x5f1c5000,0x5f216000)]
  0x0e7fa400 JavaThread "Thread-690" [_thread_blocked, id=20246, stack(0x62caf000,0x62d00000)]
  0x0e7f8000 JavaThread "Thread-689" [_thread_blocked, id=20245, stack(0x6083c000,0x6088d000)]
  0x0ea47400 JavaThread "Thread-688" [_thread_blocked, id=20244, stack(0x5f216000,0x5f267000)]
  0x0e79f400 JavaThread "Thread-687" [_thread_blocked, id=20243, stack(0x632c9000,0x6331a000)]
  0x0e79ec00 JavaThread "Thread-686" [_thread_blocked, id=20242, stack(0x61ad8000,0x61b29000)]
  0x0ea45c00 JavaThread "Thread-685" [_thread_blocked, id=20241, stack(0x5f267000,0x5f2b8000)]
  0x0e79d400 JavaThread "Thread-684" [_thread_blocked, id=20240, stack(0x6088d000,0x608de000)]
  0x0ea44800 JavaThread "Thread-683" [_thread_blocked, id=20239, stack(0x5f2b8000,0x5f309000)]
  0x0e79cc00 JavaThread "Thread-682" [_thread_blocked, id=20238, stack(0x62c0d000,0x62c5e000)]
  0x0e79c400 JavaThread "Thread-681" [_thread_blocked, id=20237, stack(0x63134000,0x63185000)]
  0x0ea43800 JavaThread "Thread-680" [_thread_blocked, id=20236, stack(0x5f309000,0x5f35a000)]
  0x0e79b000 JavaThread "Thread-679" [_thread_blocked, id=20235, stack(0x608de000,0x6092f000)]
  0x0e79a800 JavaThread "Thread-678" [_thread_blocked, id=20234, stack(0x62fd9000,0x6302a000)]
  0x0e79a000 JavaThread "Thread-677" [_thread_blocked, id=20233, stack(0x61b29000,0x61b7a000)]
  0x0ea42000 JavaThread "Thread-676" [_thread_blocked, id=20232, stack(0x5f35a000,0x5f3ab000)]
  0x0e898c00 JavaThread "Thread-675" [_thread_blocked, id=20231, stack(0x6092f000,0x60980000)]
  0x0e9ae400 JavaThread "Thread-674" [_thread_blocked, id=20230, stack(0x5f3ab000,0x5f3fc000)]
  0x0e898400 JavaThread "Thread-673" [_thread_blocked, id=20229, stack(0x61b7a000,0x61bcb000)]
  0x0e9ad400 JavaThread "Thread-672" [_thread_blocked, id=20228, stack(0x5f3fc000,0x5f44d000)]
  0x0e897800 JavaThread "Thread-671" [_thread_blocked, id=20227, stack(0x61bcb000,0x61c1c000)]
  0x0e84ec00 JavaThread "Thread-670" [_thread_blocked, id=20226, stack(0x60980000,0x609d1000)]
  0x0e9a8c00 JavaThread "Thread-669" [_thread_blocked, id=20225, stack(0x5f44d000,0x5f49e000)]
  0x0e84e800 JavaThread "Thread-668" [_thread_blocked, id=20224, stack(0x61c1c000,0x61c6d000)]
  0x0e84d400 JavaThread "Thread-667" [_thread_blocked, id=20223, stack(0x631d6000,0x63227000)]
  0x0e9a7000 JavaThread "Thread-666" [_thread_blocked, id=20222, stack(0x5f49e000,0x5f4ef000)]
  0x0e850400 JavaThread "Thread-665" [_thread_blocked, id=20221, stack(0x609d1000,0x60a22000)]
  0x09705800 JavaThread "Thread-664" [_thread_blocked, id=20220, stack(0x61cbe000,0x61d0f000)]
  0x0e9a5400 JavaThread "Thread-663" [_thread_blocked, id=20219, stack(0x5f4ef000,0x5f540000)]
  0x0e767c00 JavaThread "Thread-662" [_thread_blocked, id=20218, stack(0x61d0f000,0x61d60000)]
  0x0e8ff800 JavaThread "Thread-661" [_thread_blocked, id=20217, stack(0x60a22000,0x60a73000)]
  0x0e9a3c00 JavaThread "Thread-660" [_thread_blocked, id=20216, stack(0x5f540000,0x5f591000)]
  0x0e8ca800 JavaThread "Thread-659" [_thread_blocked, id=20215, stack(0x625d6000,0x62627000)]
  0x0e851800 JavaThread "Thread-658" [_thread_blocked, id=20214, stack(0x61d60000,0x61db1000)]
  0x0e9a2000 JavaThread "Thread-657" [_thread_blocked, id=20213, stack(0x5f591000,0x5f5e2000)]
  0x0e696400 JavaThread "Thread-656" [_thread_blocked, id=20212, stack(0x62bbc000,0x62c0d000)]
  0x0e9a0c00 JavaThread "Thread-655" [_thread_blocked, id=20211, stack(0x5f5e2000,0x5f633000)]
  0x0e85a000 JavaThread "Thread-654" [_thread_blocked, id=20210, stack(0x60b24000,0x60b75000)]
  0x0e99ec00 JavaThread "Thread-653" [_thread_blocked, id=20209, stack(0x5f633000,0x5f684000)]
  0x0e829800 JavaThread "Thread-652" [_thread_blocked, id=20208, stack(0x61526000,0x61577000)]
  0x0e8c7400 JavaThread "Thread-651" [_thread_blocked, id=20207, stack(0x61db1000,0x61e02000)]
  0x0e827c00 JavaThread "Thread-650" [_thread_blocked, id=20206, stack(0x61577000,0x615c8000)]
  0x0e99d000 JavaThread "Thread-649" [_thread_blocked, id=20205, stack(0x5f684000,0x5f6d5000)]
  0x0e99b400 JavaThread "Thread-648" [_thread_blocked, id=20204, stack(0x5f6d5000,0x5f726000)]
  0x0e8bb000 JavaThread "Thread-647" [_thread_blocked, id=20203, stack(0x60b75000,0x60bc6000)]
  0x0e84b400 JavaThread "Thread-646" [_thread_blocked, id=20202, stack(0x5f726000,0x5f777000)]
  0x0e8c5800 JavaThread "Thread-645" [_thread_blocked, id=20201, stack(0x61e02000,0x61e53000)]
  0x0e827000 JavaThread "Thread-644" [_thread_blocked, id=20200, stack(0x61e53000,0x61ea4000)]
  0x0e8ba000 JavaThread "Thread-643" [_thread_blocked, id=20199, stack(0x60bc6000,0x60c17000)]
  0x0e849c00 JavaThread "Thread-642" [_thread_blocked, id=20198, stack(0x5f777000,0x5f7c8000)]
  0x0e825c00 JavaThread "Thread-641" [_thread_blocked, id=20197, stack(0x615c8000,0x61619000)]
  0x0e739400 JavaThread "Thread-640" [_thread_blocked, id=20196, stack(0x62b1a000,0x62b6b000)]
  0x0e848c00 JavaThread "Thread-639" [_thread_blocked, id=20195, stack(0x5f7c8000,0x5f819000)]
  0x0e8dd800 JavaThread "Thread-638" [_thread_blocked, id=20194, stack(0x60c17000,0x60c68000)]
  0x0e847800 JavaThread "Thread-637" [_thread_blocked, id=20193, stack(0x5f819000,0x5f86a000)]
  0x0e8dd000 JavaThread "Thread-636" [_thread_blocked, id=20192, stack(0x61ea4000,0x61ef5000)]
  0x0e847400 JavaThread "Thread-635" [_thread_blocked, id=20191, stack(0x61ef5000,0x61f46000)]
  0x0e824000 JavaThread "Thread-634" [_thread_blocked, id=20190, stack(0x61619000,0x6166a000)]
  0x0ea41400 JavaThread "Thread-633" [_thread_blocked, id=20189, stack(0x5f86a000,0x5f8bb000)]
  0x0ea40800 JavaThread "Thread-632" [_thread_blocked, id=20188, stack(0x5f8bb000,0x5f90c000)]
  0x0ea40000 JavaThread "Thread-631" [_thread_blocked, id=20187, stack(0x60c68000,0x60cb9000)]
  0x0ea3d800 JavaThread "Thread-630" [_thread_blocked, id=20186, stack(0x5f90c000,0x5f95d000)]
  0x0e823c00 JavaThread "Thread-629" [_thread_blocked, id=20185, stack(0x628af000,0x62900000)]
  0x0ea3c000 JavaThread "Thread-628" [_thread_blocked, id=20184, stack(0x5f95d000,0x5f9ae000)]
  0x0e8d9000 JavaThread "Thread-627" [_thread_blocked, id=20183, stack(0x624e3000,0x62534000)]
  0x0e6b4000 JavaThread "Thread-626" [_thread_blocked, id=20182, stack(0x60cb9000,0x60d0a000)]
  0x0ea3a400 JavaThread "Thread-625" [_thread_blocked, id=20181, stack(0x5f9ae000,0x5f9ff000)]
  0x0e68dc00 JavaThread "Thread-624" [_thread_blocked, id=20180, stack(0x62f88000,0x62fd9000)]
  0x0e822000 JavaThread "Thread-623" [_thread_blocked, id=20179, stack(0x6166a000,0x616bb000)]
  0x0ea38800 JavaThread "Thread-622" [_thread_blocked, id=20178, stack(0x5f9ff000,0x5fa50000)]
  0x0e6b2000 JavaThread "Thread-621" [_thread_blocked, id=20177, stack(0x60d0a000,0x60d5b000)]
  0x0ea37000 JavaThread "Thread-620" [_thread_blocked, id=20176, stack(0x5fa50000,0x5faa1000)]
  0x0e68cc00 JavaThread "Thread-619" [_thread_blocked, id=20175, stack(0x6285e000,0x628af000)]
  0x0e738000 JavaThread "Thread-618" [_thread_blocked, id=20174, stack(0x6307b000,0x630cc000)]
  0x0e6b0c00 JavaThread "Thread-617" [_thread_blocked, id=20173, stack(0x60d5b000,0x60dac000)]
  0x0e858c00 JavaThread "Thread-616" [_thread_blocked, id=20172, stack(0x5faa1000,0x5faf2000)]
  0x0e820400 JavaThread "Thread-615" [_thread_blocked, id=20171, stack(0x616bb000,0x6170c000)]
  0x0e6b0800 JavaThread "Thread-614" [_thread_blocked, id=20170, stack(0x6280d000,0x6285e000)]
  0x0e857000 JavaThread "Thread-613" [_thread_blocked, id=20169, stack(0x5faf2000,0x5fb43000)]
  0x0e6aec00 JavaThread "Thread-612" [_thread_blocked, id=20168, stack(0x60dac000,0x60dfd000)]
  0x0e855400 JavaThread "Thread-611" [_thread_blocked, id=20167, stack(0x5fb43000,0x5fb94000)]
  0x0e742000 JavaThread "Thread-610" [_thread_blocked, id=20166, stack(0x62d51000,0x62da2000)]
  0x0e740800 JavaThread "Thread-609" [_thread_blocked, id=20165, stack(0x6336b000,0x633bc000)]
  0x0e68a000 JavaThread "Thread-608" [_thread_blocked, id=20164, stack(0x60dfd000,0x60e4e000)]
  0x0e853800 JavaThread "Thread-607" [_thread_blocked, id=20163, stack(0x5fb94000,0x5fbe5000)]
  0x0e695800 JavaThread "Thread-606" [_thread_blocked, id=20162, stack(0x62492000,0x624e3000)]
  0x0e852000 JavaThread "Thread-605" [_thread_blocked, id=20161, stack(0x5fbe5000,0x5fc36000)]
  0x0e73fc00 JavaThread "Thread-604" [_thread_blocked, id=20160, stack(0x60e4e000,0x60e9f000)]
  0x0e81e800 JavaThread "Thread-603" [_thread_blocked, id=20159, stack(0x6170c000,0x6175d000)]
  0x0e724800 JavaThread "Thread-602" [_thread_blocked, id=20158, stack(0x5fc36000,0x5fc87000)]
  0x0963a800 JavaThread "DestroyJavaVM" [_thread_blocked, id=19530, stack(0xb6770000,0xb67c1000)]
=>0x0e6d9400 JavaThread "Thread-116" [_thread_in_native, id=19672, stack(0x62da2000,0x62df3000)]
  0x71eb8800 JavaThread "AWT-XAWT" daemon [_thread_in_native, id=19667, stack(0x62e44000,0x62e95000)]
  0x63500800 JavaThread "Java2D Disposer" daemon [_thread_blocked, id=19666, stack(0x62e95000,0x62ee6000)]
  0x09746c00 JavaThread "Thread-1" [_thread_in_native, id=19553, stack(0x64540000,0x64591000)]
  0x096de000 JavaThread "Low Memory Detector" daemon [_thread_blocked, id=19541, stack(0x71fae000,0x71fff000)]
  0x096dac00 JavaThread "C2 CompilerThread1" daemon [_thread_blocked, id=19540, stack(0x71fff000,0x72080000)]
  0x096d8c00 JavaThread "C2 CompilerThread0" daemon [_thread_blocked, id=19539, stack(0x72080000,0x72101000)]
  0x096d7400 JavaThread "Signal Dispatcher" daemon [_thread_blocked, id=19538, stack(0x72101000,0x72152000)]
  0x096c4800 JavaThread "Finalizer" daemon [_thread_blocked, id=19537, stack(0x724c4000,0x72515000)]
  0x096c3000 JavaThread "Reference Handler" daemon [_thread_blocked, id=19536, stack(0x72515000,0x72566000)]

Other Threads:
  0x096bf400 VMThread [stack: 0x72566000,0x725e7000] [id=19535]
  0x096e0000 WatcherThread [stack: 0x71f2d000,0x71fae000] [id=19542]

VM state:not at safepoint (normal execution)

VM Mutex/Monitor currently owned by a thread: None

Heap
 PSYoungGen      total 205312K, used 54816K [0xa0820000, 0xb2b40000, 0xb3620000)
  eden space 117120K, 45% used [0xa0820000,0xa3bdc310,0xa7a80000)
  from space 88192K, 2% used [0xad520000,0xad6ec000,0xb2b40000)
  to   space 90496K, 0% used [0xa7a80000,0xa7a80000,0xad2e0000)
 PSOldGen        total 129280K, used 66585K [0x7ac20000, 0x82a60000, 0xa0820000)
  object space 129280K, 51% used [0x7ac20000,0x7ed26638,0x82a60000)
 PSPermGen       total 16384K, used 9542K [0x72c20000, 0x73c20000, 0x7ac20000)
  object space 16384K, 58% used [0x72c20000,0x73571ac0,0x73c20000)

Code Cache  [0xb36ee000, 0xb392e000, 0xb66ee000)
 total_blobs=556 nmethods=245 adapters=265 free_code_cache=49559168 largest_free_block=5952

Dynamic libraries:
08048000-08051000 r-xp 00000000 08:01 3029976    /usr/lib/jvm/java-6-openjdk/jre/bin/java
08051000-08052000 r--p 00008000 08:01 3029976    /usr/lib/jvm/java-6-openjdk/jre/bin/java
08052000-08053000 rw-p 00009000 08:01 3029976    /usr/lib/jvm/java-6-openjdk/jre/bin/java
09633000-0ec9d000 rw-p 00000000 00:00 0          [heap]
5df6b000-5df6e000 ---p 00000000 00:00 0 
5df6e000-5dfbc000 rwxp 00000000 00:00 0 
5dfbc000-5dfbf000 ---p 00000000 00:00 0 
5dfbf000-5e00d000 rwxp 00000000 00:00 0 
5e00d000-5e010000 ---p 00000000 00:00 0 
5e010000-5e05e000 rwxp 00000000 00:00 0 
5e05e000-5e061000 ---p 00000000 00:00 0 
5e061000-5e0af000 rwxp 00000000 00:00 0 
5e0af000-5e0b2000 ---p 00000000 00:00 0 
5e0b2000-5e100000 rwxp 00000000 00:00 0 
5e100000-5e103000 ---p 00000000 00:00 0 
5e103000-5e151000 rwxp 00000000 00:00 0 
5e151000-5e154000 ---p 00000000 00:00 0 
5e154000-5e1a2000 rwxp 00000000 00:00 0 
5e1a2000-5e1a5000 ---p 00000000 00:00 0 
5e1a5000-5e1f3000 rwxp 00000000 00:00 0 
5e1f3000-5e1f6000 ---p 00000000 00:00 0 
5e1f6000-5e244000 rwxp 00000000 00:00 0 
5e244000-5e247000 ---p 00000000 00:00 0 
5e247000-5e295000 rwxp 00000000 00:00 0 
5e295000-5e298000 ---p 00000000 00:00 0 
5e298000-5e2e6000 rwxp 00000000 00:00 0 
5e2e6000-5e2e9000 ---p 00000000 00:00 0 
5e2e9000-5e337000 rwxp 00000000 00:00 0 
5e337000-5e33a000 ---p 00000000 00:00 0 
5e33a000-5e388000 rwxp 00000000 00:00 0 
5e388000-5e38b000 ---p 00000000 00:00 0 
5e38b000-5e3d9000 rwxp 00000000 00:00 0 
5e3d9000-5e3dc000 ---p 00000000 00:00 0 
5e3dc000-5e42a000 rwxp 00000000 00:00 0 
5e42a000-5e42d000 ---p 00000000 00:00 0 
5e42d000-5e47b000 rwxp 00000000 00:00 0 
5e47b000-5e47e000 ---p 00000000 00:00 0 
5e47e000-5e4cc000 rwxp 00000000 00:00 0 
5e4cc000-5e4cf000 ---p 00000000 00:00 0 
5e4cf000-5e51d000 rwxp 00000000 00:00 0 
5e51d000-5e520000 ---p 00000000 00:00 0 
5e520000-5e56e000 rwxp 00000000 00:00 0 
5e56e000-5e571000 ---p 00000000 00:00 0 
5e571000-5e5bf000 rwxp 00000000 00:00 0 
5e5bf000-5e5c2000 ---p 00000000 00:00 0 
5e5c2000-5e610000 rwxp 00000000 00:00 0 
5e610000-5e613000 ---p 00000000 00:00 0 
5e613000-5e661000 rwxp 00000000 00:00 0 
5e661000-5e664000 ---p 00000000 00:00 0 
5e664000-5e6b2000 rwxp 00000000 00:00 0 
5e6b2000-5e6b5000 ---p 00000000 00:00 0 
5e6b5000-5e703000 rwxp 00000000 00:00 0 
5e703000-5e706000 ---p 00000000 00:00 0 
5e706000-5e754000 rwxp 00000000 00:00 0 
5e754000-5e757000 ---p 00000000 00:00 0 
5e757000-5e7a5000 rwxp 00000000 00:00 0 
5e7a5000-5e7a8000 ---p 00000000 00:00 0 
5e7a8000-5e7f6000 rwxp 00000000 00:00 0 
5e7f6000-5e7f9000 ---p 00000000 00:00 0 
5e7f9000-5e847000 rwxp 00000000 00:00 0 
5e847000-5e84a000 ---p 00000000 00:00 0 
5e84a000-5e898000 rwxp 00000000 00:00 0 
5e898000-5e89b000 ---p 00000000 00:00 0 
5e89b000-5e8e9000 rwxp 00000000 00:00 0 
5e8e9000-5e8ec000 ---p 00000000 00:00 0 
5e8ec000-5e93a000 rwxp 00000000 00:00 0 
5e93a000-5e93d000 ---p 00000000 00:00 0 
5e93d000-5e98b000 rwxp 00000000 00:00 0 
5e98b000-5e98e000 ---p 00000000 00:00 0 
5e98e000-5e9dc000 rwxp 00000000 00:00 0 
5e9dc000-5e9df000 ---p 00000000 00:00 0 
5e9df000-5ea2d000 rwxp 00000000 00:00 0 
5ea2d000-5ea30000 ---p 00000000 00:00 0 
5ea30000-5ea7e000 rwxp 00000000 00:00 0 
5ea7e000-5ea81000 ---p 00000000 00:00 0 
5ea81000-5eacf000 rwxp 00000000 00:00 0 
5eacf000-5ead2000 ---p 00000000 00:00 0 
5ead2000-5eb20000 rwxp 00000000 00:00 0 
5eb20000-5eb23000 ---p 00000000 00:00 0 
5eb23000-5eb71000 rwxp 00000000 00:00 0 
5eb71000-5eb74000 ---p 00000000 00:00 0 
5eb74000-5ebc2000 rwxp 00000000 00:00 0 
5ebc2000-5ebc5000 ---p 00000000 00:00 0 
5ebc5000-5ec13000 rwxp 00000000 00:00 0 
5ec13000-5ec16000 ---p 00000000 00:00 0 
5ec16000-5ec64000 rwxp 00000000 00:00 0 
5ec64000-5ec67000 ---p 00000000 00:00 0 
5ec67000-5ecb5000 rwxp 00000000 00:00 0 
5ecb5000-5ecb8000 ---p 00000000 00:00 0 
5ecb8000-5ed06000 rwxp 00000000 00:00 0 
5ed06000-5ed09000 ---p 00000000 00:00 0 
5ed09000-5ed57000 rwxp 00000000 00:00 0 
5ed57000-5ed5a000 ---p 00000000 00:00 0 
5ed5a000-5eda8000 rwxp 00000000 00:00 0 
5eda8000-5edab000 ---p 00000000 00:00 0 
5edab000-5edf9000 rwxp 00000000 00:00 0 
5edf9000-5edfc000 ---p 00000000 00:00 0 
5edfc000-5ee4a000 rwxp 00000000 00:00 0 
5ee4a000-5ee4d000 ---p 00000000 00:00 0 
5ee4d000-5ee9b000 rwxp 00000000 00:00 0 
5ee9b000-5ee9e000 ---p 00000000 00:00 0 
5ee9e000-5eeec000 rwxp 00000000 00:00 0 
5eeec000-5eeef000 ---p 00000000 00:00 0 
5eeef000-5ef3d000 rwxp 00000000 00:00 0 
5ef3d000-5ef40000 ---p 00000000 00:00 0 
5ef40000-5ef8e000 rwxp 00000000 00:00 0 
5ef8e000-5ef91000 ---p 00000000 00:00 0 
5ef91000-5efdf000 rwxp 00000000 00:00 0 
5efdf000-5efe2000 ---p 00000000 00:00 0 
5efe2000-5f030000 rwxp 00000000 00:00 0 
5f030000-5f033000 ---p 00000000 00:00 0 
5f033000-5f081000 rwxp 00000000 00:00 0 
5f081000-5f084000 ---p 00000000 00:00 0 
5f084000-5f0d2000 rwxp 00000000 00:00 0 
5f0d2000-5f0d5000 ---p 00000000 00:00 0 
5f0d5000-5f123000 rwxp 00000000 00:00 0 
5f123000-5f126000 ---p 00000000 00:00 0 
5f126000-5f174000 rwxp 00000000 00:00 0 
5f174000-5f177000 ---p 00000000 00:00 0 
5f177000-5f1c5000 rwxp 00000000 00:00 0 
5f1c5000-5f1c8000 ---p 00000000 00:00 0 
5f1c8000-5f216000 rwxp 00000000 00:00 0 
5f216000-5f219000 ---p 00000000 00:00 0 
5f219000-5f267000 rwxp 00000000 00:00 0 
5f267000-5f26a000 ---p 00000000 00:00 0 
5f26a000-5f2b8000 rwxp 00000000 00:00 0 
5f2b8000-5f2bb000 ---p 00000000 00:00 0 
5f2bb000-5f309000 rwxp 00000000 00:00 0 
5f309000-5f30c000 ---p 00000000 00:00 0 
5f30c000-5f35a000 rwxp 00000000 00:00 0 
5f35a000-5f35d000 ---p 00000000 00:00 0 
5f35d000-5f3ab000 rwxp 00000000 00:00 0 
5f3ab000-5f3ae000 ---p 00000000 00:00 0 
5f3ae000-5f3fc000 rwxp 00000000 00:00 0 
5f3fc000-5f3ff000 ---p 00000000 00:00 0 
5f3ff000-5f44d000 rwxp 00000000 00:00 0 
5f44d000-5f450000 ---p 00000000 00:00 0 
5f450000-5f49e000 rwxp 00000000 00:00 0 
5f49e000-5f4a1000 ---p 00000000 00:00 0 
5f4a1000-5f4ef000 rwxp 00000000 00:00 0 
5f4ef000-5f4f2000 ---p 00000000 00:00 0 
5f4f2000-5f540000 rwxp 00000000 00:00 0 
5f540000-5f543000 ---p 00000000 00:00 0 
5f543000-5f591000 rwxp 00000000 00:00 0 
5f591000-5f594000 ---p 00000000 00:00 0 
5f594000-5f5e2000 rwxp 00000000 00:00 0 
5f5e2000-5f5e5000 ---p 00000000 00:00 0 
5f5e5000-5f633000 rwxp 00000000 00:00 0 
5f633000-5f636000 ---p 00000000 00:00 0 
5f636000-5f684000 rwxp 00000000 00:00 0 
5f684000-5f687000 ---p 00000000 00:00 0 
5f687000-5f6d5000 rwxp 00000000 00:00 0 
5f6d5000-5f6d8000 ---p 00000000 00:00 0 
5f6d8000-5f726000 rwxp 00000000 00:00 0 
5f726000-5f729000 ---p 00000000 00:00 0 
5f729000-5f777000 rwxp 00000000 00:00 0 
5f777000-5f77a000 ---p 00000000 00:00 0 
5f77a000-5f7c8000 rwxp 00000000 00:00 0 
5f7c8000-5f7cb000 ---p 00000000 00:00 0 
5f7cb000-5f819000 rwxp 00000000 00:00 0 
5f819000-5f81c000 ---p 00000000 00:00 0 
5f81c000-5f86a000 rwxp 00000000 00:00 0 
5f86a000-5f86d000 ---p 00000000 00:00 0 
5f86d000-5f8bb000 rwxp 00000000 00:00 0 
5f8bb000-5f8be000 ---p 00000000 00:00 0 
5f8be000-5f90c000 rwxp 00000000 00:00 0 
5f90c000-5f90f000 ---p 00000000 00:00 0 
5f90f000-5f95d000 rwxp 00000000 00:00 0 
5f95d000-5f960000 ---p 00000000 00:00 0 
5f960000-5f9ae000 rwxp 00000000 00:00 0 
5f9ae000-5f9b1000 ---p 00000000 00:00 0 
5f9b1000-5f9ff000 rwxp 00000000 00:00 0 
5f9ff000-5fa02000 ---p 00000000 00:00 0 
5fa02000-5fa50000 rwxp 00000000 00:00 0 
5fa50000-5fa53000 ---p 00000000 00:00 0 
5fa53000-5faa1000 rwxp 00000000 00:00 0 
5faa1000-5faa4000 ---p 00000000 00:00 0 
5faa4000-5faf2000 rwxp 00000000 00:00 0 
5faf2000-5faf5000 ---p 00000000 00:00 0 
5faf5000-5fb43000 rwxp 00000000 00:00 0 
5fb43000-5fb46000 ---p 00000000 00:00 0 
5fb46000-5fb94000 rwxp 00000000 00:00 0 
5fb94000-5fb97000 ---p 00000000 00:00 0 
5fb97000-5fbe5000 rwxp 00000000 00:00 0 
5fbe5000-5fbe8000 ---p 00000000 00:00 0 
5fbe8000-5fc36000 rwxp 00000000 00:00 0 
5fc36000-5fc39000 ---p 00000000 00:00 0 
5fc39000-5fc87000 rwxp 00000000 00:00 0 
5fc87000-5fc8a000 ---p 00000000 00:00 0 
5fc8a000-5fcd8000 rwxp 00000000 00:00 0 
5fcd8000-5fcdb000 ---p 00000000 00:00 0 
5fcdb000-5fd29000 rwxp 00000000 00:00 0 
5fd29000-5fd2c000 ---p 00000000 00:00 0 
5fd2c000-5fd7a000 rwxp 00000000 00:00 0 
5fd7a000-5fd7d000 ---p 00000000 00:00 0 
5fd7d000-5fdcb000 rwxp 00000000 00:00 0 
5fdcb000-5fdce000 ---p 00000000 00:00 0 
5fdce000-5fe1c000 rwxp 00000000 00:00 0 
5fe1c000-5fe1f000 ---p 00000000 00:00 0 
5fe1f000-5fe6d000 rwxp 00000000 00:00 0 
5fe6d000-5fe70000 ---p 00000000 00:00 0 
5fe70000-5febe000 rwxp 00000000 00:00 0 
5febe000-5fec1000 ---p 00000000 00:00 0 
5fec1000-5ff0f000 rwxp 00000000 00:00 0 
5ff0f000-5ff12000 ---p 00000000 00:00 0 
5ff12000-5ff60000 rwxp 00000000 00:00 0 
5ff60000-5ff63000 ---p 00000000 00:00 0 
5ff63000-5ffb1000 rwxp 00000000 00:00 0 
5ffb1000-5ffb4000 ---p 00000000 00:00 0 
5ffb4000-60002000 rwxp 00000000 00:00 0 
60002000-60005000 ---p 00000000 00:00 0 
60005000-60053000 rwxp 00000000 00:00 0 
60053000-60056000 ---p 00000000 00:00 0 
60056000-600a4000 rwxp 00000000 00:00 0 
600a4000-600a7000 ---p 00000000 00:00 0 
600a7000-600f5000 rwxp 00000000 00:00 0 
600f5000-600f8000 ---p 00000000 00:00 0 
600f8000-60146000 rwxp 00000000 00:00 0 
60146000-60149000 ---p 00000000 00:00 0 
60149000-60197000 rwxp 00000000 00:00 0 
60197000-6019a000 ---p 00000000 00:00 0 
6019a000-601e8000 rwxp 00000000 00:00 0 
601e8000-601eb000 ---p 00000000 00:00 0 
601eb000-60239000 rwxp 00000000 00:00 0 
60239000-6023c000 ---p 00000000 00:00 0 
6023c000-6028a000 rwxp 00000000 00:00 0 
6028a000-6028d000 ---p 00000000 00:00 0 
6028d000-602db000 rwxp 00000000 00:00 0 
602db000-602de000 ---p 00000000 00:00 0 
602de000-6032c000 rwxp 00000000 00:00 0 
6032c000-6032f000 ---p 00000000 00:00 0 
6032f000-6037d000 rwxp 00000000 00:00 0 
6037d000-60380000 ---p 00000000 00:00 0 
60380000-603ce000 rwxp 00000000 00:00 0 
603ce000-603d1000 ---p 00000000 00:00 0 
603d1000-6041f000 rwxp 00000000 00:00 0 
6041f000-60422000 ---p 00000000 00:00 0 
60422000-60470000 rwxp 00000000 00:00 0 
60470000-60473000 ---p 00000000 00:00 0 
60473000-604c1000 rwxp 00000000 00:00 0 
604c1000-604c4000 ---p 00000000 00:00 0 
604c4000-60512000 rwxp 00000000 00:00 0 
60512000-60515000 ---p 00000000 00:00 0 
60515000-60563000 rwxp 00000000 00:00 0 
60563000-60566000 ---p 00000000 00:00 0 
60566000-605b4000 rwxp 00000000 00:00 0 
605b4000-605b7000 ---p 00000000 00:00 0 
605b7000-60605000 rwxp 00000000 00:00 0 
60605000-60608000 ---p 00000000 00:00 0 
60608000-60656000 rwxp 00000000 00:00 0 
60656000-60659000 ---p 00000000 00:00 0 
60659000-606a7000 rwxp 00000000 00:00 0 
606a7000-606aa000 ---p 00000000 00:00 0 
606aa000-606f8000 rwxp 00000000 00:00 0 
606f8000-606fb000 ---p 00000000 00:00 0 
606fb000-60749000 rwxp 00000000 00:00 0 
60749000-6074c000 ---p 00000000 00:00 0 
6074c000-6079a000 rwxp 00000000 00:00 0 
6079a000-6079d000 ---p 00000000 00:00 0 
6079d000-607eb000 rwxp 00000000 00:00 0 
607eb000-607ee000 ---p 00000000 00:00 0 
607ee000-6083c000 rwxp 00000000 00:00 0 
6083c000-6083f000 ---p 00000000 00:00 0 
6083f000-6088d000 rwxp 00000000 00:00 0 
6088d000-60890000 ---p 00000000 00:00 0 
60890000-608de000 rwxp 00000000 00:00 0 
608de000-608e1000 ---p 00000000 00:00 0 
608e1000-6092f000 rwxp 00000000 00:00 0 
6092f000-60932000 ---p 00000000 00:00 0 
60932000-60980000 rwxp 00000000 00:00 0 
60980000-60983000 ---p 00000000 00:00 0 
60983000-609d1000 rwxp 00000000 00:00 0 
609d1000-609d4000 ---p 00000000 00:00 0 
609d4000-60a22000 rwxp 00000000 00:00 0 
60a22000-60a25000 ---p 00000000 00:00 0 
60a25000-60a73000 rwxp 00000000 00:00 0 
60b24000-60b27000 ---p 00000000 00:00 0 
60b27000-60b75000 rwxp 00000000 00:00 0 
60b75000-60b78000 ---p 00000000 00:00 0 
60b78000-60bc6000 rwxp 00000000 00:00 0 
60bc6000-60bc9000 ---p 00000000 00:00 0 
60bc9000-60c17000 rwxp 00000000 00:00 0 
60c17000-60c1a000 ---p 00000000 00:00 0 
60c1a000-60c68000 rwxp 00000000 00:00 0 
60c68000-60c6b000 ---p 00000000 00:00 0 
60c6b000-60cb9000 rwxp 00000000 00:00 0 
60cb9000-60cbc000 ---p 00000000 00:00 0 
60cbc000-60d0a000 rwxp 00000000 00:00 0 
60d0a000-60d0d000 ---p 00000000 00:00 0 
60d0d000-60d5b000 rwxp 00000000 00:00 0 
60d5b000-60d5e000 ---p 00000000 00:00 0 
60d5e000-60dac000 rwxp 00000000 00:00 0 
60dac000-60daf000 ---p 00000000 00:00 0 
60daf000-60dfd000 rwxp 00000000 00:00 0 
60dfd000-60e00000 ---p 00000000 00:00 0 
60e00000-60e4e000 rwxp 00000000 00:00 0 
60e4e000-60e51000 ---p 00000000 00:00 0 
60e51000-60e9f000 rwxp 00000000 00:00 0 
60e9f000-60ea2000 ---p 00000000 00:00 0 
60ea2000-60ef0000 rwxp 00000000 00:00 0 
60ef0000-60ef3000 ---p 00000000 00:00 0 
60ef3000-60f41000 rwxp 00000000 00:00 0 
60f41000-60f44000 ---p 00000000 00:00 0 
60f44000-60f92000 rwxp 00000000 00:00 0 
60f92000-60f95000 ---p 00000000 00:00 0 
60f95000-60fe3000 rwxp 00000000 00:00 0 
60fe3000-60fe6000 ---p 00000000 00:00 0 
60fe6000-61034000 rwxp 00000000 00:00 0 
61034000-61037000 ---p 00000000 00:00 0 
61037000-61085000 rwxp 00000000 00:00 0 
61085000-61088000 ---p 00000000 00:00 0 
61088000-610d6000 rwxp 00000000 00:00 0 
610d6000-610d9000 ---p 00000000 00:00 0 
610d9000-61127000 rwxp 00000000 00:00 0 
61127000-6112a000 ---p 00000000 00:00 0 
6112a000-61178000 rwxp 00000000 00:00 0 
61178000-6117b000 ---p 00000000 00:00 0 
6117b000-611c9000 rwxp 00000000 00:00 0 
611c9000-611cc000 ---p 00000000 00:00 0 
611cc000-6121a000 rwxp 00000000 00:00 0 
6121a000-6121d000 ---p 00000000 00:00 0 
6121d000-6126b000 rwxp 00000000 00:00 0 
6126b000-6126e000 ---p 00000000 00:00 0 
6126e000-612bc000 rwxp 00000000 00:00 0 
612bc000-612bf000 ---p 00000000 00:00 0 
612bf000-6130d000 rwxp 00000000 00:00 0 
6130d000-61310000 ---p 00000000 00:00 0 
61310000-6135e000 rwxp 00000000 00:00 0 
6135e000-61361000 ---p 00000000 00:00 0 
61361000-613af000 rwxp 00000000 00:00 0 
613af000-613b2000 ---p 00000000 00:00 0 
613b2000-61400000 rwxp 00000000 00:00 0 
61400000-614fa000 rw-p 00000000 00:00 0 
614fa000-61500000 ---p 00000000 00:00 0 
61526000-61529000 ---p 00000000 00:00 0 
61529000-61577000 rwxp 00000000 00:00 0 
61577000-6157a000 ---p 00000000 00:00 0 
6157a000-615c8000 rwxp 00000000 00:00 0 
615c8000-615cb000 ---p 00000000 00:00 0 
615cb000-61619000 rwxp 00000000 00:00 0 
61619000-6161c000 ---p 00000000 00:00 0 
6161c000-6166a000 rwxp 00000000 00:00 0 
6166a000-6166d000 ---p 00000000 00:00 0 
6166d000-616bb000 rwxp 00000000 00:00 0 
616bb000-616be000 ---p 00000000 00:00 0 
616be000-6170c000 rwxp 00000000 00:00 0 
6170c000-6170f000 ---p 00000000 00:00 0 
6170f000-6175d000 rwxp 00000000 00:00 0 
6175d000-61760000 ---p 00000000 00:00 0 
61760000-617ae000 rwxp 00000000 00:00 0 
617ae000-617b1000 ---p 00000000 00:00 0 
617b1000-617ff000 rwxp 00000000 00:00 0 
617ff000-61802000 ---p 00000000 00:00 0 
61802000-61850000 rwxp 00000000 00:00 0 
61850000-61853000 ---p 00000000 00:00 0 
61853000-618a1000 rwxp 00000000 00:00 0 
618a1000-618a4000 ---p 00000000 00:00 0 
618a4000-618f2000 rwxp 00000000 00:00 0 
618f2000-618f5000 ---p 00000000 00:00 0 
618f5000-61943000 rwxp 00000000 00:00 0 
61943000-61946000 ---p 00000000 00:00 0 
61946000-61994000 rwxp 00000000 00:00 0 
61994000-61997000 ---p 00000000 00:00 0 
61997000-619e5000 rwxp 00000000 00:00 0 
619e5000-619e8000 ---p 00000000 00:00 0 
619e8000-61a36000 rwxp 00000000 00:00 0 
61a36000-61a39000 ---p 00000000 00:00 0 
61a39000-61a87000 rwxp 00000000 00:00 0 
61a87000-61a8a000 ---p 00000000 00:00 0 
61a8a000-61ad8000 rwxp 00000000 00:00 0 
61ad8000-61adb000 ---p 00000000 00:00 0 
61adb000-61b29000 rwxp 00000000 00:00 0 
61b29000-61b2c000 ---p 00000000 00:00 0 
61b2c000-61b7a000 rwxp 00000000 00:00 0 
61b7a000-61b7d000 ---p 00000000 00:00 0 
61b7d000-61bcb000 rwxp 00000000 00:00 0 
61bcb000-61bce000 ---p 00000000 00:00 0 
61bce000-61c1c000 rwxp 00000000 00:00 0 
61c1c000-61c1f000 ---p 00000000 00:00 0 
61c1f000-61c6d000 rwxp 00000000 00:00 0 
61c6d000-61c70000 ---p 00000000 00:00 0 
61c70000-61cbe000 rwxp 00000000 00:00 0 
61cbe000-61cc1000 ---p 00000000 00:00 0 
61cc1000-61d0f000 rwxp 00000000 00:00 0 
61d0f000-61d12000 ---p 00000000 00:00 0 
61d12000-61d60000 rwxp 00000000 00:00 0 
61d60000-61d63000 ---p 00000000 00:00 0 
61d63000-61db1000 rwxp 00000000 00:00 0 
61db1000-61db4000 ---p 00000000 00:00 0 
61db4000-61e02000 rwxp 00000000 00:00 0 
61e02000-61e05000 ---p 00000000 00:00 0 
61e05000-61e53000 rwxp 00000000 00:00 0 
61e53000-61e56000 ---p 00000000 00:00 0 
61e56000-61ea4000 rwxp 00000000 00:00 0 
61ea4000-61ea7000 ---p 00000000 00:00 0 
61ea7000-61ef5000 rwxp 00000000 00:00 0 
61ef5000-61ef8000 ---p 00000000 00:00 0 
61ef8000-61f46000 rwxp 00000000 00:00 0 
61f46000-6200f000 r-xp 00000000 08:01 2624184    /usr/lib/fglrx/libGL.so.1.2
6200f000-6201b000 rwxp 000c8000 08:01 2624184    /usr/lib/fglrx/libGL.so.1.2
6201b000-62030000 rwxp 00000000 00:00 0 
62044000-62045000 r--s 00000000 08:01 2627543    /var/cache/fontconfig/c05880de57d1f5e948fdfacc138775d9-le32d4.cache-3
62045000-6204b000 r--s 00000000 08:01 2627540    /var/cache/fontconfig/945677eb7aeaf62f1d50efc3fb3ec7d8-le32d4.cache-3
6204b000-6204d000 r--s 00000000 08:01 2627541    /var/cache/fontconfig/99e8ed0e538f840c565b6ed5dad60d56-le32d4.cache-3
6204d000-62050000 r--s 00000000 08:01 2627551    /var/cache/fontconfig/e383d7ea5fbe662a33d9b44caf393297-le32d4.cache-3
62050000-62053000 r--s 00000000 08:01 2627528    /var/cache/fontconfig/2cd17615ca594fa2959ae173292e504c-le32d4.cache-3
62053000-62057000 r--s 00000000 08:01 2627537    /var/cache/fontconfig/6eb3985aa4124903f6ff08ba781cd364-le32d4.cache-3
62057000-6205b000 r--s 00000000 08:01 2627542    /var/cache/fontconfig/a755afe4a08bf5b97852ceb7400b47bc-le32d4.cache-3
62063000-62084000 r-xp 00000000 08:01 2887828    /usr/lib/jvm/java-6-openjdk/jre/lib/i386/libj3dcore-ogl.so
62084000-62085000 rw-p 00021000 08:01 2887828    /usr/lib/jvm/java-6-openjdk/jre/lib/i386/libj3dcore-ogl.so
62085000-62086000 r--s 00000000 08:01 2627543    /var/cache/fontconfig/c05880de57d1f5e948fdfacc138775d9-le32d4.cache-3
62086000-6208c000 r--s 00000000 08:01 2627540    /var/cache/fontconfig/945677eb7aeaf62f1d50efc3fb3ec7d8-le32d4.cache-3
6208c000-6208e000 r--s 00000000 08:01 2627541    /var/cache/fontconfig/99e8ed0e538f840c565b6ed5dad60d56-le32d4.cache-3
6208e000-62091000 r--s 00000000 08:01 2627551    /var/cache/fontconfig/e383d7ea5fbe662a33d9b44caf393297-le32d4.cache-3
62091000-62094000 r--s 00000000 08:01 2627528    /var/cache/fontconfig/2cd17615ca594fa2959ae173292e504c-le32d4.cache-3
62094000-62095000 r--s 00000000 08:01 2627552    /var/cache/fontconfig/e7071f4a29fa870f4323321c154eba04-le32d4.cache-3
62095000-62099000 r--s 00000000 08:01 2627537    /var/cache/fontconfig/6eb3985aa4124903f6ff08ba781cd364-le32d4.cache-3
62099000-6209a000 r--s 00000000 08:01 2627532    /var/cache/fontconfig/4c73fe0c47614734b17d736dbde7580a-le32d4.cache-3
6209a000-6209b000 r--s 00000000 08:01 2627525    /var/cache/fontconfig/0d8c3b2ac0904cb8a57a757ad11a4a08-le32d4.cache-3
6209b000-6209c000 r--s 00000000 08:01 2627535    /var/cache/fontconfig/6a53c69dea097a2d716e069445527da8-le32d4.cache-3
6209c000-620a0000 r--s 00000000 08:01 2627542    /var/cache/fontconfig/a755afe4a08bf5b97852ceb7400b47bc-le32d4.cache-3
620a0000-620a4000 r--s 00000000 08:01 2633494    /var/cache/fontconfig/515ca1ebc4b18308bea979be5704f9db-le32d4.cache-3
620a4000-620ab000 r--s 00000000 08:01 2622661    /var/cache/fontconfig/6d41288fd70b0be22e8c3a91e032eec0-le32d4.cache-3
620ab000-620b6000 r--s 00000000 08:01 2627526    /var/cache/fontconfig/0f34bcd4b6ee430af32735b75db7f02b-le32d4.cache-3
620b6000-620c3000 r--s 00000000 08:01 2627547    /var/cache/fontconfig/d52a8644073d54c13679302ca1180695-le32d4.cache-3
620c3000-620c7000 r--s 00000000 08:01 2633494    /var/cache/fontconfig/515ca1ebc4b18308bea979be5704f9db-le32d4.cache-3
620c7000-620ce000 r--s 00000000 08:01 2622661    /var/cache/fontconfig/6d41288fd70b0be22e8c3a91e032eec0-le32d4.cache-3
620ce000-620d9000 r--s 00000000 08:01 2627526    /var/cache/fontconfig/0f34bcd4b6ee430af32735b75db7f02b-le32d4.cache-3
620ea000-620ee000 r-xp 00000000 08:01 2495616    /usr/lib/i386-linux-gnu/libXfixes.so.3.1.0
620ee000-620ef000 r--p 00003000 08:01 2495616    /usr/lib/i386-linux-gnu/libXfixes.so.3.1.0
620ef000-620f0000 rw-p 00004000 08:01 2495616    /usr/lib/i386-linux-gnu/libXfixes.so.3.1.0
620f0000-620f9000 r-xp 00000000 08:01 2495608    /usr/lib/i386-linux-gnu/libXcursor.so.1.0.2
620f9000-620fa000 r--p 00008000 08:01 2495608    /usr/lib/i386-linux-gnu/libXcursor.so.1.0.2
620fa000-620fb000 rw-p 00009000 08:01 2495608    /usr/lib/i386-linux-gnu/libXcursor.so.1.0.2
6210b000-6210c000 r-xp 00000000 08:01 2886121    /usr/lib/jvm/java-6-openjdk/jre/lib/i386/libjawt.so
6210c000-6210d000 r--p 00000000 08:01 2886121    /usr/lib/jvm/java-6-openjdk/jre/lib/i386/libjawt.so
6210d000-6210e000 rw-p 00001000 08:01 2886121    /usr/lib/jvm/java-6-openjdk/jre/lib/i386/libjawt.so
6210e000-6210f000 r--p 00000000 00:00 0 
6210f000-6211c000 r--s 00000000 08:01 2627547    /var/cache/fontconfig/d52a8644073d54c13679302ca1180695-le32d4.cache-3
6211c000-62122000 r--s 00000000 08:01 2633493    /var/cache/fontconfig/153bb866d4d26e7cd19eee2129f8d8d2-le32d4.cache-3
62122000-621b4000 r-xp 00000000 08:01 2492008    /usr/lib/i386-linux-gnu/libfreetype.so.6.6.2
621b4000-621b8000 r--p 00091000 08:01 2492008    /usr/lib/i386-linux-gnu/libfreetype.so.6.6.2
621b8000-621b9000 rw-p 00095000 08:01 2492008    /usr/lib/i386-linux-gnu/libfreetype.so.6.6.2
621b9000-621f3000 r-xp 00000000 08:01 2886111    /usr/lib/jvm/java-6-openjdk/jre/lib/i386/libfontmanager.so
621f3000-621f4000 r--p 00039000 08:01 2886111    /usr/lib/jvm/java-6-openjdk/jre/lib/i386/libfontmanager.so
621f4000-621f5000 rw-p 0003a000 08:01 2886111    /usr/lib/jvm/java-6-openjdk/jre/lib/i386/libfontmanager.so
621f5000-621fa000 r-xp 00000000 08:01 2495612    /usr/lib/i386-linux-gnu/libXdmcp.so.6.0.0
621fa000-621fb000 r--p 00004000 08:01 2495612    /usr/lib/i386-linux-gnu/libXdmcp.so.6.0.0
621fb000-621fc000 rw-p 00005000 08:01 2495612    /usr/lib/i386-linux-gnu/libXdmcp.so.6.0.0
621fc000-6232d000 r-xp 00000000 08:01 2495602    /usr/lib/i386-linux-gnu/libX11.so.6.3.0
6232d000-6232e000 ---p 00131000 08:01 2495602    /usr/lib/i386-linux-gnu/libX11.so.6.3.0
6232e000-6232f000 r--p 00131000 08:01 2495602    /usr/lib/i386-linux-gnu/libX11.so.6.3.0
6232f000-62331000 rw-p 00132000 08:01 2495602    /usr/lib/i386-linux-gnu/libX11.so.6.3.0
62331000-62332000 rw-p 00000000 00:00 0 
62332000-6237e000 r-xp 00000000 08:01 3542024    /usr/lib/jvm/java-6-openjdk/jre/lib/i386/xawt/libmawt.so
6237e000-6237f000 r--p 0004b000 08:01 3542024    /usr/lib/jvm/java-6-openjdk/jre/lib/i386/xawt/libmawt.so
6237f000-62381000 rw-p 0004c000 08:01 3542024    /usr/lib/jvm/java-6-openjdk/jre/lib/i386/xawt/libmawt.so
62381000-62382000 rw-p 00000000 00:00 0 
62382000-62415000 r-xp 00000000 08:01 2886106    /usr/lib/jvm/java-6-openjdk/jre/lib/i386/libawt.so
62415000-62416000 r--p 00092000 08:01 2886106    /usr/lib/jvm/java-6-openjdk/jre/lib/i386/libawt.so
62416000-6241d000 rw-p 00093000 08:01 2886106    /usr/lib/jvm/java-6-openjdk/jre/lib/i386/libawt.so
6241d000-62441000 rw-p 00000000 00:00 0 
62441000-62444000 ---p 00000000 00:00 0 
62444000-62492000 rwxp 00000000 00:00 0 
62492000-62495000 ---p 00000000 00:00 0 
62495000-624e3000 rwxp 00000000 00:00 0 
624e3000-624e6000 ---p 00000000 00:00 0 
624e6000-62534000 rwxp 00000000 00:00 0 
62534000-62537000 ---p 00000000 00:00 0 
62537000-62585000 rwxp 00000000 00:00 0 
62585000-62588000 ---p 00000000 00:00 0 
62588000-625d6000 rwxp 00000000 00:00 0 
625d6000-625d9000 ---p 00000000 00:00 0 
625d9000-62627000 rwxp 00000000 00:00 0 
62627000-6262a000 ---p 00000000 00:00 0 
6262a000-62678000 rwxp 00000000 00:00 0 
62678000-6267b000 ---p 00000000 00:00 0 
6267b000-626c9000 rwxp 00000000 00:00 0 
626c9000-626cc000 ---p 00000000 00:00 0 
626cc000-6271a000 rwxp 00000000 00:00 0 
6271a000-6271d000 ---p 00000000 00:00 0 
6271d000-6276b000 rwxp 00000000 00:00 0 
6276b000-6276e000 ---p 00000000 00:00 0 
6276e000-627bc000 rwxp 00000000 00:00 0 
627bc000-627bf000 ---p 00000000 00:00 0 
627bf000-6280d000 rwxp 00000000 00:00 0 
6280d000-62810000 ---p 00000000 00:00 0 
62810000-6285e000 rwxp 00000000 00:00 0 
6285e000-62861000 ---p 00000000 00:00 0 
62861000-628af000 rwxp 00000000 00:00 0 
628af000-628b2000 ---p 00000000 00:00 0 
628b2000-62900000 rwxp 00000000 00:00 0 
62900000-62a00000 rw-p 00000000 00:00 0 
62a00000-62a01000 r--s 00000000 08:01 2627552    /var/cache/fontconfig/e7071f4a29fa870f4323321c154eba04-le32d4.cache-3
62a01000-62a04000 r--s 00000000 08:01 2627548    /var/cache/fontconfig/d60319d88cac85ba9e1a07bd06cfbb8c-le32d4.cache-3
62a04000-62a06000 r-xp 00000000 08:01 2495604    /usr/lib/i386-linux-gnu/libXau.so.6.0.0
62a06000-62a07000 r--p 00001000 08:01 2495604    /usr/lib/i386-linux-gnu/libXau.so.6.0.0
62a07000-62a08000 rw-p 00002000 08:01 2495604    /usr/lib/i386-linux-gnu/libXau.so.6.0.0
62a08000-62a25000 r-xp 00000000 08:01 2495900    /usr/lib/i386-linux-gnu/libxcb.so.1.1.0
62a25000-62a26000 r--p 0001c000 08:01 2495900    /usr/lib/i386-linux-gnu/libxcb.so.1.1.0
62a26000-62a27000 rw-p 0001d000 08:01 2495900    /usr/lib/i386-linux-gnu/libxcb.so.1.1.0
62a27000-62a2a000 ---p 00000000 00:00 0 
62a2a000-62a78000 rwxp 00000000 00:00 0 
62a78000-62a7b000 ---p 00000000 00:00 0 
62a7b000-62ac9000 rwxp 00000000 00:00 0 
62ac9000-62acc000 ---p 00000000 00:00 0 
62acc000-62b1a000 rwxp 00000000 00:00 0 
62b1a000-62b1d000 ---p 00000000 00:00 0 
62b1d000-62b6b000 rwxp 00000000 00:00 0 
62b6b000-62b6e000 ---p 00000000 00:00 0 
62b6e000-62bbc000 rwxp 00000000 00:00 0 
62bbc000-62bbf000 ---p 00000000 00:00 0 
62bbf000-62c0d000 rwxp 00000000 00:00 0 
62c0d000-62c10000 ---p 00000000 00:00 0 
62c10000-62c5e000 rwxp 00000000 00:00 0 
62c5e000-62c61000 ---p 00000000 00:00 0 
62c61000-62caf000 rwxp 00000000 00:00 0 
62caf000-62cb2000 ---p 00000000 00:00 0 
62cb2000-62d00000 rwxp 00000000 00:00 0 
62d00000-62d03000 ---p 00000000 00:00 0 
62d03000-62d51000 rwxp 00000000 00:00 0 
62d51000-62d54000 ---p 00000000 00:00 0 
62d54000-62da2000 rwxp 00000000 00:00 0 
62da2000-62da5000 ---p 00000000 00:00 0 
62da5000-62df3000 rwxp 00000000 00:00 0 
62df3000-62df6000 ---p 00000000 00:00 0 
62df6000-62e44000 rwxp 00000000 00:00 0 
62e44000-62e47000 ---p 00000000 00:00 0 
62e47000-62e95000 rwxp 00000000 00:00 0 
62e95000-62e98000 ---p 00000000 00:00 0 
62e98000-62ee6000 rwxp 00000000 00:00 0 
62ee6000-62ee9000 ---p 00000000 00:00 0 
62ee9000-62f37000 rwxp 00000000 00:00 0 
62f37000-62f3a000 ---p 00000000 00:00 0 
62f3a000-62f88000 rwxp 00000000 00:00 0 
62f88000-62f8b000 ---p 00000000 00:00 0 
62f8b000-62fd9000 rwxp 00000000 00:00 0 
62fd9000-62fdc000 ---p 00000000 00:00 0 
62fdc000-6302a000 rwxp 00000000 00:00 0 
6302a000-6302d000 ---p 00000000 00:00 0 
6302d000-6307b000 rwxp 00000000 00:00 0 
6307b000-6307e000 ---p 00000000 00:00 0 
6307e000-630cc000 rwxp 00000000 00:00 0 
630cc000-630e1000 r-xp 00000000 08:01 2886130    /usr/lib/jvm/java-6-openjdk/jre/lib/i386/libnet.so
630e1000-630e2000 r--p 00014000 08:01 2886130    /usr/lib/jvm/java-6-openjdk/jre/lib/i386/libnet.so
630e2000-630e3000 rw-p 00015000 08:01 2886130    /usr/lib/jvm/java-6-openjdk/jre/lib/i386/libnet.so
630e3000-630e6000 ---p 00000000 00:00 0 
630e6000-63134000 rwxp 00000000 00:00 0 
63134000-63137000 ---p 00000000 00:00 0 
63137000-63185000 rwxp 00000000 00:00 0 
63185000-63188000 ---p 00000000 00:00 0 
63188000-631d6000 rwxp 00000000 00:00 0 
631d6000-631d9000 ---p 00000000 00:00 0 
631d9000-63227000 rwxp 00000000 00:00 0 
63227000-6322a000 ---p 00000000 00:00 0 
6322a000-63278000 rwxp 00000000 00:00 0 
63278000-6327b000 ---p 00000000 00:00 0 
6327b000-632c9000 rwxp 00000000 00:00 0 
632c9000-632cc000 ---p 00000000 00:00 0 
632cc000-6331a000 rwxp 00000000 00:00 0 
6331a000-6331d000 ---p 00000000 00:00 0 
6331d000-6336b000 rwxp 00000000 00:00 0 
6336b000-6336e000 ---p 00000000 00:00 0 
6336e000-633bc000 rwxp 00000000 00:00 0 
633bc000-633bf000 ---p 00000000 00:00 0 
633bf000-6340d000 rwxp 00000000 00:00 0 
6340d000-63410000 ---p 00000000 00:00 0 
63410000-6345e000 rwxp 00000000 00:00 0 
6345e000-63461000 ---p 00000000 00:00 0 
63461000-634af000 rwxp 00000000 00:00 0 
634af000-634b2000 ---p 00000000 00:00 0 
634b2000-63500000 rwxp 00000000 00:00 0 
63500000-63600000 rw-p 00000000 00:00 0 
63600000-63601000 r--s 00000000 08:01 2627532    /var/cache/fontconfig/4c73fe0c47614734b17d736dbde7580a-le32d4.cache-3
63601000-6360f000 r-xp 00000000 08:01 2495620    /usr/lib/i386-linux-gnu/libXi.so.6.1.0
6360f000-63610000 r--p 0000d000 08:01 2495620    /usr/lib/i386-linux-gnu/libXi.so.6.1.0
63610000-63611000 rw-p 0000e000 08:01 2495620    /usr/lib/i386-linux-gnu/libXi.so.6.1.0
63611000-6361a000 r-xp 00000000 08:01 2495626    /usr/lib/i386-linux-gnu/libXrender.so.1.3.0
6361a000-6361b000 r--p 00008000 08:01 2495626    /usr/lib/i386-linux-gnu/libXrender.so.1.3.0
6361b000-6361c000 rw-p 00009000 08:01 2495626    /usr/lib/i386-linux-gnu/libXrender.so.1.3.0
6361c000-6362d000 r-xp 00000000 08:01 2495614    /usr/lib/i386-linux-gnu/libXext.so.6.4.0
6362d000-6362e000 r--p 00010000 08:01 2495614    /usr/lib/i386-linux-gnu/libXext.so.6.4.0
6362e000-6362f000 rw-p 00011000 08:01 2495614    /usr/lib/i386-linux-gnu/libXext.so.6.4.0
6362f000-63630000 r--s 00000000 08:01 2627525    /var/cache/fontconfig/0d8c3b2ac0904cb8a57a757ad11a4a08-le32d4.cache-3
63630000-63632000 r--s 00000000 08:01 2622659    /var/cache/fontconfig/e13b20fdb08344e0e664864cc2ede53d-le32d4.cache-3
63632000-63635000 r--s 00000000 08:01 2633498    /var/cache/fontconfig/7ef2298fde41cc6eeb7af42e48b7d293-le32d4.cache-3
63635000-63638000 r--s 00000000 08:01 2627548    /var/cache/fontconfig/d60319d88cac85ba9e1a07bd06cfbb8c-le32d4.cache-3
63638000-6363e000 r--s 00000000 08:01 2633493    /var/cache/fontconfig/153bb866d4d26e7cd19eee2129f8d8d2-le32d4.cache-3
6363e000-63640000 r--s 00000000 08:01 2622659    /var/cache/fontconfig/e13b20fdb08344e0e664864cc2ede53d-le32d4.cache-3
63640000-63643000 r--s 00000000 08:01 2633498    /var/cache/fontconfig/7ef2298fde41cc6eeb7af42e48b7d293-le32d4.cache-3
63643000-63646000 ---p 00000000 00:00 0 
63646000-63694000 rwxp 00000000 00:00 0 
63694000-63697000 ---p 00000000 00:00 0 
63697000-636e5000 rwxp 00000000 00:00 0 
642be000-64540000 rw-p 00000000 00:00 0 
64540000-64543000 ---p 00000000 00:00 0 
64543000-64591000 rwxp 00000000 00:00 0 
64591000-66687000 r--s 00000000 00:12 64805      /run/shm/19544_045e.02ae@1.6_Image
66687000-66b4a000 rw-p 00000000 00:00 0 
66b4a000-66b4b000 r--s 00000000 08:01 2627535    /var/cache/fontconfig/6a53c69dea097a2d716e069445527da8-le32d4.cache-3
66b4b000-6e83b000 rw-p 00000000 00:00 0 
6e83b000-6ebbf000 r--s 00000000 00:12 64166      /run/shm/19544_045e.02ae@1.6_Depth
6ebbf000-6ec56000 rw-p 00000000 00:00 0 
6ec56000-6ec57000 ---p 00000000 00:00 0 
6ec57000-6f457000 rwxp 00000000 00:00 0 
6f457000-6fc7b000 rw-p 00000000 00:00 0 
6fc7b000-6ffff000 r--s 00000000 00:12 64166      /run/shm/19544_045e.02ae@1.6_Depth
6ffff000-70096000 rw-p 00000000 00:00 0 
70096000-70097000 ---p 00000000 00:00 0 
70097000-70897000 rwxp 00000000 00:00 0 
70897000-70c98000 rw-p 00000000 00:00 0 
70c98000-70d24000 r-xp 00000000 08:01 2504881    /usr/lib/libXnDeviceSensorV2KM.so
70d24000-70d2d000 r--p 0008b000 08:01 2504881    /usr/lib/libXnDeviceSensorV2KM.so
70d2d000-70d2e000 rw-p 00094000 08:01 2504881    /usr/lib/libXnDeviceSensorV2KM.so
70d2e000-70d5a000 r-xp 00000000 08:01 2504355    /usr/lib/libXnDeviceFile.so
70d5a000-70d5b000 ---p 0002c000 08:01 2504355    /usr/lib/libXnDeviceFile.so
70d5b000-70d5c000 r--p 0002c000 08:01 2504355    /usr/lib/libXnDeviceFile.so
70d5c000-70d5d000 rw-p 0002d000 08:01 2504355    /usr/lib/libXnDeviceFile.so
70d5d000-70daf000 r-xp 00000000 08:01 2504354    /usr/lib/libXnDDK.so
70daf000-70db0000 ---p 00052000 08:01 2504354    /usr/lib/libXnDDK.so
70db0000-70db2000 r--p 00052000 08:01 2504354    /usr/lib/libXnDDK.so
70db2000-70db3000 rw-p 00054000 08:01 2504354    /usr/lib/libXnDDK.so
70db3000-70dd6000 r-xp 00000000 08:01 2504357    /usr/lib/libXnFormats.so
70dd6000-70dd7000 r--p 00022000 08:01 2504357    /usr/lib/libXnFormats.so
70dd7000-70dd8000 rw-p 00023000 08:01 2504357    /usr/lib/libXnFormats.so
70dd8000-70df8000 rw-p 00000000 00:00 0 
70df8000-70e91000 r-xp 00000000 08:01 2504356    /usr/lib/libXnDeviceSensorV2.so
70e91000-70e9a000 r--p 00098000 08:01 2504356    /usr/lib/libXnDeviceSensorV2.so
70e9a000-70e9b000 rw-p 000a1000 08:01 2504356    /usr/lib/libXnDeviceSensorV2.so
70e9b000-70f7e000 r-xp 00000000 08:01 2504285    /usr/lib/libXnVHandGenerator_1_5_2.so
70f7e000-70f81000 r--p 000e3000 08:01 2504285    /usr/lib/libXnVHandGenerator_1_5_2.so
70f81000-70f82000 rw-p 000e6000 08:01 2504285    /usr/lib/libXnVHandGenerator_1_5_2.so
70f82000-70f8e000 rw-p 00000000 00:00 0 
70f8e000-71063000 r-xp 00000000 08:01 2504282    /usr/lib/libXnVHandGenerator_1_4_2.so
71063000-71064000 ---p 000d5000 08:01 2504282    /usr/lib/libXnVHandGenerator_1_4_2.so
71064000-71066000 r--p 000d5000 08:01 2504282    /usr/lib/libXnVHandGenerator_1_4_2.so
71066000-71067000 rw-p 000d7000 08:01 2504282    /usr/lib/libXnVHandGenerator_1_4_2.so
71067000-71069000 rw-p 00000000 00:00 0 
71069000-7113d000 r-xp 00000000 08:01 2504279    /usr/lib/libXnVHandGenerator_1_4_1.so
7113d000-7113e000 ---p 000d4000 08:01 2504279    /usr/lib/libXnVHandGenerator_1_4_1.so
7113e000-71140000 r--p 000d4000 08:01 2504279    /usr/lib/libXnVHandGenerator_1_4_1.so
71140000-71141000 rw-p 000d6000 08:01 2504279    /usr/lib/libXnVHandGenerator_1_4_1.so
71141000-71143000 rw-p 00000000 00:00 0 
71143000-71221000 r-xp 00000000 08:01 2504275    /usr/lib/libXnVHandGenerator_1_3_1.so
71221000-71224000 r--p 000dd000 08:01 2504275    /usr/lib/libXnVHandGenerator_1_3_1.so
71224000-71225000 rw-p 000e0000 08:01 2504275    /usr/lib/libXnVHandGenerator_1_3_1.so
71225000-71227000 rw-p 00000000 00:00 0 
71227000-71628000 r-xp 00000000 08:01 2504268    /usr/lib/libXnVFeatures_1_5_2.so
71628000-71629000 ---p 00401000 08:01 2504268    /usr/lib/libXnVFeatures_1_5_2.so
71629000-71631000 r--p 00401000 08:01 2504268    /usr/lib/libXnVFeatures_1_5_2.so
71631000-71632000 rw-p 00409000 08:01 2504268    /usr/lib/libXnVFeatures_1_5_2.so
71632000-71646000 rw-p 00000000 00:00 0 
71646000-7182d000 r-xp 00000000 08:01 2504257    /usr/lib/libXnVFeatures_1_4_2.so
7182d000-71830000 r--p 001e6000 08:01 2504257    /usr/lib/libXnVFeatures_1_4_2.so
71830000-71831000 rw-p 001e9000 08:01 2504257    /usr/lib/libXnVFeatures_1_4_2.so
71831000-71836000 rw-p 00000000 00:00 0 
71836000-71a1d000 r-xp 00000000 08:01 2504252    /usr/lib/libXnVFeatures_1_4_1.so
71a1d000-71a20000 r--p 001e6000 08:01 2504252    /usr/lib/libXnVFeatures_1_4_1.so
71a20000-71a21000 rw-p 001e9000 08:01 2504252    /usr/lib/libXnVFeatures_1_4_1.so
71a21000-71a26000 rw-p 00000000 00:00 0 
71a26000-71c44000 r-xp 00000000 08:01 2504247    /usr/lib/libXnVFeatures_1_3_1.so
71c44000-71c45000 ---p 0021e000 08:01 2504247    /usr/lib/libXnVFeatures_1_3_1.so
71c45000-71c48000 r--p 0021e000 08:01 2504247    /usr/lib/libXnVFeatures_1_3_1.so
71c48000-71c49000 rw-p 00221000 08:01 2504247    /usr/lib/libXnVFeatures_1_3_1.so
71c49000-71c4e000 rw-p 00000000 00:00 0 
71c4e000-71c71000 r-xp 00000000 08:01 2503957    /usr/lib/libnimRecorder.so
71c71000-71c72000 r--p 00023000 08:01 2503957    /usr/lib/libnimRecorder.so
71c72000-71c73000 rw-p 00024000 08:01 2503957    /usr/lib/libnimRecorder.so
71c73000-71ca7000 r-xp 00000000 08:01 2503954    /usr/lib/libnimCodecs.so
71ca7000-71ca8000 ---p 00034000 08:01 2503954    /usr/lib/libnimCodecs.so
71ca8000-71caa000 r--p 00034000 08:01 2503954    /usr/lib/libnimCodecs.so
71caa000-71cab000 rw-p 00036000 08:01 2503954    /usr/lib/libnimCodecs.so
71cab000-71ccb000 rw-p 00000000 00:00 0 
71ccb000-71cfc000 r-xp 00000000 08:01 2503956    /usr/lib/libnimMockNodes.so
71cfc000-71d02000 r--p 00031000 08:01 2503956    /usr/lib/libnimMockNodes.so
71d02000-71d03000 rw-p 00037000 08:01 2503956    /usr/lib/libnimMockNodes.so
71d03000-71d10000 r-xp 00000000 08:01 1704944    /lib/i386-linux-gnu/libusb-1.0.so.0.0.0
71d10000-71d11000 r--p 0000c000 08:01 1704944    /lib/i386-linux-gnu/libusb-1.0.so.0.0.0
71d11000-71d12000 rw-p 0000d000 08:01 1704944    /lib/i386-linux-gnu/libusb-1.0.so.0.0.0
71d12000-71d8f000 r-xp 00000000 08:01 2503960    /usr/lib/libOpenNI.so
71d8f000-71d91000 r--p 0007c000 08:01 2503960    /usr/lib/libOpenNI.so
71d91000-71d93000 rw-p 0007e000 08:01 2503960    /usr/lib/libOpenNI.so
71d93000-71db1000 r-xp 00000000 08:01 2503959    /usr/lib/libOpenNI.jni.so
71db1000-71db2000 r--p 0001d000 08:01 2503959    /usr/lib/libOpenNI.jni.so
71db2000-71db4000 rw-p 0001e000 08:01 2503959    /usr/lib/libOpenNI.jni.so
71db4000-71db9000 r-xp 00000000 08:01 2513317    /usr/lib/libusbpp-0.1.so.4.4.4
71db9000-71dba000 r--p 00004000 08:01 2513317    /usr/lib/libusbpp-0.1.so.4.4.4
71dba000-71dbb000 rw-p 00005000 08:01 2513317    /usr/lib/libusbpp-0.1.so.4.4.4
71dbb000-71dc2000 r-xp 00000000 08:01 1704036    /lib/libusb-0.1.so.4.4.4
71dc2000-71dc3000 r--p 00006000 08:01 1704036    /lib/libusb-0.1.so.4.4.4
71dc3000-71dc4000 rw-p 00007000 08:01 1704036    /lib/libusb-0.1.so.4.4.4
71dc4000-71dc5000 rw-p 00000000 00:00 0 
71dc5000-71dc6000 r--s 00000000 08:01 2625030    /var/cache/fontconfig/4794a0821666d79190d59a36cb4f44b5-le32d4.cache-3
71dc6000-71dc7000 r--s 00000000 08:01 2625030    /var/cache/fontconfig/4794a0821666d79190d59a36cb4f44b5-le32d4.cache-3
71dc7000-71dcc000 r-xp 00000000 08:01 2493164    /usr/lib/libXtst.so.6.1.0
71dcc000-71dcd000 r--p 00004000 08:01 2493164    /usr/lib/libXtst.so.6.1.0
71dcd000-71dce000 rw-p 00005000 08:01 2493164    /usr/lib/libXtst.so.6.1.0
71dce000-71dd2000 r--s 00028000 08:01 272514     /home/norut/workspace/CommModule3.0/lib/gson-2.1.jar
71dd2000-71dd9000 r--s 000fb000 08:01 2896159    /usr/lib/jvm/java-6-openjdk/jre/lib/resources.jar
71dd9000-71de1000 r-xp 00000000 08:01 269300     /usr/lib/libusbJava.so.0.2.4
71de1000-71de2000 rw-p 00007000 08:01 269300     /usr/lib/libusbJava.so.0.2.4
71de2000-71e00000 r--s 0024d000 08:01 273043     /home/norut/workspace/CommModule3.0/lib/KinectLibrary.jar
71e00000-71eff000 rw-p 00000000 00:00 0 
71eff000-71f00000 ---p 00000000 00:00 0 
71f00000-71f03000 r-xp 00000000 08:01 2504353    /usr/lib/libXnCore.so
71f03000-71f04000 r--p 00002000 08:01 2504353    /usr/lib/libXnCore.so
71f04000-71f05000 rw-p 00003000 08:01 2504353    /usr/lib/libXnCore.so
71f05000-71f09000 r--s 0001b000 08:01 270164     /home/norut/workspace/CommModule3.0/lib/org.OpenNI.jar
71f09000-71f17000 r--s 00193000 08:01 270161     /home/norut/workspace/CommModule3.0/lib/j3dutils.jar
71f17000-71f23000 r--s 002c7000 08:01 270151     /home/norut/workspace/CommModule3.0/lib/j3dcore.jar
71f23000-71f27000 r--s 000fc000 08:01 268885     /home/norut/workspace/CommModule3.0/lib/NoninLibrary.jar
71f27000-71f2a000 r--s 00012000 08:01 268892     /home/norut/workspace/CommModule3.0/lib/IRGlanceLibrary.jar
71f2a000-71f2d000 r--s 00011000 08:01 269114     /home/norut/workspace/CommModule3.0/lib/wii-gee-plugin-wiimote-android_fat.jar
71f2d000-71f2e000 ---p 00000000 00:00 0 
71f2e000-71fff000 rwxp 00000000 00:00 0 
71fff000-72000000 ---p 00000000 00:00 0 
72000000-72080000 rwxp 00000000 00:00 0 
72080000-72081000 ---p 00000000 00:00 0 
72081000-72152000 rwxp 00000000 00:00 0 
72152000-72153000 r--p 006a5000 08:01 2497487    /usr/lib/locale/locale-archive
72153000-72284000 r--p 0043d000 08:01 2497487    /usr/lib/locale/locale-archive
72284000-722c4000 r--p 002bd000 08:01 2497487    /usr/lib/locale/locale-archive
722c4000-724c4000 r--p 00000000 08:01 2497487    /usr/lib/locale/locale-archive
724c4000-72566000 rwxp 00000000 00:00 0 
72566000-72567000 ---p 00000000 00:00 0 
72567000-725e7000 rwxp 00000000 00:00 0 
725e7000-7261a000 rw-p 00000000 00:00 0 
7261a000-727aa000 r--s 037ba000 08:01 2886099    /usr/lib/jvm/java-6-openjdk/jre/lib/rt.jar
727aa000-727ab000 ---p 00000000 00:00 0 
727ab000-7282b000 rwxp 00000000 00:00 0 
7282b000-7282c000 ---p 00000000 00:00 0 
7282c000-728ac000 rwxp 00000000 00:00 0 
728ac000-728b4000 rw-p 00000000 00:00 0 
728b4000-728ec000 rw-p 00000000 00:00 0 
728ec000-7292c000 rw-p 00000000 00:00 0 
7292c000-72a1a000 rw-p 00000000 00:00 0 
72a1a000-72a22000 rw-p 00000000 00:00 0 
72a22000-72a5a000 rw-p 00000000 00:00 0 
72a5a000-72a9a000 rw-p 00000000 00:00 0 
72a9a000-72b88000 rw-p 00000000 00:00 0 
72b88000-72c1a000 rw-p 00000000 00:00 0 
72c1a000-72c1f000 rw-p 00000000 00:00 0 
72c1f000-73c20000 rw-p 00000000 00:00 0 
73c20000-7ac20000 rw-p 00000000 00:00 0 
7ac20000-82a60000 rw-p 00000000 00:00 0 
82a60000-a0820000 rw-p 00000000 00:00 0 
a0820000-b2b40000 rw-p 00000000 00:00 0 
b2b40000-b2be0000 ---p 00000000 00:00 0 
b2be0000-b3620000 rw-p 00000000 00:00 0 
b3620000-b3621000 rw-s 00000000 00:12 63070      /run/shm/045e.02ae@1.6-SM
b3621000-b3626000 r--s 0009b000 08:01 268849     /home/norut/workspace/CommModule3.0/lib/WiiboardSimple2.0.jar
b3626000-b362e000 r--s 00066000 08:01 2895241    /usr/share/java/gnome-java-bridge.jar
b362e000-b3637000 rw-p 00000000 00:00 0 
b3637000-b36ee000 rw-p 00000000 00:00 0 
b36ee000-b392e000 rwxp 00000000 00:00 0 
b392e000-b66ee000 rw-p 00000000 00:00 0 
b66ee000-b66f9000 r-xp 00000000 08:01 1713725    /lib/i386-linux-gnu/libnss_files-2.13.so
b66f9000-b66fa000 r--p 0000a000 08:01 1713725    /lib/i386-linux-gnu/libnss_files-2.13.so
b66fa000-b66fb000 rw-p 0000b000 08:01 1713725    /lib/i386-linux-gnu/libnss_files-2.13.so
b66fb000-b6705000 r-xp 00000000 08:01 1713727    /lib/i386-linux-gnu/libnss_nis-2.13.so
b6705000-b6706000 r--p 00009000 08:01 1713727    /lib/i386-linux-gnu/libnss_nis-2.13.so
b6706000-b6707000 rw-p 0000a000 08:01 1713727    /lib/i386-linux-gnu/libnss_nis-2.13.so
b6707000-b671c000 r-xp 00000000 08:01 1713722    /lib/i386-linux-gnu/libnsl-2.13.so
b671c000-b671d000 r--p 00015000 08:01 1713722    /lib/i386-linux-gnu/libnsl-2.13.so
b671d000-b671e000 rw-p 00016000 08:01 1713722    /lib/i386-linux-gnu/libnsl-2.13.so
b671e000-b6720000 rw-p 00000000 00:00 0 
b6720000-b6728000 r-xp 00000000 08:01 1713723    /lib/i386-linux-gnu/libnss_compat-2.13.so
b6728000-b6729000 r--p 00007000 08:01 1713723    /lib/i386-linux-gnu/libnss_compat-2.13.so
b6729000-b672a000 rw-p 00008000 08:01 1713723    /lib/i386-linux-gnu/libnss_compat-2.13.so
b672a000-b672d000 r--s 0007d000 08:01 2896155    /usr/lib/jvm/java-6-openjdk/jre/lib/jsse.jar
b672d000-b6734000 r-xp 00000000 08:01 2896164    /usr/lib/jvm/java-6-openjdk/jre/lib/i386/libzip.so
b6734000-b6735000 r--p 00006000 08:01 2896164    /usr/lib/jvm/java-6-openjdk/jre/lib/i386/libzip.so
b6735000-b6736000 rw-p 00007000 08:01 2896164    /usr/lib/jvm/java-6-openjdk/jre/lib/i386/libzip.so
b6736000-b673e000 rw-s 00000000 08:01 1573878    /tmp/hsperfdata_root/19527
b673e000-b6764000 r-xp 00000000 08:01 2886119    /usr/lib/jvm/java-6-openjdk/jre/lib/i386/libjava.so
b6764000-b6765000 r--p 00025000 08:01 2886119    /usr/lib/jvm/java-6-openjdk/jre/lib/i386/libjava.so
b6765000-b6767000 rw-p 00026000 08:01 2886119    /usr/lib/jvm/java-6-openjdk/jre/lib/i386/libjava.so
b6767000-b676e000 r-xp 00000000 08:01 1713732    /lib/i386-linux-gnu/librt-2.13.so
b676e000-b676f000 r--p 00006000 08:01 1713732    /lib/i386-linux-gnu/librt-2.13.so
b676f000-b6770000 rw-p 00007000 08:01 1713732    /lib/i386-linux-gnu/librt-2.13.so
b6770000-b6773000 ---p 00000000 00:00 0 
b6773000-b67c1000 rwxp 00000000 00:00 0 
b67c1000-b67dd000 r-xp 00000000 08:01 1704890    /lib/i386-linux-gnu/libgcc_s.so.1
b67dd000-b67de000 r--p 0001b000 08:01 1704890    /lib/i386-linux-gnu/libgcc_s.so.1
b67de000-b67df000 rw-p 0001c000 08:01 1704890    /lib/i386-linux-gnu/libgcc_s.so.1
b67df000-b6807000 r-xp 00000000 08:01 1713720    /lib/i386-linux-gnu/libm-2.13.so
b6807000-b6808000 r--p 00028000 08:01 1713720    /lib/i386-linux-gnu/libm-2.13.so
b6808000-b6809000 rw-p 00029000 08:01 1713720    /lib/i386-linux-gnu/libm-2.13.so
b6809000-b68e7000 r-xp 00000000 08:01 2495867    /usr/lib/i386-linux-gnu/libstdc++.so.6.0.16
b68e7000-b68e8000 ---p 000de000 08:01 2495867    /usr/lib/i386-linux-gnu/libstdc++.so.6.0.16
b68e8000-b68ec000 r--p 000de000 08:01 2495867    /usr/lib/i386-linux-gnu/libstdc++.so.6.0.16
b68ec000-b68ed000 rw-p 000e2000 08:01 2495867    /usr/lib/i386-linux-gnu/libstdc++.so.6.0.16
b68ed000-b68f4000 rw-p 00000000 00:00 0 
b68f4000-b7112000 r-xp 00000000 08:01 3028099    /usr/lib/jvm/java-6-openjdk/jre/lib/i386/server/libjvm.so
b7112000-b7157000 r--p 0081e000 08:01 3028099    /usr/lib/jvm/java-6-openjdk/jre/lib/i386/server/libjvm.so
b7157000-b7166000 rw-p 00863000 08:01 3028099    /usr/lib/jvm/java-6-openjdk/jre/lib/i386/server/libjvm.so
b7166000-b7582000 rw-p 00000000 00:00 0 
b7582000-b7595000 r-xp 00000000 08:01 1704952    /lib/i386-linux-gnu/libz.so.1.2.3.4
b7595000-b7596000 r--p 00012000 08:01 1704952    /lib/i386-linux-gnu/libz.so.1.2.3.4
b7596000-b7597000 rw-p 00013000 08:01 1704952    /lib/i386-linux-gnu/libz.so.1.2.3.4
b7597000-b770f000 r-xp 00000000 08:01 1713716    /lib/i386-linux-gnu/libc-2.13.so
b770f000-b7711000 r--p 00178000 08:01 1713716    /lib/i386-linux-gnu/libc-2.13.so
b7711000-b7712000 rw-p 0017a000 08:01 1713716    /lib/i386-linux-gnu/libc-2.13.so
b7712000-b7715000 rw-p 00000000 00:00 0 
b7715000-b7718000 r-xp 00000000 08:01 1713719    /lib/i386-linux-gnu/libdl-2.13.so
b7718000-b7719000 r--p 00002000 08:01 1713719    /lib/i386-linux-gnu/libdl-2.13.so
b7719000-b771a000 rw-p 00003000 08:01 1713719    /lib/i386-linux-gnu/libdl-2.13.so
b771a000-b771e000 r-xp 00000000 08:01 2886103    /usr/lib/jvm/java-6-openjdk/jre/lib/i386/jli/libjli.so
b771e000-b771f000 r--p 00003000 08:01 2886103    /usr/lib/jvm/java-6-openjdk/jre/lib/i386/jli/libjli.so
b771f000-b7720000 rw-p 00004000 08:01 2886103    /usr/lib/jvm/java-6-openjdk/jre/lib/i386/jli/libjli.so
b7720000-b7721000 rw-p 00000000 00:00 0 
b7721000-b7738000 r-xp 00000000 08:01 1713730    /lib/i386-linux-gnu/libpthread-2.13.so
b7738000-b7739000 r--p 00016000 08:01 1713730    /lib/i386-linux-gnu/libpthread-2.13.so
b7739000-b773a000 rw-p 00017000 08:01 1713730    /lib/i386-linux-gnu/libpthread-2.13.so
b773a000-b773c000 rw-p 00000000 00:00 0 
b773c000-b773e000 r--s 0004c000 08:01 270165     /home/norut/workspace/CommModule3.0/lib/vecmath.jar
b773e000-b7740000 r--s 0000f000 08:01 2896143    /usr/lib/jvm/java-6-openjdk/jre/lib/ext/pulse-java.jar
b7740000-b7741000 rw-p 00000000 00:00 0 
b7741000-b7742000 r--p 00000000 00:00 0 
b7742000-b774d000 r-xp 00000000 08:01 2886139    /usr/lib/jvm/java-6-openjdk/jre/lib/i386/libverify.so
b774d000-b774e000 ---p 0000b000 08:01 2886139    /usr/lib/jvm/java-6-openjdk/jre/lib/i386/libverify.so
b774e000-b774f000 r--p 0000b000 08:01 2886139    /usr/lib/jvm/java-6-openjdk/jre/lib/i386/libverify.so
b774f000-b7750000 rw-p 0000c000 08:01 2886139    /usr/lib/jvm/java-6-openjdk/jre/lib/i386/libverify.so
b7750000-b7752000 rw-p 00000000 00:00 0 
b7752000-b7753000 r-xp 00000000 00:00 0          [vdso]
b7753000-b7771000 r-xp 00000000 08:01 1713713    /lib/i386-linux-gnu/ld-2.13.so
b7771000-b7772000 r--p 0001d000 08:01 1713713    /lib/i386-linux-gnu/ld-2.13.so
b7772000-b7773000 rw-p 0001e000 08:01 1713713    /lib/i386-linux-gnu/ld-2.13.so
bfd2d000-bfd4d000 rwxp 00000000 00:00 0          [stack]
bfd4d000-bfd4e000 rw-p 00000000 00:00 0 

VM Arguments:
jvm_args: -Dfile.encoding=UTF-8 
java_command: test.TestGrande
Launcher Type: SUN_STANDARD

Environment Variables:
PATH=/usr/local/sbin:/usr/local/bin:/usr/sbin:/usr/bin:/sbin:/bin:/usr/X11R6/bin
USERNAME=root
LD_LIBRARY_PATH=/usr/lib/jvm/java-6-openjdk/jre/lib/i386/server:/usr/lib/jvm/java-6-openjdk/jre/lib/i386:/usr/lib/jvm/java-6-openjdk/jre/../lib/i386:/usr/lib/jvm/java-6-openjdk/jre/lib/i386/client:/usr/lib/jvm/java-6-openjdk/jre/lib/i386:
SHELL=/bin/bash
DISPLAY=:0.0

Signal Handlers:
SIGSEGV: [libjvm.so+0x66a530], sa_mask[0]=0x7ffbfeff, sa_flags=0x10000004
SIGBUS: [libjvm.so+0x66a530], sa_mask[0]=0x7ffbfeff, sa_flags=0x10000004
SIGFPE: [libjvm.so+0x52e2c0], sa_mask[0]=0x7ffbfeff, sa_flags=0x10000004
SIGPIPE: [libjvm.so+0x52e2c0], sa_mask[0]=0x7ffbfeff, sa_flags=0x10000004
SIGXFSZ: [libjvm.so+0x52e2c0], sa_mask[0]=0x7ffbfeff, sa_flags=0x10000004
SIGILL: [libjvm.so+0x52e2c0], sa_mask[0]=0x7ffbfeff, sa_flags=0x10000004
SIGUSR1: SIG_DFL, sa_mask[0]=0x00000000, sa_flags=0x00000000
SIGUSR2: [libjvm.so+0x52e150], sa_mask[0]=0x00000004, sa_flags=0x10000004
SIGHUP: [libjvm.so+0x5311f0], sa_mask[0]=0x7ffbfeff, sa_flags=0x10000004
SIGINT: [libjvm.so+0x5311f0], sa_mask[0]=0x7ffbfeff, sa_flags=0x10000004
SIGTERM: [libjvm.so+0x5311f0], sa_mask[0]=0x7ffbfeff, sa_flags=0x10000004
SIGQUIT: [libjvm.so+0x5311f0], sa_mask[0]=0x7ffbfeff, sa_flags=0x10000004


---------------  S Y S T E M  ---------------

OS:Ubuntu 11.10 (oneiric)
uname:Linux 3.0.0-17-generic-pae #30-Ubuntu SMP Thu Mar 8 17:53:35 UTC 2012 i686
libc:glibc 2.13 NPTL 2.13 
rlimit: STACK 8192k, CORE 0k, NPROC 28837, NOFILE 4096, AS infinity
load average:1.47 0.94 0.58

/proc/meminfo:
MemTotal:        3705192 kB
MemFree:         1094740 kB
Buffers:          149992 kB
Cached:          1003456 kB
SwapCached:            0 kB
Active:          1763556 kB
Inactive:         603208 kB
Active(anon):    1214276 kB
Inactive(anon):    11188 kB
Active(file):     549280 kB
Inactive(file):   592020 kB
Unevictable:          60 kB
Mlocked:              60 kB
HighTotal:       2866712 kB
HighFree:         520012 kB
LowTotal:         838480 kB
LowFree:          574728 kB
SwapTotal:       3778556 kB
SwapFree:        3778556 kB
Dirty:               132 kB
Writeback:             0 kB
AnonPages:       1213576 kB
Mapped:           207196 kB
Shmem:             12012 kB
Slab:              76072 kB
SReclaimable:      60340 kB
SUnreclaim:        15732 kB
KernelStack:        5240 kB
PageTables:         9880 kB
NFS_Unstable:          0 kB
Bounce:                0 kB
WritebackTmp:          0 kB
CommitLimit:     5631152 kB
Committed_AS:    3001812 kB
VmallocTotal:     122880 kB
VmallocUsed:       45968 kB
VmallocChunk:      74176 kB
HardwareCorrupted:     0 kB
AnonHugePages:         0 kB
HugePages_Total:       0
HugePages_Free:        0
HugePages_Rsvd:        0
HugePages_Surp:        0
Hugepagesize:       2048 kB
DirectMap4k:       10232 kB
DirectMap2M:      903168 kB


CPU:total 2 (2 cores per cpu, 1 threads per core) family 20 model 1 stepping 0, cmov, cx8, fxsr, mmx, sse, sse2, sse3, ssse3, popcnt, mmxext, lzcnt, sse4a

Memory: 4k page, physical 3705192k(1094740k free), swap 3778556k(3778556k free)

vm_info: OpenJDK Server VM (20.0-b11) for linux-x86 JRE (1.6.0_23-b23), built on Feb 23 2012 06:26:43 by "buildd" with gcc 4.6.1

time: Thu Apr 12 09:09:40 2012
elapsed time: 45 seconds

