#
# A fatal error has been detected by the Java Runtime Environment:
#
#  SIGSEGV (0xb) at pc=0xb6dff557, pid=16041, tid=1548589888
#
# JRE version: 6.0_24-b24
# Java VM: OpenJDK Server VM (20.0-b12 mixed mode linux-x86 )
# Derivative: IcedTea6 1.11.1
# Distribution: Ubuntu precise (development branch), package 6b24-1.11.1-4ubuntu2
# Problematic frame:
# V  [libjvm.so+0x52b557]  os::set_priority(Thread*, ThreadPriority)+0x7
#
# If you would like to submit a bug report, please include
# instructions how to reproduce the bug and visit:
#   https://bugs.launchpad.net/ubuntu/+source/openjdk-6/
#

---------------  T H R E A D  ---------------

Current thread (0x5db9f800):  JavaThread "Thread-91979" [_thread_in_vm, id=11990, stack(0x5c489000,0x5c4da000)]

siginfo:si_signo=SIGSEGV: si_errno=0, si_code=1 (SEGV_MAPERR), si_addr=0xffffffff

Registers:
EAX=0xffffffff, EBX=0xb7136ff4, ECX=0xb7136ff4, EDX=0xab1c0f78
ESP=0x5c4d8cd0, EBP=0x00000005, ESI=0x5b713400, EDI=0xab1c0f78
EIP=0xb6dff557, EFLAGS=0x00210202, CR2=0xffffffff

Top of Stack: (sp=0x5c4d8cd0)
0x5c4d8cd0:   000000e8 b7136ff4 00000001 00e77074
0x5c4d8ce0:   71a316b8 5c251b40 b7136ff4 b6efdf44
0x5c4d8cf0:   5b713400 00000005 00000000 00050000
0x5c4d8d00:   00000000 b6efdf26 b7136ff4 b6f03843
0x5c4d8d10:   5b713400 00000005 5db9f800 b7136ff4
0x5c4d8d20:   5b713400 b6ca2a60 5c4d8db8 615d545c
0x5c4d8d30:   5b713400 00000003 00050000 b7136ff4
0x5c4d8d40:   5db9f800 b6603348 5c4d8db8 b6caa0d0 

Instructions: (pc=0xb6dff557)
0xb6dff537:   4c 2d 00 00 00 e9 f6 fe ff ff 90 8d b4 26 00 00
0xb6dff547:   00 00 8d bc 27 00 00 00 00 53 83 c8 ff 83 ec 18
0xb6dff557:   e8 00 00 00 00 5b 81 c3 98 7a 33 00 8b 54 24 24
0xb6dff567:   8d 4a ff 83 f9 09 77 19 8b 83 20 d7 ff ff 8b 04 

Register to memory mapping:

EAX=0xffffffff is an unknown value
EBX=0xb7136ff4: <offset 0x862ff4> in /usr/lib/jvm/java-6-openjdk-i386/jre/lib/i386/server/libjvm.so at 0xb68d4000
ECX=0xb7136ff4: <offset 0x862ff4> in /usr/lib/jvm/java-6-openjdk-i386/jre/lib/i386/server/libjvm.so at 0xb68d4000
EDX=0xab1c0f78 is an oop
java.lang.Thread 
 - klass: 'java/lang/Thread'
ESP=0x5c4d8cd0 is pointing into the stack for thread: 0x5db9f800
EBP=0x00000005 is an unknown value
ESI=0x5b713400 is an unknown value
EDI=0xab1c0f78 is an oop
java.lang.Thread 
 - klass: 'java/lang/Thread'


Stack: [0x5c489000,0x5c4da000],  sp=0x5c4d8cd0,  free space=319k
Native frames: (J=compiled Java code, j=interpreted, Vv=VM code, C=native code)
V  [libjvm.so+0x52b557]  os::set_priority(Thread*, ThreadPriority)+0x7

Java frames: (J=compiled Java code, j=interpreted, Vv=VM code)
J  java.lang.Thread.start0()V
J  kinectThreads.KinectPoseManager.fireKinectSkeletonEvent(Lservices/KinectSkeletonServiceEvent;)V
J  launchers.KinectSkeletonLauncher.kinectUpdate(LKinectPackage/KinectEvent;)V
J  java.lang.Thread.run()V
v  ~StubRoutines::call_stub

---------------  P R O C E S S  ---------------

Java Threads: ( => current thread )
  0x5b736000 JavaThread "Thread-92051" [_thread_blocked, id=11995, stack(0x5aaaf000,0x5ab00000)]
  0x615f4c00 JavaThread "Thread-92048" [_thread_blocked, id=11994, stack(0x5ca3b000,0x5ca8c000)]
=>0x5db9f800 JavaThread "Thread-91979" [_thread_in_vm, id=11990, stack(0x5c489000,0x5c4da000)]
  0x5b75ac00 JavaThread "Thread-92046" [_thread_blocked, id=11989, stack(0x5cb7f000,0x5cbd0000)]
  0x71a05400 JavaThread "Thread-92045" [_thread_blocked, id=11988, stack(0x5c06c000,0x5c0bd000)]
  0x615c2000 JavaThread "Thread-92044" [_thread_blocked, id=11987, stack(0x5bd42000,0x5bd93000)]
  0x615f6800 JavaThread "Thread-92043" [_thread_blocked, id=11986, stack(0x5c804000,0x5c855000)]
  0xb66a9400 JavaThread "Thread-92042" [_thread_blocked, id=11985, stack(0x5bbfe000,0x5bc4f000)]
  0x615b9c00 JavaThread "Thread-92041" [_thread_blocked, id=11984, stack(0x5d878000,0x5d8c9000)]
  0x5b725800 JavaThread "Thread-92040" [_thread_blocked, id=11983, stack(0x5bb0b000,0x5bb5c000)]
  0x5b72a400 JavaThread "Thread-91978" [_thread_blocked, id=11982, stack(0x5d9bc000,0x5da0d000)]
  0xb6642000 JavaThread "Thread-92038" [_thread_blocked, id=11980, stack(0x5d3b9000,0x5d40a000)]
  0x71a04000 JavaThread "Thread-92037" [_thread_blocked, id=11979, stack(0x5c01b000,0x5c06c000)]
  0x615e8400 JavaThread "Thread-92036" [_thread_blocked, id=11978, stack(0x5c8a6000,0x5c8f7000)]
  0x615e3000 JavaThread "Thread-92035" [_thread_blocked, id=11977, stack(0x5d59f000,0x5d5f0000)]
  0x5b706400 JavaThread "Thread-92034" [_thread_blocked, id=11976, stack(0x5c61e000,0x5c66f000)]
  0x5b73dc00 JavaThread "Thread-92033" [_thread_blocked, id=11975, stack(0x5b51a000,0x5b56b000)]
  0x5b74c000 JavaThread "Thread-91974" [_thread_blocked, id=11974, stack(0x5d785000,0x5d7d6000)]
  0x5b72f800 JavaThread "Thread-92031" [_thread_blocked, id=11973, stack(0x5d4fd000,0x5d54e000)]
  0x5b739400 JavaThread "Thread-92030" [_thread_blocked, id=11972, stack(0x5bf79000,0x5bfca000)]
  0x71a01000 JavaThread "Thread-92029" [_thread_blocked, id=11971, stack(0x5c57c000,0x5c5cd000)]
  0x5b71f800 JavaThread "Thread-91972" [_thread_blocked, id=11970, stack(0x5c762000,0x5c7b3000)]
  0x5b745400 JavaThread "Thread-92028" [_thread_blocked, id=11969, stack(0x5be35000,0x5be86000)]
  0x71a02400 JavaThread "Thread-92027" [_thread_blocked, id=11968, stack(0x5a602000,0x5a653000)]
  0x5b727000 JavaThread "Thread-92026" [_thread_blocked, id=11967, stack(0x5cdb6000,0x5ce07000)]
  0x5b70d800 JavaThread "Thread-92025" [_thread_blocked, id=11966, stack(0x5b60d000,0x5b65e000)]
  0x615d5000 JavaThread "Thread-92024" [_thread_blocked, id=11965, stack(0x5cc21000,0x5cc72000)]
  0x615fd000 JavaThread "Thread-92023" [_thread_blocked, id=11964, stack(0x5bf28000,0x5bf79000)]
  0x5dba4400 JavaThread "Thread-91969" [_thread_blocked, id=11910, stack(0x5a41c000,0x5a46d000)]
  0x5dbabc00 JavaThread "Thread-91944" [_thread_blocked, id=11909, stack(0x5c66f000,0x5c6c0000)]
  0xb6605800 JavaThread "DestroyJavaVM" [_thread_blocked, id=16046, stack(0xb6754000,0xb67a5000)]
  0x71a33800 JavaThread "Thread-23" [_thread_in_Java, id=16076, stack(0x5da5e000,0x5daaf000)]
  0x71a32c00 JavaThread "Thread-20" [_thread_blocked, id=16075, stack(0x5daaf000,0x5db00000)]
  0x5df58800 JavaThread "AWT-XAWT" daemon [_thread_in_native, id=16074, stack(0x5dd0a000,0x5dd5b000)]
  0x5df01400 JavaThread "Java2D Disposer" daemon [_thread_blocked, id=16073, stack(0x5e015000,0x5e066000)]
  0x71a63c00 JavaThread "Thread-1" [_thread_blocked, id=16067, stack(0x6f106000,0x6f157000)]
  0xb66a4400 JavaThread "Low Memory Detector" daemon [_thread_blocked, id=16055, stack(0x71c77000,0x71cc8000)]
  0xb66a2800 JavaThread "C2 CompilerThread1" daemon [_thread_blocked, id=16054, stack(0x71cc8000,0x71d49000)]
  0xb66a0800 JavaThread "C2 CompilerThread0" daemon [_thread_blocked, id=16053, stack(0x71d49000,0x71dca000)]
  0xb669f400 JavaThread "Signal Dispatcher" daemon [_thread_blocked, id=16052, stack(0x71dca000,0x71e1b000)]
  0xb668f800 JavaThread "Finalizer" daemon [_thread_blocked, id=16051, stack(0x7214d000,0x7219e000)]
  0xb668e000 JavaThread "Reference Handler" daemon [_thread_blocked, id=16050, stack(0x7219e000,0x721ef000)]

Other Threads:
  0xb668a400 VMThread [stack: 0x721ef000,0x72270000] [id=16049]
  0xb66a6000 WatcherThread [stack: 0x71bf6000,0x71c77000] [id=16056]

VM state:not at safepoint (normal execution)

VM Mutex/Monitor currently owned by a thread:  ([mutex/lock_event])
[0xb6603348] Threads_lock - owner thread: 0x5db9f800

Heap
 PSYoungGen      total 191168K, used 175691K [0xa0700000, 0xac470000, 0xb3500000)
  eden space 188480K, 93% used [0xa0700000,0xab246c68,0xabf10000)
  from space 2688K, 11% used [0xabf10000,0xabf5c000,0xac1b0000)
  to   space 2432K, 0% used [0xac210000,0xac210000,0xac470000)
 PSOldGen        total 133632K, used 61138K [0x7ab00000, 0x82d80000, 0xa0700000)
  object space 133632K, 45% used [0x7ab00000,0x7e6b4878,0x82d80000)
 PSPermGen       total 16384K, used 9565K [0x72b00000, 0x73b00000, 0x7ab00000)
  object space 16384K, 58% used [0x72b00000,0x73457650,0x73b00000)

Code Cache  [0xb35cd000, 0xb380d000, 0xb65cd000)
 total_blobs=819 nmethods=508 adapters=265 free_code_cache=49137344 largest_free_block=7296

Dynamic libraries:
08048000-08051000 r-xp 00000000 08:01 399016     /usr/lib/jvm/java-6-openjdk-i386/jre/bin/java
08051000-08052000 r--p 00008000 08:01 399016     /usr/lib/jvm/java-6-openjdk-i386/jre/bin/java
08052000-08053000 rw-p 00009000 08:01 399016     /usr/lib/jvm/java-6-openjdk-i386/jre/bin/java
08261000-086b3000 rw-p 00000000 00:00 0          [heap]
59fff000-5a002000 ---p 00000000 00:00 0 
5a002000-5a050000 rwxp 00000000 00:00 0 
5a050000-5a053000 ---p 00000000 00:00 0 
5a053000-5a0a1000 rwxp 00000000 00:00 0 
5a0a1000-5a0a4000 ---p 00000000 00:00 0 
5a0a4000-5a0f2000 rwxp 00000000 00:00 0 
5a0f2000-5a0f5000 ---p 00000000 00:00 0 
5a0f5000-5a143000 rwxp 00000000 00:00 0 
5a143000-5a146000 ---p 00000000 00:00 0 
5a146000-5a194000 rwxp 00000000 00:00 0 
5a194000-5a197000 ---p 00000000 00:00 0 
5a197000-5a1e5000 rwxp 00000000 00:00 0 
5a1e5000-5a1e8000 ---p 00000000 00:00 0 
5a1e8000-5a236000 rwxp 00000000 00:00 0 
5a236000-5a239000 ---p 00000000 00:00 0 
5a239000-5a287000 rwxp 00000000 00:00 0 
5a287000-5a28a000 ---p 00000000 00:00 0 
5a28a000-5a2d8000 rwxp 00000000 00:00 0 
5a2d8000-5a2db000 ---p 00000000 00:00 0 
5a2db000-5a329000 rwxp 00000000 00:00 0 
5a329000-5a32c000 ---p 00000000 00:00 0 
5a32c000-5a37a000 rwxp 00000000 00:00 0 
5a37a000-5a37d000 ---p 00000000 00:00 0 
5a37d000-5a3cb000 rwxp 00000000 00:00 0 
5a3cb000-5a3ce000 ---p 00000000 00:00 0 
5a3ce000-5a41c000 rwxp 00000000 00:00 0 
5a41c000-5a41f000 ---p 00000000 00:00 0 
5a41f000-5a46d000 rwxp 00000000 00:00 0 
5a46d000-5a470000 ---p 00000000 00:00 0 
5a470000-5a4be000 rwxp 00000000 00:00 0 
5a4be000-5a4c1000 ---p 00000000 00:00 0 
5a4c1000-5a50f000 rwxp 00000000 00:00 0 
5a50f000-5a512000 ---p 00000000 00:00 0 
5a512000-5a560000 rwxp 00000000 00:00 0 
5a5b1000-5a5b4000 ---p 00000000 00:00 0 
5a5b4000-5a602000 rwxp 00000000 00:00 0 
5a602000-5a605000 ---p 00000000 00:00 0 
5a605000-5a653000 rwxp 00000000 00:00 0 
5a6a4000-5a6a7000 ---p 00000000 00:00 0 
5a6a7000-5a6f5000 rwxp 00000000 00:00 0 
5a6f5000-5a6f8000 ---p 00000000 00:00 0 
5a6f8000-5a746000 rwxp 00000000 00:00 0 
5a746000-5a749000 ---p 00000000 00:00 0 
5a749000-5a797000 rwxp 00000000 00:00 0 
5a88a000-5a88d000 ---p 00000000 00:00 0 
5a88d000-5a8db000 rwxp 00000000 00:00 0 
5a8db000-5a8de000 ---p 00000000 00:00 0 
5a8de000-5a92c000 rwxp 00000000 00:00 0 
5a92c000-5a9bc000 rw-p 00000000 00:00 0 
5a9bc000-5a9bf000 ---p 00000000 00:00 0 
5a9bf000-5aa0d000 rwxp 00000000 00:00 0 
5aa0d000-5aa10000 ---p 00000000 00:00 0 
5aa10000-5aa5e000 rwxp 00000000 00:00 0 
5aa5e000-5aa61000 ---p 00000000 00:00 0 
5aa61000-5aaaf000 rwxp 00000000 00:00 0 
5aaaf000-5aab2000 ---p 00000000 00:00 0 
5aab2000-5ab00000 rwxp 00000000 00:00 0 
5ab00000-5abf5000 rw-p 00000000 00:00 0 
5abf5000-5ac00000 ---p 00000000 00:00 0 
5ac0d000-5ac10000 ---p 00000000 00:00 0 
5ac10000-5ac5e000 rwxp 00000000 00:00 0 
5ac5e000-5ac61000 ---p 00000000 00:00 0 
5ac61000-5acaf000 rwxp 00000000 00:00 0 
5acaf000-5acb2000 ---p 00000000 00:00 0 
5acb2000-5ad00000 rwxp 00000000 00:00 0 
5ad00000-5aef8000 rw-p 00000000 00:00 0 
5aef8000-5af00000 ---p 00000000 00:00 0 
5af00000-5b100000 rw-p 00000000 00:00 0 
5b100000-5b200000 rw-p 00000000 00:00 0 
5b292000-5b295000 ---p 00000000 00:00 0 
5b295000-5b2e3000 rwxp 00000000 00:00 0 
5b2e3000-5b2e6000 ---p 00000000 00:00 0 
5b2e6000-5b334000 rwxp 00000000 00:00 0 
5b334000-5b337000 ---p 00000000 00:00 0 
5b337000-5b385000 rwxp 00000000 00:00 0 
5b385000-5b388000 ---p 00000000 00:00 0 
5b388000-5b3d6000 rwxp 00000000 00:00 0 
5b3d6000-5b3d9000 ---p 00000000 00:00 0 
5b3d9000-5b427000 rwxp 00000000 00:00 0 
5b478000-5b47b000 ---p 00000000 00:00 0 
5b47b000-5b4c9000 rwxp 00000000 00:00 0 
5b4c9000-5b4cc000 ---p 00000000 00:00 0 
5b4cc000-5b51a000 rwxp 00000000 00:00 0 
5b51a000-5b51d000 ---p 00000000 00:00 0 
5b51d000-5b56b000 rwxp 00000000 00:00 0 
5b56b000-5b56e000 ---p 00000000 00:00 0 
5b56e000-5b5bc000 rwxp 00000000 00:00 0 
5b5bc000-5b5bf000 ---p 00000000 00:00 0 
5b5bf000-5b60d000 rwxp 00000000 00:00 0 
5b60d000-5b610000 ---p 00000000 00:00 0 
5b610000-5b65e000 rwxp 00000000 00:00 0 
5b65e000-5b661000 ---p 00000000 00:00 0 
5b661000-5b6af000 rwxp 00000000 00:00 0 
5b6af000-5b6b2000 ---p 00000000 00:00 0 
5b6b2000-5b700000 rwxp 00000000 00:00 0 
5b700000-5b775000 rw-p 00000000 00:00 0 
5b775000-5b800000 ---p 00000000 00:00 0 
5b832000-5b835000 ---p 00000000 00:00 0 
5b835000-5b883000 rwxp 00000000 00:00 0 
5b883000-5b886000 ---p 00000000 00:00 0 
5b886000-5b8d4000 rwxp 00000000 00:00 0 
5b8d4000-5b8d7000 ---p 00000000 00:00 0 
5b8d7000-5b925000 rwxp 00000000 00:00 0 
5b925000-5b928000 ---p 00000000 00:00 0 
5b928000-5b976000 rwxp 00000000 00:00 0 
5b976000-5b979000 ---p 00000000 00:00 0 
5b979000-5b9c7000 rwxp 00000000 00:00 0 
5b9c7000-5b9ca000 ---p 00000000 00:00 0 
5b9ca000-5ba18000 rwxp 00000000 00:00 0 
5ba18000-5ba1b000 ---p 00000000 00:00 0 
5ba1b000-5ba69000 rwxp 00000000 00:00 0 
5ba69000-5ba6c000 ---p 00000000 00:00 0 
5ba6c000-5baba000 rwxp 00000000 00:00 0 
5bb0b000-5bb0e000 ---p 00000000 00:00 0 
5bb0e000-5bb5c000 rwxp 00000000 00:00 0 
5bb5c000-5bb5f000 ---p 00000000 00:00 0 
5bb5f000-5bbad000 rwxp 00000000 00:00 0 
5bbfe000-5bc01000 ---p 00000000 00:00 0 
5bc01000-5bc4f000 rwxp 00000000 00:00 0 
5bc4f000-5bc52000 ---p 00000000 00:00 0 
5bc52000-5bca0000 rwxp 00000000 00:00 0 
5bca0000-5bca3000 ---p 00000000 00:00 0 
5bca3000-5bcf1000 rwxp 00000000 00:00 0 
5bcf1000-5bcf4000 ---p 00000000 00:00 0 
5bcf4000-5bd42000 rwxp 00000000 00:00 0 
5bd42000-5bd45000 ---p 00000000 00:00 0 
5bd45000-5bd93000 rwxp 00000000 00:00 0 
5bde4000-5bde7000 ---p 00000000 00:00 0 
5bde7000-5be35000 rwxp 00000000 00:00 0 
5be35000-5be38000 ---p 00000000 00:00 0 
5be38000-5be86000 rwxp 00000000 00:00 0 
5be86000-5be89000 ---p 00000000 00:00 0 
5be89000-5bed7000 rwxp 00000000 00:00 0 
5bed7000-5beda000 ---p 00000000 00:00 0 
5beda000-5bf28000 rwxp 00000000 00:00 0 
5bf28000-5bf2b000 ---p 00000000 00:00 0 
5bf2b000-5bf79000 rwxp 00000000 00:00 0 
5bf79000-5bf7c000 ---p 00000000 00:00 0 
5bf7c000-5bfca000 rwxp 00000000 00:00 0 
5bfca000-5bfcd000 ---p 00000000 00:00 0 
5bfcd000-5c01b000 rwxp 00000000 00:00 0 
5c01b000-5c01e000 ---p 00000000 00:00 0 
5c01e000-5c06c000 rwxp 00000000 00:00 0 
5c06c000-5c06f000 ---p 00000000 00:00 0 
5c06f000-5c0bd000 rwxp 00000000 00:00 0 
5c15f000-5c162000 ---p 00000000 00:00 0 
5c162000-5c1b0000 rwxp 00000000 00:00 0 
5c201000-5c204000 ---p 00000000 00:00 0 
5c204000-5c252000 rwxp 00000000 00:00 0 
5c2a3000-5c2a6000 ---p 00000000 00:00 0 
5c2a6000-5c2f4000 rwxp 00000000 00:00 0 
5c2f4000-5c2f7000 ---p 00000000 00:00 0 
5c2f7000-5c345000 rwxp 00000000 00:00 0 
5c396000-5c399000 ---p 00000000 00:00 0 
5c399000-5c3e7000 rwxp 00000000 00:00 0 
5c3e7000-5c3ea000 ---p 00000000 00:00 0 
5c3ea000-5c438000 rwxp 00000000 00:00 0 
5c438000-5c43b000 ---p 00000000 00:00 0 
5c43b000-5c489000 rwxp 00000000 00:00 0 
5c489000-5c48c000 ---p 00000000 00:00 0 
5c48c000-5c4da000 rwxp 00000000 00:00 0 
5c4da000-5c4dd000 ---p 00000000 00:00 0 
5c4dd000-5c52b000 rwxp 00000000 00:00 0 
5c52b000-5c52e000 ---p 00000000 00:00 0 
5c52e000-5c57c000 rwxp 00000000 00:00 0 
5c57c000-5c57f000 ---p 00000000 00:00 0 
5c57f000-5c5cd000 rwxp 00000000 00:00 0 
5c61e000-5c621000 ---p 00000000 00:00 0 
5c621000-5c66f000 rwxp 00000000 00:00 0 
5c66f000-5c672000 ---p 00000000 00:00 0 
5c672000-5c6c0000 rwxp 00000000 00:00 0 
5c6c0000-5c6c3000 ---p 00000000 00:00 0 
5c6c3000-5c711000 rwxp 00000000 00:00 0 
5c762000-5c765000 ---p 00000000 00:00 0 
5c765000-5c7b3000 rwxp 00000000 00:00 0 
5c7b3000-5c7b6000 ---p 00000000 00:00 0 
5c7b6000-5c804000 rwxp 00000000 00:00 0 
5c804000-5c807000 ---p 00000000 00:00 0 
5c807000-5c855000 rwxp 00000000 00:00 0 
5c8a6000-5c8a9000 ---p 00000000 00:00 0 
5c8a9000-5c8f7000 rwxp 00000000 00:00 0 
5c8f7000-5c8fa000 ---p 00000000 00:00 0 
5c8fa000-5c948000 rwxp 00000000 00:00 0 
5c948000-5c94b000 ---p 00000000 00:00 0 
5c94b000-5c999000 rwxp 00000000 00:00 0 
5c9ea000-5c9ed000 ---p 00000000 00:00 0 
5c9ed000-5ca3b000 rwxp 00000000 00:00 0 
5ca3b000-5ca3e000 ---p 00000000 00:00 0 
5ca3e000-5ca8c000 rwxp 00000000 00:00 0 
5cadd000-5cae0000 ---p 00000000 00:00 0 
5cae0000-5cb2e000 rwxp 00000000 00:00 0 
5cb2e000-5cb31000 ---p 00000000 00:00 0 
5cb31000-5cb7f000 rwxp 00000000 00:00 0 
5cb7f000-5cb82000 ---p 00000000 00:00 0 
5cb82000-5cbd0000 rwxp 00000000 00:00 0 
5cc21000-5cc24000 ---p 00000000 00:00 0 
5cc24000-5cc72000 rwxp 00000000 00:00 0 
5cd14000-5cd17000 ---p 00000000 00:00 0 
5cd17000-5cd65000 rwxp 00000000 00:00 0 
5cdb6000-5cdb9000 ---p 00000000 00:00 0 
5cdb9000-5ce07000 rwxp 00000000 00:00 0 
5ce07000-5ce0a000 ---p 00000000 00:00 0 
5ce0a000-5ce58000 rwxp 00000000 00:00 0 
5cea9000-5ceac000 ---p 00000000 00:00 0 
5ceac000-5cefa000 rwxp 00000000 00:00 0 
5cefa000-5cefd000 ---p 00000000 00:00 0 
5cefd000-5cf4b000 rwxp 00000000 00:00 0 
5cf4b000-5cf4e000 ---p 00000000 00:00 0 
5cf4e000-5cf9c000 rwxp 00000000 00:00 0 
5cf9c000-5cf9f000 ---p 00000000 00:00 0 
5cf9f000-5cfed000 rwxp 00000000 00:00 0 
5cfed000-5cff0000 ---p 00000000 00:00 0 
5cff0000-5d03e000 rwxp 00000000 00:00 0 
5d03e000-5d041000 ---p 00000000 00:00 0 
5d041000-5d08f000 rwxp 00000000 00:00 0 
5d0e0000-5d0e3000 ---p 00000000 00:00 0 
5d0e3000-5d131000 rwxp 00000000 00:00 0 
5d131000-5d134000 ---p 00000000 00:00 0 
5d134000-5d182000 rwxp 00000000 00:00 0 
5d182000-5d185000 ---p 00000000 00:00 0 
5d185000-5d1d3000 rwxp 00000000 00:00 0 
5d1d3000-5d1d6000 ---p 00000000 00:00 0 
5d1d6000-5d224000 rwxp 00000000 00:00 0 
5d224000-5d227000 ---p 00000000 00:00 0 
5d227000-5d275000 rwxp 00000000 00:00 0 
5d2c6000-5d2c9000 ---p 00000000 00:00 0 
5d2c9000-5d317000 rwxp 00000000 00:00 0 
5d368000-5d36b000 ---p 00000000 00:00 0 
5d36b000-5d3b9000 rwxp 00000000 00:00 0 
5d3b9000-5d3bc000 ---p 00000000 00:00 0 
5d3bc000-5d40a000 rwxp 00000000 00:00 0 
5d40a000-5d40d000 ---p 00000000 00:00 0 
5d40d000-5d45b000 rwxp 00000000 00:00 0 
5d4ac000-5d4af000 ---p 00000000 00:00 0 
5d4af000-5d4fd000 rwxp 00000000 00:00 0 
5d4fd000-5d500000 ---p 00000000 00:00 0 
5d500000-5d54e000 rwxp 00000000 00:00 0 
5d54e000-5d551000 ---p 00000000 00:00 0 
5d551000-5d59f000 rwxp 00000000 00:00 0 
5d59f000-5d5a2000 ---p 00000000 00:00 0 
5d5a2000-5d5f0000 rwxp 00000000 00:00 0 
5d5f0000-5d5f3000 ---p 00000000 00:00 0 
5d5f3000-5d641000 rwxp 00000000 00:00 0 
5d641000-5d644000 ---p 00000000 00:00 0 
5d644000-5d692000 rwxp 00000000 00:00 0 
5d692000-5d695000 ---p 00000000 00:00 0 
5d695000-5d6e3000 rwxp 00000000 00:00 0 
5d734000-5d737000 ---p 00000000 00:00 0 
5d737000-5d785000 rwxp 00000000 00:00 0 
5d785000-5d788000 ---p 00000000 00:00 0 
5d788000-5d7d6000 rwxp 00000000 00:00 0 
5d7d6000-5d7d9000 ---p 00000000 00:00 0 
5d7d9000-5d827000 rwxp 00000000 00:00 0 
5d878000-5d87b000 ---p 00000000 00:00 0 
5d87b000-5d8c9000 rwxp 00000000 00:00 0 
5d8c9000-5d8cc000 ---p 00000000 00:00 0 
5d8cc000-5d91a000 rwxp 00000000 00:00 0 
5d91a000-5d91d000 ---p 00000000 00:00 0 
5d91d000-5d96b000 rwxp 00000000 00:00 0 
5d9bc000-5d9bf000 ---p 00000000 00:00 0 
5d9bf000-5da0d000 rwxp 00000000 00:00 0 
5da5e000-5da61000 ---p 00000000 00:00 0 
5da61000-5daaf000 rwxp 00000000 00:00 0 
5daaf000-5dab2000 ---p 00000000 00:00 0 
5dab2000-5db00000 rwxp 00000000 00:00 0 
5db00000-5dbff000 rw-p 00000000 00:00 0 
5dbff000-5dc00000 ---p 00000000 00:00 0 
5dc1d000-5dce9000 r-xp 00000000 08:01 2644070    /usr/lib/fglrx/libGL.so.1.2
5dce9000-5dcf5000 rwxp 000cb000 08:01 2644070    /usr/lib/fglrx/libGL.so.1.2
5dcf5000-5dd0a000 rwxp 00000000 00:00 0 
5dd0a000-5dd0d000 ---p 00000000 00:00 0 
5dd0d000-5dd5b000 rwxp 00000000 00:00 0 
5dd5b000-5dd7d000 r--s 00000000 08:01 2636637    /var/cache/fontconfig/365b55f210c0a22e9a19e35191240f32-le32d4.cache-3
5dd7d000-5dd80000 r--s 00000000 08:01 2627544    /var/cache/fontconfig/8801497958630a81b71ace7c5f9b32a8-le32d4.cache-3
5dd80000-5dda2000 r--s 00000000 08:01 2636637    /var/cache/fontconfig/365b55f210c0a22e9a19e35191240f32-le32d4.cache-3
5ddaa000-5ddcb000 r-xp 00000000 08:01 393667     /usr/lib/libj3dcore-ogl.so
5ddcb000-5ddcc000 rw-p 00021000 08:01 393667     /usr/lib/libj3dcore-ogl.so
5ddcc000-5defc000 r-xp 00000000 08:01 2496212    /usr/lib/i386-linux-gnu/libX11.so.6.3.0
5defc000-5defd000 r--p 0012f000 08:01 2496212    /usr/lib/i386-linux-gnu/libX11.so.6.3.0
5defd000-5deff000 rw-p 00130000 08:01 2496212    /usr/lib/i386-linux-gnu/libX11.so.6.3.0
5deff000-5df00000 rw-p 00000000 00:00 0 
5df00000-5e000000 rw-p 00000000 00:00 0 
5e015000-5e018000 ---p 00000000 00:00 0 
5e018000-5e066000 rwxp 00000000 00:00 0 
5e066000-5e0fb000 r-xp 00000000 08:01 2494255    /usr/lib/i386-linux-gnu/libfreetype.so.6.8.0
5e0fb000-5e0ff000 r--p 00094000 08:01 2494255    /usr/lib/i386-linux-gnu/libfreetype.so.6.8.0
5e0ff000-5e100000 rw-p 00098000 08:01 2494255    /usr/lib/i386-linux-gnu/libfreetype.so.6.8.0
5e100000-5e1fe000 rw-p 00000000 00:00 0 
5e1fe000-5e200000 ---p 00000000 00:00 0 
5e213000-5e2a6000 r-xp 00000000 08:01 3546533    /usr/lib/jvm/java-6-openjdk-i386/jre/lib/i386/libawt.so
5e2a6000-5e2a7000 r--p 00092000 08:01 3546533    /usr/lib/jvm/java-6-openjdk-i386/jre/lib/i386/libawt.so
5e2a7000-5e2ae000 rw-p 00093000 08:01 3546533    /usr/lib/jvm/java-6-openjdk-i386/jre/lib/i386/libawt.so
5e2ae000-5e400000 rw-p 00000000 00:00 0 
5e400000-5e500000 rw-p 00000000 00:00 0 
5e500000-5e5f6000 rw-p 00000000 00:00 0 
5e5f6000-5e600000 ---p 00000000 00:00 0 
5e600000-5e6f7000 rw-p 00000000 00:00 0 
5e6f7000-5e700000 ---p 00000000 00:00 0 
5e717000-5ee00000 rw-p 00000000 00:00 0 
5ee00000-5ef00000 rw-p 00000000 00:00 0 
5ef0e000-5ef14000 r--s 00000000 08:01 2627549    /var/cache/fontconfig/945677eb7aeaf62f1d50efc3fb3ec7d8-le32d4.cache-3
5ef1b000-5ef1f000 r-xp 00000000 08:01 2491176    /usr/lib/i386-linux-gnu/libXfixes.so.3.1.0
5ef1f000-5ef20000 r--p 00004000 08:01 2491176    /usr/lib/i386-linux-gnu/libXfixes.so.3.1.0
5ef20000-5ef21000 rw-p 00005000 08:01 2491176    /usr/lib/i386-linux-gnu/libXfixes.so.3.1.0
5ef21000-5ef2a000 r-xp 00000000 08:01 2495608    /usr/lib/i386-linux-gnu/libXcursor.so.1.0.2
5ef2a000-5ef2b000 r--p 00008000 08:01 2495608    /usr/lib/i386-linux-gnu/libXcursor.so.1.0.2
5ef2b000-5ef2c000 rw-p 00009000 08:01 2495608    /usr/lib/i386-linux-gnu/libXcursor.so.1.0.2
5ef44000-5ef48000 r--s 00028000 08:01 397013     /home/norut/workspace/CommModule4.0/lib/gson-2.1.jar
5ef48000-5ef82000 r-xp 00000000 08:01 3546535    /usr/lib/jvm/java-6-openjdk-i386/jre/lib/i386/libfontmanager.so
5ef82000-5ef83000 r--p 00039000 08:01 3546535    /usr/lib/jvm/java-6-openjdk-i386/jre/lib/i386/libfontmanager.so
5ef83000-5ef84000 rw-p 0003a000 08:01 3546535    /usr/lib/jvm/java-6-openjdk-i386/jre/lib/i386/libfontmanager.so
5ef84000-5f40a000 rw-p 00000000 00:00 0 
5f40a000-61500000 r--s 00000000 00:12 47021      /run/shm/16058_045e.02ae@1.6_Image
61500000-61600000 rw-p 00000000 00:00 0 
61600000-61601000 r-xp 00000000 08:01 3546544    /usr/lib/jvm/java-6-openjdk-i386/jre/lib/i386/libjawt.so
61601000-61602000 r--p 00000000 08:01 3546544    /usr/lib/jvm/java-6-openjdk-i386/jre/lib/i386/libjawt.so
61602000-61603000 rw-p 00001000 08:01 3546544    /usr/lib/jvm/java-6-openjdk-i386/jre/lib/i386/libjawt.so
61603000-61604000 r--s 00000000 08:01 2634595    /var/cache/fontconfig/c05880de57d1f5e948fdfacc138775d9-le32d4.cache-3
61604000-61606000 r--s 00000000 08:01 2634593    /var/cache/fontconfig/99e8ed0e538f840c565b6ed5dad60d56-le32d4.cache-3
61606000-6160c000 r--s 00000000 08:01 2634556    /var/cache/fontconfig/a6d8cf8e4ec09cdbc8633c31745a07dd-le32d4.cache-3
6160c000-61613000 r--s 00000000 08:01 2629238    /var/cache/fontconfig/6d41288fd70b0be22e8c3a91e032eec0-le32d4.cache-3
61613000-6161e000 r--s 00000000 08:01 2627598    /var/cache/fontconfig/04aabc0a78ac019cf9454389977116d2-le32d4.cache-3
6161e000-61700000 rw-p 00000000 00:00 0 
61700000-61900000 rw-p 00000000 00:00 0 
61900000-61b00000 rw-p 00000000 00:00 0 
61b00000-61bff000 rw-p 00000000 00:00 0 
61bff000-61c00000 ---p 00000000 00:00 0 
61c00000-61d00000 rw-p 00000000 00:00 0 
61d00000-61eff000 rw-p 00000000 00:00 0 
61eff000-61f00000 ---p 00000000 00:00 0 
61f00000-62100000 rw-p 00000000 00:00 0 
62100000-62300000 rw-p 00000000 00:00 0 
62300000-62500000 rw-p 00000000 00:00 0 
62500000-62700000 rw-p 00000000 00:00 0 
62700000-62900000 rw-p 00000000 00:00 0 
62900000-62b00000 rw-p 00000000 00:00 0 
62b00000-62d00000 rw-p 00000000 00:00 0 
62d00000-62f00000 rw-p 00000000 00:00 0 
62f00000-63100000 rw-p 00000000 00:00 0 
63100000-63300000 rw-p 00000000 00:00 0 
63300000-63500000 rw-p 00000000 00:00 0 
63500000-63700000 rw-p 00000000 00:00 0 
63700000-63900000 rw-p 00000000 00:00 0 
63900000-63b00000 rw-p 00000000 00:00 0 
63b00000-63d00000 rw-p 00000000 00:00 0 
63d00000-63f00000 rw-p 00000000 00:00 0 
63f00000-64100000 rw-p 00000000 00:00 0 
64100000-64300000 rw-p 00000000 00:00 0 
64300000-64500000 rw-p 00000000 00:00 0 
64500000-64700000 rw-p 00000000 00:00 0 
64700000-64900000 rw-p 00000000 00:00 0 
64900000-64b00000 rw-p 00000000 00:00 0 
64b00000-64d00000 rw-p 00000000 00:00 0 
64d00000-64f00000 rw-p 00000000 00:00 0 
64f00000-65100000 rw-p 00000000 00:00 0 
65100000-65200000 rw-p 00000000 00:00 0 
65200000-65203000 r--s 00000000 08:01 2633492    /var/cache/fontconfig/2cd17615ca594fa2959ae173292e504c-le32d4.cache-3
65203000-65207000 r--s 00000000 08:01 2630956    /var/cache/fontconfig/a755afe4a08bf5b97852ceb7400b47bc-le32d4.cache-3
65207000-6520a000 r--s 00000000 08:01 2627553    /var/cache/fontconfig/385c0604a188198f04d133e54aba7fe7-le32d4.cache-3
6520a000-6520e000 r--s 00000000 08:01 2627529    /var/cache/fontconfig/3047814df9a2f067bd2d96a2b9c36e5a-le32d4.cache-3
6520e000-6b600000 rw-p 00000000 00:00 0 
6b600000-6b700000 rw-p 00000000 00:00 0 
6b700000-6b703000 r--s 00000000 08:01 2627544    /var/cache/fontconfig/8801497958630a81b71ace7c5f9b32a8-le32d4.cache-3
6b703000-6b709000 r--s 00000000 08:01 2625469    /var/cache/fontconfig/52f7bdb7ce746bfd7eaa1985bd9cfa93-le32d4.cache-3
6b709000-6b716000 r--s 00000000 08:01 2625468    /var/cache/fontconfig/d52a8644073d54c13679302ca1180695-le32d4.cache-3
6b716000-6b762000 r-xp 00000000 08:01 399061     /usr/lib/jvm/java-6-openjdk-i386/jre/lib/i386/xawt/libmawt.so
6b762000-6b763000 r--p 0004b000 08:01 399061     /usr/lib/jvm/java-6-openjdk-i386/jre/lib/i386/xawt/libmawt.so
6b763000-6b765000 rw-p 0004c000 08:01 399061     /usr/lib/jvm/java-6-openjdk-i386/jre/lib/i386/xawt/libmawt.so
6b765000-6c100000 rw-p 00000000 00:00 0 
6c100000-6c1ec000 rw-p 00000000 00:00 0 
6c1ec000-6c200000 ---p 00000000 00:00 0 
6c200000-6c208000 r--s 00000000 08:01 2636635    /var/cache/fontconfig/e13b20fdb08344e0e664864cc2ede53d-le32d4.cache-3
6c208000-6c20e000 r--s 00000000 08:01 2627549    /var/cache/fontconfig/945677eb7aeaf62f1d50efc3fb3ec7d8-le32d4.cache-3
6c20e000-6c22d000 r-xp 00000000 08:01 2494675    /usr/lib/i386-linux-gnu/libxcb.so.1.1.0
6c22d000-6c22e000 r--p 0001f000 08:01 2494675    /usr/lib/i386-linux-gnu/libxcb.so.1.1.0
6c22e000-6c22f000 rw-p 00020000 08:01 2494675    /usr/lib/i386-linux-gnu/libxcb.so.1.1.0
6c269000-6c300000 rw-p 00000000 00:00 0 
6c300000-6c400000 rw-p 00000000 00:00 0 
6c400000-6c401000 r--s 00000000 08:01 2631287    /var/cache/fontconfig/e7071f4a29fa870f4323321c154eba04-le32d4.cache-3
6c401000-6c405000 r--s 00000000 08:01 2625470    /var/cache/fontconfig/b47c4e1ecd0709278f4910c18777a504-le32d4.cache-3
6c405000-6c600000 rw-p 00000000 00:00 0 
6c600000-6c800000 rw-p 00000000 00:00 0 
6c800000-6c900000 rw-p 00000000 00:00 0 
6c900000-6c901000 r--s 00000000 08:01 2630965    /var/cache/fontconfig/0d8c3b2ac0904cb8a57a757ad11a4a08-le32d4.cache-3
6c901000-6c905000 r--s 00000000 08:01 2625467    /var/cache/fontconfig/3f7329c5293ffd510edef78f73874cfd-le32d4.cache-3
6c905000-6c907000 r--s 00000000 08:01 2634593    /var/cache/fontconfig/99e8ed0e538f840c565b6ed5dad60d56-le32d4.cache-3
6c907000-6c90d000 r--s 00000000 08:01 2634556    /var/cache/fontconfig/a6d8cf8e4ec09cdbc8633c31745a07dd-le32d4.cache-3
6c90d000-6c910000 r--s 00000000 08:01 2633492    /var/cache/fontconfig/2cd17615ca594fa2959ae173292e504c-le32d4.cache-3
6c910000-6c911000 r--s 00000000 08:01 2631287    /var/cache/fontconfig/e7071f4a29fa870f4323321c154eba04-le32d4.cache-3
6c911000-6c912000 r--s 00000000 08:01 2630965    /var/cache/fontconfig/0d8c3b2ac0904cb8a57a757ad11a4a08-le32d4.cache-3
6c912000-6c916000 r--s 00000000 08:01 2630956    /var/cache/fontconfig/a755afe4a08bf5b97852ceb7400b47bc-le32d4.cache-3
6c916000-6c91d000 r--s 00000000 08:01 2629238    /var/cache/fontconfig/6d41288fd70b0be22e8c3a91e032eec0-le32d4.cache-3
6c91d000-6ca00000 rw-p 00000000 00:00 0 
6ca00000-6cafa000 rw-p 00000000 00:00 0 
6cafa000-6cb00000 ---p 00000000 00:00 0 
6cb00000-6cb01000 r--s 00000000 08:01 2627546    /var/cache/fontconfig/4794a0821666d79190d59a36cb4f44b5-le32d4.cache-3
6cb01000-6cb02000 r--s 00000000 08:01 2625472    /var/cache/fontconfig/56cf4f4769d0f4abc89a4895d7bd3ae1-le32d4.cache-3
6cb02000-6cb05000 r--s 00000000 08:01 2630111    /var/cache/fontconfig/7ef2298fde41cc6eeb7af42e48b7d293-le32d4.cache-3
6cb05000-6cb10000 r--s 00000000 08:01 2627598    /var/cache/fontconfig/04aabc0a78ac019cf9454389977116d2-le32d4.cache-3
6cb10000-6cb13000 r--s 00000000 08:01 2627553    /var/cache/fontconfig/385c0604a188198f04d133e54aba7fe7-le32d4.cache-3
6cb13000-6dbe3000 rw-p 00000000 00:00 0 
6dbe3000-6df67000 r--s 00000000 00:12 45473      /run/shm/16058_045e.02ae@1.6_Depth
6df67000-6dffe000 rw-p 00000000 00:00 0 
6dffe000-6dfff000 ---p 00000000 00:00 0 
6dfff000-6e7ff000 rwxp 00000000 00:00 0 
6e7ff000-6ec00000 rw-p 00000000 00:00 0 
6ec00000-6ecfe000 rw-p 00000000 00:00 0 
6ecfe000-6ed00000 ---p 00000000 00:00 0 
6ed00000-6ed01000 r--s 00000000 08:01 2625471    /var/cache/fontconfig/b9d506c9ac06c20b433354fa67a72993-le32d4.cache-3
6ed01000-6ed02000 r--s 00000000 08:01 2634595    /var/cache/fontconfig/c05880de57d1f5e948fdfacc138775d9-le32d4.cache-3
6ed02000-6ed06000 r--s 00000000 08:01 2627529    /var/cache/fontconfig/3047814df9a2f067bd2d96a2b9c36e5a-le32d4.cache-3
6ed06000-6ed0b000 r-xp 00000000 08:01 2494268    /usr/lib/i386-linux-gnu/libXdmcp.so.6.0.0
6ed0b000-6ed0c000 r--p 00004000 08:01 2494268    /usr/lib/i386-linux-gnu/libXdmcp.so.6.0.0
6ed0c000-6ed0d000 rw-p 00005000 08:01 2494268    /usr/lib/i386-linux-gnu/libXdmcp.so.6.0.0
6ed0d000-6ed1b000 r-xp 00000000 08:01 2495938    /usr/lib/i386-linux-gnu/libXi.so.6.1.0
6ed1b000-6ed1c000 r--p 0000d000 08:01 2495938    /usr/lib/i386-linux-gnu/libXi.so.6.1.0
6ed1c000-6ed1d000 rw-p 0000e000 08:01 2495938    /usr/lib/i386-linux-gnu/libXi.so.6.1.0
6ed1d000-6ee00000 rw-p 00000000 00:00 0 
6ee00000-6eefe000 rw-p 00000000 00:00 0 
6eefe000-6ef00000 ---p 00000000 00:00 0 
6ef00000-6ef01000 r--s 00000000 08:01 2627546    /var/cache/fontconfig/4794a0821666d79190d59a36cb4f44b5-le32d4.cache-3
6ef01000-6ef09000 r-xp 00000000 08:01 2494682    /usr/lib/i386-linux-gnu/libXrender.so.1.3.0
6ef09000-6ef0a000 r--p 00007000 08:01 2494682    /usr/lib/i386-linux-gnu/libXrender.so.1.3.0
6ef0a000-6ef0b000 rw-p 00008000 08:01 2494682    /usr/lib/i386-linux-gnu/libXrender.so.1.3.0
6ef0b000-6f000000 rw-p 00000000 00:00 0 
6f000000-6f100000 rw-p 00000000 00:00 0 
6f100000-6f106000 r--s 00000000 08:01 2625469    /var/cache/fontconfig/52f7bdb7ce746bfd7eaa1985bd9cfa93-le32d4.cache-3
6f106000-6f109000 ---p 00000000 00:00 0 
6f109000-6f157000 rwxp 00000000 00:00 0 
6f157000-6f400000 rw-p 00000000 00:00 0 
6f400000-6f5ff000 rw-p 00000000 00:00 0 
6f5ff000-6f600000 ---p 00000000 00:00 0 
6f600000-6f6fe000 rw-p 00000000 00:00 0 
6f6fe000-6f700000 ---p 00000000 00:00 0 
6f700000-6f800000 rw-p 00000000 00:00 0 
6f800000-6f8fd000 rw-p 00000000 00:00 0 
6f8fd000-6f900000 ---p 00000000 00:00 0 
6f900000-6f901000 r--s 00000000 08:01 2625472    /var/cache/fontconfig/56cf4f4769d0f4abc89a4895d7bd3ae1-le32d4.cache-3
6f901000-6f905000 r--s 00000000 08:01 2625470    /var/cache/fontconfig/b47c4e1ecd0709278f4910c18777a504-le32d4.cache-3
6f905000-6f915000 r-xp 00000000 08:01 2504459    /usr/lib/i386-linux-gnu/libXext.so.6.4.0
6f915000-6f916000 r--p 0000f000 08:01 2504459    /usr/lib/i386-linux-gnu/libXext.so.6.4.0
6f916000-6f917000 rw-p 00010000 08:01 2504459    /usr/lib/i386-linux-gnu/libXext.so.6.4.0
6f917000-6f963000 rw-p 00000000 00:00 0 
6f963000-6fce7000 r--s 00000000 00:12 45473      /run/shm/16058_045e.02ae@1.6_Depth
6fce7000-6fd7e000 rw-p 00000000 00:00 0 
6fd7e000-6fd7f000 ---p 00000000 00:00 0 
6fd7f000-7057f000 rwxp 00000000 00:00 0 
7057f000-70980000 rw-p 00000000 00:00 0 
70980000-70a0c000 r-xp 00000000 08:01 2504881    /usr/lib/libXnDeviceSensorV2KM.so
70a0c000-70a15000 r--p 0008b000 08:01 2504881    /usr/lib/libXnDeviceSensorV2KM.so
70a15000-70a16000 rw-p 00094000 08:01 2504881    /usr/lib/libXnDeviceSensorV2KM.so
70a16000-70a42000 r-xp 00000000 08:01 2504355    /usr/lib/libXnDeviceFile.so
70a42000-70a43000 ---p 0002c000 08:01 2504355    /usr/lib/libXnDeviceFile.so
70a43000-70a44000 r--p 0002c000 08:01 2504355    /usr/lib/libXnDeviceFile.so
70a44000-70a45000 rw-p 0002d000 08:01 2504355    /usr/lib/libXnDeviceFile.so
70a45000-70a97000 r-xp 00000000 08:01 2504354    /usr/lib/libXnDDK.so
70a97000-70a98000 ---p 00052000 08:01 2504354    /usr/lib/libXnDDK.so
70a98000-70a9a000 r--p 00052000 08:01 2504354    /usr/lib/libXnDDK.so
70a9a000-70a9b000 rw-p 00054000 08:01 2504354    /usr/lib/libXnDDK.so
70a9b000-70abe000 r-xp 00000000 08:01 2504357    /usr/lib/libXnFormats.so
70abe000-70abf000 r--p 00022000 08:01 2504357    /usr/lib/libXnFormats.so
70abf000-70ac0000 rw-p 00023000 08:01 2504357    /usr/lib/libXnFormats.so
70ac0000-70ae0000 rw-p 00000000 00:00 0 
70ae0000-70b79000 r-xp 00000000 08:01 2504356    /usr/lib/libXnDeviceSensorV2.so
70b79000-70b82000 r--p 00098000 08:01 2504356    /usr/lib/libXnDeviceSensorV2.so
70b82000-70b83000 rw-p 000a1000 08:01 2504356    /usr/lib/libXnDeviceSensorV2.so
70b83000-70c66000 r-xp 00000000 08:01 2504285    /usr/lib/libXnVHandGenerator_1_5_2.so
70c66000-70c69000 r--p 000e3000 08:01 2504285    /usr/lib/libXnVHandGenerator_1_5_2.so
70c69000-70c6a000 rw-p 000e6000 08:01 2504285    /usr/lib/libXnVHandGenerator_1_5_2.so
70c6a000-70c76000 rw-p 00000000 00:00 0 
70c76000-70d4b000 r-xp 00000000 08:01 2504282    /usr/lib/libXnVHandGenerator_1_4_2.so
70d4b000-70d4c000 ---p 000d5000 08:01 2504282    /usr/lib/libXnVHandGenerator_1_4_2.so
70d4c000-70d4e000 r--p 000d5000 08:01 2504282    /usr/lib/libXnVHandGenerator_1_4_2.so
70d4e000-70d4f000 rw-p 000d7000 08:01 2504282    /usr/lib/libXnVHandGenerator_1_4_2.so
70d4f000-70d51000 rw-p 00000000 00:00 0 
70d51000-70e25000 r-xp 00000000 08:01 2504279    /usr/lib/libXnVHandGenerator_1_4_1.so
70e25000-70e26000 ---p 000d4000 08:01 2504279    /usr/lib/libXnVHandGenerator_1_4_1.so
70e26000-70e28000 r--p 000d4000 08:01 2504279    /usr/lib/libXnVHandGenerator_1_4_1.so
70e28000-70e29000 rw-p 000d6000 08:01 2504279    /usr/lib/libXnVHandGenerator_1_4_1.so
70e29000-70e2b000 rw-p 00000000 00:00 0 
70e2b000-70f09000 r-xp 00000000 08:01 2504275    /usr/lib/libXnVHandGenerator_1_3_1.so
70f09000-70f0c000 r--p 000dd000 08:01 2504275    /usr/lib/libXnVHandGenerator_1_3_1.so
70f0c000-70f0d000 rw-p 000e0000 08:01 2504275    /usr/lib/libXnVHandGenerator_1_3_1.so
70f0d000-70f0f000 rw-p 00000000 00:00 0 
70f0f000-71310000 r-xp 00000000 08:01 2504268    /usr/lib/libXnVFeatures_1_5_2.so
71310000-71311000 ---p 00401000 08:01 2504268    /usr/lib/libXnVFeatures_1_5_2.so
71311000-71319000 r--p 00401000 08:01 2504268    /usr/lib/libXnVFeatures_1_5_2.so
71319000-7131a000 rw-p 00409000 08:01 2504268    /usr/lib/libXnVFeatures_1_5_2.so
7131a000-7132e000 rw-p 00000000 00:00 0 
7132e000-71515000 r-xp 00000000 08:01 2504257    /usr/lib/libXnVFeatures_1_4_2.so
71515000-71518000 r--p 001e6000 08:01 2504257    /usr/lib/libXnVFeatures_1_4_2.so
71518000-71519000 rw-p 001e9000 08:01 2504257    /usr/lib/libXnVFeatures_1_4_2.so
71519000-7151e000 rw-p 00000000 00:00 0 
7151e000-71705000 r-xp 00000000 08:01 2504252    /usr/lib/libXnVFeatures_1_4_1.so
71705000-71708000 r--p 001e6000 08:01 2504252    /usr/lib/libXnVFeatures_1_4_1.so
71708000-71709000 rw-p 001e9000 08:01 2504252    /usr/lib/libXnVFeatures_1_4_1.so
71709000-7170e000 rw-p 00000000 00:00 0 
7170e000-7192c000 r-xp 00000000 08:01 2504247    /usr/lib/libXnVFeatures_1_3_1.so
7192c000-7192d000 ---p 0021e000 08:01 2504247    /usr/lib/libXnVFeatures_1_3_1.so
7192d000-71930000 r--p 0021e000 08:01 2504247    /usr/lib/libXnVFeatures_1_3_1.so
71930000-71931000 rw-p 00221000 08:01 2504247    /usr/lib/libXnVFeatures_1_3_1.so
71931000-71936000 rw-p 00000000 00:00 0 
71936000-7195b000 r-xp 00000000 08:01 2503957    /usr/lib/libnimRecorder.so
7195b000-7195c000 r--p 00025000 08:01 2503957    /usr/lib/libnimRecorder.so
7195c000-7195d000 rw-p 00026000 08:01 2503957    /usr/lib/libnimRecorder.so
7195d000-71992000 r-xp 00000000 08:01 2503954    /usr/lib/libnimCodecs.so
71992000-71994000 r--p 00035000 08:01 2503954    /usr/lib/libnimCodecs.so
71994000-71995000 rw-p 00037000 08:01 2503954    /usr/lib/libnimCodecs.so
71995000-719b5000 rw-p 00000000 00:00 0 
719b5000-719e8000 r-xp 00000000 08:01 2503956    /usr/lib/libnimMockNodes.so
719e8000-719ef000 r--p 00032000 08:01 2503956    /usr/lib/libnimMockNodes.so
719ef000-719f0000 rw-p 00039000 08:01 2503956    /usr/lib/libnimMockNodes.so
719f0000-719fe000 r-xp 00000000 08:01 1703979    /lib/i386-linux-gnu/libusb-1.0.so.0.1.0
719fe000-719ff000 r--p 0000d000 08:01 1703979    /lib/i386-linux-gnu/libusb-1.0.so.0.1.0
719ff000-71a00000 rw-p 0000e000 08:01 1703979    /lib/i386-linux-gnu/libusb-1.0.so.0.1.0
71a00000-71aff000 rw-p 00000000 00:00 0 
71aff000-71b00000 ---p 00000000 00:00 0 
71b00000-71b05000 r-xp 00000000 08:01 2493856    /usr/lib/i386-linux-gnu/libXtst.so.6.1.0
71b05000-71b06000 r--p 00004000 08:01 2493856    /usr/lib/i386-linux-gnu/libXtst.so.6.1.0
71b06000-71b07000 rw-p 00005000 08:01 2493856    /usr/lib/i386-linux-gnu/libXtst.so.6.1.0
71b07000-71b0a000 r-xp 00000000 08:01 2504353    /usr/lib/libXnCore.so
71b0a000-71b0b000 r--p 00002000 08:01 2504353    /usr/lib/libXnCore.so
71b0b000-71b0c000 rw-p 00003000 08:01 2504353    /usr/lib/libXnCore.so
71b0c000-71b92000 r-xp 00000000 08:01 2503960    /usr/lib/libOpenNI.so
71b92000-71b94000 r--p 00085000 08:01 2503960    /usr/lib/libOpenNI.so
71b94000-71b96000 rw-p 00087000 08:01 2503960    /usr/lib/libOpenNI.so
71b96000-71bb6000 r-xp 00000000 08:01 2503959    /usr/lib/libOpenNI.jni.so
71bb6000-71bb7000 r--p 0001f000 08:01 2503959    /usr/lib/libOpenNI.jni.so
71bb7000-71bb9000 rw-p 00020000 08:01 2503959    /usr/lib/libOpenNI.jni.so
71bb9000-71bc0000 r-xp 00000000 08:01 1704027    /lib/i386-linux-gnu/libusb-0.1.so.4.4.4
71bc0000-71bc1000 r--p 00006000 08:01 1704027    /lib/i386-linux-gnu/libusb-0.1.so.4.4.4
71bc1000-71bc2000 rw-p 00007000 08:01 1704027    /lib/i386-linux-gnu/libusb-0.1.so.4.4.4
71bc2000-71bc3000 rw-p 00000000 00:00 0 
71bc3000-71bd0000 r--s 00000000 08:01 2625468    /var/cache/fontconfig/d52a8644073d54c13679302ca1180695-le32d4.cache-3
71bd0000-71bd4000 r--s 00000000 08:01 2625467    /var/cache/fontconfig/3f7329c5293ffd510edef78f73874cfd-le32d4.cache-3
71bd4000-71bdc000 r--s 00000000 08:01 2636635    /var/cache/fontconfig/e13b20fdb08344e0e664864cc2ede53d-le32d4.cache-3
71bdc000-71bdf000 r--s 00000000 08:01 2630111    /var/cache/fontconfig/7ef2298fde41cc6eeb7af42e48b7d293-le32d4.cache-3
71bdf000-71bf4000 r-xp 00000000 08:01 3546552    /usr/lib/jvm/java-6-openjdk-i386/jre/lib/i386/libnet.so
71bf4000-71bf5000 r--p 00014000 08:01 3546552    /usr/lib/jvm/java-6-openjdk-i386/jre/lib/i386/libnet.so
71bf5000-71bf6000 rw-p 00015000 08:01 3546552    /usr/lib/jvm/java-6-openjdk-i386/jre/lib/i386/libnet.so
71bf6000-71bf7000 ---p 00000000 00:00 0 
71bf7000-71cc8000 rwxp 00000000 00:00 0 
71cc8000-71cc9000 ---p 00000000 00:00 0 
71cc9000-71d49000 rwxp 00000000 00:00 0 
71d49000-71d4a000 ---p 00000000 00:00 0 
71d4a000-71e1b000 rwxp 00000000 00:00 0 
71e1b000-71e1c000 r--p 00545000 08:01 2490495    /usr/lib/locale/locale-archive
71e1c000-71f4d000 r--p 002c8000 08:01 2490495    /usr/lib/locale/locale-archive
71f4d000-7214d000 r--p 00000000 08:01 2490495    /usr/lib/locale/locale-archive
7214d000-721ef000 rwxp 00000000 00:00 0 
721ef000-721f0000 ---p 00000000 00:00 0 
721f0000-72270000 rwxp 00000000 00:00 0 
72270000-72400000 r--s 037ba000 08:01 3546529    /usr/lib/jvm/java-6-openjdk-i386/jre/lib/rt.jar
72400000-724fc000 rw-p 00000000 00:00 0 
724fc000-72500000 ---p 00000000 00:00 0 
72500000-72502000 r-xp 00000000 08:01 2494262    /usr/lib/i386-linux-gnu/libXau.so.6.0.0
72502000-72503000 r--p 00001000 08:01 2494262    /usr/lib/i386-linux-gnu/libXau.so.6.0.0
72503000-72504000 rw-p 00002000 08:01 2494262    /usr/lib/i386-linux-gnu/libXau.so.6.0.0
72504000-72509000 r-xp 00000000 08:01 2494804    /usr/lib/i386-linux-gnu/libusbpp-0.1.so.4.4.4
72509000-7250a000 r--p 00004000 08:01 2494804    /usr/lib/i386-linux-gnu/libusbpp-0.1.so.4.4.4
7250a000-7250b000 rw-p 00005000 08:01 2494804    /usr/lib/i386-linux-gnu/libusbpp-0.1.so.4.4.4
7250b000-72513000 r-xp 00000000 08:01 269300     /usr/lib/libusbJava.so.0.2.4
72513000-72514000 rw-p 00007000 08:01 269300     /usr/lib/libusbJava.so.0.2.4
72514000-72532000 r--s 0024d000 08:01 396677     /home/norut/workspace/CommModule4.0/lib/KinectLibrary.jar
72532000-72540000 r--s 00193000 08:01 396977     /home/norut/workspace/CommModule4.0/lib/j3dutils.jar
72540000-7254c000 r--s 002c7000 08:01 396695     /home/norut/workspace/CommModule4.0/lib/j3dcore.jar
7254c000-7257f000 rw-p 00000000 00:00 0 
7257f000-72580000 ---p 00000000 00:00 0 
72580000-72600000 rwxp 00000000 00:00 0 
72600000-726fe000 rw-p 00000000 00:00 0 
726fe000-72700000 ---p 00000000 00:00 0 
72700000-72707000 r--s 000fb000 08:01 3546516    /usr/lib/jvm/java-6-openjdk-common/jre/lib/resources.jar
72707000-7270b000 r--s 000fc000 08:01 396686     /home/norut/workspace/CommModule4.0/lib/NoninLibrary.jar
7270b000-7270c000 ---p 00000000 00:00 0 
7270c000-7278c000 rwxp 00000000 00:00 0 
7278c000-72794000 rw-p 00000000 00:00 0 
72794000-727cc000 rw-p 00000000 00:00 0 
727cc000-7280e000 rw-p 00000000 00:00 0 
7280e000-728fa000 rw-p 00000000 00:00 0 
728fa000-72902000 rw-p 00000000 00:00 0 
72902000-7293a000 rw-p 00000000 00:00 0 
7293a000-7297c000 rw-p 00000000 00:00 0 
7297c000-72a68000 rw-p 00000000 00:00 0 
72a68000-72ac7000 rw-p 00000000 00:00 0 
72ac7000-72aff000 ---p 00000000 00:00 0 
72aff000-73b00000 rw-p 00000000 00:00 0 
73b00000-7ab00000 rw-p 00000000 00:00 0 
7ab00000-82d80000 rw-p 00000000 00:00 0 
82d80000-a0700000 rw-p 00000000 00:00 0 
a0700000-ac470000 rw-p 00000000 00:00 0 
ac470000-b3500000 ---p 00000000 00:00 0 
b3500000-b3501000 r--s 00000000 08:01 2625471    /var/cache/fontconfig/b9d506c9ac06c20b433354fa67a72993-le32d4.cache-3
b3501000-b3502000 rw-s 00000000 00:12 47025      /run/shm/045e.02ae@1.6-SM (deleted)
b3502000-b3505000 r--s 00011000 08:01 396693     /home/norut/workspace/CommModule4.0/lib/wii-gee-plugin-wiimote-android_fat.jar
b3505000-b3508000 r--s 0007d000 08:01 3546513    /usr/lib/jvm/java-6-openjdk-common/jre/lib/jsse.jar
b3508000-b350d000 r--s 0009b000 08:01 396685     /home/norut/workspace/CommModule4.0/lib/WiiboardSimple2.0.jar
b350d000-b3516000 rw-p 00000000 00:00 0 
b3516000-b35cd000 rw-p 00000000 00:00 0 
b35cd000-b380d000 rwxp 00000000 00:00 0 
b380d000-b65cd000 rw-p 00000000 00:00 0 
b65cd000-b65d8000 r-xp 00000000 08:01 1718823    /lib/i386-linux-gnu/libnss_files-2.15.so
b65d8000-b65d9000 r--p 0000a000 08:01 1718823    /lib/i386-linux-gnu/libnss_files-2.15.so
b65d9000-b65da000 rw-p 0000b000 08:01 1718823    /lib/i386-linux-gnu/libnss_files-2.15.so
b65da000-b65e4000 r-xp 00000000 08:01 1718825    /lib/i386-linux-gnu/libnss_nis-2.15.so
b65e4000-b65e5000 r--p 00009000 08:01 1718825    /lib/i386-linux-gnu/libnss_nis-2.15.so
b65e5000-b65e6000 rw-p 0000a000 08:01 1718825    /lib/i386-linux-gnu/libnss_nis-2.15.so
b65e6000-b65fc000 r-xp 00000000 08:01 1718820    /lib/i386-linux-gnu/libnsl-2.15.so
b65fc000-b65fd000 r--p 00015000 08:01 1718820    /lib/i386-linux-gnu/libnsl-2.15.so
b65fd000-b65fe000 rw-p 00016000 08:01 1718820    /lib/i386-linux-gnu/libnsl-2.15.so
b65fe000-b6600000 rw-p 00000000 00:00 0 
b6600000-b66fc000 rw-p 00000000 00:00 0 
b66fc000-b6700000 ---p 00000000 00:00 0 
b6700000-b6702000 r--s 0004c000 08:01 396999     /home/norut/workspace/CommModule4.0/lib/vecmath.jar
b6702000-b6704000 r--s 00001000 08:01 3546504    /usr/lib/jvm/java-6-openjdk-common/jre/lib/ext/dnsns.jar
b6704000-b6705000 r--s 00007000 08:01 2886125    /usr/share/java/java-atk-wrapper.jar
b6705000-b6707000 r--s 0000f000 08:01 3546507    /usr/lib/jvm/java-6-openjdk-common/jre/lib/ext/pulse-java.jar
b6707000-b670a000 r--s 00031000 08:01 3546506    /usr/lib/jvm/java-6-openjdk-common/jre/lib/ext/sunjce_provider.jar
b670a000-b670d000 r--s 00077000 08:01 3546505    /usr/lib/jvm/java-6-openjdk-common/jre/lib/ext/localedata.jar
b670d000-b6711000 r--s 00038000 08:01 3546503    /usr/lib/jvm/java-6-openjdk-common/jre/lib/ext/sunpkcs11.jar
b6711000-b6718000 r-xp 00000000 08:01 3546559    /usr/lib/jvm/java-6-openjdk-i386/jre/lib/i386/libzip.so
b6718000-b6719000 r--p 00006000 08:01 3546559    /usr/lib/jvm/java-6-openjdk-i386/jre/lib/i386/libzip.so
b6719000-b671a000 rw-p 00007000 08:01 3546559    /usr/lib/jvm/java-6-openjdk-i386/jre/lib/i386/libzip.so
b671a000-b6722000 rw-s 00000000 08:01 1573355    /tmp/hsperfdata_root/16041
b6722000-b6748000 r-xp 00000000 08:01 3546542    /usr/lib/jvm/java-6-openjdk-i386/jre/lib/i386/libjava.so
b6748000-b6749000 r--p 00025000 08:01 3546542    /usr/lib/jvm/java-6-openjdk-i386/jre/lib/i386/libjava.so
b6749000-b674b000 rw-p 00026000 08:01 3546542    /usr/lib/jvm/java-6-openjdk-i386/jre/lib/i386/libjava.so
b674b000-b6752000 r-xp 00000000 08:01 1718830    /lib/i386-linux-gnu/librt-2.15.so
b6752000-b6753000 r--p 00006000 08:01 1718830    /lib/i386-linux-gnu/librt-2.15.so
b6753000-b6754000 rw-p 00007000 08:01 1718830    /lib/i386-linux-gnu/librt-2.15.so
b6754000-b6757000 ---p 00000000 00:00 0 
b6757000-b67a5000 rwxp 00000000 00:00 0 
b67a5000-b67c1000 r-xp 00000000 08:01 1704088    /lib/i386-linux-gnu/libgcc_s.so.1
b67c1000-b67c2000 r--p 0001b000 08:01 1704088    /lib/i386-linux-gnu/libgcc_s.so.1
b67c2000-b67c3000 rw-p 0001c000 08:01 1704088    /lib/i386-linux-gnu/libgcc_s.so.1
b67c3000-b67ed000 r-xp 00000000 08:01 1718818    /lib/i386-linux-gnu/libm-2.15.so
b67ed000-b67ee000 r--p 00029000 08:01 1718818    /lib/i386-linux-gnu/libm-2.15.so
b67ee000-b67ef000 rw-p 0002a000 08:01 1718818    /lib/i386-linux-gnu/libm-2.15.so
b67ef000-b68c7000 r-xp 00000000 08:01 2490721    /usr/lib/i386-linux-gnu/libstdc++.so.6.0.16
b68c7000-b68c8000 ---p 000d8000 08:01 2490721    /usr/lib/i386-linux-gnu/libstdc++.so.6.0.16
b68c8000-b68cc000 r--p 000d8000 08:01 2490721    /usr/lib/i386-linux-gnu/libstdc++.so.6.0.16
b68cc000-b68cd000 rw-p 000dc000 08:01 2490721    /usr/lib/i386-linux-gnu/libstdc++.so.6.0.16
b68cd000-b68d4000 rw-p 00000000 00:00 0 
b68d4000-b70f2000 r-xp 00000000 08:01 141902     /usr/lib/jvm/java-6-openjdk-i386/jre/lib/i386/server/libjvm.so
b70f2000-b7137000 r--p 0081e000 08:01 141902     /usr/lib/jvm/java-6-openjdk-i386/jre/lib/i386/server/libjvm.so
b7137000-b7146000 rw-p 00863000 08:01 141902     /usr/lib/jvm/java-6-openjdk-i386/jre/lib/i386/server/libjvm.so
b7146000-b7562000 rw-p 00000000 00:00 0 
b7562000-b7576000 r-xp 00000000 08:01 1703956    /lib/i386-linux-gnu/libz.so.1.2.3.4
b7576000-b7577000 r--p 00013000 08:01 1703956    /lib/i386-linux-gnu/libz.so.1.2.3.4
b7577000-b7578000 rw-p 00014000 08:01 1703956    /lib/i386-linux-gnu/libz.so.1.2.3.4
b7578000-b7717000 r-xp 00000000 08:01 1718814    /lib/i386-linux-gnu/libc-2.15.so
b7717000-b7719000 r--p 0019f000 08:01 1718814    /lib/i386-linux-gnu/libc-2.15.so
b7719000-b771a000 rw-p 001a1000 08:01 1718814    /lib/i386-linux-gnu/libc-2.15.so
b771a000-b771d000 rw-p 00000000 00:00 0 
b771d000-b7720000 r-xp 00000000 08:01 1718817    /lib/i386-linux-gnu/libdl-2.15.so
b7720000-b7721000 r--p 00002000 08:01 1718817    /lib/i386-linux-gnu/libdl-2.15.so
b7721000-b7722000 rw-p 00003000 08:01 1718817    /lib/i386-linux-gnu/libdl-2.15.so
b7722000-b7726000 r-xp 00000000 08:01 141897     /usr/lib/jvm/java-6-openjdk-i386/jre/lib/i386/jli/libjli.so
b7726000-b7727000 r--p 00003000 08:01 141897     /usr/lib/jvm/java-6-openjdk-i386/jre/lib/i386/jli/libjli.so
b7727000-b7728000 rw-p 00004000 08:01 141897     /usr/lib/jvm/java-6-openjdk-i386/jre/lib/i386/jli/libjli.so
b7728000-b7729000 rw-p 00000000 00:00 0 
b7729000-b7740000 r-xp 00000000 08:01 1718828    /lib/i386-linux-gnu/libpthread-2.15.so
b7740000-b7741000 r--p 00016000 08:01 1718828    /lib/i386-linux-gnu/libpthread-2.15.so
b7741000-b7742000 rw-p 00017000 08:01 1718828    /lib/i386-linux-gnu/libpthread-2.15.so
b7742000-b7744000 rw-p 00000000 00:00 0 
b7744000-b7747000 r--s 00012000 08:01 396691     /home/norut/workspace/CommModule4.0/lib/IRGlanceLibrary.jar
b7747000-b774e000 r-xp 00000000 08:01 1718821    /lib/i386-linux-gnu/libnss_compat-2.15.so
b774e000-b774f000 r--p 00006000 08:01 1718821    /lib/i386-linux-gnu/libnss_compat-2.15.so
b774f000-b7750000 rw-p 00007000 08:01 1718821    /lib/i386-linux-gnu/libnss_compat-2.15.so
b7750000-b7751000 rw-p 00000000 00:00 0 
b7751000-b7752000 r--p 00000000 00:00 0 
b7752000-b775d000 r-xp 00000000 08:01 3546558    /usr/lib/jvm/java-6-openjdk-i386/jre/lib/i386/libverify.so
b775d000-b775e000 ---p 0000b000 08:01 3546558    /usr/lib/jvm/java-6-openjdk-i386/jre/lib/i386/libverify.so
b775e000-b775f000 r--p 0000b000 08:01 3546558    /usr/lib/jvm/java-6-openjdk-i386/jre/lib/i386/libverify.so
b775f000-b7760000 rw-p 0000c000 08:01 3546558    /usr/lib/jvm/java-6-openjdk-i386/jre/lib/i386/libverify.so
b7760000-b7762000 rw-p 00000000 00:00 0 
b7762000-b7763000 r-xp 00000000 00:00 0          [vdso]
b7763000-b7783000 r-xp 00000000 08:01 1703996    /lib/i386-linux-gnu/ld-2.15.so
b7783000-b7784000 r--p 0001f000 08:01 1703996    /lib/i386-linux-gnu/ld-2.15.so
b7784000-b7785000 rw-p 00020000 08:01 1703996    /lib/i386-linux-gnu/ld-2.15.so
bfa93000-bfab3000 rwxp 00000000 00:00 0          [stack]
bfab3000-bfab4000 rw-p 00000000 00:00 0 

VM Arguments:
jvm_args: -Dfile.encoding=UTF-8 
java_command: test.TestGrande
Launcher Type: SUN_STANDARD

Environment Variables:
PATH=/usr/local/sbin:/usr/local/bin:/usr/sbin:/usr/bin:/sbin:/bin
USERNAME=root
LD_LIBRARY_PATH=/usr/lib/jvm/java-6-openjdk-i386/jre/lib/i386/server:/usr/lib/jvm/java-6-openjdk-i386/jre/lib/i386:/usr/lib/jvm/java-6-openjdk-i386/jre/../lib/i386:/usr/lib/jvm/java-6-openjdk-i386/jre/lib/i386/client:/usr/lib/jvm/java-6-openjdk-i386/jre/lib/i386:
SHELL=/bin/bash
DISPLAY=:0.0

Signal Handlers:
SIGSEGV: [libjvm.so+0x66a190], sa_mask[0]=0x7ffbfeff, sa_flags=0x10000004
SIGBUS: [libjvm.so+0x66a190], sa_mask[0]=0x7ffbfeff, sa_flags=0x10000004
SIGFPE: [libjvm.so+0x52e0f0], sa_mask[0]=0x7ffbfeff, sa_flags=0x10000004
SIGPIPE: [libjvm.so+0x52e0f0], sa_mask[0]=0x7ffbfeff, sa_flags=0x10000004
SIGXFSZ: [libjvm.so+0x52e0f0], sa_mask[0]=0x7ffbfeff, sa_flags=0x10000004
SIGILL: [libjvm.so+0x52e0f0], sa_mask[0]=0x7ffbfeff, sa_flags=0x10000004
SIGUSR1: SIG_DFL, sa_mask[0]=0x00000000, sa_flags=0x00000000
SIGUSR2: [libjvm.so+0x52df80], sa_mask[0]=0x00000004, sa_flags=0x10000004
SIGHUP: [libjvm.so+0x531020], sa_mask[0]=0x7ffbfeff, sa_flags=0x10000004
SIGINT: [libjvm.so+0x531020], sa_mask[0]=0x7ffbfeff, sa_flags=0x10000004
SIGTERM: [libjvm.so+0x531020], sa_mask[0]=0x7ffbfeff, sa_flags=0x10000004
SIGQUIT: [libjvm.so+0x531020], sa_mask[0]=0x7ffbfeff, sa_flags=0x10000004


---------------  S Y S T E M  ---------------

OS:Ubuntu 12.04 (precise)
uname:Linux 3.2.0-24-generic-pae #37-Ubuntu SMP Wed Apr 25 10:47:59 UTC 2012 i686
libc:glibc 2.15 NPTL 2.15 
rlimit: STACK 8192k, CORE 0k, NPROC 28829, NOFILE 4096, AS infinity
load average:4.91 4.85 3.76

/proc/meminfo:
MemTotal:        3704712 kB
MemFree:          376528 kB
Buffers:          258028 kB
Cached:          1127216 kB
SwapCached:          124 kB
Active:          1803960 kB
Inactive:         894636 kB
Active(anon):    1206304 kB
Inactive(anon):   118724 kB
Active(file):     597656 kB
Inactive(file):   775912 kB
Unevictable:          64 kB
Mlocked:              64 kB
HighTotal:       2866716 kB
HighFree:         184596 kB
LowTotal:         837996 kB
LowFree:          191932 kB
SwapTotal:       3778556 kB
SwapFree:        3778404 kB
Dirty:                56 kB
Writeback:             0 kB
AnonPages:       1313376 kB
Mapped:           287512 kB
Shmem:             11500 kB
Slab:             103276 kB
SReclaimable:      84624 kB
SUnreclaim:        18652 kB
KernelStack:        3880 kB
PageTables:        12128 kB
NFS_Unstable:          0 kB
Bounce:                0 kB
WritebackTmp:          0 kB
CommitLimit:     5630912 kB
Committed_AS:    3682180 kB
VmallocTotal:     122880 kB
VmallocUsed:       34688 kB
VmallocChunk:      83644 kB
HardwareCorrupted:     0 kB
AnonHugePages:         0 kB
HugePages_Total:       0
HugePages_Free:        0
HugePages_Rsvd:        0
HugePages_Surp:        0
Hugepagesize:       2048 kB
DirectMap4k:        8184 kB
DirectMap2M:      905216 kB


CPU:total 2 (2 cores per cpu, 1 threads per core) family 20 model 1 stepping 0, cmov, cx8, fxsr, mmx, sse, sse2, sse3, ssse3, popcnt, mmxext, lzcnt, sse4a

Memory: 4k page, physical 3704712k(376404k free), swap 3778556k(3778404k free)

vm_info: OpenJDK Server VM (20.0-b12) for linux-x86 JRE (1.6.0_24-b24), built on Apr 13 2012 01:06:51 by "buildd" with gcc 4.6.3

time: Fri May 11 09:11:31 2012
elapsed time: 203 seconds

